epoch	loss	acc	certified
0	5.304402929229736	0.006240000000298024	0.006240000000298024
1	5.157068412780761	0.012890000002384185	0.012890000002384185
2	4.9279941804504395	0.028090000000149013	0.028090000000149013
3	4.787695070343018	0.042670000000298025	0.042670000000298025
4	4.653428858947754	0.05786000000715256	0.05786000000715256
5	4.57582784362793	0.06778	0.06778
6	4.515245660095215	0.07532	0.07532
7	4.454940100402832	0.08393999999761581	0.08393999999761581
8	4.40236082611084	0.09036000000476838	0.09036000000476838
9	4.35446400100708	0.09824999999761581	0.09824999999761581
10	4.309626003265381	0.10548999999761581	0.10548999999761581
11	4.2670475277709965	0.1111	0.1111
12	4.228518598937988	0.11626000000715256	0.11626000000715256
13	4.189984740600586	0.12241000000476837	0.12241000000476837
14	4.156516389007568	0.1280899999976158	0.1280899999976158
15	4.122939837188721	0.13286000000476836	0.13286000000476836
16	4.091560631256104	0.13674000000476838	0.13674000000476838
17	4.0611391545104985	0.1411700000143051	0.1411700000143051
18	4.031487034301758	0.14646000000476836	0.14645000000476838
19	4.000748836517334	0.1519299999976158	0.1519299999976158
20	3.9817493144989013	0.15657000001430513	0.15657000001430513
21	3.9549251054382326	0.15790000000476836	0.15787000000476836
22	3.93160601852417	0.16325000000953674	0.16322000000953674
23	3.9117769004058838	0.16709	0.16706
24	3.894509349899292	0.16992000000476837	0.16991000000476836
25	3.877030934829712	0.17360000000476838	0.17360000000476838
26	3.8561891666412356	0.17755	0.17754
27	3.8435256759643557	0.17881	0.17876
28	3.823555662536621	0.18344	0.18339
29	3.8125548983001707	0.18582	0.18579
30	3.793117410583496	0.18655000000476837	0.18649000000476837
31	3.7847244509887696	0.18902999999523162	0.18900999999523163
32	3.7670616376495363	0.19298000001430513	0.1929300000143051
33	3.755582242355347	0.19428999999523164	0.19423999999523162
34	3.7460204858398436	0.19716999999523163	0.19708999999523164
35	3.7340991542053223	0.20065	0.20056
36	3.7213024700164796	0.20024000000953673	0.20017000000953675
37	3.714783753814697	0.20341000000715256	0.20323000000715255
38	3.7031407533264162	0.2047	0.2046
39	3.698461474914551	0.20598000002861022	0.20588000002861023
40	3.6867371295166014	0.20837000000953673	0.20821000000953674
41	3.6824669091033937	0.20865000002861023	0.20837000002861022
42	3.6668759879302977	0.21015	0.20995
43	3.663107537460327	0.21162	0.21127
44	3.6512289055633547	0.21433999999523162	0.21415000000476836
45	3.647395728378296	0.21304999999523164	0.21276999999523163
46	3.6379794410705566	0.21672000002861022	0.21646000002861024
47	3.632167268295288	0.21838999999523162	0.21810999999523162
48	3.622082490463257	0.21983	0.21939
49	3.6161997295379638	0.22099999999523162	0.22048999999523164
50	3.6062766431427002	0.22308000000953673	0.22256000000953674
51	3.6002636520385742	0.22395	0.22349
52	3.592715214767456	0.22618999999523162	0.22568999999523162
53	3.5891916218566893	0.22694000000953674	0.22632999999523162
54	3.5767681078338622	0.22789	0.22721
55	3.5722750818634035	0.22917	0.22844
56	3.5680968674468994	0.23169	0.23116
57	3.5613395164489745	0.23196000000476838	0.23124000000476838
58	3.5545921601867674	0.23298999999523162	0.23193000000476838
59	3.547234940109253	0.23411000000953675	0.23337000000953675
60	3.5395730739593505	0.23603	0.23491
61	3.5344230056762695	0.23593	0.23497000000953674
62	3.5309163906097414	0.23737	0.23612
63	3.527103704147339	0.23797	0.23678
64	3.522414829864502	0.23814999999523162	0.23689999999523162
65	3.514702246322632	0.24210000000953674	0.24076000000953673
66	3.5139971215820314	0.23994999999523162	0.23857999999523163
67	3.504020435333252	0.2428900000143051	0.24102000001430512
68	3.505028771209717	0.24402	0.24248999999523163
69	3.4963443628692628	0.24260999999523164	0.24068999999523163
70	3.4913899815368654	0.24553999999523163	0.24362000000476838
71	3.495609700164795	0.24391999999046327	0.24181000000953673
72	3.4857516120147705	0.24516	0.24293
73	3.4798460305023196	0.24736000002861022	0.24525999999046325
74	3.476001345977783	0.24906	0.24655
75	3.472963771133423	0.24872000000476838	0.24623000000476838
76	3.4659518617248537	0.24993999999523162	0.24730000000476837
77	3.4633242778778075	0.24939	0.24635
78	3.455418529586792	0.2524000000095367	0.24968000000476837
79	3.4563088092803955	0.25265000000953675	0.24946000000953675
80	3.448736903076172	0.25181	0.24853999999523163
81	3.452906305770874	0.25194000000953676	0.24841000000953675
82	3.447505248413086	0.25712	0.25309000000953674
83	3.436736550064087	0.25531999999523164	0.25136999999523163
84	3.438773835067749	0.25516000001907346	0.25101000002861024
85	3.4321420881652833	0.25715000000953675	0.2525900000190735
86	3.4308829329681396	0.2586600000143051	0.25393000000953675
87	3.426044500427246	0.2597899999952316	0.2549599999952316
88	3.424751647949219	0.25933000000953677	0.2546300000190735
89	3.4194968393707277	0.2601400000190735	0.2548200000190735
90	3.416676273498535	0.26075000000953674	0.25510000000476835
91	3.4157223363494875	0.2599900000286102	0.25420999999046323
92	3.410239878463745	0.2609	0.2544
93	3.4099238285827638	0.2627299999952316	0.25649999999523165
94	3.407601779174805	0.26315	0.25655
95	3.4032267742156983	0.26345	0.2569
96	3.396741409912109	0.26479000000953673	0.2573400000095367
97	3.4002136880493166	0.26348	0.25619
98	3.3910420840454103	0.2653200000143051	0.25776000000953675
99	3.3894210865020753	0.2668600000286102	0.25894
100	3.3767263078308107	0.26717999999046327	0.2586300000190735
101	3.359932622680664	0.26857	0.25932000000476835
102	3.335049217224121	0.267	0.2569600000095367
103	3.3174699951934814	0.2682500000143051	0.2583900000143051
104	3.3008414094543457	0.26874000000953674	0.2577300000143051
105	3.281225317840576	0.27104	0.2596200000095367
106	3.2595355738830567	0.27031000000476835	0.2587100000143051
107	3.2349357064819335	0.27356000000953673	0.2610900000286102
108	3.2224199745178224	0.27184	0.2587300000095367
109	3.200882858657837	0.27340000002861026	0.2595300000190735
110	3.185277788619995	0.27408999999523165	0.2602000000047684
111	3.1717471142578124	0.27464	0.25944000000953676
112	3.1507787355041503	0.27351000000953674	0.2581400000190735
113	3.132534135055542	0.27402000000953675	0.25809999999523164
114	3.111370000915527	0.27618000000953674	0.2598000000047684
115	3.0949519203186036	0.2779500000190735	0.2601000000143051
116	3.0814025694274902	0.2769200000286102	0.2582000000143051
117	3.0617536142730715	0.27870000000476836	0.2597800000143051
118	3.045559002456665	0.27924999999046324	0.25969999999523163
119	3.0258864083099364	0.2777399999904633	0.25849999999523166
120	3.0067828731536865	0.27854999999046326	0.2582500000143051
121	2.992604223327637	0.28108999999046325	0.2594699999952316
122	2.9767366148376464	0.2785099999904633	0.25606000000953677
123	2.9605608612823486	0.2809600000190735	0.25757
124	2.943770447845459	0.2802	0.25564000000953674
125	2.9277608668518065	0.28181	0.2563499999952316
126	2.9149432354736327	0.2820600000190735	0.25597999999523163
127	2.898435947799683	0.28391999999046325	0.2564800000190735
128	2.8781236431884767	0.28371999999046327	0.2556900000047684
129	2.859187395629883	0.28404999999046326	0.2547900000095367
130	2.842453436279297	0.2845600000286102	0.2545100000095367
131	2.8294208139038086	0.28547	0.2537
132	2.819581322631836	0.2869600000190735	0.2549600000095367
133	2.802249708480835	0.28773000000953675	0.2542000000143051
134	2.7859167098999023	0.28564000000953677	0.25150999999046325
135	2.769980260772705	0.28870000000476836	0.25330000000953673
136	2.7538919512939453	0.2887	0.25198999999046323
137	2.740372377319336	0.28793000002861024	0.25123000000953677
138	2.724603330383301	0.28843000002861024	0.25123000000953677
139	2.7093656484222413	0.2900900000095367	0.2502800000143051
140	2.703501650619507	0.28996000001907346	0.24935
141	2.687239415130615	0.29052000001907347	0.24834999999523164
142	2.671993458633423	0.2905400000047684	0.2481400000143051
143	2.6543852785491944	0.2923200000190735	0.2476900000190735
144	2.6372369301605225	0.29300999999046323	0.24719999999046327
145	2.627860111846924	0.29305000000953674	0.24638000000953675
146	2.614633773651123	0.2942800000190735	0.24565
147	2.602699340209961	0.2940499999904633	0.24470000000953673
148	2.589578534317017	0.2953200000190735	0.24539000000953673
149	2.574257456512451	0.29608	0.24385000000953674
150	2.5603581546783447	0.2959399999904633	0.24242999999523163
151	2.5473049293518066	0.29609	0.24070000000953673
152	2.534263238067627	0.29559000002861024	0.23971
153	2.5240428062438967	0.29507999999046325	0.23732000001430512
154	2.5111970877075196	0.29665000000953673	0.2380400000190735
155	2.497569491958618	0.29682	0.23726000000953673
156	2.487101963119507	0.2982300000286102	0.23743
157	2.474799511947632	0.29695999999046324	0.23545000000953675
158	2.4608519313812254	0.30085000000953677	0.23582000000476838
159	2.4477849211120604	0.29903000002861024	0.23410000001430512
160	2.434354874420166	0.29914	0.23256
161	2.4268852323150636	0.29826000002861025	0.23028
162	2.413093645019531	0.30083	0.23138
163	2.4037937545776367	0.3001800000143051	0.22911
164	2.3923406199645996	0.29979	0.22774000000476838
165	2.380543837814331	0.30215000000953673	0.22807000000476838
166	2.365693905258179	0.30232	0.2257700000190735
167	2.355191763305664	0.30104000000953673	0.22393
168	2.349495467071533	0.30222	0.22401000001430513
169	2.3367429821777344	0.30356	0.22342000000476836
170	2.321639413986206	0.30429000002861023	0.22128000001430512
171	2.315025951309204	0.3046400000095367	0.2213600000143051
172	2.304706288146973	0.3037300000286102	0.21847999999523163
173	2.292692440032959	0.30585	0.21887000001430512
174	2.2806782469940186	0.30606000001907346	0.21802999999523162
175	2.268609677734375	0.30587000000953674	0.21681000000953674
176	2.262834559020996	0.3061100000286102	0.21429000000476836
177	2.252108920059204	0.30593000000953674	0.21290999999523164
178	2.2443004318237305	0.30574000002861024	0.21113000001430512
179	2.2317933893585207	0.3040200000095367	0.21083000001907348
180	2.2237462873840332	0.30646	0.21013000000953674
181	2.2123286042022703	0.30770000002861025	0.20896000000953674
182	2.203649543914795	0.30791999999046327	0.20858000000476837
183	2.196138265838623	0.30855000000953675	0.20385999999523163
184	2.18299741645813	0.3067400000095367	0.2052
185	2.1771518222808837	0.30743	0.20315000000476838
186	2.1656205340576173	0.30747	0.20260999999523163
187	2.1546258557128906	0.30593	0.20152
188	2.144356358947754	0.30850000000953676	0.20066999999523163
189	2.134997329711914	0.3070300000190735	0.19785000000476838
190	2.1292755547332765	0.30728	0.19629000000476837
191	2.1237789542388916	0.3094400000143051	0.19567000000476836
192	2.1154301699066163	0.30715000000953674	0.19316000000953673
193	2.1030369874572754	0.30763000002861024	0.19358000000476838
194	2.094491319503784	0.3074	0.19093
195	2.0844836869812013	0.3077900000190735	0.19079
196	2.0783143489837648	0.30932999999046323	0.18976999999523164
197	2.0690764285278322	0.3102700000190735	0.18694
198	2.059571193771362	0.3099300000190735	0.18598000001430512
199	2.05418625579834	0.3092800000286102	0.18479000001430512
200	2.0474825665283203	0.3089700000190735	0.18239999999523163
201	2.035625152282715	0.30953000002861025	0.18289000000476838
202	2.031753546409607	0.31087000000953674	0.18173999999523163
203	2.02339717338562	0.30988	0.17946000000953674
204	2.014004918670654	0.31103	0.17952000000953675
205	2.0063504262161254	0.31163	0.17923000000476838
206	1.9971672560882567	0.3095100000190735	0.17694000001430513
207	1.9895217273330688	0.3093100000190735	0.17585000000953674
208	1.980827327270508	0.30915999999046323	0.17624000001430512
209	1.9718147163009643	0.3103200000190735	0.17535000000953674
210	1.9670280554962158	0.31051000000953677	0.17302
211	1.9576824914932252	0.31024000002861024	0.17204
212	1.9518937615966796	0.31075000000953673	0.17039000001430513
213	1.9444907227325439	0.3102599999904633	0.17001000000715255
214	1.9386847156524658	0.30999	0.16825000000953674
215	1.926931635284424	0.31162999999046326	0.16855
216	1.9209596236801147	0.31075000002861025	0.16625000000476836
217	1.916127144088745	0.3102400000190735	0.16490000000476837
218	1.9049267224884032	0.30919000002861025	0.16447000000476839
219	1.8967064653778076	0.30928000000953676	0.16448000000476837
220	1.8924726528930664	0.31037	0.16499000000476838
221	1.8851832969665527	0.3097100000190735	0.16238000000715255
222	1.8769941548919677	0.3097600000047684	0.1617700000143051
223	1.8701638594436645	0.30843000000953674	0.16209000001430512
224	1.8638681424713135	0.30942000002861025	0.15914
225	1.8590536531448365	0.3102800000286102	0.15790000000953675
226	1.8473844374084472	0.30913	0.15950000000238418
227	1.8429361624908447	0.31033999999046324	0.15872
228	1.834977205581665	0.3079300000286102	0.15581000000953674
229	1.8290941923904418	0.31018000000476836	0.15577999999761583
230	1.8208688799667359	0.31051	0.15656000001430512
231	1.8125678971099854	0.30796000002861024	0.15501000001430512
232	1.8066190672302247	0.30883	0.15437
233	1.7971752214431762	0.30900999999046325	0.15419
234	1.7949372435379027	0.30860000000953675	0.15218000000476836
235	1.787497154159546	0.31005999999046324	0.15296000001430513
236	1.7801523433685302	0.30912000001907347	0.1530500000143051
237	1.7740736241912842	0.3090200000095367	0.15233000000476837
238	1.771451955757141	0.30888999999046324	0.15013
239	1.7601011239624023	0.3074200000190735	0.14922000000476837
240	1.752898005027771	0.3073600000190735	0.14969999999523162
241	1.7469953690719604	0.30828999999046325	0.1489299999976158
242	1.739437534942627	0.30656000000476835	0.14771000000476836
243	1.7357700828933715	0.31068	0.14786999999523162
244	1.7280865376281738	0.30681000000953673	0.14671000001430512
245	1.7214035356903077	0.30732	0.14783
246	1.7141559550857544	0.30641999999046327	0.14665000001430512
247	1.7076983158874512	0.3083200000286102	0.14709000000476838
248	1.7013273781204223	0.30544	0.14488999999523164
249	1.6936128044128418	0.30639999999046325	0.14517000000715255
250	1.6857483946990968	0.3054600000190735	0.14507000000715256
251	1.6826789373397828	0.30623	0.14388000000476836
252	1.6758604990005492	0.30547	0.14464999999761582
253	1.6667085820007324	0.3037800000286102	0.14435000001430512
254	1.6619107917404174	0.3057700000190735	0.14438000001430512
255	1.6566720739364624	0.30586000002861025	0.14253999999761582
256	1.6487737587356568	0.30531000002861025	0.1408700000143051
257	1.6428429689025879	0.30448	0.14196000000476838
258	1.6394375909423828	0.3053800000190735	0.14058999999761582
259	1.6297344549179078	0.30431000000953673	0.14159
260	1.6246743810272217	0.3042500000190735	0.14017000000953675
261	1.6191679870605469	0.30401000000953676	0.13979999999523163
262	1.612676590461731	0.30349000000953674	0.13991000000476836
263	1.605629637527466	0.3011099999904633	0.14046000001430511
264	1.5990038426971436	0.3018200000286102	0.13912000000953675
265	1.5951721479797363	0.30414999999046327	0.13981
266	1.5887963962554932	0.30320000002861025	0.1402600000143051
267	1.5780464283370972	0.3040499999904633	0.14033000001430512
268	1.5747002960205079	0.30205	0.13859
269	1.565521803894043	0.2990499999904633	0.13749000000476838
270	1.563305210723877	0.3013600000095367	0.13825000001430512
271	1.5548840128707886	0.3017700000190735	0.13947000000715257
272	1.5515927919387817	0.3021400000190735	0.13805
273	1.5465386986923217	0.3002300000143051	0.13637
274	1.5384258191680908	0.30096000002861023	0.1374800000023842
275	1.5315680309295654	0.30054	0.13752000000238418
276	1.527071230506897	0.29985000000953677	0.1367600000143051
277	1.5202884805297852	0.29958	0.13699000000238418
278	1.5155122483825683	0.2988700000190735	0.13706
279	1.5098772423171998	0.29933999999523164	0.1372600000023842
280	1.502092438697815	0.29862000000953676	0.1369199999976158
281	1.4956459673690796	0.2978100000095367	0.13612000000715255
282	1.4927404919052123	0.29867	0.13591000000953674
283	1.4855447426986694	0.2968300000286102	0.13535999999523163
284	1.477711900138855	0.2973400000190735	0.13501
285	1.4737846382141113	0.2960300000095367	0.13521000000476838
286	1.4694365343475342	0.2963700000095367	0.1349799999976158
287	1.4634106591415406	0.2977300000286102	0.13557000000953676
288	1.4568643714141847	0.2962700000190735	0.13558000001430512
289	1.4511410131835938	0.29646	0.13535
290	1.4482649629974365	0.2972100000047684	0.1349199999976158
291	1.4423895133972169	0.29642999999046327	0.13433000000476839
292	1.4325048587036133	0.29510000000953673	0.13509000000476837
293	1.4269075944900513	0.29404000000953673	0.13410000000238417
294	1.4234130902099609	0.29529000000953676	0.13479
295	1.4161984337997437	0.29366000000953674	0.13478000000476836
296	1.4116624558258057	0.29287	0.13369000000476838
297	1.4064213957214355	0.2934400000190735	0.13292
298	1.400382569465637	0.29381	0.13500000000476836
299	1.3933944197845458	0.2913399999904633	0.13427000000476838
300	1.3906010721588136	0.29252999999046325	0.13319000001430512
301	1.383635009765625	0.29173999999046324	0.13322
302	1.3794590450286865	0.29162	0.13288000000953673
303	1.3739815524291992	0.29199	0.13420000001430513
304	1.3665018560028077	0.2900000000190735	0.13363
305	1.3628674993896484	0.29096999999523165	0.13256
306	1.3576040438842774	0.2912500000190735	0.13409999999761582
307	1.3503464447402953	0.29	0.13476000000715255
308	1.3472764125061034	0.29022	0.13355000001430511
309	1.3418406156539917	0.2909200000190735	0.13389000000715257
310	1.3343177686309815	0.28859000002861024	0.13352
311	1.3290070119476318	0.28924000001907346	0.13443000000476837
312	1.325006893234253	0.2894000000190735	0.13352000000715256
313	1.3198125536346434	0.28971000002861025	0.13334
314	1.3124073038101196	0.28690999999046324	0.1328200000143051
315	1.3106574336624146	0.28986	0.13414000000715257
316	1.3031125246429442	0.28577000000953673	0.1338299999976158
317	1.2999204907226563	0.28783000000953674	0.13456000000476837
318	1.2948927804565429	0.28661000002861026	0.1336800000143051
319	1.2881659027481078	0.2875600000286102	0.1356999999976158
320	1.2835351384353637	0.28502000001907346	0.13464999999523164
321	1.2766140302276612	0.28413	0.13485000000476838
322	1.2723288108062745	0.2853700000095367	0.13423000000476837
323	1.2662357920837402	0.28517999999523164	0.1344
324	1.2619325888824462	0.28524	0.13416000000715256
325	1.2572752658081054	0.28462000000953674	0.13382000000715255
326	1.2502574194335938	0.28341000000953676	0.13524000000476838
327	1.2483166186523438	0.2852600000190735	0.13475000000715256
328	1.242098759765625	0.28396000000953675	0.13418999999761583
329	1.2367703462219237	0.28398	0.13323000000476837
330	1.2331096178436278	0.28417000000953674	0.13371
331	1.2260778191757202	0.2833800000095367	0.1344900000143051
332	1.2237205821609498	0.2843700000095367	0.1344000000143051
333	1.2174538148498535	0.28177	0.13402000000476838
334	1.2121742366409303	0.28149000002861024	0.13329999999761583
335	1.2048612303543091	0.28010000002861024	0.13563000000715256
336	1.201973722114563	0.28200999999523163	0.1349800000023842
337	1.197155438079834	0.28199000001430513	0.13649000000238418
338	1.1937185232543945	0.28269	0.13551
339	1.1858063790130615	0.27956000000953674	0.13529
340	1.1813778415679932	0.27961000001430514	0.13521
341	1.1758357412338256	0.27948000000953677	0.13552000000238418
342	1.1729289077377318	0.28014999999046325	0.13541000000476838
343	1.1685710623168946	0.28003999999046325	0.13420000000953675
344	1.1660980854034424	0.2810100000190735	0.13545
345	1.1602723949813842	0.2801600000190735	0.1350400000143051
346	1.1558245949935912	0.27859000000953676	0.13423000000953675
347	1.150137640914917	0.27829999999523164	0.13408
348	1.1447153150177003	0.27828	0.13561000000476836
349	1.141518576965332	0.2787199999952316	0.13579000000715255
350	1.1359624365615846	0.27809000000953676	0.13557
351	1.1325963852310181	0.2789700000143051	0.13633000000476836
352	1.126844687614441	0.2787800000047684	0.13688000001430511
353	1.12173171043396	0.27746999999523164	0.1361800000143051
354	1.118381300506592	0.27764000000953676	0.13572000000476836
355	1.1144633866119384	0.2779400000095367	0.13608000000476836
356	1.1083653187561036	0.27743000000953677	0.1365100000143051
357	1.1035854640579223	0.27636000000953675	0.13568000000715255
358	1.1007400157165528	0.27791999999523165	0.13630000000476838
359	1.0962242545700074	0.27696	0.13600000000476836
360	1.0888123163223267	0.27573	0.13787
361	1.087593184967041	0.27647000000953675	0.1359600000143051
362	1.0831387893295288	0.27578	0.13655000000476838
363	1.077934674835205	0.27564999999046325	0.13705000000476839
364	1.0728515242004395	0.2746300000286102	0.13640999999523162
365	1.069901130065918	0.27687000000953677	0.13829999999523163
366	1.0636780432891846	0.27435	0.13754000000476838
367	1.0613226363754273	0.27454000000953677	0.13733000001430512
368	1.0568797624969481	0.27424000000953674	0.13663
369	1.052525470046997	0.2759899999952316	0.13707000000476838
370	1.0472745862579347	0.2731900000047684	0.13716
371	1.0419252560043335	0.2724899999952316	0.13781
372	1.0396848528671265	0.27365999999046325	0.13668
373	1.0361491564178467	0.27522000002861025	0.13724000000476838
374	1.029501576423645	0.27283999999046327	0.13791000001430512
375	1.0288126465606688	0.2735999999952316	0.13756
376	1.0226638525390626	0.27338000002861024	0.13827000000715256
377	1.0184430543899536	0.27199000002861023	0.13798000000476837
378	1.0141600289916992	0.2721400000190735	0.13792000001430513
379	1.0093953283309935	0.2706500000286102	0.13658
380	1.0089251051712036	0.2728600000143051	0.13756000000476837
381	1.0033269159698486	0.27268	0.13787000000476837
382	0.9965731502342224	0.2702	0.13798000000476837
383	0.9936911257934571	0.2712199999952316	0.13766000000476838
384	0.9912604567146301	0.27037000001907346	0.13732
385	0.9854329279518127	0.27059000001907346	0.13887
386	0.9817131233596802	0.27006000002861025	0.13875000000715257
387	0.9786339973449707	0.26942	0.13683000000476836
388	0.9735260060882568	0.26888000000953677	0.1372100000143051
389	0.9703876750183106	0.26919	0.13672000000715256
390	0.9649384245681762	0.2700300000190735	0.13879000000715255
391	0.9636837760543824	0.27117	0.13924000001430512
392	0.9587305075836182	0.2697400000190735	0.13834000000953675
393	0.9544370469665527	0.2687400000286102	0.13828999999523162
394	0.9525169585037232	0.26935000000953674	0.1383299999976158
395	0.9474489219665527	0.2682500000286102	0.13726999999523162
396	0.9423320491981506	0.2685700000190735	0.13898
397	0.9393956020927429	0.26747999999046324	0.13881000000476837
398	0.9360928652191162	0.2685799999904633	0.13871000000953673
399	0.9321889866447449	0.2678600000143051	0.13870999999761582
400	0.9274739273262024	0.26706000002861024	0.1392100000143051
401	0.9270246430778504	0.2684700000286102	0.13872000000476836
402	0.9219249660491944	0.26788000002861023	0.1392100000143051
403	0.9186362943458557	0.2681200000190735	0.13997000001430512
404	0.9129232379531861	0.2670700000190735	0.13900000000953674
405	0.912591614112854	0.2681300000286102	0.13861000000476836
406	0.9061338314437867	0.26635999999523163	0.13871000000476838
407	0.9023052864837646	0.2671900000286102	0.14018000000476838
408	0.8982372489356995	0.2658400000095367	0.14039
409	0.8944830319213867	0.26639	0.14005000000476836
410	0.8899286855697632	0.2647500000047684	0.13851000000715255
411	0.8896016537094116	0.26734	0.13999000001430512
412	0.8833765348243713	0.2658900000095367	0.14033000000476836
413	0.8816056706809997	0.26539	0.13909000000715255
414	0.8781184854507447	0.26586000000953675	0.13950000001430513
415	0.8743360493850708	0.26517	0.13997000001430512
416	0.8683697900009155	0.2638	0.1393299999976158
417	0.8678602239608765	0.26487	0.14011000000476836
418	0.8621645334625244	0.26431999999046324	0.13996000000715256
419	0.8583526439094543	0.2636400000286102	0.13989000000953675
420	0.8562948333740235	0.26338000002861023	0.13966000000953674
421	0.8531778187561035	0.26432000000953676	0.1405199999976158
422	0.8502131332397461	0.2639600000190735	0.14032000000476838
423	0.847271624507904	0.26352999999523163	0.13997000000953674
424	0.8427606454086304	0.2639700000190735	0.14162
425	0.8367755969810485	0.2618000000047684	0.14092000000715255
426	0.8387889860343933	0.26399000000953676	0.13946999999523163
427	0.8341878182983399	0.26389000002861024	0.14063000000953674
428	0.8295896854019165	0.2613600000047684	0.1387900000143051
429	0.8283772598457336	0.26357999999523163	0.1402499999976158
430	0.8251505194473266	0.26361	0.14047000000476836
431	0.8199664113235474	0.26245000001430513	0.14146000000715256
432	0.8178919756317139	0.2629800000286102	0.1405400000143051
433	0.8155557425689697	0.2625500000143051	0.14024
434	0.8112147927856446	0.26276000001907346	0.14110000000715256
435	0.8050256373596192	0.2608900000190735	0.14148000000476837
436	0.8035005857658386	0.26198000000953675	0.14238000000476836
437	0.8021407693481445	0.26217	0.14086999999523162
438	0.7984708152770996	0.26103999999046323	0.14109999999523162
439	0.7932747644615173	0.26079	0.14153000000476837
440	0.7901948874855041	0.2608	0.14186
441	0.7901712957572937	0.26161000000953677	0.14069
442	0.7876440485000611	0.26232	0.14228999999523162
443	0.7832496139144898	0.26083	0.14059
444	0.778996833152771	0.26028999999046326	0.14078
445	0.7752712987518311	0.25922000000953677	0.14105999999523164
446	0.7769688685035706	0.2625100000047684	0.14148000000476837
447	0.7716846201705932	0.26152	0.14258
448	0.7681907137680054	0.26082000001907346	0.14226000000476838
449	0.7646964036178588	0.2594700000143051	0.14171000000715256
450	0.7621896934127808	0.2604	0.14141000001430512
451	0.7582259082984925	0.2597700000143051	0.14263999999523164
452	0.7554709031867981	0.25966000000476835	0.1411699999976158
453	0.7538518300247192	0.2601700000190735	0.14092
454	0.7499371612548829	0.25823	0.14175000000476837
455	0.7469821795654297	0.25863	0.14153000000715255
456	0.7438508298301697	0.2600599999952316	0.14293000000715256
457	0.7417399646949768	0.2584000000095367	0.14154
458	0.7392529351043701	0.2590899999904633	0.1423700000143051
459	0.7350100481987	0.2588399999952316	0.14309
460	0.7349936060333252	0.25927000000476835	0.14143000000476838
461	0.7300915993499756	0.25857	0.14354
462	0.7285248602104187	0.2588600000190735	0.14266000000476836
463	0.7234275749778748	0.2573500000190735	0.14215
464	0.721366125125885	0.2577499999904633	0.1430300000143051
465	0.7192135491943359	0.25768999999046327	0.14157000000476838
466	0.7146614581298828	0.25749999999523165	0.1424200000143051
467	0.7141641391944885	0.25868999999046327	0.14208000000476836
468	0.7119093137168885	0.2584699999952316	0.14239000000476837
469	0.7072204954528809	0.25694000000476835	0.1422200000023842
470	0.7052162189865112	0.2573999999952316	0.14278000000953675
471	0.702113590183258	0.25711000000953677	0.14289
472	0.7008323092651367	0.25765999999046324	0.14301
473	0.6995320057678223	0.25794	0.14211000000476837
474	0.6936692935943604	0.25631000000953674	0.14244
475	0.6932583908081055	0.2566200000190735	0.14181999999761583
476	0.6913726469802857	0.25771999999523165	0.1433300000023842
477	0.6880600644302368	0.2570600000143051	0.14321000000476838
478	0.6845501001739502	0.25618000002861024	0.14339999999523162
479	0.681301199798584	0.2551	0.14076000000476838
480	0.6791434016227722	0.2557600000190735	0.14270000000476837
481	0.6774627003479003	0.25610000001907346	0.14361000001430513
482	0.6735564636802673	0.25545	0.14353
483	0.6712416373825073	0.25605000001907346	0.14349000000953674
484	0.668676441001892	0.25568000000476837	0.14397000000715257
485	0.6665873631477356	0.25492999999523164	0.14410000000476836
486	0.6625470525360108	0.25482	0.1435400000143051
487	0.6617523417854309	0.2543600000047684	0.1425300000143051
488	0.6596777456283569	0.25614	0.14390000000476838
489	0.6539744569969177	0.2532399999952316	0.14332000000238418
490	0.6550181311035156	0.25554	0.14285
491	0.6506048001098633	0.2544300000047684	0.14339000000476837
492	0.6495906133079529	0.2545899999904633	0.1432300000143051
493	0.6458616383361816	0.2537900000190735	0.14375
494	0.6425566798973084	0.25385000001430513	0.14400000000715255
495	0.6419259272384643	0.25356000000953677	0.14341000000476836
496	0.6389553672790528	0.25388000000953675	0.14373
497	0.6361959466552735	0.25311	0.1438400000143051
498	0.6339820232391358	0.25393	0.14468999999523163
499	0.6317367239761352	0.2527400000047684	0.14348000000715255
500	0.6307964599990845	0.25424999999046327	0.14371000001430512
501	0.629209483833313	0.25456000000476836	0.14408000000476837
502	0.6238913884735108	0.25307999999046327	0.14492000000715255
503	0.6215933009338379	0.2534300000286102	0.14493999999523163
504	0.6211730808830261	0.25424000002861025	0.14434
505	0.616182799358368	0.2524900000143051	0.14558
506	0.6148292182731628	0.25349000000476835	0.14535000000715256
507	0.6103606334686279	0.25206	0.14680000000953675
508	0.6104394126319885	0.25415	0.14662
509	0.6071940316390991	0.25375	0.14592
510	0.6049616528320313	0.2530000000143051	0.14570999999523163
511	0.6007500996398926	0.25207000000476837	0.14631000000476838
512	0.5987982483673095	0.25199	0.14689000000953675
513	0.5996808711624145	0.2538	0.14618000000476838
514	0.5950816564941406	0.25352	0.14817000000238417
515	0.5937951480102539	0.2539799999904633	0.14754000000715256
516	0.5905818305015564	0.25287	0.14763999999761582
517	0.5898699981498718	0.2542399999952316	0.14729000000953674
518	0.5868186894989014	0.2533100000143051	0.14779000000238418
519	0.5822083257675171	0.25196000002861024	0.14787999999523163
520	0.5816694740104675	0.2523699999904633	0.14741
521	0.5794084190559388	0.25316999999046325	0.1484700000143051
522	0.578007451171875	0.25339	0.14883999999523162
523	0.5752997835159301	0.25328000000953677	0.14857000000953674
524	0.5724657347488403	0.25313000002861025	0.14956999999523163
525	0.570020676574707	0.2532600000047684	0.15061000000476837
526	0.5679836937713623	0.25245	0.14936999999523162
527	0.5665992260360718	0.25293000000953675	0.14934999999523163
528	0.5633926783370972	0.25228	0.14956000000953673
529	0.5623125884056092	0.25170000000953674	0.14846
530	0.5594161765289306	0.25245000000953677	0.14988
531	0.5577285760688782	0.25356000002861023	0.15201000000953674
532	0.5564403125	0.2537600000286102	0.15057000000476836
533	0.5538963162040711	0.25239	0.15060000000476836
534	0.5499921049499512	0.25138999999046324	0.15082000001430512
535	0.5490223657989501	0.25292000000953674	0.15087999999523163
536	0.5465225210189819	0.2532900000190735	0.15206999999523163
537	0.5463723110198975	0.2541600000143051	0.15254000000476836
538	0.5418656435012817	0.25309	0.15234000000476838
539	0.5398324863052368	0.25300000000953676	0.15268999999761582
540	0.5377932812309265	0.25297000000953673	0.15297000000953676
541	0.5377326541137696	0.25336000002861025	0.15180000000476837
542	0.5358543090820312	0.2533200000190735	0.15260999999523162
543	0.5307341294288636	0.25157	0.15322999999523162
544	0.5302797983837128	0.25288	0.15419999999523162
545	0.5293060172653198	0.25324999999046327	0.15279999999523164
546	0.5244639795494079	0.25066000001907346	0.15221000001430512
547	0.5238483023071289	0.25228000000953676	0.15315000001430512
548	0.5220271988105774	0.25213	0.15405999999523162
549	0.5202245471096039	0.2521500000047684	0.15402
550	0.5168432867813111	0.25258	0.15651999999523164
551	0.5173503787231445	0.2522	0.15354000000953674
552	0.5139032424926758	0.25227999999523165	0.15499000000476837
553	0.51142419506073	0.25223000000953677	0.15517000000476838
554	0.5114732599067688	0.25215	0.15440000000476836
555	0.5097238780212402	0.2539800000143051	0.1557700000023842
556	0.5086076431274414	0.2528199999904633	0.15411
557	0.5075815713787079	0.25384000000953677	0.15608999999523163
558	0.5042391603660583	0.2533599999952316	0.15529000000476836
559	0.5011803186607361	0.2522400000190735	0.15511000000476838
560	0.502211089630127	0.25416	0.15528000000953673
561	0.4977592820453644	0.25218	0.15584000001430512
562	0.49707166902542116	0.25318999999046327	0.15611000000476838
563	0.4949282303237915	0.25233000000476835	0.15631000000953674
564	0.4917610371589661	0.2519400000286102	0.15618000001430513
565	0.49170760151863097	0.2531499999904633	0.15729000000476837
566	0.48955651151657104	0.25349999999523165	0.15767000001430512
567	0.4887862724685669	0.25477000000953676	0.15800000000715256
568	0.48640404298782347	0.25311	0.15742999999523163
569	0.48329842176437376	0.25250000000476835	0.15801999999523164
570	0.4826379480934143	0.25224999999046327	0.15593999999523162
571	0.4796224735450745	0.25203	0.15809000001430512
572	0.47788930461883544	0.25194000000953676	0.15777000000476837
573	0.47888073036193846	0.25387999999046323	0.1585200000143051
574	0.47604995580673215	0.25331000000953674	0.15839000001430512
575	0.47351831524848936	0.25353	0.15911000000476838
576	0.4731992677497864	0.2534400000286102	0.15804
577	0.47423337141036986	0.2557200000143051	0.15835000000715255
578	0.46693427267074583	0.2523	0.15902
579	0.4660883278083801	0.25311	0.1608500000143051
580	0.46519620027542113	0.25237000000953674	0.15857000000476837
581	0.462675555896759	0.25318000001430513	0.15969000000953673
582	0.4631479923057556	0.25319000002861025	0.15868000001430513
583	0.46002857316970824	0.25305999999046325	0.15976000000715257
584	0.45849556210517883	0.2529800000190735	0.16041
585	0.4571765427017212	0.25366000000476835	0.1605200000143051
586	0.4556304245185852	0.25339000001907347	0.16045000000476836
587	0.4534533571624756	0.25290000000476837	0.16149
588	0.4526146781539917	0.2532100000286102	0.16060000000476837
589	0.4489740654563904	0.25200000000953676	0.16071000000953675
590	0.44913899560928344	0.2534199999904633	0.16073000000476836
591	0.4469358416175842	0.25359999999046323	0.16192000000953674
592	0.44538938259124755	0.25349000000953675	0.16226999999523162
593	0.44219817127227784	0.25184	0.16120999999523164
594	0.4426150010204315	0.25258000001430514	0.16138000000953676
595	0.4390737038803101	0.25203999999523163	0.16252
596	0.4403350969314575	0.25402000000953673	0.16309000000953675
597	0.43802933826446533	0.25331000000953674	0.16230000000953673
598	0.43699916761398316	0.25305000000476835	0.1622899999976158
599	0.43637336122512815	0.25388999999523165	0.16189000000953674
600	0.43488737880706785	0.25366	0.16233000000953673
601	0.43236644394874574	0.25360000000953675	0.16308
602	0.43068820660591123	0.25241000001430514	0.16166000000238417
603	0.42818972063064575	0.25388000000953675	0.16432999999761583
604	0.42869101663589476	0.25358000002861025	0.16308000000953674
605	0.4266468259429932	0.2531900000047684	0.16312000001430513
606	0.42556327447891235	0.25415	0.16466999999523163
607	0.42279560068130495	0.25396999999046327	0.16555999999523163
608	0.4212927130699158	0.25272000000953676	0.16329999999523162
609	0.4204385850906372	0.25331999999046323	0.16381000000476836
610	0.41865234800338746	0.25335999999046327	0.16483000000476838
611	0.4167644608592987	0.25390999999046326	0.16511000000476836
612	0.4160799571228027	0.25355000000953676	0.16446000000476838
613	0.415707445602417	0.2540299999952316	0.16509000001430513
614	0.4117700819969177	0.25249000000953675	0.16472999999523164
615	0.4117265810775757	0.25386	0.16471000000715255
616	0.4126545359802246	0.25462000002861024	0.1656300000143051
617	0.410734899892807	0.2548099999904633	0.16504999999523162
618	0.40665933359146117	0.25256000001907347	0.16512000000476837
619	0.40837101165771483	0.25491000001430514	0.1656199999976158
620	0.40579917550086975	0.25412	0.16547000000476836
621	0.40453844099998476	0.2546000000143051	0.16622000000476836
622	0.4032686116218567	0.25478000000953677	0.16674000000953673
623	0.4030321257972717	0.2555500000143051	0.1667900000143051
624	0.3990587689971924	0.25427999999523165	0.16773999999523162
625	0.3974318230247498	0.2536300000190735	0.16721
626	0.39583268986701964	0.25339000001907347	0.16753000000476836
627	0.39533840854644775	0.25389999999046325	0.16700000001430512
628	0.3935396593952179	0.25350999999046325	0.16696000000476838
629	0.3941178109550476	0.2548100000286102	0.16815000000953675
630	0.3914135597038269	0.2527900000095367	0.16583
631	0.38970032918930053	0.25320999999046323	0.16747
632	0.3902080249881744	0.25468000001430513	0.1677500000023842
633	0.390169119348526	0.25579	0.16830000001430512
634	0.38657309105873106	0.25348999999046323	0.16760000000953673
635	0.3864004053783417	0.25468	0.16764000000953674
636	0.3855605386447907	0.2545100000095367	0.16811000000953674
637	0.38368864791870116	0.25508	0.1681500000023842
638	0.3830550433826447	0.25524000001430514	0.16874000000715256
639	0.38284157846450806	0.25464000000953674	0.16769000000476836
640	0.38192685610771177	0.2563600000190735	0.1691500000143051
641	0.3773515362358093	0.25372000000953676	0.16954000000476838
642	0.37874388808250425	0.2556200000143051	0.16961000001430512
643	0.37669971299171445	0.2548400000190735	0.1695900000143051
644	0.375851432056427	0.25525999999523163	0.16976000000476837
645	0.37398342485427855	0.25481000000953674	0.1702600000143051
646	0.37496612643241883	0.25659000000953675	0.16994000000476836
647	0.37167325043678284	0.25589000000953677	0.1714999999976158
648	0.3710336704826355	0.25566000000476835	0.17043999999523163
649	0.3682547260761261	0.25574	0.17157000000238418
650	0.3670128578567505	0.25419	0.17048000000953675
651	0.3676119906234741	0.25511000000953676	0.16967000000476837
652	0.3657241316604614	0.25537	0.1710100000143051
653	0.3637842375278473	0.25557000001430513	0.1721200000143051
654	0.3629303731250763	0.25572000002861023	0.17189999999523162
655	0.36244350202560427	0.25617999999046326	0.1717
656	0.36070268084526064	0.25536000002861026	0.17122000000953674
657	0.3582551626968384	0.2546200000190735	0.17235000000476838
658	0.3587278964519501	0.25519000001430514	0.17217000000476837
659	0.35934111976623534	0.2567899999952316	0.17236999999523162
660	0.3548264590072632	0.25507000002861024	0.17249999999523163
661	0.35661807357788083	0.25586000000953674	0.17168
662	0.3532170534324646	0.25563	0.17320000000476837
663	0.35398308059692385	0.2564700000190735	0.17359999999523162
664	0.350469813747406	0.25504999999046324	0.17335999999523163
665	0.351656499042511	0.25662	0.17351000000953673
666	0.3485634026908874	0.25498	0.17311
667	0.34777160710334776	0.25445	0.17225
668	0.3493647906780243	0.25733999999046325	0.17389999999523162
669	0.34781709259986876	0.25788999999523166	0.17504000000476838
670	0.34425369874954226	0.25618	0.17507
671	0.3448269794845581	0.25657999999046327	0.17446000000953674
672	0.34186485012054446	0.25520999999046323	0.17471
673	0.34356300514221194	0.2580600000095367	0.17551000000476838
674	0.3415513883018494	0.25669000001430514	0.1755900000143051
675	0.34107758152008055	0.25665999999046324	0.1748
676	0.3399317110919952	0.2561699999952316	0.17447
677	0.3400161113357544	0.25817	0.17616000001430512
678	0.33808495846748354	0.25666000000953676	0.1749800000143051
679	0.33593877054214477	0.2563500000095367	0.1760300000143051
680	0.33550598821640015	0.2567	0.17629000000953673
681	0.3351327023601532	0.25723000000476837	0.17592000000953675
682	0.3343809138393402	0.25747000000953674	0.17585000001430512
683	0.33346192070007324	0.25683	0.17533
684	0.3341055718231201	0.25820000000953675	0.17578999999523162
685	0.3304267197227478	0.25721	0.17722
686	0.32884658054351806	0.2571400000190735	0.17681999999523162
687	0.3287359188556671	0.2564700000190735	0.17629999999523163
688	0.3272470924854279	0.2572399999952316	0.17691999999523164
689	0.3277546858215332	0.25757	0.17680000000953675
690	0.3256130337333679	0.25700999999046326	0.17711000000953675
691	0.3263846844863892	0.25815	0.17617000000476837
692	0.32566004106521607	0.25865000000953675	0.17750000000953675
693	0.32537879667282105	0.2597900000095367	0.17841000001430513
694	0.32298721239089967	0.2581500000190735	0.1775600000143051
695	0.32161302461624147	0.25852	0.17891000000953675
696	0.3208295603752136	0.25850000000953677	0.17846
697	0.32102617045402526	0.25913999999523163	0.17844000001430513
698	0.3200649389266968	0.25872000001907347	0.17877
699	0.31843039225578307	0.2584799999904633	0.17890000000953674
700	0.3176880508041382	0.2582399999952316	0.1787300000143051
701	0.31674446159362796	0.25849999999046325	0.17863000001430512
702	0.31540946495056155	0.2587400000047684	0.17981000000953673
703	0.3155734173774719	0.2592	0.17943000000476836
704	0.3127113284111023	0.2578800000286102	0.17948999999523163
705	0.3126846091556549	0.25883999999046325	0.18062
706	0.31108498332977297	0.25838000000953676	0.18020999999523163
707	0.3106063206100464	0.2585800000286102	0.1798
708	0.3104015747356415	0.25886	0.17989000000953675
709	0.30907133922576907	0.25820999999046323	0.18002000000953675
710	0.3071985359668732	0.2583700000047684	0.1804599999976158
711	0.3079389582061768	0.25998	0.18118000000476836
712	0.30758830152511596	0.25982000001907346	0.18035000000953674
713	0.30411701929092405	0.25821	0.1804500000143051
714	0.30629415026664736	0.2608900000190735	0.18208000000476837
715	0.30246241016387937	0.25827	0.18070000000476838
716	0.3032845402908325	0.2594000000095367	0.18113
717	0.3038308084964752	0.2604799999904633	0.18185000000953674
718	0.3030622532272339	0.26034000002861024	0.18219000000953675
719	0.3001337886238098	0.25913000001430514	0.18164000000953676
720	0.3013720406723022	0.25943000000476835	0.18139000000476838
721	0.2998338224029541	0.2610300000286102	0.18300999999523163
722	0.29851310832977296	0.25986000000953674	0.18260000000476836
723	0.2986315141868591	0.2607200000190735	0.18282000000953674
724	0.2965160315132141	0.2595799999904633	0.18228000000476838
725	0.2959885396003723	0.2602100000143051	0.1829
726	0.2973523251533508	0.26158	0.18309000000476838
727	0.2936806443977356	0.26006	0.18329000001430512
728	0.2938972587966919	0.26114999999523164	0.18362000000953674
729	0.2913744657993317	0.2591500000143051	0.18283999999523162
730	0.29161071966171265	0.2599	0.18320000000953673
731	0.2920142562866211	0.26104	0.18353000000953673
732	0.2927879346084595	0.2618800000286102	0.18379999999523164
733	0.2901809565258026	0.2601600000286102	0.18372000000476837
734	0.28929403507232665	0.26084999999046327	0.18487000000953674
735	0.28699363543510437	0.25974	0.18426000000953674
736	0.2881736264038086	0.2614000000095367	0.18404000000953674
737	0.286077302942276	0.26047	0.18479000000476836
738	0.2862050128555298	0.26083000002861023	0.18377999999523162
739	0.2854899560546875	0.26083000000476836	0.18419000000476837
740	0.284315775346756	0.2616	0.18646000000953675
741	0.2844602896499634	0.2613100000143051	0.18494
742	0.2791320360946655	0.25931	0.18625
743	0.28126064182281496	0.26107	0.18656000001430512
744	0.28265486597061157	0.26122000000953677	0.18445000000953674
745	0.28056148898124694	0.2609900000286102	0.18566999999523162
746	0.27920239610672	0.26150000000953677	0.18685000000476837
747	0.28084393451690676	0.2622800000143051	0.1860099999976158
748	0.279363730134964	0.26191	0.18683
749	0.2791526243686676	0.2623999999952316	0.18651000000476836
750	0.27744629473686216	0.26166	0.18694
751	0.27532975101470947	0.2612900000095367	0.18745000000476836
752	0.27740628503799436	0.2627300000095367	0.18645000000476838
753	0.2751559842777252	0.2617100000143051	0.18774999999523162
754	0.27311366216659544	0.26128	0.18768000000953675
755	0.27310836530685423	0.26141000002861026	0.18690000000953674
756	0.2725145348739624	0.2619800000047684	0.18846000000476837
757	0.2732009835243225	0.26277000000476836	0.18725999999523163
758	0.2733613158226013	0.26313000000953674	0.18760000000476837
759	0.27238720588684084	0.26331999999046324	0.188
760	0.27068714337348937	0.2627700000143051	0.18832999999523162
761	0.27112891362190245	0.26333000002861023	0.18820000000476836
762	0.268671534910202	0.2622100000286102	0.18826000001430512
763	0.26939355964660644	0.2632900000190735	0.18901000000953674
764	0.2675413684463501	0.2622399999952316	0.18919
765	0.2668816487503052	0.26281	0.18849000000953675
766	0.2673180982685089	0.26371000000953676	0.1899199999976158
767	0.26646419742584226	0.26327000000953676	0.1887400000143051
768	0.26629775257110594	0.26386	0.1893300000143051
769	0.2636519063663483	0.26294000001907347	0.18989000001430512
770	0.2646095867538452	0.26364	0.18934000000953674
771	0.2633541226387024	0.26344000002861023	0.1904400000143051
772	0.262083577041626	0.26372999999046326	0.19190999999523162
773	0.26238357652664185	0.2642400000190735	0.19091
774	0.2602490671348572	0.26264000000953674	0.19076000000953675
775	0.2607126026344299	0.2634699999904633	0.19040000001430513
776	0.2610509437847137	0.26438000001907347	0.1915200000143051
777	0.2598636517238617	0.26442999999046324	0.19178000000476836
778	0.25756743294715884	0.26278999999046326	0.1907700000143051
779	0.25756580131053924	0.2634699999904633	0.19107000000476837
780	0.259037603225708	0.26464999999046324	0.19137000000953674
781	0.257202384223938	0.2643900000095367	0.1920500000143051
782	0.2575719215726852	0.2648000000190735	0.19178000000953674
783	0.25722791088104247	0.26456	0.19153000000953674
784	0.25572132866859437	0.2649100000286102	0.19232999999523162
785	0.2550369638824463	0.2647600000286102	0.19256000001430512
786	0.25337147765159607	0.2643300000190735	0.19322999999523163
787	0.2536170487785339	0.2648	0.19271
788	0.25322005930900576	0.2644099999904633	0.19224000000953675
789	0.2541838721179962	0.26549000000953676	0.19210000000476837
790	0.25072700627326966	0.26427999999046325	0.19306000000476836
791	0.2512116322994232	0.2643900000143051	0.19274000000476837
792	0.25155792355537415	0.2658200000286102	0.19329
793	0.24948803459167482	0.2649199999904633	0.19381000001430512
794	0.25039591971874237	0.26588	0.19467
795	0.24793602765083314	0.2637999999952316	0.19277
796	0.24959520109176636	0.26623	0.19406000000953674
797	0.2465278077173233	0.2640800000286102	0.19439000000953674
798	0.24743017579078674	0.2654800000286102	0.19401
799	0.2452246234035492	0.26425	0.19420999999523164
800	0.24579031698226927	0.2649700000047684	0.19383000000476838
801	0.2440463132572174	0.2649199999904633	0.19514
802	0.2462787806892395	0.26685	0.19479000000476837
803	0.24367898820877076	0.26488000002861023	0.1941600000143051
804	0.24412899566173554	0.26676000000953676	0.19562000000953675
805	0.24280991957664488	0.26526	0.1951800000143051
806	0.24454935948371886	0.2665799999904633	0.1961
807	0.2419922872400284	0.26543000000476835	0.19523999999523162
808	0.24073854012489318	0.26543	0.19547000001430512
809	0.24118719455718995	0.26613	0.19641000001430511
810	0.24113089007377625	0.26632	0.19551000000953675
811	0.24034956820487977	0.2661799999952316	0.19566000000953673
812	0.24021270063400268	0.2658900000190735	0.19514000001430512
813	0.24162224534988402	0.26726000000953676	0.19557999999523162
814	0.2399800996732712	0.2671900000286102	0.19642000000953674
815	0.2380131737613678	0.26668	0.19736000001430512
816	0.23824525416374207	0.26629000002861025	0.19580999999523163
817	0.2375434739112854	0.26682000000953676	0.19667000000953674
818	0.23761496055603026	0.26674000000953674	0.19565000000953675
819	0.2362959774494171	0.26684000001430513	0.19730000000715256
820	0.23746069169044495	0.26768	0.1974100000190735
821	0.23717513879776	0.26800000001430513	0.1975700000143051
822	0.2336539169406891	0.26601	0.1970700000143051
823	0.23514808835983275	0.26748999999046325	0.1974300000143051
824	0.23464781875133514	0.26705000000953677	0.19739000000476836
825	0.23293904247760772	0.26697999999523164	0.19778000000476836
826	0.23342340924263	0.26736	0.19821999999523163
827	0.23264231203079225	0.26709999999523165	0.19703000001430512
828	0.2320228722667694	0.2677399999952316	0.19922999999523164
829	0.23098901523590087	0.26724000000953674	0.19893000000476838
830	0.23249007498264312	0.26810000001907347	0.19825000001430512
831	0.2302447265100479	0.26726000000953676	0.1984800000143051
832	0.23100787712097168	0.26871000000953676	0.19992999999523162
833	0.2300202624797821	0.26842999999046324	0.19919
834	0.2303853864955902	0.26797999999046324	0.1975100000143051
835	0.2292661217069626	0.2682200000095367	0.19924000000953673
836	0.22892217034339904	0.26776999999046325	0.19767000000476836
837	0.22787122757434844	0.26821000002861023	0.19932000000476838
838	0.22764134170532227	0.26792999999523165	0.19883000000953674
839	0.22623994656562804	0.26788	0.19989000000476836
840	0.22828800137519836	0.26942000000953675	0.20001999999523162
841	0.2270954240512848	0.2687700000190735	0.19888000000476838
842	0.22726106763362885	0.26961999999046327	0.20010000000476838
843	0.22639495545387267	0.2688600000190735	0.19990000002861022
844	0.22502348823547363	0.26870999999046324	0.20045000000476837
845	0.22538260389328002	0.26914000000953675	0.19972999999523164
846	0.22482709586143493	0.2692199999952316	0.20082
847	0.22453724984169007	0.2687500000190735	0.1996800000143051
848	0.22236714959144593	0.26768999999523163	0.20054000000476838
849	0.22335970064640046	0.2687199999952316	0.20094000000953674
850	0.2220155176639557	0.2691400000286102	0.20101000000953675
851	0.22029039710998535	0.2679700000190735	0.2009800000143051
852	0.22229550499916076	0.2694499999952316	0.20083000000476836
853	0.22127996323108673	0.26899000000476836	0.20083000001430512
854	0.22182884841918946	0.26987000001907346	0.2010400000143051
855	0.22185790058612823	0.2696000000143051	0.2001500000143051
856	0.21958700224876404	0.2684	0.20059
857	0.21994563672065734	0.26869000000953674	0.20027000000953674
858	0.21931206740379333	0.2689400000095367	0.20167000001430513
859	0.21769240200042725	0.2688600000047684	0.20191000000476836
860	0.21832123650074006	0.26908999999523164	0.20158000001430512
861	0.2165698742580414	0.2690400000286102	0.20275000000476837
862	0.2173564476108551	0.2695099999952316	0.20213000000476838
863	0.21499161542892456	0.2681600000190735	0.2014500000143051
864	0.21667609048843384	0.26994000002861024	0.20268000000476838
865	0.21655672486305236	0.2701899999904633	0.2032600000143051
866	0.21568169303894044	0.27020000000953676	0.20377999999523164
867	0.21599196383476257	0.2695400000286102	0.20158000000953674
868	0.21539750147342682	0.26986	0.20278000000953675
869	0.2163154742527008	0.27135999999046323	0.2027600000143051
870	0.21473840742111205	0.2699100000190735	0.20295999999523162
871	0.2141250060749054	0.26936	0.20220000000953675
872	0.21378458029270173	0.27042000001907346	0.20425999999523162
873	0.2153378639602661	0.27160999999046326	0.20366999999523164
874	0.21324402456760405	0.2700100000047684	0.20244000001430512
875	0.2121265689754486	0.26927	0.20292000000953675
876	0.21269785418510437	0.2698700000143051	0.20256
877	0.2112004509449005	0.27039	0.20434999999523162
878	0.2114175002861023	0.2701700000190735	0.20399999999523163
879	0.21075898672103882	0.27041000000953674	0.20421000000953674
880	0.2109772829580307	0.2704100000286102	0.20293
881	0.21017554228782653	0.2700300000190735	0.20366000000953674
882	0.2100814500617981	0.27099000000476836	0.20401000000953673
883	0.21096695701122284	0.27108000000953675	0.20396999999523163
884	0.20886618321418762	0.2700600000190735	0.20394000000476836
885	0.2084344280195236	0.26938000000953677	0.20310000001430512
886	0.20857351354599	0.26980999999523164	0.20296000000476838
887	0.2090785411310196	0.2706900000190735	0.20358000000953674
888	0.20889039736270903	0.27116999999046326	0.20461000000476837
889	0.2093400903749466	0.27213	0.20414000000476837
890	0.20671766402721406	0.2699700000286102	0.20441999999523164
891	0.20718869861125946	0.2704600000286102	0.20383999999523164
892	0.20651620051383973	0.27065000000953676	0.20469999999523164
893	0.20576052007198334	0.2702900000047684	0.20480999999523164
894	0.20694488314151763	0.2717	0.2052
895	0.20564612468719481	0.27103000000953675	0.20499999999523164
896	0.20424175401210784	0.27081999999523165	0.20588000000953674
897	0.20463283458709716	0.27173000000953673	0.2070000000143051
898	0.20439290066719054	0.2711100000190735	0.20494000000476836
899	0.20397035441875458	0.27106000000953673	0.2053100000143051
900	0.205491343126297	0.27222999999046327	0.20568000000953673
901	0.20375616720199585	0.27138000000953677	0.20572999999046326
902	0.20353155074596405	0.27179	0.20665
903	0.2032862657213211	0.27092999999046324	0.20579999999523163
904	0.20415749921321868	0.27215	0.20497000000476837
905	0.2022874676990509	0.2713600000190735	0.20570000000476837
906	0.2011174488592148	0.2711800000047684	0.20616000000476836
907	0.20179317621707915	0.27168999999523163	0.20699000001430512
908	0.2006884012031555	0.2712500000286102	0.20595000000953675
909	0.20175293336868286	0.27156000000953673	0.20611
910	0.19951587222099304	0.27098000000953676	0.20679000000953673
911	0.19972872936248778	0.27051	0.20582000000476838
912	0.20081974977970124	0.27139	0.20563000000953674
913	0.19963916382789612	0.27148999999046325	0.20538000000476836
914	0.19734328129768372	0.2704600000286102	0.20742999999523162
915	0.200131866106987	0.2719600000286102	0.20605000000953674
916	0.19833156972408295	0.2711500000286102	0.20718
917	0.19808445823192597	0.27141999999523164	0.2057
918	0.19955374590873717	0.27220000000476835	0.20649000000953674
919	0.19866456120491027	0.2721799999952316	0.20645000000953675
920	0.19868243894577026	0.27214	0.20606000000953675
921	0.19647327280044555	0.2712399999904633	0.20702000000476836
922	0.1982252277994156	0.27223999999523163	0.2071
923	0.19724950152873993	0.27213	0.20754000000953673
924	0.19585512119293214	0.2706299999904633	0.20571000000953674
925	0.19594379229068756	0.2714900000190735	0.20668
926	0.1957340033864975	0.27138000000476836	0.20636000001430513
927	0.19674476523399353	0.27220000001907346	0.20601
928	0.19468675859451293	0.27229000000953674	0.20878000000953675
929	0.19657665986537934	0.27175	0.20568000001430511
930	0.19517160187721252	0.27270000001907346	0.20800999999523162
931	0.19585346438884735	0.27239	0.20744999999523162
932	0.19528358742713928	0.27350000001430513	0.2094299999976158
933	0.19287240627765656	0.2710200000143051	0.20649000000476836
934	0.19362514285087584	0.27080000000953675	0.20568
935	0.1911062700843811	0.27085	0.20750999999523162
936	0.19278343431949616	0.2715599999952316	0.20663999999523164
937	0.1941497648525238	0.2728600000190735	0.20799000000953674
938	0.19292627952575683	0.2722500000286102	0.20783999999046326
939	0.1930460325050354	0.27300000002861025	0.20862000000476838
940	0.1917334039926529	0.2722400000286102	0.20822000000953675
941	0.19260431220531463	0.2726	0.20860000000953674
942	0.19085656188964845	0.2716800000286102	0.20777000000953674
943	0.19177038695335388	0.2710800000047684	0.20614000000953675
944	0.19051514173507691	0.27148	0.20732000001430512
945	0.19009434322357177	0.2719200000286102	0.20843999999523163
946	0.1895266100502014	0.2708500000286102	0.20712000000476838
947	0.18919938294887542	0.2716300000047684	0.20835000000953674
948	0.1903709814310074	0.27178	0.20730000000953674
949	0.1898283791399002	0.27223000002861025	0.20836999999523162
950	0.1883935565185547	0.27154000000953676	0.2082
951	0.19030507354736328	0.27243000001907347	0.20754999999523163
952	0.18821645101070403	0.27184	0.20938999999523164
953	0.18904089985847472	0.2727699999952316	0.209
954	0.1882603540420532	0.2717600000143051	0.20788000000953674
955	0.18884924296379088	0.2724999999952316	0.20833000000476837
956	0.18759081159591676	0.27169999999046324	0.20899
957	0.18794203063488008	0.27222000000476837	0.20855000001430513
958	0.1875125646352768	0.27170999999046325	0.20810000001430512
959	0.18733644772052765	0.27133000001430513	0.2076
960	0.18706423243522644	0.2720500000143051	0.2079800000143051
961	0.18853204240322113	0.27249000002861024	0.20707999999523163
962	0.18709638177394866	0.2719700000047684	0.20823000000476838
963	0.18756146278381347	0.27255999999046326	0.20813999999523164
964	0.18674036808490754	0.27215999999046325	0.20785000000953674
965	0.18436274804115296	0.27077999999046326	0.20765000001430511
966	0.18576402040958404	0.2718499999904633	0.20858000000476837
967	0.18511995292186736	0.27199	0.20906000000953676
968	0.18509740880012512	0.2720600000190735	0.2089700000143051
969	0.18539742498397827	0.2728000000286102	0.20918999999523163
970	0.18502726390838622	0.27217	0.20850000000953675
971	0.18462138139724732	0.2722700000095367	0.20911000000476837
972	0.1849195194196701	0.27256000001430514	0.20947
973	0.1831742219209671	0.27132	0.20887000000953673
974	0.18391490778446198	0.2721800000190735	0.2082500000143051
975	0.18450552695274353	0.27237000000476835	0.20898
976	0.1839418795108795	0.27254000000953676	0.20867
977	0.18201088534832	0.27165000002861023	0.20902
978	0.18524325560569763	0.2732800000190735	0.20818
979	0.18424366130828856	0.27306000000953673	0.20905000001430513
980	0.18436193605422974	0.27332999999046326	0.20929000001430512
981	0.18421617045879363	0.27287000000953676	0.20884000002861022
982	0.18226780562400818	0.27126000001907347	0.20807999999046325
983	0.18294070850372315	0.27248999999046325	0.20857000000953674
984	0.1841605841112137	0.27308999999046324	0.20849999999523164
985	0.1815385151195526	0.27184000002861025	0.20952
986	0.1821065614271164	0.27066999999046326	0.20754
987	0.18406910305976867	0.27354000000953677	0.20969999999523162
988	0.18407789016723633	0.2718999999952316	0.20785000000476836
989	0.18490019081115722	0.27376999999046325	0.20915999999523163
990	0.18321932973861693	0.2709100000047684	0.20716000000476836
991	0.18403711736679076	0.27291	0.20882000001430512
992	0.18372573018074034	0.27219000000953675	0.20834000000953673
993	0.18291310247898102	0.2721300000190735	0.20904000001430512
994	0.18197864912986755	0.27138999999046326	0.20890000000476838
995	0.18420147483348848	0.27281000000476835	0.20860000000476836
996	0.18192011961460114	0.2709999999952316	0.20882000000953674
997	0.1838359097146988	0.2725800000286102	0.20854000000476838
998	0.18320370180606843	0.2725599999952316	0.20849
999	0.18216887483596803	0.27169999999523164	0.20829000001430512
