epoch	loss	acc	certified
0	5.3046162246704105	0.006530000000298023	0.006530000000298023
1	5.1445624826049805	0.014920000000298023	0.014920000000298023
2	4.928861873474121	0.02825000000014901	0.02825000000014901
3	4.792631559295654	0.042020000000596046	0.042020000000596046
4	4.656794055175781	0.056480000002384186	0.056480000002384186
5	4.5828591746521	0.06733000000238419	0.06733000000238419
6	4.519641561126709	0.07519000000238418	0.07519000000238418
7	4.46145226348877	0.08334000000238419	0.08334000000238419
8	4.408292541503906	0.08974000000715256	0.08974000000715256
9	4.360681988067627	0.09683	0.09683
10	4.312622482757568	0.10368999999761581	0.10368999999761581
11	4.267005331268311	0.10985	0.10985
12	4.226261743469238	0.11634999999761582	0.11634999999761582
13	4.188160097503662	0.12228999999523163	0.12228999999523163
14	4.1544686486816405	0.12915000000715257	0.12914000000715256
15	4.120328457946777	0.1318899999976158	0.1318899999976158
16	4.088961418151856	0.13778999999523162	0.13778999999523162
17	4.057601661987305	0.14300000000715254	0.14299000000715256
18	4.027754184875488	0.14807000000715256	0.14807000000715256
19	3.999706435089111	0.1513	0.1513
20	3.9766849807739257	0.15685	0.15685
21	3.9510888369750976	0.15854000000476837	0.15853000000476838
22	3.932372156829834	0.16469	0.16469
23	3.9100005517578125	0.16746	0.16745
24	3.8961579148101806	0.17106	0.17104
25	3.878622854309082	0.17280000000476836	0.17280000000476836
26	3.8588158657073977	0.17607000000476838	0.17604000000476838
27	3.8428115621948242	0.18011999999761583	0.18011999999761583
28	3.8276761531066894	0.18338000000953675	0.18334000000953674
29	3.814434507598877	0.18409000000476838	0.18406000000476838
30	3.797951552963257	0.1872	0.18713
31	3.785091497039795	0.18946999999523162	0.18938999999523162
32	3.7726537017822266	0.19302999999523163	0.19294999999523163
33	3.761787663421631	0.19364000000953674	0.19355000000953673
34	3.749611510925293	0.19465	0.19458
35	3.7356684574127197	0.19938	0.19922
36	3.728369771270752	0.19946999999523163	0.19939999999523164
37	3.718710765838623	0.20294	0.2028
38	3.7058437241363524	0.2042900000143051	0.2042000000143051
39	3.702811167297363	0.20599000000953674	0.20583000000953675
40	3.6934652224731446	0.20597	0.20582
41	3.684274275512695	0.20701	0.20681
42	3.6739506379699707	0.21079999999523164	0.21050999999523162
43	3.6677820971679687	0.21052000000476837	0.21028000000476837
44	3.6582341790008543	0.21366000000953675	0.21341000000953675
45	3.651829888763428	0.21303999999523163	0.21281999999523163
46	3.6406056182098387	0.21605999999523162	0.21577999999523162
47	3.635937609100342	0.21677000000476837	0.21636000000476838
48	3.625818559112549	0.21858999999523163	0.21826999999523164
49	3.618727110595703	0.22050000001430511	0.2201000000143051
50	3.6126178717041015	0.22151000002861024	0.22111000002861023
51	3.607623196029663	0.22435000000476837	0.22389000000476836
52	3.598824346160889	0.2238300000143051	0.2233300000143051
53	3.59042993560791	0.22596000002861022	0.22551000002861024
54	3.5828930158233643	0.22775000002861023	0.22719000002861023
55	3.5780968060302736	0.22894000000476838	0.22820000000476837
56	3.57343649848938	0.2307600000143051	0.23006000001430513
57	3.5686690486907957	0.2300400000143051	0.2291200000143051
58	3.560999702911377	0.23124999999046325	0.23056999999046326
59	3.5563728799438477	0.23282	0.23183000000953674
60	3.5487634145355225	0.23213999999523163	0.23123999999523162
61	3.540798222885132	0.23495	0.23374
62	3.5397540729522703	0.23662000000476838	0.23561000000476837
63	3.5336221756744384	0.23544999999046326	0.23444999999046326
64	3.529477609863281	0.2372500000143051	0.2359000000143051
65	3.5247534317779543	0.23973999999523163	0.23848000000476838
66	3.519139353866577	0.23862000000476838	0.23713000000476836
67	3.5130249449157716	0.24159000000953673	0.24022000000953675
68	3.507136257095337	0.24219	0.2405
69	3.50513214050293	0.24262	0.24106000000953676
70	3.5012673538208006	0.2445800000143051	0.24249000001430512
71	3.494023207473755	0.24442000002861022	0.24234999999046325
72	3.4913390085601805	0.24531000000476838	0.24317000000476838
73	3.4835109118652343	0.2459700000190735	0.2438100000190735
74	3.4820899454498293	0.24786000000953673	0.24575999999523163
75	3.474504660644531	0.24853	0.24616999999523162
76	3.471490768661499	0.24897000000953673	0.24630000000953675
77	3.474895517425537	0.24983	0.24701
78	3.463681169052124	0.2523600000190735	0.24960000002861024
79	3.45987926612854	0.25245	0.24884000000953674
80	3.4520257276916504	0.2518100000190735	0.24835000001907348
81	3.4562540461730955	0.25327000001907346	0.24987000001907347
82	3.4497012313079836	0.25329000000476837	0.24948000000476836
83	3.445271513671875	0.25518000000476837	0.2512600000047684
84	3.4453710106658937	0.25459	0.25048
85	3.4397401919555666	0.25723	0.25306
86	3.4373488680267332	0.25445000000476836	0.25011
87	3.4265707942962647	0.2585700000095367	0.2541900000047684
88	3.431615185241699	0.25666000000953676	0.25133
89	3.4237583045196534	0.25908	0.25357
90	3.4170913874816895	0.2601100000143051	0.25467
91	3.417459588165283	0.26134	0.25581000000953674
92	3.4122325389862063	0.2613400000095367	0.25554000000953675
93	3.4119790124511717	0.26187000000953675	0.25533000000476835
94	3.4124097413635255	0.26202000002861026	0.25532999999046324
95	3.407068405914307	0.26369000000953674	0.2569300000190735
96	3.4015065383911134	0.26379	0.25643000000953675
97	3.401579295272827	0.26347000000953674	0.2557299999952316
98	3.3978799987792967	0.2664999999952316	0.25809999999523164
99	3.3937706021118164	0.26625999999523164	0.25772000000476836
100	3.3815459470367433	0.26593	0.2580700000190735
101	3.3606894897460937	0.26679000000953673	0.25763999999523163
102	3.3430595324707033	0.26701000000953673	0.25723000000476837
103	3.3206308894348147	0.26748000000476835	0.2573600000143051
104	3.3045683502960204	0.26852	0.25741000001430514
105	3.281593853378296	0.2709899999952316	0.2597999999952316
106	3.2628763008880615	0.27068000000953674	0.2594300000143051
107	3.240210203857422	0.27293	0.26114
108	3.2256152018737794	0.2709900000190735	0.2584300000190735
109	3.2088290759277345	0.27482999999046326	0.26093000000953676
110	3.19010133644104	0.27242999999523165	0.2581900000047684
111	3.173088143615723	0.27477999999046326	0.25996000002861025
112	3.151896809387207	0.27327	0.2576600000286102
113	3.1318343241119386	0.2759700000190735	0.26022
114	3.1136266967010497	0.27562	0.26022000000476836
115	3.101457670288086	0.27609000000953676	0.25853999999523164
116	3.0814116890716554	0.27567000002861025	0.25773999999046326
117	3.0707651517486574	0.27568	0.25690999999046327
118	3.044465972290039	0.2784100000143051	0.25865000000953675
119	3.030096110610962	0.27762	0.2569700000143051
120	3.0103054899597166	0.27957000000953675	0.2585100000095367
121	2.9927912379455566	0.27994000001430513	0.2588000000143051
122	2.978136199417114	0.2802100000190735	0.2572599999904633
123	2.9605581853485106	0.28288	0.25963999999523163
124	2.944243268737793	0.28225000000953676	0.25855000000476835
125	2.926837193603516	0.28367	0.25882999999046324
126	2.9113012202453614	0.28369	0.25773
127	2.894772282867432	0.2821800000286102	0.25549000000953676
128	2.878297956390381	0.2836000000190735	0.25631
129	2.8612811307525634	0.28536000002861023	0.25615
130	2.8479262064361572	0.28503	0.2548800000143051
131	2.8307583962249754	0.28736000000953676	0.25557000002861024
132	2.8160001556396486	0.28621999999046327	0.2538599999952316
133	2.802704372329712	0.28684	0.2548700000143051
134	2.783377572555542	0.28846	0.2547300000095367
135	2.7720869340515137	0.28952000000953676	0.25418000001430513
136	2.7585604681396485	0.2891	0.25215999999523164
137	2.7420109380340576	0.28858	0.25111999999046325
138	2.7280175830078126	0.2903399999904633	0.25186999999523163
139	2.712455416717529	0.29003	0.2500799999952316
140	2.6978893695068358	0.29013000000953676	0.2503700000143051
141	2.6833609242248535	0.2917900000286102	0.25056
142	2.6704507244873046	0.2917199999952316	0.24935000000476837
143	2.654634263534546	0.2925100000190735	0.24780000002861022
144	2.6395138474273683	0.29380000002861023	0.24807000001907348
145	2.6274338581085206	0.29352	0.24711999999523163
146	2.612190117416382	0.2922200000286102	0.2451
147	2.604606563949585	0.29437999999046327	0.24487000000953674
148	2.589060803985596	0.29593	0.24533
149	2.5705280725097657	0.295	0.24385
150	2.560771178588867	0.297	0.24243000000476836
151	2.5471481663513185	0.2964200000190735	0.24180000000476837
152	2.5388515042114257	0.29676000002861025	0.24090000000953674
153	2.52605707572937	0.2970700000143051	0.23940000000476838
154	2.5073731169891356	0.29831999999046327	0.24126999999046325
155	2.4976979830932615	0.29708000002861024	0.2377500000143051
156	2.48736019241333	0.2982700000190735	0.2367600000143051
157	2.4719146771240235	0.3002100000286102	0.23693999999523163
158	2.457670424041748	0.29918999999046325	0.2349200000143051
159	2.4522211748504636	0.30255000000953675	0.23512
160	2.4357382122039795	0.30036000002861024	0.23414000001430513
161	2.427301078643799	0.30037000000953673	0.23253
162	2.4178878999328615	0.3027700000190735	0.22988999999046325
163	2.404013117141724	0.30086000000476837	0.22978000001430512
164	2.39220998336792	0.30251	0.22882000000476838
165	2.3816033690643312	0.30291	0.22771
166	2.367518927688599	0.30271000000953674	0.22631000001907348
167	2.3554969384765627	0.3023	0.22426999999046326
168	2.3492430360412597	0.3020200000190735	0.2239600000143051
169	2.3370847381591795	0.30119	0.22269000000476838
170	2.324066464996338	0.3028	0.2211900000143051
171	2.3155371424865723	0.30492000002861025	0.22116
172	2.3040525560760496	0.30657	0.21986999999523163
173	2.292068239212036	0.30621	0.22011
174	2.2781841813659667	0.3054700000095367	0.21778000000476838
175	2.271260081100464	0.30628999999046325	0.21776000001430512
176	2.261898191833496	0.30607000002861023	0.21539
177	2.251989880142212	0.30545000000953676	0.21412000000953674
178	2.2422621070861815	0.30603000002861025	0.21176999999523163
179	2.2323268727111816	0.3063000000095367	0.21104000001430512
180	2.2224920567321775	0.30587000002861026	0.20934
181	2.2099484929656983	0.30733	0.20768999999523163
182	2.2013105115509033	0.30671000000953674	0.20771000001430512
183	2.193363572387695	0.30814000000953673	0.20523999999523163
184	2.1843394396209717	0.30923000000953677	0.20574000000476836
185	2.1744205856323244	0.30749999999046324	0.20393000000476838
186	2.165714258041382	0.3088900000286102	0.20168000000953673
187	2.15639224029541	0.30714000002861025	0.19936000001430512
188	2.1507495721435546	0.3091900000190735	0.19915000000476837
189	2.138275033874512	0.30876000000953674	0.19813
190	2.1305353215026854	0.3072500000190735	0.1971500000143051
191	2.122436170578003	0.3086800000190735	0.19645000000476837
192	2.117591932525635	0.30751999999046326	0.19182
193	2.1052063423919676	0.30715000000953674	0.1928000000143051
194	2.0972973793029785	0.3092200000286102	0.19174000000476837
195	2.089307267150879	0.30979000002861024	0.19068999999523162
196	2.081923850708008	0.31069999999046327	0.1876
197	2.0720188480377195	0.30936	0.18757
198	2.065043815460205	0.3113000000190735	0.1864900000143051
199	2.057278462905884	0.30922000000953676	0.18381
200	2.0479743560791017	0.3105899999904633	0.18429
201	2.0400806620788576	0.30806999999046325	0.1817200000143051
202	2.0311642797851563	0.3101500000286102	0.18157000000953674
203	2.0258901789093016	0.30989000001907346	0.17851999999523163
204	2.0153838083648683	0.30951000002861023	0.17851
205	2.0105420238494873	0.31147000000953673	0.17832000000953674
206	2.0014870134735108	0.30919	0.1755
207	1.9917630988693238	0.3087699999904633	0.17621
208	1.985227882232666	0.3076399999952316	0.17500000000953675
209	1.974623713645935	0.30924999999046326	0.17549999999523164
210	1.970409435081482	0.3115900000190735	0.17162
211	1.9599275128936768	0.30879999999046326	0.17109000000476837
212	1.9538836058425904	0.31074000002861024	0.17149000000953674
213	1.9480160605621337	0.31028	0.17023
214	1.9392466261291503	0.3095400000190735	0.16706000000476837
215	1.9316331972885132	0.3100999999904633	0.1687
216	1.9229694948196412	0.3095200000190735	0.16739000000953674
217	1.91904696269989	0.31050000001907346	0.16537000000476837
218	1.9099496371841431	0.31030999999046327	0.16488000000953673
219	1.8984454387664795	0.30773999999046325	0.16432000000476837
220	1.895364517250061	0.30882999999046323	0.16327000000715255
221	1.8875285180664063	0.31022	0.16292000000715257
222	1.8819828681182862	0.31088999999046324	0.16221
223	1.873064441795349	0.30887	0.1595800000143051
224	1.8657793766784667	0.3092600000190735	0.15950999999523163
225	1.8576673557281493	0.30851000002861023	0.15985000000476837
226	1.8512960590362548	0.3095100000190735	0.1594900000143051
227	1.843958484916687	0.30851000002861023	0.15819000000476838
228	1.838202845916748	0.30840000000953677	0.15637000000476836
229	1.8302172050476073	0.3101400000047684	0.15793000000715257
230	1.8227910663223266	0.30972000001907346	0.15579000001430512
231	1.814041612663269	0.30761999999046324	0.15639
232	1.8129401042556763	0.30979000002861024	0.15444
233	1.8001932879257203	0.30794000000953675	0.1553
234	1.7976418656158448	0.3073400000143051	0.15253
235	1.7872598183822632	0.30774	0.15375
236	1.783201650543213	0.3072600000190735	0.15139999999523163
237	1.7774423307800293	0.30818	0.15141999999523162
238	1.7694713829040527	0.30601000001907347	0.15009000000476838
239	1.7602241969680785	0.3061900000190735	0.14991000001430513
240	1.7539362057495118	0.3071900000095367	0.14960999999523164
241	1.7468509257507325	0.30590000000953677	0.14978000000476838
242	1.7399784814453125	0.30706000001907346	0.14992000000715255
243	1.7372349047088622	0.30814000000953673	0.14825000000476837
244	1.7301056300735473	0.30542	0.14715000001430512
245	1.71996739112854	0.3043800000190735	0.14836
246	1.7161140505599977	0.30562000002861023	0.14706000000476838
247	1.7086109317016602	0.3055800000095367	0.14708000000476837
248	1.7016627045059205	0.30449000000953674	0.14565000001430511
249	1.6925116361618042	0.30536000002861025	0.14584000000476838
250	1.6882430246353148	0.30484	0.14565000000953673
251	1.6848157162475585	0.3058	0.14480999999761582
252	1.6743482667160035	0.3022100000286102	0.1442800000023842
253	1.6715216139221192	0.3054800000190735	0.14374000000715256
254	1.6644916105270386	0.3050499999904633	0.14421000000953674
255	1.6573375914764403	0.3032700000190735	0.14330999999523164
256	1.650901456375122	0.3048600000190735	0.14152999999523164
257	1.6459783668518067	0.30412000001907347	0.14222000000953675
258	1.6373030361557006	0.30362000000476835	0.14187000000715255
259	1.6303740480422975	0.30285999999046326	0.14130000000715257
260	1.626938607597351	0.3026000000286102	0.13998
261	1.6199798211669922	0.30244	0.14115000000715255
262	1.611966780319214	0.30175999999046327	0.14060999999523163
263	1.6083350435256958	0.30325999999046327	0.14064000001430513
264	1.6013754946899414	0.30264	0.14005
265	1.5939469576263428	0.30190000001907347	0.13891999999523164
266	1.588413016357422	0.30168000000953676	0.14014000000476837
267	1.5806474586105346	0.3019900000190735	0.14089
268	1.5765234085083009	0.3011400000095367	0.13926000000476838
269	1.5684227140045166	0.29994	0.13843
270	1.5635274337768554	0.29934000001907346	0.13866000000953674
271	1.556023190689087	0.29928000000953675	0.13982000000238418
272	1.5497268043136596	0.29904	0.13848000000476837
273	1.544221621170044	0.2988899999904633	0.13789000001430513
274	1.5397695796585082	0.29902	0.13733000000953674
275	1.5331763957214355	0.2980900000095367	0.13793000000476838
276	1.5275235821533204	0.29900000000953675	0.13669000000476836
277	1.519317696685791	0.2968800000047684	0.1379200000023842
278	1.516299271621704	0.29752999999046326	0.1369000000143051
279	1.5095558627319337	0.29813	0.13630000000715256
280	1.5027334314727783	0.2976700000047684	0.13663
281	1.4983568980789184	0.2974700000095367	0.13583000000715256
282	1.4905010838699342	0.2967500000095367	0.13679000000953676
283	1.4879863706588745	0.29871000002861026	0.13526999999523162
284	1.4808508833694458	0.29678999999046324	0.13537
285	1.4747928643035888	0.29631000000476837	0.13611
286	1.470874448928833	0.29670999999046327	0.13531
287	1.4648947076034546	0.2959500000190735	0.13451999999761582
288	1.4561335414123535	0.2959600000286102	0.13657000000953673
289	1.4537732312393188	0.29539999999046324	0.1357600000143051
290	1.4462505867385864	0.2953	0.13569
291	1.4413343100357057	0.29555999999046323	0.13499000000476838
292	1.4339285541534423	0.29472	0.13545000000476837
293	1.4281712910842896	0.29338999999523163	0.13486000000238418
294	1.422404824447632	0.2927800000190735	0.13491999999523163
295	1.4170736455535888	0.2928300000190735	0.13584999999523162
296	1.4128177589416504	0.29225000002861024	0.13370000000715257
297	1.4054400959777833	0.29297999999046326	0.13482
298	1.4009471828842164	0.29261	0.13453000000715257
299	1.3931047484970094	0.2896500000190735	0.13476999999761582
300	1.390352094039917	0.29187000002861024	0.13429000000715255
301	1.3841289808654784	0.29055	0.13274
302	1.3776414331436158	0.28962999999046324	0.13352000000476838
303	1.3745289226531983	0.2910600000286102	0.13437000000476837
304	1.3668212358856202	0.28974	0.13338000000238417
305	1.3619532921218873	0.2893200000095367	0.1331700000023842
306	1.3575800817871093	0.29077000002861025	0.13295999999523161
307	1.3509432375717163	0.2893300000190735	0.13410000000476838
308	1.3464290931701661	0.28942000000953677	0.13509999999523162
309	1.3403806230163575	0.28958000002861023	0.13426000000476837
310	1.3365880570220947	0.2886400000143051	0.13381999999761582
311	1.3324090422439576	0.28866	0.1336199999976158
312	1.324012656364441	0.28958	0.13526999999523162
313	1.3201995626831056	0.2881600000190735	0.13419000000953674
314	1.3134511406326295	0.28892	0.13474000000476838
315	1.3070098053741455	0.28720000002861024	0.13509999999761582
316	1.3038049870300292	0.2859400000190735	0.13303000000715257
317	1.2986269958114625	0.28596999999046324	0.13377000000238418
318	1.2957449517440796	0.28668999999046324	0.13384
319	1.2876618698120117	0.2863500000190735	0.1352
320	1.2813719719314576	0.2838000000286102	0.13465
321	1.2761681845092774	0.28367	0.13536
322	1.2693212311935425	0.28269000000953676	0.1341200000023842
323	1.2664420571899415	0.2846500000190735	0.13416
324	1.2621821097564698	0.28561000002861026	0.13517999999761582
325	1.2572846494293213	0.2836900000143051	0.13257999999761583
326	1.2507096170425416	0.2833699999952316	0.13573999999761582
327	1.2470394457244873	0.2828500000143051	0.13396
328	1.241733233757019	0.28392000001907347	0.13311
329	1.2363012631225585	0.2826200000190735	0.13455000000953674
330	1.2306823219299317	0.28157999999523164	0.13301000000476837
331	1.2280067699432373	0.2839500000190735	0.13497999999523164
332	1.2218871894454957	0.28301	0.13389000001430512
333	1.2175567463302612	0.28204000002861024	0.13531999999761582
334	1.2129416347503663	0.28173999999046323	0.13330999999523163
335	1.2049494577789306	0.28075999999046325	0.13468999999523162
336	1.2025963174819947	0.28157999999046324	0.13506999999761582
337	1.1971949768066406	0.28106999999523163	0.13578000000119209
338	1.1920282674407958	0.28053	0.13535000000238417
339	1.1858404084396363	0.2792300000190735	0.13563000000715256
340	1.181203990020752	0.2794700000143051	0.13441000000238418
341	1.1766808861541749	0.28026000000953677	0.13594000000715256
342	1.173010361099243	0.27964000001907346	0.13569999999523163
343	1.1674583428955079	0.2794300000095367	0.13562
344	1.1624577359390258	0.27884	0.13638999999523163
345	1.1590531671142579	0.27836000000476835	0.13583
346	1.1533015092086791	0.2783100000286102	0.13570000000953675
347	1.1511579075622558	0.27856000000953673	0.1345400000023842
348	1.1441687802886964	0.27675999999046325	0.13544000001430512
349	1.138746627998352	0.27844	0.13687
350	1.1343885300827026	0.2781300000190735	0.1372799999976158
351	1.1301173324966431	0.2775499999952316	0.1362499999976158
352	1.1258854358673096	0.2773	0.13657000000476838
353	1.1216130795669557	0.27612999999523163	0.13591000000238418
354	1.1167532649993896	0.2775500000190735	0.13780000000476836
355	1.1121372509384155	0.2777299999952316	0.1367500000035763
356	1.1086444061279297	0.27710000002861024	0.13659000000476837
357	1.1038073685455323	0.27636000000953675	0.13643000000476838
358	1.0982740264511108	0.27606000002861025	0.13723999999761582
359	1.0939180569839477	0.27665000001907347	0.13774000000476838
360	1.0901273126602173	0.27717000000953673	0.13689
361	1.0846655986022948	0.2752700000095367	0.13790000000476837
362	1.0822981818389892	0.27503000000953676	0.13624
363	1.0754726167297364	0.2751	0.13709
364	1.0720215118026732	0.2744599999904633	0.13650000001430512
365	1.067643843574524	0.27527999999046326	0.13833
366	1.0639146080780029	0.27416000002861024	0.13705000001430512
367	1.0576811468887328	0.27452999999046324	0.13920000000476837
368	1.0552957843399047	0.27237	0.13732000000476838
369	1.053031099243164	0.2748200000190735	0.13737000000715255
370	1.0464899341964722	0.27259000000476835	0.13797000001430512
371	1.042768779182434	0.2744000000047684	0.13798999999761583
372	1.038813127632141	0.2728300000095367	0.1375
373	1.032120301170349	0.2731899999904633	0.1393
374	1.0286953387832642	0.27203999999046324	0.13763
375	1.0242145593261718	0.2712299999952316	0.1377500000023842
376	1.0213899072265624	0.27266999999046326	0.13943000000476838
377	1.0169929014968873	0.2715200000190735	0.13895000000715255
378	1.0128950673294068	0.27188000000953677	0.13863
379	1.0093064851379394	0.2713499999904633	0.13703000000715257
380	1.004308104057312	0.2703000000286102	0.13777000000238418
381	1.0011723286437988	0.27138000000953677	0.13810000000476838
382	0.9961844065475464	0.2698500000190735	0.13883000000953674
383	0.9911285524368286	0.27016	0.13939000001430513
384	0.989682022151947	0.27035000000953674	0.1376999999976158
385	0.9850671193885803	0.27014	0.13737000000476837
386	0.9796315000534057	0.26871	0.13850000000476836
387	0.9788283633422852	0.27094000002861024	0.13859000000476837
388	0.9727206384277344	0.27021999999046326	0.13891000000953674
389	0.9705111527252197	0.2706400000286102	0.1375100000023842
390	0.9637908772850037	0.2699	0.13976
391	0.9625899970245362	0.2704699999904633	0.13942000000953675
392	0.9576099754524231	0.2684500000190735	0.13874999999523163
393	0.9547791821479797	0.26971000002861023	0.13909999999523162
394	0.95167994638443	0.2685700000143051	0.13841
395	0.9447489377975464	0.26808	0.13894000001430512
396	0.9426805250930786	0.26871999999046325	0.13935999999523163
397	0.9406616990280151	0.26896	0.13909
398	0.9335670429992676	0.26755	0.13988999999523163
399	0.9297964780807495	0.2676500000286102	0.1409000000143051
400	0.9268285753631592	0.26757000002861026	0.1394500000143051
401	0.924800142173767	0.2681899999904633	0.13894999999523164
402	0.9186932232093811	0.26670000000476835	0.14003
403	0.9162340884399414	0.26616999999046326	0.13975999999523162
404	0.9102205820846557	0.26509	0.13934
405	0.9076196182632447	0.26546000002861025	0.13913000000238418
406	0.9042358525466919	0.26636	0.14071000000715256
407	0.9023596520614624	0.2683300000190735	0.14046000000476838
408	0.9000460606765747	0.26702999999046323	0.13960000001430511
409	0.893890362739563	0.2656700000095367	0.1397300000143051
410	0.8904386654663086	0.26545	0.13937999999761583
411	0.886360830192566	0.26626000000953676	0.1410300000143051
412	0.8826676120758057	0.2655700000047684	0.14022000000715257
413	0.8798675244522095	0.2642100000143051	0.1393100000023842
414	0.8790444670295715	0.26579000000953673	0.1395700000143051
415	0.871684010848999	0.26384000002861024	0.14046000001430511
416	0.8698063828659057	0.26418999999523163	0.1392199999976158
417	0.8677887027931214	0.26529	0.13967000000715254
418	0.8613865334701538	0.2642100000286102	0.14043
419	0.8605680676460266	0.2650200000286102	0.14018999999523163
420	0.8559151140213013	0.26325999999046323	0.13861
421	0.8517354708480835	0.26319000000953674	0.14082000000238418
422	0.8501177395248413	0.2642900000190735	0.14045000000953675
423	0.8467592171287537	0.2630300000190735	0.13968
424	0.841174040260315	0.2624000000190735	0.14057
425	0.8387775006675721	0.2638	0.13963
426	0.8365239597702027	0.26359999999523165	0.14027
427	0.8324527136039734	0.26295999999046327	0.14017000000476837
428	0.8301534518623352	0.2640400000286102	0.14077000000476836
429	0.8274658211708069	0.26297000000953674	0.1393
430	0.8273156543922424	0.26522	0.13905000001430512
431	0.8186354664993286	0.2617700000143051	0.14077
432	0.8165479885482788	0.26173999999046327	0.14032
433	0.8152327510452271	0.26197000000953674	0.13947
434	0.8109939110946656	0.26199999999046325	0.14011999999761582
435	0.806724697265625	0.26102000002861026	0.14065
436	0.8060941331100464	0.26261000000953677	0.14086999999761582
437	0.8019913843536377	0.26221000001907346	0.14026000000953676
438	0.7994028773117066	0.26204	0.14014000000476837
439	0.7948144374847412	0.2603599999904633	0.14013999999523163
440	0.7943892708206177	0.2631900000286102	0.14106
441	0.7896108458709716	0.26079	0.13991999999523164
442	0.7877092758369446	0.2626300000190735	0.14057000000476838
443	0.7818847527885437	0.25985	0.14104999999523163
444	0.7808148157882691	0.26039000002861024	0.14041000000476836
445	0.7782597631454468	0.25992999999523164	0.13954
446	0.7764709559249878	0.2620800000047684	0.1405100000143051
447	0.7716423602104187	0.26054999999523165	0.14041000000476836
448	0.7662557040214538	0.25952999999523163	0.14146000000715256
449	0.7641363243293762	0.26026000000953675	0.14091000000476836
450	0.7627362412643433	0.2611300000047684	0.14183999999761582
451	0.7603883871459961	0.26022000002861023	0.14115999999523163
452	0.7572233756256104	0.2597400000190735	0.1403599999976158
453	0.753132639465332	0.25955000000953676	0.14181000000476837
454	0.7508516994667053	0.25842000000953674	0.1399500000143051
455	0.7474029694366455	0.25913000002861025	0.14147
456	0.7446443928909302	0.25949000000953676	0.1422999999976158
457	0.7408635118865967	0.2581900000047684	0.14082000000715256
458	0.7391584809112549	0.25931	0.14221000000953674
459	0.7344873909187317	0.2576900000047684	0.1425199999976158
460	0.7337975381660461	0.2588900000143051	0.14108
461	0.7294300528144836	0.2580400000286102	0.14169
462	0.7285899320220948	0.2580400000286102	0.14121000000476838
463	0.7259439859199524	0.25802000002861025	0.14012000000953675
464	0.7227969270324707	0.2583600000286102	0.14138000001430512
465	0.7185631620025634	0.25783000001907347	0.14243000000476838
466	0.7176273504447938	0.25801999999046327	0.14155999999523164
467	0.7147643200492859	0.2584199999904633	0.14207
468	0.7131457057380677	0.25901000000476837	0.14120000000476837
469	0.7102370027542114	0.2590600000143051	0.14306000000715255
470	0.7056234127807617	0.2574600000095367	0.14196
471	0.7044370644378662	0.25787999999523165	0.14149
472	0.7017210100364685	0.25767000002861024	0.1424300000143051
473	0.6998912529563904	0.2584199999904633	0.14216
474	0.693995991230011	0.2557300000095367	0.14109
475	0.6927466959381103	0.2563000000190735	0.14123
476	0.6915314310264588	0.2570400000143051	0.1416100000023842
477	0.6862613665580749	0.2558400000095367	0.1425999999976158
478	0.684255280418396	0.25606000000953677	0.14169999999523164
479	0.6845491439247131	0.25691	0.1410400000143051
480	0.6827492982673645	0.25750000000953677	0.14220000000476837
481	0.6777957217788696	0.25605	0.14120000000476837
482	0.6760729364013672	0.2574500000095367	0.1423
483	0.6744650993156434	0.25752000000953673	0.14223
484	0.6693347360610962	0.2547400000095367	0.14133
485	0.6654165809249878	0.25444	0.14252000000238418
486	0.6658744668006897	0.25604999999523165	0.14279
487	0.6649298674201966	0.25562999999046326	0.1405000000023842
488	0.6607810632705688	0.25546000001430513	0.14219000001430512
489	0.658394457988739	0.2557400000047684	0.14328000000715255
490	0.6549545938873291	0.25420999999046323	0.14271000000476838
491	0.6516728043365478	0.25430000001430514	0.14273000000715255
492	0.6500584927368164	0.25527000000953676	0.14307000000953674
493	0.6465693403625489	0.2542300000095367	0.14296999999523163
494	0.6461420685768128	0.25547000002861026	0.1429699999976158
495	0.6451610265350342	0.25499000001907346	0.14205999999523164
496	0.6414772158432007	0.25505000000953676	0.14342
497	0.6379102683448792	0.2540700000095367	0.14376
498	0.6357181419181823	0.25320000000953674	0.14159000000476837
499	0.6356025449752808	0.25455000000953676	0.14221000000476838
500	0.6313806710815429	0.25417000002861023	0.14265
501	0.6279808985137939	0.25419000000953673	0.1432199999976158
502	0.6253437163925171	0.25367000000953677	0.14381999999761583
503	0.6236939829826355	0.25373000002861024	0.14377000000476836
504	0.6231955894851685	0.25499	0.1437699999976158
505	0.6175535585975647	0.25243999999523165	0.14368
506	0.61709081741333	0.25462	0.14473000000238417
507	0.6133712111663818	0.25326999999046323	0.14479000000953673
508	0.614753151397705	0.25527000000953676	0.14402000001430512
509	0.6090790935516357	0.25391	0.14567000000715255
510	0.6060433146667481	0.25285000000476837	0.14428
511	0.6035845987129211	0.25298999999523164	0.14563999999761582
512	0.5999959645652772	0.25274999999046327	0.1464
513	0.6003179933929443	0.2543000000190735	0.14540000000476838
514	0.5960011721038818	0.2527500000047684	0.14566999999761582
515	0.5977182997703552	0.25571999999046324	0.1462800000143051
516	0.5924009182548523	0.2539500000143051	0.14682999999523164
517	0.5902006875991821	0.2535299999952316	0.14661
518	0.5882666102790832	0.25358000000953673	0.14690000001430512
519	0.585216739692688	0.2525100000143051	0.14698999999523163
520	0.585504347190857	0.25399000000476835	0.14672000000953675
521	0.580186777935028	0.25307999999046327	0.14755000001430513
522	0.5797676376914978	0.2526500000286102	0.14629999999523163
523	0.5777207354164123	0.25309	0.14706000000953676
524	0.5741825263977051	0.2527400000095367	0.14734
525	0.5703496141624451	0.2514300000190735	0.14831000000476838
526	0.569418497505188	0.25274	0.14813000001430512
527	0.5680727633476257	0.25350000000476836	0.14888999999761582
528	0.564544564113617	0.2518200000047684	0.14873999999523163
529	0.5662963865661621	0.2533700000047684	0.14718000000715256
530	0.5612082361412049	0.25298000000953674	0.14888000000715257
531	0.5595392123031616	0.25440000000476837	0.15003000000953676
532	0.5595420083999634	0.25442999999523164	0.14891000001430513
533	0.5556583228874207	0.2536000000143051	0.14985000000476836
534	0.551871892528534	0.25267999999046326	0.15019000000953675
535	0.5492830917739868	0.2522	0.14947000000476837
536	0.5472779169464111	0.2518200000190735	0.14980000000953675
537	0.5469214918708801	0.25288999999523165	0.1494599999976158
538	0.5426801576519013	0.25238	0.1516600000143051
539	0.5425592973327636	0.25391000000953673	0.15075000000953676
540	0.5414297277450562	0.25389000000953676	0.15119999999523162
541	0.537245036277771	0.25238	0.1520300000143051
542	0.5345225722885132	0.2520700000190735	0.15141000000476837
543	0.5335657418632508	0.25220999999523164	0.15176999999523164
544	0.5310800438308716	0.2523800000286102	0.15243000000953674
545	0.5302752017974853	0.25273999999046326	0.1515
546	0.5273160764884949	0.25182999999046324	0.15170000001430511
547	0.5274812882041932	0.25259999999046323	0.15120000000476838
548	0.5249373335266113	0.2536400000286102	0.15265000000953674
549	0.5238189194297791	0.25325000002861026	0.15275000000953673
550	0.5207282970809937	0.2530799999952316	0.1525500000143051
551	0.5167991284179687	0.25209999999046323	0.15353
552	0.5175160755157471	0.25344000000953676	0.15365000000476836
553	0.5143898354530334	0.2528200000190735	0.1536100000143051
554	0.5116812780761719	0.25106000002861023	0.15281999999523163
555	0.5113572855758667	0.25348	0.1542400000023842
556	0.5088625136184692	0.2527700000143051	0.15398
557	0.5070436961174011	0.2526100000143051	0.15432000001430513
558	0.5066828802490234	0.25363000001430513	0.15335000000715257
559	0.5029767703437805	0.25235	0.1546400000143051
560	0.5025059762763977	0.25351000000476837	0.15467999999523163
561	0.49859850612640383	0.25242000000953674	0.15490000000953674
562	0.4966188859367371	0.2522000000286102	0.15491000000476837
563	0.4960487756538391	0.25206	0.15471000001430513
564	0.4943368483352661	0.2530300000047684	0.15519
565	0.4919392976379395	0.2523800000190735	0.15601
566	0.4887348327827454	0.25119000002861025	0.15507999999761582
567	0.4867343940162659	0.25169000000953673	0.15631000000715256
568	0.4871352165031433	0.25272000001907347	0.15587999999523164
569	0.48494631172180175	0.2526500000143051	0.15671000000476837
570	0.48459931956291197	0.2534300000286102	0.15634000000476836
571	0.4815010873794556	0.25300999999046325	0.157
572	0.4801387085533142	0.25177	0.15590999999523164
573	0.47944301877975465	0.25303	0.15685000000476837
574	0.4779713820648193	0.2535700000190735	0.15752000000476837
575	0.47456332801818846	0.25286000002861025	0.15786
576	0.4742772725105286	0.25395999999046326	0.15799
577	0.47218176445007326	0.25328999999046325	0.15770000000476836
578	0.46818302817344665	0.25196000001430513	0.15890000000476837
579	0.46908523584365847	0.25377	0.1586600000143051
580	0.46875215719223023	0.2534800000047684	0.15662999999523164
581	0.46605120887756346	0.2540400000190735	0.15872
582	0.4612909976100922	0.2518700000286102	0.15897
583	0.4622082046699524	0.2535399999904633	0.15813
584	0.46077697399139406	0.2545899999904633	0.1601300000143051
585	0.4582150833797455	0.25321	0.15938
586	0.45726681587219237	0.25340999999046326	0.15854000001430513
587	0.4545044169044495	0.2526900000047684	0.15982
588	0.455249899520874	0.25416000001907346	0.15973000001430512
589	0.4513327219390869	0.25220999999523164	0.15877000000476837
590	0.4507748520278931	0.25331000000953674	0.15962000000476836
591	0.4481024138069153	0.25354	0.16138
592	0.44542244541168213	0.25183000000953676	0.16144
593	0.44388569337844846	0.25174000000476837	0.16037000001430513
594	0.44441397418022155	0.2534000000095367	0.16049
595	0.44216127230644225	0.25335	0.16203000000476836
596	0.4428289662837982	0.25411000000476835	0.16093
597	0.43922984941482546	0.25335	0.16230000000953673
598	0.4382460975074768	0.25301000000476837	0.16072000000476838
599	0.4370761346530914	0.2533700000286102	0.16073999999523164
600	0.43492703994750975	0.25364	0.1622700000143051
601	0.4345570402622223	0.2539799999904633	0.16206000001430512
602	0.43391396240234376	0.25427000000953676	0.16145000000476836
603	0.4311608651161194	0.25402000000953673	0.16245999999761582
604	0.42983106057167053	0.25368999999046327	0.16231000001430512
605	0.4286931824493408	0.2546999999904633	0.16299000000476838
606	0.42672313251495364	0.25386999999523163	0.16292000000953674
607	0.42536340273857115	0.25336000002861025	0.16158
608	0.42305170627593996	0.25358	0.16351999999523162
609	0.4253896561908722	0.25563000000953673	0.1632600000143051
610	0.4214815598487854	0.2546500000286102	0.16329999999523162
611	0.41975963572502134	0.25422999999046325	0.16328999999523164
612	0.41995675857543946	0.2551900000190735	0.16400000001430512
613	0.41719307231903074	0.25455	0.16339
614	0.4151398328113556	0.25450000002861023	0.16427000000476838
615	0.41502518266677857	0.25544	0.16492999999523164
616	0.41289007318496707	0.25381999999046323	0.1641800000143051
617	0.4112654069709778	0.25425999999523163	0.16416000000953673
618	0.40926680667877197	0.2533	0.16389000001430512
619	0.4078765488243103	0.25418	0.1650599999976158
620	0.40741243750572204	0.2545299999952316	0.16555999999523163
621	0.4061896553134918	0.2549199999952316	0.16534000001430513
622	0.40608031372070313	0.25488000000953676	0.16443000000953675
623	0.404285331325531	0.25478	0.16529999999761583
624	0.40005604046821597	0.25370999999046323	0.16603999999523164
625	0.39895386634826663	0.25360999999046324	0.16590000000476837
626	0.39662690504074094	0.2540299999904633	0.16731999999523162
627	0.397086898727417	0.25418	0.16653000001430512
628	0.3952189471435547	0.2537600000190735	0.16635000000953673
629	0.39485469265937806	0.25408999999523163	0.16622000001430512
630	0.39414173429489135	0.2542599999904633	0.16511000000953674
631	0.39174895301818846	0.2537400000190735	0.1661200000143051
632	0.3911968202781677	0.2551300000047684	0.16800000000476836
633	0.3900801296710968	0.2544500000143051	0.16784999999523162
634	0.38770426288604737	0.25417000002861023	0.16748
635	0.3877703462791443	0.25464000000953674	0.16682
636	0.3876373824310303	0.2550300000143051	0.16661000000476836
637	0.3864882826423645	0.2554	0.16691000000715256
638	0.3849020289802551	0.25548000000953675	0.16767000001430513
639	0.38179994007110596	0.25426000000953675	0.16745999999523162
640	0.3815622559165955	0.25478000001907347	0.16848
641	0.3814665692138672	0.2555299999904633	0.16819000000953674
642	0.38024654074668884	0.2557400000190735	0.16855000000953674
643	0.37763183406829837	0.2547500000190735	0.16863999999523163
644	0.3738041787528992	0.25344000000953676	0.16942
645	0.3754713264083862	0.25446999999046327	0.16700000000953674
646	0.3747258101654053	0.2547200000286102	0.16812
647	0.3723427410316467	0.25474	0.16927
648	0.37281226691246033	0.25642	0.16989000000476837
649	0.3710450375080109	0.25587999999523164	0.16977000000238418
650	0.37090768482208253	0.25636000000953674	0.16937
651	0.3693068351078033	0.2569	0.17113000001430512
652	0.36612148040771486	0.25435	0.16977000001430512
653	0.3666077707672119	0.2556600000143051	0.16985000000953673
654	0.36594606189727785	0.25638000000953676	0.17097999999523164
655	0.3634223133659363	0.2551200000190735	0.16968999999523163
656	0.3608365394306183	0.25425000000953674	0.17100000000953675
657	0.3603349532699585	0.2554	0.17134
658	0.360867788772583	0.25589	0.17085000000476838
659	0.35836433639526366	0.25549000000476835	0.17077000000476839
660	0.3593917914390564	0.25695000002861024	0.1715900000143051
661	0.35681597063064574	0.2553600000047684	0.17121000000476838
662	0.3536651839256287	0.25451000000476837	0.17166
663	0.3555694993877411	0.25702000000953673	0.17169000000476836
664	0.3539964946937561	0.2565	0.17238
665	0.3526680128002167	0.25634	0.17234000000476837
666	0.3515882626914978	0.25610000000476835	0.17250000001430513
667	0.3498230357170105	0.2551500000190735	0.17208000000476836
668	0.3503106246948242	0.25630000000953673	0.17193
669	0.3482647688674927	0.2558099999904633	0.17299999999523163
670	0.34538496043205263	0.25546000002861025	0.17307
671	0.34777059101104735	0.25777	0.17316999999523164
672	0.34566948491096494	0.25708000000953674	0.17396000000476838
673	0.34625902336120606	0.25849	0.17416
674	0.34526030830383303	0.25806	0.17306000000476837
675	0.3443479207611084	0.2583099999904633	0.17440999999523163
676	0.340482266292572	0.25563	0.17401
677	0.3417489013290405	0.25765999999523165	0.17431999999523162
678	0.3400808592224121	0.2575800000190735	0.17511000001430513
679	0.33888615072250367	0.25671999999046324	0.17426000000953673
680	0.3371078200340271	0.25683000000953676	0.17468
681	0.33672034881591795	0.25748999999046324	0.17447000001430513
682	0.3365505542564392	0.25893000000953675	0.17604999999523163
683	0.3365572832489014	0.25814999999523164	0.17544
684	0.33610448872566223	0.2580799999952316	0.17430000001430512
685	0.3336373009300232	0.2579900000286102	0.17506000000953675
686	0.3301188122367859	0.2558	0.17488000001430512
687	0.3306239974975586	0.25732999999046324	0.17523000000476838
688	0.33036501974105836	0.2585199999952316	0.1769700000143051
689	0.32880911697387694	0.25788999999046325	0.17546000000476838
690	0.3271773634147644	0.25751	0.17688
691	0.32604143308639527	0.25696	0.17693000001430512
692	0.32576243792533877	0.25777999999046325	0.17708000000953675
693	0.3246809382629395	0.2580900000143051	0.17721000000953674
694	0.32407350831985476	0.25875999999523164	0.17878999999523162
695	0.3229224333000183	0.2585299999904633	0.1771700000143051
696	0.3222810953426361	0.25869000002861026	0.17749000000476836
697	0.320246134147644	0.2579199999904633	0.17796000000953674
698	0.3192374303627014	0.2579200000286102	0.17803
699	0.3195743620109558	0.25892	0.17857000001430512
700	0.31828573417663575	0.2582300000143051	0.17799
701	0.31697985379219057	0.25865999999523165	0.17846000000476836
702	0.31667682064056396	0.2580300000190735	0.17714
703	0.3173280045413971	0.2592100000143051	0.17871999999523164
704	0.3140729995536804	0.25819	0.17946
705	0.3145577272605896	0.25961000000953677	0.17999000000953674
706	0.314288276424408	0.26022	0.17946
707	0.31204190864562986	0.2590300000286102	0.17981999999523163
708	0.31148424265861513	0.25875	0.17951999999523163
709	0.3114918985939026	0.25960000001907346	0.17963000000476836
710	0.31060237251281736	0.2601700000095367	0.18016
711	0.30785103063583374	0.2583000000190735	0.17990000001430512
712	0.3080143915939331	0.25900000002861023	0.17997
713	0.30829788409233094	0.26016000001907347	0.18022
714	0.30580585659980775	0.25914999999523164	0.18038000000953675
715	0.30424981750488284	0.25889	0.17997000000476837
716	0.3053841739654541	0.2596300000047684	0.18056000000476838
717	0.3020377379131317	0.2592900000095367	0.1826100000143051
718	0.3026985285282135	0.25957000002861025	0.18095999999523163
719	0.3035236004829407	0.26104000000953675	0.18119999999523162
720	0.30203740571975707	0.25940999999046327	0.18021000000953674
721	0.30101512323379515	0.26034	0.18176
722	0.2995876778793335	0.26001000002861024	0.18242999999523163
723	0.3004041328525543	0.26073999999046327	0.18129000000476836
724	0.29714366044044493	0.25943999999046324	0.18233000000476837
725	0.29799783525466916	0.2612799999952316	0.18273000000715256
726	0.2970229512023926	0.26022999999046326	0.18198000000953674
727	0.294956778793335	0.25998	0.18248000001430512
728	0.293838155670166	0.25989000000953677	0.18279000000953674
729	0.295590659198761	0.26139	0.18278999999523163
730	0.29234794580459594	0.2595599999952316	0.18271000001430512
731	0.29126585845947267	0.25935000002861025	0.1824700000143051
732	0.29210924573898317	0.26143000000953676	0.18369999999523162
733	0.28987295794487	0.25976	0.18353999999523163
734	0.2899724491024017	0.2606500000286102	0.18381000000476838
735	0.28951987159729003	0.26106	0.18409000000476838
736	0.2884838702392578	0.26174	0.18519999999523162
737	0.28810527355194093	0.26057000000953673	0.18316999999523162
738	0.2889626141738892	0.2625700000190735	0.1845000000143051
739	0.2853705965805054	0.2599700000047684	0.18385999999523162
740	0.2856385468482971	0.26061000002861023	0.18386
741	0.2850585894393921	0.2609100000143051	0.18395
742	0.28505544122695925	0.2618499999952316	0.18541000000476837
743	0.282924675693512	0.2611800000190735	0.1851100000143051
744	0.2840183813381195	0.2618499999952316	0.18470000000953674
745	0.2813502532577515	0.26022	0.1840500000143051
746	0.28014283140182494	0.26119000000953674	0.18675000000476838
747	0.2798362407207489	0.26215	0.18643999999523164
748	0.2810786893367767	0.2618900000190735	0.18515
749	0.27850880597114563	0.26095999999046327	0.18561000000953673
750	0.2775392541027069	0.2611099999952316	0.1857800000143051
751	0.27797865505218505	0.26113000002861025	0.18498999999523164
752	0.2771203924942017	0.26194999999046326	0.18722000000476838
753	0.2755282338142395	0.2611799999952316	0.18662
754	0.2750760535240173	0.26157000000953673	0.18661000000953673
755	0.27518090849876403	0.26193000000953676	0.18643999999523164
756	0.2743984698867798	0.2620799999952316	0.18661000000476838
757	0.274538044462204	0.26244000000953677	0.18602999999523162
758	0.2729081826591492	0.26152	0.18568
759	0.27223972681045533	0.26215	0.18726000000953674
760	0.27300350916862487	0.26253	0.18654
761	0.2722969938278198	0.26348	0.1877
762	0.269871999206543	0.26177000002861023	0.18785000000953675
763	0.270854281206131	0.26342000000953675	0.18749
764	0.2687872124385834	0.2621	0.18657999999523162
765	0.26860608152389526	0.2632100000286102	0.1887500000143051
766	0.2689081628036499	0.26349000000953676	0.18875000000476838
767	0.26693956565856936	0.2628100000190735	0.18908000000476838
768	0.26766984517097475	0.2635000000143051	0.18810999999523162
769	0.2659267401599884	0.26381999999523165	0.19002
770	0.26491190051078795	0.2625300000190735	0.18840999999523164
771	0.2659953788948059	0.26456	0.1895700000143051
772	0.26490769582748414	0.2639600000190735	0.18898
773	0.26353733587265016	0.2633900000190735	0.18903
774	0.26179288106918336	0.26261	0.1893
775	0.2629440645694733	0.26419	0.18997999999523163
776	0.2629753923511505	0.2637400000190735	0.18942000000476839
777	0.2602247200202942	0.26339	0.19033000000953673
778	0.2620166826248169	0.26486000000953674	0.19026
779	0.2602258730983734	0.26479000000953673	0.19067
780	0.26060678856849673	0.2647800000190735	0.18968999999523162
781	0.25697575882911683	0.26284999999046327	0.19009000000953674
782	0.2597942238521576	0.2651800000190735	0.19123999999523164
783	0.25858737577438357	0.26465000000953676	0.19135000000953675
784	0.25810571044921876	0.2655000000190735	0.19163
785	0.25675365182876586	0.26575999999046324	0.19232000000953675
786	0.25624975783348086	0.26536000000953675	0.19202999999523163
787	0.2535544067001343	0.2630700000190735	0.19090000001430513
788	0.2544035706615448	0.26528999999046327	0.19236000001430512
789	0.25194619905471805	0.26340000000953673	0.19185999999523162
790	0.2525999802398682	0.26428000000476837	0.19216
791	0.2514264263868332	0.2634900000286102	0.19134000000953674
792	0.2507691736984253	0.26405000002861023	0.19195000000476836
793	0.25118605155944823	0.2647999999904633	0.19303000000476836
794	0.25087239658355714	0.26485000000953673	0.19216999999523163
795	0.2493471429157257	0.26375999999046323	0.19206000001430512
796	0.24945541316986083	0.2656400000190735	0.19423
797	0.2480681942176819	0.26529000002861025	0.19359999999523164
798	0.24902730535507203	0.26482000000953676	0.19249000000476837
799	0.24782575986862182	0.26493000000953676	0.19364000000476836
800	0.24822655110359193	0.26497	0.19214000001430512
801	0.24763752845287323	0.2661199999952316	0.19412000000953675
802	0.24757306636810303	0.26603	0.19309999999523164
803	0.24441654461860657	0.26423999999046327	0.1936600000143051
804	0.24649997383117675	0.26572999999046326	0.19302000000953673
805	0.24519417860984802	0.2656100000143051	0.19376000001430513
806	0.2456602068710327	0.2666900000190735	0.19440000000476837
807	0.24467782942771912	0.2667399999952316	0.19479000000953675
808	0.2450288188791275	0.2672400000047684	0.19463000000476838
809	0.24461847632408143	0.26685	0.19389000001430512
810	0.24238881525039674	0.26619	0.19456
811	0.241128866519928	0.26528999999046327	0.19471000000476837
812	0.24184118825912476	0.26597999999046323	0.19385999999523162
813	0.2404041506767273	0.26589999999046326	0.19469000000953673
814	0.24124722985267638	0.2670300000190735	0.19566000000953673
815	0.241104499335289	0.26765	0.19537000001430513
816	0.2390734652853012	0.2661300000286102	0.19500999999523164
817	0.23913233283996582	0.26686	0.19613000000953673
818	0.23880264940261842	0.26721000000953676	0.19637
819	0.23804661156654358	0.26682	0.19507
820	0.23697319744110107	0.26601000000953673	0.19553
821	0.23825925033569337	0.2681100000095367	0.19704999999523162
822	0.23826230145454408	0.2684100000190735	0.19663000000953673
823	0.23681648220062257	0.2679500000095367	0.19697000001430512
824	0.23681767678260804	0.26826	0.19753000001430512
825	0.23587615175247192	0.26829000000953673	0.19730000001430512
826	0.23601212077140807	0.26856	0.19661000000953674
827	0.23412596749305725	0.26745	0.19674000000476838
828	0.23407721437931062	0.2676600000143051	0.19758000001430512
829	0.2327091505622864	0.26666999999046326	0.19668000000953675
830	0.23339937225341797	0.26788000001907347	0.19706999999523162
831	0.2329037770652771	0.2679500000095367	0.19758999999523164
832	0.23150338042736054	0.2670700000190735	0.19710999999523163
833	0.23212439164161683	0.26846000002861026	0.19744000001430512
834	0.23119979433059692	0.2679699999904633	0.1982600000143051
835	0.23136935576438905	0.2679499999952316	0.19702000000476838
836	0.23130366897583007	0.26863000000953674	0.19868000000476838
837	0.2302685829925537	0.2690799999904633	0.19909000000476837
838	0.22818395473480224	0.26743000000476835	0.19793000000476837
839	0.22896042053699495	0.2689300000143051	0.19905
840	0.22860875182151794	0.26913000000953674	0.19886
841	0.22721655389785766	0.26737	0.19824
842	0.22596767860412598	0.26781000000953675	0.19803000000953674
843	0.2278790940618515	0.26923000002861025	0.19966000002861023
844	0.2273276786518097	0.2691900000286102	0.19963000000476838
845	0.22603015759944917	0.2682500000047684	0.19916000001430512
846	0.22772439633846284	0.27077000000476836	0.20091999999523164
847	0.22696855472564698	0.2692800000095367	0.19926000000953675
848	0.22401007100105286	0.26751000001430514	0.19927000000953674
849	0.22579439679145813	0.26971999999046326	0.20060000000953673
850	0.2250587843132019	0.27014000000953675	0.20009
851	0.2247568728494644	0.26961000002861024	0.19974
852	0.22491987275123596	0.27015000000476835	0.19993000000953676
853	0.2232066637134552	0.26953999999046324	0.20092000000476837
854	0.22297520692825318	0.2692999999904633	0.20050000000953674
855	0.22064685245990753	0.2683499999952316	0.20117999999523162
856	0.22008887077331543	0.2677800000095367	0.20013999999046325
857	0.22204660873413085	0.2690500000095367	0.19948999999523162
858	0.2220965474319458	0.26979000002861026	0.20068000000476838
859	0.2203744315814972	0.26904	0.20080000000953674
860	0.21988731211662293	0.26894000002861024	0.20032
861	0.2194772647666931	0.26937000000953676	0.20074000000953673
862	0.21889129097938537	0.2695	0.20093000000476838
863	0.21847453583717347	0.26940000002861025	0.20150000000476836
864	0.21848779848575592	0.2697399999904633	0.20172000000953674
865	0.21945363617897035	0.2709800000286102	0.20224
866	0.21896869508743286	0.27085999999523164	0.20141999999523164
867	0.21884435438156127	0.2712700000095367	0.20266000000953674
868	0.21713291679382324	0.2699200000286102	0.20184999999523162
869	0.21650834599494934	0.2694900000190735	0.20104
870	0.21665288385391235	0.2699400000095367	0.20161000000953674
871	0.21610343475341798	0.2695	0.20146999999523163
872	0.2161688150882721	0.2702700000190735	0.20151000002861022
873	0.21602844964027404	0.27066	0.20223000000953675
874	0.21411610040664672	0.26982000000953676	0.20263999999523163
875	0.2152589691543579	0.27108	0.20191
876	0.21527624824523925	0.27091999999523164	0.20213000000953674
877	0.21530178436279296	0.2716600000095367	0.20291999999523164
878	0.21249182592391969	0.2696300000190735	0.20244
879	0.2125059558773041	0.27061	0.20326
880	0.21344467528820038	0.27126000000953676	0.2037300000143051
881	0.2119079945373535	0.27001000000953673	0.20327000000953674
882	0.21215112670421601	0.2709500000047684	0.20270999999523162
883	0.21126779897212983	0.27076999999046325	0.20347000000476836
884	0.2111363608455658	0.27093000002861023	0.20309999999523162
885	0.21059253633499145	0.26995	0.2014000000143051
886	0.21058911056518553	0.27032000001907347	0.20216000001430512
887	0.2092352582502365	0.2703499999904633	0.20362
888	0.21043708475112916	0.27176000000953676	0.20343
889	0.21053796444416045	0.27162	0.20369000000476836
890	0.2106716212081909	0.27199000000953677	0.20398000000476837
891	0.20908601057052612	0.27043	0.20325
892	0.20777870104312895	0.27110000002861023	0.20386
893	0.20781659400463104	0.27036999999523165	0.20374000000476838
894	0.20922949630737306	0.27233000002861024	0.20389
895	0.20789788242816926	0.27187999999046325	0.20558000000953675
896	0.20774597476482393	0.27212000002861025	0.20521000000953674
897	0.2062730336666107	0.27176999999046325	0.20494000000476836
898	0.2063472568511963	0.27085999999046323	0.2043
899	0.2058914557647705	0.27150000002861024	0.20458000000953674
900	0.20515477713108063	0.27039000002861024	0.2040100000143051
901	0.2054603648328781	0.27134000000953673	0.20365000000953673
902	0.20415044102191926	0.2713300000095367	0.20596000000953674
903	0.20375425353050233	0.26988000002861023	0.20368000000953673
904	0.205225670003891	0.27177	0.20551000000953673
905	0.2053329847383499	0.2723499999904633	0.20495000000953675
906	0.2046543756723404	0.2711000000143051	0.20430000001430512
907	0.20622945838928222	0.27282000000476836	0.20483000000953674
908	0.20320569311618805	0.27165000002861023	0.20513999999523164
909	0.20249736609935762	0.2712899999952316	0.20578999999523162
910	0.20224857540607452	0.2713100000286102	0.20523
911	0.20313180399417877	0.27223	0.2056400000143051
912	0.20166808367729186	0.27135999999046323	0.20551000000476838
913	0.20034388164043426	0.2710900000143051	0.20485000000953674
914	0.20094053895950317	0.2718600000286102	0.20610000001430512
915	0.2007953646183014	0.27149000002861023	0.20575999999046327
916	0.20090420192241668	0.27189	0.20639000000476837
917	0.20092291631698608	0.27241000000953675	0.20612999999523163
918	0.20043119876861573	0.27154000000476836	0.2055400000143051
919	0.19931531641960143	0.27164999999046324	0.2066
920	0.19912236814498901	0.2716400000286102	0.20572
921	0.20063494111061095	0.27193000001907347	0.20476999999523163
922	0.19830210047721863	0.27160999999046326	0.20623000000476838
923	0.19994903291225433	0.27271999999046326	0.20666
924	0.19915885965824126	0.2725300000286102	0.20647000001430513
925	0.19790913886070252	0.27167000002861025	0.20566
926	0.19787466567993164	0.27173000000953673	0.20574999999523164
927	0.19890443724155427	0.2732200000190735	0.20659999999523163
928	0.19809634357452394	0.2723600000190735	0.2059800000143051
929	0.19780349297523497	0.2722900000286102	0.20564
930	0.1974895961856842	0.2723800000095367	0.2062
931	0.19671534608840943	0.27276	0.20701000000953673
932	0.19643690019607543	0.27259000000953676	0.20695000000476838
933	0.19519726492404937	0.2722199999952316	0.20720999999523163
934	0.19560813127994536	0.2716500000143051	0.20726000000953673
935	0.19446901736259462	0.27139	0.20607000000476838
936	0.19500181509017944	0.27220000000953676	0.20625999999523162
937	0.1948069758749008	0.2720699999904633	0.20687000000476838
938	0.19370339886665344	0.27131	0.20584999999046324
939	0.19509122966766357	0.27316999999046326	0.20718999999523163
940	0.1931185869550705	0.27192000001907346	0.2067600000143051
941	0.1927594411468506	0.27149999999046326	0.20720000000953676
942	0.19277160833358764	0.27188000002861024	0.20718000000953674
943	0.19325422836780548	0.27183	0.20712
944	0.1943554550266266	0.27254000000953676	0.20633000000476837
945	0.19201915465354918	0.2721300000190735	0.20749
946	0.19309445783615112	0.2717600000286102	0.20631000000953675
947	0.19257549981117247	0.27226	0.20686
948	0.1922958042192459	0.2724800000286102	0.20772
949	0.1919131290960312	0.2724600000286102	0.20759999999523163
950	0.19196823299407959	0.27209	0.20609999999523163
951	0.19176357055187226	0.2727700000190735	0.20762000000953673
952	0.1909969065952301	0.27264	0.20726999999523163
953	0.19142600440025329	0.2734200000143051	0.20778999999523162
954	0.19099374948978423	0.2726799999952316	0.20849999999523164
955	0.19007422701358795	0.2719600000143051	0.20636999999523162
956	0.19047598418235778	0.2725600000190735	0.20736000000953675
957	0.18939987298965455	0.27149000000476836	0.2072399999976158
958	0.18913566117286681	0.27180000000953675	0.20674000000476836
959	0.1886106519985199	0.2716400000190735	0.2070100000143051
960	0.18943445631027223	0.2716	0.20579000000476838
961	0.1884113967370987	0.2720500000095367	0.2073900000143051
962	0.189394879693985	0.2730500000095367	0.20817000000953675
963	0.18945951393127441	0.27315	0.20793999999523163
964	0.18983102248191833	0.27295000002861025	0.20751
965	0.1876998822927475	0.2716800000190735	0.20748000000953673
966	0.18780105427742005	0.27222999999046327	0.20723000000953673
967	0.18778599336624147	0.27189000002861025	0.20645000000476837
968	0.18715853366851806	0.2726800000190735	0.20811999999523162
969	0.1856911657190323	0.27210999999046326	0.20850999999523162
970	0.18869742900371553	0.2738000000143051	0.20851
971	0.1874187039232254	0.2731299999904633	0.20813999999523164
972	0.18560717906951904	0.27173000000953673	0.20837000000953673
973	0.18513968819618226	0.27220999999046325	0.20817
974	0.186872262840271	0.27314000001907346	0.20779000000476838
975	0.18677809772491455	0.27274000000953674	0.20679000000953673
976	0.18525952579498292	0.2726200000190735	0.20867000000476837
977	0.18535061209201814	0.2723100000286102	0.20766
978	0.18412661089420318	0.2719700000190735	0.20825000000953675
979	0.18571162040233613	0.2722200000095367	0.20711000000476837
980	0.1855912697839737	0.27264000000953675	0.20734000000476838
981	0.18430281232833862	0.27204000000953676	0.20790999999046325
982	0.18468191675186157	0.2723800000095367	0.20799000002861023
983	0.18341426305770875	0.27183	0.20834999999523163
984	0.18512922449111938	0.2731400000143051	0.20897000000953675
985	0.18473344416618348	0.27224	0.20762
986	0.1865380000782013	0.27299999999046326	0.20668000001430512
987	0.18472347920417787	0.27215999999046325	0.20731999999523162
988	0.1854828903245926	0.27277999999046326	0.20903000000476837
989	0.18338021027565002	0.27139000002861025	0.20785999999523164
990	0.18451526307106017	0.27133000001430513	0.20737999999523163
991	0.18583045390605926	0.2732299999952316	0.20791000000476836
992	0.18359331308364868	0.2720099999952316	0.20833999999523162
993	0.1859661700439453	0.27335000000953674	0.20837000000953673
994	0.18489378733158113	0.2720799999904633	0.20707000000476838
995	0.18374368300437927	0.27177000000476836	0.20759000000476838
996	0.1862171288871765	0.27236000000953675	0.20726
997	0.1842424693441391	0.2717800000190735	0.20796999999523164
998	0.1846144117593765	0.2724400000095367	0.20784000000476838
999	0.18483310831069946	0.2726599999952316	0.20769000000476837
