epoch	loss	acc	certified
0	5.3179958633422855	0.006	0.006
1	5.194716216125488	0.012720000000298022	0.012720000000298022
2	4.988163811187744	0.025740000002384186	0.025740000002384186
3	4.847449094238281	0.03820000000119209	0.03820000000119209
4	4.71375782043457	0.05228000000357628	0.05228000000357628
5	4.609160832519532	0.06304	0.06304
6	4.539995326538086	0.07238000000715256	0.07238000000715256
7	4.481974345245361	0.08064	0.08064
8	4.420011341705322	0.08828000000357628	0.08828000000357628
9	4.356172716522217	0.09871000001430512	0.09871000001430512
10	4.300805372924804	0.10500000000476838	0.10500000000476838
11	4.25024045501709	0.11414999999523164	0.11414999999523164
12	4.205266405944824	0.11972000001430512	0.11971000001430511
13	4.164956483535766	0.12624999999761582	0.12624999999761582
14	4.125114084472656	0.13324	0.13324
15	4.093250138702393	0.13765	0.13765
16	4.063928387451172	0.14311000001430513	0.14311000001430513
17	4.028340809936523	0.14949000000476836	0.14949000000476836
18	4.002423518676758	0.1548900000143051	0.1548800000143051
19	3.9723488188171387	0.15902000000476837	0.15901000000476836
20	3.9487038304138182	0.1609300000143051	0.1609300000143051
21	3.9243692385864257	0.1666500000143051	0.1666500000143051
22	3.9019790142059327	0.16940000000476838	0.16940000000476838
23	3.8805844482421876	0.17316	0.17311
24	3.8604467893981935	0.17688	0.17686
25	3.8444316890716554	0.17925	0.1792
26	3.826447674636841	0.18341000000953675	0.18333000000953675
27	3.8078280780792237	0.18648000000953674	0.18643000000953674
28	3.7990844582366945	0.18714000000476838	0.18712000000476836
29	3.779217895126343	0.19087000000476836	0.19081000000476836
30	3.7633024073028563	0.19375	0.19366
31	3.7544318803405763	0.19611	0.19597
32	3.7430505976867674	0.19817000001430513	0.19802000001430511
33	3.7289356078338622	0.19945000000953675	0.19932000000953673
34	3.7129931047058107	0.2020900000143051	0.2019300000143051
35	3.705176859436035	0.20377999999523164	0.20362999999523163
36	3.6929713366699217	0.20717999999523162	0.20705999999523164
37	3.6821626348876952	0.20789000000476837	0.20766000000476836
38	3.672902183456421	0.21181000000476838	0.21165000000476838
39	3.6634426890563967	0.21079999999523164	0.21061999999523162
40	3.651125638656616	0.21406000000953673	0.21370000000953673
41	3.642492632751465	0.21679000000953674	0.21651000000953674
42	3.62905572265625	0.22082	0.22049
43	3.622521191253662	0.21959000001430512	0.2193000000143051
44	3.6184872017669676	0.22135	0.22098
45	3.6102238619232176	0.22182000000953675	0.22139000000953674
46	3.601915213317871	0.22404000000953675	0.22367000000953674
47	3.5918735035705565	0.22651999999523162	0.22588999999523163
48	3.581409005203247	0.22864	0.2279
49	3.5785544049072264	0.22781000002861024	0.22711000002861023
50	3.5704465938568117	0.22988000000953673	0.22909000000953675
51	3.5636447256469728	0.23065000000953675	0.22981000000953675
52	3.55112043006897	0.23236000000953674	0.23160000000953673
53	3.544963282699585	0.23284000000476837	0.23190000000476838
54	3.546610005187988	0.23503000000476837	0.23399000000476838
55	3.538413941650391	0.23562000000953676	0.23458000000953674
56	3.529474785003662	0.23887000000953673	0.23783000001907348
57	3.522426004257202	0.23926000002861023	0.23774000002861023
58	3.515069083328247	0.24087000000953673	0.23949999999523164
59	3.5113750370788575	0.24282999999046326	0.24129
60	3.505256467971802	0.24197000000953675	0.24033000000953675
61	3.4997694419097902	0.24278	0.24108000000953675
62	3.5019426345825195	0.24385000001430512	0.24199000001430512
63	3.489477766723633	0.24677	0.24485
64	3.486965342788696	0.24728	0.24541
65	3.4816214810943604	0.24747	0.24526
66	3.4796118991088867	0.24755999999523162	0.2451900000143051
67	3.468942412109375	0.24783000000953676	0.24538000000953675
68	3.4685146617889404	0.2500200000190735	0.24714999999046325
69	3.460800944366455	0.25140000000476836	0.24837000001430512
70	3.4584027811431883	0.25212	0.24892
71	3.4535543936920168	0.2524200000286102	0.24880999999046324
72	3.453911895675659	0.25312000000476836	0.2496300000143051
73	3.441937638168335	0.25589	0.25239
74	3.437369881439209	0.25374	0.24982
75	3.442494751358032	0.2563400000095367	0.25192000000953674
76	3.436240940246582	0.25606999999046326	0.25199
77	3.43257050201416	0.25643999999523165	0.2519099999952316
78	3.42413016204834	0.2594800000286102	0.2547500000286102
79	3.4269364796447754	0.2577299999952316	0.2528999999952316
80	3.422021071395874	0.25820000000953675	0.2529600000095367
81	3.414391233215332	0.2610800000143051	0.25553
82	3.4157748490142823	0.2593800000286102	0.2536000000286102
83	3.405118328781128	0.26279000002861025	0.25623999999046326
84	3.400569395751953	0.26347999999046323	0.25674
85	3.3972110566711424	0.2626000000286102	0.25573000002861024
86	3.404163855133057	0.26376	0.25666
87	3.3971746153259277	0.2636900000047684	0.2559500000143051
88	3.390217155075073	0.26497000000953674	0.2569099999952316
89	3.38975442199707	0.26601	0.25726
90	3.387850828399658	0.2669200000190735	0.25838999999046325
91	3.380632817611694	0.26750999999046327	0.25839
92	3.383182557373047	0.2671299999904633	0.25751999999046327
93	3.378634665222168	0.26818000001430514	0.25829
94	3.3766500051116943	0.2700499999952316	0.2595799999952316
95	3.373250425491333	0.26951000002861025	0.2581
96	3.372454146194458	0.27121	0.2593600000286102
97	3.3669389023590086	0.26788	0.25571000000476835
98	3.3648900434875486	0.27279	0.26034
99	3.3622790383148193	0.27235	0.2593400000095367
100	3.350056011810303	0.27380999999046324	0.25992000000953674
101	3.3361511641693116	0.2739700000190735	0.25875999999046323
102	3.311002583465576	0.27519	0.2596600000286102
103	3.2920593168640138	0.27465999999046325	0.25972000000953677
104	3.2735564290618897	0.27659000000953676	0.25943999999046324
105	3.2551020848083496	0.2756799999904633	0.25893
106	3.2365161281585695	0.2778500000143051	0.26001
107	3.215898190612793	0.2779499999952316	0.2595400000143051
108	3.2004287453460694	0.27782999999046326	0.25771
109	3.1823500467681884	0.27815000000953677	0.25716999999046325
110	3.162054769744873	0.27851	0.2568300000143051
111	3.145073286819458	0.28014000001907347	0.25801999999046327
112	3.128395633392334	0.28096000000953675	0.25738000000953676
113	3.1096455319976806	0.2818900000047684	0.2580700000095367
114	3.091857106781006	0.28242000001907347	0.2574100000190735
115	3.0749670137023926	0.2814300000095367	0.2550500000286102
116	3.0570109854125977	0.28303000001907347	0.25511999999046325
117	3.0364511681365967	0.28397	0.2563400000190735
118	3.019593359298706	0.28426	0.2550700000095367
119	3.0067087495422364	0.2847100000095367	0.25497999999523163
120	2.9904239907836914	0.28659	0.2549400000286102
121	2.9744083054351806	0.28723	0.25530000001430514
122	2.955616283798218	0.2867600000095367	0.25431
123	2.9418261614227297	0.2861800000286102	0.25140000000476836
124	2.923991457824707	0.28919000002861023	0.25272000000953676
125	2.905409266052246	0.2891599999952316	0.2518200000047684
126	2.8919919218444825	0.2903200000095367	0.2518100000047684
127	2.873106944503784	0.28785999999523165	0.25048000000953674
128	2.8627273483276365	0.2897600000095367	0.24919000002861022
129	2.8452727465057372	0.2907300000047684	0.24948
130	2.828980017700195	0.29367000000953675	0.25099999999523165
131	2.8146240354156493	0.29279000000953675	0.24914000000953673
132	2.8006034062957763	0.29435000001907347	0.24843999999523164
133	2.7838301301574706	0.2922199999904633	0.24545000000476838
134	2.7714343506622314	0.29440999999046324	0.24684
135	2.7536388513946535	0.29471999999523163	0.24564
136	2.7425024394226076	0.2935900000095367	0.24405999999046327
137	2.728038943786621	0.29546	0.24394000000953675
138	2.71488707321167	0.2957300000190735	0.2428100000143051
139	2.6990024282073977	0.29695999999046324	0.24283
140	2.6876719235992432	0.29652999999046326	0.24098000000953673
141	2.6700648303985597	0.29745	0.24033999999046327
142	2.6572875539398195	0.29874000001907347	0.24017999999046324
143	2.644858488998413	0.2999999999904633	0.24038000000953674
144	2.629527676086426	0.29819	0.23764
145	2.618590634994507	0.2984200000095367	0.23696999999523163
146	2.606883981323242	0.3001300000190735	0.23558
147	2.5961986330413818	0.29976	0.23421
148	2.576625565338135	0.30144000000953675	0.23389
149	2.566106439819336	0.30039000000953675	0.2333700000190735
150	2.5533549101257322	0.30283999999046324	0.2331
151	2.544507970275879	0.30226000002861025	0.2305100000143051
152	2.531294647140503	0.30202	0.2292300000143051
153	2.5164988802337644	0.30248	0.2293800000143051
154	2.5063244193267824	0.30372000000953675	0.22891
155	2.4903877127075194	0.3037700000286102	0.2267900000143051
156	2.48204632270813	0.30440999999046325	0.22467000000476836
157	2.471146587753296	0.30463999999046326	0.22295
158	2.457742509536743	0.3047	0.2231300000143051
159	2.4424009480285647	0.30507000002861023	0.22266999999523163
160	2.43351120010376	0.3053100000190735	0.22090000002861024
161	2.424812635650635	0.30501	0.22004000000476837
162	2.412870174484253	0.30468999999046326	0.21761000000476838
163	2.404625947723389	0.30756999999046325	0.21937999999523164
164	2.393067438964844	0.30827	0.21762999999523164
165	2.374488847579956	0.30954000000953674	0.21787
166	2.367677218093872	0.30864000002861025	0.21476999999523164
167	2.356261099243164	0.3074600000095367	0.21245000000476838
168	2.3472934632873534	0.30620000002861025	0.21035000000476836
169	2.335299574584961	0.30950000000953676	0.21215
170	2.3249598554229736	0.3095000000286102	0.20987999999523163
171	2.3124373083496095	0.30906000000953676	0.21093000000953674
172	2.305852363510132	0.31033	0.20842999999523162
173	2.293075407180786	0.31093	0.20719000000476837
174	2.286044895553589	0.30904	0.20523999999523163
175	2.2781593293762206	0.30922	0.20451000000476838
176	2.2650728186035156	0.3103000000190735	0.20454999999523163
177	2.2555668674468996	0.3094300000190735	0.20108
178	2.2464179903411865	0.3111900000095367	0.20179000000953673
179	2.2365971543884275	0.31125999999523163	0.20145000000953675
180	2.2276794887542724	0.31103999999523163	0.19858999999523164
181	2.218161921081543	0.3115799999952316	0.19803
182	2.210303163986206	0.3105500000190735	0.19677999999523163
183	2.2025422467041014	0.3119600000095367	0.1954000000143051
184	2.1870863359069825	0.31156000000953676	0.19431000000953674
185	2.181779464416504	0.31252000002861025	0.1939499999976158
186	2.168552300415039	0.31316	0.19318000000953675
187	2.164690661239624	0.3128600000190735	0.19088
188	2.1589853508758545	0.31209	0.19164000000476838
189	2.144782976074219	0.3111499999904633	0.18909
190	2.137480891494751	0.31254000000953674	0.18788000000476837
191	2.1290732710266114	0.3129400000286102	0.18677
192	2.120514275894165	0.3131500000190735	0.18681000000476838
193	2.113392117843628	0.31322	0.18559
194	2.105009155731201	0.3118000000095367	0.18343000001430512
195	2.0943771403503417	0.31301000000953677	0.1833100000143051
196	2.088444471435547	0.3128800000286102	0.18149999999761582
197	2.0759950427246094	0.31311	0.18160000000476836
198	2.0704889542007447	0.31256999999046325	0.17904999999523163
199	2.059888546066284	0.3139299999904633	0.17975999999523162
200	2.0561432165527345	0.3138500000190735	0.17722999999523162
201	2.0483661918640137	0.31381	0.17575999999523162
202	2.039376303482056	0.31295000002861023	0.17536000000953675
203	2.0298568479156494	0.31362999999046326	0.17603
204	2.0238893468475343	0.31507999999046327	0.17508000000476837
205	2.014123498687744	0.31263000002861024	0.17227000000476836
206	2.0060020949554445	0.3131	0.17214000000953675
207	2.0026533726501463	0.3112800000286102	0.17025999999523161
208	1.9901342048645019	0.31404000000953675	0.17084000000953675
209	1.9869470445251465	0.31182999999046324	0.1679300000143051
210	1.9768762272644043	0.3130900000190735	0.16918
211	1.9690592362594606	0.31156000002861023	0.16697000001430512
212	1.961100527458191	0.3124299999904633	0.16707999999523163
213	1.9522393351745606	0.3122599999904633	0.16702999999523163
214	1.9446681063079834	0.3121600000190735	0.16595
215	1.9373527974700928	0.3111300000190735	0.16406000001430512
216	1.9295163059997558	0.31255000000953675	0.16445999999523161
217	1.9266744905090332	0.31262999999046326	0.16393000000476837
218	1.9165251610183716	0.31082999999046323	0.16251000001430513
219	1.9072392835998535	0.31309	0.16259
220	1.900029803390503	0.31083	0.16032000000476837
221	1.8928318871688843	0.31196999999046326	0.16160000000476837
222	1.8850370042800904	0.3127000000286102	0.1605400000143051
223	1.8783462966918945	0.31124999999046327	0.15931
224	1.872361223487854	0.3128100000286102	0.15995000001430512
225	1.8672379302597046	0.3110400000143051	0.15804000000715257
226	1.8591958304595948	0.31305000000953676	0.15819999999523163
227	1.850409228782654	0.31158000000953673	0.15746999999523162
228	1.8450725575256348	0.3120399999904633	0.15678000001430512
229	1.8363347301483155	0.31129999999046326	0.15593
230	1.82634452583313	0.30959000002861026	0.15541999999761583
231	1.8216997142791749	0.31107000002861024	0.15527999999523162
232	1.8132217028045654	0.30872	0.15381000000238418
233	1.8102846220779418	0.3099200000190735	0.1525300000143051
234	1.8006582066345216	0.3105399999904633	0.1539
235	1.793109288482666	0.31133999999046325	0.1534100000143051
236	1.789238468170166	0.31102	0.15327000000715255
237	1.7818522980499267	0.30843999999046323	0.15006000000476838
238	1.7743234538650512	0.31015000000953674	0.15301
239	1.7681328949356079	0.31004	0.1511300000023842
240	1.7593692566680907	0.30868999999046326	0.15166000000476837
241	1.7503409552764893	0.30889	0.15125000000953676
242	1.7464924060821534	0.3087100000286102	0.14972000000715255
243	1.7386969223022462	0.30983000000953675	0.15010000000476836
244	1.7338530094909668	0.30886000002861025	0.14900000000953675
245	1.7257781173706055	0.3081499999904633	0.14933999999761582
246	1.71891529296875	0.30820000002861025	0.14829000000476839
247	1.7106514240264892	0.30849000000953675	0.14874000000476836
248	1.7060837391281127	0.30918	0.14772999999523162
249	1.69661444480896	0.3073800000286102	0.1473
250	1.69104839138031	0.30804999999046323	0.14739
251	1.6856625196075439	0.3088700000190735	0.14709000000476838
252	1.6780430491256715	0.30630000002861024	0.1455800000023842
253	1.671661372756958	0.3081499999904633	0.14621999999523164
254	1.6679835726928711	0.3081500000190735	0.14555000000476837
255	1.6609574044036866	0.3081600000190735	0.14601
256	1.6547275376129151	0.30658	0.14301000000715255
257	1.6459565705490111	0.30559000000953673	0.1455100000143051
258	1.637770083580017	0.3052700000286102	0.14503999999523162
259	1.6338874876785279	0.30635000002861024	0.14420000000476837
260	1.6276604972076416	0.30833000000953675	0.14413999999761581
261	1.6202022679138184	0.30583000000953675	0.14378000000476837
262	1.6134014358901978	0.3045	0.14356
263	1.6080308837127686	0.30597000002861025	0.14245000000715255
264	1.602995832710266	0.3043000000095367	0.14208000000953674
265	1.5974866047286986	0.3062600000143051	0.14304000000476838
266	1.5889330513763427	0.3047100000190735	0.14295000000715255
267	1.5838277124786377	0.30414	0.14249000000476836
268	1.5793635802078247	0.3064500000286102	0.14195
269	1.5708795984649657	0.30487000002861026	0.14170999999523162
270	1.5669543787002564	0.30506000000953676	0.14137000000715255
271	1.5617534730911256	0.3056000000286102	0.1421500000143051
272	1.55269640209198	0.30324000002861023	0.14042999999523162
273	1.5480641580963135	0.30280000002861024	0.14094
274	1.541354592895508	0.30294	0.1411500000143051
275	1.535332116203308	0.30288999999046323	0.14073
276	1.5281839891052247	0.30254000000953674	0.14132999999523163
277	1.5232114709472657	0.30123	0.1396
278	1.5166239812088014	0.3021399999952316	0.14066000001430512
279	1.5084864306259156	0.3008100000095367	0.14076000000953676
280	1.5034758255767822	0.30065000002861025	0.13950000000476837
281	1.4993540939712524	0.3008600000190735	0.13948000000476837
282	1.4914597742843627	0.30113000000953677	0.13991999999523164
283	1.4867462686157227	0.30291	0.13938
284	1.4810118848037719	0.30112	0.13917000000476837
285	1.4716815950393676	0.3016000000190735	0.14057000000476838
286	1.4682325466537476	0.30107000000953676	0.14006999999761582
287	1.4634995155334474	0.3007699999904633	0.1382999999976158
288	1.4585840769195557	0.3006	0.13921
289	1.4522865246963501	0.29951000000953676	0.1387000000143051
290	1.445633628616333	0.29881	0.13811
291	1.4408148474121094	0.30031	0.13911
292	1.4362091623687745	0.30076000002861025	0.13811000001430512
293	1.427618230819702	0.29739	0.13845999999523162
294	1.424964941253662	0.29958000002861024	0.1381000000143051
295	1.4184512704467773	0.2993800000190735	0.13837000000476837
296	1.4110025564575195	0.29907000002861023	0.13838
297	1.4094289558410644	0.3001700000286102	0.13816
298	1.4025800328826905	0.2983800000286102	0.13840000000715255
299	1.394357022705078	0.29752	0.13894
300	1.3908064056015015	0.29811000000953675	0.13735000000476838
301	1.3840031757354736	0.2974100000190735	0.13790999999523162
302	1.3778684575271607	0.29724999999046325	0.13807
303	1.3722984016418458	0.2966700000286102	0.13774000000476838
304	1.3700981898498534	0.29690000000953676	0.13799
305	1.3646072594833374	0.2981	0.13766
306	1.3581968655776977	0.2957800000286102	0.13686000000238419
307	1.3515598250579834	0.29609000002861025	0.13760000000476838
308	1.3454497986602783	0.2939700000190735	0.13677000000476838
309	1.3443484032058717	0.29565	0.13663
310	1.3353156833267212	0.29370000002861024	0.13659999999761582
311	1.3300375420379638	0.29389000000953674	0.13794000000238418
312	1.3272988007354736	0.2961600000190735	0.13729
313	1.3204754153442382	0.29549	0.13750999999761582
314	1.3163583393859863	0.29420000001430513	0.13672000000238418
315	1.3054810893630981	0.29207000000953676	0.13802000001430512
316	1.3064408343887328	0.29494999999523164	0.13696
317	1.302502671508789	0.29528	0.13664
318	1.2956894297790527	0.29308999999046326	0.13486000000476836
319	1.287704321784973	0.2933800000190735	0.13783999999761581
320	1.281940955619812	0.29171	0.13694
321	1.280408231048584	0.29459000001430513	0.13720000000476837
322	1.2742036641311645	0.29299	0.13685999999523163
323	1.2694473390197754	0.29211000000953674	0.13695000000953675
324	1.2638546284484864	0.2928799999952316	0.13766000000238418
325	1.2587560905456543	0.29274000001907347	0.13754
326	1.254412050666809	0.2921900000143051	0.1370400000023842
327	1.2503977806854247	0.29100999999046323	0.13672999999761581
328	1.2435653666687012	0.29097999999046326	0.13783000000476836
329	1.2376786350250244	0.29035999999046325	0.13727000000715256
330	1.2329559915542603	0.29157	0.13768000000715255
331	1.2274289724731446	0.29079	0.13674000000476838
332	1.225796760368347	0.2920400000095367	0.13775000001430512
333	1.2153048458480835	0.28818	0.13729999999523163
334	1.213965830039978	0.2890000000190735	0.13618000000953676
335	1.2063511669540405	0.28861999999523164	0.13734999999761582
336	1.2020725296020507	0.28824999999046325	0.13758000000238418
337	1.1985021849441528	0.28904000002861024	0.13813000000476838
338	1.1923277155685426	0.28877000002861025	0.13754000000476838
339	1.187338459777832	0.28782999999046327	0.13839999999761582
340	1.1846100957489014	0.28927000002861025	0.13826
341	1.1788244546508788	0.2876100000190735	0.13759000000476837
342	1.1746282484436035	0.2885400000095367	0.13732
343	1.1708656861877442	0.28716	0.13735000000476838
344	1.1660466592407226	0.28721	0.13748000000476837
345	1.1624500090789796	0.28918	0.13804999999523163
346	1.1572547756195068	0.28718	0.1375000000023842
347	1.1539215549468995	0.28801	0.13734000000476837
348	1.1483960721969604	0.28682999999046327	0.13787000000476837
349	1.1406394254684449	0.28545999999046323	0.1380400000143051
350	1.1387620607376099	0.2860400000190735	0.13730000000953674
351	1.133849122390747	0.28691000001907346	0.13811000001430512
352	1.130485556869507	0.2874500000190735	0.13786
353	1.1217501504135132	0.2842900000286102	0.13739
354	1.1201905130767822	0.2860800000286102	0.13796000000953673
355	1.1162356979370118	0.2873	0.13833999999761581
356	1.1090316086196899	0.2851800000286102	0.1390400000143051
357	1.1091032688903808	0.28627000000953673	0.1390100000143051
358	1.1005201293945313	0.28447999999046325	0.1393
359	1.0997546341705322	0.28579	0.1390199999976158
360	1.0937504176330566	0.2849900000190735	0.13812
361	1.088604762611389	0.2848900000047684	0.13846999999523163
362	1.0846652505874634	0.28426000002861024	0.13886999999523164
363	1.0832458393096924	0.2858400000286102	0.13819999999523164
364	1.0770559307861327	0.28446999999046324	0.13778999999761582
365	1.0726184201431275	0.28402999999523165	0.13812999999523162
366	1.0656033404922485	0.2820500000190735	0.13867000000476837
367	1.0635442154312134	0.28370000000953677	0.1384699999976158
368	1.0570492016983033	0.28169000000953676	0.13994000000238419
369	1.053146224899292	0.2824100000286102	0.13980000000715256
370	1.0512548885345459	0.2828999999904633	0.1384399999976158
371	1.0465581424713135	0.28325000001907347	0.13841000000953674
372	1.0438439488601685	0.2842799999904633	0.13858000000476836
373	1.0379335176086426	0.28269	0.13859
374	1.034730619316101	0.28381	0.1398299999976158
375	1.0280064357757568	0.28240999999046323	0.13990000000476838
376	1.025143366546631	0.2823400000190735	0.14041
377	1.0241779370498658	0.28338000002861025	0.13874000000238418
378	1.0196976467132568	0.2827100000095367	0.13831000000476837
379	1.0128976055145265	0.28149000002861024	0.14088
380	1.006814104499817	0.28030000000953675	0.13996000000476838
381	1.0031252661132812	0.27954000002861024	0.13902999999523163
382	1.0025676051712036	0.28121000002861024	0.14039000000476837
383	0.9951774197006226	0.27952999999046324	0.14080999999761581
384	0.9935787303543091	0.28147000001907346	0.14023
385	0.9917609242630004	0.2833500000286102	0.1409200000143051
386	0.9851899757003785	0.2804600000286102	0.14050000001430513
387	0.9826194815826416	0.28208000001907346	0.14016000000953674
388	0.9778871167373657	0.28067	0.14052000000476836
389	0.9728277273941041	0.27942000000953676	0.13985000000476838
390	0.9703482535171509	0.27924000000953675	0.14074
391	0.9669271648025513	0.2812200000190735	0.1411299999976158
392	0.9637028755569458	0.28195	0.14153000000476837
393	0.9607107398414612	0.2813500000286102	0.14215999999523163
394	0.9553402252578735	0.28074000000953675	0.14152000001430512
395	0.9522907950782776	0.2802100000095367	0.14091999999523164
396	0.9466817325401307	0.27916	0.14098000000476837
397	0.943197999343872	0.27908000001907346	0.14170000000953675
398	0.9418152158927917	0.2805700000190735	0.14124000001430512
399	0.9352693921279908	0.2787400000143051	0.1411200000023842
400	0.9349946444129944	0.27937000000953677	0.14019000000476836
401	0.9295973491859436	0.27959000000953677	0.14177000000715256
402	0.9263687691879272	0.27989	0.1409000000143051
403	0.9237044665908813	0.2794299999952316	0.14149000000476838
404	0.9175847353363037	0.27794	0.14091000000953674
405	0.9181356755828858	0.28021	0.14110000001430512
406	0.909079553527832	0.27758999999046324	0.14197
407	0.9051980229759217	0.2771299999904633	0.14155000000476836
408	0.9051725603866577	0.2792900000286102	0.1415900000143051
409	0.8999425034332276	0.27749	0.14091000000953674
410	0.8972702298927308	0.27805000000476837	0.1418299999976158
411	0.8936668436431885	0.27834	0.14282000000953674
412	0.8889211529731751	0.27652	0.14209
413	0.8878635537338256	0.27843000002861024	0.1415400000143051
414	0.8827452506065369	0.2765000000190735	0.14135000000476838
415	0.8815099877929687	0.2783800000095367	0.14223000000953676
416	0.8762556730651856	0.27793000002861024	0.14293000000953673
417	0.8753518821334839	0.27848000001907347	0.14206000000715255
418	0.8701882768630982	0.27744999999046327	0.14203
419	0.8679553540039062	0.27829999999046323	0.14247999999523162
420	0.8633283360099793	0.27761000000953673	0.14324
421	0.8569433286285401	0.27538	0.14292000000476837
422	0.8575329907798767	0.27671999999046326	0.14217000000953675
423	0.8551588526725769	0.2771700000047684	0.14280999999523164
424	0.8529345664405823	0.27826000002861023	0.14205000000953674
425	0.845764688911438	0.27561000002861025	0.14307000001430512
426	0.8445593733978272	0.27662000000953674	0.14222000000715257
427	0.8402845337867737	0.27574999999046323	0.14334000000953676
428	0.8371889278030396	0.27575	0.14310000000476839
429	0.8346272939300537	0.27643999999046326	0.14255000000953674
430	0.8294675316619873	0.27594999999046327	0.14424000001430512
431	0.8275781756591797	0.27566000002861024	0.14304000000238418
432	0.8231566068649292	0.2763799999952316	0.14505999999761582
433	0.8226066460418702	0.2767	0.14360000000715256
434	0.8191680262374877	0.27546999999046323	0.14189000000715254
435	0.8173369423103333	0.27625000001907346	0.14233000000476836
436	0.812182060585022	0.2747900000286102	0.14228000000953675
437	0.8095686165237427	0.27520000001907347	0.14328000000953675
438	0.8054420656585694	0.27463999999046323	0.14351
439	0.8035847284698486	0.2754600000286102	0.14342000000953675
440	0.801149708404541	0.27526000000953676	0.14283
441	0.7984131638717651	0.27600000000953673	0.14323000000476838
442	0.794269525680542	0.27541999999046324	0.14392000000476837
443	0.7916006039428711	0.27511000002861025	0.14441000000953674
444	0.7885215056991577	0.27550000002861025	0.14436
445	0.7846738819122314	0.2750100000143051	0.14418000000476838
446	0.7823552922439575	0.27453000000953676	0.14364999999761582
447	0.7770361016464233	0.2723300000095367	0.14368999999523163
448	0.7768158905792236	0.27348	0.14301000000953673
449	0.7741329891204835	0.27433	0.14353
450	0.7681797761917114	0.2735800000143051	0.14493000000476838
451	0.7693993425750733	0.27543999999046326	0.14470000000476838
452	0.7668056288909912	0.27554000000476836	0.14425999999761582
453	0.7619920082855225	0.2746100000095367	0.14520999999523163
454	0.7579367914390563	0.27289999999046327	0.14454
455	0.756764116191864	0.2729700000143051	0.14332000000715256
456	0.7547364776992798	0.27517000002861025	0.14494000000953675
457	0.7512748560523986	0.27370000000953676	0.1435499999976158
458	0.750265444355011	0.2745300000286102	0.14391000001430512
459	0.7463617715454102	0.27393000000953677	0.14482000000953674
460	0.7451549894332886	0.27551	0.14470000000953676
461	0.7408283034706116	0.27308999999523165	0.14425
462	0.7369901442527771	0.27253000001907346	0.1444800000143051
463	0.7333425980567932	0.2719400000190735	0.14402000000953674
464	0.730575740776062	0.27265000001907347	0.14568000000476838
465	0.7277116645431518	0.2715700000286102	0.14444999999523161
466	0.726943823223114	0.2719	0.14409000000476838
467	0.7263273128128052	0.27395	0.14447
468	0.7229589998817444	0.27346999999523164	0.14488000000238418
469	0.7210448682594299	0.27444	0.14502
470	0.7166432265853881	0.27316000002861024	0.14585000000953674
471	0.7118379577445983	0.27161000002861024	0.14530000001430513
472	0.7111354500579834	0.2721100000095367	0.14484000000476838
473	0.7080116468429566	0.27271000000953677	0.14669
474	0.7053332892990112	0.27179000000953674	0.14500999999761582
475	0.7024337203407287	0.2714699999904633	0.14476000000953673
476	0.7002219459342957	0.2713900000190735	0.14503999999761583
477	0.6965813480186462	0.27104000001907347	0.14544000000476837
478	0.6970118083953858	0.27315000000953676	0.14497
479	0.6924043783950806	0.27114000000953675	0.14572000000476837
480	0.6911585492706299	0.27243999999046326	0.1463
481	0.6890894166946411	0.27277	0.1463
482	0.686692835559845	0.27297999999046324	0.14697
483	0.6840531374168396	0.27212	0.14643000001430512
484	0.6807566220855713	0.27230999999046324	0.14725000000476837
485	0.6802651796340943	0.27193000001907347	0.1453900000143051
486	0.6746958036804199	0.27094999999046326	0.14688000001430512
487	0.6741854378509522	0.2715200000286102	0.14599000000953674
488	0.6697187388420105	0.2701700000047684	0.14584000000715255
489	0.6673083058166503	0.27032000000953676	0.14665000001430512
490	0.6661832727050782	0.27158000000953675	0.14702
491	0.6615199979972839	0.2700000000095367	0.14587000000476838
492	0.6596672117424012	0.2696900000047684	0.14621000000238418
493	0.6587286595153808	0.2715100000047684	0.14694
494	0.655865247592926	0.26998000001907346	0.14685000001430512
495	0.6528822804641724	0.26970999999046325	0.14705000001430513
496	0.6535928482437133	0.27131000000953676	0.14596000001430512
497	0.6499325952339172	0.27153	0.14785999999761582
498	0.6481806654930115	0.2707400000143051	0.14590000000476838
499	0.642644016456604	0.26892000000476834	0.14663
500	0.6420114175415039	0.26981000000476835	0.14700999999523162
501	0.6407018035507203	0.2704100000286102	0.14635000000953674
502	0.6375832661056519	0.27061	0.1480600000143051
503	0.6361600497627258	0.27096	0.14664000000476837
504	0.6324720066833496	0.27008999999523164	0.1477700000023842
505	0.6304198050880432	0.27015000000476835	0.1490399999976158
506	0.6258329625892639	0.2693800000190735	0.14861
507	0.6249815704727173	0.2695100000190735	0.14784999999523163
508	0.6210403122520447	0.26876000001907346	0.14915000000953674
509	0.6198647773361206	0.26902999999046323	0.14910999999523164
510	0.6172619605636597	0.26979000002861026	0.14889999999523162
511	0.6137867635726929	0.26999999999046326	0.15061
512	0.6119336296844482	0.26954	0.15015000000953674
513	0.6114564704322815	0.2706199999952316	0.15010999999761582
514	0.6070805428695679	0.2697999999904633	0.15143000000476836
515	0.6046671697616577	0.26825000000953675	0.14974000001430512
516	0.6031548971176147	0.2707400000190735	0.15174
517	0.6019389487075806	0.27055000002861024	0.15313999999523162
518	0.5994890704154968	0.26958999999523164	0.1511100000143051
519	0.5977923196601868	0.2706600000190735	0.15230000000476837
520	0.5950055434799194	0.2705200000190735	0.15286999999523163
521	0.5926314171981811	0.27016	0.15214
522	0.5898829229545594	0.2699000000047684	0.15218000001430512
523	0.5874037328720093	0.2699	0.15294000000953675
524	0.5865360049819947	0.27020999999046325	0.15314000000953673
525	0.5846628603744507	0.26972999999046327	0.15149999999523162
526	0.5816923727226258	0.27089999999046327	0.1543600000143051
527	0.5808510652923584	0.27123000002861025	0.15389999999523163
528	0.5768676429557801	0.26983999999046326	0.1542400000143051
529	0.5743775481986999	0.2697800000190735	0.15403999999523163
530	0.5727799858283996	0.2703500000286102	0.15434000000476839
531	0.5716310005760192	0.2707299999952316	0.15401
532	0.5697599718475341	0.2718000000286102	0.15595000000476839
533	0.5686680790901184	0.27143	0.15480999999523162
534	0.5661350141143798	0.27229000000953674	0.15662
535	0.5624563245010376	0.2714200000286102	0.15779000000476837
536	0.5618620259857178	0.27111999999046327	0.15659
537	0.5569629161453247	0.2699699999904633	0.15620999999523164
538	0.5557688599395751	0.2698299999952316	0.15621000000715254
539	0.5557348373413086	0.2713500000286102	0.15689000000476838
540	0.5548911307907104	0.27211999999046327	0.15682999999523162
541	0.5502172503089905	0.27082000000476836	0.15777000000476837
542	0.5476776165580749	0.27084000000953673	0.15787000000476836
543	0.5454665697860718	0.2708	0.15904
544	0.5451804675674439	0.27156	0.1581799999976158
545	0.5438798095703125	0.2726600000190735	0.15939999999523163
546	0.5386849044036865	0.27033000002861024	0.1587700000143051
547	0.5382876360702514	0.27163	0.15898000000953674
548	0.5350008651161194	0.2704800000286102	0.15882000000953675
549	0.534147174243927	0.2714100000190735	0.15936000000476838
550	0.5316208551216125	0.2706899999904633	0.15873000000953674
551	0.531622630443573	0.27170000000476835	0.15943999999761582
552	0.530694444770813	0.2723500000190735	0.15971000000953675
553	0.5267510155296325	0.27127000002861024	0.15965
554	0.5269478540229797	0.27198000000953676	0.16005000000953673
555	0.5230796332740784	0.2714599999904633	0.16085999999523162
556	0.5202917670059204	0.27185	0.16221999999523162
557	0.5219699449157715	0.27315000000953676	0.16102
558	0.5186089425373077	0.27296	0.16179000000953675
559	0.5139064413642883	0.27038000002861023	0.16061000000476838
560	0.513416985092163	0.27058999999046324	0.16031999999523164
561	0.5116105341339111	0.27091000000953674	0.16174000000476838
562	0.5083840502929687	0.27069999999523164	0.16291999999523163
563	0.5085559641265869	0.2722800000190735	0.16224000000476838
564	0.5070756073760986	0.2721800000143051	0.1624999999976158
565	0.5035489924430847	0.27193000000953677	0.1636300000143051
566	0.5032901645088196	0.2722700000095367	0.16306000000953674
567	0.5026862934303283	0.27326999999046325	0.16346000000953675
568	0.5013561204528808	0.2727999999904633	0.16257000000715255
569	0.49821412031173706	0.27286000000953675	0.16432000000953675
570	0.49695388634681703	0.2730700000190735	0.1646
571	0.4959573812103272	0.27267	0.16369000001430511
572	0.4905951939964294	0.27148000000476835	0.16489
573	0.48918938435554504	0.27158999999523165	0.16483000001430512
574	0.49111715057373045	0.27259999999046325	0.16307999999523162
575	0.48743435338020324	0.2725500000095367	0.16491
576	0.4864663538360596	0.27285000000953674	0.16516000000476838
577	0.48469509357452395	0.27262000002861025	0.1660200000143051
578	0.48363543994903563	0.27419000000953675	0.16674999999523163
579	0.4805435084438324	0.2723399999952316	0.16603000001430512
580	0.47955129245758055	0.27301	0.16715000000953675
581	0.4766019878292084	0.2724500000190735	0.16748
582	0.47513920545578003	0.27290000002861026	0.16821
583	0.47526987310409546	0.27393000001907347	0.16703000000953674
584	0.47294801843643186	0.27326000000953676	0.16694000001430512
585	0.47062461760520935	0.2736799999904633	0.16776000000953675
586	0.47093927010536196	0.27426000000953676	0.16803000000476837
587	0.4688567486381531	0.2744400000095367	0.16825000000953674
588	0.4667673108291626	0.27478000000953673	0.17026000000953675
589	0.46652509305000306	0.27432000000953677	0.16806999999523162
590	0.46531038390159607	0.2744500000190735	0.1681800000143051
591	0.4631717924690247	0.27521	0.16952
592	0.45765736700057985	0.27125999999523165	0.16850000001430512
593	0.4582803153991699	0.27306000000953673	0.16894000000476836
594	0.45954245407104494	0.27559999999046325	0.17020000000476837
595	0.4573380599975586	0.2755000000190735	0.17062999999523162
596	0.45355890478134153	0.27275999999046324	0.16912
597	0.4536467849636078	0.2748400000047684	0.17032
598	0.45317866525650025	0.2751299999904633	0.17087
599	0.4505821369552612	0.27395000002861025	0.17075000000476837
600	0.4508236343765259	0.2752500000286102	0.1701800000143051
601	0.4478040365409851	0.27492999999046325	0.17157000000476838
602	0.44557871297836305	0.27542000000953676	0.1724500000143051
603	0.44419861450195314	0.27494	0.17199
604	0.4444067270183563	0.2758300000190735	0.17197000000953674
605	0.4416410102844238	0.27482000002861023	0.17203000000476837
606	0.44116304533004763	0.2768500000286102	0.17318
607	0.43913914286613465	0.2755000000095367	0.17289000001430513
608	0.43851731554985046	0.2765699999904633	0.17344000000953674
609	0.43689694801330564	0.27526000002861023	0.1721500000143051
610	0.4337967520141602	0.27553000000476835	0.17307000001430511
611	0.43342210109710694	0.27628000000953673	0.17418000000953673
612	0.4315418885231018	0.27505	0.17329000000953673
613	0.4285868615341187	0.27462000000953674	0.17488
614	0.42899004306793215	0.27652	0.17524
615	0.4270041357707977	0.27632999999046326	0.17522
616	0.4260084620666504	0.27581999999046325	0.1744200000143051
617	0.4255675776576996	0.27643	0.17492000000953675
618	0.42316893377304077	0.27610999999046326	0.17588000000953674
619	0.42199312470436096	0.2759499999952316	0.17480999999523164
620	0.42079498914718627	0.27562999999523163	0.17519000001430513
621	0.4173170124721527	0.2749900000095367	0.1754200000143051
622	0.41762921398162844	0.2762899999904633	0.17572999999523162
623	0.4170133455848694	0.2748400000190735	0.17416999999523164
624	0.4146497337722778	0.27561000002861025	0.17561
625	0.4134421398448944	0.27675000000953676	0.17679000000476838
626	0.4113010538101196	0.27599	0.1771100000143051
627	0.4112489773750305	0.27578000002861025	0.17624000000476836
628	0.4109197767162323	0.27685000000953675	0.17715000000476838
629	0.40961485179901125	0.2774200000286102	0.17725999999523162
630	0.4089278051185608	0.2778300000047684	0.17732000001430512
631	0.40869612077713013	0.27864999999046325	0.17788999999523164
632	0.40514807317733764	0.27758000000953675	0.17872
633	0.4034917228603363	0.27590000000953674	0.17651999999523163
634	0.40217646821975706	0.27669	0.17829000000953674
635	0.3996963292312622	0.27701000000953674	0.17993999999523164
636	0.4013470915031433	0.2772000000286102	0.17826
637	0.3993373317718506	0.2771000000095367	0.17749000000476836
638	0.39811286066055296	0.27734999999523163	0.17873000000476838
639	0.3959112593650818	0.27603999999523166	0.17807000001430512
640	0.39613696115493774	0.27690000000953674	0.17810000000476836
641	0.3931483968544006	0.2772300000190735	0.17951000001430512
642	0.3918386255073547	0.27751000000953674	0.18086999999523162
643	0.3929125295639038	0.2786799999904633	0.18043000000953674
644	0.39048546661376954	0.2778000000047684	0.18103999999523163
645	0.38802177339553834	0.2768800000190735	0.18076000001430512
646	0.388776173286438	0.27854999999046326	0.18011000000953675
647	0.38822210988044736	0.27939	0.18100000000476837
648	0.3857900953483582	0.2788200000095367	0.18104000000953674
649	0.3852001545715332	0.27796000000953675	0.18005000000715254
650	0.3862240377807617	0.27966999999046327	0.18191
651	0.3833797346019745	0.2785800000286102	0.18115999999523164
652	0.3807410260772705	0.27789000000953673	0.18155000000476837
653	0.37871931324005126	0.27734	0.18251000000953674
654	0.37681882964134217	0.27705000002861024	0.18214999999523163
655	0.3789882275390625	0.27907	0.18231000000476838
656	0.3757204580116272	0.27808999999523165	0.18236
657	0.3750017110824585	0.27799999999046326	0.18266000000476837
658	0.3760406543254852	0.27913	0.18201000000476839
659	0.37496820585250856	0.2802500000286102	0.18393000000953674
660	0.374520751991272	0.28054	0.18345000001430511
661	0.37098315927505493	0.27954	0.18451000000953674
662	0.3728027026367188	0.2811600000047684	0.18387000000953674
663	0.3694105424880981	0.2799599999904633	0.18495000000476838
664	0.36894884585380555	0.28065000000953677	0.18546000000953675
665	0.3671312867355347	0.27978000002861025	0.18548
666	0.3660457512664795	0.27963000000953675	0.18444000000953675
667	0.36468921173095703	0.27954000002861024	0.1846300000143051
668	0.36387450225830076	0.27992999999046325	0.18541000000476837
669	0.36362690181732177	0.2806800000047684	0.18571999999523162
670	0.3634431565952301	0.28089000002861025	0.18531000000476838
671	0.3616253357028961	0.2815000000047684	0.18641999999523162
672	0.3608458172702789	0.28189000002861025	0.1876
673	0.3582446033859253	0.27945000002861026	0.18500000000476838
674	0.35960768278121946	0.2818200000095367	0.18731000000476838
675	0.3561395913410187	0.2813500000286102	0.18754000000953674
676	0.35624481366157534	0.28151999999046323	0.18703000000953673
677	0.3552774686717987	0.28060000002861024	0.18653
678	0.35325652702331545	0.27965	0.18637000001430512
679	0.3509047441101074	0.2800099999904633	0.18819
680	0.3508630301094055	0.2793300000190735	0.18639000000476838
681	0.3504382440757752	0.2804900000190735	0.18696
682	0.3497948038864136	0.28082	0.18772
683	0.3478547588920593	0.2803700000190735	0.18846000000476837
684	0.3501564525318146	0.2826199999904633	0.18834000000476836
685	0.34617653491973877	0.28050000000953673	0.18814
686	0.34678383984565736	0.28187000000953677	0.18801000001430512
687	0.345316037607193	0.28262	0.19010999999523162
688	0.34415348523139955	0.28140000000953674	0.18828000000953674
689	0.34246616510391237	0.2815600000286102	0.19012999999523164
690	0.3434979447364807	0.2831199999904633	0.19076000001430513
691	0.34012651805877686	0.2810999999952316	0.18970999999523164
692	0.34064826723098757	0.2822200000190735	0.19138999999523162
693	0.3381520560646057	0.2817800000190735	0.19117000000476836
694	0.3373817021083832	0.28157	0.19002000000953675
695	0.3372582530403137	0.28201999999046323	0.19092000000953674
696	0.3362341235923767	0.2825200000286102	0.19061000001430511
697	0.33721246012687683	0.28466000000953673	0.19246
698	0.33470042155265806	0.28346	0.19245999999523164
699	0.3324577252483368	0.28217000002861026	0.19179000000953675
700	0.33333832248687745	0.28219000000953676	0.19128000001430512
701	0.33182548629760744	0.28253000002861023	0.19157999999523162
702	0.3331881530857086	0.2845700000047684	0.19254000000953675
703	0.3303937872314453	0.2837700000190735	0.19369
704	0.3307222170257568	0.2847900000286102	0.19341999999523163
705	0.3290920198726654	0.2843700000095367	0.19357000000476837
706	0.3275576560020447	0.2839500000286102	0.19357000000953675
707	0.32443662774085996	0.28178	0.1934400000143051
708	0.32639295015335085	0.2842600000095367	0.19403000001430512
709	0.326233091506958	0.28424	0.19329
710	0.32544398970603944	0.28486000000953676	0.19461
711	0.32306854687690734	0.2844300000095367	0.19422000000953674
712	0.3226754865074158	0.28482	0.19465
713	0.322097818813324	0.2840000000190735	0.19426
714	0.3211462477684021	0.28534	0.19612999999761582
715	0.32213136402130127	0.28573999999046323	0.19533000000953674
716	0.31963075450897216	0.28497000001907347	0.19618999999523162
717	0.3195057260322571	0.28510999999046327	0.19530000000476838
718	0.3192296107006073	0.28562999999046323	0.19667000000953674
719	0.3192123487472534	0.28599	0.19448000000476837
720	0.31635362241744996	0.28512999999046323	0.19619000000476838
721	0.31518761392593386	0.28514	0.1963200000143051
722	0.31305523401260377	0.28444000002861025	0.19650000000953674
723	0.3152139337539673	0.28684	0.19767000000953674
724	0.3128319190406799	0.28597000000953676	0.19750999999523164
725	0.3137600829315186	0.2862899999904633	0.19622999999523164
726	0.3113881663894653	0.28541999999046325	0.19725000000953674
727	0.3105717262268066	0.28656999999046323	0.19820999999523162
728	0.3089750757598877	0.28559999999046326	0.19747999999523164
729	0.3100297560310364	0.28757999999046324	0.19809000000953675
730	0.3082480173587799	0.2864300000095367	0.19852000000953673
731	0.3068534172153473	0.28584000000953674	0.19798999999523162
732	0.3071177335643768	0.2873400000286102	0.19924999999523163
733	0.3053987675476074	0.28652	0.19881
734	0.30684301443099976	0.28697	0.19799000000476838
735	0.3047626366996765	0.28738	0.19905
736	0.30219787897109984	0.2859800000190735	0.20026
737	0.30345875847816467	0.2873700000095367	0.20007000000953673
738	0.30353816371917725	0.28723	0.19942
739	0.3006922035121918	0.28713000000953676	0.20147000000476836
740	0.3006749822425842	0.2880600000190735	0.20144000000953674
741	0.3008495147323608	0.28801999999523165	0.20064000000953675
742	0.2989472028160095	0.28775000001907347	0.20146
743	0.3004915825843811	0.28844000002861026	0.20103
744	0.297850660905838	0.2878400000190735	0.20109000000476837
745	0.2979303495979309	0.2878100000190735	0.20103999999523162
746	0.2959717185020447	0.2877100000095367	0.20130999999523164
747	0.2942565397262573	0.28670999999046326	0.20128999999523162
748	0.29539590877532956	0.28808000000953676	0.20195000000953675
749	0.29305960491657257	0.28709000002861024	0.20225000000953675
750	0.2946213655662537	0.28901	0.20230000000953674
751	0.2913453412437439	0.2871599999952316	0.2023400000143051
752	0.2913292841911316	0.2878999999904633	0.20318000000476838
753	0.29260334135055543	0.28912000000953675	0.20312000000953676
754	0.28963046546936033	0.28896	0.20436000000953675
755	0.2886557994842529	0.28882999999046327	0.20408000000953674
756	0.2896797144508362	0.2894	0.20325000000476837
757	0.28980978157997134	0.28957	0.2030700000143051
758	0.288126818151474	0.2891099999904633	0.20393999999523163
759	0.28860799902915957	0.2902500000190735	0.20485
760	0.2865440236759186	0.28860000000953673	0.20366999999523164
761	0.2868986366176605	0.29005000000953673	0.20461000001430513
762	0.2834397109031677	0.28843	0.20492999999523162
763	0.28525700122833253	0.29035000001907346	0.20502000001430512
764	0.2835799184894562	0.28948999999046326	0.20568000000953673
765	0.282677425403595	0.2893799999952316	0.20483000000953674
766	0.2822158959007263	0.28918000000953675	0.20546000001430512
767	0.28185433044433594	0.28964000002861023	0.20533
768	0.2834641045761108	0.29141	0.20569000001430512
769	0.2817267336654663	0.29046999999046325	0.20583
770	0.2806078885555267	0.29027	0.20576
771	0.2794388482952118	0.29046000000953676	0.20683000000476837
772	0.27925096259117127	0.2906	0.20594000002861024
773	0.27831716217041014	0.29038000002861025	0.20699000000953674
774	0.280073855676651	0.29132	0.20628
775	0.27662263568878176	0.2902900000190735	0.20661
776	0.2761910917663574	0.29051999999523165	0.20741000000476836
777	0.2742574244594574	0.28945999999046323	0.20654999999523163
778	0.27489137475967407	0.2912400000286102	0.20804000000476838
779	0.27457759386062625	0.29084999999046324	0.20759000000953676
780	0.2743277855682373	0.2914400000047684	0.20798
781	0.27460887729644773	0.29167000000953675	0.2078
782	0.2720685032749176	0.2909500000190735	0.20794000001430513
783	0.27162755823135376	0.28972	0.20710000000953674
784	0.2713738971042633	0.29192999999046326	0.2089200000143051
785	0.2715139359807968	0.2918900000286102	0.20898000000953673
786	0.27219064419746397	0.2928699999952316	0.20944000000476837
787	0.27076041160583497	0.2924000000286102	0.20888000001430512
788	0.26991701059341433	0.2925600000143051	0.21029
789	0.2692626263427734	0.2920400000095367	0.20877000000953674
790	0.269415295791626	0.29263999999046325	0.21001
791	0.26947218099594117	0.29322999999046323	0.20913000001430512
792	0.2662595111656189	0.29159000002861024	0.20994000000953675
793	0.26739782450675964	0.2930999999952316	0.20987999999523163
794	0.2652256596469879	0.29199000002861025	0.21071000000953674
795	0.2647581467056274	0.29277000000953673	0.21154000001430512
796	0.26683817549228667	0.29399000000953673	0.21130000000953675
797	0.26514420248031617	0.29258999999046326	0.2106
798	0.2656976138973236	0.29360000002861025	0.21111000000476837
799	0.2615232682609558	0.29172000000953674	0.21075000000953675
800	0.2646573076057434	0.29451000001907346	0.21258000002861022
801	0.26140982851028444	0.29283	0.21201999999523163
802	0.26260500297546385	0.29384999999046324	0.21205000000953675
803	0.26259477396011355	0.29433	0.2120800000143051
804	0.2609307566642761	0.29418999999046325	0.21264
805	0.2612601444721222	0.29423999999046324	0.21223000000476838
806	0.2605270576286316	0.29411999999046323	0.21271000000476836
807	0.2593699416446686	0.2930900000095367	0.2122000000143051
808	0.25613523109436037	0.29232000002861025	0.21280000000953675
809	0.2570804297351837	0.2932400000286102	0.21361
810	0.25772964854240415	0.29403000002861024	0.21334000000476838
811	0.2565362536048889	0.29426000002861025	0.21304
812	0.25616708273887634	0.2936100000286102	0.21305000000476837
813	0.2562420279121399	0.29455	0.21427000002861024
814	0.2537168151283264	0.29301	0.21366000000953675
815	0.2530968326377869	0.29304	0.21400000000953676
816	0.25446488330841066	0.29474000000953676	0.2137
817	0.2545466834783554	0.2947200000190735	0.21423
818	0.2525933790493011	0.29426999999046327	0.21468000000953674
819	0.25129125608444214	0.29330999999046325	0.21455
820	0.25348385867118833	0.29578000000953675	0.2151600000143051
821	0.251031359539032	0.29435	0.2151900000143051
822	0.2507889045906067	0.29473	0.2154
823	0.24958849749088288	0.29367	0.21431000000953673
824	0.24905407892227172	0.29408000000476836	0.21510999999523162
825	0.2507848971748352	0.29612999999523165	0.21638000000953675
826	0.24972627059936522	0.29526999999046327	0.21620000000953674
827	0.24729437314987182	0.29481000002861024	0.21674
828	0.24872578552246094	0.29536	0.21523999999523163
829	0.2468260855293274	0.2948100000095367	0.21719000000953675
830	0.24697717968940736	0.29581999999046327	0.21642000000476838
831	0.24681495923995972	0.29523999999046324	0.21538
832	0.246659722738266	0.29641999999046326	0.21727000000953675
833	0.24485784888267517	0.2952500000095367	0.21695000001430512
834	0.24636487582206726	0.29677000000953674	0.2173
835	0.24528818808555602	0.29579999999046325	0.21748999999046326
836	0.24333379772186278	0.29551000000953676	0.21711000000953673
837	0.24442170709609987	0.29613999999046325	0.21737000001430512
838	0.24151138422966004	0.2949700000190735	0.21804000000476836
839	0.2429130303001404	0.2959800000190735	0.21798000000476836
840	0.24216204421043397	0.29660000000953674	0.21923000000476836
841	0.24268760601997375	0.29635000000953676	0.21794999999523162
842	0.24180377645492554	0.2966000000143051	0.21939999999523163
843	0.24018465183734894	0.29553000002861024	0.21836000000476838
844	0.23956323501586915	0.2953400000047684	0.21777000000953675
845	0.23892060687065125	0.2957600000190735	0.21843000001430513
846	0.24010077500343321	0.29679999999046325	0.21826000001907347
847	0.2395613136100769	0.29641000002861023	0.21934
848	0.23934054481506348	0.2973900000190735	0.21942
849	0.2376448318862915	0.29643000000953673	0.22004000000953675
850	0.2384817733860016	0.2962100000190735	0.21891
851	0.23746137222766875	0.29711000000953675	0.22012000000476836
852	0.23673707545280456	0.29624	0.21912000002861023
853	0.23583488494873048	0.29637	0.2205500000143051
854	0.23670835832595824	0.2970900000190735	0.21985000000476837
855	0.23641934239387513	0.29689999999046324	0.2193300000143051
856	0.2352420425605774	0.2973000000190735	0.22108000000476838
857	0.2360945478439331	0.29711000000953675	0.21939000000953673
858	0.23403661324501038	0.29655000000953674	0.22032000001907348
859	0.23283228895187377	0.2966100000286102	0.22059000000476836
860	0.23240445658683778	0.29604000002861025	0.22039000000953674
861	0.2331204111003876	0.2976400000095367	0.22111999999523163
862	0.23309963965415956	0.29730999999046326	0.22118
863	0.23260245387077333	0.29719000000953677	0.22113000000953675
864	0.23381153289794923	0.29832000000953673	0.22123000000476836
865	0.23118303716659547	0.29674000002861023	0.2204900000143051
866	0.23044122831344604	0.2965500000190735	0.2218
867	0.2309381192970276	0.29767	0.22129
868	0.23053958151817322	0.29761999999046324	0.22155000000953673
869	0.23042492769241332	0.29763	0.22193
870	0.23082709965705872	0.2981700000190735	0.22171999999523162
871	0.2303090894985199	0.29852000002861023	0.2226600000143051
872	0.22872285487174987	0.29786999999046326	0.22186000000476838
873	0.2284317154979706	0.29818999999046325	0.22237000001430512
874	0.22702138061523439	0.2975500000190735	0.22282999999523162
875	0.2271780653142929	0.29766	0.2228500000143051
876	0.22773947838306427	0.29851000000953676	0.22262999999523164
877	0.22652054012298584	0.2971800000143051	0.22225000000953674
878	0.2266043905353546	0.29817	0.22331000000953674
879	0.2254892616844177	0.29792000002861024	0.22258
880	0.22548362232208252	0.2988000000190735	0.22361000000953674
881	0.22563075942993163	0.29878999999046324	0.22380000000476838
882	0.22511863239765167	0.29802000002861023	0.22283000000476838
883	0.2238548439502716	0.29788	0.22304
884	0.22334958980560302	0.2974500000286102	0.22286000000953674
885	0.2243144685935974	0.29896000001907347	0.22428999999046326
886	0.22307058897018434	0.29789	0.22340999999523162
887	0.22330729394435883	0.2990300000190735	0.2235800000143051
888	0.22141455039978028	0.29790999999046325	0.22476999999523162
889	0.22151337391853332	0.29807	0.22425000000476839
890	0.22202865240097047	0.29876000002861025	0.22392999999523164
891	0.22212660440444945	0.2993900000286102	0.22538000000953673
892	0.2205278988170624	0.2987000000190735	0.22394000000953673
893	0.21897973656654357	0.29831999999046327	0.2254900000143051
894	0.22179092201709746	0.2995300000095367	0.22452999999523163
895	0.21975911993503572	0.2981400000190735	0.22380000000953673
896	0.2178507970571518	0.29796999999046325	0.22545000000476836
897	0.2201442986392975	0.29885	0.22431999999046326
898	0.21889091183185577	0.29928	0.22495999999523164
899	0.21853518669605254	0.2988799999904633	0.22559000002861024
900	0.2181207967185974	0.29900000000953675	0.22490000000953675
901	0.2177573059272766	0.29928000000953675	0.22591000000476838
902	0.21838557641029357	0.30012000001907346	0.2263
903	0.2171461598110199	0.29873000000953676	0.22522999999523163
904	0.217964965839386	0.2990000000286102	0.22519000000476838
905	0.2179949362230301	0.30007000002861023	0.2253200000143051
906	0.21659579646110536	0.29937000000953673	0.22578000000476836
907	0.21598714338779448	0.29929000000953676	0.22562
908	0.21628014912605287	0.2992600000190735	0.22571000000953675
909	0.21524597041130067	0.29923	0.22590999999523162
910	0.21574846831321717	0.29962000000953676	0.22625000000953674
911	0.21466591310501099	0.29912999999046325	0.22625
912	0.21466266805648804	0.2993100000190735	0.226
913	0.21384627561569214	0.2993100000095367	0.2257900000143051
914	0.21396022254943847	0.29923999999046325	0.22635000000953676
915	0.21460027815818786	0.29988	0.2259
916	0.21273799746990205	0.2999200000190735	0.22844999999523163
917	0.2130178294944763	0.29956000000953675	0.22681000000953674
918	0.21281585907936096	0.2997099999952316	0.22654000000953675
919	0.2124311416053772	0.29934000001907346	0.22600000001430512
920	0.21262682823181153	0.30028	0.22737999999523162
921	0.2122193860912323	0.29957	0.2261
922	0.21250900389194488	0.30068000002861023	0.22715999999523162
923	0.21139167164802553	0.2999000000286102	0.22717000002861024
924	0.21184147833824157	0.30007000000953676	0.22677
925	0.20978643650054932	0.29843	0.22720000001907348
926	0.21111890177726744	0.30018000001907347	0.2271000000143051
927	0.21056855938911437	0.3004700000190735	0.22818
928	0.2095089893913269	0.29953000002861024	0.2266000000143051
929	0.20994244740486145	0.29997	0.22707999999523162
930	0.2095940633058548	0.30000999999046324	0.22750000000953674
931	0.2099236249732971	0.3002	0.22659
932	0.20760362278938294	0.29902000002861023	0.22719999999046325
933	0.20949253443717958	0.30059000002861025	0.2271300000190735
934	0.20843277222156525	0.30066999999046323	0.22873999999046327
935	0.20875189854621887	0.3001	0.22737000000953675
936	0.20865703999519347	0.30068999999046325	0.22834000002861024
937	0.2098763655424118	0.30108	0.22757
938	0.20653887634277343	0.29951000001907346	0.22743000001907349
939	0.20851610625267028	0.3007100000286102	0.22830000002861023
940	0.20759413847446442	0.30088999999046323	0.22780000000476838
941	0.2055943565940857	0.3001100000286102	0.22822000000476836
942	0.2070099411201477	0.30104	0.22764000001430512
943	0.20659260776519775	0.30078999999046324	0.22835999999046325
944	0.20517102806091309	0.29939000000953675	0.22778000000953674
945	0.2047310313987732	0.2992699999904633	0.22740000000953675
946	0.20462439960002898	0.30037000000953673	0.2285700000143051
947	0.2065517208480835	0.30188	0.22899999999046325
948	0.2036560153388977	0.29972	0.2286300000143051
949	0.203154881067276	0.2993700000190735	0.22785999999523163
950	0.20438845210552214	0.3	0.22841000000476838
951	0.2032570748472214	0.29994	0.22981
952	0.20533271365165712	0.3018199999904633	0.22985000000476838
953	0.2027499399137497	0.3	0.22892000000953674
954	0.2027278900194168	0.30065000000953673	0.22918000000953676
955	0.20501543224811555	0.30138	0.22772000002861023
956	0.20440701322078705	0.30131999999046327	0.2279
957	0.20265726475715637	0.29984999999046325	0.22761
958	0.20182833007335663	0.3008000000190735	0.22958000001430512
959	0.20202609300613403	0.30063000000953677	0.22999
960	0.2013342323064804	0.30013999999046326	0.22830999999523163
961	0.20111591158866882	0.2997700000190735	0.22869000000953674
962	0.20071539967536925	0.29979000000953676	0.2296
963	0.20025574008464814	0.30014000002861024	0.229
964	0.20127668790340422	0.3007300000286102	0.22982000002861022
965	0.20052522624492644	0.3006700000190735	0.22955000000953674
966	0.2014706321001053	0.30060000000953674	0.22815
967	0.19802586501121522	0.29894000000953674	0.22902000001430511
968	0.20029459325313567	0.3007099999904633	0.22878000001430512
969	0.2002649325466156	0.30096	0.23028999999523161
970	0.19979416504383088	0.3006600000190735	0.22925000002861023
971	0.20028532218933107	0.3014100000190735	0.22974
972	0.1998584427833557	0.30097999999046327	0.22924999999046325
973	0.19845749621868133	0.3007300000286102	0.23037000000953675
974	0.19966342818260194	0.30108	0.22859
975	0.1996840473175049	0.30089	0.22908000000953674
976	0.198587570104599	0.30069999999046326	0.22949
977	0.20014100640773774	0.30205000000953675	0.23010000000476838
978	0.198111662940979	0.3007000000095367	0.23022
979	0.19792917641162872	0.3002500000190735	0.2285
980	0.19765944531917573	0.30109	0.23080999999523164
981	0.19655176399707794	0.29987000000953673	0.23018000000953676
982	0.19695158858776093	0.3000100000286102	0.22966
983	0.19831408587455748	0.30101	0.23031000000953675
984	0.1977622147512436	0.30106000000953675	0.22963999999523163
985	0.19714903802871703	0.30033000000953675	0.22952999999523163
986	0.1989319563961029	0.30072	0.22834000000476837
987	0.19773131585121154	0.2999200000095367	0.22854000000476837
988	0.19736294657230377	0.3002600000190735	0.2286300000143051
989	0.19727765461921692	0.2997700000190735	0.22906999999523162
990	0.19789795602798463	0.3004899999904633	0.22959999999523162
991	0.19774413625717163	0.30115000001430514	0.2295100000143051
992	0.1961130422592163	0.2996900000143051	0.22952999999523163
993	0.19770614220142366	0.30059000002861025	0.22978000000476836
994	0.19680962593078613	0.29994999999046323	0.22942
995	0.19705749361515046	0.3000800000095367	0.22942000000953675
996	0.19688904256820677	0.3004300000190735	0.22939000001430512
997	0.19646298404693605	0.30048000000953673	0.22951
998	0.19699536726474762	0.30048000002861025	0.23017000001430513
999	0.1977382240962982	0.30046	0.22917
