epoch	loss	acc	certified
0	5.302543677978516	0.006480000000298023	0.006480000000298023
1	5.1333493754577635	0.015060000000596046	0.015060000000596046
2	4.915890933837891	0.029550000000298022	0.029550000000298022
3	4.768709420166016	0.04536000000119209	0.04536000000119209
4	4.641204904937744	0.05954000000715256	0.05954000000715256
5	4.571723624725342	0.06766000000476838	0.06766000000476838
6	4.515445918273926	0.0751	0.0751
7	4.458520833740234	0.08245000000238419	0.08245000000238419
8	4.40163933517456	0.09007000000476838	0.09007000000476838
9	4.350442234954834	0.09912999999761582	0.09912999999761582
10	4.301302354736328	0.10568000000476838	0.10568000000476838
11	4.2622562203979495	0.11134000000715255	0.11134000000715255
12	4.221062705230713	0.11683000000476837	0.11682000000476837
13	4.183140328826904	0.12338000000476837	0.12338000000476837
14	4.15173133682251	0.1278700000023842	0.1278700000023842
15	4.119000028076172	0.13469000001430512	0.13469000001430512
16	4.089667636566162	0.1376	0.1376
17	4.059026538085938	0.14181999999523162	0.14181999999523162
18	4.027864477233886	0.14773000000476838	0.14773000000476838
19	4.0006917178344725	0.15194999999761583	0.15194999999761583
20	3.978735983734131	0.15635000000476837	0.15635000000476837
21	3.9525049838256834	0.15911	0.15911
22	3.9306276332092285	0.1631	0.16308
23	3.9102758224487304	0.1677400000143051	0.1677400000143051
24	3.8913690116882322	0.17115000000476838	0.17113000000476838
25	3.8741876094055177	0.17375	0.17372
26	3.8566480261993408	0.17687000000953673	0.17683000000953675
27	3.841353942871094	0.18013000001430512	0.1801100000143051
28	3.8227531484985353	0.18262000000476838	0.18259000000476838
29	3.8088274158477784	0.1860500000143051	0.1860000000143051
30	3.7926780275726317	0.18983	0.18977
31	3.7802775276184084	0.19092000000476836	0.19086000000476838
32	3.7673807528686525	0.19285	0.19277
33	3.754786577529907	0.1940500000143051	0.19394000001430511
34	3.7414591020202637	0.19692999999523164	0.19680999999523163
35	3.730137456588745	0.20047000000953674	0.20035000000953673
36	3.7201662074279787	0.20148999999046327	0.20140999999046325
37	3.7061430099487302	0.20468999999523163	0.20458999999523164
38	3.7012189881134034	0.20511999999523162	0.20492999999523162
39	3.695359462661743	0.20611000000953675	0.20596000000953674
40	3.6838060148620606	0.20917	0.20905
41	3.671240191421509	0.20956	0.20938
42	3.666605046157837	0.21224000000953674	0.21205000000953675
43	3.6590151164245603	0.21263000001430513	0.2124400000143051
44	3.6474833536529543	0.2145600000143051	0.2143000000143051
45	3.644610139465332	0.21646000000476837	0.21616000000476837
46	3.636470704498291	0.21732999999523162	0.21708999999523163
47	3.630256897125244	0.21931000000476839	0.21897000000476838
48	3.61751805770874	0.2206100000143051	0.22028000001430512
49	3.6117504789733887	0.22146	0.22107
50	3.60247202293396	0.22431	0.22388
51	3.595283666305542	0.22587000001430513	0.22544000001430511
52	3.5941470249938963	0.22652999999523163	0.22606999999523164
53	3.5867142304992674	0.22744000001430512	0.2268500000143051
54	3.577167532043457	0.22881000000953675	0.22838000000953673
55	3.570378849105835	0.2295400000143051	0.2288200000143051
56	3.5640979989624024	0.2317	0.23088
57	3.5626576544189454	0.23291000000953674	0.23221000000953673
58	3.5516214727783204	0.23318	0.23248
59	3.5467650580596923	0.23503	0.23417
60	3.5425978289031983	0.23614	0.23524
61	3.5337157107543944	0.23726000002861022	0.23612000002861022
62	3.5321422109222413	0.23699000001430512	0.23597000001430513
63	3.52785424621582	0.2383400000190735	0.23727000002861023
64	3.521822554397583	0.23850999999523162	0.23736999999523162
65	3.517954712524414	0.24026000000953673	0.23885999999523164
66	3.514606958847046	0.2410600000143051	0.2396400000143051
67	3.5010083167266846	0.24457999999523164	0.24306999999523163
68	3.5002144175720216	0.24430000002861024	0.24253000002861022
69	3.4901730651855467	0.24471	0.24313
70	3.494975918197632	0.24670000002861023	0.24451000002861023
71	3.489296924133301	0.24561999999046324	0.24362999999046325
72	3.4830200367736817	0.24764000000953673	0.24543000000953674
73	3.4765697492980956	0.24843000002861024	0.24615000002861023
74	3.472139402770996	0.25012999999046326	0.24735999999046326
75	3.4705284559631346	0.24864000000476838	0.24619000000476837
76	3.4653754014587403	0.24918000001907348	0.24641000001907348
77	3.4604206660461427	0.2513700000286102	0.24869000002861022
78	3.4569367948913574	0.2529699999952316	0.2501799999952316
79	3.4548728686523438	0.25355000000953676	0.2504099999952316
80	3.444304365158081	0.25394	0.25045
81	3.443526161956787	0.2533700000047684	0.24994
82	3.439760007400513	0.25566000000953676	0.2518500000095367
83	3.4363538528442383	0.25693000000953675	0.25309000000953674
84	3.433569856033325	0.25605000001907346	0.2517500000190735
85	3.432495327529907	0.25734	0.25342000000953674
86	3.4259098237609864	0.2571300000047684	0.2527900000143051
87	3.4194352424621584	0.25950000000953677	0.25478000000953677
88	3.4220362004852296	0.2603099999904633	0.25526999999046324
89	3.4176864346313476	0.2625000000190735	0.2570500000286102
90	3.41330554397583	0.26164	0.2560700000095367
91	3.4091994470977784	0.26187	0.25651
92	3.4053583519744874	0.2607800000095367	0.25416999999523165
93	3.4038570638275147	0.26306	0.25659000000953675
94	3.4036795330047607	0.2644800000286102	0.25766999999046325
95	3.3986782401275635	0.26321000000953676	0.25588000000476835
96	3.391867598724365	0.26496000000953673	0.25755999999046325
97	3.392433063430786	0.2656899999904633	0.25762
98	3.391877406692505	0.26670000000953675	0.25838000000953676
99	3.3869494567108154	0.26805000002861024	0.2593600000286102
100	3.37565198638916	0.26860000001907347	0.2603200000286102
101	3.3558075994110106	0.2690800000047684	0.25993
102	3.3362016217041015	0.2695700000143051	0.25978
103	3.3156305434417725	0.26991999999046323	0.25953999999046323
104	3.290812345657349	0.2703000000047684	0.2598100000143051
105	3.275239933166504	0.27291999999523164	0.2616099999952316
106	3.2562534800720213	0.27225999999523165	0.25987000000953675
107	3.236904953765869	0.27315000001907347	0.26018999999046327
108	3.2180294495391846	0.27242	0.25891
109	3.200357759552002	0.2743300000095367	0.26115000000476835
110	3.1814297984313966	0.27534999999523163	0.26109
111	3.1675530737304687	0.2763	0.2609600000190735
112	3.14461574256897	0.27687000000953677	0.2605799999904633
113	3.129599332733154	0.2754000000286102	0.25940999999046327
114	3.1113817402648927	0.2778400000047684	0.2604599999952316
115	3.0931882691192625	0.2785399999952316	0.26111
116	3.0748715631103516	0.27680999999046324	0.2589800000286102
117	3.057392006225586	0.279	0.2603800000286102
118	3.040808131942749	0.27977	0.2597600000143051
119	3.023092274398804	0.27898000000953677	0.25905000000476835
120	3.0027409737396242	0.28133000000953673	0.25947999999523164
121	2.986284145965576	0.28088000001430513	0.25875000000953674
122	2.9712002114868166	0.28035000000953675	0.25760000000476835
123	2.9600341639709473	0.2824300000095367	0.25902000000953673
124	2.938374065246582	0.2826	0.25855
125	2.9213523203277587	0.28388999999046327	0.2582
126	2.901348082199097	0.2827	0.2568000000047684
127	2.889650905609131	0.28619999999046325	0.25801
128	2.874289649734497	0.2856800000190735	0.25721999999046324
129	2.8549800496673585	0.28556	0.25667000000953677
130	2.839522696762085	0.28602	0.2552399999952316
131	2.8234166372680662	0.2888	0.2574
132	2.8084319804382325	0.28829999999046324	0.2561100000143051
133	2.7934148046875	0.2896100000143051	0.2565700000095367
134	2.7788682218170164	0.2883000000286102	0.2538800000286102
135	2.7678435382843016	0.2901500000095367	0.2544200000143051
136	2.7516253639221193	0.28957000001907346	0.25434999999046326
137	2.736821357269287	0.29224000000953676	0.25453
138	2.721695819091797	0.29068999999046324	0.25213999999046327
139	2.7065354107666018	0.29469000000953677	0.25389000000476836
140	2.69497837638855	0.29370999999046327	0.25150000000953676
141	2.679335799179077	0.29191000000953676	0.25091000002861025
142	2.663828530578613	0.2929200000190735	0.25078000002861023
143	2.6496507414245607	0.2938300000190735	0.24863000000953675
144	2.635055993652344	0.2947200000190735	0.24915999999046326
145	2.622134825897217	0.29468000001907346	0.24823
146	2.609023682022095	0.29548000002861025	0.24720999999523163
147	2.5962870448303224	0.2953200000047684	0.24548000000953674
148	2.583692378692627	0.2954500000190735	0.24474999999046326
149	2.5686008197021484	0.2978299999904633	0.24478
150	2.5550043451690674	0.29859999999046327	0.24592000000476838
151	2.546876854400635	0.2978300000286102	0.24288999999046326
152	2.532014320678711	0.2995499999904633	0.24268999999046326
153	2.5205135305786133	0.29785000000476836	0.24102000000476836
154	2.506476223449707	0.2994200000190735	0.24013
155	2.497282811279297	0.30050999999046324	0.23956000000476838
156	2.478264767303467	0.2993300000286102	0.23936000000476837
157	2.46948299369812	0.30072	0.23843000000476838
158	2.456100846557617	0.30233000000953675	0.23805000000953674
159	2.443890211868286	0.30194	0.23348000000953675
160	2.4297785339355467	0.3027500000095367	0.23479000000953673
161	2.424539850387573	0.3018200000190735	0.23433
162	2.4120041951751707	0.30252000002861024	0.23178000000953675
163	2.397074991607666	0.3001999999952316	0.2291200000143051
164	2.3855271355438235	0.30356999999523165	0.23065000000476837
165	2.373957966003418	0.30335000000953677	0.22907
166	2.363564977722168	0.30548000000953673	0.22820000001430513
167	2.3549959311676028	0.30283	0.22493999999046327
168	2.3434837548065186	0.3050200000190735	0.22611
169	2.3306191530609133	0.3048100000190735	0.22436000000953674
170	2.319468857421875	0.30486000000476837	0.22398000000476836
171	2.311140976409912	0.30519000002861024	0.22139000000476838
172	2.299143685760498	0.30551999999046325	0.22033000002861022
173	2.289398862838745	0.3051400000190735	0.21982
174	2.2750087838745117	0.3059800000190735	0.21696000000476837
175	2.2685683769989016	0.3056900000095367	0.21574000000476837
176	2.261105517730713	0.30586	0.21507000001430512
177	2.2497471812438965	0.30673000000953676	0.21373000000953674
178	2.2409854759216308	0.3065300000190735	0.21179000000953674
179	2.2302540586090087	0.3083300000286102	0.21123
180	2.2186573052978518	0.3087700000190735	0.20923
181	2.2112792401123045	0.30970000000953674	0.20847
182	2.201034294128418	0.30956000000953676	0.20856999999046325
183	2.1917067166900637	0.30810000000953675	0.20561999999523162
184	2.180385322418213	0.30929	0.20621000001430512
185	2.170050212097168	0.30803000000953673	0.20512999999523163
186	2.1629961084747316	0.30929000000476836	0.20269000001430512
187	2.155551776046753	0.30887000000953674	0.2011200000143051
188	2.1438874077606203	0.30878	0.20078000000953675
189	2.1356663318634035	0.31134000002861023	0.19945000000953675
190	2.125518593597412	0.30961	0.1977600000143051
191	2.1198983293151854	0.31029999999046326	0.1962400000143051
192	2.1106996447753907	0.30886000002861025	0.19518999999523162
193	2.1026780306243897	0.3110200000190735	0.19375000000476836
194	2.096353415298462	0.31038000000953675	0.1919
195	2.0829306116485595	0.3100800000095367	0.19267000001430512
196	2.0775685423278807	0.30995999999046325	0.18991999999523163
197	2.068147109375	0.31029000000953677	0.18882999999523162
198	2.0600765901184084	0.3103800000286102	0.18494
199	2.057439630889893	0.3114600000095367	0.18512000000476836
200	2.044466496734619	0.30986	0.18383
201	2.036325316543579	0.31058	0.1828100000143051
202	2.030359038925171	0.31136	0.18092999999523163
203	2.0210468106079102	0.30955000000953675	0.17907000001430512
204	2.011168289794922	0.3098700000286102	0.1787800000143051
205	2.00802303024292	0.3121200000190735	0.17848999999523163
206	1.9966309243774414	0.30986000000953673	0.17592000000476837
207	1.988658466835022	0.3125500000286102	0.17722000000476837
208	1.9851760313415527	0.31156000000476836	0.17494000000953674
209	1.9722510870361327	0.31298	0.17483999999523162
210	1.9677085371398926	0.31178999999046325	0.17269000000476836
211	1.958412757873535	0.31167999999046325	0.17132
212	1.9518661540985107	0.31255000001907346	0.1708100000143051
213	1.946771499481201	0.31263999999046327	0.1697900000143051
214	1.9384747495269776	0.31132999999046324	0.1664800000143051
215	1.9305916791152955	0.3138800000286102	0.16944000000476836
216	1.9202442750930786	0.3106800000095367	0.16637000000476837
217	1.914275927848816	0.31275000002861025	0.16485
218	1.9079437567138673	0.3118700000190735	0.16642000000476836
219	1.9008956377410888	0.31030999999046327	0.16328999999523164
220	1.8953495706939698	0.31156000002861023	0.16349000000476838
221	1.88777167263031	0.31254999999046323	0.16326999999523162
222	1.8785580925750733	0.31037000000953674	0.16126999999523162
223	1.8712687491989135	0.31190999999046326	0.16105999999523163
224	1.863669457168579	0.31027	0.15976
225	1.8586077045440674	0.31172000000953676	0.15875000001430511
226	1.850175634689331	0.31179999999046326	0.15917000000715256
227	1.8439045915985108	0.3112100000286102	0.1583000000143051
228	1.835972156829834	0.3095500000286102	0.15601999999523164
229	1.827485922050476	0.31022	0.1560699999976158
230	1.8222508030700684	0.31192000000953674	0.15585
231	1.81309522895813	0.30865999999046323	0.15418000000953674
232	1.8145983005142212	0.31133000000953676	0.15151000000476836
233	1.8004911803436279	0.31206	0.15556000000476838
234	1.796751086883545	0.31061000000476835	0.15217000000476838
235	1.7869148024368287	0.30933	0.15275000000476838
236	1.7817318263244628	0.3090500000286102	0.15176999999523164
237	1.7749560670089721	0.30749	0.15051999999523163
238	1.770638961906433	0.30762000001907347	0.14843000000953674
239	1.7627488417816162	0.3072400000190735	0.14769
240	1.75259812789917	0.3078700000286102	0.14991000000953675
241	1.7476160398101808	0.30940999999046326	0.1496400000143051
242	1.7390441899108886	0.30708999999046327	0.14839000000476837
243	1.7327029917907715	0.30912000001907347	0.14780000000715257
244	1.7293999494171142	0.30695000000953676	0.14654000001430512
245	1.7224625535583495	0.30815000000953674	0.14767000000715255
246	1.7143060743331908	0.30562000002861023	0.14719999999523162
247	1.7075076728439331	0.30781000002861025	0.1457000000143051
248	1.7031005346679688	0.3073000000095367	0.14446
249	1.6970521076583862	0.30760000000953674	0.14469000000476837
250	1.6871244437408448	0.30563999999046326	0.14577000000476836
251	1.6822818763351441	0.30495	0.14398
252	1.6764091915893555	0.30617000000476835	0.14297999999761582
253	1.670624242401123	0.30558	0.14305000001430512
254	1.6621709114837646	0.30511000000953675	0.14468000000953674
255	1.6573663119125366	0.30636000002861025	0.14282000000238418
256	1.647640142402649	0.30508999999046327	0.14212000000476838
257	1.6467266191482544	0.30701000002861023	0.1411700000143051
258	1.637003173980713	0.3031000000190735	0.14112000000476838
259	1.6295627452087402	0.3034400000286102	0.14071000000476838
260	1.6260788470458984	0.3020800000095367	0.13890999999523163
261	1.6196582453536987	0.3038000000095367	0.13980000001430512
262	1.6141689223480225	0.3038600000095367	0.13881000000953675
263	1.6101457860565185	0.30403	0.13926000000476838
264	1.5992251028823852	0.30454000000953674	0.13925000000953675
265	1.5931382819366455	0.30290000002861023	0.13894000000476836
266	1.5860566228866577	0.30319999999046326	0.14000000000476837
267	1.583301823425293	0.30490000001907347	0.13883
268	1.577123119163513	0.30367999999046325	0.13758
269	1.5711051366043092	0.3025999999904633	0.13774000001430511
270	1.5642854362487792	0.30236000002861024	0.13707
271	1.5574281647491455	0.30187000000953673	0.13736000000476836
272	1.5514795866394042	0.30274	0.1374199999976158
273	1.5479512437820435	0.30161	0.1362199999976158
274	1.5394717976760863	0.30102999999046326	0.13689000000476836
275	1.530693169746399	0.29855	0.13625
276	1.531129676361084	0.3013799999904633	0.13527999999523163
277	1.522189402923584	0.29901000000476835	0.13578000000476836
278	1.5184620919036864	0.2999700000190735	0.1346
279	1.5104568807601928	0.29936999999046326	0.13570000000476837
280	1.5056534638214112	0.2999200000095367	0.13563000000476838
281	1.4978732945632935	0.29842000000476837	0.13520000000476837
282	1.4916024879837035	0.29751000000953676	0.1358800000143051
283	1.4883897334671021	0.2995600000286102	0.13441000000476838
284	1.479056039466858	0.29787000002861025	0.13428000000476836
285	1.4760533542633056	0.2984400000286102	0.13490000000715255
286	1.4701950942611695	0.2964700000095367	0.13457000000715255
287	1.4646356521224975	0.2964400000286102	0.13397000000953674
288	1.4589411504364014	0.2972700000190735	0.13477000000953673
289	1.4530655270385742	0.29768000000953676	0.13552000001430511
290	1.4473938919830323	0.29682000002861025	0.13340000000715255
291	1.441277271270752	0.29585999999046325	0.1344000000143051
292	1.4352797963714599	0.29582000002861025	0.13368000000476837
293	1.4290998118972777	0.29505000000953674	0.13218999999761583
294	1.4244915745925903	0.2956600000190735	0.13476
295	1.4175154734802247	0.29424000000953676	0.13329999999761583
296	1.4136691973114013	0.29335	0.13255
297	1.4109734315872193	0.29572	0.13136000000715256
298	1.401858261528015	0.29369000002861023	0.13347000000476839
299	1.3963051399230957	0.2925300000095367	0.1335299999976158
300	1.3937717644119263	0.29372999999046323	0.13303
301	1.386581160697937	0.2933800000190735	0.13241
302	1.3823313027191162	0.29231999999046326	0.13160000000953676
303	1.3750503262710572	0.29273	0.13337000000476837
304	1.3698537955093384	0.2928800000047684	0.1321699999976158
305	1.3641268996047973	0.2919200000143051	0.13310000000238417
306	1.3581323175811768	0.29165999999046327	0.13253
307	1.3513487642288209	0.2893500000286102	0.13242999999761582
308	1.3471825178146362	0.29144000000953674	0.13368
309	1.3440034867858888	0.29117999999046323	0.13139000001430512
310	1.3359902613067627	0.28881999999046326	0.1320700000023842
311	1.3310036227798463	0.28934999999046324	0.13174000000715255
312	1.3264194507598877	0.28970000002861024	0.13231999999761582
313	1.3196947204589844	0.28872	0.13303000000476836
314	1.3158999142074586	0.28869999999046325	0.13334000000953675
315	1.3091015223312379	0.28915000002861024	0.13400000000715256
316	1.3062063055801392	0.28719	0.13216
317	1.3021068217849732	0.2887100000047684	0.13203000000715256
318	1.2939918208694459	0.28685000000953675	0.13194000001430511
319	1.2892722272872925	0.28752999999046325	0.1333599999976158
320	1.2837375256347656	0.28536000002861023	0.13295000000476836
321	1.2795237030792237	0.28521000001430513	0.1325400000143051
322	1.2732922689819335	0.28589	0.13296
323	1.2686664120483397	0.28574000000953675	0.13297000000715256
324	1.263120468902588	0.2857700000047684	0.13319000000238418
325	1.2575804565811157	0.28385999999523165	0.13244000000715256
326	1.2533327339172364	0.28409000000953677	0.13247000000476838
327	1.2488096431732179	0.2843800000190735	0.1325099999976158
328	1.242298996963501	0.28295	0.13266000000953673
329	1.2390884941101075	0.28423999999046323	0.13240000000953675
330	1.2325364721679688	0.2824300000143051	0.13305
331	1.2288772441101075	0.28292000000953677	0.13311999999523164
332	1.2218158737564087	0.28240999999046323	0.13364999999761581
333	1.2199775929260255	0.28321	0.13265000000476837
334	1.2148572702026368	0.2827900000190735	0.13299000000238417
335	1.2099404236602784	0.28331999999046326	0.13311999999523164
336	1.2045713855743407	0.28319999999523165	0.1329199999976158
337	1.1984939976501465	0.28217000000953674	0.13355000000715256
338	1.1940310167312622	0.28117000000953674	0.1331199999976158
339	1.189532780303955	0.2821600000190735	0.13409000000476837
340	1.1838847505950927	0.2815700000286102	0.13504
341	1.1791838496398925	0.28093999999046326	0.1342799999976158
342	1.1741121925354003	0.27978000002861025	0.13414999999523164
343	1.1677300932312011	0.27833	0.13314000000476836
344	1.1651890283203126	0.2803300000190735	0.13481000000953675
345	1.1634155472946166	0.28136999999046325	0.13342000000953674
346	1.1539284215545653	0.27725000000953676	0.13421
347	1.1514942890167237	0.2792900000143051	0.13384000000476837
348	1.1467611595153808	0.27756000002861025	0.13385000000476838
349	1.1412172799682616	0.2787600000143051	0.13485000000715255
350	1.137205443534851	0.27900000000953673	0.13539000000715257
351	1.131542996559143	0.2784000000047684	0.13516
352	1.128318267364502	0.27835	0.1339199999976158
353	1.1241189001464844	0.27758000000476835	0.1348599999976158
354	1.1225184225463867	0.27880000000476834	0.13385000000715255
355	1.1135984572601318	0.2764700000143051	0.13433
356	1.1097972898483277	0.27676000000953677	0.13506000000715257
357	1.1069372873687744	0.27693000002861023	0.13438000000476838
358	1.102008025665283	0.27609000000953676	0.13399
359	1.0961411888885497	0.2764400000190735	0.1354800000143051
360	1.0916851671218872	0.2761299999904633	0.13470000001430513
361	1.0891012995529175	0.27571000002861024	0.13447000000715256
362	1.084428349533081	0.2761800000190735	0.13582000000476838
363	1.079769919052124	0.27578	0.1354499999976158
364	1.0744533494567872	0.2744100000190735	0.13460000000476838
365	1.0696442654418945	0.2749599999904633	0.13570000001430513
366	1.0685213983917237	0.27553	0.13483000001430512
367	1.060312820339203	0.27458	0.13780999999523164
368	1.0561833990859986	0.27270000000953676	0.13494
369	1.0527045861053468	0.27509000000953676	0.13654
370	1.0477092237854004	0.27269000000953675	0.13573
371	1.0428152603149414	0.2716900000047684	0.13614999999761582
372	1.0401240314483642	0.27316	0.13559999999523162
373	1.0369979956054687	0.2740600000190735	0.13576000000476837
374	1.0305138123703004	0.2717700000190735	0.1356000000143051
375	1.0258861381149291	0.2715000000190735	0.13695000000476837
376	1.0227801517105102	0.2713800000190735	0.13701000000476837
377	1.01888130027771	0.27182000002861023	0.13649000000476838
378	1.0153824125671387	0.27202000000953674	0.13720000000476837
379	1.0098402494049072	0.27075999999046324	0.13638000000476838
380	1.0084507275009156	0.2713	0.13603
381	1.004313211555481	0.2721100000095367	0.13643
382	0.9957700375556946	0.26906	0.1372400000143051
383	0.9953254163360595	0.27044000002861024	0.13708000000476836
384	0.9903849503326416	0.2691900000190735	0.13611999999761581
385	0.9867836460876465	0.26953000000953675	0.13568999999523162
386	0.9846143432426453	0.27082	0.13722000000238418
387	0.980703713684082	0.2707400000190735	0.13642000001430513
388	0.9766386089897156	0.2705500000190735	0.13724000000953673
389	0.9733109789085388	0.26974000000953674	0.13579
390	0.9686509938812256	0.27028	0.1376200000143051
391	0.964234196434021	0.26962000000953673	0.13716
392	0.9604354440689087	0.26899000000953677	0.13726
393	0.9551570792007447	0.26847000000953675	0.13782000000715255
394	0.9537323873138428	0.2681900000047684	0.13622
395	0.947602633190155	0.2673400000095367	0.13693000000476838
396	0.9439666724014282	0.26815000001907346	0.13781
397	0.9409920076179504	0.2675000000095367	0.13763000000953673
398	0.9384711805343628	0.2676300000286102	0.13760000000953673
399	0.9321266072845459	0.26667	0.13788000000476838
400	0.9286804043579101	0.2667300000095367	0.13737
401	0.9245879197311402	0.2663000000286102	0.13726999999523162
402	0.9219710214233399	0.2667399999952316	0.1379399999976158
403	0.9162956365585327	0.26548	0.13843000000715255
404	0.9152000068473816	0.2665199999904633	0.13732000000476838
405	0.9112244121551514	0.2663300000095367	0.13798000000715255
406	0.9059069243812561	0.26617	0.13827999999523163
407	0.9031381227493286	0.26619999999046323	0.13912000000476837
408	0.8982324203491211	0.26411000002861024	0.13797000000476836
409	0.8962781484413147	0.26540000000953673	0.13928000000476837
410	0.8920354681587219	0.2646799999952316	0.13791000001430512
411	0.8896483214569092	0.2658000000190735	0.13894000000476836
412	0.8850960781097412	0.26487000000476835	0.13888000000715256
413	0.8830003531837464	0.2648100000047684	0.1378
414	0.8773915427970886	0.26393	0.13785000000476838
415	0.875613817062378	0.2641	0.1386699999976158
416	0.8710161581039428	0.26443000000953676	0.13903999999523162
417	0.8679814742660522	0.2642500000047684	0.13934000000476837
418	0.864927003326416	0.26462999999046327	0.13849
419	0.8616335095214843	0.26406999999046327	0.13900000000953674
420	0.8579861388015747	0.26274000000953673	0.13807999999523163
421	0.855691326675415	0.2646099999952316	0.13922000000715257
422	0.851956314163208	0.2633900000095367	0.13928000000953675
423	0.8495057161712647	0.26325999999523164	0.13842000000476837
424	0.8438927389717102	0.26204	0.13846000000953673
425	0.840817638835907	0.26367	0.13915000000476838
426	0.8392945226669312	0.26353000000953675	0.13904
427	0.8343491224670411	0.2625	0.13865000000953676
428	0.8307684586334229	0.26086	0.1383100000143051
429	0.8273287849617005	0.26242000000953675	0.14011999999761582
430	0.8260495821380616	0.2624199999904633	0.13903000001430513
431	0.8220100352096558	0.26171999999523166	0.13935
432	0.8182779409599304	0.26110999999046325	0.13861999999523164
433	0.8170839648818969	0.2615300000047684	0.13892000000476837
434	0.8118264735221863	0.26041	0.13844999999523164
435	0.8094717370414733	0.26101000002861025	0.13938000000476838
436	0.8059182499885559	0.2607700000286102	0.1391099999976158
437	0.8040319863128662	0.2623800000286102	0.14016
438	0.7999574139022827	0.26177000000953676	0.13982000000476838
439	0.797296936454773	0.26152	0.13969
440	0.7947430690002442	0.26172000000953677	0.13931
441	0.7900573658180237	0.2590900000190735	0.13873
442	0.7887797819137573	0.2606300000190735	0.13864999999523162
443	0.7876525381660462	0.2610900000286102	0.1381800000143051
444	0.7808365968322754	0.25882000001907346	0.1391
445	0.7767635419845581	0.25829999999046327	0.13958999999761582
446	0.7770073425292969	0.25994000000476836	0.13850000000715257
447	0.7711789243888855	0.25840000001430513	0.1393400000023842
448	0.7689461658096314	0.2584500000095367	0.13990000000476838
449	0.7660379096984863	0.25919	0.1392800000023842
450	0.7618145531845093	0.25869000002861026	0.14116000000476836
451	0.7599042309570313	0.25822000000953677	0.14016
452	0.7560166451644897	0.25731000000953674	0.13919000000476836
453	0.7535950012779236	0.25771	0.14045000000953675
454	0.7523108336830139	0.25723	0.1389199999976158
455	0.7472286817741394	0.25746999999046327	0.14046000000476838
456	0.7461930520248413	0.2583	0.1394700000035763
457	0.7439510747146606	0.25781999999523164	0.13915000000715255
458	0.7419438581085205	0.2579600000190735	0.13949
459	0.7374776209259033	0.25699999999523165	0.13895
460	0.7355364393806457	0.25750000002861023	0.13923
461	0.7328762787246704	0.25717999999046326	0.14028
462	0.7303694335174561	0.25651999999046327	0.13947999999523164
463	0.7240582417297363	0.2549000000095367	0.13985
464	0.7266748014068604	0.25863	0.13962
465	0.7211176862335205	0.2570900000190735	0.1401800000143051
466	0.7178739704704284	0.25708000002861026	0.14044000001430512
467	0.7151014367675781	0.2566799999952316	0.14050000000476837
468	0.7148010790634155	0.2586200000095367	0.14120000000476837
469	0.7114511884880066	0.25738000000953676	0.1411200000023842
470	0.7070624649620056	0.2556500000047684	0.14030999999523164
471	0.7066963872146607	0.2570099999952316	0.14039000001430513
472	0.7016962892150879	0.25498999999046323	0.14011
473	0.7026144532966614	0.2577599999904633	0.13999000000953674
474	0.6972356516838074	0.2552000000047684	0.1396800000143051
475	0.6933035137748719	0.25467999999046326	0.13991000000476836
476	0.691900172328949	0.25538	0.1411400000023842
477	0.6880863635063171	0.25504999999523165	0.1404999999976158
478	0.6867701206016541	0.25562000000476837	0.14082000000476838
479	0.684088875541687	0.2543	0.13947000001430512
480	0.6810652716827392	0.25512999999046326	0.14049000001430512
481	0.6809296076583863	0.25526	0.1390499999976158
482	0.6777732954406738	0.2560500000286102	0.14059999999523162
483	0.6744610628509522	0.25477000000953676	0.13992999999523162
484	0.6726098215293884	0.25484000000476836	0.14069
485	0.6703416667556763	0.2550400000047684	0.14094000000476836
486	0.6678643950653076	0.25551	0.14010000001430511
487	0.6650862593460083	0.25351000000476837	0.13909999999761583
488	0.6605286085510254	0.25322000000953676	0.14133
489	0.6600959383010864	0.2537299999952316	0.13940000000715255
490	0.6551355145454407	0.25225000002861026	0.14030000001430512
491	0.652291916255951	0.2522	0.14036999999761582
492	0.6520183162307739	0.25440000002861024	0.14137000000476838
493	0.6504317254829407	0.25513000000953673	0.14217999999523162
494	0.6470396367835999	0.25368000000476837	0.14088000000476839
495	0.6440325504302978	0.2519	0.14043999999523163
496	0.6427629519462585	0.2533500000095367	0.14088000000476839
497	0.639100375919342	0.2525000000286102	0.14036000001430513
498	0.6357755082893372	0.25165	0.14077
499	0.6345674393844605	0.2521600000143051	0.14061
500	0.6327781591033935	0.25335999999046327	0.14199
501	0.6300975694084168	0.25321	0.14147000001430513
502	0.6258392454719544	0.2512999999952316	0.14094999999761582
503	0.6251001140785217	0.2528400000190735	0.14115
504	0.6226754458236694	0.2524900000190735	0.1419300000143051
505	0.6205737193107606	0.25308000001430514	0.14326000000715255
506	0.6172748555755615	0.25211000000953676	0.14252000000238418
507	0.6163870533180237	0.2517999999952316	0.1426099999976158
508	0.6131577330970764	0.2524	0.14212000000476838
509	0.6116354089736938	0.2527900000143051	0.1428400000143051
510	0.6109786303901672	0.2533999999952316	0.14229999999523163
511	0.6061216703033447	0.25227000000953675	0.14325
512	0.6020414404296875	0.25127999999046324	0.14305
513	0.6007241830253601	0.25086000002861025	0.14221999999523163
514	0.5996236184883118	0.2526399999952316	0.1436899999976158
515	0.5951043638801574	0.25150999999046325	0.14455000000476836
516	0.5929130816459656	0.2520400000143051	0.14547
517	0.5931352518463134	0.25175999999523163	0.14203999999523162
518	0.5893137506103515	0.2517900000095367	0.14474999999523164
519	0.5859499247550964	0.25137000000953674	0.14490999999523163
520	0.584661494255066	0.2519300000143051	0.1454800000143051
521	0.5808236327552796	0.25095000001907347	0.14495
522	0.5816894970703125	0.25205000000476835	0.14483000000715257
523	0.5807043557357788	0.25298	0.1452500000143051
524	0.5752391558074951	0.25191	0.14626000000953673
525	0.5735006775665283	0.2516300000095367	0.14571999999523164
526	0.5688482466316224	0.24958999999046325	0.14561000000476837
527	0.570010103302002	0.25173	0.14544999999761582
528	0.5645340365600586	0.2500400000047684	0.1473300000143051
529	0.564550398273468	0.2506199999952316	0.14631
530	0.5605940944671631	0.24996000001430513	0.14756000000476838
531	0.559398761024475	0.2512499999952316	0.14821000001430512
532	0.5562249942207337	0.24960000001907348	0.14708
533	0.5564353721809387	0.25114	0.14681000000953676
534	0.5554705095291138	0.25189999999046325	0.14737
535	0.5512832716369629	0.25110000000953675	0.14822
536	0.5476375722694397	0.25084000002861023	0.14937
537	0.5464029644584656	0.25058	0.1490399999976158
538	0.5452068101119996	0.25105999999523165	0.14861000000476837
539	0.543770952167511	0.25199	0.14988000000476837
540	0.5433028231811523	0.2524200000286102	0.14844000000953675
541	0.5370397343444824	0.2506100000286102	0.15051000001430512
542	0.5359677287673951	0.24999	0.14885000000476836
543	0.5335626538848877	0.24935000000476837	0.14866000001430513
544	0.533155687675476	0.2512900000190735	0.14984000000476838
545	0.529236069278717	0.24994999999523163	0.14910000001430512
546	0.5271048535919189	0.24920999999523163	0.14963000000476837
547	0.5257940397453308	0.25050000000953676	0.15082000000476836
548	0.5245139207458496	0.2507200000286102	0.15053999999523163
549	0.5249228226089477	0.25221999999046324	0.15053999999523163
550	0.5206487136077881	0.2507300000143051	0.15050000000476838
551	0.5170681731986999	0.24967000002861023	0.15090000001430512
552	0.5170384834861755	0.24974	0.15014000000715255
553	0.5144103915023803	0.24993000002861024	0.1503000000143051
554	0.5131748679351806	0.25068000002861024	0.15140000000953674
555	0.5131296611404419	0.25218000000476837	0.15225
556	0.5095695254135132	0.2503	0.15203000000715255
557	0.5090550089645386	0.25216000000953676	0.15221
558	0.5066127291107178	0.2518500000095367	0.15275
559	0.5042684941482544	0.25023	0.15159000000476838
560	0.5022106658172607	0.2508900000143051	0.15204000000476836
561	0.498501284122467	0.25001000000953677	0.15336000000953676
562	0.4991182064437866	0.2504900000190735	0.15254000001430512
563	0.49617126187324523	0.2500200000095367	0.15308000000476837
564	0.49414469188690185	0.2501200000143051	0.15291000000476837
565	0.4937039489364624	0.25050000001907347	0.1532500000143051
566	0.4911648645782471	0.25065999999046323	0.15332999999523164
567	0.4871882732486725	0.2496300000143051	0.15368000001430512
568	0.48707906610488894	0.25001	0.15342000000953673
569	0.48663445015907286	0.25172	0.15425000000953673
570	0.48489051782608034	0.25022000000476835	0.15301000000476836
571	0.4811838600540161	0.25018999999046326	0.15497000000476838
572	0.4819407402038574	0.2509900000143051	0.15356000000476838
573	0.478873611536026	0.25040999999046326	0.15479000000476836
574	0.4798805505943298	0.2520200000190735	0.15424999999523162
575	0.4750536147880554	0.25070999999523164	0.15542
576	0.4754811561203003	0.25227999999046324	0.15607
577	0.47335544645309446	0.2522900000190735	0.15630000000476837
578	0.4707952760314941	0.2507	0.15540999999523164
579	0.47006549880981446	0.2523100000143051	0.15627
580	0.46699820932388303	0.25094	0.1566600000143051
581	0.4659004112243652	0.2512899999952316	0.15560000000953675
582	0.4627170457458496	0.24976000001907347	0.15582999999523162
583	0.46205193355560303	0.25086000000953673	0.15604000000715257
584	0.4610384933280945	0.2510000000286102	0.1565800000143051
585	0.45791578819274903	0.25111000001907346	0.15826
586	0.45609071952819824	0.25068000002861024	0.15786000000953673
587	0.4567264463424683	0.2521200000095367	0.15787000000476836
588	0.4531097312831879	0.25095000000953677	0.15847000000476838
589	0.451001889667511	0.24999000000953675	0.15734000000953674
590	0.45204323698043825	0.2524600000095367	0.15889999999523163
591	0.4487042418384552	0.25107000002861024	0.15842000000476839
592	0.44928699752807616	0.2524799999904633	0.15779
593	0.44731930707931516	0.25128	0.15736
594	0.443809654712677	0.25038	0.15872000000953673
595	0.4444546541404724	0.25167000000953677	0.15853000000476838
596	0.44273819101333617	0.25170000000953674	0.15770000001430512
597	0.4412194566345215	0.2517400000095367	0.15870000000476836
598	0.4419554383468628	0.25308999999523163	0.15847999999523163
599	0.4377686728286743	0.25171999999523165	0.15921000000953675
600	0.43410132893562314	0.25046000000476837	0.16055
601	0.43451158051490785	0.2515200000095367	0.15964999999523163
602	0.43313390031814575	0.25086000001430514	0.15929
603	0.4321822072410583	0.2521300000047684	0.15888000000715255
604	0.4299543942642212	0.2512700000286102	0.16032000000476837
605	0.4274841466426849	0.25143000000953675	0.1609600000143051
606	0.4262796446990967	0.25053999999523163	0.15939000000953674
607	0.42558114013671877	0.25086999999523163	0.15958000000953673
608	0.42377262943267824	0.25078999999046325	0.15958999999523163
609	0.4237443627548218	0.25215999999046323	0.16050999999523163
610	0.4223347150802612	0.25281000000953674	0.16240999999523162
611	0.4172177968788147	0.2504300000047684	0.16167999999523164
612	0.4186300861740112	0.25123	0.16011000000476838
613	0.4189161820602417	0.2527000000143051	0.16126000000476837
614	0.41572630648612974	0.25137	0.16135999999523162
615	0.4155855124855041	0.25269999999523163	0.1618500000143051
616	0.41318621936798094	0.25171999999046324	0.16228
617	0.41015413246154786	0.25106	0.16268
618	0.4095174620628357	0.2520200000095367	0.16274000000476838
619	0.4098440170478821	0.2523700000047684	0.16166000000715255
620	0.40834754324913025	0.2518000000047684	0.16259000000715257
621	0.40600865975379946	0.25154	0.16201999999523162
622	0.4070304643726349	0.25330000002861025	0.16327999999523163
623	0.4023267454910278	0.2514200000047684	0.16294
624	0.40145653913497925	0.25229	0.16398999999523162
625	0.399145442943573	0.2510699999952316	0.16261
626	0.3986964879512787	0.25216000000476835	0.16376000000953675
627	0.3989321586036682	0.2523200000286102	0.16364
628	0.39642286279678346	0.2520300000190735	0.16356000001430512
629	0.3972856138038635	0.25368	0.16381000001430512
630	0.3933898347854614	0.25193000000953675	0.16476000000476837
631	0.39083789918899536	0.2511999999904633	0.1650100000143051
632	0.3931678496170044	0.25337	0.1644699999976158
633	0.3907602983856201	0.2522500000047684	0.16496
634	0.3896708653926849	0.25253	0.16502
635	0.38842348571777346	0.25198999999523164	0.16331
636	0.3874796284484863	0.25255000000476835	0.16512
637	0.38597827305793764	0.25218	0.16394000000238418
638	0.38342013003349307	0.2521600000143051	0.1652799999976158
639	0.3827440810012817	0.25207000001430513	0.16516000001430511
640	0.38294290056228636	0.25352	0.16592000001430512
641	0.3809390773296356	0.25207	0.16448000001430513
642	0.3794448457527161	0.25257	0.16630999999523163
643	0.37651126538276675	0.2518100000190735	0.16648
644	0.3774374523353577	0.25333	0.1660400000143051
645	0.37569828302383423	0.2523500000095367	0.16551000000476837
646	0.3762191541862488	0.25424999999046327	0.16619000000953674
647	0.3725824534416199	0.25302	0.16789
648	0.37241931369781495	0.25273000002861024	0.1661
649	0.37158409700393674	0.2543200000143051	0.1684399999976158
650	0.3691967026901245	0.25393	0.16898000000476837
651	0.3681847872543335	0.25285	0.16734
652	0.3662330466747284	0.25211999999046325	0.16777000000476838
653	0.3668567846393585	0.25331	0.16754000000715255
654	0.3654229288864136	0.25322	0.16826000000476837
655	0.36453182935714723	0.2545199999952316	0.16916999999523163
656	0.3622895621299744	0.2532100000190735	0.16866999999523163
657	0.36118637897491457	0.25264000000953674	0.16839000000953674
658	0.36188138792037966	0.25524000001430514	0.1698400000143051
659	0.360016556930542	0.2532899999952316	0.16830999999523164
660	0.3573694893074036	0.25266999999046325	0.16835
661	0.35874425062179566	0.2543200000286102	0.16757000000715255
662	0.3555855219459534	0.2533499999952316	0.16933000001430512
663	0.355046593837738	0.2531	0.16840999999523162
664	0.3540797692108154	0.2544800000047684	0.17029
665	0.35332977466583254	0.2546300000095367	0.17073
666	0.35067498673439024	0.25248999999523164	0.16963
667	0.3494973373222351	0.25294000000953676	0.17057999999523163
668	0.34994243989944457	0.25348000000953674	0.16986000000476836
669	0.34618603672027587	0.25237999999523164	0.17029000000476838
670	0.34892975993156433	0.25588000000476835	0.17254000000953673
671	0.34771055391311645	0.25491000000953673	0.17088999999523163
672	0.34607980946540834	0.2546000000190735	0.1711
673	0.3446017581558228	0.25417000000953677	0.17135000000953673
674	0.3450042350769043	0.2559400000143051	0.17225999999761582
675	0.3440102207183838	0.25452	0.17031000000953675
676	0.34146484685897827	0.25405000000953676	0.17084000000953675
677	0.3417191411113739	0.25533000000476835	0.17150999999761582
678	0.3399139368247986	0.2549699999952316	0.17228000000476837
679	0.34094584827423097	0.25652999999523163	0.17264
680	0.33816568056106566	0.2557300000190735	0.17268
681	0.33838885668754576	0.2556999999904633	0.17184999999523162
682	0.3363885517311096	0.25498000000953674	0.17204000000476838
683	0.3335125182437897	0.2541300000095367	0.17197000001430512
684	0.33446302794456484	0.25506000000953677	0.17227000001430512
685	0.33098015266418457	0.2536300000095367	0.17267000000953675
686	0.33057671674728395	0.2547200000143051	0.17378000000953675
687	0.32937033431053164	0.2544500000190735	0.17399999999523164
688	0.33109837594985964	0.25654999999046324	0.17386
689	0.3300465265655518	0.25596999999046327	0.17329000000476838
690	0.32681604754447935	0.25434	0.17369000000953674
691	0.32689895429611204	0.2548800000286102	0.17326
692	0.32660861177444456	0.25604000000953675	0.17467000000953675
693	0.3251445124435425	0.2556800000095367	0.17449000000953674
694	0.3233802054977417	0.2556199999952316	0.17541000000476836
695	0.32301704997062686	0.25592	0.17442000000953675
696	0.32274087385177613	0.25633000000953676	0.17515
697	0.3205731011772156	0.25567	0.17524999999523164
698	0.3186330365562439	0.25465000000953675	0.17441000000476836
699	0.31919400364875794	0.25557000001430513	0.17495
700	0.3179749197006226	0.25495000000953677	0.17477999999523164
701	0.3187192704772949	0.25691000000953673	0.17582000000476838
702	0.3159629207611084	0.25628000000953677	0.17626
703	0.31649996267318725	0.25587000000953675	0.17523000000953673
704	0.3157551147651672	0.25732000000953675	0.17636000000953675
705	0.31342286901474	0.25628000000953677	0.17651999999523163
706	0.3131961809158325	0.2561500000143051	0.17615
707	0.3119436656856537	0.25605000000953676	0.17675000000953675
708	0.3104803147315979	0.2558999999952316	0.17674999999523164
709	0.3104847782325745	0.2565	0.17714999999523162
710	0.309659434299469	0.25684000000476837	0.1778900000143051
711	0.30939921363830564	0.25744000001907347	0.17772000000476837
712	0.30795064126968386	0.25661999999046325	0.17741
713	0.30711452436447145	0.25715000000953675	0.17784
714	0.30613388328552243	0.2572300000190735	0.17811999999523162
715	0.30538204066276553	0.2568800000286102	0.17819
716	0.3048250667667389	0.25679	0.17830999999523162
717	0.30450448452949525	0.25792000000953674	0.17926999999523163
718	0.3034227637004852	0.25767999999046326	0.17908999999523162
719	0.30324819133758546	0.25788000000953676	0.17820000000953673
720	0.3042373537826538	0.2594200000143051	0.17791
721	0.302259332408905	0.25850000000476836	0.17912000000476838
722	0.2986183127784729	0.2567000000190735	0.17831000000476838
723	0.2992702045440674	0.25780999999523163	0.17900000000953675
724	0.2990471067428589	0.2585000000190735	0.18033999999523162
725	0.29748438661575316	0.2585699999952316	0.17989000000476837
726	0.296833538646698	0.25748999999046324	0.17907000000476836
727	0.29423995443344114	0.25702	0.18039
728	0.29505099927902223	0.2584500000095367	0.18146000000476836
729	0.2967846747970581	0.2604200000286102	0.18107000000476836
730	0.2931783493232727	0.25788000000953676	0.18021
731	0.2945675620651245	0.2590300000190735	0.17957000001430512
732	0.2925523892688751	0.25867	0.18069999999523162
733	0.29126984064102174	0.2586400000190735	0.18103000000953676
734	0.29101430551052093	0.25968	0.1817800000143051
735	0.29154640682220456	0.25905	0.18078000000953676
736	0.2887476240539551	0.25889	0.18180999999523162
737	0.28929513041496274	0.2595000000143051	0.18193000000953674
738	0.28966452194213865	0.26033000000953677	0.18193
739	0.28665613288879394	0.25817	0.18102000000476837
740	0.28632038501739504	0.2589900000286102	0.18149000001430513
741	0.2852375800704956	0.2587799999952316	0.1818600000143051
742	0.284089758682251	0.25896000002861025	0.18271000000476836
743	0.28300845980644224	0.25876999999523165	0.1822000000143051
744	0.28389754442214965	0.2589699999952316	0.18243000000953674
745	0.28184083672523497	0.2589699999952316	0.18317
746	0.2813506479549408	0.2592900000095367	0.18309000000476838
747	0.2807709328651428	0.26004000000953675	0.18396
748	0.28010310978889463	0.25896000002861025	0.18194999999523162
749	0.2800773114109039	0.25937000000953675	0.18231000000476838
750	0.2779330474853516	0.25923	0.18374000000476837
751	0.2791452487373352	0.26094000000953677	0.18464999999523163
752	0.2782980826759338	0.26033000002861023	0.18415999999523164
753	0.2771505477809906	0.26021999999523165	0.18406000001430511
754	0.27660465401649476	0.25993000000476835	0.18372000000953675
755	0.2760352947807312	0.2608700000190735	0.18430999999523162
756	0.2736032688140869	0.25941000001430514	0.1846300000143051
757	0.2740837888765335	0.26030999999523163	0.1846100000143051
758	0.27264944356918336	0.26016	0.1852
759	0.27325123496055603	0.26111	0.1844400000143051
760	0.2714223658180237	0.26071000001907346	0.18556
761	0.27208439615249636	0.26157000002861025	0.18581
762	0.2704489910411835	0.26004000000953675	0.18493000000476836
763	0.27214406156539916	0.26248999999046324	0.18578999999523163
764	0.26960187240600586	0.2603	0.18539
765	0.26934153412818906	0.2613900000095367	0.18479999999523164
766	0.26799650734901426	0.26065	0.18619
767	0.2673744829082489	0.26092999999046324	0.18634000000476836
768	0.26857211062431335	0.26177000001907347	0.18542000000476838
769	0.26458499094009397	0.26133999999046326	0.1877500000143051
770	0.2651650203371048	0.2608999999952316	0.1861300000143051
771	0.26651253662109375	0.2620900000286102	0.1869100000143051
772	0.26389652703285216	0.26113	0.18729000000953674
773	0.26292074506759644	0.2606900000190735	0.18726000001430512
774	0.26206279913425445	0.26063000001430514	0.18692000000476838
775	0.2626416538333893	0.26142	0.18785000000476837
776	0.26242037940979	0.2614800000190735	0.18698000001430512
777	0.2622255132007599	0.26265	0.18792000000953674
778	0.259922772731781	0.2615900000190735	0.18852000000476837
779	0.26048530760765076	0.2625900000190735	0.1890500000143051
780	0.2581295354270935	0.2618	0.18878000000476838
781	0.2569105369949341	0.26139999999046326	0.1893800000143051
782	0.2592773694419861	0.26338000001907347	0.1893
783	0.25852324893951417	0.2618600000047684	0.18797
784	0.2569743656539917	0.2628600000190735	0.1891000000143051
785	0.25575987981796267	0.2622400000190735	0.1893800000143051
786	0.2571084232902527	0.26253000000953675	0.18844
787	0.2534304721069336	0.26216000000953676	0.19115000001430513
788	0.25402662299156187	0.26279000002861025	0.19089000000476838
789	0.25485978643417356	0.2628900000095367	0.18928000000476838
790	0.2542735441875458	0.26303	0.18959000000476836
791	0.2531122934055328	0.26284999999046327	0.19000000000953673
792	0.25287745297431946	0.26254999999046325	0.1891300000143051
793	0.25327239300727844	0.26352	0.18973000000953674
794	0.2530020486545563	0.2647300000190735	0.19072
795	0.25147386833190916	0.26295999999046327	0.18986999999523163
796	0.25088602202415466	0.2642	0.19100000000953674
797	0.2499124695110321	0.26382000000953676	0.19144999999523163
798	0.24909934000015257	0.26321000001907346	0.18978000000953674
799	0.2485420700740814	0.26393	0.19143
800	0.2470836150932312	0.2624600000047684	0.19111000001430511
801	0.24810819526672362	0.26384	0.1914400000143051
802	0.24900247379302978	0.26507000000953673	0.19143
803	0.24578749075889586	0.26345999999046327	0.19158000000476838
804	0.2463737422323227	0.26405000000953677	0.19171
805	0.2451262376022339	0.2637500000143051	0.19140999999523162
806	0.24614415596485137	0.2643400000190735	0.19180000000476838
807	0.24290738600254058	0.26318000001430514	0.19253000000953674
808	0.24508610158920288	0.26538000000953677	0.19251000000476837
809	0.2429544360923767	0.2644400000190735	0.19311999999523163
810	0.2440257272195816	0.2653499999952316	0.19249
811	0.24285592601776124	0.26491000000953674	0.19250000001430512
812	0.24060277296066285	0.2635299999904633	0.19268
813	0.241071800699234	0.26420999999046324	0.19341000000953673
814	0.2403001961708069	0.26458999999046323	0.19305000000476838
815	0.23961738337516786	0.2641900000190735	0.19301000000953675
816	0.23939241468429565	0.26432999999046325	0.19352999999523163
817	0.23913205704689025	0.2648200000286102	0.19310999999046324
818	0.2408539539527893	0.26688999999046326	0.19483999999523163
819	0.23709224927902223	0.26444000000476836	0.19387
820	0.23835134576797484	0.26529000000953673	0.19390000000476837
821	0.23744286684036256	0.2657399999952316	0.19451000000953675
822	0.23734877568244933	0.26518	0.19354999999523162
823	0.2366610289478302	0.26548000001907346	0.19369000000476838
824	0.2360516713476181	0.26479000000953673	0.19377999999523163
825	0.2346931244277954	0.2644499999952316	0.19381000000476836
826	0.23549497066020966	0.26545000000476837	0.19418000000953675
827	0.2336946541118622	0.2647500000286102	0.19509000001430513
828	0.2344096229505539	0.2656300000047684	0.19476999999523162
829	0.23309783346176147	0.2652600000286102	0.19591
830	0.23392655152320863	0.2659500000095367	0.19499000000953676
831	0.23184289052963256	0.2650500000190735	0.19430000000953673
832	0.23329048944473266	0.26693	0.1961000000143051
833	0.231969601354599	0.26621000001907347	0.19637
834	0.23251193256378175	0.26639000000476837	0.19469
835	0.23164490844726562	0.2660300000047684	0.1958700000143051
836	0.23116404479503633	0.26636	0.19658000000476838
837	0.2314413765668869	0.26722	0.19597000000476839
838	0.22971124489784242	0.26675	0.1960400000143051
839	0.22974758498191833	0.26647	0.19591000000476838
840	0.22813650066375732	0.26685000000953674	0.19739000000476836
841	0.22908183348178862	0.26677999999046326	0.19588999999523163
842	0.22838382027626036	0.26763000000953674	0.19755000001430512
843	0.22745608247756957	0.2658400000095367	0.19621
844	0.22528582798004151	0.2655900000190735	0.19672999999523164
845	0.2251577200603485	0.2657399999952316	0.19631000000953674
846	0.22624568857192992	0.26688	0.19708000000953674
847	0.22586056848049163	0.2669700000286102	0.19650000000953674
848	0.22307194521903992	0.26500000000476837	0.19717000000953674
849	0.2254935354232788	0.26672	0.19698999999523162
850	0.22456462485313416	0.26725	0.19775999999046326
851	0.22328277371883393	0.26699000002861023	0.19782
852	0.22415954149246214	0.26715	0.1973800000143051
853	0.22276989179611206	0.26709	0.19834000000476837
854	0.22224840586185454	0.26693000001907347	0.19758000001430512
855	0.2216403654766083	0.26688	0.19845000001430513
856	0.22163341988086702	0.26720000000953675	0.19810999999523163
857	0.22204685482025147	0.26732999999046325	0.19796999999523163
858	0.2186954382991791	0.2658600000190735	0.19839999999523164
859	0.21933911652088164	0.2664100000047684	0.19873
860	0.21991427039146424	0.2668200000286102	0.19798000000953675
861	0.21950399489402772	0.26730999999523164	0.19826000000953675
862	0.22104723973274232	0.2689900000143051	0.19938000000476838
863	0.2189068547821045	0.26716000002861023	0.19873000000476837
864	0.216889958820343	0.2670200000190735	0.20006000000476837
865	0.21799708662986755	0.26821	0.20029999999523163
866	0.21766166707038878	0.26801000000953673	0.19962999999523162
867	0.21778370057582855	0.26835	0.19937
868	0.2176396563577652	0.2686899999904633	0.19997
869	0.21529716829299927	0.2670600000095367	0.19932000000476838
870	0.21665919676303863	0.26798000000953676	0.19970000000476837
871	0.21701708072662354	0.26795999999046327	0.1996000000143051
872	0.21452753295898438	0.2672400000190735	0.19953999999046326
873	0.214450032453537	0.26757000002861026	0.1995100000143051
874	0.21285722719669342	0.2662199999952316	0.19938000000953673
875	0.21399464408397675	0.26774999999523164	0.19985000000476838
876	0.2139801356124878	0.26779000001430514	0.19991000000476838
877	0.21380923129081725	0.26836999999046324	0.20035999999523163
878	0.21287912981987	0.2672400000190735	0.19885
879	0.21158453590869902	0.26737000000476835	0.2004000000143051
880	0.21267259855270385	0.2688300000190735	0.20136000001430512
881	0.21231002895355225	0.26875000000953675	0.20152000000476838
882	0.2133685356426239	0.26951000000953673	0.2008
883	0.21192531940460205	0.26854000000953676	0.20032000000476838
884	0.21178466059207915	0.2689099999904633	0.20061000001430512
885	0.21079305634498596	0.2681500000143051	0.20025000000476836
886	0.20980394723892212	0.26865000000953676	0.20126000000476837
887	0.21009677631855012	0.2682400000190735	0.20008000001430512
888	0.20985332091331482	0.26894000000476836	0.20155000000953674
889	0.20758255469322204	0.26739	0.20204000000476838
890	0.20852804204940795	0.2684600000190735	0.20088999999523163
891	0.20871402463436126	0.26841999999046323	0.20150000001430513
892	0.2078940829181671	0.26775	0.20017000000476837
893	0.2067246856689453	0.26755000000476836	0.20074000000953673
894	0.2086283363676071	0.26957	0.20241000000476836
895	0.20645949803352356	0.26887000000953676	0.20236000001430512
896	0.207648731174469	0.26910000000953677	0.20105000000476836
897	0.20426797934532165	0.26770000000953675	0.20208000000953674
898	0.20706687202453614	0.2695900000286102	0.20189000000953675
899	0.2044103508758545	0.26809000000953676	0.20174999999523163
900	0.20654074222564697	0.2695799999904633	0.20239000000953675
901	0.20566209462165833	0.2692600000286102	0.20253000001907348
902	0.20512416127204894	0.26948999999046325	0.2029300000143051
903	0.20486324916362764	0.26850000002861024	0.20161000001430512
904	0.20510604957580567	0.26948000000476835	0.20166000000953674
905	0.20330758654594422	0.2686700000190735	0.20223
906	0.2040737100124359	0.26895000002861025	0.20241999999523164
907	0.2020149496459961	0.2680599999952316	0.20146000000953673
908	0.20201332966804506	0.26908999999046324	0.2029200000143051
909	0.20358340032577515	0.26919000000953675	0.20218
910	0.20241967713356018	0.26921000002861023	0.20276000000476838
911	0.2025939971113205	0.2693900000095367	0.20142000000953675
912	0.20263636036396027	0.26983999999046326	0.20321000000953673
913	0.20239451137542724	0.2701	0.20288000000476838
914	0.20103002655506133	0.26974999999523164	0.20374000000476838
915	0.20084484412193299	0.26886000000953675	0.20312999999046324
916	0.20091775179862975	0.27009999999046325	0.20310999999046325
917	0.20041108394622803	0.2691400000047684	0.2027300000143051
918	0.20048860379695893	0.2695500000095367	0.20284000000953675
919	0.19914037980556487	0.2689	0.20282
920	0.19922933224678038	0.2687399999904633	0.20296000001430511
921	0.20078776034355164	0.27062000000953673	0.20348999999523162
922	0.19971121091365815	0.2700199999904633	0.20340999999523163
923	0.1994527867126465	0.27105	0.20385
924	0.19871604402542115	0.27003999999046324	0.2045400000143051
925	0.19724736765384673	0.26843000000953676	0.20271999999523163
926	0.19719121954917906	0.26934	0.20365000000953673
927	0.19680356566429139	0.26995000002861025	0.2047600000143051
928	0.19579872358322142	0.26895	0.20395999999523162
929	0.1965268457198143	0.2694900000143051	0.20330999999523164
930	0.19578317461490632	0.26966999999046326	0.20371000001430511
931	0.19636104928970338	0.26951000000953673	0.2035600000143051
932	0.19575557967185975	0.26996000000953674	0.20483999999523164
933	0.19634946002483367	0.27039	0.20420999999523162
934	0.19619572645664216	0.26987000000476835	0.20347000000476836
935	0.19520740622520447	0.26971999999046326	0.20375000001430513
936	0.19501422691345216	0.26972000001430513	0.2038400000143051
937	0.19649851726531983	0.2709400000095367	0.20349000000476838
938	0.19446411904335023	0.27008	0.20468
939	0.19441320173740387	0.2708100000286102	0.20476000000476838
940	0.1941598803138733	0.27049000000953677	0.20521000000476838
941	0.19394128102302552	0.27036000000953675	0.20447000000476837
942	0.19395001947402954	0.27067999999046327	0.20454
943	0.19285767273426055	0.2690600000047684	0.20407000000953673
944	0.19291684419631958	0.26994	0.20407
945	0.19292134437561034	0.2705800000190735	0.2054800000143051
946	0.19398533250808717	0.2706700000190735	0.20422999999523161
947	0.19167609461307525	0.2695500000143051	0.2043799999976158
948	0.19345766124248504	0.2709800000286102	0.20415999999046325
949	0.1916888075399399	0.2707999999904633	0.20488000001430512
950	0.19138522411823272	0.26989000002861024	0.20416000001430512
951	0.19066108495235443	0.2700300000286102	0.20558000000953675
952	0.19016859543323517	0.26960000002861023	0.20483999999523164
953	0.1905074582862854	0.2703	0.2058900000143051
954	0.19038283689498903	0.2706800000047684	0.20580999999523164
955	0.19089336958408357	0.27041999999523164	0.20477
956	0.18999703302383422	0.2702300000047684	0.20538000001430512
957	0.18900381799697877	0.26958	0.20544999999523164
958	0.1899794510269165	0.27071000000953677	0.20544000001430512
959	0.1897389827299118	0.2703700000286102	0.2060000000143051
960	0.18888542961120605	0.26980000000953674	0.20449999999523163
961	0.18809670152664185	0.2699100000190735	0.2054500000143051
962	0.18898331790447234	0.2706700000047684	0.20564
963	0.18834746188163756	0.2700700000047684	0.20502000001430512
964	0.18761996479511261	0.26932000002861023	0.20488000001430512
965	0.18899134199619294	0.2699400000095367	0.20407999999523163
966	0.1880388214969635	0.27093000002861023	0.2059200000143051
967	0.18920534631729127	0.27080999999523164	0.204
968	0.18641235268592835	0.26968	0.2049800000143051
969	0.1875911916208267	0.2711300000286102	0.20597000000476837
970	0.18771307449817656	0.27059000000953676	0.20508
971	0.18743969408035277	0.27089	0.20511
972	0.18542115340232848	0.26887000000953676	0.20477000000476836
973	0.18618990334033966	0.27032000002861023	0.20501
974	0.18562778897285462	0.2696400000047684	0.20486000000476837
975	0.18594776001930235	0.2699900000143051	0.20581000000476837
976	0.18594958241939544	0.2700799999904633	0.20501000000953673
977	0.18573345579147338	0.27005000002861024	0.20520999999523162
978	0.18570517779350282	0.2711300000190735	0.20619000000476836
979	0.18541962842941284	0.2707899999952316	0.20611999999523162
980	0.18584152519226074	0.27002	0.20391000000476836
981	0.1843028177547455	0.27032000001907347	0.20623000002861022
982	0.18545527874469758	0.2701400000286102	0.20413000000476836
983	0.18420885670661927	0.26967	0.20552000000476836
984	0.18536775359630583	0.27118	0.2062900000143051
985	0.1850742971754074	0.2705000000095367	0.20551999999523163
986	0.1861566169834137	0.2714600000286102	0.20613000000476836
987	0.18482682997703553	0.2709100000286102	0.20593999999523163
988	0.18389207202911376	0.2695500000095367	0.20515999999523163
989	0.18544643059730528	0.27042	0.20562000000953673
990	0.1836902414560318	0.26865000001907346	0.20443000000953673
991	0.1836885544872284	0.2696099999952316	0.20569999999523164
992	0.18523059741020204	0.2704099999904633	0.20547
993	0.18441508917331695	0.27085000000953674	0.20604000000476838
994	0.18520987926959992	0.27024000000953674	0.20515999999523163
995	0.1856217852115631	0.27048000000476835	0.20487999999523163
996	0.18381364122867586	0.26860999999046326	0.20429000000476838
997	0.18463139693260192	0.27071000001907347	0.20586000000476837
998	0.18525625560760497	0.2707600000143051	0.20601
999	0.18421084648132324	0.26996	0.20514999999523162
