epoch	loss	acc	certified
0	0.9008800491015116	0.1945833333412806	0.09401666666666667
1	0.8474782640775045	0.20385000001589457	0.17190000001589456
2	0.8009164025306702	0.32001666666666667	0.14135
3	0.5986676083246867	0.63155	0.21993333333333334
4	0.44925633204778037	0.7160166666666666	0.3977833333492279
5	0.35465744530359905	0.76295	0.5360166666666667
6	0.2646260333220164	0.8442333333651225	0.6296833333651225
7	0.18836379902362824	0.88945	0.7287333333333333
8	0.15379165756702423	0.9108	0.7757000000635783
9	0.13032642778158188	0.9255500000635782	0.806716666730245
10	0.11451436088085175	0.9345500000317891	0.8292500000317892
11	0.10254190090497335	0.9428666666666666	0.8445333333651225
12	0.0899920803507169	0.9512	0.8607166666984558
13	0.08291997092564901	0.9547666666984558	0.8717333333333334
14	0.07719522566000621	0.9583000000317892	0.8801166667302449
15	0.07022948304216067	0.9631333333651225	0.8889833333969116
16	0.06689175610542297	0.96415	0.8951
17	0.06232135468324025	0.9667666666666667	0.9011333333333333
18	0.05903038763006528	0.968966666730245	0.9053500000635782
19	0.05699781319697698	0.9697666666666667	0.9094833333969117
20	0.054280752170085905	0.9723500000317892	0.9121000000317891
21	0.05212388474146525	0.9733000000317892	0.9145833333969117
22	0.04988987876176834	0.9744166666984558	0.9174833333333333
23	0.04878693111340205	0.9746833333333333	0.9188333333651225
24	0.046727596801519396	0.9760333333333333	0.9234500000317891
25	0.04503191471497218	0.9772833333969116	0.9249166666984558
26	0.0439528942912817	0.9778833333333333	0.92625
27	0.04275131659706433	0.9786833333333333	0.927816666730245
28	0.04146732976237933	0.9782833333333333	0.9311833333651225
29	0.040456892361243564	0.9796666667302449	0.9316500000635783
30	0.039283502864837644	0.9806166666666667	0.9324
31	0.03820267537236214	0.9804000000317892	0.9348666666666666
32	0.03750312525431315	0.9809666666984558	0.9368
33	0.03641692007780075	0.9811166666984558	0.9381000000635783
34	0.036002544023593264	0.9818833333969116	0.9377666666984558
35	0.03573643798033396	0.9820000000317891	0.9388500000635783
36	0.034590314416090645	0.9825666666984558	0.9410333333651225
37	0.03377081195116043	0.9832166666984559	0.9412166666666667
38	0.03278823252121608	0.9833833333969116	0.9433333333651225
39	0.03252055157423019	0.9841000000635783	0.9431166666984558
40	0.03205810591677825	0.9841	0.9437500000635783
41	0.031935088047385214	0.9837833333969116	0.9449833333969117
42	0.03135670616229375	0.9842500000317892	0.9454166666984558
43	0.0310926952958107	0.9847833333651225	0.9460833333969116
44	0.030841632088522117	0.9843	0.9464166666984558
45	0.03014183369576931	0.98545	0.947116666730245
46	0.029360975163181622	0.9860333333969116	0.9475833333969116
47	0.02963195000886917	0.9850666667302449	0.94855
48	0.029504653990268706	0.9853000000317892	0.9491500000317892
49	0.028436015782753628	0.98635	0.9495333333969116
50	0.0285814575056235	0.986216666730245	0.9493500000635783
51	0.027796613279978434	0.9867000000635783	0.9504666667302449
52	0.02719585662285487	0.9870833333969116	0.9504666667302449
53	0.026865850564837455	0.9872666666666666	0.9517333333333333
54	0.027026325100660324	0.9870833333333333	0.9509000000635783
55	0.026822051505247753	0.9869833333969116	0.9519833333651225
56	0.026137707912921904	0.9876500000317892	0.9525833333969116
57	0.026011509482065837	0.9874333333651225	0.9526833333969116
58	0.026024610849221547	0.9877	0.9528833333969117
59	0.02534372924963633	0.9873166666984559	0.9557166666666667
60	0.02560556555191676	0.9877333333333334	0.9535833333969116
61	0.024801622289419175	0.9882000000635783	0.95435
62	0.02453081363836924	0.9882833333969117	0.9550333333651225
63	0.024589761130015056	0.9884333333969116	0.9541500000317892
64	0.02437672148346901	0.9883000000317892	0.9555333333333333
65	0.023812787929177286	0.9890500000635782	0.9563333333333334
66	0.024123641526699068	0.9887000000635783	0.9552166666666667
67	0.023235738215843838	0.9889833333969116	0.9570833333651225
68	0.024353289117415747	0.9881666666984558	0.956366666730245
69	0.023809006734689078	0.9888333333969116	0.956
70	0.023747411983211834	0.9887166666666667	0.9562666666984558
71	0.02283410560687383	0.9892666666984559	0.9583500000635783
72	0.02236183971365293	0.9899666666984558	0.9588000000317891
73	0.022663709304730096	0.9896	0.9570000000635783
74	0.022389438928167027	0.989466666730245	0.9574500000635783
75	0.022023485047618547	0.9897333333969116	0.9579833333651224
76	0.022269176795496604	0.99015	0.9580666666666666
77	0.022103779310981432	0.98985	0.9582833333651225
78	0.020975695536037287	0.9899833333969116	0.9596666666666667
79	0.02197408861418565	0.9899833333333333	0.9587166666666667
80	0.021470668848852317	0.9902333333333333	0.9589000000635783
81	0.021657241561015447	0.9903833333651225	0.9581333333651225
82	0.02148072146177292	0.9906833333969116	0.95895
83	0.02096705665389697	0.9903666666984559	0.9601333333651225
84	0.02079938359459241	0.9904333333969116	0.9603000000317892
85	0.020953001335759957	0.9898666666666667	0.9607666666666667
86	0.020924499387542407	0.990266666730245	0.9605666666666667
87	0.020689312001069386	0.9908666666666667	0.96055
88	0.020102274695038797	0.9911166667302449	0.9607833333969116
89	0.020274676102399827	0.99105	0.9604833333969116
90	0.020380070211489996	0.9905833333651225	0.9616666666984558
91	0.019481863920887313	0.9908500000635783	0.9617833333651225
92	0.01946541548172633	0.9913166666984559	0.9624000000635783
93	0.020106037060916425	0.991	0.9611333333651225
94	0.0201119915942351	0.9909166667302449	0.9616166666984558
95	0.019604274858037632	0.9912333333333333	0.9613000000317892
96	0.01902727010610203	0.9913333333333333	0.9632000000635783
97	0.01961718125740687	0.9911333333969117	0.962
98	0.01884369506230772	0.9916	0.9628833333333333
99	0.019457883098721505	0.9911500000635783	0.9620000000317891
100	0.0186031843016545	0.9916666666666667	0.964266666730245
101	0.01886820838054021	0.9915333333651225	0.9627166666984558
102	0.01927953409651915	0.9914833333969116	0.9616000000317891
103	0.018996072313189505	0.9917166666666667	0.9621833333333333
104	0.01939234530379375	0.99125	0.9620166666666666
105	0.018968108208974203	0.9917833333969116	0.9615833333969116
106	0.018649095223347345	0.9917333333969116	0.9625000000635783
107	0.018982044385870298	0.9919666666666667	0.961
108	0.01913179512321949	0.9918166667302449	0.9616500000635783
109	0.018480638191600642	0.9918000000635783	0.9617000000317891
110	0.019127467425664266	0.9917333333333334	0.9607166666666667
111	0.019202434705694518	0.992216666730245	0.9593666666984558
112	0.019058191204071043	0.9917666666666667	0.9603166666984558
113	0.019471871279676756	0.991416666730245	0.96105
114	0.019157941805322966	0.991616666730245	0.9606166667302449
115	0.01870324693520864	0.9922	0.9605000000635783
116	0.019291294177373252	0.9919833333333333	0.9595166666984558
117	0.018777246848742168	0.9921333333969117	0.9603333333333334
118	0.018818395359317463	0.9923166666666666	0.9596166666984558
119	0.018864984048406284	0.9922500000317891	0.959416666730245
120	0.019190018010139465	0.9923833333969116	0.9586000000317891
121	0.018508495372037092	0.9923	0.9594000000635783
122	0.01935105611545344	0.9920166666666667	0.958366666730245
123	0.018720969137052696	0.9921500000635783	0.9594666667302449
124	0.018552729004621505	0.992616666730245	0.9599333333651224
125	0.018530512326955795	0.9928333333651225	0.9593833333651225
126	0.018964987289905547	0.9921833333969117	0.9585833333333333
127	0.018391383123397827	0.9929333333333333	0.9584500000635783
128	0.018773999774456023	0.9927333333969116	0.9587500000635782
129	0.01945836715598901	0.9921500000635783	0.95665
130	0.01902339224219322	0.992366666730245	0.9580500000317892
131	0.019266714056332904	0.9925833333969116	0.9573500000635783
132	0.019321963909392555	0.9923	0.9565000000317891
133	0.01823599941432476	0.9931166666666666	0.9584500000635783
134	0.018780231486757597	0.9931333333969116	0.9574333333333334
135	0.018948375127712885	0.9927333333969116	0.9570833333969117
136	0.019005276341736318	0.9927833333333334	0.95685
137	0.01916887326935927	0.9925166666666667	0.9562666666984558
138	0.01942459722359975	0.9924333333651225	0.95625
139	0.019325033856431643	0.9923166666666666	0.95655
140	0.019147214198112487	0.9929666666666667	0.9552
141	0.019794063585003217	0.99275	0.9544
142	0.019469900711377462	0.9928666666984558	0.9555
143	0.019020530084272225	0.9927333333333334	0.9561833333651225
144	0.019678136132160823	0.9924000000317892	0.955416666730245
145	0.018591269596417746	0.9932333333969117	0.9567
146	0.01941926511923472	0.9925000000635783	0.9556333333651225
147	0.019278038956721623	0.9924	0.9554333333651225
148	0.01916880242625872	0.9931666666666666	0.954366666730245
149	0.019396994148691494	0.9926833333333334	0.9544333333651225
150	0.019386406236886977	0.9926666666984558	0.954116666730245
151	0.019813848632574082	0.9928500000317891	0.9534166666984558
152	0.019542466855049134	0.9927000000635783	0.9532833333969116
153	0.01927834524909655	0.9930166666666667	0.9542000000317892
154	0.01934795885682106	0.9930500000635782	0.9540833333333333
155	0.019007141518592834	0.9931833333333333	0.9548000000317891
156	0.019295082757870355	0.993266666730245	0.9527833333651224
157	0.01969861553212007	0.9932333333333333	0.9528333333651224
158	0.019529114283124607	0.99315	0.95335
159	0.019824846933037044	0.9925166666666667	0.9527166667302449
160	0.01963317170937856	0.99315	0.9524166666984558
161	0.019676346506675085	0.99285	0.9523333333651225
162	0.019046160280704497	0.99335	0.9524500000317891
163	0.01954899139602979	0.9928666667302449	0.9527500000317891
164	0.019209379759430885	0.9934833333651225	0.9522000000635783
165	0.019609891758362454	0.9928833333969116	0.9514666666984558
166	0.01964442843894164	0.9930333333333333	0.9515166666666667
167	0.019731424788633982	0.9930333333651225	0.9513166666984558
168	0.019544682691494623	0.9931666666666666	0.9515500000317891
169	0.019730992888162532	0.9929833333333333	0.9507833333333333
170	0.019385596686601638	0.9932166666984558	0.9522833333333334
171	0.020081944201389947	0.9927500000317891	0.9504500000635783
172	0.019613260890046755	0.9930166666666667	0.9509166666666666
173	0.01942791004975637	0.9931666666666666	0.9506166667302449
174	0.019756807746489843	0.9929833333969116	0.9509833333651225
175	0.019681119946638743	0.9931000000635782	0.9501666666984558
176	0.019850734550257525	0.9931833333333333	0.9499166666984558
177	0.01952626101175944	0.9935333333651225	0.9496833333333333
178	0.019610367970665295	0.9932833333333333	0.9497333333333333
179	0.01970985299895207	0.99335	0.9495666666666667
180	0.020017617811759314	0.9932166666666666	0.94905
181	0.020181579116980236	0.9932166666666666	0.948116666730245
182	0.01949152605632941	0.993516666730245	0.9489166666984558
183	0.01994755003253619	0.9933833333333333	0.9496166666666667
184	0.020003435291846592	0.9931666666666666	0.9483833333969116
185	0.01975850376089414	0.9929500000317891	0.9492833333333334
186	0.020186577079693475	0.9929333333651225	0.9477333333969116
187	0.02017104377945264	0.9933166666666666	0.947866666730245
188	0.020012558750311535	0.9934	0.9485666666984558
189	0.01982630646924178	0.9933500000635783	0.9483666666666667
190	0.02004855222205321	0.9935666666666667	0.9467666666666666
191	0.020055523815751077	0.9932166666666666	0.9478500000635783
192	0.02026306464274724	0.9934333333969116	0.9460000000317892
193	0.02052133899927139	0.99325	0.9460000000635783
194	0.020459653213620185	0.9932833333333333	0.9456500000635782
195	0.02002790921330452	0.9934500000635783	0.9470166666984559
196	0.02044248764614264	0.9936	0.9451833333651225
197	0.02110452076792717	0.9931833333969117	0.9452666666984558
198	0.02020266353090604	0.9933166666666666	0.9461000000317892
199	0.02029424093514681	0.9936666666666667	0.9459666666984559
200	0.020922969354192415	0.993	0.9451333333333334
201	0.02005597169001897	0.9936833333333334	0.9466166666984558
202	0.020225414536396664	0.9939333333969116	0.944066666730245
203	0.02023670208454132	0.9934833333333334	0.9451500000635783
204	0.020962412495414418	0.9929666666666667	0.9442833333651225
205	0.02036955358485381	0.9935500000635783	0.94515
206	0.02061927570650975	0.9933666666666666	0.9444666667302449
207	0.020790280974904696	0.9932333333333333	0.9441666666984558
208	0.02103141245941321	0.9933166666666666	0.9437500000317891
209	0.020497995181878406	0.9937333333333334	0.9446166667302449
210	0.021024983898798626	0.9932500000317891	0.9428833333969117
211	0.020879099323352177	0.993466666730245	0.9422333333333334
212	0.02055410664031903	0.9935833333333334	0.9436666667302449
213	0.02067870563864708	0.9936000000635783	0.942966666730245
214	0.02050828403234482	0.9937666667302449	0.9428666666666666
215	0.02079726937015851	0.99305	0.9427000000635782
216	0.020661963479717573	0.9936333333333334	0.9442666666984558
217	0.020853782893220582	0.9935	0.9421500000635783
218	0.021461429883042973	0.9929166667302449	0.9416
219	0.021518857489029566	0.9933666666666666	0.9415000000635783
220	0.021590155063072842	0.9934833333333334	0.9404500000317891
221	0.021210252506534258	0.9932500000635783	0.9421666666666667
222	0.020346719773610432	0.99335	0.9429666666666666
223	0.021598713205258052	0.9930833333969116	0.9412
224	0.021317994952201845	0.9933166666666666	0.9408666666666666
225	0.021090774834652742	0.9933166666666666	0.9410833333969116
226	0.02135095225671927	0.99345	0.9406333333651224
227	0.021170656714836755	0.9936333333333334	0.940166666730245
228	0.021743088944753013	0.9933833333969116	0.9394833333333333
229	0.02099095452229182	0.993616666730245	0.9403666667302449
230	0.021226817776759464	0.9936000000635783	0.9404666666984558
231	0.021281498082478843	0.993466666730245	0.9394
232	0.021650478184223176	0.9932500000635783	0.9383333333333334
233	0.021533179980516435	0.9933333333333333	0.9383166667302449
234	0.02158658985098203	0.993316666730245	0.9388833333969117
235	0.021873628819485506	0.9934833333333334	0.938016666730245
236	0.021576738921304545	0.99415	0.9386333333969116
237	0.021755674690008164	0.9935333333333334	0.9371833333969116
238	0.021890655026833215	0.99335	0.9368166666984558
239	0.02182309847275416	0.9937000000635783	0.9379500000635783
240	0.021631480301419894	0.9934333333333333	0.9376833333333333
241	0.0217178091943264	0.9935000000635783	0.9370666666666667
242	0.022409352764487266	0.9934	0.9361666666666667
243	0.022006277018785478	0.9934	0.93655
244	0.022212490131457648	0.9936333333651225	0.9366333333333333
245	0.02237521631717682	0.9933666666666666	0.9353833333333333
246	0.022010003024339676	0.9934	0.9355833333333333
247	0.021967986411849657	0.9932333333333333	0.9366833333333333
248	0.022419903349876404	0.9932833333333333	0.9359000000317892
249	0.021840729436278343	0.9934500000635783	0.9364000000317891
250	0.02208554848631223	0.9933000000317892	0.9360666666666667
251	0.02182535935839017	0.9932500000635783	0.9365000000317891
252	0.022227067201336225	0.993416666730245	0.9355666666666667
253	0.022387444372971854	0.9936	0.9343666667302449
254	0.02194419713417689	0.9936333333969116	0.9350166666984558
255	0.022145162000258765	0.9937666667302449	0.9343666667302449
256	0.022757176267604033	0.9932833333333333	0.9336666666984558
257	0.022630425434311232	0.99295	0.9336333333651224
258	0.022272451267639794	0.9934000000635783	0.9340166666984558
259	0.022299205645918845	0.9932333333333333	0.933966666730245
260	0.022829938772320747	0.9936666666666667	0.9329833333969116
261	0.022297351670265197	0.9933666666666666	0.9335666666666667
262	0.022544063434687754	0.9934166666666666	0.9334833333651225
263	0.022989012318849564	0.9932333333969117	0.931866666730245
264	0.02302777990947167	0.9931333333333333	0.9321
265	0.022869857811927796	0.993516666730245	0.9322833333651225
266	0.023081067401170732	0.9934666666666667	0.9316000000635782
267	0.023440641378859678	0.9932666666666666	0.9299333333333333
268	0.023200990387797354	0.9931500000635783	0.9306166666984558
269	0.023367037209868432	0.9930666666666667	0.9309833333651225
270	0.023215971128145853	0.9933166666666666	0.93085
271	0.022803017298380534	0.99335	0.9316833333333333
272	0.02345035823782285	0.9926666666666667	0.9292500000317891
273	0.023505404829978944	0.9929833333969116	0.9296166667302449
274	0.02351503782272339	0.9931333333651224	0.9303166666984558
275	0.023456307343641916	0.9933166666666666	0.929716666730245
276	0.0238960325901707	0.9931666666666666	0.9281500000317892
277	0.02347780315876007	0.9930500000635782	0.9308833333969116
278	0.022836434278885525	0.9936333333333334	0.93015
279	0.023525866854190825	0.9933666666984559	0.9294500000317891
280	0.023606880404551823	0.9936166666666667	0.9270000000317892
281	0.023685652909676235	0.9934	0.9284333333969116
282	0.02403483246266842	0.9931833333333333	0.9281833333969116
283	0.023631201790769895	0.9929666666666667	0.9283833333969116
284	0.023613009997208913	0.9934666666984558	0.9281666666984558
285	0.02338688146471977	0.9931000000635782	0.9277666666984558
286	0.023998600300153095	0.9935833333969116	0.9255333333333333
287	0.02363596117893855	0.9934000000635783	0.9270166666984558
288	0.023610805232326188	0.9931333333333333	0.9270500000635783
289	0.02425176123380661	0.9933000000635783	0.9251833333333334
290	0.023857335676749546	0.9931833333333333	0.926916666730245
291	0.024322607430815695	0.993166666730245	0.9257833333333333
292	0.024363601982593536	0.9930166667302449	0.9256500000635783
293	0.024395735808213553	0.9931000000635782	0.9245166666666667
294	0.024276875166098277	0.9928500000317891	0.925966666730245
295	0.0242619299163421	0.99345	0.9247333333333333
296	0.024797800761461257	0.9931500000317891	0.9240333333333334
297	0.023896035091082256	0.9936333333969116	0.9253333333333333
298	0.024530851714809735	0.9934833333333334	0.9237333333969117
299	0.024625740575790405	0.993266666730245	0.9240666666984558
300	0.024943052140871683	0.9936833333333334	0.9227833333651225
301	0.025246074640750887	0.9929166666666667	0.921766666730245
302	0.024713484468062718	0.9935166666666667	0.9223833333651225
303	0.02474025855263074	0.9933333333969117	0.923016666730245
304	0.025126567640900613	0.9928833333969116	0.921666666730245
305	0.02510045257608096	0.9929666666666667	0.9206833333969117
306	0.02503124333024025	0.9933166666666666	0.9208333333651225
307	0.025594901623328527	0.9929	0.9202166667302449
308	0.025206741892298063	0.99325	0.9207333333651225
309	0.024995581777890522	0.9932000000317891	0.9213333333333333
310	0.025091134468714395	0.99335	0.9208000000635783
311	0.02573878046075503	0.9930833333969116	0.9194833333969116
312	0.025054382420579592	0.9930000000635782	0.9200500000317892
313	0.025392899976174037	0.9929166666984558	0.9198166666984559
314	0.02537433688143889	0.9929666666666667	0.919966666730245
315	0.02541021318435669	0.9933333333333333	0.9185500000317891
316	0.026134104831020036	0.9931500000635783	0.917816666730245
317	0.026032871996363005	0.9931666666666666	0.9184166666666667
318	0.025458994110425313	0.9933833333969116	0.9186666666984558
319	0.02521115987598896	0.99295	0.9177333333651225
320	0.026351074516773224	0.9929833333969116	0.9165166666984558
321	0.0258837211449941	0.9934333333969116	0.9161000000635783
322	0.026462509646018345	0.9928166667302449	0.9163333333651225
323	0.025799743314584095	0.9934500000317892	0.91655
324	0.025925629333158333	0.9931	0.9172
325	0.025738458770513534	0.9928333333651225	0.9174000000317891
326	0.02600224694212278	0.9932833333651224	0.9156000000317891
327	0.02622795552611351	0.9934333333333333	0.9157666666666666
328	0.02662415009737015	0.9934166666984559	0.9138666666984558
329	0.02610105000237624	0.9931500000635783	0.9156666666666666
330	0.026967300925652186	0.99295	0.91265
331	0.026580260624488195	0.9931833333333333	0.9143333333969116
332	0.026759675522645316	0.9929333333651225	0.9138166666984558
333	0.02649047087728977	0.9930166666666667	0.9140500000635783
334	0.026219545569022496	0.99295	0.9144666666984558
335	0.026269524223605793	0.9931666666666666	0.9127500000317892
336	0.02670200027922789	0.9930333333969116	0.9134000000635782
337	0.026716031130154926	0.9925000000635783	0.9130333333333334
338	0.02703543070554733	0.9927833333969116	0.9115500000317891
339	0.02743253419101238	0.9927333333333334	0.9115500000635783
340	0.026728302526474	0.99275	0.911866666730245
341	0.026749733674526214	0.9929666667302449	0.9129333333651225
342	0.027378150619069737	0.9926666666666667	0.9113166667302449
343	0.027529952921470008	0.99285	0.9111000000635783
344	0.027535263524452847	0.9931	0.9094
345	0.027371101247270904	0.9928666666666667	0.9092000000317891
346	0.02726742120583852	0.9928833333333333	0.9096333333969117
347	0.02750590390563011	0.9925166666666667	0.9092666666666667
348	0.02753360160589218	0.9929333333969116	0.9090333333969116
349	0.027508900276819865	0.9929166666666667	0.9089
350	0.028090775127212208	0.9927833333333334	0.9075666666984558
351	0.02755995926062266	0.9929833333969116	0.9081
352	0.02764503196279208	0.9928833333969116	0.907516666730245
353	0.02876695122520129	0.9926833333333334	0.9066000000317892
354	0.0278680314352115	0.9933333333969117	0.9068166666984558
355	0.028128538088003793	0.9927666666666667	0.9058666666984558
356	0.027737498861551284	0.9932666666666666	0.9065333333651224
357	0.02790602499047915	0.9930333333333333	0.9065833333333333
358	0.028353871858119963	0.99295	0.9065500000317891
359	0.028155748132864634	0.9929666667302449	0.9059166666666667
360	0.028594571926196417	0.9925666666666667	0.9062333333969116
361	0.02873198528488477	0.9927833333969116	0.9042000000635783
362	0.028843069996436436	0.9925666666666667	0.9044833333333333
363	0.028134716081619264	0.99295	0.9055666666984558
364	0.028946134797732035	0.9932166666666666	0.9030666667302449
365	0.02895050038297971	0.9929833333333333	0.9019000000317892
366	0.02850376450618108	0.9926833333333334	0.9031500000635783
367	0.02912306785881519	0.9926	0.9018166666666667
368	0.02862977842092514	0.9933166666666666	0.9019666666666667
369	0.029260695251822472	0.9922	0.9026333333333333
370	0.02940614986817042	0.9924333333651225	0.9016666666666666
371	0.0295067187666893	0.9925333333333334	0.900566666730245
372	0.02919803584019343	0.99235	0.9005333333333333
373	0.029099680352211	0.9930333333969116	0.9010333333651225
374	0.02949465495944023	0.9930166666666667	0.9000833333333333
375	0.029476964410146078	0.99305	0.8987333333333334
376	0.0296762838323911	0.9925333333651225	0.89915
377	0.02929645057916641	0.9926833333333334	0.89935
378	0.02999632107615471	0.99245	0.8992333333651225
379	0.02999592154423396	0.99285	0.8976333333651225
380	0.02975532697836558	0.9928833333333333	0.899416666730245
381	0.02989912072022756	0.9926500000317892	0.8964166666984558
382	0.03023793491125107	0.9925833333333334	0.8960000000635783
383	0.03057175881067912	0.9924666666984558	0.89525
384	0.02975273927251498	0.993	0.8962166667302449
385	0.031063136916359264	0.9924000000635783	0.8944500000635783
386	0.029916549317042032	0.9928166667302449	0.8967000000635783
387	0.030229927428563435	0.9925	0.8964333333969117
388	0.030285520829757055	0.9927166666984558	0.8955500000317892
389	0.030590083185831705	0.9925833333333334	0.8939666666984558
390	0.03024113741318385	0.992566666730245	0.8961166666666667
391	0.03087776207526525	0.9926	0.8931833333651225
392	0.030256780489285786	0.9926500000635783	0.8952666666666667
393	0.030759937689701717	0.9925833333333334	0.8927833333333334
394	0.030755577301979066	0.9927666666666667	0.8923166666984558
395	0.03100861306687196	0.993	0.8918666666666667
396	0.031188958436250688	0.9926333333651225	0.8915500000317892
397	0.03157421231021484	0.99245	0.8905833333969116
398	0.03181525314549605	0.9928166666666667	0.8901666666984558
399	0.030732074864705403	0.9926333333651225	0.8929000000317892
400	0.031216320539514224	0.9924166666666666	0.8912333333969116
401	0.030902631227175396	0.9926500000317892	0.8925333333969117
402	0.031307588136196135	0.9923000000635783	0.8905000000635783
403	0.03184664830168088	0.9925333333333334	0.8893666666666666
404	0.031881365434328714	0.9928833333969116	0.888816666730245
405	0.031930307261149087	0.992166666730245	0.8884833333651225
406	0.03204313169916471	0.9923000000317892	0.8886333333333334
407	0.03127410307725271	0.9925166666666667	0.8896666666666667
408	0.031913486762841545	0.9925666666984558	0.8876833333969116
409	0.031663999842604	0.9929000000635783	0.8885833333969116
410	0.031906397859255475	0.9927166666984558	0.8871333333333333
411	0.032344658598303794	0.9921166666666666	0.8875500000635783
412	0.03264743847052256	0.9924166666666666	0.8847333333969116
413	0.03222894276579221	0.9926	0.8846500000317892
414	0.03204679959615071	0.9923666666666666	0.8864166666666666
415	0.032627916556596755	0.9924166666666666	0.8855333333333333
416	0.03239655943314235	0.9923833333969116	0.8856166666666667
417	0.03264599499901136	0.9927666666666667	0.8826333333969116
418	0.032756939875582855	0.9920833333333333	0.8834000000317891
419	0.032798351325591404	0.9921833333969117	0.8841666667302449
420	0.033166981595754624	0.992	0.8825666666984558
421	0.03320851783355077	0.9924333333969116	0.882716666730245
422	0.03274060583909352	0.9928000000635783	0.8827666666984558
423	0.03305863507986069	0.9923333333333333	0.8817333333969116
424	0.032708394862214725	0.9925666666666667	0.8823333333333333
425	0.03323259797294935	0.9924000000635783	0.8808166666984558
426	0.03312584054867426	0.9924166666666666	0.8816833333651225
427	0.03303769703110059	0.9921000000635782	0.8815666666666667
428	0.03301576592028141	0.9919833333333333	0.8809833333651225
429	0.03356504594882329	0.9921833333333333	0.8779666666984558
430	0.03361338702042897	0.9925166666666667	0.8789500000317891
431	0.033408833009004595	0.9921833333333333	0.8794500000635783
432	0.03328099179615577	0.9926	0.8799333333969116
433	0.03399685315688451	0.9921333333969117	0.8777666666984558
434	0.03357026651700338	0.9921500000317891	0.8784000000317892
435	0.0339602066497008	0.99185	0.8776500000317892
436	0.03450332291622957	0.99165	0.8775500000635783
437	0.03398348939021428	0.9920000000635782	0.8767666666666667
438	0.03410342780947685	0.9918833333651225	0.8751333333651224
439	0.0339356261352698	0.9922166666666666	0.8763833333333333
440	0.03401161736249924	0.9922000000635783	0.8770000000635783
441	0.03457009659608205	0.992216666730245	0.874616666730245
442	0.03445776013334592	0.9923333333651225	0.8738833333333333
443	0.033957176240285235	0.9924000000635783	0.8757666666984558
444	0.034114261198043824	0.9922	0.8754666666984559
445	0.035252278178930285	0.9919000000635783	0.87345
446	0.03409442479610443	0.9925166666666667	0.8721
447	0.035459773274262744	0.9913166666666666	0.8725333333969116
448	0.03508161807656288	0.9921833333969117	0.8716166666666667
449	0.03462324466904004	0.9921666666666666	0.8717333333969116
450	0.035137970650196075	0.9920166666666667	0.8694333333651225
451	0.034669014116128286	0.9921833333969117	0.8731166666984558
452	0.035207087769110995	0.9919000000635783	0.8705500000635783
453	0.035526704802115755	0.9921833333333333	0.8704833333333334
454	0.034999957827727	0.9921	0.8703833333651225
455	0.03502528229753176	0.9919166667302449	0.8709500000635783
456	0.03541772148211797	0.992	0.8698333333651225
457	0.035228962550560634	0.9924666666666667	0.8672166666666666
458	0.035312884885072705	0.9921333333333333	0.8688333333333333
459	0.035672807331879934	0.9919333333333333	0.8683000000317892
460	0.03533876349727313	0.992266666730245	0.8682500000317891
461	0.03574477719664574	0.9924	0.8654166666984558
462	0.035800632313887276	0.9919666667302449	0.8676000000317892
463	0.03544381998380025	0.9925833333969116	0.8678000000635783
464	0.03628479180534681	0.9922500000635783	0.8639666667302449
465	0.036835565344492595	0.99175	0.8655500000635783
466	0.03594905676841736	0.9917000000635783	0.8652333333969117
467	0.03646497115294139	0.9920500000635782	0.8632166666984558
468	0.03600083028475443	0.9922666666666666	0.8644833333333334
469	0.0361767458875974	0.9920666667302449	0.8630833333333333
470	0.0364292957007885	0.9920833333969116	0.8642000000317891
471	0.03608655327359835	0.9921833333969117	0.8627666667302449
472	0.03609677295088768	0.9923	0.8635833333651225
473	0.036561699708302815	0.99205	0.8629333333651225
474	0.036281838206450145	0.9922	0.8623333333333333
475	0.03690583979884783	0.9921166666666666	0.8594000000635783
476	0.03709328308105469	0.9919666667302449	0.8603500000317892
477	0.03671482576727867	0.9918333333333333	0.8619
478	0.03671354278326035	0.9921	0.8607000000317891
479	0.03720860552589099	0.9914000000635783	0.8615
480	0.03801016368667284	0.9918833333333333	0.8561833333969117
481	0.03691023842891057	0.9917666666984558	0.86005
482	0.03722745453119278	0.9918833333333333	0.8580166666666666
483	0.03734916165669759	0.9915333333333334	0.8582666666666666
484	0.037304732328653334	0.9918166667302449	0.8575500000317892
485	0.03767649552822113	0.99185	0.8564166666984558
486	0.03716905841430028	0.9920666666984558	0.8573500000635783
487	0.038395237851142884	0.9918666666666667	0.8555666666666667
488	0.03805272989670436	0.9917333333651225	0.8565
489	0.03750298828879992	0.9917	0.8566000000635783
490	0.03813100141088168	0.99145	0.855166666730245
491	0.038286549975474676	0.9915333333333334	0.8529833333651224
492	0.03808551408052444	0.9918833333333333	0.8541166666666666
493	0.03852258606354395	0.9917166666666667	0.85455
494	0.037898101939757664	0.9916500000635783	0.8560833333333333
495	0.03898190865417322	0.9912666666666666	0.8510166666666666
496	0.03810937683582306	0.9920333333969116	0.8529166667302449
497	0.03815507657726606	0.991666666730245	0.854566666730245
498	0.038422674665848415	0.9917333333969116	0.8514333333651225
499	0.03814183074434598	0.99205	0.8520000000635782
500	0.038973613254229225	0.9916166666984558	0.8521833333651225
501	0.03898696004748344	0.9913500000635783	0.8493166666666667
502	0.03845524000724157	0.9916666666666667	0.8519000000317891
503	0.0383009436433514	0.9922833333333333	0.85015
504	0.03849749594728152	0.9918000000635783	0.8497833333651225
505	0.038814079468448955	0.99185	0.8503833333333334
506	0.03852868441144625	0.9918333333333333	0.8504833333651225
507	0.039362891908486686	0.991266666730245	0.84835
508	0.03827889127135277	0.9918833333333333	0.8480500000317891
509	0.03923137355049451	0.9917833333333334	0.8485666666984558
510	0.03929601126114527	0.9918166666666667	0.8473500000635783
511	0.03949464739561081	0.991316666730245	0.846166666730245
512	0.03989142206907272	0.991466666730245	0.8457666666666667
513	0.03952782120505969	0.99155	0.846066666730245
514	0.03981361148953438	0.9917166666666667	0.84625
515	0.03976787368853887	0.9916166666666667	0.8443666666666667
516	0.04031412944992383	0.9914333333651225	0.8418166667302449
517	0.04001345953941345	0.9914666666666667	0.8439000000635782
518	0.04018425786892573	0.99115	0.8443166666666667
519	0.040650453686714175	0.9913500000635783	0.8424
520	0.03988882362445195	0.9915500000635783	0.84315
521	0.039926372530062995	0.9918166666666667	0.8436666667302449
522	0.04027462169329325	0.9916333333969116	0.8404500000635783
523	0.04019852942824364	0.991566666730245	0.8419333333651224
524	0.04028299396832784	0.9918333333969116	0.8407833333333333
525	0.04043598353465398	0.9914333333651225	0.839683333349228
526	0.04116883722941081	0.9915333333969116	0.8393166666666667
527	0.041122730072339374	0.9913000000635783	0.8396000000635783
528	0.04096236130197843	0.9911833333333333	0.8402500000317892
529	0.040530728753407796	0.9917666666666667	0.8401666666666666
530	0.040442830769220985	0.9913166666666666	0.83945
531	0.04069412553707759	0.9913833333333333	0.8369333333651224
532	0.04139229986270269	0.9917833333651225	0.8359833333651224
533	0.041397988577683766	0.9913333333969117	0.8353833333969116
534	0.042192410099506375	0.9910166666666667	0.8368
535	0.041627797321478525	0.9913500000635783	0.8347500000635782
536	0.04090598570307096	0.9913000000635783	0.8355166666984558
537	0.041073759895563125	0.9917333333333334	0.8346166667302449
538	0.041173567954699196	0.9910833333969116	0.83655
539	0.04141318496863047	0.9916333333333334	0.8336166667302449
540	0.042126598703861234	0.991416666730245	0.8341833333969116
541	0.042199293665091196	0.9914000000317892	0.8319833333333333
542	0.04157130082845688	0.9916833333969116	0.8328000000635782
543	0.041936777581771216	0.9913	0.8322500000317892
544	0.041698805749416354	0.9912166666666666	0.8317333333969116
545	0.04260548747380574	0.9911333333333333	0.8317000000317891
546	0.04255359250307083	0.9911000000635782	0.8308500000635783
547	0.04172339166800181	0.9916500000317892	0.8320833333333333
548	0.04223200028340022	0.9915833333333334	0.8297833333651224
549	0.04199541534781456	0.9915166666666667	0.829416666730245
550	0.042566514311234156	0.9909166666666667	0.8292000000635783
551	0.04260874524116516	0.9915833333969116	0.8281333333333334
552	0.043240881248315176	0.9907	0.8283333333651225
553	0.041941551772753397	0.9922333333969117	0.8293666666666667
554	0.042723070188363396	0.9916500000317892	0.8280500000317892
555	0.04291251042683919	0.9916833333333334	0.82695
556	0.043093150866031646	0.9911166666666666	0.8242333333651225
557	0.04248282505273819	0.9914	0.8287
558	0.043143987266222636	0.991266666730245	0.8246500000317891
559	0.0425803324341774	0.9918500000635783	0.82535
560	0.04308191511631012	0.9918	0.8244833333969116
561	0.04268749709924062	0.9913	0.8265666666984558
562	0.043450428481896716	0.9914	0.8258833333969117
563	0.04305747104088466	0.9908000000635783	0.8251166666984558
564	0.043936832561095554	0.991166666730245	0.8240000000317892
565	0.04369292692343394	0.9915833333969116	0.8223666667302449
566	0.04371288265387217	0.9910833333651224	0.8238333333333333
567	0.04304048118193944	0.9914666666666667	0.82445
568	0.04426605749924978	0.99125	0.8200166666984559
569	0.04431469758351644	0.9914000000635783	0.8203666667302449
570	0.04393270220756531	0.9914	0.8199166666666666
571	0.0437602490901947	0.9910500000317891	0.8198833333969117
572	0.04392891906499863	0.9914000000635783	0.8193
573	0.0434738263130188	0.9921166666666666	0.820216666730245
574	0.04377663613160451	0.99145	0.817166666730245
575	0.043846130559841795	0.9917	0.8182500000635783
576	0.0441088210105896	0.9909166667302449	0.8175500000317891
577	0.04417488498091698	0.9912500000635783	0.8163500000635783
578	0.04451306159098943	0.9912500000635783	0.8162833333969116
579	0.044415328923861186	0.99085	0.8153666667302449
580	0.044001813193162286	0.9911333333333333	0.81705
581	0.04459670535524686	0.9910833333969116	0.8160833333333334
582	0.04435347076654434	0.9912833333651225	0.8161000000317892
583	0.04512654635906219	0.9909666666984558	0.8144666667302449
584	0.04448528426289559	0.9911500000635783	0.8161666666666667
585	0.04488169967134793	0.9910333333969116	0.8137500000635783
586	0.045011024876435594	0.9910166666984558	0.8133333333969116
587	0.04469987179438273	0.9912500000635783	0.8127333333492279
588	0.044581893714269	0.991366666730245	0.8139666666666666
589	0.04445492355823517	0.9915500000635783	0.8140000000317892
590	0.04504973211288452	0.9911666666666666	0.8126833333333333
591	0.045256929663817086	0.9909333333969116	0.8131000000635783
592	0.045067683545748395	0.9911666666666666	0.8115166666666667
593	0.045811956572532654	0.99075	0.8100666666984558
594	0.04511421474218368	0.99145	0.8099833333651225
595	0.04600044477184614	0.9909166666666667	0.80685
596	0.045733411391576134	0.99095	0.8075833333969116
597	0.04604680675268173	0.9908333333969116	0.8089833333333334
598	0.045106172811985014	0.9912833333333333	0.8098000000317891
599	0.04564340916872024	0.9912	0.8083833333651225
600	0.04582560602227847	0.99125	0.8085833333333333
601	0.04612440062761307	0.9908666666984558	0.8074666666666667
602	0.04599156240423521	0.9912	0.8089500000635783
603	0.04553322011431058	0.9917333333333334	0.8062666666984558
604	0.046276949145396554	0.99055	0.8055333333651225
605	0.04602483135064443	0.9912000000635783	0.8039
606	0.04731263913710912	0.991216666730245	0.8038333333333333
607	0.04570980932911237	0.9909166666666667	0.8051166666666667
608	0.046537436838944755	0.9908166667302449	0.8046666666984558
609	0.04702206896146138	0.9906000000317892	0.8037333333969117
610	0.046222151374816896	0.99155	0.8014000000635783
611	0.046740747720003126	0.9906833333333334	0.802866666730245
612	0.04669689926902453	0.9911333333333333	0.8032000000317892
613	0.046447189205884934	0.9911833333969117	0.8018333333651225
614	0.04646014305750529	0.9911500000317891	0.80055
615	0.0470887927810351	0.9911333333333333	0.8017166666984558
616	0.046803163401285805	0.9909500000635783	0.801666666730245
617	0.04816414325435956	0.9906666666666667	0.79735
618	0.04709386872847875	0.9910666667302449	0.7995500000317891
619	0.04686608445644379	0.9907333333333334	0.8005833333333333
620	0.047477700569232305	0.99095	0.7988666666984559
621	0.04734236036936442	0.991216666730245	0.7978833333651225
622	0.047767113494873045	0.9911000000317891	0.7964666666666667
623	0.04713673617442449	0.9911166666984558	0.7969000000635783
624	0.04850586841503779	0.9903333333651225	0.7972166667302449
625	0.047697273675600685	0.9910333333969116	0.7950166666825612
626	0.04746643660465876	0.9909666666666667	0.7947833333333333
627	0.04796005176703135	0.9910333333333333	0.7944833333333333
628	0.04734705282449722	0.9909000000635783	0.7961666666825612
629	0.04729672623475393	0.9909000000317891	0.7964500000635782
630	0.04827599353392919	0.9905500000317892	0.7955500000635782
631	0.04780081986983617	0.9909333333333333	0.7952833333651225
632	0.04792317344745	0.9914000000635783	0.7933500000317891
633	0.04762935489813487	0.9908166666984558	0.7943166667302449
634	0.047713596753279366	0.9909666667302449	0.7922166667302449
635	0.048110049297412236	0.99075	0.7920833333969116
636	0.04789658005436261	0.9907833333969116	0.7934
637	0.04834122986197471	0.9903833333969116	0.7933000000635783
638	0.049201077731450396	0.990466666730245	0.7898666666984558
639	0.048555036556720735	0.9912833333333333	0.7908666666825612
640	0.04825005862315496	0.9910000000317891	0.7903166667302449
641	0.04808390505512555	0.9911333333333333	0.7893666666984558
642	0.048438127847512565	0.9909166666984558	0.7888333333651225
643	0.048588113125165304	0.9909333333969116	0.7900000000635783
644	0.048734099558989205	0.9909500000635783	0.7870000000635783
645	0.049164283126592635	0.9907333333333334	0.7866000000317891
646	0.0496480973482132	0.9905333333969116	0.7852333333333333
647	0.04841390330791474	0.9910333333969116	0.7863666666825613
648	0.049376066346963246	0.9906500000635783	0.7851666666825612
649	0.04970616943438848	0.9908333333333333	0.7853166666984558
650	0.04942600996891657	0.9907166667302449	0.7838333333333334
651	0.049085410539309184	0.99085	0.78475
652	0.04963569579919179	0.9907833333969116	0.7841333333333333
653	0.04873727738459905	0.9908166667302449	0.7871166666666667
654	0.04884672891696294	0.9907666667302449	0.7861666666666667
655	0.048905212354660034	0.9910166666666667	0.78765
656	0.049630331289768216	0.9907333333333334	0.7825000000635783
657	0.04903979198137919	0.99055	0.7848333333969116
658	0.050056097467740375	0.9901833333333333	0.7834166666984558
659	0.05061738812526067	0.9903833333333333	0.7812333333333333
660	0.0503514844973882	0.9910333333333333	0.7803166666666667
661	0.04958465397755305	0.99085	0.7830000000317892
662	0.05018577727476756	0.9908000000317891	0.7810166666984558
663	0.05006233193874359	0.99085	0.7799166666984558
664	0.04959565776983897	0.9905166666666667	0.7792166666984558
665	0.04991873317162196	0.9901833333969117	0.77925
666	0.05018240684270859	0.9910166667302449	0.7797500000158946
667	0.05043007492025693	0.9905166666666667	0.7757833333651225
668	0.05059841446876526	0.9903333333333333	0.7787000000158946
669	0.050553600537776945	0.9907833333651225	0.7766833333492279
670	0.05040097438097	0.9910000000317891	0.7777500000317892
671	0.05058274048566818	0.9904666666984558	0.7762333333333333
672	0.05037543360988299	0.9907166666666667	0.7748333333969116
673	0.05052693072160085	0.9907166667302449	0.77515
674	0.05029006577730179	0.9907333333969116	0.7772333333651225
675	0.05030140119791031	0.9906833333969116	0.7766500000158946
676	0.050544240633646646	0.9904833333651225	0.7745833333651225
677	0.050494455003738406	0.9907500000635783	0.7749333333492279
678	0.05128937528530757	0.9903666666666666	0.7712833333333333
679	0.05058594882786274	0.9907666666666667	0.7738666666666667
680	0.050708177069822946	0.9903500000635783	0.7740333333492279
681	0.05117861269712448	0.9906333333969116	0.7724166666666666
682	0.051141614305973054	0.9907666667302449	0.7727666666666667
683	0.051662332558631896	0.9905500000635783	0.76975
684	0.05075415621002515	0.9908833333969116	0.771516666730245
685	0.05093381917874018	0.9906833333969116	0.770916666730245
686	0.05167558727264404	0.9902833333969117	0.7696333333969116
687	0.05104157460530599	0.99075	0.7702833333969116
688	0.05080664131641388	0.9906333333651225	0.7720666666666667
689	0.051849913831551867	0.9902166666666666	0.7700166667302449
690	0.05142993068297704	0.9905833333333334	0.7680333333651225
691	0.05138314777612686	0.9912833333333333	0.7684333333333333
692	0.05106117127140363	0.9906	0.766716666730245
693	0.05216020054419836	0.990466666730245	0.7664333333651224
694	0.05168281251986821	0.9905333333333334	0.7679166666825612
695	0.0516673969467481	0.99045	0.7668833333651225
696	0.05187161517540614	0.9906666666984558	0.7680000000317891
697	0.05156593142747879	0.9907333333333334	0.7684500000317891
698	0.052236987203359606	0.9904333333333334	0.7637500000158945
699	0.051879137829939526	0.9909333333333333	0.7663666666666666
700	0.05138291823466619	0.9908000000317891	0.7647000000317892
701	0.05268168376684189	0.9901666666666666	0.7614000000317891
702	0.0520504384358724	0.9904500000317892	0.7651333333651225
703	0.05182483808596929	0.9904500000317892	0.766666666730245
704	0.05201712917486827	0.9907333333333334	0.7639000000158945
705	0.05202469235261281	0.990666666730245	0.763466666730245
706	0.05263701973756155	0.9904833333969116	0.7605500000317892
707	0.05242512042125066	0.9902000000635783	0.7631833333651225
708	0.052170681564013166	0.9901500000635783	0.7626666666825612
709	0.052259357221921286	0.9908833333333333	0.7617000000317892
710	0.05264845815896988	0.990216666730245	0.7625500000317892
711	0.053043784777323404	0.9899000000317891	0.7595833333651225
712	0.052367369759082794	0.9907666667302449	0.7597666666984558
713	0.05278035591046015	0.9903833333333333	0.7617000000158946
714	0.05230548705657323	0.9906333333969116	0.7596166666984558
715	0.05290748693943024	0.9904833333969116	0.7561833333492279
716	0.05238293124834696	0.9904333333969116	0.7609333333651225
717	0.052824736098448434	0.9903833333969116	0.7583833333651224
718	0.05396874607801437	0.9895833333969116	0.7575166666825612
719	0.05290167022943497	0.9906166666666667	0.7583833333651224
720	0.05356233443816503	0.9903000000635783	0.7555666666825612
721	0.05373098609447479	0.9906000000317892	0.756416666730245
722	0.05309411103328069	0.990266666730245	0.7556666666825612
723	0.053975962177912395	0.9900000000635782	0.7543833333333333
724	0.053722212970256804	0.9904666666666667	0.7531666667302449
725	0.052912534805138904	0.9907333333969116	0.7535166666825612
726	0.053294547073046365	0.9905333333969116	0.7563666666666666
727	0.05358092290957769	0.990466666730245	0.7529333333969116
728	0.053635292633374534	0.99045	0.7532000000158946
729	0.05363041255076726	0.9904	0.7545000000317892
730	0.05433317027489344	0.9899666667302449	0.7512500000158946
731	0.05361590781609217	0.9907666666984558	0.7511000000317891
732	0.05388809769153595	0.9899333333969116	0.7522000000317891
733	0.05345033255418142	0.9903166666984559	0.7529833333333333
734	0.05438395520448685	0.9906	0.7465500000317892
735	0.05459684224128723	0.9905333333333334	0.7511500000317891
736	0.054377857446670536	0.9904833333969116	0.7524500000317892
737	0.054025326108932493	0.98965	0.7522833333333333
738	0.05359228597482046	0.9907166667302449	0.7511166666825613
739	0.053321978104114535	0.9905166666666667	0.7488
740	0.054764316487312316	0.9902	0.7469833333651225
741	0.05447359995444616	0.9904333333651225	0.7457666666984558
742	0.05480677766402563	0.9895000000317892	0.7462500000317891
743	0.05433010530869166	0.990266666730245	0.7457500000317892
744	0.054444246872266136	0.9903666666666666	0.74735
745	0.054320269747575124	0.9898666666666667	0.7480000000158946
746	0.05471603775421778	0.9908	0.7464333333492279
747	0.05475815909306208	0.9900000000635782	0.7472500000635783
748	0.05511832755804062	0.9900833333333333	0.7424666666666667
749	0.054930780104796094	0.9900666666666667	0.7438833333651225
750	0.054662421794732415	0.9900166666984558	0.7453833333492279
751	0.054152639679114024	0.990216666730245	0.7440666667302449
752	0.05441820169687271	0.9902666666666666	0.7414166666825612
753	0.054687906924883525	0.9902833333969117	0.7438333333492279
754	0.05485088674624761	0.9903833333333333	0.7405333333333334
755	0.05516867612202962	0.9900666666666667	0.7438500000158945
756	0.05494921264648438	0.9906	0.7426333333651225
757	0.055296806553999586	0.9902	0.741983333349228
758	0.054638157387574514	0.9902333333333333	0.7410500000317891
759	0.054646325691541035	0.9906833333651225	0.7428666666666667
760	0.056037796791394555	0.9902333333969117	0.7380166666984558
761	0.05578280531167984	0.9900833333333333	0.7379333333333333
762	0.05588635285695394	0.9899000000635783	0.7387666666666667
763	0.05508904817501704	0.9897500000635783	0.7405833333333334
764	0.05527747331857681	0.99	0.7390166666666667
765	0.05564644066890081	0.9902833333333333	0.7384666666984558
766	0.055089131132761635	0.9898500000635783	0.7427833333333334
767	0.05565124272108078	0.9902333333969117	0.7349
768	0.05661266674995422	0.9899333333651225	0.7350666666666666
769	0.055771796011924744	0.989616666730245	0.7360833333651224
770	0.05564371455510457	0.99045	0.7403833333651225
771	0.05500084304014842	0.9906833333651225	0.73665
772	0.05541822278896968	0.9903	0.7349500000158946
773	0.056169094661871595	0.9901500000635783	0.7336333333492279
774	0.056026987274487815	0.99	0.7340500000158946
775	0.0557541073123614	0.9900333333969116	0.7341500000158946
776	0.056155402930577594	0.9901500000317891	0.7319666666825613
777	0.05590322731733322	0.9900666666984558	0.7325333333492279
778	0.056143487219015756	0.9898333333969116	0.7352666666666666
779	0.056803980441888176	0.9894666666984558	0.7333166666825612
780	0.0561931195139885	0.9896833333651225	0.7349166666666667
781	0.05661694397131602	0.9897166666666667	0.7301666666984558
782	0.05662145547469457	0.9897833333651225	0.729783333349228
783	0.056271197187900544	0.9901500000635783	0.7315666666666667
784	0.0569237464149793	0.9903333333969117	0.7318833333651225
785	0.05692733591000239	0.9898333333651225	0.7285166666825612
786	0.05584213298161825	0.9905000000635783	0.7301500000317891
787	0.05641241448720296	0.99055	0.7299166666666667
788	0.05639524182081222	0.9897000000635783	0.7316000000158945
789	0.056417527743180595	0.9899666667302449	0.7287333333333333
790	0.05668653322855632	0.9899500000635783	0.7312333333492279
791	0.056981909787654876	0.98945	0.7260833333492279
792	0.057153942795594534	0.9901833333333333	0.7281666666984558
793	0.05740526863336563	0.9899666667302449	0.7263166666825612
794	0.056745539164543154	0.9900166666666667	0.7273666666825612
795	0.05674887339274089	0.99025	0.7256833333333333
796	0.05694723042647044	0.9897666666984558	0.7252500000158946
797	0.05763547868331274	0.9900833333333333	0.7229
798	0.0575658687432607	0.9900833333651224	0.7251333333333333
799	0.05704371755123139	0.9898666667302449	0.7249333333492279
800	0.057242328333854675	0.9904000000317892	0.7246500000317891
801	0.057225831238428754	0.9901666666666666	0.7251166666666666
802	0.05731925052404404	0.9897166666666667	0.7276333333492279
803	0.0568568523923556	0.9901500000635783	0.7254833333651225
804	0.057629545505841574	0.9895333333333334	0.7245833333333334
805	0.057069905338684716	0.9899166667302449	0.7244333333333334
806	0.057234944089253746	0.9903666666984559	0.7205666666825612
807	0.05717125386397044	0.99035	0.7248833333492279
808	0.05742762838204702	0.99005	0.72515
809	0.05748150920470556	0.9902500000317891	0.7232166666825612
810	0.057454212625821434	0.990166666730245	0.7219666666666666
811	0.05739960927963257	0.9900833333333333	0.7187000000158946
812	0.0575360013405482	0.9899500000635783	0.7198833333333333
813	0.05772817688385645	0.9902166666666666	0.7221166666746139
814	0.05795586661895116	0.9898000000635783	0.7186333333333333
815	0.058014769808451334	0.9901000000317891	0.7171333333651225
816	0.05765390806992849	0.9899500000317891	0.7209500000317891
817	0.05740556359291077	0.99035	0.7199833333333333
818	0.057982878450552625	0.9903833333333333	0.7154833333333334
819	0.05867437451283137	0.9898333333969116	0.7185500000317891
820	0.05767672657171885	0.990266666730245	0.7163166666825612
821	0.05806833663781484	0.9898166666666667	0.71715
822	0.05947276349862417	0.9891000000317891	0.7132333333651225
823	0.057857974290847776	0.9900166667302449	0.7172333333333333
824	0.058771471269925435	0.9900833333651224	0.7173666666825612
825	0.05832073218027751	0.9900166666666667	0.7197166666984558
826	0.058573701779047645	0.9901333333969117	0.7166500000158945
827	0.05821820939381917	0.9902666666666666	0.7148666666825613
828	0.058591787576675415	0.9891666666666666	0.7155333333492279
829	0.05869340647856394	0.9899000000635783	0.7132666666746139
830	0.05851225808858872	0.9901	0.7164500000317892
831	0.05852704491615295	0.9903333333969117	0.7172666666825612
832	0.05884939906597138	0.9895333333651225	0.7103000000158946
833	0.05925944078763326	0.9897500000317891	0.7084000000158945
834	0.059569771627585096	0.9896333333333334	0.7099833333651224
835	0.05902451741695404	0.9898833333333333	0.7103
836	0.05943697899977366	0.9897000000317892	0.7126166666666667
837	0.058554601860046386	0.9900500000317891	0.7124166666666667
838	0.05876649064222972	0.9897166667302449	0.7104000000079473
839	0.05881888569196065	0.9901333333651224	0.7134
840	0.058804097922643024	0.99025	0.7097000000317891
841	0.05923472689787547	0.9896833333969116	0.7120500000158946
842	0.05918245014746984	0.9896833333969116	0.7068000000158946
843	0.05889012895822525	0.990166666730245	0.7091333333651225
844	0.0591214560508728	0.9902833333969117	0.7061833333412806
845	0.058103360509872436	0.9902833333333333	0.7124
846	0.05949902600844701	0.9898666666666667	0.7110166666666666
847	0.05923968801498413	0.9897	0.7075000000158945
848	0.059571499574184415	0.989566666730245	0.7083333333412806
849	0.05911507046222687	0.9895000000635783	0.7115000000317891
850	0.05864540603160858	0.9899000000317891	0.7068500000158946
851	0.05830438067317009	0.9902	0.7068166666825613
852	0.0590149397333463	0.9901333333969117	0.7101833333333334
853	0.059039276007811226	0.9897666667302449	0.7082166666825612
854	0.059300519847869874	0.9898166666666667	0.7091833333492279
855	0.05950741485754649	0.989116666730245	0.7059500000158946
856	0.059551266010602316	0.9893833333651225	0.7089666666746139
857	0.060742215581734975	0.9893	0.6988833333651224
858	0.059724768590927124	0.9896666666984558	0.7087500000158946
859	0.05963494486808777	0.9903	0.7017833333492279
860	0.06031590582927068	0.9895500000635783	0.7014666666825612
861	0.059727203520139056	0.9894666666666667	0.7080666666825612
862	0.05968073300520579	0.9896833333651225	0.7035
863	0.05983995393117269	0.9898333333651225	0.707283333337307
864	0.05986400264898936	0.9904833333651225	0.6977000000079473
865	0.0601546884059906	0.98955	0.7013333333333334
866	0.060036187020937604	0.9897500000635783	0.7023500000158945
867	0.06020379500389099	0.9898	0.7017166666825613
868	0.06008242678642273	0.9896833333651225	0.7040333333412806
869	0.05963219635089238	0.9894666666666667	0.7036166666825613
870	0.060229234091440834	0.9901333333333333	0.7002833333492279
871	0.0607232501745224	0.9893333333969117	0.6960166666825612
872	0.05999885932207107	0.9899666667302449	0.7010333333333333
873	0.06002727846304576	0.9897000000635783	0.6968666666825613
874	0.060746735576788585	0.9895333333969116	0.6959166666825612
875	0.06184874716599782	0.9896166666666667	0.69075
876	0.060767682603995	0.9899166667302449	0.6958000000317891
877	0.06005196932156881	0.9897833333651225	0.6992000000317892
878	0.06004023019472758	0.98945	0.7008833333651224
879	0.060740846021970114	0.989416666730245	0.7006333333651225
880	0.06055225690603256	0.9894000000635783	0.6989166666666666
881	0.060649124479293826	0.9897500000635783	0.6921000000079472
882	0.06100386531750361	0.9892833333969117	0.6957166666666666
883	0.06137167328993479	0.9895833333651225	0.6951833333492279
884	0.06112301581700643	0.9894333333333334	0.6944000000158945
885	0.05995842281977336	0.9897000000635783	0.7000166666666666
886	0.060993845097223914	0.989616666730245	0.69325
887	0.06014372065464656	0.9900166666666667	0.6984333333651225
888	0.060925781965255735	0.9896666666666667	0.6943833333333334
889	0.0613755624294281	0.989166666730245	0.6958833333492279
890	0.061759047611554464	0.9894000000317892	0.6902166666746139
891	0.06083229428927104	0.989616666730245	0.69275
892	0.06169291830857595	0.9893166666666666	0.690833333337307
893	0.060568972039222714	0.9896166666666667	0.6965666666825613
894	0.061561386279265086	0.9893666666984559	0.6946833333492279
895	0.06103407777547836	0.99	0.6892166666746139
896	0.06167281288305918	0.9893666666984559	0.6903833333492279
897	0.062046659310658774	0.9889166666984558	0.6919500000079473
898	0.06118512888352076	0.9898	0.69045
899	0.06140846401055654	0.9891833333969117	0.6910666666825612
900	0.06150052657922109	0.9898166666666667	0.6896833333651224
901	0.06071478251218796	0.9900166666666667	0.6913833333333333
902	0.0621683620095253	0.9891	0.691483333349228
903	0.06253834909598033	0.9890333333969116	0.6901000000079472
904	0.06197943573792775	0.9899166666984558	0.6832166666666667
905	0.06128093004624049	0.9896000000635783	0.68835
906	0.06142433145046234	0.9900166666984558	0.6929666666825612
907	0.06162861752510071	0.9895666666666667	0.6869333333492279
908	0.061369225132465365	0.9898000000635783	0.686516666674614
909	0.06222754101753235	0.9893833333333333	0.6867333333333333
910	0.062098446007569634	0.9892000000635783	0.6840833333651225
911	0.06126284551223119	0.9894000000635783	0.6912833333969116
912	0.0616507835149765	0.9892166666666666	0.6904333333651225
913	0.06312077221870423	0.9883333333333333	0.6799000000317892
914	0.06174595266183217	0.9901333333969117	0.6885166666825613
915	0.06186413482427597	0.9895333333651225	0.6810833333492279
916	0.06144127145608266	0.9897166666666667	0.6830166666746139
917	0.061950988403956096	0.9894166666666667	0.6868666666825612
918	0.06133524970610937	0.9898166667302449	0.6903166666666667
919	0.06205238091548284	0.989316666730245	0.6841666666984558
920	0.0618719308257103	0.9892	0.6878666666825612
921	0.061782939207553865	0.9893166666984559	0.6898666666825612
922	0.06349314494132996	0.9889166667302449	0.6756333333492279
923	0.06311779073476792	0.9887166667302449	0.6802666666825612
924	0.06205122028191885	0.9894333333969116	0.6829000000158946
925	0.06255261753400167	0.9897833333969116	0.6850666666825612
926	0.06267568167448044	0.9893000000317892	0.679
927	0.0625998701453209	0.9893833333969116	0.6818666666666666
928	0.06185607075691223	0.9891166666666666	0.6774666666825613
929	0.06218085170586904	0.98965	0.68435
930	0.06229168790976206	0.98945	0.6816166666666666
931	0.06226737666130066	0.9900166667302449	0.6820833333492279
932	0.06226697982549667	0.9897666666666667	0.6826833333412806
933	0.0631291545232137	0.9888166667302449	0.6842833333412807
934	0.061641068148612976	0.9896166666984558	0.6857666666984558
935	0.0621490315357844	0.9896666666666667	0.6822333333651225
936	0.0630377242565155	0.9893666666666666	0.6786333333412806
937	0.06270090204874675	0.9893666666984559	0.6773500000039736
938	0.06276010163625081	0.9890833333969116	0.6798500000079473
939	0.06333752261797587	0.989316666730245	0.6795833333492279
940	0.06315002800623576	0.9893000000635783	0.6752833333492279
941	0.06333732334375382	0.9891500000635783	0.6749500000158946
942	0.06330763672192892	0.9889500000635782	0.67675
943	0.06231094506581624	0.9895833333333334	0.6778666666825612
944	0.06318280800978343	0.9894833333333334	0.6739833333333334
945	0.06234061601161957	0.9894833333333334	0.6822000000158945
946	0.0633485117594401	0.9893666666984559	0.6785333333412806
947	0.0628274497548739	0.9893500000635783	0.6773
948	0.06321363061269124	0.9889666667302449	0.6778666666825612
949	0.06301900049845377	0.9889500000635782	0.6785666666666667
950	0.06341950705846151	0.9892833333969117	0.6735166666825613
951	0.06258777216275534	0.9898333333333333	0.6809833333333334
952	0.06271365354061127	0.989416666730245	0.676433333349228
953	0.06302836012045543	0.9889333333651225	0.6766
954	0.06368575330575307	0.9895333333969116	0.6695833333333333
955	0.06365304694970449	0.9892000000635783	0.6707333333492279
956	0.06296233292420705	0.9897833333651225	0.6782833333333333
957	0.0636072334766388	0.9890666666984558	0.6734333333333333
958	0.06384420947233836	0.9892500000317891	0.6720333333333334
959	0.064704776263237	0.9888000000317891	0.6668166666746139
960	0.06326355423927307	0.9899000000317891	0.6692333333333333
961	0.06312306849161783	0.9895833333969116	0.6740666666666667
962	0.06346683226426443	0.9896333333651225	0.6729333333412806
963	0.06354379931290945	0.9896333333333334	0.6732000000317891
964	0.06270580957730611	0.989616666730245	0.6749500000158946
965	0.06321993868350982	0.9893333333969117	0.67205
966	0.06335497014522552	0.9888000000635783	0.6697333333492279
967	0.06327133987744649	0.9895333333333334	0.6723000000317891
968	0.06430996572971344	0.9894	0.6736
969	0.06400125357707341	0.9892166666666666	0.6701
970	0.0632566486676534	0.9896	0.67055
971	0.06369872596263886	0.98975	0.6749333333333334
972	0.06398226288954417	0.9895333333969116	0.6610000000039736
973	0.0639065408150355	0.9891000000635782	0.664166666674614
974	0.06387135855754217	0.9894166666666667	0.6727000000158946
975	0.06282754736344019	0.9893166666984559	0.6763333333333333
976	0.06362021028995514	0.9891	0.6694833333492279
977	0.06357128511269887	0.9892666666984559	0.6677333333333333
978	0.06451554181178411	0.989466666730245	0.6594500000158946
979	0.0641141413807869	0.9893000000635783	0.6665666666825613
980	0.0634758925318718	0.9891333333651224	0.6683833333333333
981	0.06385191209713618	0.9894	0.6683833333412806
982	0.06410747756958007	0.9892166666984558	0.66215
983	0.06346331612269084	0.9893500000635783	0.6668666666666667
984	0.06428865942160289	0.9892166666666666	0.6690833333412807
985	0.06374056948026022	0.9892500000635783	0.6730833333412806
986	0.06365788174470266	0.98945	0.6664000000079473
987	0.06433409012953441	0.9890000000635782	0.664366666674614
988	0.06551196228663127	0.98855	0.6557000000158946
989	0.06374748713175456	0.9894000000317892	0.6692833333412807
990	0.06539460663795471	0.9883166666984559	0.6667
991	0.06359786878824233	0.9896333333651225	0.6683833333412806
992	0.06474912388324737	0.989316666730245	0.6586500000039737
993	0.06370839763482412	0.9893000000635783	0.6636833333651225
994	0.06434688322544098	0.9890166667302449	0.6664833333333333
995	0.06423529185454051	0.9896000000635783	0.6596500000079473
996	0.06421400233109792	0.9893000000635783	0.6661500000158945
997	0.06459319692055385	0.9888166666666667	0.6637833333412806
998	0.06423708674907684	0.9887166666666667	0.6646000000079473
999	0.06392746558189392	0.989216666730245	0.6600500000158945
1000	0.06412683978478113	0.9889166667302449	0.6634333333333333
1001	0.06413469584782919	0.9896	0.6664166666706403
1002	0.065087051653862	0.988566666730245	0.6596166666666666
1003	0.0639921338001887	0.9894333333333334	0.6638000000158946
1004	0.06559638808568319	0.9887000000635783	0.655433333337307
1005	0.06430226159095764	0.9892333333333333	0.6627000000079473
1006	0.06481517323652904	0.9889666666984558	0.6595166666666666
1007	0.06452692416508993	0.9887666666984558	0.66365
1008	0.06377089641094208	0.9895833333333334	0.6671000000079473
1009	0.0651531709909439	0.9890833333969116	0.6537
1010	0.0643897972424825	0.9889500000317891	0.6664833333492279
1011	0.06425170431137085	0.9895833333969116	0.6607833333492279
1012	0.06553224565982818	0.9892333333333333	0.657633333337307
1013	0.06529698816537857	0.9885333333333334	0.6573333333651225
1014	0.06512798294226328	0.989166666730245	0.6597833333333334
1015	0.06449452191193898	0.9894	0.6605
1016	0.06488220272858937	0.9893166666984559	0.657066666674614
1017	0.06449486023187637	0.9894166666666667	0.6585666666746139
1018	0.06495020685195922	0.9888	0.6587666666746139
1019	0.06472544391155242	0.98945	0.6617333333412806
1020	0.06509091081619263	0.9891500000635783	0.6588500000158946
1021	0.06454292967716853	0.9889833333333333	0.6654166666825613
1022	0.06558780453205108	0.9894000000635783	0.6499166666706403
1023	0.0645690505027771	0.9895	0.6604166666825613
1024	0.06631547070741653	0.9883333333969117	0.6547666666825612
1025	0.0657105386654536	0.9889666666666667	0.65015
1026	0.06541048661073048	0.9886000000317892	0.6616166666825612
1027	0.06513373496929804	0.9891500000635783	0.6640333333333334
1028	0.06430126648743947	0.9890333333651224	0.6560000000079473
1029	0.0644850234389305	0.9891333333651224	0.6626500000158946
1030	0.06586409910519918	0.9892666666984559	0.6491333333333333
1031	0.06511279352506001	0.989366666730245	0.6567500000158946
1032	0.06503197493553162	0.9894333333969116	0.65325
1033	0.06518239777882893	0.9889000000635783	0.6532000000317891
1034	0.0658217419664065	0.9888833333333333	0.652316666674614
1035	0.06535980220635731	0.9890666666984558	0.6550166666825612
1036	0.06568584837913513	0.9890666667302449	0.6551166666706403
1037	0.06529538069168726	0.9893333333333333	0.6539000000079472
1038	0.0649224501768748	0.98975	0.6508500000039736
1039	0.06559389581680297	0.9886333333651225	0.6550333333492279
1040	0.06560998574097951	0.98865	0.6500500000079473
1041	0.06553628927469253	0.9890000000635782	0.6541166666666667
1042	0.06532981499830882	0.98925	0.6511666666686535
1043	0.06533664212226868	0.9888333333651225	0.6552833333412806
1044	0.06490604022741318	0.9896833333333334	0.6516166666666666
1045	0.06502087264855702	0.9889500000635782	0.6519833333412807
1046	0.06537223779360453	0.9890500000317891	0.6519666666825612
1047	0.0648140771706899	0.9895	0.6567333333492279
1048	0.06514531639417012	0.989466666730245	0.656783333337307
1049	0.0652722506483396	0.9893166666666666	0.6572333333412806
1050	0.065158881966273	0.9889166666666667	0.6515166666746139
1051	0.0658610186179479	0.989666666730245	0.6428500000039736
1052	0.06530907745361328	0.9890666666984558	0.6470166666706403
1053	0.06552492431004842	0.9886666666984558	0.6502833333492279
1054	0.0656697599252065	0.9891166666984558	0.6495166666746139
1055	0.0662007943312327	0.989266666730245	0.6455500000079473
1056	0.06657351613839467	0.9881500000317891	0.6477166666746139
1057	0.06627970569928487	0.9890666666666666	0.650133333349228
1058	0.0656724281946818	0.9891666666666666	0.6490333333412807
1059	0.0659117388089498	0.98955	0.6455
1060	0.06669631435871125	0.988316666730245	0.6476166666746139
1061	0.06672828814188639	0.9889666667302449	0.64545
1062	0.06701704419453938	0.98965	0.6395166666746139
1063	0.06601892248789469	0.98945	0.647183333349228
1064	0.06673184600671132	0.9886666666666667	0.64645
1065	0.06723362815380096	0.9881500000635783	0.6403833333412806
1066	0.06609572326342265	0.9889833333969116	0.649966666674614
1067	0.0660890160560608	0.9886333333333334	0.6491500000039736
1068	0.06613074420293172	0.9892666666984559	0.6396666666706403
1069	0.06579516511758168	0.9888666666666667	0.6463833333492279
1070	0.06570728066762288	0.9894000000635783	0.6466833333412806
1071	0.06579725347359976	0.9886833333969116	0.6549000000039736
1072	0.06622315340042115	0.9893833333969116	0.6484000000079473
1073	0.06640183711449305	0.9887666666666667	0.6453833333412806
1074	0.06558936557769775	0.9891500000635783	0.6511000000079473
1075	0.06630331786870956	0.989366666730245	0.6399500000158945
1076	0.06685831182003021	0.9888666667302449	0.640216666674614
1077	0.06569783240954082	0.989316666730245	0.6503333333333333
1078	0.06680568589766821	0.9889833333969116	0.6436000000158946
1079	0.06732998363971711	0.9888500000635783	0.6379166666706403
1080	0.06606745336055755	0.9889500000635782	0.6444166666706403
1081	0.06603227854569753	0.9891	0.6436000000158946
1082	0.06570773928960165	0.9893666666666666	0.6402500000079473
1083	0.06645423370202383	0.98895	0.635
1084	0.06594912723700205	0.9894666666666667	0.6482500000079473
1085	0.06600254386266073	0.9892666666666666	0.6501333333412807
1086	0.06747460929552714	0.9880666667302449	0.6400333333492279
1087	0.06671664759318034	0.9891	0.640433333337307
1088	0.06671195485591888	0.9886166666666667	0.6451666666666667
1089	0.06690129008293152	0.9883833333333333	0.6378
1090	0.06671008639335632	0.9886166666666667	0.6398
1091	0.0665005003452301	0.9884833333969116	0.6427166666746139
1092	0.06666574572722117	0.989	0.64545
1093	0.06635354543526967	0.9887833333333333	0.6469666666706403
1094	0.06568845988114674	0.98955	0.6482333333412806
1095	0.06661683566570283	0.9886333333969116	0.6435333333333333
1096	0.06720061056613923	0.9886500000635783	0.6392500000079473
1097	0.06587603700955709	0.989316666730245	0.6456666666825612
1098	0.06662723885377247	0.9886666666666667	0.63895
1099	0.06676219381491343	0.9885	0.6429166666706403
1100	0.0664744543949763	0.9894833333969116	0.6392166666706403
1101	0.06635474123954772	0.9897166667302449	0.6469
1102	0.06676641756693522	0.9887166666984558	0.634916666674614
1103	0.06627934805949529	0.9887833333333333	0.6398500000079473
1104	0.06676466708580653	0.98865	0.6446500000079473
1105	0.06663688595294952	0.9887500000635783	0.6382000000079473
1106	0.0661272237698237	0.9888500000635783	0.6437833333333334
1107	0.06773486984570821	0.9887500000635783	0.629066666674614
1108	0.06784443841775259	0.9883000000635783	0.6398666666666667
1109	0.0673531973361969	0.9884166666984558	0.6303500000039737
1110	0.06685582053661346	0.98885	0.642316666674614
1111	0.06606258914470672	0.9889333333969116	0.6444000000079473
1112	0.0669834784269333	0.9888	0.6395166666706403
1113	0.06698654979864756	0.9889500000635782	0.632816666674614
1114	0.06718285065491994	0.9893	0.63145
1115	0.06652427022457123	0.9890333333651224	0.6388833333412807
1116	0.06673695340951284	0.98915	0.6425333333412806
1117	0.0673549525976181	0.98875	0.6390833333373069
1118	0.0672602481285731	0.9892333333969117	0.636083333349228
1119	0.06763551985422771	0.9888166667302449	0.6348666666706403
1120	0.06714238557815552	0.98875	0.6391500000039736
1121	0.06752214403152466	0.9890166666666667	0.6308166666706403
1122	0.0670685432155927	0.9889833333969116	0.6346666666746139
1123	0.06678243780930837	0.9891166666666666	0.6383833333412806
1124	0.0672396555185318	0.9886166666666667	0.6366
1125	0.06594724431832631	0.9894833333651225	0.646316666674614
1126	0.0665882806022962	0.9891	0.6414500000158946
1127	0.06689182120958964	0.9888833333969116	0.6348333333333334
1128	0.06702022747993469	0.9890333333333333	0.6436500000079473
1129	0.06677746067047119	0.9892000000317891	0.6341333333373069
1130	0.06618385278781255	0.9887666666666667	0.6422
1131	0.0670746468782425	0.9889833333333333	0.6315000000039737
1132	0.06709118554592132	0.9884000000635783	0.641116666674614
1133	0.06728734288215638	0.9884666666666667	0.6380500000079473
1134	0.06833669152259826	0.9889333333969116	0.6158500000079473
1135	0.06781585963567098	0.9883	0.6377000000009934
1136	0.06714648500283558	0.9886833333651225	0.635216666674614
1137	0.06685450800259908	0.9886166666984558	0.6348166666666667
1138	0.06787593579292298	0.9883500000635783	0.6299333333412807
1139	0.0664692215204239	0.9888333333969116	0.6341833333412806
1140	0.06758405718803406	0.9883500000317892	0.6293333333333333
1141	0.06769554994106293	0.9879000000635783	0.6390500000039736
1142	0.06736480430761974	0.9890000000635782	0.632266666674614
1143	0.06758688063621521	0.9888166666984558	0.6345666666706403
1144	0.06619110288222631	0.9889333333333333	0.6420000000079473
1145	0.06659589281082154	0.9887666667302449	0.64465
1146	0.06764425032933553	0.9891333333651224	0.6266666666706403
1147	0.0683554434855779	0.9892333333333333	0.6182666666706403
1148	0.06728701035181682	0.9894333333969116	0.638266666674614
1149	0.06698861893812816	0.9890333333651224	0.6317166666706403
1150	0.06757654925982158	0.9890166666666667	0.6333
1151	0.06739326014518737	0.9886000000635783	0.6354000000079473
1152	0.06684756482044855	0.9890833333969116	0.6366833333333334
1153	0.06758481283187866	0.9886333333333334	0.6300500000039736
1154	0.06724257911046345	0.98895	0.6332833333333333
1155	0.06728575275739034	0.9887666666666667	0.6335500000079473
1156	0.06773650147120158	0.9886166666666667	0.631916666674614
1157	0.06664466269810994	0.9890666666666666	0.6384166666746139
1158	0.06695240315993627	0.9887666667302449	0.6301833333333333
1159	0.06700935103098551	0.9892500000317891	0.6282833333492279
1160	0.06725798273881277	0.9884166666984558	0.6302
1161	0.06748322381973267	0.9889500000635782	0.6338333333333334
1162	0.0683820305744807	0.9888166666984558	0.6220333333333333
1163	0.066333776084582	0.9891	0.640366666674614
1164	0.06797308386961619	0.9888333333969116	0.6253666666746139
1165	0.06708343066374461	0.9893500000635783	0.6349666666666667
1166	0.06679839825630188	0.9890833333333333	0.6420666666666667
1167	0.06778127295176188	0.9886166666666667	0.6317166666746139
1168	0.067398557472229	0.9892333333969117	0.6344666666706403
1169	0.06923107221126557	0.9881666666666666	0.6155166666666667
1170	0.06759109427134195	0.9889666666666667	0.6340666666666667
1171	0.06768736394246419	0.9892333333969117	0.629766666674614
1172	0.06753961781660715	0.9886333333969116	0.6224333333492279
1173	0.06904345592657725	0.9882833333969117	0.6183166666746139
1174	0.06801147273381551	0.9882166666984558	0.63255
1175	0.06716766776243846	0.9888833333333333	0.6344166666706403
1176	0.0676134025335312	0.9889833333651225	0.6300833333373069
1177	0.06834142224788665	0.9878333333333333	0.635916666674614
1178	0.06821472678184509	0.9884000000635783	0.6238000000039736
1179	0.0673442199865977	0.9890000000317891	0.631166666674614
1180	0.06711000635623932	0.9889	0.6386666666746139
1181	0.06796842291355133	0.9884833333333334	0.6272166666686535
1182	0.06640535289446513	0.9895000000635783	0.6416833333333334
1183	0.0678756866534551	0.9890333333333333	0.6263500000039737
1184	0.06766048202514649	0.9888	0.629816666674614
1185	0.06869180808067321	0.9888	0.6238500000079473
1186	0.06834554055531819	0.9881833333333333	0.626266666674614
1187	0.0675230383237203	0.9890500000635782	0.6202166666666666
1188	0.06864269173145295	0.9886	0.6249666666825613
1189	0.06775377465089162	0.9892833333651225	0.6257500000039736
1190	0.06784473081827164	0.989	0.6346166666746139
1191	0.06747320889631907	0.98925	0.6308833333333334
1192	0.06784935285250346	0.9891666666666666	0.6271333333353202
1193	0.06746705988248189	0.98895	0.6333833333333333
1194	0.0677950779914856	0.9891000000635782	0.6247666666686534
1195	0.0685842323064804	0.9888500000317891	0.6219333333333333
1196	0.06815034230550131	0.98865	0.6326500000079472
1197	0.06723109040260315	0.9889666667302449	0.6300000000158946
1198	0.06742853411436081	0.9890333333333333	0.6337166666746139
1199	0.06719950709342956	0.9888500000317891	0.6373
1200	0.06798920868635178	0.9888333333333333	0.6225500000079472
1201	0.06782622275352478	0.9890666666666666	0.6270500000039736
1202	0.0680286236445109	0.9882166666666666	0.6188166666666667
1203	0.06814076563914617	0.9887166666666667	0.6256666666666667
1204	0.06828290132284165	0.9882833333333333	0.6306166666825612
1205	0.06714951385656992	0.9890166666984558	0.6306000000158946
1206	0.06790811104774475	0.9887666667302449	0.6287000000039736
1207	0.06900899806817373	0.9882666666984559	0.6199166666666667
1208	0.0685549021323522	0.98845	0.6204666666706403
1209	0.06806952781677246	0.9887666666666667	0.62725
1210	0.06774640482266744	0.98885	0.6279333333373069
1211	0.0671812176545461	0.9889333333969116	0.6315833333412806
1212	0.06759237658977509	0.9886	0.6335166666686535
1213	0.06793978768189748	0.9887000000317892	0.6259166666666667
1214	0.06807556084791819	0.9889000000317891	0.6214666666666666
1215	0.06837414915561676	0.9887	0.6245
1216	0.0678898292462031	0.988166666730245	0.6334833333412806
1217	0.06813698720932007	0.9885666666984558	0.628283333337307
1218	0.06954242029984792	0.9886666666666667	0.6182666666666666
1219	0.06840910213788351	0.9886666666666667	0.6167000000039736
1220	0.06862344001928965	0.9881833333651224	0.6235666666686535
1221	0.0677210874636968	0.9891166666984558	0.6240166666706403
1222	0.06814944454828899	0.988366666730245	0.6203
1223	0.06858372396628062	0.9881333333651224	0.6172333333333333
1224	0.06833124515215556	0.9885500000635783	0.6195500000079472
1225	0.06810318602720897	0.9890833333969116	0.6320166666666667
1226	0.06850342271327972	0.9887	0.6240000000039736
1227	0.06819648593266806	0.9887000000317892	0.6246166666706403
1228	0.06762654327551523	0.9888166666666667	0.6259166666686535
1229	0.0671833441098531	0.9885	0.6249500000079473
1230	0.06752650606234868	0.9888333333969116	0.6295000000317892
1231	0.06815147324403127	0.9882833333969117	0.6269833333412806
1232	0.06771508611043295	0.9891333333651224	0.628333333337307
1233	0.0676896768172582	0.9885166666666667	0.6182500000079473
1234	0.06875540833473205	0.9888166666666667	0.6127833333492279
1235	0.06760292127927145	0.9892833333651225	0.6218833333373069
1236	0.06855108289718628	0.9882500000317891	0.6151333333353202
1237	0.06689263600508372	0.9888333333651225	0.6362166666825613
1238	0.06896646095911661	0.9881000000635783	0.6175666666825612
1239	0.0688701315164566	0.9887000000635783	0.615233333337307
1240	0.06713341108163198	0.9892333333969117	0.6369166666706403
1241	0.06877157077789306	0.9884833333969116	0.61505
1242	0.06749187069733938	0.9891333333333333	0.6255166666706403
1243	0.0676543486515681	0.988366666730245	0.6256666666666667
1244	0.0687329511642456	0.9889833333651225	0.6207833333343268
1245	0.06810524342854818	0.9890666666666666	0.6202000000079473
1246	0.06854491136868794	0.98945	0.6194333333333333
1247	0.06767702705860137	0.989166666730245	0.6240833333333333
1248	0.0690581953048706	0.9882000000317891	0.6210833333412806
1249	0.06844056231180827	0.9890833333969116	0.6096333333412807
1250	0.06890310212771097	0.9890500000635782	0.6235500000019868
1251	0.06851807769139608	0.988466666730245	0.6194666666686535
1252	0.0682220098733902	0.9891	0.6155166666666667
1253	0.068488894033432	0.9887166667302449	0.6240833333353202
1254	0.06881808079083761	0.989166666730245	0.6179666666666667
1255	0.06809607572555541	0.9892000000317891	0.6259666666666667
1256	0.0688476559082667	0.9878	0.6159500000039736
1257	0.06822733905315399	0.9881333333969117	0.6280166666666667
1258	0.07005867539246877	0.9886666666984558	0.5989333333333333
1259	0.06797103055318196	0.9891666666666666	0.6222000000039737
1260	0.06875930830637614	0.9890500000317891	0.6091166666666666
1261	0.06839288447697957	0.9887333333969116	0.6189666666666667
1262	0.06823091727892558	0.989	0.6155166666666667
1263	0.06880557200113932	0.9884666666666667	0.6265500000079472
1264	0.06858244907061259	0.9890333333333333	0.6123000000039737
1265	0.06837443317572275	0.988216666730245	0.6267500000079473
1266	0.06795567847887675	0.989316666730245	0.6150166666666667
1267	0.06887537563641866	0.988566666730245	0.6210833333333333
1268	0.06860168796380361	0.9886666666984558	0.60065
1269	0.06814619390964508	0.9888333333969116	0.6214
1270	0.06769761219024659	0.9886833333969116	0.6252833333333333
1271	0.06856480635801951	0.9884333333651225	0.6262333333412806
1272	0.06884383489290873	0.98875	0.6198666666676601
1273	0.06816422865390778	0.9887333333969116	0.6193500000039737
1274	0.06831253585815429	0.9891	0.62355
1275	0.06823236637910207	0.9888333333333333	0.6109166666666667
1276	0.06826304456392925	0.9887833333333333	0.6156166666746139
1277	0.06838839769363403	0.9884333333969116	0.6198333333333333
1278	0.06862983872890473	0.9889166666984558	0.6147166666666667
1279	0.06881537628173828	0.9886333333651225	0.6098333333333333
1280	0.06812610882123311	0.9890333333651224	0.6216500000039736
1281	0.06881990317503611	0.9889833333333333	0.6156833333333334
1282	0.06843429857095083	0.9888333333969116	0.6136500000039736
1283	0.06884498304526011	0.9889500000635782	0.6163666666686535
1284	0.06847470333576203	0.98855	0.6219000000079473
1285	0.06815851056575775	0.9890333333651224	0.6172166666706403
1286	0.06819718406995137	0.9887166667302449	0.6144333333412806
1287	0.06831731131076813	0.9891666666984558	0.6247
1288	0.06929577458699544	0.9886833333333334	0.61155
1289	0.06867741074562073	0.9888166666984558	0.62161666666766
1290	0.06909231402079265	0.9889833333969116	0.6097833333333333
1291	0.0685746977965037	0.9885000000635783	0.6166333333353201
1292	0.06913597327868144	0.988116666730245	0.623216666674614
1293	0.06816213863690694	0.9887166666666667	0.6209166666686535
1294	0.06897799344857533	0.988616666730245	0.6112833333333333
1295	0.06879226755301157	0.9889166666984558	0.6232166666676601
1296	0.0682035137573878	0.98925	0.6097333333333333
1297	0.06903784103393555	0.9882666666666666	0.61915
1298	0.06929271476268768	0.9887666666984558	0.6148500000079473
1299	0.06933021426995595	0.9887666666666667	0.6067333333333333
1300	0.06949638038476308	0.9883	0.6143166666666666
1301	0.0689793059627215	0.9890000000635782	0.6142500000079473
1302	0.06855390320618947	0.9884166666666667	0.6166166666686534
1303	0.0685549232562383	0.9887666667302449	0.608383333337307
1304	0.0687515630086263	0.9887333333651225	0.612383333337307
1305	0.06841893281141917	0.9891500000635783	0.6171500000039737
1306	0.06751882912317912	0.9892833333333333	0.6166166666706403
1307	0.06811570388873418	0.9886833333333334	0.6236666666746139
1308	0.06841835928757986	0.9892500000635783	0.6158000000019869
1309	0.06890306511720022	0.9888666666666667	0.616583333337307
1310	0.06828578715324402	0.9885500000635783	0.6155
1311	0.06821060858567556	0.989	0.6239666666666667
1312	0.06891748309135437	0.98835	0.6214333333412806
1313	0.06864959753354391	0.9883	0.6180666666706404
1314	0.06830312566757202	0.9892500000635783	0.6133000000079473
1315	0.0688407280921936	0.9892666666984559	0.6104666666666667
1316	0.06886659149328868	0.988166666730245	0.6147666666706403
1317	0.06813686420917511	0.9894166666666667	0.6103000000158946
1318	0.06910553948084514	0.9886000000317892	0.6050666666686535
1319	0.06945935034751892	0.9878166667302449	0.6133500000039737
1320	0.06898828631242117	0.9891000000635782	0.606016666674614
1321	0.06867812036673228	0.9888166667302449	0.6179166666706403
1322	0.0683778501590093	0.9889666666984558	0.6201
1323	0.06912392847537994	0.9881666666984558	0.6153666666746139
1324	0.06926607823371887	0.9891500000635783	0.6058500000039736
1325	0.06936290825208029	0.9889500000317891	0.60133333333383
1326	0.06851339783668518	0.9889	0.6285833333333334
1327	0.06885775035222372	0.9885166666666667	0.61275
1328	0.06797897462447484	0.9891000000635782	0.6213166666746139
1329	0.06901919149557749	0.9888333333969116	0.6117833333333333
1330	0.06946389935413996	0.9892666666666666	0.6046500000079473
1331	0.06862575449943542	0.9888666667302449	0.6185500000079472
1332	0.07053319749037425	0.9876833333969116	0.594433333337307
1333	0.06957473976612091	0.9884333333969116	0.60595
1334	0.06932257452805837	0.9889833333333333	0.5969500000039737
1335	0.06879441420237223	0.9879500000317891	0.6196166666746139
1336	0.06835597804387411	0.9890333333333333	0.6176166666666667
1337	0.06970502134164175	0.988616666730245	0.602966666674614
1338	0.06923525586922963	0.9887	0.6095
1339	0.06984095915953319	0.9890166666666667	0.6004666666706403
1340	0.06840154551664988	0.98895	0.6105500000079472
1341	0.06906362308661143	0.9884500000635783	0.6132333333333333
1342	0.0694803635597229	0.9879666666666667	0.6003833333333334
1343	0.06895481197834015	0.9887833333333333	0.6156833333333334
1344	0.06813234216372172	0.989	0.6088333333412806
1345	0.06947039393583934	0.9883500000635783	0.6052500000039737
1346	0.0688972893079122	0.9884833333333334	0.6099833333412806
1347	0.06929216063022614	0.9886500000635783	0.6116500000009935
1348	0.0683895632425944	0.9885000000635783	0.6120666666676601
1349	0.07002700593471527	0.9883333333333333	0.6104666666666667
1350	0.06981760364373525	0.98885	0.606533333337307
1351	0.06811910580794016	0.9890333333651224	0.6148166666706403
1352	0.06881920286814372	0.9883666666666666	0.6153666666686535
1353	0.07042776175340017	0.98785	0.6062166666686535
1354	0.06955585117340088	0.9887666666984558	0.6105
1355	0.06926194813251495	0.9888666667302449	0.6042000000019868
1356	0.06811761575539907	0.9884	0.6192166666706403
1357	0.06832495282491048	0.9887833333333333	0.6095666666666667
1358	0.06958792439301809	0.9889333333969116	0.6040333333343267
1359	0.0697294998963674	0.9891000000635782	0.6075500000039736
1360	0.06840096389452617	0.9890166666666667	0.6140000000039736
1361	0.06907220788796743	0.9892	0.5984500000009935
1362	0.06885096480051676	0.9889000000635783	0.6074500000079472
1363	0.06862193044026693	0.9888500000317891	0.6111166666706404
1364	0.0690241315126419	0.989216666730245	0.6069000000039736
1365	0.06990276110172272	0.9888500000635783	0.5994333333333334
1366	0.06942625236511231	0.9889000000635783	0.6125166666671634
1367	0.06893430133660634	0.9893	0.6006166666706403
1368	0.06956179526646931	0.9888000000317891	0.5992833333412806
1369	0.06962042455673217	0.98865	0.6024166666706403
1370	0.0690768181959788	0.9885833333333334	0.6147
1371	0.07017542258103689	0.98825	0.6002166666746139
1372	0.0689099097331365	0.9892166666666666	0.6014666666666667
1373	0.069348064605395	0.988166666730245	0.5957500000039736
1374	0.06861924897034963	0.98895	0.6175000000079472
1375	0.06883356682459513	0.9893000000317892	0.6040000000039737
1376	0.06889486438830694	0.9892666666666666	0.60705
1377	0.0698318651596705	0.988166666730245	0.6082166666666666
1378	0.0687348840157191	0.9889666666666667	0.6058833333373069
1379	0.06912982824643453	0.98855	0.606666666674614
1380	0.06954630621274312	0.98855	0.60475
1381	0.06963132311503092	0.9884000000635783	0.6064333333333334
1382	0.06954119052092235	0.9886166666984558	0.6053666666666667
1383	0.06928733443419138	0.98825	0.6052333333353201
1384	0.06984744913578034	0.9885666666984558	0.5980000000079473
1385	0.06883112437725067	0.9889833333969116	0.6084166666746139
1386	0.07008408275445302	0.9880833333969116	0.5992166666746139
1387	0.06864347624778748	0.9886333333969116	0.5995166666706403
1388	0.06971382319927216	0.9889666666984558	0.6015666666666667
1389	0.06920811618169148	0.9887166666984558	0.6001500000079473
1390	0.06899921538829804	0.9889000000635783	0.6123833333412806
1391	0.07030995020866394	0.9884666666984558	0.601616666674614
1392	0.0699923009634018	0.988216666730245	0.6161833333333333
1393	0.06955040384928385	0.9890666666666666	0.6070166666706404
1394	0.06918620809713999	0.9887833333651225	0.6019500000039737
1395	0.06829273293018341	0.9892833333969117	0.6139333333333333
1396	0.06946472537517548	0.9888333333651225	0.60905
1397	0.06796060167153677	0.98945	0.6150166666706403
1398	0.06974771943092346	0.9883166666984559	0.6061833333412806
1399	0.06960252863566081	0.9889000000635783	0.6003666666666667
1400	0.06958967332045238	0.9880166666666667	0.6019666666686535
1401	0.06832682521343231	0.989116666730245	0.607533333337307
1402	0.06877147630055745	0.9891833333969117	0.6059166666666667
1403	0.06918778723875682	0.9887500000635783	0.60805
1404	0.06919433306058248	0.9888333333969116	0.6046833333353202
1405	0.06927896008491516	0.98855	0.6078333333333333
1406	0.06949323878288269	0.9885166666666667	0.6051
1407	0.06983154516220093	0.9880000000317891	0.6001666666686535
1408	0.06950461448033651	0.9885000000635783	0.6091666666666666
1409	0.06948172169526418	0.9889500000635782	0.5932166666666666
1410	0.06900835677782695	0.9892333333651224	0.6023666666746139
1411	0.06873617463111878	0.9886833333969116	0.6019000000039736
1412	0.06908463668028514	0.9889833333333333	0.6059333333373069
1413	0.0689788803100586	0.988666666730245	0.6097166666666667
1414	0.06934311126073202	0.9890000000317891	0.6059166666686535
1415	0.06959524654944738	0.9888666666666667	0.5939833333333333
1416	0.06980946838855744	0.9882333333651224	0.6088166666666667
1417	0.06861199057896931	0.9888666667302449	0.604633333337307
1418	0.06925297102928162	0.9890166667302449	0.5985
1419	0.0695129046758016	0.9885000000317892	0.6014333333412806
1420	0.07026179472605387	0.9882166666666666	0.6095500000019868
1421	0.06884058705170949	0.9894833333969116	0.603483333337307
1422	0.06994669044812521	0.9886000000635783	0.5985833333333334
1423	0.06869818461736044	0.9892000000635783	0.6081666666746139
1424	0.06879746031761169	0.9888500000635783	0.60565
1425	0.06907143043677012	0.98895	0.6080666666706404
1426	0.0686455675125122	0.9887000000317892	0.6137666666666667
1427	0.06961922722657521	0.988416666730245	0.6034000000158946
1428	0.0688276766260465	0.98885	0.6024833333492279
1429	0.06960588817596436	0.9887333333333334	0.6024833333412806
1430	0.07007550574143728	0.9880666666666666	0.59405
1431	0.06882315479914347	0.9893	0.5936500000039736
1432	0.0696263572772344	0.98845	0.6005500000039736
1433	0.06930580569108327	0.9888166666984558	0.6024333333343267
1434	0.069311825243632	0.9885833333651225	0.6076000000039736
1435	0.07001710429191589	0.9884000000317892	0.595966666674614
1436	0.06948717366059622	0.9886000000317892	0.5927500000079473
1437	0.06971949455738068	0.9885333333333334	0.5916000000019869
1438	0.07014942528406778	0.9882333333969117	0.60016666666766
1439	0.06952366160551707	0.98875	0.6017000000009934
1440	0.06963544847170512	0.9887666666666667	0.6027833333343268
1441	0.06983106549580892	0.9882000000635783	0.6030333333412806
1442	0.06932904763221741	0.9883500000317892	0.6007666666686535
1443	0.0696395726442337	0.988616666730245	0.6015500000079473
1444	0.07135325439771016	0.9880000000317891	0.5952000000079473
1445	0.06948179482618967	0.9886500000635783	0.5988833333412806
1446	0.07014417746861776	0.9887166667302449	0.58931666666766
1447	0.0690894920428594	0.9890333333969116	0.6031333333333333
1448	0.06999633295536041	0.9884000000635783	0.5926166666706403
1449	0.07057586624622345	0.9884666666666667	0.592983333337307
1450	0.07216630020141601	0.9890333333333333	0.534583333337307
1451	0.07249830645720164	0.9883333333969117	0.5499333333353201
1452	0.07161146592299143	0.9891666666984558	0.5396000000009934
1453	0.07259872339566549	0.9887000000635783	0.5309500000019868
1454	0.0714643035809199	0.9889666666666667	0.5440333333353201
1455	0.07086590043703715	0.989	0.5475000000004967
1456	0.07160954070885976	0.9887000000635783	0.5475166666666667
1457	0.07202782130241395	0.9886833333333334	0.5390500000039736
1458	0.07126935122013092	0.9888666666666667	0.5481500000009935
1459	0.07211713336308798	0.9888166666666667	0.5433666666666667
1460	0.07099814426104227	0.98825	0.5585500000039736
1461	0.07221286003986994	0.9880833333969116	0.5550000000019868
1462	0.07250715216795603	0.9889333333969116	0.5483000000009934
1463	0.07247349968751271	0.988416666730245	0.5449500000039736
1464	0.07173968199888865	0.988316666730245	0.555983333337307
1465	0.07176258382002512	0.9890333333651224	0.5450166666666667
1466	0.07235307482083639	0.9877666667302449	0.5562666666666667
1467	0.07171764529546101	0.9880333333333333	0.5615833333333333
1468	0.07238643616040548	0.988366666730245	0.551083333337307
1469	0.07157445476055145	0.9887333333969116	0.5551166666666667
1470	0.07148661103248596	0.9886333333651225	0.54145
1471	0.07223865566253662	0.988516666730245	0.5325166666686535
1472	0.07175329469839732	0.9886666666666667	0.5483166666706403
1473	0.07175909737745921	0.9885500000635783	0.5453333333353202
1474	0.07141670358181	0.9884833333651225	0.5541666666706403
1475	0.07211634666919708	0.9886333333969116	0.5483833333333333
1476	0.07324242688814799	0.9883333333969117	0.5326833333333333
1477	0.07106938020388286	0.9884833333969116	0.5661666666746139
1478	0.07324122447172801	0.9879000000317891	0.5466
1479	0.07138566998640697	0.98915	0.5519833333343267
1480	0.07182619291146597	0.98905	0.5389833333333334
1481	0.07194573436578115	0.9886500000635783	0.545733333337307
1482	0.07330998131434123	0.9881833333333333	0.5418000000019868
1483	0.07136687031586965	0.9885000000317892	0.5426333333333333
1484	0.07130440118312836	0.9891166666984558	0.54743333333383
1485	0.0721951850493749	0.9884666666666667	0.5433833333353202
1486	0.071441667954127	0.9885166666666667	0.5550833333353201
1487	0.07118030726114909	0.98885	0.5472
1488	0.07045694833596547	0.9893166666666666	0.5584333333373069
1489	0.07147248231569926	0.9883333333333333	0.555183333337307
1490	0.0711809159676234	0.9891333333333333	0.5572500000039736
1491	0.07076399573485057	0.9889166667302449	0.5466166666666666
1492	0.07092881852785746	0.9888833333333333	0.54775
1493	0.07236891527175904	0.9880833333333333	0.5462333333353202
1494	0.07117892275651296	0.988616666730245	0.5533500000079473
1495	0.07144403247038524	0.9890833333969116	0.5533666666706403
1496	0.0718987974246343	0.988516666730245	0.5526666666686535
1497	0.07192829293409983	0.9889166666666667	0.5464166666686535
1498	0.07160347181955973	0.9885166666984558	0.544933333337307
1499	0.07317961585521698	0.9878166667302449	0.5485500000079473
