epoch	loss	acc	certified
0	5.318868021392822	0.0059	0.0059
1	5.18346392791748	0.012900000001192093	0.012900000001192093
2	4.988153055419922	0.02595	0.02595
3	4.849091610565186	0.03752	0.03752
4	4.704484431762696	0.05308999999880791	0.05308999999880791
5	4.596949655609131	0.06539000000238418	0.06539000000238418
6	4.525380904541016	0.07443000000357627	0.07443000000357627
7	4.462040046081543	0.08288	0.08288
8	4.395543575439453	0.09236000000476838	0.09236000000476838
9	4.330458601989746	0.10292000000953674	0.10292000000953674
10	4.27755897354126	0.11006000000715256	0.11006000000715256
11	4.230251829528808	0.11862999999523163	0.11862999999523163
12	4.1847280628967285	0.12332000000238419	0.12332000000238419
13	4.151455416259766	0.12816000000476838	0.12816000000476838
14	4.113289300842285	0.13453	0.13453
15	4.080112357025146	0.14011000000953674	0.14010000000953673
16	4.054628112030029	0.14413000001430512	0.14413000001430512
17	4.01928686553955	0.15149000001430513	0.15149000001430513
18	3.993243500289917	0.1545899999976158	0.15457999999761582
19	3.9649774960327147	0.15909	0.15909
20	3.948344374084473	0.16102999999523163	0.16101999999523162
21	3.923941597290039	0.1677600000143051	0.1677600000143051
22	3.8954312819671633	0.17067	0.17066
23	3.8739096087646483	0.17421000000953674	0.17417000000953675
24	3.8548046165466308	0.1778900000143051	0.1778700000143051
25	3.841958587036133	0.1814500000143051	0.1814200000143051
26	3.822269061203003	0.18329000000953674	0.18329000000953674
27	3.806612826004028	0.18536999999523163	0.18533999999523162
28	3.79464552734375	0.18906	0.18899
29	3.7769740493011477	0.19129000000476837	0.19122000000476838
30	3.763216784515381	0.19433000001430512	0.1942400000143051
31	3.7496050978088378	0.1954900000143051	0.1954000000143051
32	3.7397451513671873	0.19760999999046325	0.19744999999046325
33	3.728425897216797	0.19930000001430512	0.1991800000143051
34	3.710129599609375	0.2028100000143051	0.2027300000143051
35	3.702071061553955	0.20539000000476837	0.20520000000476837
36	3.688421399383545	0.20753	0.20738
37	3.6827405825042723	0.20826	0.20794
38	3.670431527175903	0.21180000000476837	0.21160000000476836
39	3.6606508531188964	0.21168	0.21148
40	3.6505443893432616	0.21464000000953673	0.21437000000953674
41	3.6398437628936766	0.21655	0.21628
42	3.6280818550872804	0.21977	0.21939
43	3.6207899327850344	0.22004	0.21974
44	3.6163943337249758	0.22245000000953674	0.22208999999523163
45	3.609181681060791	0.22291000000953673	0.22245000000953674
46	3.6016843170928956	0.22289000000476838	0.22238000000476837
47	3.5940134156036376	0.2251500000143051	0.22470000001430512
48	3.580312336425781	0.22761000001430512	0.22703000001430512
49	3.5809844997406004	0.2283500000190735	0.22780000002861023
50	3.564844593963623	0.2305900000143051	0.2299000000143051
51	3.5609903565979004	0.23040000000476837	0.22945000000476837
52	3.5531301572418212	0.23230000000953674	0.23157000000953673
53	3.5493099462890627	0.23375999999046326	0.23263999999046325
54	3.5444199013519286	0.23616000001907347	0.23520000001907349
55	3.542224018096924	0.2360900000143051	0.2348100000143051
56	3.525347311553955	0.24075999999046327	0.23958999999046326
57	3.523070932388306	0.23928	0.23804000000953673
58	3.5160146880340575	0.24206999999046325	0.24064999999046327
59	3.5128838311767576	0.24238000000953674	0.24092999999523163
60	3.5047595205688475	0.24294000000953675	0.24138999999523164
61	3.499398125305176	0.24269999999523162	0.24108999999523162
62	3.496111197509766	0.24456000002861022	0.24257999999046326
63	3.4875199784088133	0.24574000000476837	0.24388000000476837
64	3.484351339111328	0.24739000000953673	0.24531000000953673
65	3.4778068604278563	0.2478300000143051	0.2455600000143051
66	3.473307766494751	0.24833999999523163	0.24591000000476837
67	3.470256015319824	0.24910000001430513	0.2465500000143051
68	3.4668996850585936	0.24876999999046326	0.24611999999046325
69	3.460344177246094	0.25127	0.24858
70	3.4578539491271973	0.25205	0.24907000000953675
71	3.450966365280151	0.25235000000476837	0.24910000000476837
72	3.441541422958374	0.25297000000953673	0.24979000000953674
73	3.4385784422302246	0.25538	0.25174
74	3.440598291244507	0.25484000000476836	0.25105
75	3.437623294143677	0.25677999999523166	0.25254999999523164
76	3.4304258853149414	0.25802	0.25344
77	3.430449553909302	0.2579400000143051	0.25309000000953674
78	3.426169631271362	0.25834	0.25339
79	3.424923450469971	0.2581799999952316	0.25333000000476835
80	3.416574655456543	0.2592500000286102	0.2542700000286102
81	3.4171668643188475	0.2622600000190735	0.25651999999046327
82	3.4088757859802246	0.25973999999046327	0.25407999999046327
83	3.409082207336426	0.26380000000953674	0.25728000000476836
84	3.403789192276001	0.26179	0.25512
85	3.4012160443115236	0.2641699999952316	0.2572499999952316
86	3.3991277185058593	0.26422	0.2569600000095367
87	3.393977547531128	0.26594	0.25803000000953674
88	3.3907533980560305	0.2656400000047684	0.25730000001430514
89	3.389093021469116	0.26594000000953677	0.25765999999523165
90	3.3864087826538087	0.2663300000095367	0.2581700000190735
91	3.3814415518951417	0.2686299999904633	0.25901000002861024
92	3.3812725144958495	0.26957000000953674	0.25934999999046326
93	3.3808110314178466	0.26744	0.25772
94	3.3759339990997312	0.26914000000953675	0.2584200000190735
95	3.3716935078430175	0.26932000000953676	0.25859999999523164
96	3.3708329849243164	0.27025	0.25832999999046324
97	3.3683794358062746	0.2696199999952316	0.25752000000953673
98	3.372328793106079	0.27116	0.25822000000953677
99	3.3591048385620117	0.2729600000190735	0.2602100000286102
100	3.3499611266326905	0.2732399999904633	0.25992999999523164
101	3.337370506362915	0.27196999999046323	0.25760000001907346
102	3.309507073059082	0.27404	0.2590800000190735
103	3.291885814743042	0.27559000001907347	0.2605799999904633
104	3.272129610977173	0.27648000002861023	0.2606999999904633
105	3.2589388665771484	0.2766600000095367	0.25967000000476836
106	3.2344665872192384	0.27712000000953674	0.25910000000476835
107	3.2180719133758546	0.27830000000476834	0.25968000001430513
108	3.1992776206970213	0.27706000000953673	0.25787000000953675
109	3.1815139910888672	0.27787000002861023	0.2583400000190735
110	3.1637381340789794	0.27864000000953676	0.2578100000047684
111	3.148821016845703	0.27926	0.25754999999046324
112	3.128756674499512	0.2800500000095367	0.25779000002861024
113	3.107142791519165	0.2812299999904633	0.25721000000476835
114	3.088205662307739	0.28114999999046325	0.25643
115	3.0707458085632324	0.28197000000953676	0.2561700000143051
116	3.0581624571228025	0.28377999999046327	0.25740999999046327
117	3.03825893371582	0.28291000000953676	0.2552100000143051
118	3.0204518840026857	0.28457999999046324	0.25492999999046323
119	3.0067069804382323	0.2845599999904633	0.25425
120	2.9889732038879395	0.2838700000190735	0.25290000002861024
121	2.9705510789489744	0.2859500000190735	0.25410999999046324
122	2.9560070287322997	0.28705999999523163	0.25408000001430514
123	2.9423844449615477	0.28636	0.25208
124	2.9281767027282717	0.2877200000190735	0.25205
125	2.906784278793335	0.28852	0.2531600000143051
126	2.892181681060791	0.2896200000143051	0.25160999999523165
127	2.875265441055298	0.28985999999046325	0.25085
128	2.864581273803711	0.2891300000286102	0.25031
129	2.8474354288482666	0.29007	0.24954000000476836
130	2.82970418800354	0.29146000000953676	0.24957000000953675
131	2.8150049810791016	0.29239000000953674	0.24858
132	2.8000192700195314	0.29115	0.2469400000143051
133	2.7887175397491455	0.2933899999904633	0.24573999999523163
134	2.7715947496795654	0.29430000001907347	0.24618999999046326
135	2.754053737335205	0.29420000002861024	0.24539
136	2.742456159439087	0.2940300000190735	0.24529
137	2.726103715362549	0.29402000002861023	0.24329
138	2.714989844207764	0.29580000002861023	0.2432000000143051
139	2.6998281045532226	0.29629000001907346	0.2415000000143051
140	2.688199447860718	0.29615	0.24101999999523163
141	2.6729993487548827	0.29718	0.23888999999046326
142	2.6592446756744383	0.2969100000190735	0.24028999999046324
143	2.646454517822266	0.2977700000143051	0.23843
144	2.631811541213989	0.29773000000953675	0.23766000002861024
145	2.6234648664855955	0.2978300000190735	0.23634
146	2.605816524963379	0.29922	0.23686000000953675
147	2.5942055461883546	0.29745	0.23322999999046326
148	2.5793721866607666	0.30057000002861023	0.23404000000476838
149	2.5702820304107665	0.3003000000190735	0.23382000000476838
150	2.556788111343384	0.30134	0.23341999999523164
151	2.5434742962646486	0.3007499999952316	0.23102000001430512
152	2.5297585428619387	0.30057999999046325	0.22991000000953674
153	2.5172278817749025	0.30100999999046324	0.2287300000143051
154	2.5087787535858155	0.30271	0.22793999999523162
155	2.49360550491333	0.3020100000286102	0.22665999999046327
156	2.485061318283081	0.30276000000953673	0.22664999999046326
157	2.470371372833252	0.30223000001907346	0.22365000000953675
158	2.4618629721832277	0.30389	0.2228200000143051
159	2.4478631133270263	0.30374000002861024	0.22230000000953673
160	2.4375839694213868	0.3034900000190735	0.22142000000953674
161	2.425140193710327	0.30423000000953676	0.22106000000953674
162	2.4154189627075193	0.30474000002861024	0.21901999999523164
163	2.4039613384246827	0.30527999999046324	0.21916000000476837
164	2.3904098155212403	0.30539000000953676	0.21788
165	2.379874262161255	0.30656	0.21609000001430512
166	2.3729029698181154	0.30526	0.2143300000143051
167	2.3629140061187743	0.30612999999046325	0.21380000000953675
168	2.351774963989258	0.30608999999046327	0.2118400000143051
169	2.3376143923187254	0.30515000000953674	0.21033000000476837
170	2.328580860824585	0.3050999999904633	0.20948000000476838
171	2.316569324264526	0.307	0.2098600000023842
172	2.3055584717559814	0.3070200000190735	0.2087200000143051
173	2.2970053550720215	0.30722000000953675	0.20579000000953673
174	2.288382522506714	0.30731999999523163	0.20546000001430512
175	2.2806398689270018	0.30691000002861024	0.20327000000953674
176	2.270899126358032	0.3085800000190735	0.20214
177	2.2586357674407957	0.3086900000095367	0.20233
178	2.25042056098938	0.30882	0.20279000000476838
179	2.2423812530517577	0.30942000000953673	0.20029000000476838
180	2.230142154083252	0.3083700000190735	0.19928000000953675
181	2.221034052734375	0.3078900000286102	0.19734000000476837
182	2.2104139846801756	0.30884000000953676	0.19645
183	2.201760217437744	0.30773000000953676	0.19544000000953674
184	2.1932748487091063	0.3097	0.19496000000476837
185	2.184026795578003	0.30964	0.19325000001430512
186	2.1726759956359865	0.3096700000286102	0.19238999999523163
187	2.16436343170166	0.31118000002861024	0.1920700000143051
188	2.1595078944396975	0.31035000002861024	0.19082000000953675
189	2.145838702545166	0.30890000000953677	0.18991
190	2.1378534343719484	0.3094900000286102	0.18766000000953675
191	2.1321082878875735	0.31016999999046324	0.18693
192	2.121145524368286	0.31039000001907346	0.18621000000953675
193	2.116034898529053	0.31205999999046324	0.18542000000953673
194	2.1045563550567628	0.30813999999046326	0.18386000000953676
195	2.0986383128356936	0.31083	0.18238000000476837
196	2.090682936782837	0.30855000000953675	0.18082000000476836
197	2.080587130355835	0.31054000000953674	0.1802500000143051
198	2.0739043212890627	0.30973000001907347	0.18020000000476838
199	2.0621459898376466	0.31112999999046326	0.17973999999523163
200	2.053437595825195	0.30897000002861025	0.17899000001430512
201	2.0462181965637205	0.31077000000953675	0.17695999999523163
202	2.0403420836639405	0.31075000000953673	0.17668000000953674
203	2.032343073501587	0.31191999999046327	0.17517999999523162
204	2.024788507080078	0.31142000002861026	0.17551
205	2.01862636264801	0.30939999999046325	0.17178000000476837
206	2.0066687942504884	0.31057	0.17261000000953675
207	2.0042012062835695	0.31071	0.17076000000476838
208	1.989682409362793	0.30867999999046325	0.16991000000953674
209	1.9863418482208253	0.3091000000286102	0.16945000000476837
210	1.9733802869415282	0.30918999999046326	0.16796999999523163
211	1.9692900423431396	0.30932999999046323	0.16723999999523162
212	1.963112321472168	0.3118300000286102	0.16770999999523162
213	1.953847539176941	0.31259000000953674	0.16767000000953675
214	1.947918883857727	0.30938999999046324	0.16472000000953674
215	1.935685973777771	0.3084	0.16483999999523163
216	1.9315201877593995	0.31156999999046325	0.1647600000143051
217	1.9260343024063111	0.3098699999904633	0.16434999999523162
218	1.9168446792602538	0.3081900000190735	0.16169000000953673
219	1.9065356134796143	0.30917	0.16080000000476838
220	1.8999987990188598	0.3094900000190735	0.16039
221	1.894216264190674	0.30887000000953674	0.16026999999761582
222	1.8847904956436157	0.30999	0.16038999999523162
223	1.8801962868499755	0.31004	0.15996000000953675
224	1.87366461101532	0.30997000002861025	0.16024000000953675
225	1.8638412582397461	0.30851	0.1598200000023842
226	1.8595380556869507	0.3101400000190735	0.15798
227	1.850514289741516	0.30941	0.15753000000953674
228	1.8442322197723389	0.3103700000190735	0.15678000000476838
229	1.8370132977676392	0.31007	0.15761000000953673
230	1.8303743672943116	0.3080800000190735	0.15578
231	1.8223738130950928	0.3079	0.15540000000476836
232	1.8145220212554931	0.3082999999952316	0.15581000000476838
233	1.8108089353179933	0.3082400000190735	0.15287000000953674
234	1.8002229969787598	0.30672999999046324	0.15361999999523163
235	1.7922173944854736	0.30546999999046326	0.15282999999523164
236	1.7868673564910889	0.3077400000095367	0.15313000000476837
237	1.7821560372924805	0.30765	0.15136000000476837
238	1.772346657562256	0.3069400000190735	0.15226999999523164
239	1.7661718698501587	0.30719000002861024	0.15110000000715257
240	1.757549566268921	0.3060300000190735	0.15103999999523163
241	1.751213059463501	0.3064700000095367	0.15135000001430512
242	1.7488507165908813	0.30849	0.14915000000715256
243	1.7378932033157348	0.30791999999046327	0.15034
244	1.729880714263916	0.3055400000190735	0.1500500000143051
245	1.7279223751449584	0.30647999999046327	0.14811999999761583
246	1.716825442276001	0.30471	0.14898
247	1.7083434843444825	0.3047400000190735	0.14936000000476837
248	1.7044910397338868	0.3065700000190735	0.1493000000143051
249	1.6988789302444458	0.30493000000953674	0.14750000000715255
250	1.6888783152008056	0.30436000002861024	0.14775999999523162
251	1.683338708152771	0.30358	0.14703000000953675
252	1.6757746668243407	0.3041599999904633	0.14738000000476836
253	1.6720670512008666	0.30429000001907347	0.1468400000143051
254	1.666498946914673	0.30477	0.14579
255	1.6612309839630126	0.30778999999046325	0.14638
256	1.6511321172714233	0.30376000000953673	0.14592000000715255
257	1.6462480210113526	0.3048799999904633	0.14662999999523163
258	1.639186884918213	0.3051400000095367	0.14584
259	1.6325197459030152	0.3044399999904633	0.14497000001430513
260	1.6262614418029786	0.3048900000286102	0.14526999999523163
261	1.6203695878219604	0.3040900000190735	0.14446000000238418
262	1.6111557972335815	0.30279000001907347	0.1439699999976158
263	1.6079890432739259	0.30387	0.14329000000715256
264	1.5995834260177613	0.30288	0.14424000001430512
265	1.5943127005004882	0.30357999999046326	0.14384000000476838
266	1.5890491205596924	0.30340000001907347	0.14395000000476837
267	1.5839083224105834	0.30313999999046326	0.14294000000476836
268	1.5781452641296387	0.30267999999046324	0.1428900000143051
269	1.5688654928207397	0.3019900000190735	0.14245000000476837
270	1.5657786568450929	0.30220000000953673	0.14201000000476838
271	1.5622428872680665	0.30325000002861024	0.14208
272	1.552076919517517	0.3014400000286102	0.14286000001430513
273	1.544421944923401	0.3014700000190735	0.14359999999523163
274	1.5407091653060914	0.30217000001907346	0.14103
275	1.5319207795715333	0.30153	0.14222000000715257
276	1.5283514593887328	0.3025499999904633	0.14130000000953674
277	1.5199952647018433	0.29971	0.14097000000476836
278	1.513602836112976	0.30027999999046323	0.14086000000715257
279	1.51100379737854	0.30256000000476835	0.1408200000143051
280	1.504806781311035	0.30114	0.14119
281	1.4990044535827636	0.3006400000190735	0.1402900000143051
282	1.4913827885055542	0.30096000002861023	0.1409500000143051
283	1.4854131870269776	0.30094999999523164	0.14114000000476837
284	1.479132456855774	0.30045000000953676	0.1411800000143051
285	1.4715856814575194	0.29993	0.13995999999523162
286	1.4700370411682129	0.3001099999904633	0.13974000000476838
287	1.4610345374679565	0.2995900000095367	0.1407300000143051
288	1.4548400772094727	0.2972199999904633	0.13908999999523164
289	1.4496461403656007	0.29828999999046324	0.13940000000476838
290	1.4445984103393554	0.2975	0.1407300000143051
291	1.4381360912322998	0.29807000000953676	0.14002999999523164
292	1.4328447672653197	0.2981800000286102	0.1396099999976158
293	1.4273881630325318	0.29868000000953676	0.13919
294	1.4201516958999634	0.2957600000095367	0.13897
295	1.4193061597061156	0.29837000002861025	0.13874000000715256
296	1.4110681568527221	0.2978700000047684	0.13892000000715254
297	1.406162194328308	0.29820000002861025	0.13947000001430512
298	1.3993866524124146	0.29665	0.13834
299	1.3968924352264405	0.29791000000953677	0.1383700000143051
300	1.3907535816574097	0.29703999999046327	0.13865000000476838
301	1.3812958625793457	0.29595	0.13949
302	1.3778797905731202	0.29690000000476835	0.13808999999761581
303	1.3719902658843994	0.29555999999046323	0.13730999999523164
304	1.3677646028518677	0.29667	0.13874000000476838
305	1.3614899923324586	0.29591999999046326	0.13800000000953674
306	1.3564615566253662	0.2955500000190735	0.1373700000023842
307	1.3500997479248047	0.29447	0.13862000000476837
308	1.3474042491149902	0.29551000000953676	0.13670999999523162
309	1.3409938259887695	0.29360000002861025	0.13756000000476837
310	1.3331510832977296	0.29395	0.13928
311	1.327198154373169	0.29337	0.13930000000476836
312	1.3226337019348144	0.29302000002861023	0.13751000000476837
313	1.3189282397460937	0.2948700000095367	0.13816
314	1.3152483401870727	0.2932400000143051	0.13699
315	1.3071031552886963	0.29332	0.1383400000143051
316	1.3047395915222169	0.2943900000190735	0.13773000000715255
317	1.2974722507476806	0.29264999999046326	0.138
318	1.2929938093185425	0.2938400000286102	0.13786000001430512
319	1.286738296585083	0.2924499999904633	0.13814000000476837
320	1.2815483478927612	0.2924800000095367	0.13835
321	1.2758689094161988	0.29102000001907347	0.13797999999523164
322	1.2722501627349854	0.29207	0.1377000000143051
323	1.2679602839660644	0.29113000001907346	0.13731
324	1.259209157409668	0.29025000002861023	0.13909
325	1.2558415051269531	0.2908300000143051	0.13884999999761583
326	1.2515656341552734	0.2914300000190735	0.13771
327	1.245527304420471	0.2885600000286102	0.1370599999976158
328	1.2422275857925416	0.29099	0.13808000000476836
329	1.2378532612991333	0.29202	0.13836000000715257
330	1.2325563831710815	0.29045000000953675	0.13875000000715257
331	1.2297451093292235	0.2918400000047684	0.13801000000953675
332	1.221547015914917	0.2890100000190735	0.1375900000143051
333	1.2167692826080323	0.28913999999523166	0.13783000001430512
334	1.2125960229492188	0.28897	0.13836
335	1.2059802437973022	0.28809000000476837	0.13729
336	1.2011531610488893	0.28804000000476837	0.13807000000238417
337	1.1972292036819459	0.2892200000190735	0.1388
338	1.1950091648483276	0.29073000000953675	0.13777
339	1.1892882772445679	0.2885099999904633	0.13745999999523162
340	1.1823006163024903	0.28934000000953675	0.13971000000715256
341	1.1783767334747315	0.2882800000286102	0.13808000000476836
342	1.1743157984542847	0.28919000000953676	0.13812999999523162
343	1.1702072523498535	0.2888	0.13871
344	1.1647504104232789	0.2876800000286102	0.13737999999523162
345	1.1614337076187133	0.28961	0.13832
346	1.1556587591171266	0.28795	0.13894999999761581
347	1.14965921875	0.2874400000190735	0.13930000000476836
348	1.145849164237976	0.28674	0.13896000000476838
349	1.1427787690734863	0.28669000001907347	0.13752
350	1.1380938718032836	0.2875400000190735	0.13769999999523164
351	1.1340095175552367	0.28701000000953675	0.1375100000143051
352	1.1279872914123534	0.28686000002861023	0.13822000000476836
353	1.1232350444793702	0.2864600000286102	0.1382300000143051
354	1.1179962443161011	0.28558000000953676	0.13936999999761582
355	1.114003759689331	0.2850899999952316	0.13778000000476837
356	1.1095338243484496	0.2867100000190735	0.13937000000715255
357	1.105478486442566	0.28546999999046324	0.13856999999761582
358	1.1025640468215943	0.28657000000953675	0.13863000000715256
359	1.0985861412048339	0.28701	0.13885000000476838
360	1.0932761102294921	0.28553000000953677	0.13856999999761582
361	1.0896799228668212	0.28680999999046325	0.13864
362	1.0849854360580444	0.2860600000190735	0.13829000000715255
363	1.078142746772766	0.28413000001907346	0.1397799999976158
364	1.0762138130569459	0.2856000000190735	0.13903000000476837
365	1.0721884086608886	0.28463	0.13735999999523163
366	1.0663909416198731	0.2828400000286102	0.13874000001430511
367	1.0633795838165283	0.28453000002861023	0.13811
368	1.0571708827972413	0.28214	0.1398400000023842
369	1.054313267097473	0.2838299999952316	0.1386500000023842
370	1.0521654137039185	0.28352	0.13841
371	1.0451455070495606	0.2833999999904633	0.1395100000143051
372	1.04149898979187	0.28384	0.13944000000715256
373	1.0367493337631226	0.2818199999952316	0.13877000000715256
374	1.0323006700897217	0.2822	0.13954
375	1.0292583192443847	0.2835099999904633	0.1399600000143051
376	1.0263752951049805	0.2823500000286102	0.13880000000476836
377	1.0219638668060302	0.28366000000953673	0.13968
378	1.017406940422058	0.28292999999046325	0.14019999999761582
379	1.0121283908081056	0.28170000002861023	0.14041000000953674
380	1.0083912828826904	0.28141000000953675	0.13892000000476837
381	1.004681374206543	0.2826400000286102	0.14123
382	1.0007908361434936	0.28060999999046327	0.13900000001430513
383	0.9965185249328613	0.2812599999952316	0.14064000000715254
384	0.9945770211410523	0.28284999999046323	0.13996000000953673
385	0.9914394446372986	0.2828900000190735	0.14016999999523164
386	0.9859553430175781	0.28191000001907346	0.1405600000143051
387	0.9812103888893128	0.2818500000190735	0.14033999999523164
388	0.9778019462585449	0.2814500000286102	0.14006999999523162
389	0.9738863730239868	0.27959000002861023	0.14049999999523163
390	0.969684326210022	0.2801800000190735	0.14046999999523163
391	0.9655104176521301	0.2798200000190735	0.14083999999523164
392	0.963028769569397	0.2810600000286102	0.13978999999523162
393	0.9592579890441895	0.2803000000286102	0.14071999999523163
394	0.9540963604736328	0.27903000000953676	0.14046000000715256
395	0.9517338876724243	0.28085000000953675	0.14098
396	0.9479335407447815	0.2802200000190735	0.14100000000953675
397	0.9440996975517273	0.2804700000286102	0.14063
398	0.9391589387321472	0.2786500000190735	0.14086000000476837
399	0.9366877589988708	0.2799500000143051	0.1403700000023842
400	0.9359547006988526	0.2802399999904633	0.1407900000143051
401	0.9297182407379151	0.2791600000095367	0.14095000000476837
402	0.925714517250061	0.27805	0.14027000001430512
403	0.9240173003005981	0.27981999999046325	0.14131000000715255
404	0.9169037461090088	0.27756	0.14133000000953674
405	0.9170053612327576	0.2794300000095367	0.1413
406	0.9139179846572876	0.2799600000190735	0.14092000000476837
407	0.9077670292663574	0.27878	0.14132999999523163
408	0.9049355994796753	0.27906000000953674	0.14177
409	0.9003636204910278	0.27986000001907346	0.14267000000476837
410	0.898874335269928	0.2794499999952316	0.14193000000238418
411	0.8932886330223083	0.2787900000190735	0.14296000001430512
412	0.8904495159912109	0.27834	0.14176000000715255
413	0.8888799438285828	0.27859999999046325	0.14092000000953675
414	0.8863809191322327	0.27882000002861024	0.14083000001430512
415	0.8809238393592834	0.2777900000190735	0.1408700000143051
416	0.8781352132797241	0.27774999999046324	0.14182
417	0.8754700790405273	0.27830999999046324	0.14163000000953674
418	0.8717563772964477	0.27843999999046326	0.14242
419	0.8666704476165772	0.27731	0.14252000001430512
420	0.8630350805282593	0.27774	0.14293999999523163
421	0.859439863357544	0.27676999999046326	0.14316000000715257
422	0.8551953361511231	0.27623000002861026	0.14305000000953674
423	0.8547707836914062	0.27681000000953676	0.1421899999976158
424	0.8506975866508484	0.2761300000286102	0.14156000000953675
425	0.8478167833518981	0.27680999999046324	0.14306000000715255
426	0.8424140305709839	0.2749900000143051	0.1411399999976158
427	0.8412406498718261	0.27661	0.1430100000143051
428	0.8352441660499573	0.2749499999952316	0.1433700000143051
429	0.8335463486099243	0.27609000001907347	0.14345999999523162
430	0.8307575466537476	0.2763600000143051	0.14365000000476838
431	0.8292504567718506	0.2767900000190735	0.14229000000476838
432	0.8247765729141235	0.2761700000047684	0.14299000000238418
433	0.8231234349060058	0.27703999999523166	0.14317999999761583
434	0.8174735680007934	0.2749	0.1424399999976158
435	0.8175981142807007	0.2772700000190735	0.14370999999523162
436	0.8118603931808471	0.27545	0.14336999999523162
437	0.8101676128768921	0.2752900000286102	0.14205000000953674
438	0.807647052078247	0.27521999999046326	0.14189000000715254
439	0.805885892944336	0.2760800000190735	0.14210000000476838
440	0.8019457077026367	0.27526	0.14219000000715257
441	0.7961456963348389	0.27495000002861025	0.1442300000143051
442	0.7953692794799805	0.27494	0.14219999999761582
443	0.7927324901199341	0.27542000000953676	0.14294000000953674
444	0.7874600513076783	0.27522000002861025	0.14463000000476836
445	0.7873873126983643	0.2760700000286102	0.14288
446	0.7815090405845642	0.27430999999046324	0.14395000000953675
447	0.7800546828842163	0.27432000000953677	0.14271000001430512
448	0.7775487125015259	0.2742400000190735	0.14276000000476838
449	0.7740118131637573	0.27445	0.14373
450	0.7715090051078797	0.27449	0.1427499999976158
451	0.7686294804000855	0.2746400000286102	0.1439000000143051
452	0.764758214187622	0.27373000001430514	0.14337000000953673
453	0.7642797313499451	0.27512000000953674	0.14348
454	0.7584874075698853	0.27252000000953674	0.14276
455	0.7553223642730713	0.27192	0.1431700000023842
456	0.7543062906455994	0.2746300000190735	0.14456
457	0.7498677822685241	0.2734000000190735	0.14442
458	0.749988836402893	0.2733800000190735	0.14322000000476837
459	0.7457659799194336	0.27359	0.14412000000953673
460	0.7432666877365113	0.2745700000190735	0.14497000000953675
461	0.7408553164482117	0.2728799999952316	0.14341000000476836
462	0.7388998940849304	0.27368	0.14394000000953674
463	0.7339303756713867	0.27310000002861023	0.14430000001430512
464	0.7320296635437011	0.27361	0.14534000000476838
465	0.729373759765625	0.27169000000953675	0.14339000000476837
466	0.7269127133941651	0.27145	0.14277000000476836
467	0.7251658152389526	0.27341000000953675	0.14471000000476839
468	0.7213148118972779	0.2731199999952316	0.14502999999761582
469	0.7172036984443665	0.2715100000190735	0.14431999999523162
470	0.7134949168395996	0.27064	0.14495000000476838
471	0.7141521720123291	0.2730700000047684	0.14443000000476838
472	0.7090091169166565	0.27019	0.14500999999523162
473	0.7080213362121582	0.27137	0.1446100000143051
474	0.7052723609161377	0.27208999999046324	0.14514
475	0.7004460640716553	0.27037000001907346	0.14653999999761583
476	0.6998463511657714	0.27190999999523163	0.14572999999761582
477	0.6956708881378174	0.2705800000286102	0.14523000000476838
478	0.6951485332870483	0.27166000002861024	0.14481000000953675
479	0.6915977423095703	0.27039000002861024	0.14469000001430513
480	0.6913008362007141	0.2728000000286102	0.1465000000143051
481	0.6893617698097229	0.27198000001907346	0.14592000000953675
482	0.6848819921493531	0.2716899999904633	0.14626000000715256
483	0.683907779045105	0.27154	0.14567
484	0.6792889216804504	0.2716800000190735	0.14544000000953675
485	0.677740990486145	0.2715000000190735	0.14624000001430512
486	0.6727956039619446	0.2701199999952316	0.1464099999976158
487	0.6719123821258545	0.2707700000095367	0.14594999999523162
488	0.6714401308441162	0.2710499999952316	0.14518000001430512
489	0.6675321352767944	0.27076000000953676	0.14676000000476838
490	0.6638415861320496	0.27013000000953674	0.14637000000715256
491	0.6605236498260498	0.2696700000047684	0.14669000000476837
492	0.661657126903534	0.27005999999046326	0.14474
493	0.6582324448776246	0.27101999999523163	0.14702000001430512
494	0.6561423217391967	0.27041	0.14642000000953675
495	0.653889015159607	0.2702500000143051	0.14671
496	0.6518701866722106	0.26967	0.14592
497	0.6476693406677246	0.2692299999952316	0.14721000001430512
498	0.6456784104919434	0.26882	0.14585999999523164
499	0.6441158668708801	0.26878000000476837	0.14648000000715256
500	0.6430475276184082	0.26904	0.14580999999523162
501	0.6388752054214477	0.27003000000476834	0.14737
502	0.6357500632476807	0.2682600000143051	0.14749
503	0.6356437248039246	0.27010000000476836	0.14679999999523163
504	0.6316493404388428	0.2693900000095367	0.14766
505	0.6285239286613464	0.2686400000047684	0.1477999999976158
506	0.625855796546936	0.26844	0.14685
507	0.6244693421173095	0.2685300000286102	0.14809000000476838
508	0.6227115670013428	0.27004000000953676	0.14951000000953674
509	0.6210442812156677	0.27017	0.14935000000476836
510	0.6193278886795044	0.27101000002861025	0.14883000000953675
511	0.6147339199066162	0.27018000000953674	0.15018000000953674
512	0.6125124432373047	0.27029000002861026	0.15019000000476837
513	0.6103606739616394	0.26935	0.1502399999976158
514	0.6090072235107422	0.27076	0.15063000000953675
515	0.6082067023277282	0.27037	0.15032999999761582
516	0.6049127171516419	0.27071000002861023	0.15018000000476836
517	0.6024663478851319	0.27065000001907347	0.1506700000143051
518	0.5974997317123413	0.26792	0.15164
519	0.5953901845169067	0.26895999999046327	0.15245000000953673
520	0.5951029957580566	0.26967999999046327	0.15157000001430512
521	0.5934151712989807	0.2700300000190735	0.15171
522	0.5897765430641174	0.26988000000476836	0.15276000000476836
523	0.5876413448905945	0.2699600000190735	0.1521
524	0.5861204329681396	0.27006000002861025	0.15332999999523164
525	0.5830443922042847	0.26948999999046325	0.15298000000476839
526	0.5807870653915406	0.2694000000190735	0.15301
527	0.578705427684784	0.27022	0.1543800000143051
528	0.5753975265884399	0.2696100000095367	0.15521
529	0.573555124053955	0.26978	0.15487000000953674
530	0.5724335214996338	0.26946	0.15368000000476836
531	0.571648662815094	0.2706300000047684	0.15403000000953673
532	0.5669423473739624	0.27033	0.15613999999523162
533	0.5679554729843139	0.27078999999046327	0.15396000000953675
534	0.5638616808128357	0.2703599999904633	0.15568
535	0.5627210247802734	0.27028000002861025	0.15535000001430513
536	0.5599791062736511	0.2702600000286102	0.15647000000476838
537	0.557508645248413	0.2704699999904633	0.15668999999523162
538	0.5559744528579712	0.2700700000047684	0.15647999999523163
539	0.5545605476856231	0.2716000000143051	0.1571300000143051
540	0.5552303037071228	0.2720200000190735	0.15661999999523163
541	0.5480346361732483	0.26936999999046324	0.15650000000476838
542	0.5479289737129212	0.2697900000047684	0.15617000000476838
543	0.5456927216148376	0.26943000000953676	0.15656
544	0.544381072101593	0.27031	0.15710999999523162
545	0.544634448223114	0.2717200000095367	0.15735000000476837
546	0.5392323609352112	0.26957000000953674	0.15771000000953675
547	0.5400584581756592	0.27109999999046325	0.15765000000476836
548	0.5348266669082642	0.2711000000190735	0.15940000000953675
549	0.5341607829284668	0.2704599999904633	0.15770999999523164
550	0.5311297954177856	0.2704800000286102	0.15916000000953676
551	0.5322378719139099	0.27284	0.15957000000715255
552	0.5292464724540711	0.2720800000286102	0.16003999999523164
553	0.5265308945655823	0.2713900000190735	0.16019
554	0.5251642888832092	0.2709300000143051	0.15962
555	0.5215757417869568	0.2702400000190735	0.16101999999523162
556	0.5218020077323914	0.2723600000190735	0.1617400000143051
557	0.5191779641532898	0.27082999999046325	0.1607100000143051
558	0.516161357460022	0.27153	0.16159000000953674
559	0.5149281029891968	0.27159000000953676	0.16151999999523162
560	0.5137850043678284	0.27123	0.16142999999523164
561	0.5134723978996277	0.27214	0.16126000001430513
562	0.5118536253547669	0.2725499999952316	0.16277
563	0.5074605263614654	0.27136000000953675	0.16278000000476836
564	0.5073924663543701	0.27213000000953674	0.16285
565	0.5037704731178284	0.27184	0.16315999999523162
566	0.504337728061676	0.2734399999952316	0.16342000000953674
567	0.504122741985321	0.2740100000190735	0.16389999999523164
568	0.49949629236221316	0.27189	0.16354999999523162
569	0.4981661002922058	0.2719600000047684	0.16352
570	0.4954479006385803	0.272	0.16479000000953675
571	0.4957497213935852	0.27268000000953674	0.16329999999523162
572	0.49048661838531493	0.27097000000953675	0.16463999999523163
573	0.4908591267776489	0.27297	0.16546
574	0.49036528047561645	0.27257000000953674	0.16436999999523164
575	0.48769905617713927	0.27198000000953676	0.16411000000953674
576	0.48596230577468874	0.2729800000286102	0.16524
577	0.48465979211807253	0.27198	0.16477
578	0.48369066667556765	0.27329000000953674	0.16619000001430512
579	0.4806985935401917	0.27248000000953676	0.16570000000476837
580	0.4782400288772583	0.27214999999046324	0.16622000000476836
581	0.4780974387931824	0.27217000000953673	0.16577000000476838
582	0.47583341989517214	0.27262000002861025	0.16776
583	0.47639330532073976	0.27423000000953673	0.16656000001430513
584	0.4752838453006744	0.27446	0.16710000000715255
585	0.47194497495651244	0.27423000002861025	0.16767000000953675
586	0.4696142525672913	0.2725300000286102	0.16714000001430512
587	0.4676389265441894	0.2727799999952316	0.16784000000476837
588	0.46706559268951414	0.27393000002861023	0.16915999999523162
589	0.4641014923477173	0.27318	0.16907000000476838
590	0.4625561011695862	0.27268000000953674	0.16819000000476836
591	0.46185600791931153	0.27347999999523165	0.16973000000476837
592	0.45844475660324097	0.27182000000953677	0.16824
593	0.4586815337371826	0.27334000002861025	0.16977
594	0.46023424152374265	0.27526000001907347	0.16934999999523162
595	0.45469367322921755	0.27241000000953675	0.16931000000476837
596	0.45424915657997134	0.27299000002861024	0.16901000000953675
597	0.4533883156776428	0.27440000000953674	0.17057
598	0.45201818813323974	0.27406000000953673	0.17018000000476838
599	0.4498935985183716	0.2738300000190735	0.17062000000953675
600	0.44872278514862063	0.27393999999046326	0.16979999999523163
601	0.4471698805236816	0.27409000000953676	0.17108000001430512
602	0.44479815385818483	0.27330000000953675	0.1701800000143051
603	0.44447866022109983	0.27452	0.17128999999523162
604	0.4440101564788818	0.27538000002861024	0.17102000001430512
605	0.4408369076728821	0.27471000002861024	0.17193000000953673
606	0.4379753812885284	0.2742700000095367	0.17323999999523162
607	0.43656301164627076	0.2736200000047684	0.1733100000143051
608	0.436952900724411	0.27543	0.17282000001430511
609	0.4380296246337891	0.2762	0.17213
610	0.43514238040924075	0.2753	0.17259
611	0.4340369890975952	0.2767899999904633	0.1738900000143051
612	0.43104646579742434	0.27462000002861026	0.17345
613	0.42903963945388796	0.2747899999952316	0.17387
614	0.43037965658187866	0.27664000000476835	0.17380999999523164
615	0.4256965204143524	0.2745199999904633	0.17505000001430512
616	0.4248096823310852	0.27535999999523164	0.17442999999523162
617	0.42299521905899046	0.27507000000953674	0.17509999999523163
618	0.42302811738014223	0.27544	0.17506999999523162
619	0.4217848219871521	0.27642000000953676	0.17582000001430512
620	0.4201627644824982	0.27571000000953677	0.17578
621	0.4199015895462036	0.27610000002861024	0.17527
622	0.415365356798172	0.27448000001907347	0.17568000000953674
623	0.41697698585510257	0.2757800000190735	0.17527000000953674
624	0.4134733813095093	0.27445	0.17502000000953674
625	0.4151106513977051	0.27679	0.17566000001430512
626	0.4134849740409851	0.27644000002861024	0.17625999999523162
627	0.4115346922683716	0.27579000000953674	0.17611
628	0.4099881931304932	0.27629999999046323	0.17743999999523163
629	0.40944695587158203	0.27621999999046326	0.17554999999523163
630	0.4081428356742859	0.27723999999523163	0.17774999999523164
631	0.40898197360992433	0.27836	0.17654000001430512
632	0.4053663803195953	0.27743999999046326	0.1783400000143051
633	0.4045323820400238	0.2769900000095367	0.17781000000476838
634	0.4026041833114624	0.2771299999904633	0.17784000000476838
635	0.40143762954711915	0.2774100000286102	0.17877000001430512
636	0.39970219948768615	0.27604000002861023	0.1779
637	0.39896551186561585	0.2773600000286102	0.17948999999523163
638	0.39832181754112245	0.27752000000953675	0.17848
639	0.3972220627975464	0.27835000000953675	0.17992000000476838
640	0.39481680414199827	0.2764099999904633	0.17888
641	0.3959250161743164	0.27867	0.17959
642	0.3931828124141693	0.27790999999523164	0.17986000000476837
643	0.39128405447006226	0.2766000000143051	0.17850000000953675
644	0.3908527279281616	0.27769	0.17957000000953674
645	0.3890011692905426	0.27747999999046324	0.18041000000476837
646	0.3896694311618805	0.27908999999046324	0.17985000001430512
647	0.3880592043781281	0.27901	0.18116000000953675
648	0.38624635269165036	0.27881999999046325	0.18136000000953675
649	0.384251691570282	0.27781	0.18109000000476838
650	0.3825599320602417	0.2779000000190735	0.18274999999523162
651	0.3822819888687134	0.2782400000286102	0.18162000001430512
652	0.38264171531677243	0.2790200000190735	0.18125999999523162
653	0.3806225845336914	0.27904999999046326	0.18178000000476838
654	0.37808027764320373	0.2783899999952316	0.18273000001430512
655	0.3794766176986694	0.2801700000190735	0.18318000001430512
656	0.376298877658844	0.27742999999046325	0.18190999999523164
657	0.3774584602737427	0.2801700000190735	0.18289999999523163
658	0.3744913977718353	0.27857000000953674	0.18276
659	0.37541155365943907	0.28067000002861026	0.18371
660	0.373129552936554	0.2797100000095367	0.18345999999523163
661	0.3717534725379944	0.28045	0.18490999999523164
662	0.3714425941944122	0.28016	0.18408
663	0.3692304197406769	0.27902000000953675	0.1837200000143051
664	0.36659192209243774	0.27862000000953674	0.18533
665	0.36698496252059937	0.27926999999046326	0.18433
666	0.36568498136520383	0.2792900000286102	0.18432000000953674
667	0.3651303786277771	0.27994000002861025	0.18484000001430512
668	0.3640212730979919	0.27987	0.18489999999523163
669	0.36549165729522703	0.28182000002861024	0.18514000000476838
670	0.3614519389152527	0.27998000000953677	0.18635999999523162
671	0.36134280221939086	0.28112999999523164	0.1868
672	0.35942218132019044	0.28078	0.18676000000476836
673	0.361036051197052	0.28183000000953673	0.18641000000953675
674	0.35727882213592527	0.28062000000953674	0.18792000000953674
675	0.3539705442810059	0.27931000001907347	0.18698000000953674
676	0.356580383014679	0.28149	0.18806000000476839
677	0.3560953635597229	0.2811800000286102	0.18572
678	0.35414871231079104	0.28106	0.18783000000953673
679	0.35393950923919676	0.2811900000286102	0.18681000001430512
680	0.3527054388236999	0.28153000000953676	0.18669999999523162
681	0.3520639269256592	0.2816600000095367	0.1873600000143051
682	0.3511469507408142	0.28236000000953676	0.18865999999046326
683	0.34935603427886963	0.28168	0.1887400000143051
684	0.3499471613883972	0.28293999999046326	0.18911000000476838
685	0.34628424089431764	0.2814900000095367	0.18967999999523164
686	0.3463983919239044	0.28191000000476835	0.18991999999523163
687	0.34691024172782897	0.28280000001907346	0.18920000001430512
688	0.34369666549682615	0.2814000000286102	0.1887700000143051
689	0.3439708889389038	0.2823400000286102	0.18945000001430512
690	0.34370903304100037	0.28360999999046327	0.19075
691	0.34063699348449705	0.28176999999046326	0.19038000000953675
692	0.33950885089874266	0.28177999999046327	0.19024
693	0.33861478286743163	0.28187000000953677	0.1905700000143051
694	0.3389869497871399	0.2833800000190735	0.19164000000953674
695	0.33854638750076294	0.28296000000953675	0.19088000000953675
696	0.33625956411361696	0.28176999999046326	0.19101000000476837
697	0.33636873571395876	0.2832	0.19189000000476839
698	0.33569833908081054	0.28382	0.19207
699	0.3338883737754822	0.28283000002861025	0.19184000000476836
700	0.33248127069473266	0.2827500000143051	0.19233999999523163
701	0.3340748644256592	0.28442000001907347	0.19241000000476838
702	0.3296213397407532	0.28168	0.1916600000143051
703	0.33049098972320556	0.2838900000190735	0.19283999999523163
704	0.32825132331848145	0.28259000000953677	0.19243000000953675
705	0.3280287901878357	0.2834	0.19343000000953675
706	0.32807153867721556	0.28470000002861023	0.1937900000143051
707	0.32832211574554443	0.2846000000095367	0.19345000000476836
708	0.3269049125099182	0.28554	0.19481999999523164
709	0.32746411140441894	0.28527	0.19317
710	0.32520278118133544	0.2854500000143051	0.19542999999523164
711	0.32444308330535887	0.28514	0.19452999999523163
712	0.3230429051494598	0.28421000002861024	0.19481000001430512
713	0.3226662365055084	0.2849600000190735	0.1953200000143051
714	0.32114286781311036	0.28452000001907346	0.19486999999523164
715	0.32148568161010743	0.2851000000190735	0.19454000002861022
716	0.3197530284023285	0.2850400000095367	0.19537
717	0.3181960479927063	0.28442	0.19591000000953673
718	0.31904615140914916	0.28584	0.19641000001430511
719	0.3186194713115692	0.28566	0.19520000000476836
720	0.3169651216506958	0.2857600000095367	0.19649000000953673
721	0.3154601946353912	0.2853899999904633	0.19583
722	0.31575313320159915	0.28590000000953675	0.19589000000476836
723	0.31307467838287356	0.28547999999046325	0.19739000000476836
724	0.31298489634513854	0.2857400000286102	0.19705000001430512
725	0.312734940700531	0.28565	0.19666000000476838
726	0.311067009267807	0.28575000000953676	0.19760000000953673
727	0.31267806696891787	0.28738	0.19820999999523162
728	0.3111132503128052	0.28660000002861025	0.19709999999523162
729	0.3105740516281128	0.28787	0.19902
730	0.31007796300888063	0.28767000000953674	0.19878
731	0.309464543094635	0.2875600000190735	0.19861000000953674
732	0.30570786460876465	0.2856100000190735	0.19935000000476838
733	0.30548214361190795	0.2865100000286102	0.19977000000953674
734	0.30652244550704955	0.28733000000953673	0.19884000000476837
735	0.3050979083061218	0.28707000000476834	0.19977000000953674
736	0.3038583226966858	0.2869999999904633	0.20059000000953675
737	0.30520315549850463	0.28863000001907346	0.19949
738	0.30380594613075257	0.28794000002861025	0.20023000000476837
739	0.30173360375404357	0.28778999999046323	0.20129999999523163
740	0.30167160274505617	0.2879600000286102	0.20090000000953676
741	0.3013321345043182	0.28779999999046324	0.20014000000476836
742	0.30098001019477844	0.28838000000953673	0.20093000000953673
743	0.2989976720523834	0.2874499999904633	0.19999000000953673
744	0.29813316338539125	0.2883100000095367	0.20232
745	0.29678191272735593	0.2879400000190735	0.20121999999523163
746	0.2974919075584412	0.2881000000190735	0.20042999999523162
747	0.29609697184562683	0.28799000000953673	0.20202000001430512
748	0.2967952532863617	0.2896100000286102	0.20303000000476837
749	0.2942029163169861	0.28796	0.20222000000953674
750	0.29583649085998537	0.2903300000190735	0.20427000000476836
751	0.2922638927936554	0.28715999999046327	0.20261000000953674
752	0.29250643939971926	0.28870999999046326	0.20301000000476838
753	0.2934325615596771	0.28956	0.20265
754	0.29052963932991027	0.28913999999046325	0.20446000000476838
755	0.2909163476371765	0.28919	0.20340000000476838
756	0.2913111953163147	0.28995999999046324	0.20358000000953674
757	0.2898135978126526	0.2892799999904633	0.20374000000476838
758	0.2875561464881897	0.2887800000190735	0.20421000000953674
759	0.28723017166137693	0.28919	0.20414
760	0.2882154154491425	0.28965000002861024	0.20416999999523164
761	0.2874441695213318	0.2902700000190735	0.20419000000953674
762	0.2856810757637024	0.29015	0.20511000000476837
763	0.2848246489429474	0.2902100000190735	0.2061500000143051
764	0.2838550796318054	0.2892900000286102	0.20516000001430512
765	0.28315258436203	0.28912000000953675	0.20409999999523162
766	0.28307630447387694	0.2892100000095367	0.2050600000143051
767	0.2829453772544861	0.29074999999046325	0.20617
768	0.2805367661952972	0.28965	0.20514000000476837
769	0.28138941461086275	0.29052999999046325	0.20577000000953674
770	0.28102952969551087	0.29001000000953675	0.20554
771	0.2806017607688904	0.29102000000476835	0.20749999999523164
772	0.2781790200805664	0.28927	0.20596999999523163
773	0.2783631154537201	0.2912300000286102	0.20736000000476837
774	0.27895554735183714	0.29095999999523164	0.20635
775	0.2758126986503601	0.29012	0.20733000000953675
776	0.2770819857597351	0.29034999999523164	0.20673999999523163
777	0.27532808643341067	0.29088000002861025	0.20822000000476837
778	0.27557314079284667	0.29126000002861024	0.20758000001430513
779	0.2752614401435852	0.2905500000190735	0.20750000000953675
780	0.274699626083374	0.29172000000953674	0.2083
781	0.2735929139900207	0.29100999999046323	0.20785000001430512
782	0.273021045923233	0.29172000000953674	0.20872
783	0.2717960081768036	0.2905400000095367	0.2078100000143051
784	0.2721427558708191	0.29215999999046327	0.20971
785	0.2716636451244354	0.29216000002861026	0.20941000001430513
786	0.27039753690719603	0.2910900000095367	0.20847999999523162
787	0.2697428167057037	0.2918500000286102	0.2093900000143051
788	0.2704520460319519	0.29236999999046326	0.20899999999523164
789	0.26999046443939206	0.2928200000047684	0.20969000000476837
790	0.2688840795612335	0.29226000002861025	0.21036
791	0.2667216430425644	0.29137000002861024	0.20994000000953675
792	0.26614763736724856	0.29169000001907347	0.2100800000143051
793	0.2663835968017578	0.29283	0.21106
794	0.2668884656095505	0.29270000002861024	0.2106100000143051
795	0.2651231630516052	0.29274000000476835	0.21147000000953675
796	0.265330092048645	0.2931100000190735	0.21212000000953674
797	0.2636077391433716	0.2918900000190735	0.21098000000476838
798	0.2622969305229187	0.2915	0.21155000002861024
799	0.262288634853363	0.29260000002861025	0.21147000000953675
800	0.26264981828689576	0.2937800000190735	0.2133900000190735
801	0.26179642683029175	0.2937500000190735	0.21355
802	0.26204903894424436	0.2936099999904633	0.21126000000953674
803	0.26216561758995055	0.2941	0.21292999999523163
804	0.2611831501579285	0.29475	0.21328000000953673
805	0.2594796494483948	0.29394000000953674	0.21367999999523163
806	0.2607875726413727	0.29373999999046324	0.21283999999523162
807	0.2582224666213989	0.2932900000286102	0.21281
808	0.2587345150566101	0.29462	0.21368000000476836
809	0.25812342864990234	0.29456000000953675	0.21437
810	0.2576130555057526	0.29448999999046327	0.21419000000953675
811	0.2563084612369537	0.29477	0.21422000000476837
812	0.2566579516220093	0.29458999999046326	0.21441000000476837
813	0.25725375573158266	0.29498999999046327	0.21351000000953674
814	0.2550284272289276	0.29362000000953675	0.21402000000953675
815	0.2567251738023758	0.29495999999046324	0.21313
816	0.25270825231552124	0.29372999999046323	0.2147
817	0.2547369826602936	0.29520999999046327	0.21455
818	0.25316147947788237	0.2947800000286102	0.21475000000476838
819	0.25248250079154966	0.29481	0.21484000001430512
820	0.25282264596939086	0.29445	0.21369
821	0.2513994073486328	0.29511000000953674	0.2159
822	0.25093076647758483	0.29449000000953673	0.21504
823	0.2507252468442917	0.29528999999046324	0.21604
824	0.2503475566959381	0.2948400000047684	0.21498000001430512
825	0.2489301879453659	0.2958400000286102	0.21775000000953673
826	0.2500817963600159	0.29605000000953674	0.21613000000953675
827	0.247219504570961	0.2946800000286102	0.21616000000476837
828	0.24674535689353944	0.2940100000286102	0.2158600000143051
829	0.24762968017578124	0.29482000002861025	0.21582999999523164
830	0.24680957831859587	0.29456	0.21534000000953674
831	0.24664768865585326	0.2956599999904633	0.21703
832	0.24678434246063233	0.29611999999046323	0.2172
833	0.24742521088600158	0.29671	0.21671000000953675
834	0.24514895821094512	0.29633999999046323	0.2176100000190735
835	0.2453345196056366	0.2965300000190735	0.21758999999046325
836	0.2445108860874176	0.29590999999046325	0.21736999999046325
837	0.24420738750457763	0.29661	0.21775000000476838
838	0.24387740491867066	0.29556	0.21665
839	0.244064036359787	0.29675999999046326	0.21744000000953675
840	0.24366871230125428	0.29741000000953677	0.21895000000953674
841	0.2416277390909195	0.29591999999046326	0.21849000000953675
842	0.24069294150352477	0.29617	0.2196300000143051
843	0.2427863088274002	0.29722000000953674	0.21838
844	0.24085713233947753	0.29730000000953677	0.21928000001430512
845	0.24018758792877198	0.2966100000143051	0.21817999999523163
846	0.24131951811790467	0.2969700000190735	0.21932000000953675
847	0.24048145962715148	0.29698999999046327	0.21843999999523162
848	0.24017858027458192	0.2972199999904633	0.21838999999523162
849	0.2384385010623932	0.29707999999046325	0.22000000000953673
850	0.23740930053710937	0.2956599999904633	0.21923000001430512
851	0.23776707578659056	0.29791000000953677	0.22014000000476838
852	0.23823065491676332	0.29721000000953673	0.21896
853	0.23541622811317445	0.2962699999904633	0.22071
854	0.2347950378036499	0.2956499999952316	0.21970000000476836
855	0.23523765426635743	0.29730000000953677	0.22191
856	0.23548331978321074	0.2977300000286102	0.22096999999523162
857	0.23590179775238038	0.29696999999046325	0.21937000000953674
858	0.23449593090057372	0.2970000000190735	0.22046
859	0.23409239039421081	0.29791999999046326	0.22132000000953675
860	0.23230833733081818	0.29679000000953676	0.22099
861	0.23370805342197418	0.29767999999523165	0.22142000001430512
862	0.23352429702281952	0.2988900000190735	0.22241000000476838
863	0.23277100490570068	0.2974800000190735	0.22057000000476837
864	0.23201453053474427	0.29752000001907347	0.22127999999046324
865	0.23014298560142518	0.29636999999046326	0.2206
866	0.23027666300296784	0.2970300000190735	0.22223
867	0.23082314895153044	0.2974600000286102	0.22159000000476836
868	0.23000002678871154	0.2973899999904633	0.22129999999523162
869	0.2312061353969574	0.29827	0.22109000000476836
870	0.22943127526283263	0.29801000000953676	0.22264000000953674
871	0.23018278674125672	0.29855	0.222
872	0.22885590050697327	0.29846	0.2228
873	0.22777015162467956	0.2977000000095367	0.22290999999523162
874	0.228873671374321	0.2991700000286102	0.2225500000143051
875	0.22734606603622437	0.29844	0.2235
876	0.22616416555404664	0.2972000000190735	0.22311000000953674
877	0.22799685726165772	0.29841000002861023	0.2217100000143051
878	0.22675183698654175	0.29843	0.22288999999523162
879	0.22736688599586488	0.29949000000953674	0.22369000000953673
880	0.22645601035118104	0.29846000000953676	0.22299
881	0.22503527937889098	0.29854000000953673	0.22372000000476838
882	0.22565160004138946	0.29851000001907346	0.22319000000953673
883	0.22482198026657105	0.29873999999046325	0.22423000001430513
884	0.22257274144172667	0.29737000000953673	0.2238500000143051
885	0.22517750517845153	0.29916	0.22352000000953676
886	0.2246092135334015	0.2986400000190735	0.22359
887	0.2232355135202408	0.29916	0.22428000000476836
888	0.22216759454727172	0.2979800000095367	0.22401999999523162
889	0.22332698355674743	0.29964999999046327	0.22426
890	0.22206720875263214	0.29929999999046325	0.22459000000953674
891	0.22151097448349	0.29895999999046324	0.22512999999046326
892	0.22306836762428284	0.29981000002861025	0.2243
893	0.2212324792766571	0.29894999999523164	0.2233800000143051
894	0.2204218333053589	0.29919000000476836	0.22496000000953675
895	0.22070923557281494	0.29884	0.22366999999523163
896	0.21989085117340088	0.29931000002861025	0.22485999999046324
897	0.21842065820217132	0.2981400000095367	0.22522999999046325
898	0.21921931154727936	0.29889999999046324	0.22538999999523163
899	0.21977707284927367	0.30074999999046326	0.22649
900	0.21946441274642944	0.30021000000953674	0.22674999999523163
901	0.21821108694553376	0.29910999999523163	0.22543000000953675
902	0.21791534988403322	0.29942	0.22527000000953673
903	0.21864403956890105	0.30018000000953676	0.22599000000953676
904	0.2178559117460251	0.29913	0.22462000001430513
905	0.21710692675113677	0.299	0.22497000000476838
906	0.2176934758090973	0.30031	0.22644000001430512
907	0.21588683448314666	0.30007	0.22739
908	0.21633472197532655	0.2992199999904633	0.22623
909	0.21699310875892638	0.29990000001907346	0.22575000000476836
910	0.21619158856868745	0.30058000002861024	0.22695000001430513
911	0.2149685146522522	0.29927999999046323	0.22614000000476836
912	0.2138383467578888	0.2991400000190735	0.22661000002861023
913	0.21448978112220765	0.29981999999046327	0.22642000000476836
914	0.21338125507354735	0.29894	0.22583000000476838
915	0.21399887149810792	0.29907000000953676	0.22651
916	0.2127457292366028	0.2996600000190735	0.22737
917	0.21208490824699402	0.29896000000953676	0.22644000000476838
918	0.21379095222473143	0.30018999999046325	0.22711000000953674
919	0.21195325253486633	0.2990500000286102	0.22570000001430512
920	0.21247241342544557	0.2999200000095367	0.22648000000953675
921	0.2127136726284027	0.3001000000286102	0.22675000001430512
922	0.21168485578536989	0.30021000000953674	0.22792000001430512
923	0.21196178244113922	0.30057000000953676	0.22705
924	0.20983243109226227	0.2986400000190735	0.2267500000190735
925	0.2099310006904602	0.29927000000953674	0.22750999999046326
926	0.2106306899166107	0.2994700000095367	0.22663000000476838
927	0.21126200681686402	0.30039000000953675	0.22705000000476838
928	0.21061542625427246	0.30055	0.22717
929	0.2096210815525055	0.30005000000953674	0.22727000000476838
930	0.21011682445049285	0.30078	0.2272600000143051
931	0.21172485686302184	0.30105999999046323	0.22747000000476836
932	0.20923519062042237	0.3000300000095367	0.22715000002861022
933	0.2099008788585663	0.30142999999046327	0.22816000000953673
934	0.20836758281230927	0.30070000002861025	0.22873999999046327
935	0.20825506010055542	0.3002500000190735	0.22825000000953674
936	0.21020177221298217	0.30116999999046323	0.22774
937	0.2074662843132019	0.2992600000190735	0.22687999999523162
938	0.2084904648399353	0.30168000001907347	0.22872000000476836
939	0.206904543967247	0.30042	0.22922000002861023
940	0.20679435724258421	0.30003000002861024	0.2270400000143051
941	0.2052612702703476	0.30042000002861025	0.22933
942	0.20584939729213714	0.30028000000953675	0.22859999999523162
943	0.20682782787799836	0.30036	0.22873000000476837
944	0.20577410319805145	0.30073000000953676	0.22947
945	0.20480331882476807	0.3003299999904633	0.22873
946	0.2050423057746887	0.3006500000190735	0.22859999999523162
947	0.2062323047065735	0.3016600000190735	0.22971999999046325
948	0.20477037428855896	0.3009200000190735	0.22892000000953674
949	0.20321944962501526	0.2999800000190735	0.22909000000953675
950	0.20395183800697328	0.30012	0.22937999999046327
951	0.20467522220134735	0.3009200000190735	0.22886
952	0.2050888420200348	0.30100999999046324	0.22822000000476836
953	0.2038980776977539	0.3009	0.22877
954	0.20319823309898377	0.30024	0.22885999999523163
955	0.20351392513751984	0.3008600000190735	0.22875000001430512
956	0.20266750980377196	0.3004200000190735	0.22928000000476836
957	0.20266413315296172	0.3007500000190735	0.22881000000476837
958	0.20207803315639497	0.30060000000953674	0.22887999999046327
959	0.2028321703529358	0.30112000000476835	0.22954999999523162
960	0.20169131350517272	0.3002300000286102	0.22912000000953675
961	0.20126368170261383	0.29976000000953673	0.22905000002861023
962	0.20241551526546478	0.30167000000953675	0.23053000001430513
963	0.2001133316040039	0.29993000000953673	0.22932000000476838
964	0.2022308871126175	0.30086000002861024	0.2289300000190735
965	0.20056606011867523	0.3005999999904633	0.22957000000953676
966	0.20074663974285126	0.30061000000953675	0.22896000002861022
967	0.20028272871017455	0.30094	0.22921
968	0.19928810417175294	0.3001600000190735	0.22938000000953673
969	0.19869934401512146	0.29986999999046327	0.22925000000476836
970	0.19995431730270385	0.3004400000190735	0.22914999999523164
971	0.1997821517562866	0.3009100000190735	0.22928999999523164
972	0.19964239624977112	0.30122000000953675	0.22936000001907347
973	0.1981783173751831	0.3002000000190735	0.22881000000953675
974	0.1969416343164444	0.29975999999046327	0.23038
975	0.19833514579296113	0.30058000002861024	0.22951000000953675
976	0.19801259353637696	0.30000999999046324	0.22911999999523164
977	0.19855393968582152	0.30119999999046326	0.23033
978	0.19924997804641723	0.30114	0.23023000000953675
979	0.19830918169021605	0.30125000002861024	0.2296
980	0.20086345578670503	0.3029400000286102	0.22990000002861022
981	0.19632866053581238	0.2996000000190735	0.22980999999046325
982	0.19909452641010283	0.30128	0.22848000000953675
983	0.1959544345664978	0.2995900000190735	0.23041000000476838
984	0.19912846407413481	0.3019399999904633	0.23022000000953674
985	0.19737469052314757	0.30042	0.23011000000476836
986	0.19936279356956482	0.3016300000190735	0.22946000000476838
987	0.19800787589073182	0.30001999999046325	0.22869999999523163
988	0.19847742657661438	0.30079000000953676	0.22945000000953675
989	0.19768178334712982	0.3004899999904633	0.22961000000953674
990	0.19756773591518403	0.30014	0.22854999999523162
991	0.19908324595451354	0.3018600000190735	0.22962999999523162
992	0.19797390434265136	0.30050000000953675	0.2293200000143051
993	0.1982640915632248	0.30109000000953673	0.2295100000143051
994	0.1972370669555664	0.3007100000286102	0.22966999999523163
995	0.19748130977153777	0.30093000002861026	0.23088000000476838
996	0.1960480481004715	0.30016000000953674	0.22975
997	0.19742073884010314	0.30022000000953675	0.22947000000953674
998	0.19867249904155732	0.3018200000190735	0.23026000000476837
999	0.19723266421318053	0.3008100000095367	0.23011000000953674
