epoch	loss	acc	certified
0	5.3203860121154785	0.00598	0.00598
1	5.199396248321533	0.013710000001192093	0.013710000001192093
2	5.029964194793701	0.024210000002384185	0.024210000002384185
3	4.879542133026123	0.03546	0.03546
4	4.751511036987305	0.048080000003576276	0.048080000003576276
5	4.642495653076172	0.06043000000119209	0.06043000000119209
6	4.563604196624756	0.06995000000238419	0.06995000000238419
7	4.503094410247803	0.07725000000238419	0.07725000000238419
8	4.441192228546143	0.08545000000476838	0.08545000000476838
9	4.374892152404785	0.09545000001430512	0.09545000001430512
10	4.315857059631347	0.10342	0.10341
11	4.266222840881348	0.11145000000715256	0.11145000000715256
12	4.217731781311035	0.11877	0.11877
13	4.178016801452637	0.12379	0.12379
14	4.1390079310607915	0.13105000000953673	0.13105000000953673
15	4.106915835723877	0.13626999999761583	0.13626999999761583
16	4.076545097351074	0.14156000000476837	0.14156000000476837
17	4.039064728088379	0.14638000000953674	0.14638000000953674
18	4.013409228363037	0.15199000001430513	0.1519700000143051
19	3.98564516708374	0.15608000000953676	0.15607000000953675
20	3.966807889404297	0.15905	0.15904
21	3.9389906633758547	0.16380000000476838	0.16380000000476838
22	3.914011880645752	0.16877000000476838	0.16876000000476837
23	3.8928285203552244	0.1709000000143051	0.17089000001430513
24	3.8715064486694337	0.17540000000476838	0.17540000000476838
25	3.8544686245727537	0.17906000000953673	0.17902000000953674
26	3.8345575841522215	0.18127000000476837	0.18124000000476836
27	3.8180108479309083	0.18397000000476837	0.18394000000476837
28	3.805937115097046	0.18676000001430512	0.18671000001430513
29	3.7903385387420654	0.18895000001430512	0.1888800000143051
30	3.7732005647277833	0.19289	0.19279
31	3.7644076790618897	0.19315	0.19303
32	3.7519517553710937	0.1964400000190735	0.1963600000190735
33	3.7393592081451414	0.19830999999523163	0.19823999999523162
34	3.7206788191986084	0.20205000000476836	0.20193000000476838
35	3.7111755871582033	0.20279999999523163	0.20267999999523162
36	3.701179203567505	0.20625000000476837	0.20610000000476836
37	3.6942860308837893	0.20581	0.2057
38	3.681733341064453	0.20966000000476837	0.20956000000476838
39	3.669629652252197	0.2105600000143051	0.21035000001430512
40	3.6571451934814454	0.21264000000476838	0.21237000000476838
41	3.6509892027282715	0.21456999999523163	0.21427999999523162
42	3.638331402206421	0.21707999999523162	0.21677999999523162
43	3.6313160877990724	0.21862000000476836	0.21825000000476838
44	3.6264749443817137	0.21936	0.219
45	3.622297929458618	0.22048000000953674	0.21991000000953675
46	3.6129629299163817	0.22263	0.22222
47	3.602973679122925	0.22492000000476836	0.22447000000476838
48	3.5910838581848146	0.22545999999523164	0.22492999999523164
49	3.5883715769958497	0.22588000000953673	0.22521000000953675
50	3.577238182067871	0.22858	0.22790000000953675
51	3.5756300423431395	0.2268500000143051	0.2261
52	3.5640231860351563	0.22992000000476837	0.22892000001430513
53	3.557361426086426	0.23196	0.23092
54	3.5542617436218262	0.23264	0.2317
55	3.547786918716431	0.23467000000476837	0.23349000000476838
56	3.5391557877349853	0.23429000002861022	0.23326000002861022
57	3.5308068963623045	0.23833000000476837	0.23723000000476838
58	3.528830676803589	0.23840000000953673	0.23713999999523164
59	3.5217004636383056	0.23928999999046327	0.23784999999046325
60	3.5167325214385987	0.24131999999523163	0.23973999999523163
61	3.5120289414978028	0.24167999999523163	0.23995999999523163
62	3.5058587042236327	0.24125	0.23947
63	3.4982527743530274	0.24586	0.24411
64	3.4947944918060303	0.24447	0.24231000000953673
65	3.4874282346343994	0.24475000000476838	0.24285000000476836
66	3.4855612660217283	0.24623999999046325	0.24367
67	3.481725008087158	0.24613000000953675	0.24383000000953675
68	3.4741407419586183	0.24796000002861024	0.24529000002861023
69	3.4698695317840578	0.24895	0.24619
70	3.4691671544647216	0.24992000000953674	0.24675000000953673
71	3.460609155654907	0.25121000000953675	0.24791000000953675
72	3.455837047958374	0.25264000002861026	0.24917000002861023
73	3.452260485839844	0.2534500000143051	0.24998
74	3.444582490081787	0.2553200000047684	0.2518300000143051
75	3.4493642179107664	0.2546999999904633	0.25089999999046325
76	3.440283711013794	0.2537900000095367	0.24994000000953676
77	3.437234184188843	0.2554800000047684	0.2509200000143051
78	3.434710547866821	0.25775	0.25322
79	3.4335584007263185	0.25742	0.25241000000953673
80	3.42630310295105	0.25685000001430514	0.25185000001430513
81	3.421929390029907	0.25911000002861023	0.2535400000286102
82	3.4170427795410157	0.25981000000953675	0.25343000000953675
83	3.4102259197235107	0.2612799999952316	0.2554300000047684
84	3.409944176940918	0.26207	0.25562
85	3.4057441315460206	0.26268000000953673	0.25613000000953673
86	3.409833326034546	0.26207000000953673	0.2548400000095367
87	3.4013353924560548	0.2659800000143051	0.2581500000143051
88	3.3945278102111818	0.26527000000953677	0.25713000001430514
89	3.3928171455383302	0.2657499999904633	0.25768
90	3.387690875854492	0.2668400000095367	0.25855000001907347
91	3.3863419355773927	0.26599999999046325	0.25712
92	3.386429576950073	0.26800000000476837	0.25833000000476836
93	3.3847349056243896	0.2685800000143051	0.25863000000953673
94	3.376905689315796	0.26796000000953674	0.25744000001907347
95	3.3763704347991945	0.26814999999046324	0.25716000000953676
96	3.3763283276367186	0.27037	0.25914999999523164
97	3.3710181085968016	0.26881999999523165	0.2567200000143051
98	3.3706083834838867	0.26892999999523165	0.2570000000143051
99	3.360323625946045	0.27126	0.2588000000047684
100	3.351488643035889	0.27177000000476836	0.25876
101	3.3360037969970704	0.27291000000953675	0.2584500000095367
102	3.314319875640869	0.27567000000953673	0.26042
103	3.2962142485046386	0.2745600000190735	0.25900000000953677
104	3.2765062901306155	0.27555	0.25872
105	3.2566377438354492	0.27526000000476836	0.2577700000143051
106	3.2374754303741455	0.27697000000953675	0.2597299999952316
107	3.2195589097595216	0.27700000000953673	0.25798000000953675
108	3.2008753791809084	0.27921999999046326	0.2590700000095367
109	3.18304244140625	0.2783200000190735	0.25829999999046327
110	3.162716213684082	0.27705999999046327	0.2562500000047684
111	3.148673930969238	0.2794400000190735	0.25656000002861024
112	3.125795576248169	0.28014000001907347	0.25750000001907347
113	3.111368844909668	0.2804299999952316	0.25614000000953674
114	3.089100121231079	0.2827300000286102	0.25693
115	3.070047109298706	0.2840700000286102	0.25771
116	3.058263791732788	0.28333000002861025	0.2558200000286102
117	3.0390085552215576	0.28441000001907346	0.25675
118	3.016205123825073	0.2850600000286102	0.25666999999046325
119	3.0051475748443606	0.2856100000190735	0.2558599999952316
120	2.992171991195679	0.28553	0.25408
121	2.9731709509277344	0.2871300000286102	0.2553700000286102
122	2.9582851237487793	0.2870700000286102	0.25393
123	2.9410408130645753	0.2868799999952316	0.25255999999523165
124	2.9233048680877687	0.28733000002861026	0.25226000000953674
125	2.9080272480773925	0.2891500000095367	0.25207000001430513
126	2.8928212437438963	0.28819000000476835	0.25161
127	2.870074314651489	0.29011999999523164	0.25236999999523163
128	2.8620915380859375	0.28843000002861024	0.25016000000953675
129	2.85119408454895	0.2914200000095367	0.24895
130	2.830600948638916	0.29165000001430513	0.24857000001430513
131	2.8163090270233155	0.2939300000190735	0.24874999999523162
132	2.7995964693450928	0.29431000000476837	0.24843000001430512
133	2.785614291305542	0.29236000000953677	0.24652999999046327
134	2.770585764541626	0.29510000000953673	0.24645
135	2.755742592315674	0.29252	0.24318000001430512
136	2.7384376808166504	0.2937600000190735	0.24439000002861022
137	2.7226084576416016	0.29429	0.24303999999523163
138	2.7104245134735105	0.29612999999046324	0.24346000001907347
139	2.700077893371582	0.29734000000953675	0.24315999999523163
140	2.6867818951416016	0.29578000000953675	0.24022999999046327
141	2.674683526535034	0.29730000000953677	0.23929000000953674
142	2.65591272064209	0.29755999999046323	0.23943000000953674
143	2.6445707909393312	0.29918	0.23937000000953673
144	2.633403479614258	0.2989200000190735	0.2372400000190735
145	2.6165224283599855	0.29828000000953675	0.23571
146	2.6080986190032958	0.2988800000286102	0.23483000001907348
147	2.591304306640625	0.30033	0.23425999999523162
148	2.5773550947570802	0.2993600000095367	0.2317100000143051
149	2.565452382507324	0.3009500000286102	0.23237
150	2.5527945611572265	0.3009100000190735	0.2323
151	2.5425972453308106	0.30215000000953673	0.2307600000143051
152	2.531121268157959	0.3010200000190735	0.22853000000476836
153	2.514100118255615	0.30306999999046325	0.22807
154	2.5052168912506105	0.30276000000953673	0.22725000000953674
155	2.4892748119354247	0.30278	0.22618000000476837
156	2.4819929122924806	0.30471	0.2265700000143051
157	2.4656209648895264	0.3038	0.22321000000953675
158	2.458504900512695	0.30244	0.22352
159	2.4451773266601564	0.30406	0.22187000000476836
160	2.4334101699829103	0.3057100000286102	0.22187000000953674
161	2.422154887161255	0.3054100000190735	0.21996999999523162
162	2.412726372833252	0.3057	0.21910000000953675
163	2.4022411569213866	0.3070600000286102	0.21881000000476838
164	2.3886591567230226	0.3055800000190735	0.21687000000476836
165	2.3744221784973143	0.30834000000953676	0.21633999999523162
166	2.368609513168335	0.3069300000047684	0.21604000000953674
167	2.357179553222656	0.3066100000286102	0.2126100000143051
168	2.3468590222930907	0.30717000000953676	0.21174999999523164
169	2.3320167973327637	0.3069900000286102	0.21251
170	2.3241931102752686	0.30801000000953677	0.21085000001430512
171	2.3152568799591062	0.30690000000953677	0.20915999999523163
172	2.3055209257507325	0.30840000002861023	0.2088400000143051
173	2.293932049484253	0.30857000002861024	0.20627
174	2.284511962814331	0.30984000002861023	0.2058900000143051
175	2.2761944805908203	0.3099899999904633	0.2042
176	2.2628657697296144	0.3087500000190735	0.20502000000953674
177	2.255475894775391	0.31062000001907347	0.20298999999046324
178	2.24643085647583	0.3091500000190735	0.20106000000476837
179	2.236710828857422	0.31135999999046327	0.20148
180	2.229029834289551	0.31092000002861025	0.19818999999523162
181	2.218412734832764	0.31133	0.19806999999523162
182	2.208565128173828	0.30975000000953673	0.19758000000476836
183	2.1995307781219484	0.31066999999523165	0.19613
184	2.1915298487854002	0.31112	0.19371
185	2.1839374803924563	0.3118699999904633	0.1941
186	2.1678223138427732	0.31168000002861024	0.19367
187	2.1631046237945557	0.31197	0.19164000000953674
188	2.158053938369751	0.3110700000190735	0.18989999999523163
189	2.1482875823974608	0.31168999999046326	0.18812000001430512
190	2.1355858752441406	0.31203	0.18927
191	2.128883566970825	0.3115800000190735	0.18620000000476838
192	2.1191629355621338	0.312	0.18628
193	2.110541446914673	0.31259	0.18609
194	2.1035771879577636	0.3119300000286102	0.18394
195	2.09459888381958	0.31293000000953675	0.18243000000953674
196	2.087312725906372	0.3104799999904633	0.1811599999976158
197	2.0784767266845705	0.3132000000190735	0.18106000000476838
198	2.0716277784729002	0.31296000002861024	0.17866
199	2.05871492149353	0.31289999999046325	0.18000000000476837
200	2.0536662839508057	0.3135500000286102	0.17907000000953674
201	2.046108908996582	0.31118999999046326	0.17666
202	2.041202077484131	0.31285000002861024	0.17543
203	2.029246262054443	0.3114400000286102	0.17362000000476838
204	2.0229696167755127	0.31157	0.17362000000476838
205	2.015157846107483	0.31284000000953677	0.17236000001430513
206	2.0067403884887693	0.31225	0.17199000000953674
207	1.9983234451675416	0.31057	0.16968
208	1.9904395630645753	0.3122599999904633	0.17048
209	1.9834420621871949	0.31138	0.17044000001430512
210	1.9755362775039673	0.31163999999046327	0.1673700000143051
211	1.967587739868164	0.3107600000286102	0.16659000001430513
212	1.9597919038009644	0.31119999999046327	0.16689000000953674
213	1.9547616542053223	0.3115400000190735	0.16579
214	1.9455529753875733	0.31204999999046323	0.16534000000476837
215	1.9371582936096192	0.31177999999046324	0.16537
216	1.9293727424621583	0.31342000000953674	0.16499999999523163
217	1.9244281471252442	0.3124300000190735	0.16408000001430512
218	1.9144721669006348	0.31083999999046324	0.16212000000476837
219	1.9064531925582886	0.31296000002861024	0.16259000000953674
220	1.898713275527954	0.31083000000953676	0.16268000000476837
221	1.889817500076294	0.3104400000286102	0.16235000000476837
222	1.883413641242981	0.3112700000286102	0.16009000001430512
223	1.8773448807907105	0.31249	0.15972000000953673
224	1.87150581199646	0.3114300000190735	0.15958999999523163
225	1.8652858010864257	0.31054999999046323	0.15834
226	1.857632501525879	0.3115	0.1584100000143051
227	1.8495417278671265	0.31205	0.15866000000476838
228	1.8434927112579347	0.31126999999046323	0.15598000000476836
229	1.8331096406555176	0.3098900000286102	0.15587999999761581
230	1.8292681838989258	0.30957	0.1552899999976158
231	1.8233828247833253	0.3108600000190735	0.15576999999523164
232	1.8116594904708863	0.3084099999952316	0.1542099999976158
233	1.8081903775787354	0.30852	0.15235999999523162
234	1.798620564994812	0.31085	0.1547400000143051
235	1.7944168866729737	0.31049	0.15182
236	1.7863457949829102	0.30938	0.15223000000715256
237	1.7800007193374634	0.31064	0.1522800000143051
238	1.7710570936584473	0.30874999999046326	0.15161999999523162
239	1.7673972717666626	0.3105500000190735	0.15034000000715256
240	1.7564258254241942	0.30825000000953673	0.15012000001430512
241	1.751274059638977	0.30828	0.14921999999523164
242	1.7465083110046387	0.30957000000476836	0.1492899999976158
243	1.737167632522583	0.30984000000953676	0.15095000000476838
244	1.7305729575347901	0.30834999999046325	0.1498400000143051
245	1.72475002784729	0.30733000000953675	0.1479899999976158
246	1.7180290323257446	0.3078000000095367	0.14736000000476837
247	1.7112230120086669	0.30939000000953676	0.1486499999976158
248	1.7028606240844726	0.30846	0.14790000001430512
249	1.6957139002990722	0.30703000000953673	0.14624999999761581
250	1.689200404663086	0.30687000000953674	0.1468400000143051
251	1.6831118495559692	0.30544	0.14680000001430513
252	1.6780163053512573	0.3071000000190735	0.1460799999976158
253	1.6726084375	0.3066500000190735	0.14504000000953673
254	1.6641717210006715	0.30684999999046325	0.14532
255	1.6615162897872924	0.30759	0.14444000001430513
256	1.6538828289794922	0.3087700000190735	0.1451099999976158
257	1.6423177295303344	0.30523	0.14562
258	1.6407374197769165	0.3068300000286102	0.14413999999523164
259	1.6321329070281982	0.3069100000190735	0.14497000000476837
260	1.6263998294067383	0.30807000000953677	0.14402000001430512
261	1.6198446940612794	0.30546000000953677	0.14365000000715256
262	1.613801071281433	0.30462999999046325	0.14217
263	1.6054291138458252	0.30445999999046325	0.14310000001430512
264	1.6004392684555053	0.30335000002861023	0.14181999999523162
265	1.5946342782592773	0.3035399999952316	0.14241000000238418
266	1.5871237558746338	0.30348000000953673	0.14261000000476837
267	1.5834277649307251	0.30345000000953676	0.14146000000953673
268	1.5773798239517212	0.30496	0.14212999999523163
269	1.5668460723114013	0.30407	0.14281
270	1.567294786529541	0.3052100000143051	0.14137000000476838
271	1.5606284326171875	0.30462000001907347	0.14131999999523162
272	1.5497343907928467	0.30320000000953673	0.14230999999523164
273	1.5462389649200439	0.3033799999904633	0.14064999999523162
274	1.5431462173461914	0.30385999999046326	0.1402900000143051
275	1.5355608042144775	0.3041100000190735	0.1400600000143051
276	1.5297492766571046	0.3046100000286102	0.14093
277	1.5224050852584838	0.3028100000190735	0.14111000000476837
278	1.516591619873047	0.30335000002861023	0.13969
279	1.5107931049728394	0.30273	0.1408299999976158
280	1.503672855682373	0.30111000000953675	0.13993999999523163
281	1.4998334020996094	0.30188	0.13962000000715255
282	1.4923124238586425	0.3020499999904633	0.13888000000476838
283	1.4869966862106323	0.3012200000286102	0.13850999999761582
284	1.482247350616455	0.3015	0.13893000000715255
285	1.4728281526565552	0.30076	0.13824000001430511
286	1.4689338246154786	0.3001200000286102	0.1392000000023842
287	1.4649686494445802	0.30049	0.13842
288	1.457898209838867	0.30029	0.13886000001430512
289	1.4527354251098632	0.30135000001907347	0.13878000000476837
290	1.446594299812317	0.29901	0.13822
291	1.440817077331543	0.3001100000286102	0.13767000000953675
292	1.434148360900879	0.30036000002861024	0.13852
293	1.4304603063201904	0.30013000002861023	0.13825000001430512
294	1.4242240253448486	0.29992999999046327	0.13858000001430512
295	1.418827437171936	0.29943000002861025	0.13937
296	1.412455253982544	0.29881999999046327	0.13751000000476837
297	1.4073183893966674	0.29944999999523164	0.13924000000476838
298	1.4021001929473877	0.29779	0.1372999999976158
299	1.3942714825439453	0.29730000000476836	0.1380700000143051
300	1.3897967356872558	0.29667	0.13637999999523162
301	1.3843970780944823	0.29635999999046325	0.13626999999523162
302	1.3766388856887817	0.2962100000190735	0.13843000000715255
303	1.3740530673980713	0.29734999999046324	0.13777000000476838
304	1.36911705783844	0.29722	0.13797000000476836
305	1.3638906550979615	0.29730000002861023	0.1381000000143051
306	1.3595703475952148	0.29658000002861024	0.13558000000476836
307	1.352811552658081	0.2953400000190735	0.13582000000238417
308	1.3491522455215454	0.29585000001907347	0.13591000001430512
309	1.3450790956497192	0.2958800000190735	0.13555000001430512
310	1.3349897718811035	0.2935600000190735	0.13675000000715257
311	1.3310391149139404	0.29581	0.13761999999761582
312	1.3279316762542726	0.29634	0.13647000000715256
313	1.3226460148620605	0.29651000001907346	0.13745999999761582
314	1.3154500873565673	0.29481000002861024	0.13700999999523164
315	1.3082381482696532	0.29439000000953675	0.13678999999761582
316	1.3069857959365845	0.29546000000953676	0.13627000001430511
317	1.301455604095459	0.29524000000953676	0.1373400000143051
318	1.2957922486495972	0.29468000001907346	0.13617000001430513
319	1.2880833790969848	0.2925600000286102	0.13706999999761582
320	1.2853890207672118	0.29346999999046325	0.13602
321	1.283018801651001	0.29419000002861023	0.13506999999523162
322	1.272107031211853	0.2923899999904633	0.13649000000953673
323	1.2692280908966065	0.29192000002861024	0.13622000000953674
324	1.2652218302536011	0.2935599999904633	0.13799000000715256
325	1.2583609540176393	0.29269000001907347	0.13719000000476836
326	1.2541097008132935	0.29077	0.13722000000476836
327	1.2481213076019286	0.28953000000953677	0.1363099999976158
328	1.245579036102295	0.29139000000953674	0.1358200000143051
329	1.237555362739563	0.2907300000190735	0.13744000000715256
330	1.233873456878662	0.2902400000286102	0.1363299999976158
331	1.2304564842224122	0.29186999999046326	0.13731000000953675
332	1.227945922164917	0.2929400000190735	0.13688000000953673
333	1.2173126048278808	0.28868999999046324	0.13683000000953674
334	1.216863236541748	0.2919500000286102	0.13717000000953675
335	1.211452954750061	0.29167999999046323	0.13721000000476838
336	1.2051108026123047	0.28980000000953676	0.13679000000715255
337	1.1992307651138305	0.2893100000190735	0.13791
338	1.196210451774597	0.28975000002861023	0.13620999999523162
339	1.1902178562927246	0.2884900000047684	0.1360900000143051
340	1.185648115081787	0.2895000000286102	0.13773999999523162
341	1.1833555280303956	0.2893900000286102	0.13608000000238418
342	1.1732223405456543	0.2879800000190735	0.13842000001430513
343	1.1720829202270509	0.28874999999046325	0.13712
344	1.1664692404556274	0.28764000000953677	0.13733999999523164
345	1.1634269370651245	0.28946000000953676	0.13621000000476838
346	1.1579529584884642	0.28727	0.1363299999976158
347	1.1529261804580688	0.28752000000953676	0.1365700000143051
348	1.1510476195907593	0.28813999999046325	0.13636000001430512
349	1.143722338218689	0.2868200000190735	0.1366099999976158
350	1.138331338043213	0.28601000000953675	0.13652000000953673
351	1.1354335861206055	0.28747000002861023	0.13799000000953673
352	1.1311287250518798	0.2882300000190735	0.13731999999761582
353	1.126313533782959	0.28598999999046326	0.1359600000143051
354	1.121835980567932	0.28586	0.13691
355	1.1180409412384034	0.28682000002861024	0.1379200000023842
356	1.1116641035079957	0.28662	0.13861000001430512
357	1.107732925453186	0.2855400000095367	0.13716000000238418
358	1.1040220714187623	0.2854800000095367	0.13763
359	1.0995595867156982	0.2861	0.13812999999523162
360	1.0952674303436278	0.28523	0.1383599999976158
361	1.0901800281906129	0.28694	0.13964000000715257
362	1.0864212925338745	0.28426999999046326	0.13669999999523164
363	1.0803980047225952	0.28413	0.13833000000715256
364	1.0805834407806396	0.28534	0.1370900000143051
365	1.0727866257095338	0.2837899999904633	0.13777000001430512
366	1.068806496925354	0.2833500000190735	0.13788999999523163
367	1.0644076500320434	0.28383	0.13795000000476837
368	1.0611875560760498	0.28309	0.13750000000476836
369	1.0570165731048584	0.2846900000143051	0.13852000000715256
370	1.054834241065979	0.28424000000476835	0.13836
371	1.0484686852645875	0.28271000002861024	0.13748000000715255
372	1.044039557685852	0.28309999999046326	0.13782999999523163
373	1.0388093519210815	0.2827400000286102	0.139
374	1.0365916633987426	0.2842900000286102	0.1388500000143051
375	1.0305960085868835	0.2831600000095367	0.13922000001430512
376	1.0274132876968385	0.2829100000286102	0.13872000000476836
377	1.0246055866241455	0.28345999999046323	0.13881000000476837
378	1.01939015335083	0.28241999999046324	0.13875999999523164
379	1.0150420783233642	0.2817299999904633	0.13871999999523163
380	1.0098549506378174	0.28099999999046327	0.13889000000476837
381	1.008726672554016	0.28302999999046324	0.13846999999523163
382	1.0021070427131653	0.2811000000190735	0.13871000000476838
383	0.9974240583801269	0.28052000000953675	0.1393900000023842
384	0.9964217210769654	0.28178	0.13783999999761581
385	0.9926585711669922	0.2828800000190735	0.14061000001430513
386	0.9865710105133056	0.28031	0.13820999999523162
387	0.984731072063446	0.2818400000286102	0.13964
388	0.9802691418075562	0.2812200000190735	0.13916000000953674
389	0.9752998611068726	0.27993000002861024	0.13974
390	0.9712357520484924	0.2798500000190735	0.13964000000476837
391	0.9689822511672974	0.28145	0.13950999999761582
392	0.9643070292663575	0.2807400000190735	0.13989000000953675
393	0.9624892663955689	0.28158000000953676	0.14047999999523164
394	0.9564218869018555	0.2802200000190735	0.13993000000953673
395	0.9521584205245972	0.2796600000190735	0.1403700000143051
396	0.9503823209762573	0.2799000000190735	0.1403
397	0.9448904585647583	0.28005999999046327	0.14133000000476836
398	0.9412390077590942	0.2793300000190735	0.14152
399	0.9362794799423217	0.27892	0.1407499999976158
400	0.9337554125213623	0.27720999999046325	0.13900000001430513
401	0.9309393590164184	0.27963999999046324	0.14096000000476838
402	0.9269515819549561	0.27919	0.14056000000953675
403	0.9250803961181641	0.27880999999523165	0.14052
404	0.9191478983688355	0.27754000000476836	0.13992
405	0.9183219161224365	0.27951999999046323	0.13959999999523162
406	0.9111399916458129	0.2776400000286102	0.14107
407	0.909415938167572	0.27854000000953677	0.14120000000715255
408	0.9062455448150635	0.2781600000095367	0.14130000000476836
409	0.9025365993881226	0.27824	0.14077999999523164
410	0.8998046563720703	0.2792900000143051	0.1412000000023842
411	0.8965562726020813	0.27988000002861024	0.14143000000953673
412	0.8905753371429443	0.27722999999046327	0.14060999999523163
413	0.8876896911048889	0.27795000002861026	0.1415
414	0.8851946341323853	0.2770699999904633	0.14030000000476836
415	0.8812953014373779	0.27743000002861024	0.14102000001430512
416	0.8779202756881714	0.27706000000953673	0.14151000000953673
417	0.8755922994232178	0.2771400000286102	0.14125999999761582
418	0.8728150812911988	0.2773900000190735	0.14106000000476837
419	0.8686957882690429	0.27778000002861025	0.14222999999523162
420	0.8650364111900329	0.2779599999904633	0.14110000000953674
421	0.8623718132019043	0.27636	0.13988000000238418
422	0.8569610116195678	0.2761600000190735	0.14124999999523163
423	0.8550522867584228	0.2755200000047684	0.14051000000476838
424	0.852096549282074	0.27659	0.1416500000143051
425	0.8490274077224731	0.2766900000286102	0.1419700000023842
426	0.845388205909729	0.2762899999904633	0.1419200000143051
427	0.8421097222328187	0.2760099999904633	0.14158000000476836
428	0.8380305041885376	0.2749900000095367	0.14163000000715256
429	0.8345241731643677	0.27625000000953676	0.14224000000953674
430	0.830001856842041	0.27512999999523163	0.14349000001430512
431	0.8291722540092469	0.27632000002861024	0.1422699999976158
432	0.8280050639152526	0.27694000002861024	0.14147999999761582
433	0.8223986264801025	0.27643000000953677	0.14378
434	0.8180278183364869	0.27462	0.14243000000238418
435	0.818358830909729	0.2768500000190735	0.1422300000143051
436	0.8141813899230957	0.27495000000953673	0.1417800000143051
437	0.8101503640556336	0.27527	0.14267000000953675
438	0.8072041670417786	0.27476000001907347	0.1422800000143051
439	0.8045531160736084	0.27412000002861026	0.14185
440	0.8019020280647278	0.27387	0.14118
441	0.7972589528656006	0.2743000000286102	0.14340000000953673
442	0.7982655556869507	0.2758200000190735	0.14139
443	0.792891577835083	0.27431999999523166	0.14250000000476837
444	0.7869965183639527	0.2733800000190735	0.14307999999523163
445	0.7865606345367432	0.2741200000190735	0.14265000000953673
446	0.7828261669158936	0.27276000001907347	0.14200000000476837
447	0.7798114030838013	0.27392999999046325	0.14294000001430512
448	0.7786377101898193	0.2752100000190735	0.14391000000476836
449	0.7741132759094238	0.27394	0.14330000000476836
450	0.7702099530601502	0.2736799999952316	0.14396000000715256
451	0.7696427387619018	0.2739200000286102	0.14337000000953673
452	0.7651398697280883	0.27354	0.14403000000715255
453	0.7647293403816223	0.2742399999904633	0.14246000001430512
454	0.7586825403594971	0.2728800000095367	0.1442099999976158
455	0.7583014345741272	0.2740700000047684	0.1433300000023842
456	0.7565883552742004	0.27434000002861025	0.14340000000953673
457	0.7526084713363648	0.27425	0.1433700000143051
458	0.7497425656318665	0.2729700000286102	0.14224000001430512
459	0.7465447234535217	0.27302999999523164	0.14441
460	0.7454639388275146	0.27439000002861025	0.14338000000476836
461	0.7407749917221069	0.27255000000476837	0.14345999999761583
462	0.7390544676971436	0.27359000001907346	0.14466000001430512
463	0.7355034864997864	0.27294999999046327	0.14348
464	0.7324245605278015	0.27300999999046327	0.14525000000476837
465	0.730235675983429	0.27211999999046327	0.14325000000953675
466	0.727328705997467	0.27220999999523166	0.14379000000238418
467	0.7267566319465637	0.27245	0.14293999999523163
468	0.7213670479774476	0.2717800000095367	0.14396000000715256
469	0.7202298400115967	0.27059	0.14245999999523162
470	0.7166415075683594	0.27128000002861025	0.14368000000476838
471	0.7129418279266357	0.27181999999046325	0.1449599999976158
472	0.7118569603347779	0.2716000000190735	0.14321
473	0.7088902807426453	0.27192000001907346	0.14502000000715257
474	0.7065383961296081	0.27231000000953676	0.1445300000023842
475	0.7028887906455994	0.2707	0.1442500000143051
476	0.7016307373809815	0.27205000002861024	0.1442000000143051
477	0.7001838093948364	0.27196	0.14402000001430512
478	0.6986122168159485	0.2732400000286102	0.14460999999523164
479	0.6946172429466247	0.27174	0.14592999999761583
480	0.6925720290756225	0.27309	0.14508000001430513
481	0.6893301585578918	0.27181999999046325	0.14530999999523161
482	0.6859713005065918	0.27119	0.14528999999761583
483	0.6839743109130859	0.27096	0.14485000001430512
484	0.6821196193695068	0.2726799999904633	0.14602999999523164
485	0.6791887273788452	0.27082999999046325	0.14444000001430513
486	0.6769496502876282	0.27081000000476835	0.14511
487	0.674002098236084	0.27099	0.14517
488	0.6722009350204468	0.27131000000476835	0.14501000000476838
489	0.6700038045120239	0.27090000002861025	0.14518999999523163
490	0.6657519020271301	0.26980000000953674	0.14552000000715257
491	0.6639207893753052	0.26999000000476836	0.14543
492	0.6626587102508545	0.27055999999046326	0.14533000000476837
493	0.6595016635704041	0.27070999999523165	0.1454099999976158
494	0.6568480895233154	0.2702	0.14631000000476838
495	0.6546199931144714	0.2694200000286102	0.14491000000476836
496	0.6537118293380737	0.2701900000286102	0.1456200000143051
497	0.6511623582839966	0.27018000000953674	0.14486000000476837
498	0.6488555249214172	0.26958000000953675	0.14385999999523164
499	0.6454312846374511	0.2694700000047684	0.14552000000715257
500	0.6438064300155639	0.26913	0.14504000001430511
501	0.6411673577308655	0.2700700000190735	0.14588000001430512
502	0.6374230124664306	0.2690900000143051	0.1464699999976158
503	0.6344776802444458	0.26926000000953676	0.14711
504	0.6320915321922302	0.26953000000953675	0.14732000000953674
505	0.6313646959686279	0.2697899999952316	0.14818000000715256
506	0.6282809528732299	0.26921000001907347	0.14773000000476838
507	0.6253511506652832	0.26966999999046326	0.14852000000953675
508	0.6251292949676513	0.27040000000953673	0.14847000000953675
509	0.6203676686096191	0.26957000000953674	0.14965000001430512
510	0.6175547856712341	0.26866000002861024	0.1486900000143051
511	0.614964213066101	0.26952	0.14915000000953674
512	0.6141662712669372	0.26981	0.14891000000953675
513	0.6111871138381958	0.26985999999523164	0.14841000000476837
514	0.6083706445121765	0.26920000001907346	0.1500500000143051
515	0.605569970035553	0.2685700000190735	0.14960000000476836
516	0.6045916703033447	0.26922	0.1493300000143051
517	0.6051473573875428	0.2716300000190735	0.15050000000476838
518	0.6003422038650512	0.26963999999523164	0.15118000001430512
519	0.5974670594215393	0.2700300000286102	0.1509200000143051
520	0.5955583834457397	0.27021999999046326	0.1522800000143051
521	0.59297805185318	0.2690799999904633	0.15107000000715257
522	0.5908733130264282	0.2697699999952316	0.15151000000715256
523	0.5888867946052552	0.27043000001907347	0.15254000001430512
524	0.589062248916626	0.2716400000286102	0.15249999999523162
525	0.585346873550415	0.2701400000190735	0.15214999999523163
526	0.5833539227104187	0.27012	0.15192000000476838
527	0.5804768413162231	0.27026999999046325	0.15287000000953674
528	0.5784406125068664	0.27024999999046323	0.15341999999523162
529	0.5756903607940674	0.2705900000286102	0.15351000000953674
530	0.5714575248908996	0.26959999999046325	0.15465000000476836
531	0.5699660753250122	0.2686400000047684	0.1543
532	0.5699187160491943	0.2707600000286102	0.15482000001430513
533	0.5673938552474975	0.2698600000286102	0.15429000001430512
534	0.5644962150192261	0.2701199999952316	0.15490000000953674
535	0.5626085179519653	0.27030999999046323	0.15549999999523162
536	0.5609221417808533	0.26988999999046326	0.1554
537	0.5576925163459778	0.2699100000190735	0.15593000001430513
538	0.5553100915527344	0.26910000000953677	0.1558200000023842
539	0.5547986459159852	0.27036000000953675	0.15624000000953675
540	0.5526774856948853	0.2707399999904633	0.15631000000953674
541	0.550087479019165	0.2694600000047684	0.15611000000476838
542	0.5492478850936889	0.27046000000953674	0.1563099999976158
543	0.5468015173149109	0.27009999999046325	0.15643000000953675
544	0.5436265703773498	0.27022000002861024	0.15739000000953673
545	0.5428750575637817	0.27055999999046326	0.15742000000953674
546	0.5389433315849305	0.2699200000190735	0.15894000000953673
547	0.5382840762519836	0.27037000000953676	0.15769000000476838
548	0.5349887106323242	0.27073000000953673	0.15979000000953675
549	0.5330925111865997	0.26961000002861024	0.15881000000476836
550	0.5329037160491943	0.2707	0.15889000000476838
551	0.5296670132827759	0.2696300000047684	0.15864000001430512
552	0.5291885126304626	0.27175999999046324	0.15984999999523164
553	0.5286332935142517	0.2716300000190735	0.15937000000953674
554	0.5253943112277984	0.27048000000476835	0.15937
555	0.5218006310653687	0.27049000000953677	0.16098
556	0.5222474378204346	0.27225000000953675	0.1613
557	0.5209383017921447	0.27175	0.16062000001430513
558	0.5191945962905884	0.27283999999046327	0.1616
559	0.5170327449989319	0.2717200000095367	0.16036000001430512
560	0.5140446215248108	0.2706700000095367	0.16119
561	0.5115948265075684	0.27101000000953673	0.16132999999761582
562	0.5080742492485046	0.26971000001907347	0.16211000000476838
563	0.5064694134140014	0.27003000000953675	0.16165000001430513
564	0.5071382984924316	0.27121000000953677	0.16228000001430512
565	0.5034199283027649	0.27116000002861024	0.16330000000476838
566	0.5024562942886353	0.27141	0.16260999999523162
567	0.501598108291626	0.2721100000190735	0.16343999999523162
568	0.500618207321167	0.27058	0.16128000001430512
569	0.49674793647766113	0.27128	0.1636600000143051
570	0.4971731249237061	0.27247999999523165	0.16358000000476838
571	0.4928584169960022	0.27122999999046327	0.16405000000953673
572	0.49245531198501585	0.2722100000143051	0.16394
573	0.48979816692352296	0.2715199999904633	0.16497000000953674
574	0.4895312369823456	0.2718100000286102	0.16414000001430512
575	0.4893745281410217	0.27319000000953675	0.16447000000953674
576	0.4853997777080536	0.2709000000190735	0.16465000000476837
577	0.48459739011764524	0.27254	0.16636000001430512
578	0.4821333432006836	0.27203000001907346	0.16529000000953675
579	0.4797402161312103	0.27115	0.16550000000476836
580	0.4800124585151672	0.27200000002861024	0.16550000000476836
581	0.4777763836765289	0.2718000000190735	0.1655700000143051
582	0.4772065486335754	0.2732500000286102	0.16661000000476836
583	0.47647818338394166	0.2726900000190735	0.16541000000953673
584	0.4736759648990631	0.2733700000143051	0.1668400000143051
585	0.4713631261444092	0.27353000001907346	0.1677400000143051
586	0.47078201298713684	0.27274	0.16722000001430512
587	0.4671411651992798	0.27259000000953676	0.16834000000953675
588	0.4652469674873352	0.27257000000953674	0.16845
589	0.4652013229560852	0.27249000000953677	0.16709000000953675
590	0.4615167283630371	0.2718600000286102	0.16775999999523164
591	0.463637742767334	0.2744400000095367	0.1681500000143051
592	0.4598565210533142	0.27279999999523163	0.16897000001430512
593	0.45770616270065306	0.2722800000095367	0.16883000000476836
594	0.45848312295913696	0.27424	0.16914
595	0.45434642075538634	0.27300000002861025	0.17005000000953674
596	0.4521936005401611	0.27213999999046323	0.16942000001430513
597	0.4547877069473267	0.2741000000143051	0.16880000000953674
598	0.45359341543197634	0.2746900000286102	0.16907000000476838
599	0.4503244878959656	0.27367000000953673	0.16960000000476838
600	0.4505839183330536	0.2743999999904633	0.16906000000476837
601	0.448375650062561	0.27418	0.17028
602	0.44479715061187747	0.27359999999046325	0.17088999999523163
603	0.44379480686187744	0.2735300000143051	0.1713
604	0.44138538110733033	0.27269999999046324	0.17058000000953674
605	0.4404596283340454	0.27320999999046325	0.17168
606	0.4407935534286499	0.27584000000953673	0.17180000001430512
607	0.440297352142334	0.27515	0.17265000000476838
608	0.4358804368209839	0.2744999999952316	0.17295000000476837
609	0.4355942656898499	0.27414999999046324	0.17072
610	0.43442468616485597	0.2746600000095367	0.1725400000143051
611	0.43291191753387454	0.27519	0.1726800000143051
612	0.43341959335327146	0.27540000000953674	0.1716
613	0.4302063472557068	0.2748100000286102	0.17374000000476836
614	0.42875742460250854	0.2745500000190735	0.17261000000476837
615	0.42777259014129637	0.27529	0.17433000001430513
616	0.4253713281917572	0.27468999999046323	0.17429000000476838
617	0.4223275556564331	0.27426000002861023	0.17487999999523163
618	0.422713965549469	0.27535999999046323	0.17409000000953676
619	0.4210589782905579	0.2745400000143051	0.17392
620	0.42216325555801393	0.2768000000047684	0.17498000000476838
621	0.4189204465866089	0.27564999999046325	0.175
622	0.41778958490371704	0.27636	0.17582
623	0.416236744594574	0.2754500000190735	0.17586000000953675
624	0.4139852569580078	0.27480999999046324	0.17530999999523164
625	0.41432045642852783	0.27584000001430514	0.17536999999523162
626	0.41280338773727415	0.27523000000953673	0.17538000000953674
627	0.4104041036987305	0.27505	0.17577999999523164
628	0.41147432106018067	0.27647999999046324	0.17579000001430511
629	0.40899806480407713	0.27591	0.17628999999523162
630	0.40882920783996585	0.27712000000953674	0.17714
631	0.4080165642261505	0.27753999999046325	0.17666999999523164
632	0.4057435975265503	0.27681999999046325	0.17724000001430512
633	0.4033410228919983	0.27581000001907346	0.17678999999523162
634	0.400331740732193	0.27484000002861025	0.17745
635	0.40042052585601806	0.27597000000953675	0.17767000000953675
636	0.4018955841064453	0.2773000000286102	0.17771000000953674
637	0.39976243486404417	0.27696000000953674	0.17724999999523164
638	0.39657429473876954	0.2761700000047684	0.17815000000476838
639	0.3948455451965332	0.27617000002861025	0.17919999999523162
640	0.3944884279441834	0.27613000000953675	0.17774000000476836
641	0.3928120557785034	0.27568000000953674	0.17844000001430513
642	0.3924633255958557	0.27663999999046324	0.17844000000953675
643	0.39248382443428037	0.2779100000286102	0.17909000000476838
644	0.3928252392482758	0.27836000001907346	0.17942999999523163
645	0.3888259044361114	0.27726999999046326	0.18038
646	0.3883442333984375	0.27734000000953674	0.17933
647	0.38765869632720945	0.27890000000953674	0.18141000000953675
648	0.3876795028114319	0.27876000002861023	0.18080000000476837
649	0.3848684361457825	0.27793000000476836	0.18062999999523163
650	0.38299162858963015	0.27789999999523163	0.18123000000476838
651	0.38195446556091306	0.2772700000095367	0.18058
652	0.38109188636779784	0.27766999999046327	0.18036
653	0.3788966790771484	0.27728000002861025	0.18160999999523164
654	0.3779946051597595	0.2774900000190735	0.18216000000476837
655	0.3791460019111633	0.27925000000953676	0.18254
656	0.37849923648834227	0.2796100000047684	0.18277000000476837
657	0.37651541164398195	0.27863999999046324	0.1819
658	0.3754866816520691	0.2788300000095367	0.18129000000476836
659	0.37434225446701047	0.27886000000476835	0.18267000000953673
660	0.37289360218048095	0.27858999999046324	0.1831700000143051
661	0.37393583429336547	0.2805300000286102	0.18239
662	0.3712136971282959	0.2794899999952316	0.18342000000476838
663	0.3708117604255676	0.28003	0.18349000001430513
664	0.36913937915802003	0.27984	0.18365000000953674
665	0.3666163174724579	0.27819	0.18357000001430512
666	0.36504783529281615	0.27856000002861026	0.18381000000476838
667	0.36485245988845827	0.27843000002861024	0.18386000000476838
668	0.36432102237701414	0.27855	0.1835300000143051
669	0.36111004848480227	0.27806	0.18444000000953675
670	0.3618029627799988	0.27937000002861023	0.18463000000476837
671	0.36039135879516604	0.27972	0.18655000000476837
672	0.3581004970169067	0.2791299999904633	0.18513999999523162
673	0.3566116708755493	0.27856	0.1852700000143051
674	0.3565620296955109	0.27948999999046326	0.18657000000953675
675	0.3575453534221649	0.28084	0.18582000000476837
676	0.35681888813972473	0.28099	0.18648999999523164
677	0.3559110096168518	0.28076	0.18597
678	0.3541530328369141	0.2803600000286102	0.18696
679	0.3534259772491455	0.28086999999046325	0.18668000000953675
680	0.35094498704910276	0.2796300000286102	0.18633
681	0.3514647086715698	0.28113	0.18708
682	0.3501434813117981	0.28058999999046325	0.18627999999523162
683	0.34714042293548586	0.27888000002861024	0.18670000000476838
684	0.34773615100860594	0.2810500000190735	0.18747000000953673
685	0.34703277839660646	0.2811500000095367	0.18856000001430512
686	0.3454456664276123	0.2814700000143051	0.1893200000023842
687	0.34493945415496824	0.28134	0.18864999999523163
688	0.34489011724472046	0.2810100000286102	0.18785000000476837
689	0.34366568305969236	0.2815000000190735	0.18870000000476836
690	0.341188993396759	0.28094	0.18923
691	0.34315418952941895	0.28238000002861025	0.18900000000953673
692	0.34062961296081545	0.28152000000953675	0.18997000000953673
693	0.3397470208740234	0.28239	0.19075000001430512
694	0.3406368160247803	0.2832900000190735	0.19010000000476837
695	0.3364521722316742	0.2805500000047684	0.18979999999523162
696	0.3374166499900818	0.28197000001907346	0.18921000000953675
697	0.33509115131378175	0.28229000000953675	0.19141000000476838
698	0.33620233578681946	0.2837000000190735	0.1911000000143051
699	0.33367065031051635	0.2822100000190735	0.19122000000476838
700	0.3308600992774963	0.2809600000143051	0.19086000000476838
701	0.33172410700798033	0.28203000000953676	0.19090000000476837
702	0.33038772722244264	0.28151	0.19062000000476836
703	0.32964185869216917	0.28275999999046325	0.19259000000953674
704	0.3305578679561615	0.28293	0.1915700000143051
705	0.3308048126125336	0.28445	0.19272000001430512
706	0.32977971298217773	0.28426000002861024	0.19192000000953674
707	0.3269908260345459	0.28303000000953676	0.1923000000143051
708	0.3252152028465271	0.2835600000286102	0.1933800000143051
709	0.32788360816955564	0.28406000000953674	0.19211000000953674
710	0.3260381468963623	0.2846800000047684	0.19366000000476838
711	0.32460761375427244	0.28434000000953674	0.19300000000953674
712	0.32285510982513427	0.28418	0.19329000000953675
713	0.32080160764694216	0.28343999999046326	0.19478999999523164
714	0.32032175167083743	0.2834499999904633	0.19433000000953674
715	0.3210721929359436	0.28391999999046325	0.19361000000476838
716	0.319115403881073	0.28378	0.19351000000476837
717	0.31744906440734866	0.2834000000286102	0.19455000000953673
718	0.31946036472320555	0.2855	0.19578000001430512
719	0.3185553924179077	0.28513000000476835	0.19472000001430512
720	0.31833857746124267	0.2853200000095367	0.19524000000476838
721	0.31497631324768066	0.2855099999904633	0.19656
722	0.3149222933578491	0.28442999999046326	0.19476
723	0.3148151646709442	0.28625	0.19655999999523163
724	0.3112023614692688	0.2840700000286102	0.19688999999523163
725	0.3121221461105347	0.28420000000953677	0.19562999999523162
726	0.3123277487850189	0.28503000000476836	0.19544
727	0.31117206020355226	0.28576999999046326	0.19595999999523162
728	0.3112047667884827	0.28523999999046323	0.19581000000476836
729	0.3109536315727234	0.28683	0.19734999999523162
730	0.3092388229370117	0.28633999999523163	0.19803000000953674
731	0.30792650804519656	0.28582000002861024	0.19754000000953675
732	0.3067583839035034	0.2853400000286102	0.1975
733	0.306005750169754	0.2858100000190735	0.19737
734	0.3054087648487091	0.2855999999952316	0.19836000000476836
735	0.305301919965744	0.28657000000953675	0.19800000000476836
736	0.3043671858215332	0.28597000001907347	0.19810999999523163
737	0.303015349855423	0.28553	0.19822000000476836
738	0.3033129848861694	0.2865500000190735	0.19864
739	0.30082842519760133	0.28610999999046327	0.19954999999523163
740	0.3009129320526123	0.28684	0.20015999999523162
741	0.3003544630813599	0.2864799999952316	0.1989300000143051
742	0.3003376516914368	0.28788000002861025	0.20011
743	0.2996525350856781	0.28693	0.1985
744	0.2980520394182205	0.28704	0.19968999999523163
745	0.29512637937545777	0.28534000000953674	0.19915000000953675
746	0.2960269930076599	0.28695000000953674	0.2007300000143051
747	0.29916114530563354	0.28979	0.20098999999523162
748	0.2970768029499054	0.2890000000286102	0.20147000001430512
749	0.29590539527893067	0.28836000000953677	0.20103
750	0.29300502084732055	0.28743999999046327	0.20227000000476836
751	0.2924522800540924	0.28713000001907346	0.20094000000953674
752	0.29343305448532103	0.28753000000953677	0.20134
753	0.29210034687042236	0.28751	0.2004
754	0.28999778272628784	0.2876800000190735	0.20233
755	0.2891804082298279	0.28748	0.2018100000143051
756	0.28737411337852475	0.2869900000190735	0.20268000000953673
757	0.2903437263298035	0.2887299999904633	0.20211
758	0.2877037521076202	0.28749000002861025	0.20232
759	0.2876520322704315	0.28864000000953677	0.20369
760	0.28813065355300904	0.2894400000190735	0.20331
761	0.28740884786605836	0.28975	0.20381999999523162
762	0.28421404050827026	0.28801000000953675	0.20428
763	0.28391917678833006	0.2882600000095367	0.2034000000143051
764	0.28402559196472166	0.2892200000190735	0.20562999999523163
765	0.28187182018280027	0.2869500000143051	0.2034
766	0.2844027534103394	0.2900100000190735	0.20464
767	0.28177554432868956	0.28820000002861024	0.20339000000476837
768	0.2812822430992126	0.28903	0.20385000000953674
769	0.28074566259384154	0.28885	0.20455
770	0.2807884743309021	0.28961000000953674	0.20520999999046324
771	0.2798507612800598	0.29014999999046326	0.20524000001430512
772	0.2796367465496063	0.29021000000953673	0.20523999999523163
773	0.2781022201919556	0.29006999999046323	0.20651000000953673
774	0.278656598482132	0.2900400000047684	0.20478999999761582
775	0.276877690076828	0.29009	0.20589000000476837
776	0.277317717256546	0.2905999999952316	0.20696
777	0.2754315022087097	0.28964	0.20640000000953673
778	0.27463599617004397	0.2899999999904633	0.207
779	0.27587268189430236	0.2906800000286102	0.20607000000476838
780	0.2745393553733826	0.29038999999523163	0.20614000000476837
781	0.2722383273887634	0.28912999999046324	0.20734000000476838
782	0.27424935062408445	0.2920600000286102	0.20784000000953673
783	0.2737807858657837	0.29136999999046326	0.2067000000143051
784	0.2713635685157776	0.2903700000095367	0.20808
785	0.271611362657547	0.2911500000095367	0.20743000000953674
786	0.2716754563331604	0.2917700000047684	0.20861999999523162
787	0.2710010635948181	0.29095	0.20793
788	0.2700113017749786	0.2915500000143051	0.20892
789	0.2682603393316269	0.29077999999523163	0.20782000001430512
790	0.2696197836685181	0.2916100000286102	0.20722000001430513
791	0.2672055407142639	0.29150000000953674	0.21065999999523163
792	0.2669894477081299	0.29064000002861023	0.20763000000476836
793	0.2671930382728577	0.29234	0.20927000000476836
794	0.26774697759628296	0.29237000001430513	0.20970999999523163
795	0.2658551520347595	0.29308000000476836	0.21047999999523162
796	0.2666674870300293	0.2930100000286102	0.21022000000953675
797	0.26280707704544065	0.29053000002861024	0.20934000000953673
798	0.26207748650550844	0.29106999999046324	0.21048000000953673
799	0.2633497061729431	0.2923800000190735	0.21066000000476837
800	0.2644561746406555	0.2935800000190735	0.21128999999523163
801	0.2619124702644348	0.29323999999046324	0.21156000000953673
802	0.2614970614242554	0.29229	0.21184999999523163
803	0.2622540036201477	0.29343000000953673	0.21123000000476838
804	0.2604601593399048	0.2927300000286102	0.21157000000476836
805	0.25823595346450806	0.29182000000953673	0.21137999999523163
806	0.2595081611919403	0.2925300000095367	0.21159000000476838
807	0.2599968424987793	0.2931500000190735	0.21153000000476838
808	0.25718337400436403	0.2923400000190735	0.21171
809	0.2583238707733154	0.2924200000190735	0.21123000000953673
810	0.2583688216495514	0.29339	0.21119000000476837
811	0.2554496099948883	0.29280000002861023	0.21280999999523162
812	0.2572869886398315	0.29370000002861024	0.21177
813	0.25691827215671537	0.2934800000190735	0.21154000000953674
814	0.2535461620616913	0.29237999999046327	0.21309
815	0.2535550078678131	0.29278999999046323	0.21287
816	0.2542532444667816	0.29352000000953676	0.21321999999523164
817	0.25490924198627474	0.2945	0.2131600000143051
818	0.25265096824645994	0.2934399999904633	0.21376000000476836
819	0.2541045072555542	0.2945600000190735	0.21368000000476836
820	0.2522333510065079	0.29398000001430513	0.21423000000476838
821	0.2538286120891571	0.29536999999046326	0.21373000000476838
822	0.25180163122177124	0.29427	0.21409000001430512
823	0.24932327330589293	0.29314	0.21470999999523163
824	0.25063048130989074	0.2939100000143051	0.21421000001430512
825	0.24893640659332275	0.29404000001430514	0.21552
826	0.24970106700897216	0.29491000002861023	0.2152500000143051
827	0.2485331443786621	0.2949700000190735	0.21621000000476837
828	0.24823455678939818	0.29371000002861025	0.21406000000476838
829	0.24754039492607116	0.29434999999046324	0.21515000000476836
830	0.24749370965957643	0.29452000000953676	0.21487000000953674
831	0.24907133873939513	0.29658000002861024	0.21584000001430512
832	0.2465078814125061	0.29563	0.21648999999523164
833	0.24688650079727173	0.29579000001907346	0.21615000001430512
834	0.24653209343910218	0.2957300000190735	0.21693999999046326
835	0.24515312616348267	0.29502000002861023	0.21638
836	0.24419410563468932	0.29444000000953674	0.21589000000476838
837	0.24463944021224976	0.2956099999904633	0.21676999999523164
838	0.24280432587146758	0.29424000000953676	0.21569000000953675
839	0.241853333568573	0.29317000000953675	0.2158800000143051
840	0.24171215762138368	0.29483000000953674	0.2177700000143051
841	0.2420728523492813	0.29494	0.21662000001430512
842	0.24283989798545838	0.29638999999523163	0.21773000000953674
843	0.24104242750167848	0.29509000002861024	0.2165500000143051
844	0.24232745067596437	0.29653000000476837	0.21742000000476838
845	0.2402894040775299	0.29558000002861023	0.21803
846	0.24045390151023865	0.29561	0.21796000000953675
847	0.23951667981147767	0.2962500000095367	0.21881
848	0.239021187210083	0.29611999999046323	0.21858000000953676
849	0.23828809492111205	0.2961100000190735	0.21817
850	0.2383509370803833	0.2956100000190735	0.21764000000476838
851	0.23563168983459473	0.2950400000190735	0.21905000000953675
852	0.23684883368968965	0.29549	0.21869
853	0.23752192472934722	0.2962199999904633	0.21914000001430511
854	0.2361802767562866	0.29606000000953675	0.21934999999523164
855	0.23737738806724548	0.29704000000953673	0.21874000000476837
856	0.23519676929473876	0.29659000002861025	0.21920000001430512
857	0.2358432171344757	0.29651000001907346	0.21816000000953675
858	0.23504464323043822	0.29729999999046325	0.22016000002861022
859	0.23281397350788116	0.29576	0.22006999999523164
860	0.23361277027130126	0.29698999999046327	0.22043000000953675
861	0.23385469101905823	0.2968799999904633	0.2200000000143051
862	0.23351730568885803	0.29683000000953674	0.21951000001907348
863	0.23268283482551574	0.29685000000953676	0.22100999999523163
864	0.23489384342193603	0.29843000002861025	0.22050000000476838
865	0.2326273369693756	0.29667	0.21945000001430512
866	0.23031765991210937	0.29577	0.22029
867	0.23163842556476594	0.29740000000953676	0.22046
868	0.23117037697792053	0.2976700000286102	0.2221800000143051
869	0.23270161578178405	0.2985700000286102	0.22064000001430512
870	0.23019878750801087	0.29762000000953676	0.22125000001430511
871	0.2290837571334839	0.2968799999904633	0.22083
872	0.23006913992404937	0.2978	0.22190000001430513
873	0.22783876137733458	0.29723	0.22236000000476838
874	0.22813294479370116	0.29715000002861025	0.22166
875	0.2266206785964966	0.29659000001430513	0.22228000001430512
876	0.22585299605846404	0.2964399999904633	0.2220200000143051
877	0.226729354429245	0.29707000000953676	0.2218200000143051
878	0.226816492061615	0.2975400000190735	0.22192
879	0.22600074528694153	0.29784	0.22310999999523162
880	0.22674375269889832	0.29842000002861024	0.22311000000953674
881	0.2254852213382721	0.29790999999046325	0.22299000000953675
882	0.22416493160247802	0.29663000002861023	0.22219999999523163
883	0.22732969640731812	0.29933999999046323	0.22292000000953674
884	0.2247329940891266	0.29759000002861025	0.22242000000476836
885	0.22373566966533662	0.29778000000953675	0.22331999999523164
886	0.22415062237739564	0.2978599999952316	0.22265000000476837
887	0.22361331266880036	0.29821000002861026	0.22314000000476839
888	0.22324105640411376	0.29790999999046325	0.22293
889	0.22376120312213899	0.29902000002861023	0.22403000000953674
890	0.22301350198745729	0.2984200000190735	0.22352999999523163
891	0.22042503987312317	0.29665	0.22360000000953675
892	0.22090040781021117	0.29774000001907347	0.22380000002861022
893	0.21996045248508453	0.2969000000286102	0.22311000000476838
894	0.21975875522136687	0.2978799999952316	0.22494000000476838
895	0.21927554899692536	0.29710000002861026	0.22291000000476838
896	0.21963398342609405	0.29778999999046324	0.22327999999046325
897	0.2189210545063019	0.29844000000953674	0.22459000000953674
898	0.2181246839237213	0.29771	0.22400000000953674
899	0.21940329545021056	0.2992	0.22491
900	0.22005502915859224	0.2993	0.22441000000476838
901	0.2199574554157257	0.2993100000095367	0.22437000001430513
902	0.21864170265197755	0.29989000000953675	0.22624000000476838
903	0.2179584574508667	0.29855999999046323	0.22500999999523164
904	0.21864636243343352	0.29880000000953677	0.22376000001430513
905	0.2168838832807541	0.29879000000953676	0.22482999999523162
906	0.2173899030160904	0.29927	0.22501999999523162
907	0.2161826622581482	0.29844999999046323	0.22444000000953673
908	0.21566102991580963	0.2979800000095367	0.22465000000953675
909	0.2162152115726471	0.29854000002861025	0.22392999999523164
910	0.2172100766324997	0.30007999999046325	0.22555000000953673
911	0.21494877799034118	0.29822	0.22501000001430513
912	0.215511140127182	0.2998300000190735	0.22666
913	0.21598334403038025	0.2998200000190735	0.22480999999523163
914	0.2147397559642792	0.2990600000286102	0.22519000001430511
915	0.21387894628047943	0.2988900000286102	0.22525
916	0.21365015016078948	0.29974000000953677	0.22623
917	0.21285456011772155	0.29809	0.22458000001430511
918	0.2123629287815094	0.29806000000953675	0.22481000000476836
919	0.2138735551738739	0.29885	0.22429
920	0.21110366280555726	0.29812000001907346	0.22590999999523162
921	0.21140589294433593	0.2982600000190735	0.2264100000143051
922	0.21050850964546203	0.29836	0.22681000001430512
923	0.21256039618968964	0.2992500000190735	0.22576000000953675
924	0.21177455191612243	0.29988	0.22637000000953675
925	0.21165690554618835	0.29861999999046324	0.22542000001907347
926	0.2103674110555649	0.29905000000953674	0.22618000000953675
927	0.21034806367397307	0.2999900000286102	0.22693000000953675
928	0.21068994086265563	0.2995800000095367	0.22588
929	0.2096647749185562	0.2994299999952316	0.22752000000953673
930	0.21081805513381957	0.3002100000190735	0.22722000000953674
931	0.2098589963722229	0.2997300000286102	0.22721
932	0.20943027488708496	0.29908999999046326	0.22826
933	0.2106259219932556	0.3003300000190735	0.22666
934	0.2092188666820526	0.3002700000286102	0.22788
935	0.20858105463027954	0.29943000002861025	0.22669000000953674
936	0.20766217554569244	0.2996100000190735	0.22784000001430513
937	0.20817646593093872	0.2992200000286102	0.22623999999523162
938	0.2083113306713104	0.30014	0.22693999999046327
939	0.20715161475658417	0.29925000002861024	0.22726
940	0.20610698754787446	0.29894	0.22671000000953676
941	0.20629187541484834	0.29979000000953676	0.22798000000476837
942	0.20477390759468078	0.2986600000190735	0.22741000000476838
943	0.20793698309898376	0.3014	0.22829999999523162
944	0.20569064819812774	0.29998	0.22841000000476838
945	0.20628601404190064	0.3000100000286102	0.22800000001430512
946	0.20473970316886902	0.2994999999904633	0.2279000000143051
947	0.2060042426109314	0.30029999999046325	0.22749999999046325
948	0.20361534427165986	0.29926	0.22823999999523162
949	0.20308874903202057	0.2992500000190735	0.2280700000143051
950	0.20366338674545287	0.29902999999046326	0.22723999999523162
951	0.20578717287540435	0.30088999999046323	0.22807
952	0.20392791896820067	0.29971000000953674	0.22803000000953674
953	0.2027700669288635	0.29878000000953675	0.22771000000953676
954	0.2023152092552185	0.29979	0.22897999999523164
955	0.20323696076393127	0.29962000001907346	0.22785000000476838
956	0.20381018270492554	0.30082000000953674	0.2283700000143051
957	0.2036776446056366	0.30000000000953675	0.22838000000476838
958	0.20136432435512544	0.2991599999904633	0.22795999999046326
959	0.20171644458770752	0.29909999999046327	0.22816999999523163
960	0.20109435083389282	0.29923000000953676	0.22805
961	0.20088850812911987	0.29907000002861023	0.22816000000476838
962	0.2015373661136627	0.3000999999904633	0.22854999999523162
963	0.2021209797668457	0.30084000001907346	0.2282600000143051
964	0.20088973984718322	0.29969999999046326	0.22888
965	0.20154391501426697	0.30029999999046325	0.22833999999523164
966	0.2003253879261017	0.2996000000286102	0.22877999999046325
967	0.19971377620220185	0.2992500000190735	0.22837000000953675
968	0.2020259555339813	0.3006000000190735	0.22669000000476838
969	0.1996981687450409	0.29931	0.22807
970	0.1994095637702942	0.30014	0.22859999999523162
971	0.19944100078582763	0.30044000000953675	0.2292900000143051
972	0.20069533470153808	0.3006300000190735	0.2283800000190735
973	0.19970739274978638	0.3001000000286102	0.22858000000953674
974	0.19744619377613068	0.29916000000953674	0.22815000000953675
975	0.19890090342521669	0.29990000000953676	0.22842999999046326
976	0.19871441864967346	0.29890000001907346	0.2277400000143051
977	0.19967556552410126	0.3012699999904633	0.22874999999523163
978	0.19932417645454406	0.30087000002861025	0.22880999999523163
979	0.19833816201210022	0.30009000000953673	0.22825000000953674
980	0.198298884973526	0.30037	0.22902999999523163
981	0.19719472938537597	0.29913000000953677	0.22820000002861024
982	0.19869905937194823	0.29992999999046327	0.22644999999523163
983	0.19943847235202788	0.3009200000095367	0.22809
984	0.1984020039510727	0.3004300000190735	0.2292400000143051
985	0.19703499495506285	0.2986700000143051	0.22689000000476836
986	0.19910345351696015	0.30047999999046326	0.22902
987	0.19967926467895508	0.30026000000953673	0.22757000000476837
988	0.19797402602672576	0.29991000002861024	0.22887000000476837
989	0.1970832093477249	0.29939999999046324	0.2286
990	0.1977044936656952	0.29934000000953676	0.22782000000953676
991	0.19685183246135712	0.29923	0.22869000001430512
992	0.19727946519851686	0.2996100000143051	0.22831000001430513
993	0.19771770265579225	0.30045000000953676	0.22891000001430512
994	0.19824985187530517	0.30007999999046325	0.22871000000476838
995	0.19835823381900788	0.30065000000953673	0.22868000000476837
996	0.19747344935417174	0.2992000000095367	0.22839
997	0.19832641571998597	0.30001	0.22794000001430512
998	0.1974239004802704	0.2997200000190735	0.22880000001430512
999	0.19809348735809326	0.30062	0.22862
