epoch	loss	acc	certified
0	5.317430768585205	0.006530000000149011	0.006530000000149011
1	5.171317749938964	0.014390000001192093	0.014390000001192093
2	5.000210645751953	0.024950000002384187	0.024950000002384187
3	4.880123261260986	0.034400000001192095	0.034400000001192095
4	4.755173076477051	0.04662000000119209	0.04662000000119209
5	4.623300633544922	0.06160000000119209	0.06160000000119209
6	4.542117586212158	0.07161000000476837	0.07161000000476837
7	4.47574504196167	0.08085000000357628	0.08085000000357628
8	4.41136523651123	0.09042999999761582	0.09042999999761582
9	4.348325155029297	0.09937	0.09937
10	4.294238087768555	0.10721999999761582	0.10721999999761582
11	4.242951636199951	0.11486999999761581	0.11486999999761581
12	4.197057460632324	0.12142999999761582	0.12142999999761582
13	4.164345561828613	0.12607	0.12607
14	4.123872781524658	0.13337	0.13337
15	4.094712449035645	0.13869000001430512	0.13869000001430512
16	4.0656617794799805	0.14294000000476836	0.14294000000476836
17	4.031246589508057	0.14949000001430512	0.14949000001430512
18	4.006530128631592	0.15286999999523163	0.15286999999523163
19	3.979110266418457	0.15881000001430512	0.15881000001430512
20	3.9565439601135255	0.15910000000476837	0.15908000000476838
21	3.932908084564209	0.1654300000143051	0.1654300000143051
22	3.9082607948303223	0.17000000000476836	0.16995000000476837
23	3.8844217947387696	0.1715600000143051	0.1715400000143051
24	3.8655898907470703	0.17552999999761582	0.17550999999761582
25	3.850946622695923	0.18077000000476837	0.18072000000476837
26	3.832066915130615	0.18232999999523164	0.18228999999523163
27	3.8170054091644285	0.18322000000476837	0.18316000000476837
28	3.801388713760376	0.1877500000143051	0.18771000001430513
29	3.7846095488739016	0.19018000001430513	0.1901300000143051
30	3.772689006729126	0.19285000000476837	0.19274000000476837
31	3.76030095123291	0.19471000000476837	0.19458000000476838
32	3.7468601419830323	0.19770999999046326	0.19762999999046327
33	3.732299349899292	0.19844000000476839	0.19834000000476837
34	3.720298332901001	0.20213000000953674	0.20201000000953676
35	3.7127694257354737	0.2016200000143051	0.20144000001430512
36	3.6982533964538575	0.20468999999523163	0.20455999999523164
37	3.6908952178955077	0.20608999999523162	0.20587999999523163
38	3.6767715443420412	0.21018000001430512	0.20993000001430512
39	3.6665044560241697	0.2116100000143051	0.2114400000143051
40	3.658584679489136	0.21202000001430513	0.2118100000143051
41	3.648649690093994	0.21456000000953673	0.21423000000953674
42	3.6380706607055666	0.21848000000476836	0.21813000000476837
43	3.6301614443969727	0.21905000000953675	0.21867999999523163
44	3.6256679220581054	0.22074000000953675	0.22024000000953675
45	3.6151270932006834	0.2210600000190735	0.2206900000190735
46	3.6079905390167237	0.22265000001430513	0.22215000001430513
47	3.601233361740112	0.22368000000953675	0.22317000000953674
48	3.5881830685424805	0.22608000000476838	0.22551000000476837
49	3.585838814239502	0.22676999999523162	0.22616999999523163
50	3.576926406402588	0.22921	0.22847
51	3.5721494132995604	0.22881000002861024	0.22811999999046326
52	3.558919355773926	0.23223000000476837	0.23134000000476837
53	3.55396397895813	0.23292000000476837	0.23203000001430513
54	3.5521723065185546	0.23441	0.23353
55	3.547197939910889	0.23416000001430512	0.23302000001430512
56	3.5363343570709227	0.23697	0.23592
57	3.531447388916016	0.2383100000143051	0.2367500000143051
58	3.5234992109680174	0.23849999999523164	0.23718999999523163
59	3.519975152587891	0.23910000000953674	0.23761000000476837
60	3.514958582458496	0.24136000002861022	0.23937000002861022
61	3.5056332557678225	0.24229	0.24061
62	3.5038306604003906	0.24273000000476838	0.24101000000476838
63	3.494696506729126	0.24495000000953673	0.24296999999523164
64	3.4938045431518554	0.24441000001907348	0.24242000002861022
65	3.488913569107056	0.24516000002861024	0.24290999999046325
66	3.4831897431182863	0.24625999999523163	0.24404999999523164
67	3.4831881565856935	0.24684000000476838	0.24436000000476837
68	3.473634540481567	0.24979	0.24703
69	3.4682223050689696	0.25131000000953674	0.24810999999523162
70	3.4692484529113767	0.24948000000476836	0.24640000000476836
71	3.4622699712371827	0.25168000000476837	0.2482700000143051
72	3.4592417429351805	0.25099000000953675	0.24767000000953673
73	3.450078543243408	0.25291000000953673	0.24911999999523163
74	3.4486217356872557	0.2536900000047684	0.24972000000476838
75	3.4500098245239257	0.25588000000476835	0.2518600000047684
76	3.442202421417236	0.2554700000047684	0.25096
77	3.435951851043701	0.25509	0.25098000000953674
78	3.4337258043670653	0.25739000000476836	0.2525000000143051
79	3.4361215380096435	0.25665	0.25111000000953676
80	3.4244052896881105	0.25727999999046325	0.2524
81	3.426585120162964	0.25894000000476836	0.2532400000047684
82	3.4204983447265627	0.26019000000953674	0.25445000000953677
83	3.418698405227661	0.2616099999952316	0.2556300000047684
84	3.411696392440796	0.25988999999046325	0.25384
85	3.408769140853882	0.2612300000095367	0.2546299999952316
86	3.411521085128784	0.2614000000095367	0.25448000000953674
87	3.404722760925293	0.26132999999523165	0.25410999999523165
88	3.401436519241333	0.26464999999523164	0.25677000000476835
89	3.3974106581878663	0.26404999999046325	0.25607
90	3.396848627700806	0.26399	0.2550599999952316
91	3.393146824874878	0.26482	0.25545000000953677
92	3.3925557694244386	0.2667800000095367	0.2574200000190735
93	3.388129814605713	0.26646999999523163	0.2565799999952316
94	3.390035049819946	0.26757999999523163	0.2575300000047684
95	3.3839324155426027	0.26828999999046327	0.25773
96	3.383374472885132	0.26702	0.25599
97	3.378616925582886	0.26889000001430513	0.25699
98	3.3782223627471923	0.26925999999046324	0.2574500000190735
99	3.376395182723999	0.26992000000476835	0.25712
100	3.362063946914673	0.27020000001907346	0.2571400000286102
101	3.3503487021636964	0.2707800000190735	0.25656
102	3.3193320874023438	0.27127	0.25631
103	3.3062101414489744	0.27232	0.25722000001907347
104	3.2815007318115232	0.27301	0.25705000000953676
105	3.2664666633605957	0.27505	0.2577499999952316
106	3.2449669537353514	0.27425000000953675	0.25686
107	3.231559983139038	0.27592999999046325	0.2573999999952316
108	3.209945805053711	0.2758900000190735	0.25656
109	3.190812845840454	0.27566000002861024	0.25588000000953676
110	3.172644945373535	0.27626999999046326	0.2558500000095367
111	3.1599934188079835	0.27665	0.2550500000286102
112	3.139162543334961	0.2781300000286102	0.25645000000476836
113	3.118902736968994	0.27857	0.2551
114	3.1005921895599364	0.28036000001907346	0.25482
115	3.0822602336120606	0.28056000000953674	0.2549800000286102
116	3.067681758270264	0.28150000000953673	0.2547400000095367
117	3.0470706803131105	0.2808200000095367	0.25359000000953674
118	3.030898663406372	0.2816300000286102	0.2540900000190735
119	3.019621413116455	0.2802900000047684	0.2511000000143051
120	3.001978957901001	0.28163	0.2505200000190735
121	2.985555249481201	0.2822899999904633	0.25133000001907346
122	2.9684989138793947	0.28364	0.2520300000143051
123	2.9490136386871337	0.28566000002861025	0.25197000000953673
124	2.9364121224212645	0.28308999999046325	0.24874999999523162
125	2.9164446327209474	0.2853399999904633	0.24906
126	2.904715201950073	0.28564000000476836	0.24917000001430512
127	2.8848257482910156	0.2867400000286102	0.24902999999523162
128	2.8753501734924316	0.28763999999046325	0.2484700000190735
129	2.8577395177459715	0.28629000000953675	0.24695999999523163
130	2.837110456314087	0.28937000000476837	0.24801999999523164
131	2.824102820892334	0.28878000000953674	0.24646000000476836
132	2.8100088998413084	0.2897000000190735	0.24573000002861023
133	2.793283140258789	0.2877299999904633	0.24356000000476838
134	2.786000371398926	0.28996999999046325	0.2441200000190735
135	2.7627020943450926	0.2900599999904633	0.24362000001430512
136	2.755059912109375	0.28962999999046324	0.24156000002861022
137	2.7382769841003416	0.29256000000953675	0.24151000001430512
138	2.723939302749634	0.29473999999046324	0.24264999999046324
139	2.710831688308716	0.29306	0.24057000000476836
140	2.6969357080078127	0.29387000002861025	0.24023999999523163
141	2.678544788208008	0.2938299999904633	0.23869999999523162
142	2.6691144723510742	0.29314000002861024	0.23748000002861022
143	2.6517936960601807	0.29406999999046324	0.23729999999523163
144	2.6430919133758546	0.29491000002861023	0.23583000000476836
145	2.6321966049194336	0.29457	0.23425
146	2.6162875854492187	0.29591	0.23374
147	2.6042773610687258	0.2953	0.23210000000953673
148	2.588684196090698	0.29686000002861024	0.23188000000476838
149	2.5788818595123293	0.29821000002861026	0.23211000000476836
150	2.561612637863159	0.29653000002861024	0.23062000000953675
151	2.549527173461914	0.29892000000476837	0.2305700000143051
152	2.5432546730041503	0.2966	0.22665000000476837
153	2.5263243446350097	0.29875	0.22796
154	2.5167729455566406	0.29841	0.22555000000476838
155	2.503885270309448	0.2987700000286102	0.22479
156	2.491639496154785	0.29912	0.22405000000476838
157	2.4807492368316653	0.29864000002861024	0.22204000000476837
158	2.471239415359497	0.30015000002861025	0.22250999999046325
159	2.4565412314605712	0.3018200000286102	0.22200000000476838
160	2.445638726196289	0.30243	0.22061000002861023
161	2.4326450751495363	0.3017400000190735	0.21933000000476838
162	2.4229363944244384	0.30226	0.2176300000143051
163	2.4119064524841307	0.3039700000095367	0.21874999999523162
164	2.4018460014343264	0.3026600000190735	0.21699
165	2.3862390911102294	0.30244	0.21587999999523164
166	2.3799556447601318	0.3020500000190735	0.21329
167	2.3702786235809326	0.30357000000953677	0.21352000000953675
168	2.357040167388916	0.30186000001430513	0.21179999999523164
169	2.344996548614502	0.30361	0.21154999999523164
170	2.3360148203277586	0.3024700000095367	0.2096
171	2.3246754949951174	0.30315999999523163	0.20902000000715257
172	2.3160143008422853	0.30468000000953677	0.20713999999523164
173	2.301417396621704	0.3033200000047684	0.20716000000953674
174	2.2958841286468505	0.3037700000143051	0.20478
175	2.2837735678863527	0.30477000000953675	0.20393000000953673
176	2.2750187055206297	0.3040800000190735	0.20366999999523164
177	2.2643073600769044	0.30701999999046325	0.20276
178	2.2557829369354248	0.3053800000286102	0.2022600000143051
179	2.2458023697662353	0.30727000000953675	0.20159999999523162
180	2.2354083815002443	0.3057999999952316	0.19966
181	2.226266958694458	0.30734000000953676	0.19851
182	2.2191362890625	0.30541000002861024	0.19701000000953675
183	2.20739597946167	0.3066300000143051	0.19677000000476838
184	2.198477947540283	0.30641999999046327	0.19473000000476837
185	2.188325866394043	0.30562	0.19351000001430513
186	2.177868656997681	0.3085	0.1943200000143051
187	2.1689489276123046	0.30792000002861025	0.19377000000953673
188	2.1634556620788574	0.30622999999046324	0.19134
189	2.153388218765259	0.30634000000953676	0.18977000000953675
190	2.1432065071868895	0.3079600000190735	0.1892400000143051
191	2.133041300735474	0.3067400000095367	0.18718000000953675
192	2.1232138275146486	0.3098200000047684	0.18886999999523163
193	2.1188524669647215	0.3091500000190735	0.18777000000953675
194	2.1104453887176513	0.30779	0.18508999999523162
195	2.0999669143676756	0.30867000001907346	0.18411999999523163
196	2.096396171951294	0.30654	0.18277000000476837
197	2.0860058052825927	0.30876000000953674	0.18217000000953673
198	2.077659071884155	0.3084100000095367	0.18141000000476837
199	2.0658717488861083	0.30810999999046323	0.1805500000143051
200	2.0606333458328248	0.30845000000953676	0.17946
201	2.05170362739563	0.30892000000953673	0.17899000001430512
202	2.0478646492004393	0.30963999999046327	0.17834
203	2.0332921534729005	0.30860999999046324	0.17635
204	2.0285962636566164	0.3085199999952316	0.17622999999523162
205	2.014804821624756	0.3076900000190735	0.17551000000953673
206	2.0129353412628173	0.30744	0.17255999999523164
207	2.0046903254699706	0.3075900000190735	0.17302
208	1.9969821939086914	0.3089700000190735	0.1709800000143051
209	1.9913231858062743	0.30643999999046323	0.16879999999523163
210	1.9775483087158203	0.3067500000095367	0.17082000000476838
211	1.9753804734802247	0.30773000000953676	0.16723000000953675
212	1.9664261490249635	0.30884000000953676	0.16886000000715257
213	1.9566209017181397	0.3078500000095367	0.16748000000953675
214	1.9473482231903076	0.3075700000190735	0.1686
215	1.9420495790863037	0.30662000000953676	0.16636999999761581
216	1.9314499534225464	0.3072099999904633	0.16617
217	1.9273476331710815	0.30640999999046326	0.16540999999523162
218	1.9190546249389648	0.30582000000953674	0.16383000000476838
219	1.9095015886306763	0.30687	0.16393
220	1.8996225613403321	0.30561	0.16485
221	1.8939756909561156	0.30743	0.16386000000715256
222	1.8873568677902222	0.3063000000095367	0.1616300000143051
223	1.882613670578003	0.30727000000953675	0.1610800000143051
224	1.8736345979690552	0.30703	0.16249999999523163
225	1.863886980934143	0.3052000000047684	0.16010000000476837
226	1.85705303024292	0.30742000002861025	0.16122000001430511
227	1.8528138285827638	0.3067200000286102	0.15950999999523163
228	1.8460156425857543	0.30707999999046326	0.15843000000476837
229	1.8372771258926393	0.30599	0.1590800000143051
230	1.828679471282959	0.30631000000953673	0.15835999999523162
231	1.8240118788146973	0.30617000000953676	0.15667000000953674
232	1.8149857703781127	0.3066599999904633	0.15723000000476836
233	1.8094102904510498	0.30478	0.15538999999523162
234	1.8009074937057494	0.30503000000953673	0.15504
235	1.795784531173706	0.30771	0.15452000000476837
236	1.790233239402771	0.3069300000047684	0.15443000000715257
237	1.7806483806610107	0.30484000001907346	0.1530000000143051
238	1.7741400338745117	0.3066600000190735	0.15412000000953674
239	1.7654496488952636	0.30459999999523163	0.15346
240	1.7594150576019287	0.30415000000953674	0.15271000000953674
241	1.751183879852295	0.30462000001907347	0.15331999999523163
242	1.74680670501709	0.30418000001907347	0.15126000000238418
243	1.7385308869171143	0.30691999999046327	0.15287000001430512
244	1.731080646018982	0.30457000002861023	0.1516100000143051
245	1.7255263272476196	0.30448000000953673	0.15058000000715255
246	1.7181473419952393	0.3033000000095367	0.15067000000953673
247	1.7111027595520019	0.30397000002861024	0.15078000000476838
248	1.7041280354309083	0.30320000000953673	0.15009999999523163
249	1.6996845128631592	0.30481000002861025	0.15002000000715257
250	1.693257483406067	0.30317000000953676	0.1490200000023842
251	1.6844406240081786	0.30179	0.14871000001430512
252	1.6749293964767455	0.30180000002861024	0.14889000000476837
253	1.6708278830718994	0.30341999999046326	0.14902000001430513
254	1.6673577558135986	0.30418000002861023	0.14747999999523162
255	1.6624413836288452	0.30448000000953673	0.14722999999523162
256	1.6510196144485474	0.30155999999046323	0.14750000000715255
257	1.6456378377151488	0.30290999999046325	0.14702000000953674
258	1.6382764185333252	0.30306999999046325	0.14590000000715256
259	1.63199916847229	0.30234000001907346	0.14578000000476837
260	1.624874493713379	0.30174000002861023	0.14600999999761582
261	1.6185971961212158	0.30183000000953675	0.1467999999976158
262	1.6165113156509399	0.3022	0.14560000000476836
263	1.607360242538452	0.30068	0.1443799999976158
264	1.6003110554885864	0.30031	0.14429
265	1.5955166681289672	0.30182	0.14538
266	1.5883366173553466	0.30065000002861025	0.14455999999761582
267	1.5836446520996095	0.3002000000190735	0.1443
268	1.576625203514099	0.30105000000953674	0.1453
269	1.5677952002334594	0.3011700000286102	0.1447099999976158
270	1.562947366065979	0.3001599999904633	0.14431999999761583
271	1.5584650102996827	0.30041	0.14405000000953674
272	1.5517482514953613	0.30015000000953673	0.14377
273	1.544575153503418	0.2978000000190735	0.1427600000143051
274	1.5415437784576416	0.30106000000953675	0.14277000000953674
275	1.531056432876587	0.29967	0.14277000000476836
276	1.528820480194092	0.2995600000190735	0.14115999999523163
277	1.521956022491455	0.2988300000190735	0.14236000001430513
278	1.5158945794677734	0.29869999999046326	0.14086000000715257
279	1.5079479288482667	0.29955999999046323	0.142
280	1.5021715071487427	0.2975400000190735	0.14163000000476836
281	1.4971689569854736	0.29741999999046326	0.14139999999761582
282	1.4893199112701416	0.29802000001907347	0.1415
283	1.4874346855926515	0.2990300000190735	0.1404000000143051
284	1.4789625839996339	0.2979100000190735	0.14232000000715256
285	1.4739389281082154	0.3	0.14105000001430512
286	1.4677205931472779	0.2981000000047684	0.14122000000715257
287	1.463273780555725	0.29847000000476837	0.14029000000476838
288	1.455048974685669	0.29669000002861023	0.14080000001430512
289	1.4516159133529662	0.2988000000190735	0.14045
290	1.4426559159469605	0.29597999999046326	0.14123000000715255
291	1.4398737110900879	0.29737000000953673	0.13991000000476836
292	1.4319934731292725	0.29682	0.14069999999523164
293	1.4260554984664917	0.29633999999046323	0.1392600000143051
294	1.4227156364440918	0.29707000001907347	0.13948000000476837
295	1.417414301071167	0.29635000000953676	0.13983000000476836
296	1.4095784393310546	0.2958299999904633	0.13981000000476837
297	1.4050742151641846	0.29546000001907347	0.14053000000953675
298	1.4011307416534424	0.29605000000953674	0.13991
299	1.3938380534744264	0.29562999999523165	0.13950000000476837
300	1.3890043022155762	0.29488	0.1385600000143051
301	1.3828565326309203	0.29551000001907346	0.13933000000476836
302	1.3737032939529419	0.29327000002861026	0.13969
303	1.3716835874176025	0.2942800000286102	0.13859999999523162
304	1.3674611164093018	0.29409	0.13812000000715255
305	1.3619852935028076	0.2952199999904633	0.13985000001430511
306	1.3571554343414307	0.29391000001907347	0.13794000001430512
307	1.3505527250671387	0.29361000000953674	0.13861
308	1.3466333686828613	0.29317999999046324	0.13807000000476838
309	1.3414427835083007	0.29380000000953677	0.13866999999523164
310	1.3334418140411377	0.29093999999046327	0.13793000000953673
311	1.3292502130889892	0.2922199999952316	0.13900999999761582
312	1.3233537155151367	0.29284000000953675	0.13851000000476837
313	1.3175408795928956	0.29314	0.1388700000023842
314	1.3139300160980225	0.29225999999046326	0.13742999999761582
315	1.3051565120697022	0.29143000002861025	0.1386599999976158
316	1.302776570701599	0.2914400000190735	0.13914999999523162
317	1.2993788369750976	0.29358000002861023	0.13783000001430512
318	1.2938512673187257	0.2922200000286102	0.13760000000476838
319	1.286517912826538	0.29105	0.13875000000715257
320	1.2813616538238526	0.29072000000953674	0.1384300000143051
321	1.27873582736969	0.2917200000286102	0.13836999999761582
322	1.2720904347610473	0.2909000000286102	0.13798999999523162
323	1.268454416847229	0.29047000001907347	0.13763999999523163
324	1.2605938634872436	0.28990999999046324	0.13906000000476837
325	1.254903115196228	0.28896999999523165	0.1391800000143051
326	1.2499896811294555	0.28904	0.13894999999761581
327	1.2446416060638428	0.2876100000286102	0.13832
328	1.2429741233062743	0.29032000002861025	0.1381399999976158
329	1.235705298500061	0.28896999999046324	0.13786
330	1.2322657658386231	0.29013	0.13813
331	1.227664084968567	0.28956999999046323	0.13860000000476838
332	1.2217269985198975	0.2889300000095367	0.13931
333	1.2162956744766236	0.2870300000190735	0.13725000000476836
334	1.2134531035614013	0.28871000002861025	0.13824000000476838
335	1.206684296760559	0.28813	0.13930000000476836
336	1.2026470718383788	0.2871800000143051	0.13838000000238418
337	1.1977454163742065	0.28773	0.13877000000953674
338	1.1937798528671264	0.2879300000095367	0.13772000000476836
339	1.1877171825408936	0.2874300000190735	0.14034
340	1.1825647416305543	0.2880300000190735	0.13980000001430512
341	1.1769572912979125	0.28596	0.1391099999976158
342	1.1736109246444701	0.28724000001907346	0.1389
343	1.1688658782958985	0.2859800000190735	0.13803
344	1.163237338142395	0.28475000000953676	0.13765999999523162
345	1.159706224937439	0.28786999999046325	0.13931
346	1.155133388595581	0.2852899999904633	0.13977000000476836
347	1.1519567978668213	0.28680000001907346	0.13903
348	1.1462110693359375	0.28462000000953674	0.13828999999761582
349	1.141509331665039	0.2845700000286102	0.13783
350	1.1369999002075195	0.2852100000095367	0.13853000000953675
351	1.1297743184280395	0.28425999999046325	0.13967000000953675
352	1.1272531648254394	0.2849300000190735	0.13889000001430513
353	1.1215826106262208	0.2843300000190735	0.13913000001430512
354	1.1158859844207765	0.28237000002861024	0.13891000000476836
355	1.1133940869140626	0.28412	0.139
356	1.106290319404602	0.2833400000190735	0.13872000000715257
357	1.1043140922546386	0.28281000000953677	0.1390100000143051
358	1.1011254517364502	0.2843800000095367	0.13826
359	1.099593822555542	0.2861500000095367	0.13889999999761582
360	1.0921103276443482	0.28369000001907346	0.13984000000715255
361	1.088132477684021	0.2845600000143051	0.1396399999976158
362	1.083149154663086	0.28258000001907346	0.13942
363	1.081306396636963	0.28442000001907347	0.13931999999761582
364	1.0753716370773316	0.28353000000953676	0.13921000000476838
365	1.0729673726654052	0.2839900000095367	0.13898000000953675
366	1.0671976773834229	0.2837600000095367	0.13918
367	1.0629860508728026	0.2840600000190735	0.1398100000143051
368	1.0607932091522216	0.28335	0.1385600000023842
369	1.05439272026062	0.28269	0.14072
370	1.049470728187561	0.28084000000953674	0.13912999999761583
371	1.0459744594573974	0.28156000000953674	0.13899999999523163
372	1.0422518022155762	0.28275000001907347	0.1401
373	1.0352135907745361	0.2817200000190735	0.14014999999523162
374	1.029977296066284	0.28079999999523164	0.14098
375	1.029130513420105	0.2825099999904633	0.14097
376	1.023997949295044	0.28030000001907346	0.14030000000476836
377	1.020191572151184	0.28103	0.14063000000953674
378	1.018209139213562	0.2817600000190735	0.1403
379	1.0131642454528809	0.2813800000095367	0.14139000001430513
380	1.0071129084777832	0.27961	0.1399
381	1.0045098166656494	0.2808400000286102	0.1396200000143051
382	1.000353389892578	0.28047000000953676	0.14027000001430512
383	0.996045802192688	0.28017	0.14180000000715257
384	0.9906990833091736	0.27838	0.14019
385	0.9895450501823425	0.28065000000953677	0.14069000000476836
386	0.9847809350204467	0.27999999999046327	0.14058000000476836
387	0.9800649864578247	0.28012999999046323	0.14153999999523162
388	0.9791856579780579	0.2802500000286102	0.13956000000953675
389	0.9734689571762085	0.27907999999046323	0.14077999999523164
390	0.9702405219650269	0.2796600000190735	0.14080999999761581
391	0.9641254902267457	0.2794500000190735	0.14169000000953674
392	0.9606439776229858	0.27917000000953673	0.14094000000953674
393	0.9568276344108582	0.27761000002861025	0.1410700000143051
394	0.9523208884811402	0.27765000000953677	0.14059000000953675
395	0.9514703922271729	0.27916999999046327	0.14098000000953675
396	0.9468621828269959	0.27944	0.14089000000476837
397	0.9441381064224244	0.27921999999046326	0.14103
398	0.9385649853897094	0.2780200000143051	0.14108999999761582
399	0.936285386390686	0.27965	0.14180000000715257
400	0.931939135017395	0.27820000001907347	0.14164999999761582
401	0.9290141407966613	0.27857999999523164	0.14244000000476836
402	0.9256252778434754	0.27954999999046326	0.1417000000143051
403	0.9236402626419067	0.2782200000095367	0.14126000000476838
404	0.9144791383934021	0.27638	0.14251
405	0.9156650443649292	0.2780600000190735	0.14097000000953674
406	0.9125257473754883	0.27895000002861026	0.14135000000476838
407	0.909692992477417	0.27866000002861024	0.14137000000476838
408	0.9042473075485229	0.27747000000953675	0.1418299999976158
409	0.8983539840698243	0.2763500000190735	0.14210000000238418
410	0.8952634397125244	0.27644	0.14197000000476837
411	0.8958163296890259	0.27729000000953674	0.1416800000143051
412	0.8900003242683411	0.27672000002861025	0.14172
413	0.886814296798706	0.27707	0.14221999999523163
414	0.8818086950492859	0.2757400000286102	0.14173999999523162
415	0.8804774423408508	0.2762500000286102	0.14117000000953675
416	0.8743491984558105	0.27432000002861023	0.1413
417	0.8740886124992371	0.27701	0.1420199999976158
418	0.8712251655197144	0.27591000000953675	0.14134000000953675
419	0.8691130807876587	0.27759999999046325	0.14242000000476837
420	0.8613970055389404	0.27546000000953674	0.14256000000476837
421	0.8598145414352417	0.2756099999952316	0.14274000000476836
422	0.8543160332107544	0.2748600000190735	0.14312
423	0.8530894396781922	0.27474000000953674	0.14142000000476837
424	0.8494039165878295	0.2749600000190735	0.14263000001430512
425	0.8451773955917359	0.27413	0.14295000000953675
426	0.8440767225837708	0.27570000000953676	0.14271000000476838
427	0.8388022453117371	0.2743600000190735	0.1435
428	0.8376510490608216	0.27459000000953676	0.14237000000238417
429	0.8336258000946045	0.2744	0.14305000000476836
430	0.829928773097992	0.2749200000286102	0.14380999999523164
431	0.828031969985962	0.2748000000190735	0.14285999999523163
432	0.8229268816566467	0.2739899999952316	0.14268000001430511
433	0.8210890146827697	0.2751	0.14375
434	0.8186085624313354	0.27481	0.14328000000715255
435	0.8161221439170837	0.27444000002861024	0.14218000000953673
436	0.8109849198913575	0.2734400000095367	0.1426200000143051
437	0.8088421317100525	0.27430000000953675	0.14386000001430513
438	0.8042793186187744	0.27348000000953676	0.14391
439	0.805165161933899	0.27543000000953677	0.14286
440	0.7989621340370178	0.27334999999523163	0.14303999999761582
441	0.7978943366622925	0.27480999999046324	0.14305000000953674
442	0.793315458984375	0.2732900000190735	0.14347000000715257
443	0.7922471473312378	0.27382000000953677	0.14278000000476837
444	0.7887406192588806	0.2750100000286102	0.14401999999523163
445	0.7835131534194947	0.27295	0.1437
446	0.7831319533538819	0.27430999999046324	0.14343
447	0.7798075916290284	0.27307000000953674	0.14318000001430511
448	0.7775621638679504	0.27431999999046325	0.14426999999523163
449	0.7732489598846436	0.2732300000190735	0.1437500000143051
450	0.7701573934555054	0.2735700000047684	0.14447999999761582
451	0.7683794961166381	0.27381	0.14517
452	0.7634542778968811	0.2721599999952316	0.14428
453	0.763809582862854	0.27443000002861023	0.14431
454	0.7572874029159546	0.27175	0.14443000000715256
455	0.7558937750816345	0.27220000000953676	0.1443
456	0.7540771153640747	0.27391	0.14554000001430512
457	0.7513973528289795	0.27303000000476835	0.14395000000476837
458	0.7496087223434448	0.27281999999046325	0.14317
459	0.7467440072631836	0.27347999999046324	0.14445000000715255
460	0.7443268023681641	0.2739400000190735	0.14439000000476837
461	0.7400159037971497	0.2725500000095367	0.14411999999761582
462	0.736843686542511	0.27177999999046326	0.14374
463	0.7360447571182251	0.2725500000095367	0.14413000001430512
464	0.7312983278465272	0.27243999999046326	0.14476
465	0.730681698513031	0.27271999999046326	0.14456999999523162
466	0.7262011497497559	0.2716599999952316	0.14330000000476836
467	0.7259018342781067	0.27296999999046323	0.14341000000238419
468	0.7202850012207032	0.2716900000047684	0.14581000000715255
469	0.7214302920341492	0.27333	0.1453900000143051
470	0.713351945400238	0.27026000001907347	0.14499000000953674
471	0.7123475663757324	0.27128	0.14522000000476837
472	0.711565438079834	0.27080999999046323	0.14399000000476836
473	0.7061857370567322	0.27047	0.14487000000476838
474	0.7049860027122498	0.2711299999904633	0.14541
475	0.7017679597473144	0.27077	0.14519000000715257
476	0.7013918103218079	0.2713000000286102	0.14444
477	0.6997565904426575	0.27227999999046326	0.14489000000953675
478	0.6929886218261718	0.26960000000953677	0.14503000000953675
479	0.6928971043777465	0.27079000002861026	0.1457399999976158
480	0.6892743208122254	0.2703000000190735	0.1458900000143051
481	0.686675405921936	0.27006	0.14582000000476839
482	0.6845836548995972	0.2700300000190735	0.14533000000715257
483	0.6835188375854492	0.27069000000953675	0.1455900000143051
484	0.6832232516860962	0.27313000000953674	0.14630000001430513
485	0.6783387189865112	0.27164000000953675	0.14633000000476837
486	0.6753310673332215	0.27008	0.1460199999976158
487	0.6742912637710571	0.27153000000953675	0.14665000000476838
488	0.671575848941803	0.27010000000476836	0.14525000000476837
489	0.667686886177063	0.26949	0.14654
490	0.6665391250228881	0.27083000000476837	0.14618000000238418
491	0.6629291924667359	0.27073	0.14689
492	0.6603374392700195	0.26962000001430514	0.147
493	0.6629792453765869	0.27297999999046324	0.14593
494	0.6575779981613159	0.27040000000953673	0.1461700000143051
495	0.6544420965957641	0.2703499999952316	0.14660999999761581
496	0.6545467965698242	0.27112000001430514	0.14610000001430512
497	0.6512266849517823	0.27091000000953674	0.14608999999761582
498	0.647228338394165	0.2694200000190735	0.14526
499	0.6467726628112793	0.2711600000095367	0.14697
500	0.6448253569984436	0.2705300000143051	0.14623
501	0.6404478190612793	0.27011000002861024	0.14643000000715256
502	0.6392226328468322	0.2700000000095367	0.14660000000715256
503	0.6358938047790528	0.26982000001907347	0.14680999999523162
504	0.6302230891227723	0.26859000000953676	0.14828000000476838
505	0.6302649803352356	0.27016000000476836	0.14824999999761582
506	0.6267556192779541	0.26809000000953676	0.14841
507	0.628179269580841	0.26995000002861025	0.14733999999523162
508	0.6234590539169311	0.2696900000190735	0.14843000000953674
509	0.6207121466445923	0.26960000000953677	0.14978000000476838
510	0.6204200646400452	0.27113	0.14919000000476837
511	0.6137482826232911	0.26925999999046324	0.14999000000476836
512	0.6133490758895874	0.27017999999046327	0.14921000000476836
513	0.6132593368911743	0.27110000000953677	0.14947000000715255
514	0.6064449324035645	0.26888	0.15149000000476837
515	0.6058974784851074	0.2697700000190735	0.15189000000953673
516	0.6054248322677612	0.27092	0.15172999999523162
517	0.601847576789856	0.2695300000190735	0.1506
518	0.601389906616211	0.27039	0.15127000000476837
519	0.5967836979675293	0.2692700000190735	0.15112999999523163
520	0.5942244395446777	0.26915999999046325	0.15154000001430512
521	0.593083166847229	0.27059000000953676	0.15254999999523164
522	0.5901513745689392	0.27012	0.15316999999523162
523	0.5890637599182129	0.27027999999046326	0.15242000000476838
524	0.5862970194244385	0.27083000002861024	0.15426000001430512
525	0.5858950484085083	0.2707300000190735	0.15234999999523163
526	0.5837322138977051	0.27124999999046323	0.15259000001430512
527	0.5801013022994995	0.2700799999904633	0.15382000000953674
528	0.5775148516082763	0.27039	0.15415
529	0.5726492533683777	0.2695900000286102	0.15554999999523164
530	0.5732815484809876	0.27018	0.15451000001430512
531	0.571778129901886	0.2704300000143051	0.15386000000476838
532	0.5706083595466613	0.27233000002861024	0.15595000000476839
533	0.5665720201301575	0.27034000002861025	0.15644
534	0.5651301103019715	0.2704000000047684	0.15527
535	0.5629411180114746	0.27039000002861024	0.15464000000476838
536	0.5605991176223755	0.27047999999046324	0.15652999999523162
537	0.5586221227645874	0.27035	0.15620000001430512
538	0.5578082836914062	0.2715499999952316	0.15708
539	0.5535784472370148	0.27004000000953676	0.15688999999523162
540	0.5538572859764099	0.27128999999046327	0.15647000000476838
541	0.5514883548545837	0.27124	0.15778
542	0.5489655663108826	0.27053000000476835	0.15707999999523162
543	0.5475779502487182	0.27114999999523165	0.15784999999523164
544	0.5442210987854004	0.27064999999046324	0.15865
545	0.5423876534843445	0.27017000002861025	0.15794
546	0.5400213871574402	0.26950999999046327	0.1574700000143051
547	0.5411815555000306	0.27182000002861023	0.15820999999523164
548	0.5361920066070557	0.27145000002861025	0.15997000000476838
549	0.5348787640953064	0.2712900000190735	0.15950000000953674
550	0.5338869002914429	0.27218000000953674	0.16042
551	0.5318858934783935	0.27099000000476836	0.15930000000476838
552	0.5303195935058593	0.2733600000286102	0.16147000001430512
553	0.5287753750991822	0.2709	0.15925000001430512
554	0.5255703229236602	0.27096000000953674	0.15958000000953673
555	0.5271539316368103	0.27348999999046325	0.1610200000143051
556	0.5234958226776123	0.2727100000190735	0.16065999999761582
557	0.5200675225448609	0.2716800000190735	0.16117000000476836
558	0.5182241846466065	0.27221000000476836	0.16234000001430512
559	0.5162398499107361	0.27106000000953673	0.16039000000953674
560	0.5155880729103088	0.2724100000286102	0.16197000000476838
561	0.5141010818481445	0.2719999999952316	0.16251
562	0.5104575053787231	0.27106000000953673	0.1618800000143051
563	0.5078493272018433	0.27158999999046324	0.16323000000953675
564	0.5072124237155914	0.27204000000953676	0.16261000001430512
565	0.5049874040412903	0.27181000001907346	0.16373999999523162
566	0.5041100296020508	0.2722399999904633	0.16381999999761582
567	0.5014738399887085	0.27183000002861024	0.16364000001430512
568	0.5003016100692749	0.27135999999046323	0.16236
569	0.4985007461547852	0.2724100000190735	0.1643500000143051
570	0.4967264560413361	0.27232000001907347	0.16424000000953673
571	0.4953607130050659	0.2722500000190735	0.1640200000143051
572	0.49371244258880614	0.27251	0.16357
573	0.49309052165985107	0.27366	0.16538000000238418
574	0.48839422616004946	0.2703900000095367	0.16347000000476838
575	0.48811816719055173	0.2718400000047684	0.16471
576	0.48637234746932984	0.27205000002861024	0.16539999999523164
577	0.48598735162734985	0.2729000000047684	0.16529000000715255
578	0.48664562187194826	0.2746700000190735	0.1652400000143051
579	0.4821525314712524	0.2733799999952316	0.16589000001430512
580	0.4814491791152954	0.27312000002861025	0.16596999999523163
581	0.47935292518615724	0.27366000002861024	0.16691000001430512
582	0.4787024526023865	0.2740700000286102	0.16726000000953675
583	0.4771542523384094	0.2746000000190735	0.16725000001430512
584	0.47456458099365234	0.2742900000190735	0.16752000000953673
585	0.47380877300262453	0.27459999999046325	0.16777000000953673
586	0.4691332405471802	0.2725000000190735	0.16797000000476836
587	0.46862568948745725	0.2732199999952316	0.16789999999523164
588	0.4664435441970825	0.2727	0.1683
589	0.4652472270298004	0.2724100000190735	0.16805000000953674
590	0.4642189354133606	0.27363000000953674	0.16916000000476838
591	0.46419953490257265	0.27494	0.16896000000476838
592	0.4603868894577026	0.2734000000047684	0.16950999999523164
593	0.46016078617095946	0.2742299999952316	0.16957
594	0.4591333259010315	0.27475000001907346	0.16970000000476837
595	0.45580750286102295	0.2733200000190735	0.16955999999523164
596	0.4548003962135315	0.27397	0.16998
597	0.4528653339767456	0.2736100000095367	0.16993999999523163
598	0.45217985503196717	0.2740200000190735	0.171
599	0.4525930228042603	0.27481	0.17032999999523163
600	0.4515033468055725	0.27487000002861023	0.1702600000143051
601	0.4485385969257355	0.27495000000953673	0.17137999999523162
602	0.44613007634162904	0.27437000000953676	0.17119000000953674
603	0.44564259109497073	0.2755300000286102	0.17205999999523164
604	0.44363312103271485	0.27466999999046326	0.17192000000953675
605	0.4425666135597229	0.27462	0.17135000000953673
606	0.4432757776069641	0.2762899999904633	0.17229000000476838
607	0.43849744323730466	0.2738899999952316	0.17185000000953674
608	0.4355921435928345	0.2739600000047684	0.17324000001430512
609	0.437632226600647	0.27525999999046324	0.17200000001430513
610	0.43615108375549316	0.27576000002861023	0.17243000000476838
611	0.43255095497131346	0.27431999999046325	0.17258999999523164
612	0.43242605125427247	0.27526000000953676	0.17341999999523164
613	0.4310540850067139	0.27509999999046325	0.17336
614	0.43135640827178956	0.27688	0.17324000001430512
615	0.427214634437561	0.27486999999046324	0.1746
616	0.4267593648529053	0.2760900000286102	0.17510999999523164
617	0.42667260543823243	0.27594000001430513	0.1739800000143051
618	0.4236188445854187	0.2752999999904633	0.17476000000953673
619	0.424350842628479	0.2767299999952316	0.17527000000476836
620	0.4217914384269714	0.27556000000953673	0.1736200000143051
621	0.42113811408042906	0.27665000002861023	0.17496000000953674
622	0.41963691259384156	0.27659000000476835	0.17508000000476837
623	0.41693945415496825	0.27509000000953676	0.17521000000953674
624	0.4161870483493805	0.2753200000190735	0.17446000000476838
625	0.41686566438674927	0.2784600000143051	0.17669000001430513
626	0.4117173122024536	0.2749900000190735	0.17668
627	0.41161695751190186	0.27529000000953674	0.17535999999523164
628	0.41081589153289794	0.27620000001907347	0.17588000000953674
629	0.40831522644042967	0.27567000000953673	0.17721000001430512
630	0.4103072312736511	0.27729000000953674	0.17684999999523163
631	0.4080419764518738	0.27783	0.17827000000476836
632	0.4077747999572754	0.27794999999046327	0.17720999999523163
633	0.40410091153144834	0.27637999999046325	0.17781000000476838
634	0.40363064932823184	0.27745	0.17810999999523164
635	0.40143982563972475	0.2764900000095367	0.17811000000953675
636	0.3994504379272461	0.2757300000190735	0.17791000000476836
637	0.3995310541343689	0.27683	0.17799000000476836
638	0.39780840443611143	0.2768500000190735	0.17842000000953676
639	0.3976683352279663	0.2775199999904633	0.17820000000476838
640	0.3977256617164612	0.2778999999904633	0.17886000000953675
641	0.3957810507106781	0.2784900000190735	0.1794
642	0.39339389780044554	0.2770300000286102	0.17900000000953675
643	0.3930428722190857	0.2774499999952316	0.17952000000476837
644	0.3911688044834137	0.27712999999523164	0.18010999999761582
645	0.3921032771682739	0.27882	0.17975000000953675
646	0.3887013750267029	0.27812999999523164	0.1803900000143051
647	0.3881887385749817	0.2790099999904633	0.18249000000476837
648	0.38557919129371643	0.2777500000286102	0.18144000000476837
649	0.3865875867652893	0.278	0.17978000000715255
650	0.3865102398967743	0.2790500000190735	0.18051000000953674
651	0.3825755689907074	0.27673000000953674	0.1803300000143051
652	0.38195115697860715	0.2778500000286102	0.18220000000953673
653	0.38039378284454345	0.2776100000190735	0.18145999999523163
654	0.3803778782749176	0.27883	0.1821700000143051
655	0.37797803998947144	0.27870000002861023	0.18281
656	0.37787656003952025	0.2784	0.1816900000143051
657	0.3774710073852539	0.27909999999046325	0.18215000001430512
658	0.376218738117218	0.2790500000190735	0.18242
659	0.37579600220680237	0.28026	0.18399000001430513
660	0.37292156692504885	0.27942	0.18376000000476836
661	0.37188479199409485	0.27908	0.18386000000476838
662	0.37119784888267515	0.27959000001907347	0.18462
663	0.36977515117645265	0.27882999999046326	0.18360000001430513
664	0.36847779178619383	0.27972000000953673	0.1844700000143051
665	0.36878820533752443	0.2793499999904633	0.18359999999523163
666	0.36837672496795654	0.27983	0.18345000000953673
667	0.3644789094829559	0.2791900000286102	0.18486
668	0.3657268188858032	0.28120999999046326	0.18553
669	0.36432680823326113	0.2803500000143051	0.18522999999523163
670	0.3626348062419891	0.27859999999046325	0.18429999999523164
671	0.36220350660324097	0.28126000000953677	0.18658000000953676
672	0.3604059753227234	0.28070000002861023	0.18653
673	0.3595309949684143	0.27963000000953675	0.18539999999523163
674	0.3594112473678589	0.28058999999046325	0.18596999999523162
675	0.35877267813682556	0.28089000002861025	0.18560000001430513
676	0.35554712924957277	0.2805700000190735	0.1879400000143051
677	0.3577562692832947	0.2810099999904633	0.18497000000953676
678	0.35517230491638185	0.28015000000953677	0.18657000000953675
679	0.35508862401008606	0.28167000000953674	0.18756
680	0.3528786096000671	0.28054000002861024	0.18627
681	0.3524426630210876	0.28153000000953676	0.18692000000476838
682	0.3503101170730591	0.28069999999046324	0.18759000000953674
683	0.34966368766784667	0.28098000000953677	0.18725000000476838
684	0.34826675263404844	0.28068000000953675	0.18814
685	0.34728124139785765	0.2806000000190735	0.18839
686	0.3476543574142456	0.28112999999046323	0.18694000000476838
687	0.3479273589992523	0.28265	0.18825000000953673
688	0.3443432571220398	0.28042999999046325	0.18768999999523162
689	0.34436594539642335	0.2817100000190735	0.18839999999523163
690	0.3427220647239685	0.28250000002861025	0.19087999999523164
691	0.34144203310012816	0.2816799999904633	0.18953000001430512
692	0.34178085706710815	0.28145000000953674	0.18817000000953674
693	0.3397871335220337	0.28147000000953676	0.18918000000476837
694	0.33930025323867796	0.28214	0.19001000000476836
695	0.34096226941108704	0.28273999999523164	0.18869
696	0.3405993052101135	0.28327	0.18944000002861022
697	0.3379606900691986	0.28403000000953676	0.19167999999523164
698	0.33670727500915526	0.28384999999046323	0.19140000001430513
699	0.334400200214386	0.2819100000286102	0.19070999999523164
700	0.33284022397994995	0.28203000000953676	0.19164999999523163
701	0.3318861165046692	0.28156000000953674	0.19071
702	0.33324595279693603	0.28344000001430514	0.19081999999523164
703	0.3312743517112732	0.28374999999046324	0.19330999999523163
704	0.3308513277053833	0.28345999999046323	0.19162999999523161
705	0.3303305884075165	0.2845700000190735	0.19314000001430512
706	0.32884995484352114	0.28311	0.19291
707	0.3285219404029846	0.2843200000190735	0.19394
708	0.32805721578598024	0.28542000000953677	0.19378000001430512
709	0.3273687037086487	0.28379999999046324	0.19167
710	0.3255249690437317	0.28402	0.19494000001430511
711	0.3249204365158081	0.28453000001907347	0.19424000002861022
712	0.32381888298034667	0.28394000002861025	0.19375000000953674
713	0.32240061225891115	0.28353000000953676	0.19409
714	0.3217134444141388	0.2842899999904633	0.19468000000953675
715	0.32110044925689696	0.2839100000286102	0.1938
716	0.32091675354003907	0.28440000000953675	0.19415
717	0.32105550580024717	0.2853699999952316	0.19492999999523164
718	0.3189613498497009	0.2854499999904633	0.19598999999523162
719	0.3190005407142639	0.28487	0.19402000000476838
720	0.3184306608295441	0.28562000000953675	0.19502000000953673
721	0.31614057858467104	0.28511000000953673	0.19620999999523162
722	0.31747824975013733	0.28623999999046323	0.19585000000476838
723	0.3139867088699341	0.2848	0.19636000000953674
724	0.31370992092132566	0.28574	0.19700000000953674
725	0.3135561682891846	0.2856500000095367	0.19575999999523164
726	0.31261391481399536	0.28556000000953674	0.1967600000143051
727	0.31190007907867434	0.28607999999046324	0.19677
728	0.3114730437421799	0.2859700000286102	0.1966200000143051
729	0.3120294570350647	0.2874500000143051	0.19717
730	0.3101706855583191	0.28580000000476835	0.19642
731	0.3084401403808594	0.28567000000953674	0.19730000000476838
732	0.30751922239303586	0.2860100000190735	0.19768
733	0.30840922881126404	0.2877	0.19824000000476838
734	0.3066823359489441	0.28653000000953677	0.19827000000953673
735	0.3046511006355286	0.28616000002861025	0.19787000000476837
736	0.30464559977531436	0.28629000000953675	0.19876
737	0.3053103906059265	0.28763999999046325	0.19896000000953673
738	0.3060380956077576	0.28756999999046323	0.19803000000476836
739	0.3019781537914276	0.2863500000190735	0.19940000000476837
740	0.3012987296295166	0.2868700000095367	0.19885999999523163
741	0.3026670761871338	0.2878200000047684	0.19881000001430513
742	0.30059628690719603	0.28833000000953674	0.2008
743	0.30040790212631224	0.28759999999046326	0.19930000001430512
744	0.2999225635433197	0.2882799999904633	0.20018999999523163
745	0.2985865545272827	0.2875200000286102	0.20052999999523163
746	0.29894252641677854	0.28819999999046325	0.20021000000953673
747	0.29846234515190123	0.2890200000286102	0.20123999999523162
748	0.29664633214950564	0.28781000002861024	0.20035999999046325
749	0.29571232837677003	0.2870500000190735	0.20004000000476838
750	0.29326238119125364	0.28781	0.20294
751	0.29378507179260255	0.28743	0.20137000000953675
752	0.29150500531196594	0.28719	0.2027900000143051
753	0.29371030119895936	0.2883800000190735	0.20166
754	0.29264404317855836	0.28907999999046324	0.20195000000953675
755	0.290135557384491	0.28746	0.20223000000953675
756	0.29156412296295164	0.28930000000953676	0.20265999999523163
757	0.29009338603019713	0.28932	0.2034300000143051
758	0.289278963804245	0.2883000000286102	0.2021800000143051
759	0.2895931962585449	0.2890099999904633	0.20260000001430511
760	0.28809679142951966	0.28912	0.20302999999523164
761	0.2881551184844971	0.29025999999046326	0.20389
762	0.2865961085319519	0.28973000000953675	0.20474000000476839
763	0.2884295397090912	0.2913300000190735	0.20457000000953673
764	0.2852586174678802	0.28991000000953676	0.20438999999523164
765	0.2834760719013214	0.2873400000143051	0.20363000000953674
766	0.2831336800098419	0.2887300000190735	0.20436
767	0.28427781292915344	0.28986000001907347	0.20371000001430511
768	0.28272549074172976	0.28985999999046325	0.20552000001430512
769	0.28246280730247497	0.2896099999904633	0.20352000000953674
770	0.2827886681365967	0.29027000000953673	0.20478000000476837
771	0.27829637629508974	0.28919999999046325	0.20606999999523162
772	0.2788836820030212	0.2897199999904633	0.20583999999523162
773	0.2789836860656738	0.29064000000953677	0.20726
774	0.2820570782852173	0.2922200000047684	0.2057
775	0.2783931968784332	0.2906000000190735	0.20666000001430512
776	0.277929312210083	0.29059	0.2065900000143051
777	0.27581994060516357	0.2903200000095367	0.20743
778	0.27528912245750425	0.28979999999046324	0.20669000001430513
779	0.2762078757095337	0.2898700000095367	0.20644000000953674
780	0.2775504762172699	0.29165999999046327	0.20566000000953674
781	0.27253414299964906	0.2897600000095367	0.20764000000476837
782	0.2751638443183899	0.29156	0.2070600000143051
783	0.2744501865386963	0.29117000000953674	0.20753000000476837
784	0.2717507957363129	0.2906300000286102	0.20682999999523163
785	0.2720403275871277	0.2918200000190735	0.20853
786	0.2720787411499023	0.2912599999952316	0.20758000000715257
787	0.27184810916900637	0.2912400000286102	0.20764999999523162
788	0.27129129699707033	0.29222	0.20806
789	0.2702328551101685	0.2919300000095367	0.20838000000476836
790	0.27158592720985414	0.29316	0.20846000000476836
791	0.2691778775596619	0.29183000000953674	0.2087
792	0.26782985036849977	0.29135000001907346	0.20926000000953673
793	0.2663166078853607	0.2917700000047684	0.20997000000953675
794	0.2677251978826523	0.29241999999046325	0.20951000001430511
795	0.26588055515289305	0.29242000000476837	0.21044
796	0.26625196910858157	0.29291000002861023	0.21043000002861023
797	0.2645050221252441	0.2911700000190735	0.20939
798	0.26623471166133883	0.29329000001907346	0.21061000001907348
799	0.2639507194042206	0.29194000000953674	0.20953999999523162
800	0.2643777953624725	0.29306000000953675	0.21083000001907348
801	0.2615335132598877	0.29230000000953676	0.21172
802	0.2627163912010193	0.2930900000095367	0.21149
803	0.263398990983963	0.2940000000286102	0.21091
804	0.2617833759212494	0.2941700000286102	0.21251999999523163
805	0.2608181589269638	0.29257000000953676	0.21038999999523164
806	0.26019262291908263	0.29291	0.21132000000476836
807	0.2599447066116333	0.29329000000953676	0.21249000001430512
808	0.25889285455703737	0.2928800000190735	0.21213
809	0.25868543093681334	0.2937800000286102	0.21274
810	0.2590883467388153	0.2942600000095367	0.21285000001430512
811	0.2569433572816849	0.294	0.2140500000143051
812	0.25751932277679446	0.2945000000190735	0.21427
813	0.25686439063072203	0.29370000002861024	0.21329000000953674
814	0.2565050156164169	0.29422	0.2130800000143051
815	0.2551654338264465	0.2938700000095367	0.21312999999523163
816	0.2545041370868683	0.2935600000286102	0.21372000000953675
817	0.2549767810249329	0.29483999999046323	0.21466
818	0.25415535972595216	0.29414	0.21372000000953675
819	0.2542253234100342	0.29496999999046325	0.21416000000476837
820	0.252998208360672	0.29413	0.21381000000476838
821	0.25187932686805725	0.2938600000190735	0.21440000000953674
822	0.2517469297409058	0.2941100000190735	0.21425000000476838
823	0.2509637060451508	0.29369	0.21367999999523163
824	0.25030288397789	0.2933100000095367	0.21406000000476838
825	0.2507716967535019	0.2948400000286102	0.21459000000476838
826	0.2504886137008667	0.29462000000953675	0.21405999999523162
827	0.2492152622795105	0.2953100000095367	0.21612000000476836
828	0.24856181166648864	0.29428999999046324	0.21451000000953674
829	0.24958341898918152	0.29546	0.2151
830	0.24840013643264772	0.29500999999046323	0.21508000000476837
831	0.24874995077133177	0.2961600000190735	0.21600000000476838
832	0.24819325901031494	0.29608999999046326	0.21643
833	0.24739787422180176	0.29618	0.21625000000953673
834	0.24748478734970092	0.29593000002861025	0.21606000001430511
835	0.2451210744857788	0.2950600000190735	0.21645000000953674
836	0.2448717218399048	0.29544	0.21663000000953675
837	0.24621605019569398	0.29624000000953676	0.21624000000953675
838	0.24452987962245942	0.29531	0.21679000001430512
839	0.2425970137500763	0.29458000000953677	0.21621000000953675
840	0.2441484501361847	0.2961400000095367	0.21743000000476836
841	0.24338325059890747	0.29654000002861025	0.21813000000476837
842	0.24310743088722228	0.2968400000143051	0.2173499999976158
843	0.24185636453151702	0.29640000000953676	0.21771000000476837
844	0.24248575735092162	0.29652000000476836	0.21757000000953675
845	0.23933474495887758	0.29441	0.21804000001430512
846	0.24192218685150146	0.29661999999046323	0.21699999999046327
847	0.2409754794549942	0.29587999999046327	0.21797000000953673
848	0.2395237453365326	0.2962500000190735	0.2186400000143051
849	0.23871411206245421	0.29642999999046327	0.21945000001430512
850	0.2377689748573303	0.2953200000190735	0.21842999999523163
851	0.23831907186508178	0.29655	0.21884
852	0.23896370252609253	0.29645999999046324	0.21738
853	0.2387366352558136	0.29664000002861024	0.21917
854	0.238398261013031	0.2973600000095367	0.21807000001430513
855	0.23799751300811767	0.29719000000953677	0.21939999999523163
856	0.23620288047790527	0.29644999999046323	0.21973000000476836
857	0.2360733151245117	0.29680000002861023	0.21907000000953675
858	0.2349856683063507	0.29666000000953674	0.21939000000476838
859	0.23542981868743895	0.2968300000190735	0.21943000000476837
860	0.23470688675880433	0.2973900000190735	0.2206300000143051
861	0.23266724588871002	0.29572	0.2193
862	0.23463219826221465	0.2981000000190735	0.22052
863	0.23253865255355835	0.2971000000190735	0.22150000001430512
864	0.2340564528656006	0.29769999999046326	0.2198800000143051
865	0.23339924545288085	0.2979399999904633	0.2211100000143051
866	0.23269074862003328	0.29761	0.22109000000953674
867	0.2329583947277069	0.29802	0.22098000000476836
868	0.23052227732658387	0.29672000000953674	0.22104000000953675
869	0.23136022622585298	0.2972600000190735	0.22008000000476838
870	0.23206876446723937	0.29827000000953674	0.22011999999523163
871	0.2310160264968872	0.29783000000953674	0.22081000000953674
872	0.2292466674041748	0.2973700000190735	0.22154
873	0.23099076681137085	0.2989100000190735	0.22076000000476836
874	0.22589129941940309	0.29607999999046325	0.2219700000143051
875	0.22737944063663482	0.2971100000286102	0.22179
876	0.22620342954158784	0.2967200000286102	0.22192999999523164
877	0.22572116703033449	0.29633999999523164	0.22138000000953675
878	0.22631441583633422	0.2967800000190735	0.22146000000953675
879	0.2270397268486023	0.2986400000095367	0.22246
880	0.22562066784381865	0.29712	0.22194
881	0.225827585606575	0.29777	0.22229000001430513
882	0.22593594158172609	0.2970600000286102	0.22137000000476836
883	0.22658815136909485	0.29872000000953675	0.22236000001430511
884	0.2253205787563324	0.29782999999523163	0.22218999999523162
885	0.2259420233774185	0.29909999999046327	0.22255000002861022
886	0.22502703914642333	0.29808000002861024	0.22275000001430512
887	0.2233873814201355	0.29810000002861026	0.22326
888	0.22271448174476624	0.2974700000190735	0.22306
889	0.22461791887760163	0.29908999999046326	0.22328000000476836
890	0.2240361160993576	0.29924000000953677	0.22470000000476836
891	0.2219466163444519	0.29823999999046324	0.22323999999046326
892	0.2237718285369873	0.2996900000190735	0.22347999999046325
893	0.22030638125896454	0.29804000002861025	0.2235800000143051
894	0.2211936166238785	0.29864000001430513	0.22481
895	0.2218914853286743	0.2981500000190735	0.22311
896	0.21859479061603546	0.2973	0.22391
897	0.22120042328834533	0.2983600000095367	0.22295999999046326
898	0.21881050508499145	0.2978400000286102	0.22349999999523162
899	0.22223800892353057	0.30085000001907347	0.22453999999046326
900	0.21814697211265563	0.29799	0.22419000000953673
901	0.2192656767272949	0.29926999999523163	0.22477999999523163
902	0.21936556240081787	0.29895000000953675	0.22393999999523162
903	0.22008800028800965	0.2999900000286102	0.22527
904	0.22012127977371215	0.2992300000286102	0.22410000000476837
905	0.21900702375888825	0.29958999999046326	0.22459
906	0.21771111353397368	0.2997900000286102	0.2258000000143051
907	0.2179124330854416	0.29953	0.2249
908	0.21624377863883973	0.2979	0.22405000000953673
909	0.21656514870643614	0.29885000002861023	0.22445
910	0.21777431869506836	0.30019999999046326	0.22525000001430512
911	0.21625312155246734	0.29905000000953674	0.22503999999523164
912	0.21630021248817444	0.30013000002861023	0.22590000001907348
913	0.21551858601570129	0.29971000000953674	0.22597
914	0.2147288604259491	0.29860000000953674	0.2250400000143051
915	0.21545980377197266	0.30021000000953674	0.22615000000953675
916	0.21477361835956574	0.29974000000953677	0.22587000000953675
917	0.21355215148925782	0.29843	0.22496000000476837
918	0.21448039413928985	0.2997500000095367	0.22510000000953675
919	0.21300501631736754	0.29890000001907346	0.22613999999523163
920	0.2122175004005432	0.29909999999046327	0.22609999999523162
921	0.2126781069087982	0.2992	0.22577000000953673
922	0.21353598222732545	0.3004800000190735	0.22638000000953673
923	0.2133399471950531	0.29963000002861023	0.22537999999046326
924	0.21177434181213378	0.29963000000953677	0.2270200000190735
925	0.21196597156524657	0.2992700000286102	0.22560999999046324
926	0.2117224180841446	0.29925000002861024	0.2263500000143051
927	0.21170113151073455	0.3000499999904633	0.22709000000476837
928	0.21151955651283263	0.2996100000286102	0.22595000001430512
929	0.21107498271942138	0.29988999999046323	0.22612999999523162
930	0.21004991580486299	0.29964000002861024	0.22647000001430512
931	0.2114021506690979	0.3001800000286102	0.22583999999523163
932	0.209825717754364	0.2993300000286102	0.22629999999046327
933	0.211723042140007	0.30053999999046327	0.22592999999046326
934	0.21011063229560853	0.3006100000286102	0.22783000000953674
935	0.21046148817062377	0.30067999999046324	0.22693000000953675
936	0.20825707361221313	0.29926000002861025	0.22687999999046327
937	0.20946531857967376	0.30016999999523164	0.22658000000953674
938	0.2092655148267746	0.3005000000286102	0.2268200000143051
939	0.21014321320533752	0.3009200000095367	0.22652000002861022
940	0.20751308028697968	0.29965	0.22726
941	0.2082913724374771	0.3006100000286102	0.22788
942	0.20646098777294158	0.29946	0.22730000000953673
943	0.20794011126995088	0.30114000002861024	0.22802000000476838
944	0.20671339663505553	0.2998800000143051	0.2265
945	0.20703933317184448	0.30021000000953674	0.22776000000476837
946	0.20501147594451904	0.3000200000190735	0.22798000000953675
947	0.20576672735214233	0.3001099999904633	0.22811999999523164
948	0.2060340924835205	0.29976000002861025	0.22699000000953673
949	0.20500524034500123	0.29985000002861023	0.22809000000476837
950	0.2056213006591797	0.3001200000286102	0.22744
951	0.20559626913070678	0.30050000000953675	0.22816999999046325
952	0.20601131402492523	0.30067	0.22657000000476837
953	0.2039302960586548	0.2997600000190735	0.22771
954	0.2045611929321289	0.30018999999046325	0.22829000000953675
955	0.2050395172071457	0.3005000000190735	0.22792000000476836
956	0.20479171907424926	0.30046000001907347	0.22744999999523163
957	0.20328946082115174	0.30002999999046326	0.22738000000476838
958	0.20300764227867127	0.30068000000953676	0.22846000000953676
959	0.20421486670970918	0.3009200000095367	0.22782999999523162
960	0.20255642038345337	0.2999200000095367	0.22850000000953674
961	0.20338529471874237	0.3003299999904633	0.22715999999046327
962	0.20207309131622314	0.30042	0.22888
963	0.20326998609542846	0.3013300000286102	0.22837000000476837
964	0.2022707850599289	0.30031999999046327	0.22807000002861022
965	0.2027557294559479	0.3003600000095367	0.22718999999523162
966	0.2020627053785324	0.30040999999046325	0.22829000000476837
967	0.20094932235717775	0.29982000000953674	0.22785
968	0.20006325877189637	0.2998799999904633	0.22780000001430512
969	0.20107447047233581	0.30059000000953673	0.22764000000476836
970	0.20100965748786925	0.3002	0.22727
971	0.2008992931509018	0.30001	0.22729999999523162
972	0.20203076991081237	0.30165000002861025	0.22797
973	0.19915095821380616	0.29980999999046326	0.22823000001907348
974	0.1995344166994095	0.3001700000190735	0.22837
975	0.2014969227218628	0.30130999999046326	0.22829000001907349
976	0.199918024353981	0.2996000000286102	0.22761000000953674
977	0.20077507954597473	0.30135999999046326	0.22801999999523162
978	0.1996844857978821	0.3013799999904633	0.2297
979	0.20080508032798766	0.30174	0.2285700000143051
980	0.19895397607803345	0.3007000000095367	0.22887000000476837
981	0.19779091902256013	0.29957999999046325	0.22758999999046325
982	0.19923704815387727	0.30021000000953674	0.22693000000953675
983	0.19853312345981597	0.30034000001907346	0.22919999999523163
984	0.19985167352676392	0.3014700000095367	0.22909000000476837
985	0.1982241253900528	0.30020999999046327	0.22852000000476838
986	0.19902221344470977	0.30035	0.22865000000953675
987	0.1990201694393158	0.30026000000953673	0.22838000000953673
988	0.19950798080444335	0.30129	0.22872
989	0.19927952614784242	0.30083000000953675	0.22852000000476838
990	0.19987548126220703	0.3012000000190735	0.22820000000953675
991	0.2011414334487915	0.30236000001430513	0.2285700000143051
992	0.1993122476387024	0.30036000000476837	0.22786000000953674
993	0.19786655935287475	0.30001000000953676	0.22843000000476837
994	0.19811815231323243	0.30023000001907346	0.22880000000953674
995	0.1975004061985016	0.30035000000953677	0.22950999999523164
996	0.20025132308959961	0.3018300000190735	0.22805
997	0.19940498198509216	0.3010499999904633	0.22919999999523163
998	0.19871022438049316	0.30101000001907346	0.22955000000476838
999	0.1995077842903137	0.3015300000095367	0.22944000000476839
