epoch	loss	acc	certified
0	0.8881913453102112	0.26155000001589457	0.05703333333730698
1	0.7844974527041118	0.2915333333651225	0.1845333333412806
2	0.7568130945841471	0.30186666668256124	0.24771666667461395
3	0.6054570172309875	0.6047666666666667	0.25526666666666664
4	0.44556345286369325	0.7434000000317892	0.3827833333492279
5	0.3071134222348531	0.8331500000317892	0.5439
6	0.22638266869386037	0.8622333333333333	0.6824833333651225
7	0.1818640282154083	0.8883833333969117	0.7461166666666667
8	0.15451515262126922	0.9053166666984558	0.7833833333333333
9	0.1335158704996109	0.9195500000635782	0.8101166666666667
10	0.11544721097946167	0.9336500000635782	0.8303666666666667
11	0.09999447391033173	0.9435333333651225	0.849416666730245
12	0.08957560762564341	0.9503666666984558	0.8628833333333333
13	0.08150638415018717	0.9546333333651225	0.8760666666984558
14	0.07490678711136182	0.9605166666984558	0.8824333333651225
15	0.07124121174017588	0.9615500000635783	0.888816666730245
16	0.06631917311350505	0.9642333333333334	0.8961000000317891
17	0.0628743165353934	0.9664833333651225	0.9013166666984558
18	0.05978217177788417	0.9684000000317892	0.9059833333969116
19	0.05647098399400711	0.970166666730245	0.9103833333651224
20	0.05398392634789149	0.9713833333651225	0.9132333333651225
21	0.05271018385291099	0.9726500000317891	0.9161000000635783
22	0.050343240519364674	0.9742000000317892	0.9178500000317892
23	0.04807017183303833	0.9748000000635783	0.9219000000317892
24	0.046939648852745694	0.9752833333969116	0.9237833333651225
25	0.045769524908065795	0.97655	0.9263333333651225
26	0.04378131136099497	0.9774500000635783	0.9282
27	0.04398745106458664	0.9769666666666666	0.9291333333969116
28	0.041626519521077474	0.9786500000635783	0.9308000000317892
29	0.04013146556615829	0.9796333333333334	0.9333500000635783
30	0.040381254585584	0.979	0.9344000000635783
31	0.03949595608711243	0.9792333333333333	0.93495
32	0.03860872185031573	0.9804166666666667	0.9355
33	0.037331819174687066	0.9802000000317892	0.9379
34	0.03655400646130244	0.981466666730245	0.9379333333969117
35	0.03628511715432008	0.9814500000635783	0.9393166666984558
36	0.03484337958097458	0.9824500000317892	0.9408333333651224
37	0.03483997893333435	0.9830166667302449	0.94015
38	0.0339106033205986	0.98265	0.9435
39	0.03303222627838453	0.9827833333969116	0.9435666666984558
40	0.03274906564851602	0.9838333333333333	0.9434500000317891
41	0.03239489682763815	0.9837166666666667	0.9445166666984558
42	0.03165884030461311	0.9840333333969116	0.9453666666984558
43	0.031200513478120168	0.9842666666984559	0.94605
44	0.030515540105104447	0.9846	0.9466333333333333
45	0.030829404409726462	0.9851333333333333	0.947216666730245
46	0.030297650450468065	0.9847833333969116	0.9479333333333333
47	0.02909814490278562	0.9856000000317892	0.9491833333333334
48	0.029471915751695634	0.9849666667302449	0.9482166666666667
49	0.028730962651968003	0.9857500000317891	0.9494166666984558
50	0.02886923449685176	0.9858166667302449	0.9491500000317892
51	0.028251338664690654	0.986616666730245	0.9493000000317892
52	0.02764830241302649	0.9867	0.9511833333969116
53	0.028172548242410025	0.9861000000635783	0.9504500000635783
54	0.02780190861125787	0.9867000000635783	0.9506166666984558
55	0.0268938140441974	0.9866666666666667	0.9526
56	0.02689491037130356	0.9871666666666666	0.9521333333333334
57	0.026649491797884305	0.9869833333333333	0.9529666666984558
58	0.026020044936736424	0.9876333333651225	0.9539333333333333
59	0.02538330665230751	0.9874000000317892	0.9546
60	0.02523013175527255	0.987566666730245	0.9545500000635783
61	0.02544074925581614	0.9877500000635783	0.9544166666984558
62	0.02521417876978715	0.9877666666666667	0.9536500000317891
63	0.024783882798751194	0.9884166666666667	0.9553833333651225
64	0.025208852203687033	0.9876166666666667	0.9546833333651225
65	0.02411953090230624	0.9883500000317892	0.9561500000635783
66	0.02468162160317103	0.9880166667302449	0.9554000000317892
67	0.024187357980012893	0.9881833333651224	0.9560500000635783
68	0.023676568992932637	0.9883166666666666	0.9570000000317891
69	0.023614622541268667	0.9884833333651225	0.9573333333651225
70	0.02343145078221957	0.9888833333333333	0.9566500000635783
71	0.023337087229887643	0.9884666666666667	0.9578000000635782
72	0.02266925699710846	0.989516666730245	0.9580333333333333
73	0.022674524728457133	0.9892333333969117	0.9575833333333333
74	0.02224699777960777	0.98895	0.9591000000635783
75	0.022349007893462353	0.98955	0.9587833333969116
76	0.022700707866748174	0.989516666730245	0.9582333333651225
77	0.022216029886404674	0.9894833333333334	0.9597166666984558
78	0.022097969155510266	0.9890500000635782	0.9592500000635783
79	0.02202995765109857	0.9899833333651225	0.9586500000317891
80	0.020976687612136204	0.990316666730245	0.9596833333333333
81	0.021500460159778596	0.9893166666984559	0.9602833333969116
82	0.021299022217591605	0.9896500000635783	0.9603666666666667
83	0.02125240121881167	0.9898500000317891	0.9605500000317891
84	0.020968292465806008	0.98975	0.96155
85	0.02060940339801212	0.9901166666666666	0.9620166666984558
86	0.02047768505414327	0.990316666730245	0.9613666666984558
87	0.020244883302847544	0.9906666666666667	0.9614
88	0.0209404565513134	0.9905500000635783	0.9606833333333333
89	0.020618566867957513	0.9906333333333334	0.961166666730245
90	0.020033580711483954	0.9903000000635783	0.96275
91	0.019982689923048018	0.9906166666666667	0.9624000000635783
92	0.02025340231657028	0.9904666666666667	0.9621500000317892
93	0.019834261391560238	0.9905166666666667	0.9628666667302449
94	0.020138480093081793	0.9902333333651224	0.9626166666984558
95	0.020002470276628933	0.99065	0.96255
96	0.019342178799708683	0.9908500000635783	0.9627166666666667
97	0.01961690806945165	0.9908166666984558	0.9630000000317891
98	0.01937080465182662	0.99105	0.9633166666984558
99	0.018810794934630393	0.991316666730245	0.9641500000635783
100	0.01946041111747424	0.99155	0.9626666667302449
101	0.019009041959047318	0.9913500000635783	0.9627833333333333
102	0.01879068963751197	0.99145	0.9627666667302449
103	0.019573971927165985	0.9911500000635783	0.9617500000317891
104	0.01962478931645552	0.991266666730245	0.9619000000635783
105	0.019330830458799998	0.9909666667302449	0.9624000000635783
106	0.01918850075205167	0.9913833333969116	0.9618500000317891
107	0.018929663873712223	0.991416666730245	0.9618333333651224
108	0.018692106797297797	0.9917000000635783	0.962116666730245
109	0.01898797946969668	0.9915333333969116	0.9622
110	0.01957574926217397	0.9917	0.9603000000635783
111	0.019316012267271677	0.9919166666984558	0.9597666666666667
112	0.019224786814053853	0.9913333333969117	0.9615166666666667
113	0.01862817099293073	0.9921666666666666	0.9612833333651225
114	0.019519681333502133	0.9918333333969116	0.9598666666984558
115	0.01956713536083698	0.9914166666666666	0.9601666666666666
116	0.01857963917454084	0.9920500000317891	0.9610166666666666
117	0.019578721747795742	0.9919666666666667	0.9591500000317892
118	0.019007407909631728	0.9919666666984558	0.9602500000317892
119	0.018885168324410916	0.9922666666666666	0.9591833333333334
120	0.01892186953475078	0.9924666666666667	0.9594333333651225
121	0.01848539933959643	0.992316666730245	0.9597333333333333
122	0.018819464803735416	0.9925166666984558	0.95885
123	0.019288304396470387	0.9920166666984558	0.9585166666984558
124	0.01905934455593427	0.9922166666666666	0.9593333333969116
125	0.019128536722064018	0.9924500000635783	0.9584666666984558
126	0.01899292412896951	0.9921833333969117	0.9585500000635783
127	0.018787541298071544	0.9924833333333334	0.9588500000635782
128	0.01901040129264196	0.9922000000635783	0.9580666666666666
129	0.018793649003406365	0.9922166666666666	0.9584333333651225
130	0.019442396831015746	0.99275	0.9576000000635783
131	0.019050277954836686	0.9923333333333333	0.9574333333651225
132	0.018632232481241226	0.992516666730245	0.9581000000317892
133	0.018847432747483253	0.9923833333333333	0.9573
134	0.01917510604262352	0.9923666666984559	0.9583166666984558
135	0.018940135884284972	0.992566666730245	0.9572833333651225
136	0.018899206161499024	0.9927833333969116	0.9567333333969116
137	0.018838942405581476	0.9927833333969116	0.95775
138	0.01889919540286064	0.992666666730245	0.9573000000635783
139	0.01922102488478025	0.9927000000317892	0.9571500000635783
140	0.018742894818385442	0.9927500000635783	0.9569000000317891
141	0.018489331007997194	0.9924833333969116	0.9566666667302449
142	0.01901923174758752	0.9929333333969116	0.95705
143	0.018921733222405115	0.9926	0.9565333333651225
144	0.018919131901860238	0.99275	0.9570000000317891
145	0.018819527213772138	0.9930000000635782	0.9561666666666667
146	0.01927916222612063	0.9925333333969116	0.9559000000635783
147	0.019275462287664413	0.9923000000635783	0.9557333333333333
148	0.01932953559358915	0.9928666666984558	0.9551000000635783
149	0.019138636671006678	0.9927	0.9557166666984558
150	0.01891064656128486	0.99295	0.9551
151	0.019054057079553603	0.992666666730245	0.9548333333333333
152	0.019681112082799275	0.9926	0.9547833333969116
153	0.01976917871038119	0.9922500000635783	0.9535666667302449
154	0.019248464049398898	0.9931	0.9542500000635783
155	0.019300025981664658	0.993216666730245	0.9535500000635783
156	0.019156306475400925	0.9928500000317891	0.9539000000635783
157	0.01965233024706443	0.9929666666666667	0.9529666666666666
158	0.019136362063884735	0.9931333333333333	0.9539666666666666
159	0.01950173036356767	0.99325	0.9523500000317892
160	0.019539178943634033	0.9931000000635782	0.9530833333651225
161	0.019347608744104704	0.9931333333333333	0.9530333333969117
162	0.019463190904259683	0.9930333333333333	0.9533500000635783
163	0.018674603099624317	0.9932333333969117	0.9532833333969116
164	0.019270232464869818	0.9931333333969116	0.9527166666666667
165	0.01952995028694471	0.9934000000317892	0.9523000000317892
166	0.018993067914247513	0.9933666666666666	0.9525333333333333
167	0.019507923771937687	0.9934166666666666	0.9509000000635783
168	0.019707867660125097	0.993316666730245	0.9512666666666667
169	0.019438257071375847	0.9932500000635783	0.9518833333969117
170	0.019210546642541886	0.99325	0.9519666666666666
171	0.01951850142776966	0.9930666667302449	0.9506833333651225
172	0.019710813734680414	0.9929	0.9510333333333333
173	0.019576746789117656	0.9930166666666667	0.9505833333969116
174	0.019103011724352838	0.9933333333333333	0.9514166666666667
175	0.01991073333621025	0.9930000000635782	0.9499166666984558
176	0.019914602302511533	0.9932833333333333	0.9495666666666667
177	0.019766127121448516	0.9934	0.9494333333969116
178	0.019868926455577213	0.9930666666984558	0.9495833333333333
179	0.019234313048919042	0.9933666666666666	0.9509500000317891
180	0.01926890753209591	0.99325	0.9506666666666667
181	0.02001675149401029	0.9931500000635783	0.9491
182	0.019919077199697495	0.993266666730245	0.9483000000635783
183	0.019930155082543692	0.9931000000635782	0.949316666730245
184	0.02006503866116206	0.9930666666984558	0.9489166666666666
185	0.019978068635861077	0.993516666730245	0.9483333333969116
186	0.01987349430024624	0.9933833333969116	0.9479666666666666
187	0.01992692290743192	0.9934000000635783	0.9470166666666666
188	0.01980897167921066	0.9934	0.94835
189	0.019836753058433534	0.9936166666666667	0.9480666666984559
190	0.019942317901551723	0.99315	0.9479333333969117
191	0.020014100230733554	0.9936666666666667	0.9472333333333334
192	0.019752655015389125	0.9933666666984559	0.94795
193	0.019794732049604257	0.9934166666666666	0.9471333333651225
194	0.019860830478866894	0.9939833333969116	0.9460500000635783
195	0.020024283868074418	0.9932166666984558	0.9471333333651225
196	0.020280166496833167	0.9933833333333333	0.9464
197	0.0199528099189202	0.9931	0.94725
198	0.020095627655585608	0.9932	0.9465833333969116
199	0.02007390989512205	0.9933833333333333	0.9456333333651225
200	0.020229373240470885	0.9937	0.9450500000317892
201	0.020226903599500655	0.9934	0.9462500000635783
202	0.01994503457695246	0.9936666666666667	0.9465833333651225
203	0.02065420909325282	0.9931000000635782	0.9447833333333333
204	0.020390693761905034	0.993616666730245	0.9450333333651225
205	0.02006761268178622	0.9935	0.9455833333651225
206	0.02033251831928889	0.9935666666666667	0.9439000000317892
207	0.02056074510216713	0.993316666730245	0.9440833333969116
208	0.02063236410021782	0.9932833333651224	0.9442000000635783
209	0.02072969953417778	0.9937333333333334	0.9439
210	0.020678472336133322	0.9932500000635783	0.9438333333969117
211	0.020455389253298442	0.9937333333333334	0.9436333333969116
212	0.020206368477642535	0.9935333333333334	0.9443666666984558
213	0.02080263461867968	0.9934666666984558	0.9425833333333333
214	0.020718844679991404	0.9932666666984558	0.9433666666666667
215	0.020645601905385655	0.9939166667302449	0.9425333333651225
216	0.020785528017083804	0.9936	0.9431833333333334
217	0.02075441985328992	0.9931833333333333	0.9436833333651224
218	0.02038433179060618	0.9936500000635783	0.9427333333969116
219	0.020757692031065623	0.9933833333651225	0.9425000000317891
220	0.020909142450988294	0.9934333333333333	0.9425
221	0.020675119629502296	0.9939333333969116	0.94165
222	0.020773066062728565	0.9939166667302449	0.9416666666984558
223	0.020716557919979096	0.9934833333333334	0.9414166666666667
224	0.020779036177198094	0.9937833333333334	0.9417333333651224
225	0.021225132450958095	0.9934333333333333	0.941116666730245
226	0.020633740810553233	0.9938333333969116	0.9413833333651225
227	0.021207067916790643	0.9934333333333333	0.9407666666984558
228	0.021379081643621126	0.99355	0.93935
229	0.021042649989326794	0.99355	0.9405666667302449
230	0.021198889527718225	0.9934833333333334	0.9394666666666667
231	0.020785436861465376	0.9938166666666667	0.93955
232	0.021043466197450955	0.993516666730245	0.9407000000317891
233	0.021116321098804475	0.9935166666666667	0.9391333333651225
234	0.021145372172196707	0.9936333333969116	0.9392333333969116
235	0.02127686553200086	0.9935500000635783	0.9390833333333334
236	0.021132721451918284	0.993616666730245	0.9399000000635783
237	0.02149304671365147	0.9935666666666667	0.9383666666984558
238	0.02154013687868913	0.9935166666666667	0.93835
239	0.02172356624205907	0.993566666730245	0.9367500000635783
240	0.021226057541370393	0.9936000000635783	0.9382833333333334
241	0.02068558184802532	0.9941500000635783	0.9390000000635783
242	0.02128889572918415	0.9935333333969116	0.9375666666666667
243	0.021722269556919735	0.9937166666666667	0.938016666730245
244	0.020803552375237146	0.9938000000635783	0.9378833333333333
245	0.021926656285921733	0.99365	0.9356166666666667
246	0.021719237146774928	0.9936000000635783	0.935816666730245
247	0.02141474912762642	0.9936500000635783	0.9369000000317892
248	0.02139447556535403	0.9936833333333334	0.9381500000635783
249	0.02157326988577843	0.9937166666666667	0.9355833333651224
250	0.0219842528882126	0.9934166666666666	0.9365500000317891
251	0.021907842206954957	0.9937833333969116	0.9357666666666666
252	0.021566083270311356	0.9937000000635783	0.9364
253	0.022073650914430618	0.99335	0.9356333333651224
254	0.02185605012277762	0.9937666667302449	0.93535
255	0.02220362311999003	0.9937500000635783	0.9331500000317892
256	0.022018517951170602	0.9940333333969116	0.9340000000317892
257	0.02221328377723694	0.9937666666666667	0.933866666730245
258	0.022632361296812693	0.9933666666666666	0.93515
259	0.022336257257064184	0.9937666666984558	0.9334666667302449
260	0.021975772641102474	0.9938833333333333	0.9338666666984559
261	0.02263028081258138	0.993566666730245	0.9330666666666667
262	0.022060532901684443	0.9939333333969116	0.9338000000317891
263	0.022666658117373784	0.9937333333651225	0.9325166667302449
264	0.022508357896407444	0.9934833333651225	0.93275
265	0.022369057871898017	0.9936333333651225	0.9331
266	0.02277558141350746	0.9933000000317892	0.9318000000317891
267	0.022643890542785327	0.9935	0.9324666667302449
268	0.022465500366687773	0.9938666666666667	0.9322333333969116
269	0.022706282607714335	0.9938833333969116	0.9316333333969116
270	0.022479718349377315	0.9934666666984558	0.9317666666666666
271	0.022700799537698428	0.9939833333969116	0.9304666666666667
272	0.02243519230981668	0.9935333333333334	0.932016666730245
273	0.022753727020819983	0.9937833333969116	0.9299833333969116
274	0.02293768358230591	0.9935	0.9302000000635783
275	0.022473182125886282	0.9936	0.9310333333333334
276	0.02245795185168584	0.9939166666666667	0.93075
277	0.022757356836398443	0.99325	0.9307166666984558
278	0.02291859566370646	0.993416666730245	0.9300166666666667
279	0.02293654598693053	0.99385	0.9296166667302449
280	0.022855382029215495	0.99385	0.9285666667302449
281	0.023559054203828176	0.9936333333969116	0.9284333333333333
282	0.023561383560299874	0.9936166666666667	0.9284666667302449
283	0.02350029207666715	0.9932000000635783	0.9273500000635783
284	0.023393889284133912	0.9935833333333334	0.9285333333969116
285	0.023916603583097457	0.9932500000317891	0.9270166666666667
286	0.023066769501566886	0.993616666730245	0.9284
287	0.023398259684443475	0.9937	0.9277000000317891
288	0.024043776154518127	0.9931166667302449	0.925966666730245
289	0.024090199546019236	0.9933666666666666	0.9263833333651225
290	0.023361121082305907	0.993616666730245	0.92665
291	0.023723808546861014	0.9935666666666667	0.9256
292	0.02355141698916753	0.9936833333333334	0.9267333333333333
293	0.02351525910695394	0.9936666666984558	0.9254333333333333
294	0.02348860041499138	0.99365	0.9260666666984558
295	0.023835355735818544	0.9934833333333334	0.9262166666984558
296	0.024398302075266838	0.9933000000635783	0.9246833333333333
297	0.02403046835362911	0.9937666666666667	0.9246333333651224
298	0.023629918334881466	0.9936166666666667	0.9252333333969116
299	0.02434453854560852	0.9934	0.9233333333651225
300	0.02385565887192885	0.9935666666666667	0.9243000000317891
301	0.02404062958161036	0.9931833333333333	0.9253166666666667
302	0.024268850886821746	0.9933833333969116	0.9235666666666666
303	0.024805621855457625	0.9934333333333333	0.9214833333969116
304	0.02426649490445852	0.993166666730245	0.9234500000317891
305	0.02418185417552789	0.99365	0.92235
306	0.02460142048348983	0.9932666666666666	0.9221500000317892
307	0.024419021121660868	0.9934666666666667	0.9223666666984558
308	0.025097058016061782	0.9932500000635783	0.921766666730245
309	0.024853871393203737	0.9936833333651225	0.9196000000317891
310	0.024939501147468884	0.9935166666666667	0.9201833333651225
311	0.024906774242222308	0.9932833333333333	0.920716666730245
312	0.025091112089157104	0.993516666730245	0.9198333333333333
313	0.025301535061995187	0.9932333333651224	0.9201166666666667
314	0.024799383002519607	0.9934000000635783	0.9195500000317891
315	0.025010950837035972	0.9934	0.919016666730245
316	0.02450690598487854	0.9934833333969116	0.9205333333651224
317	0.025046644972761472	0.9938	0.9203166666984558
318	0.02521143397788207	0.99335	0.9183333333333333
319	0.02556120504140854	0.993316666730245	0.9188166666984559
320	0.025278681218624116	0.9938000000317891	0.91735
321	0.025650668330987295	0.9931166666666666	0.9163333333969116
322	0.025948686669270197	0.9934333333969116	0.9169166666984558
323	0.025604042826096216	0.9932333333969117	0.9171500000317891
324	0.026008320313692095	0.9931166667302449	0.9163
325	0.0257955786327521	0.9932666666666666	0.9168
326	0.026124413911501568	0.9932333333651224	0.9161666666666667
327	0.026291951831181843	0.9935000000317892	0.9143666667302449
328	0.02602060561776161	0.993666666730245	0.9140333333651225
329	0.025650779670476912	0.993266666730245	0.9161333333651225
330	0.026435219168663024	0.9929000000635783	0.9143
331	0.026313033984104794	0.9929000000317891	0.9139833333333334
332	0.026079629349708557	0.9934666666666667	0.9140333333333334
333	0.026134746994574864	0.9930166667302449	0.9153166666984558
334	0.026059028657277425	0.993316666730245	0.9146000000317891
335	0.026356203002731005	0.99335	0.9141333333333334
336	0.026222470754384993	0.9934	0.9131000000635783
337	0.026477251291275025	0.9930500000635782	0.91235
338	0.02623979437748591	0.9935500000635783	0.9129500000317892
339	0.026499447151025136	0.9928000000635783	0.9124333333969116
340	0.026888433038194975	0.99325	0.9110333333651225
341	0.027061641973257066	0.9929333333651225	0.9109500000635783
342	0.026923856923977533	0.9934500000635783	0.9101833333651225
343	0.02740177340308825	0.9931833333333333	0.9095333333333333
344	0.02761378623843193	0.9931166666666666	0.9098500000635783
345	0.027226496466000876	0.9932666666984558	0.910816666730245
346	0.0272250743885835	0.9931833333333333	0.9089833333969116
347	0.026784213103850683	0.99335	0.9100333333651225
348	0.02741982002357642	0.9929	0.9088833333651225
349	0.0277318847378095	0.9928166666666667	0.9077833333969116
350	0.027292812180519103	0.9931666666666666	0.907616666730245
351	0.02753094933331013	0.9933500000635783	0.9084500000317891
352	0.027284675192832945	0.9930833333969116	0.90775
353	0.02796591259141763	0.9930666667302449	0.9047666666666667
354	0.02759097000757853	0.9935666666666667	0.9068333333333334
355	0.027945637301603952	0.9929833333333333	0.9062166667302449
356	0.02816263196070989	0.9931500000635783	0.9066833333333333
357	0.027617483174800873	0.9932833333333333	0.9065000000635783
358	0.027845920133590697	0.9928666667302449	0.905466666730245
359	0.02811542474726836	0.9931833333333333	0.9046500000317892
360	0.028106041878461836	0.993516666730245	0.9049666666984558
361	0.02802250463962555	0.992716666730245	0.9057166666984559
362	0.028064279688398044	0.99315	0.90505
363	0.02841612474123637	0.9929666666984558	0.9048833333651225
364	0.028712244178851445	0.9931500000635783	0.9026333333333333
365	0.028314880566795667	0.9933833333333333	0.9042
366	0.028226622760295868	0.9931166667302449	0.9028000000317892
367	0.028837761640548708	0.9926333333969116	0.9015500000635783
368	0.02828694339990616	0.9929666666666667	0.9022
369	0.02923424736956755	0.9930166666666667	0.9007666666984558
370	0.029087928158044816	0.9932166666984558	0.8999000000317892
371	0.02920088997880618	0.9929166666666667	0.9009500000635783
372	0.029216958910226822	0.9927666666666667	0.9013000000317891
373	0.02956386581261953	0.9925333333969116	0.8989
374	0.028812105345726015	0.9933333333333333	0.9013166667302449
375	0.029449678788582484	0.9929333333333333	0.8989666666984558
376	0.02982404314080874	0.9929666666666667	0.897766666730245
377	0.029568052438894907	0.9925666666666667	0.8977666666984558
378	0.029406065658728282	0.9928333333969116	0.898666666730245
379	0.029839992290735244	0.9926666666984558	0.899
380	0.029268458461761473	0.9929833333969116	0.898866666730245
381	0.02955940532883008	0.9928000000317891	0.8979333333651225
382	0.029909709618488947	0.9928333333651225	0.8963333333969116
383	0.029380820582310358	0.9931666666666666	0.8983166667302449
384	0.03012521358927091	0.9930166666666667	0.8967000000317892
385	0.02995329718689124	0.9929833333333333	0.8959833333333334
386	0.03027465237379074	0.9927333333333334	0.8939500000317891
387	0.030039360978206	0.9924166666666666	0.8944500000317891
388	0.030146536777416865	0.9925333333333334	0.8949333333333334
389	0.030417502045631407	0.9929833333333333	0.8943166666666666
390	0.03048876727918784	0.9927666666666667	0.8945666666984559
391	0.03136254636645317	0.9926833333333334	0.8920166667302449
392	0.030593632918596268	0.9928500000317891	0.8928333333333334
393	0.031135280658801397	0.9927666667302449	0.8917
394	0.03125381905635198	0.99245	0.8907833333333334
395	0.03135969264109929	0.9924000000635783	0.8923333333333333
396	0.031282059727112455	0.99285	0.8905333333333333
397	0.03094961408575376	0.99265	0.8897333333969116
398	0.03162130692005157	0.9926666666666667	0.8906166666984558
399	0.03145115978916486	0.992566666730245	0.8894
400	0.0315577249109745	0.9929333333651225	0.8894166666984558
401	0.031785851248105366	0.9926000000317892	0.8887833333333334
402	0.031650190671284995	0.9929	0.8890333333651225
403	0.03166640237867832	0.9923166666666666	0.88945
404	0.03179349362055461	0.992516666730245	0.8890500000317891
405	0.03193991305828094	0.992366666730245	0.8882166666666667
406	0.03206165117224057	0.9919833333333333	0.8867166666666667
407	0.03142733685870965	0.9925333333333334	0.88845
408	0.03289117179115613	0.9923333333333333	0.8847833333651225
409	0.03220550943762064	0.99235	0.8874500000317892
410	0.03263548207481702	0.9926000000635783	0.8852500000317891
411	0.03211619529525439	0.9928166666666667	0.8853000000317891
412	0.03234274165431658	0.9925333333969116	0.8860166666666667
413	0.032190279054641724	0.99255	0.8849333333333333
414	0.03251061281611522	0.99275	0.8835
415	0.033184749738375346	0.9924000000317892	0.8822833333651224
416	0.03193286029199759	0.992466666730245	0.8829666667302449
417	0.03304374963442484	0.99245	0.8836666666666667
418	0.03329103610714276	0.9923	0.8812833333333333
419	0.03345284416079521	0.9923500000635783	0.8803500000317891
420	0.03345023070971171	0.9922833333651224	0.8814833333651225
421	0.032584305347998936	0.9925	0.8835833333651225
422	0.03396658606529236	0.9921166666984558	0.88095
423	0.03343870636224747	0.9922000000635783	0.8818666667302449
424	0.03386407381296158	0.9922000000635783	0.879616666730245
425	0.03339097930788994	0.9920166667302449	0.88165
426	0.03309049252271652	0.9927666667302449	0.8795833333333334
427	0.03373926801582178	0.9925666666666667	0.8775166666666666
428	0.033832871480782824	0.99255	0.8768166666984558
429	0.03365264778137207	0.9921833333333333	0.8794666666984559
430	0.034124541201194125	0.9924666666666667	0.8769000000317891
431	0.03389274499813716	0.9920500000317891	0.8775500000317892
432	0.03363234829505285	0.99235	0.8767833333651225
433	0.03471039638519287	0.9921333333333333	0.8753333333333333
434	0.03445938694278399	0.99225	0.8752833333969117
435	0.03470881018936634	0.9918166666666667	0.8725666666666667
436	0.034665581919749576	0.9920333333969116	0.8741833333333333
437	0.03462707435290019	0.9923	0.8745833333969116
438	0.03495574027697245	0.9921333333969117	0.8733000000317891
439	0.03484804413318634	0.99225	0.8733666666666666
440	0.03571300848523776	0.9919333333333333	0.8716333333969116
441	0.03491072824796041	0.99235	0.8726
442	0.03485495967169603	0.9921166666666666	0.8729500000317891
443	0.035927185710271196	0.991666666730245	0.8693500000317892
444	0.03590980089306831	0.9919500000635783	0.8696666666666667
445	0.035450189514954884	0.9923333333651225	0.8708000000635783
446	0.03619835522174835	0.9921000000317891	0.8692166666984558
447	0.03572693918546041	0.9917333333333334	0.8706000000317892
448	0.03541811634600162	0.9919666666666667	0.8686666666666667
449	0.036080162103970845	0.9922000000317891	0.8690166666984558
450	0.0361242701570193	0.9916833333333334	0.86735
451	0.03529267836411794	0.9921833333969117	0.8683
452	0.036251214331388476	0.99175	0.8670000000635782
453	0.036058963284889854	0.9919166666666667	0.8673500000635783
454	0.036071668217579525	0.9919	0.86665
455	0.036583587010701496	0.99155	0.8653833333333333
456	0.03673044321934382	0.9921166666984558	0.8678833333969116
457	0.03635859677592913	0.9920166666666667	0.8648666666666667
458	0.03673944740891456	0.99205	0.8668166667302449
459	0.03637917280892531	0.9920166666666667	0.8642000000317891
460	0.03684770096540451	0.9916	0.8630000000317891
461	0.03734762348135313	0.9920333333969116	0.8623000000317892
462	0.03664460462331772	0.99235	0.8633666666666666
463	0.03670911762515704	0.9914833333969116	0.8611833333651224
464	0.03719261612494786	0.9918833333969116	0.8630500000317891
465	0.03721336979269981	0.9919000000317891	0.8606166666984558
466	0.037973845821619036	0.991566666730245	0.8589166666666667
467	0.03788429547548294	0.9919833333969116	0.8585166666984558
468	0.037354351103305816	0.9920166666666667	0.8598000000635783
469	0.03737878139019012	0.99215	0.8595500000317892
470	0.03806269319057465	0.9916666666984558	0.858316666730245
471	0.037643626075983046	0.9914666666666667	0.8593333333651225
472	0.03757013201316198	0.9920000000635782	0.8581166666666666
473	0.03848941939075788	0.9916333333333334	0.8560000000317891
474	0.03804938144485156	0.99155	0.8582500000317892
475	0.03835849651296933	0.9917666666666667	0.8573666666666667
476	0.03842831835548083	0.991666666730245	0.8557000000635783
477	0.038743194607893626	0.9918166666666667	0.8543833333333334
478	0.0388652767042319	0.9915166666666667	0.8564666666984558
479	0.03847670503457387	0.991516666730245	0.854216666730245
480	0.03925304701924324	0.9917000000635783	0.8529833333969116
481	0.03846458072066307	0.9914833333333334	0.8544833333333334
482	0.03881782697836558	0.9918	0.8540833333651224
483	0.03901382720073064	0.9915500000635783	0.8512500000317892
484	0.03896505941748619	0.9911166666666666	0.8534833333969116
485	0.03946519866188367	0.99175	0.85155
486	0.039485210170348485	0.9912500000317891	0.852016666730245
487	0.03932071182231108	0.9915333333333334	0.8516333333969116
488	0.03951289366483688	0.9914333333651225	0.849166666730245
489	0.040028772445519764	0.9916333333651225	0.8469166667302449
490	0.03958443016608556	0.99165	0.8491666666666666
491	0.040341570727030436	0.9916166666984558	0.848166666730245
492	0.03968062437772751	0.991366666730245	0.8488500000317891
493	0.04019941559433937	0.991	0.8479000000317891
494	0.04022060628732046	0.9910166666666667	0.8488500000635782
495	0.040005426001548765	0.9914500000635783	0.8479000000317891
496	0.04088696402510007	0.9909166667302449	0.8473500000635783
497	0.0409483816365401	0.9911166667302449	0.8453333333969116
498	0.040331165915727614	0.99165	0.846016666730245
499	0.04072440149386724	0.9910166666666667	0.8446666666666667
500	0.04107772503495216	0.9912333333969117	0.8428833333651224
501	0.04111269483367602	0.9907666667302449	0.8451833333333333
502	0.040559892423947655	0.9917666666666667	0.8436500000635783
503	0.0405735378185908	0.9919333333333333	0.8430166666984558
504	0.04135725487073263	0.9910500000317891	0.84275
505	0.041304589275519055	0.9911666666666666	0.8417833333651225
506	0.04100970080892245	0.9916	0.8429500000317891
507	0.04091768114368121	0.9916833333333334	0.8414833333333334
508	0.04190799916783969	0.99095	0.8418166666984558
509	0.04229255192875862	0.99135	0.8373333333969116
510	0.04205258322159449	0.9910333333333333	0.8386166667302449
511	0.04186103183825811	0.9911333333969117	0.8382833333333334
512	0.042280876723925276	0.9910333333969116	0.8382833333333334
513	0.042157855614026386	0.9914	0.83665
514	0.04227058812181155	0.9911166666666666	0.8363500000317892
515	0.04261290566921234	0.9909833333651225	0.8356666666666667
516	0.042884370688597365	0.9910666666666667	0.8362833333651225
517	0.04250961980422338	0.9909833333333333	0.8371666666984559
518	0.042204448533058166	0.9907833333969116	0.8369166666666666
519	0.04235218178828557	0.9914666666666667	0.8343500000635783
520	0.042709808047612506	0.9908666666984558	0.8327500000158946
521	0.04381786853472392	0.9910500000635782	0.8315666666984558
522	0.04306790232261022	0.9911333333969117	0.8332500000317892
523	0.0429294247508049	0.9912666666984558	0.8318666666666666
524	0.04352800527612368	0.9910166667302449	0.8318333333969116
525	0.04354425987005234	0.9910333333333333	0.8321833333651225
526	0.043380722092588746	0.9909833333333333	0.8325
527	0.04357655570109685	0.9910666666984558	0.8300333333969117
528	0.0439130743543307	0.9905333333333334	0.8314833333333334
529	0.043838653733332955	0.9910833333333333	0.8282333333651225
530	0.04404979966878891	0.9908833333969116	0.8272666666984558
531	0.0438267505089442	0.9904500000317892	0.8282833333969116
532	0.04472047437429428	0.9902666666984558	0.8274666666666667
533	0.04426732069651286	0.9905333333333334	0.82945
534	0.04365300103823344	0.9911333333969117	0.8280666666984559
535	0.04407453304131826	0.9907666666984558	0.8289166666984558
536	0.04425384129484494	0.9914166666666666	0.8258333333333333
537	0.044586072421073916	0.9907333333969116	0.825816666730245
538	0.04414797662893931	0.9911333333333333	0.8245166666984558
539	0.0442752294699351	0.9912333333333333	0.8264333333651225
540	0.04551159371932348	0.99035	0.8231166666666667
541	0.044486044162511826	0.991	0.8229166666666666
542	0.0445119349360466	0.9909333333333333	0.824066666730245
543	0.044892324179410935	0.9907666666666667	0.8233833333651225
544	0.04482138044039408	0.9909333333651225	0.8213333333969116
545	0.04481895304918289	0.9909	0.8233166666984558
546	0.04549982492526372	0.990316666730245	0.8204000000317891
547	0.045544853230317435	0.9905500000635783	0.8226833333333333
548	0.04542601430416107	0.9904833333333334	0.820916666730245
549	0.045404592899481455	0.9907333333651225	0.8197333333651224
550	0.045292341669400535	0.9908166667302449	0.8206333333333333
551	0.04639575662612915	0.9907000000635783	0.8172166666666667
552	0.04549901341597239	0.9907333333333334	0.8170500000317892
553	0.04590021946032842	0.9907500000635783	0.8170000000158946
554	0.04580179665486018	0.9910000000635782	0.8179500000317892
555	0.04627190532286962	0.9908666666666667	0.8152166666666667
556	0.04606917620897293	0.9910333333969116	0.8155166666666667
557	0.0458745089729627	0.9910000000635782	0.8159000000317892
558	0.04634084399143855	0.9902666666666666	0.8136500000317891
559	0.04591730696558952	0.9905	0.8158666666666666
560	0.04658215025862058	0.9905833333333334	0.8133166667302449
561	0.04656032553911209	0.9911666666984558	0.8133833333969116
562	0.04636471860408783	0.9905333333969116	0.8134166666666667
563	0.0464268212278684	0.9906000000317892	0.8150833333651225
564	0.04703857973019282	0.9903666666666666	0.8117833333333333
565	0.04696749067505201	0.9905000000635783	0.8106166666666667
566	0.04735550020535787	0.9904	0.8105833333969116
567	0.04793315553863843	0.990566666730245	0.8072500000317891
568	0.04709691190123558	0.99055	0.8109666666666666
569	0.047067875305811566	0.9904166666984558	0.8106166666984558
570	0.047691463168462116	0.9902166666666666	0.8086500000317891
571	0.04757760638991992	0.9901666666666666	0.8092833333333334
572	0.04744840004444122	0.9904	0.8088166666984558
573	0.04745122672319412	0.99025	0.8094333333651225
574	0.047150378636519115	0.9903833333969116	0.8075500000317891
575	0.04781316248774529	0.9904833333969116	0.8075833333651224
576	0.04806093008915583	0.9903333333651225	0.8071
577	0.04849558612902959	0.9901500000317891	0.80435
578	0.048166937812169394	0.99045	0.8055333333651225
579	0.048135774036248524	0.9906333333333334	0.8037833333969117
580	0.04890459178884824	0.9902166666666666	0.8019166666984558
581	0.04862004736264547	0.9902000000635783	0.8049166666666666
582	0.04822928964296977	0.9903833333651225	0.8026500000635783
583	0.04872280442714691	0.9898666667302449	0.8028500000635783
584	0.04822499469121297	0.9904333333333334	0.8026500000635783
585	0.049419625401496886	0.9896666666666667	0.8016166666666666
586	0.04875553958415985	0.9902500000317891	0.8010833333333334
587	0.049119860251744585	0.990266666730245	0.8016166666984558
588	0.04863525115052859	0.99035	0.8009333333651225
589	0.04933797604640325	0.9900333333333333	0.8003666666666667
590	0.049310232504208885	0.9900333333969116	0.7979666666666667
591	0.04924553809563319	0.9903833333333333	0.7980333333969116
592	0.049573580837249755	0.9905166666984558	0.7963500000317891
593	0.049277936128775277	0.9906666666666667	0.7977
594	0.0489944150686264	0.9903166666666666	0.7979333333651225
595	0.04975587002038956	0.9899333333333333	0.7973166666666667
596	0.050147164179881416	0.9900000000635782	0.7949
597	0.05016257176796595	0.9895333333969116	0.7958000000635783
598	0.049642713610331214	0.9897500000317891	0.7946166666666666
599	0.0499822219312191	0.99005	0.7914
600	0.050457762642701465	0.9899500000317891	0.79365
601	0.050190526950359346	0.9898833333969116	0.7929666666984558
602	0.05014407857656479	0.98995	0.7923333333969116
603	0.050309221291542056	0.9901833333333333	0.7904833333333333
604	0.050640424450238544	0.9898	0.7923000000317891
605	0.05041332882444064	0.9899333333333333	0.7924333333333333
606	0.050023171901702884	0.9908666666984558	0.7914
607	0.05070435873270035	0.9903	0.7893500000317891
608	0.05093764469623566	0.9898666666984558	0.78815
609	0.05049309517145157	0.9894833333651225	0.7908666666984558
610	0.051171415811777116	0.9897500000635783	0.7881666666984558
611	0.0500185283780098	0.9902333333969117	0.7911000000317892
612	0.050941616523265836	0.9902833333333333	0.7865833333333333
613	0.05047988343238831	0.9901833333969117	0.7896833333333333
614	0.05028804196317991	0.990366666730245	0.7876166666666666
615	0.051470605214436846	0.9895833333651225	0.7859000000317892
616	0.05074850304524104	0.9901166666984558	0.7872333333651225
617	0.051352753482262294	0.9903333333333333	0.7857833333333333
618	0.05136527225176493	0.9898000000635783	0.785866666730245
619	0.0514095717728138	0.9900166666666667	0.7834500000317891
620	0.05229129042625427	0.9900833333333333	0.7811333333651225
621	0.0515366473197937	0.9898500000317891	0.7821666667302449
622	0.05206195995012919	0.9899833333651225	0.779466666730245
623	0.05169454311132431	0.989666666730245	0.7821333333969116
624	0.05256194832324982	0.9901166666666666	0.7803333333651225
625	0.052160942316055295	0.9899500000635783	0.7789333333651225
626	0.05246594281196594	0.9900666667302449	0.7788
627	0.052241440190871555	0.9900333333333333	0.7821000000317891
628	0.05194563972155253	0.9898666666666667	0.7801666667302449
629	0.05244339640935262	0.9897833333651225	0.77975
630	0.05260378584464391	0.98955	0.7791333333651225
631	0.053605740133921304	0.9893833333969116	0.7757333333969116
632	0.05261915148893992	0.9897333333333334	0.7790166667302449
633	0.05282113113005956	0.9898333333333333	0.7755000000635783
634	0.052714095969994865	0.9898666666666667	0.7752166667302449
635	0.0531909451564153	0.9892000000317891	0.7738166666825612
636	0.05263034584124883	0.9898833333969116	0.7774166666984558
637	0.052783046964804334	0.98995	0.7770500000317891
638	0.05368450513680776	0.9900833333969116	0.7737333333969116
639	0.0533814750512441	0.9890000000635782	0.7727833333651225
640	0.05285202849706014	0.9897833333969116	0.775183333349228
641	0.05331411052147547	0.989616666730245	0.7708833333333334
642	0.05343807956377665	0.9893833333333333	0.7736833333492279
643	0.052992605056365334	0.9896333333333334	0.7723833333651224
644	0.05280732905268669	0.9898000000635783	0.7726166666984559
645	0.05399581527312597	0.9892500000317891	0.7705333333333333
646	0.05370807847181956	0.98965	0.7690666666666667
647	0.054421811878681184	0.989516666730245	0.7673666666666666
648	0.05376003787517548	0.9894666666666667	0.7705333333333333
649	0.053853280107180275	0.9892333333969117	0.7706166666666666
650	0.05347244677344958	0.9896166666666667	0.7689166666984558
651	0.05399368590911229	0.9901333333969117	0.7669666667302449
652	0.05363491907119751	0.9900166667302449	0.7680333333492279
653	0.054072716025511426	0.98975	0.7679000000317892
654	0.054024235093593595	0.9893666666984559	0.7671
655	0.054230516556898756	0.9894333333969116	0.7655333333333333
656	0.05453149356444677	0.98925	0.7654
657	0.05393223381837209	0.9898833333333333	0.7658833333651225
658	0.053752698731422424	0.9897666666666667	0.7688000000158945
659	0.054336321568489075	0.9895833333651225	0.76385
660	0.05458691002925237	0.98945	0.7645333333651225
661	0.05485692849556605	0.989166666730245	0.7639333333651225
662	0.05467162867387136	0.989516666730245	0.7617166666666667
663	0.05519635416666667	0.9895833333651225	0.7616333333492279
664	0.054317058316866555	0.9895333333333334	0.7625000000317892
665	0.05447022230625152	0.9895166666666667	0.7631833333651225
666	0.05458926630020142	0.9899333333333333	0.7618166666825612
667	0.05489154837926229	0.9896000000635783	0.7640666666666667
668	0.05578239786227544	0.9888500000635783	0.7604833333492279
669	0.05583893543481827	0.9889666666666667	0.7581333333333333
670	0.05527907925446828	0.9890000000635782	0.7606333333492279
671	0.055134523526827496	0.9895166666666667	0.7611833333333333
672	0.05456382120847702	0.9894333333333334	0.7589166666984558
673	0.05506841307679812	0.9889666667302449	0.76125
674	0.05540791711012522	0.9890500000635782	0.7574166666825612
675	0.05645442642768224	0.9892500000635783	0.7549
676	0.055549030808607736	0.9893666666984559	0.7580666666666667
677	0.05464241510629654	0.9896000000317892	0.7592666666666666
678	0.05536275864839554	0.9897666667302449	0.7527166666825612
679	0.05576357520023982	0.989516666730245	0.7539166666666667
680	0.05505002829233805	0.9893833333969116	0.7581833333651224
681	0.05541863468090693	0.9897000000635783	0.75175
682	0.0555126047929128	0.9894833333333334	0.7545666666666667
683	0.05586000206867854	0.9888500000635783	0.7540833333969116
684	0.05650859192212423	0.9890833333969116	0.75155
685	0.05614801752169927	0.9894166666666667	0.7519000000635783
686	0.055598929925759634	0.9895833333651225	0.7519500000158946
687	0.05631799764633179	0.989416666730245	0.7508833333969116
688	0.05572244538068771	0.98955	0.7480333333333333
689	0.05630686401128769	0.9889500000635782	0.7499000000635783
690	0.055819679737091066	0.9893833333969116	0.74985
691	0.05627816863854726	0.9896333333651225	0.7512333333969117
692	0.0560231293519338	0.9891666666666666	0.7514666666984559
693	0.056536824762821195	0.9889833333969116	0.7462333333333333
694	0.056578359524408976	0.9898500000317891	0.7469833333333333
695	0.05555643399357796	0.9900166666666667	0.7498166666666667
696	0.05715980035861333	0.9892333333969117	0.7473000000158946
697	0.05667872467637062	0.9894333333969116	0.7480333333333333
698	0.05690228927532832	0.9890833333333333	0.7447666666825612
699	0.056182374612490336	0.9898000000317891	0.7467333333651225
700	0.057162411642074584	0.9890833333651224	0.7464500000158946
701	0.057011832761764525	0.9895166666666667	0.7454666666825612
702	0.05678288290898005	0.9893833333969116	0.7450333333651225
703	0.05760836716294289	0.9889333333333333	0.7422833333969117
704	0.05619345148404439	0.9898333333969116	0.7453166666984559
705	0.05750179366270701	0.9892500000635783	0.7430333333492279
706	0.057674711537361145	0.9889166666984558	0.74305
707	0.05724846828381221	0.9889833333333333	0.743666666730245
708	0.05718060599168142	0.9889833333333333	0.7439666666984558
709	0.05770643172661463	0.9896666666666667	0.7406166666825612
710	0.05741955738862355	0.9892333333651224	0.7408666666666667
711	0.05711909454663595	0.9893666666984559	0.7428833333651225
712	0.057162772883971535	0.9892166666666666	0.7413500000635783
713	0.057654390001297	0.98865	0.7407000000317892
714	0.057002586285273237	0.9897000000635783	0.7404500000317892
715	0.05758032842477163	0.9889166666984558	0.73885
716	0.05834089744488398	0.9895833333969116	0.7374666666825612
717	0.05730118851264318	0.9895833333969116	0.7381333333651224
718	0.05768694413503011	0.9885000000635783	0.7368166666666667
719	0.057290126279989875	0.9893333333333333	0.7360666666984558
720	0.05762913346687953	0.9889833333333333	0.7384166666984558
721	0.05778130965232849	0.9890666666984558	0.7358166666666667
722	0.059294578194618225	0.9888833333333333	0.7341166666984558
723	0.05779741009871165	0.9892500000635783	0.7364833333333334
724	0.058511382981141405	0.9891333333651224	0.7328500000158946
725	0.057990665157636005	0.9893833333651225	0.7347833333333333
726	0.05795986348787944	0.9893500000635783	0.7386000000317892
727	0.05815425019462903	0.989516666730245	0.7339000000635783
728	0.058471730478604635	0.9888833333651225	0.7346166666984558
729	0.05895576533873876	0.9887166667302449	0.7308666666984558
730	0.0586842902859052	0.9893000000317892	0.7323666666666667
731	0.05862939028342565	0.9888000000635783	0.7316666667302449
732	0.0578343989610672	0.9890833333969116	0.7325666666666667
733	0.059132194073994955	0.9882833333651225	0.7312000000158946
734	0.05855278991858164	0.9887833333333333	0.7283666666825612
735	0.05836546352307002	0.9889333333333333	0.7286166666666667
736	0.05917148497899374	0.9891666666666666	0.7292666666825612
737	0.059036893554528555	0.9887333333333334	0.7270833333492279
738	0.05935945262908936	0.989116666730245	0.7227666666825613
739	0.058826928293704984	0.989116666730245	0.73055
740	0.058527484158674876	0.9889833333969116	0.7284000000317892
741	0.058835325686136884	0.98945	0.7272000000158946
742	0.05920176277955373	0.989116666730245	0.7287833333333333
743	0.05940933543841044	0.9886833333969116	0.7271666666666666
744	0.05908312205870946	0.9889500000635782	0.7257
745	0.0593474791765213	0.98915	0.7290000000158946
746	0.05920247362852096	0.98895	0.7254833333333334
747	0.05931992762088776	0.98875	0.7240666666825613
748	0.05891183226903279	0.9892166666984558	0.7261666666825612
749	0.05875256641705831	0.9895666666666667	0.7258
750	0.059322075867652896	0.9893500000635783	0.724733333349228
751	0.059121391765276594	0.9893833333969116	0.7248833333651225
752	0.059345537519454955	0.9890833333333333	0.7238166666825613
753	0.05989527960220973	0.9885333333651225	0.7244833333492279
754	0.05953388699690501	0.9886	0.7230500000635783
755	0.05977883317867915	0.9893666666666666	0.723733333349228
756	0.05946351048151652	0.9893666666984559	0.71855
757	0.059769643052419025	0.9892166666666666	0.7206333333333333
758	0.05870670162836711	0.9893333333333333	0.7221333333333333
759	0.05996564452250799	0.9890833333969116	0.7203500000317892
760	0.05998420882622401	0.9893	0.7184500000158945
761	0.059190456771850586	0.989116666730245	0.7218666666984558
762	0.060829905438423156	0.988416666730245	0.7209666666984558
763	0.05893222304582596	0.9895500000317892	0.7215
764	0.05973793679873149	0.989216666730245	0.7175333333651225
765	0.059295901910463966	0.9893833333969116	0.7157333333333333
766	0.06017701717615127	0.9885666666666667	0.7173666666825612
767	0.060008856872717536	0.9891500000635783	0.7205166666666667
768	0.06053060142596563	0.9886	0.7141000000158946
769	0.06047326982021332	0.98875	0.7161166666825612
770	0.06026502479314804	0.9889333333651225	0.7139000000158946
771	0.060097602836290995	0.9887333333969116	0.7185333333651225
772	0.06042909602721532	0.9887500000317891	0.71725
773	0.06007858699162801	0.9894333333651225	0.7163833333492279
774	0.060146798427899675	0.9893666666666666	0.714683333349228
775	0.06030498148202896	0.9890666666666666	0.7132833333333334
776	0.06030108099381129	0.9894	0.7114
777	0.05959158787727356	0.9892833333333333	0.7157666666984558
778	0.060392259724934894	0.989316666730245	0.7166
779	0.06122920239766439	0.9886666666666667	0.7116500000158946
780	0.06049151025613149	0.9890333333333333	0.710733333349228
781	0.06039249222278595	0.9887166667302449	0.7111000000317892
782	0.06107996868292491	0.989	0.7100500000158946
783	0.060796886813640594	0.9887666666984558	0.7141500000158946
784	0.06026916847626368	0.9888833333651225	0.7131166666984559
785	0.061122374725341794	0.9890666667302449	0.7121
786	0.061033152663707735	0.9885000000635783	0.7064666666666667
787	0.060827638506889346	0.9894833333651225	0.7111166666666666
788	0.06073259154160818	0.989166666730245	0.7082333333492279
789	0.06128814801375071	0.9890166666666667	0.7077166666666667
790	0.06166593910853068	0.9885	0.7066333333651225
791	0.06029803977807363	0.989516666730245	0.7077833333651224
792	0.0608405179421107	0.9889833333969116	0.7116166666984558
793	0.06095987670818965	0.9888833333651225	0.7065
794	0.061214087585608166	0.98895	0.7068833333651224
795	0.061252711820602414	0.9888833333651225	0.7112666666984558
796	0.06117506669362386	0.9888000000635783	0.7061166666666666
797	0.06121872822443644	0.9886000000317892	0.7059666666825613
798	0.0606388361175855	0.9895	0.7049833333333333
799	0.06128270397186279	0.9892166666666666	0.6998333333412806
800	0.061102458878358204	0.9887000000317892	0.7065166666825612
801	0.06171301110982895	0.9889333333969116	0.7019000000158946
802	0.06114755969842275	0.9887166666666667	0.7047666666984558
803	0.061663548648357394	0.9885833333969116	0.70285
804	0.061030473518371584	0.9893000000635783	0.7080666666666666
805	0.061898168563842774	0.9887500000635783	0.7029000000079473
806	0.06172955833276113	0.988316666730245	0.7015166666666667
807	0.06175362219015757	0.9888000000317891	0.6998833333333333
808	0.06222009681860606	0.9882833333333333	0.7003666666825612
809	0.06149886051019033	0.9890000000635782	0.7060333333492279
810	0.06265985794862111	0.9885333333333334	0.698616666674614
811	0.06165750147898992	0.9886833333333334	0.7019333333651224
812	0.061639417521158854	0.9888166666984558	0.6990666666666666
813	0.06240706996917725	0.9884333333969116	0.69755
814	0.06095881624619166	0.9892	0.7030666666666666
815	0.06158544021844864	0.9894000000635783	0.698583333349228
816	0.061329171299934385	0.9891833333651224	0.7016833333333333
817	0.06231175751686096	0.9889500000635782	0.6994833333651225
818	0.06177906800111135	0.9891000000635782	0.6998500000317891
819	0.06202873659133911	0.9891333333969117	0.7019
820	0.062030353244145714	0.9891166666666666	0.6969833333492279
821	0.06242911126216252	0.98895	0.6932333333651225
822	0.06253723657528559	0.9887666666666667	0.6979666666666666
823	0.06164941979646683	0.9890666666984558	0.7003833333492279
824	0.06264096353054047	0.9887500000317891	0.6963166666666667
825	0.06144773313999176	0.9889833333651225	0.6977833333492279
826	0.06214081961313883	0.9890166666666667	0.6964333333333333
827	0.061860267972946165	0.9889333333969116	0.6974500000158945
828	0.062197553249200184	0.9891500000317891	0.6963666666666667
829	0.061905232985814414	0.9891000000317891	0.6952333333492279
830	0.0627069239894549	0.9887333333969116	0.6965333333651225
831	0.06236464324792226	0.9888166666984558	0.6950000000317892
832	0.061978426786263786	0.9884833333333334	0.6972833333651225
833	0.061739643812179563	0.9892833333969117	0.6960833333333334
834	0.0627862756729126	0.9889500000635782	0.6948666666825613
835	0.06335188553333282	0.988316666730245	0.6918000000158946
836	0.06236685608228048	0.9885333333651225	0.6953000000317892
837	0.06210629434585571	0.9891333333333333	0.6971833333492279
838	0.06271803679068884	0.9884000000317892	0.6926666666825613
839	0.0623701078693072	0.9890333333651224	0.6908
840	0.06333709169228871	0.9886666666666667	0.6929
841	0.06250539698203404	0.9889166666666667	0.6899333333333333
842	0.06273106811443965	0.9884333333651225	0.6943666666666667
843	0.06296007348299026	0.988266666730245	0.6896666666825613
844	0.06244846222003301	0.9891166666666666	0.6904166666666667
845	0.06269445142348608	0.9885666666984558	0.6917333333651224
846	0.06315776903231939	0.9890833333333333	0.6913500000317891
847	0.06287180477778116	0.9884500000317892	0.6901833333492279
848	0.06246435953776042	0.9893666666984559	0.6898000000317891
849	0.06232600233157476	0.9894000000317892	0.6916166666825613
850	0.06281856195926666	0.9886833333969116	0.6890333333333334
851	0.06223135702212652	0.9892833333969117	0.69145
852	0.06294785961310069	0.988616666730245	0.68795
853	0.06345203675031662	0.9887500000635783	0.6886666666984558
854	0.06336559188365937	0.9885833333969116	0.6888333333412806
855	0.06283937724431356	0.989116666730245	0.6856333333651224
856	0.06263296167850495	0.9889666666666667	0.6884333333412807
857	0.0630969829916954	0.9893166666666666	0.6888833333492279
858	0.0633798957268397	0.9889500000635782	0.6816000000317891
859	0.0625993813753128	0.988366666730245	0.6914333333492279
860	0.06244682232538859	0.9890333333969116	0.6880500000158946
861	0.062216513498624164	0.9886	0.6907500000079473
862	0.06304384118715922	0.9889000000635783	0.6857166666666666
863	0.06354981760581334	0.9886333333333334	0.6894166666666667
864	0.06348594287633896	0.9891333333333333	0.6865833333333333
865	0.06323123834133149	0.9885833333969116	0.6839000000158946
866	0.06444322400887807	0.9884	0.6807333333412806
867	0.06315104149977366	0.9886666666666667	0.6826000000317891
868	0.06318533690770467	0.989166666730245	0.6855833333333333
869	0.06339599378108979	0.9887833333651225	0.6823500000158945
870	0.0627804277340571	0.9890333333969116	0.6846
871	0.06394031987984976	0.9882	0.6820833333492279
872	0.06323020305633545	0.9886833333333334	0.6834500000317891
873	0.06379514885346095	0.9884000000635783	0.6788666666825612
874	0.06441007080872854	0.9885	0.6832500000158945
875	0.06463313323656718	0.9883666666984559	0.6772500000158945
876	0.06375256850719452	0.9891666666666666	0.6804666666706403
877	0.06331530484358469	0.989416666730245	0.6802333333333334
878	0.06428767355283102	0.9879833333969116	0.6815666666666667
879	0.06332644311587016	0.9889666667302449	0.6804666666825613
880	0.06342914460500082	0.9888166666666667	0.6824666666984558
881	0.06447234768072764	0.9885500000635783	0.680166666674614
882	0.06424300792217255	0.9878166666984558	0.6806666666666666
883	0.0637160932302475	0.9886166666666667	0.6808333333492279
884	0.06361087511380513	0.9888	0.6818666666825612
885	0.06451876941521963	0.9886333333333334	0.678666666674614
886	0.06390209927558899	0.9894166666984558	0.6797500000158946
887	0.06509539235432943	0.9878833333651225	0.6771166666706403
888	0.06384350898265839	0.9884	0.6813500000079473
889	0.06384767976601918	0.9885500000317892	0.6799333333651225
890	0.06435814487139384	0.988566666730245	0.6798333333333333
891	0.06423363277514775	0.9888500000317891	0.6748500000158946
892	0.06479138297239939	0.98865	0.672266666674614
893	0.06438455194632213	0.9884500000317892	0.6800833333333334
894	0.06494568411906561	0.9887666666666667	0.6748833333651225
895	0.06395483088493348	0.98875	0.6785333333333333
896	0.0649180324514707	0.9881333333651224	0.6744
897	0.06445643683671952	0.9889333333333333	0.6770666666825612
898	0.06385631872018178	0.9890500000635782	0.6738000000158946
899	0.0647601314385732	0.988366666730245	0.6754000000039736
900	0.06475704056421916	0.9882666666666666	0.6753500000317891
901	0.064233717918396	0.9885833333969116	0.6763333333412807
902	0.06473889111280441	0.9880833333969116	0.6749666666666667
903	0.0658477590282758	0.9875666666984558	0.6758666666984559
904	0.064234890127182	0.98865	0.6731500000158945
905	0.0649956028064092	0.988166666730245	0.675616666674614
906	0.06464046289920806	0.9889000000317891	0.6715833333333333
907	0.064333269627889	0.9889166666666667	0.6723666666666667
908	0.0645722309033076	0.9884000000635783	0.6741833333492279
909	0.06429439635276794	0.9892000000317891	0.6713500000317891
910	0.06522943831284841	0.9887500000635783	0.6746833333333333
911	0.06529834748506547	0.9888333333651225	0.6666166666825613
912	0.06493088640371958	0.9879833333333333	0.6728333333412806
913	0.06416355001926421	0.9893500000635783	0.6682166666666667
914	0.06465727834304173	0.9885500000635783	0.6738833333412806
915	0.06481714843908945	0.9887000000635783	0.6720000000158945
916	0.0646116402665774	0.9887166667302449	0.6721500000158945
917	0.06401619033813477	0.9888666666666667	0.6701833333492279
918	0.06428805979887645	0.9888833333333333	0.6715166666666667
919	0.06431717494328816	0.9886666666666667	0.6733500000079473
920	0.06427227282921473	0.9890333333969116	0.6700333333333334
921	0.06530956002076467	0.9881833333333333	0.6711833333492279
922	0.06408094347318014	0.9885000000317892	0.6704166666825613
923	0.06464220974445344	0.9890166666666667	0.6684833333492279
924	0.06476534141699473	0.9890000000317891	0.6687166666746139
925	0.06406492774486541	0.98895	0.6695333333333333
926	0.06552329183419546	0.9888166666984558	0.6637666666825612
927	0.0645467004776001	0.9891333333333333	0.6727666666706403
928	0.06465409194231034	0.9884833333333334	0.6723666666984558
929	0.06554239519437154	0.9887833333333333	0.664516666674614
930	0.06523779760996501	0.9883166666984559	0.6687000000079473
931	0.06598991450071334	0.9887333333651225	0.6639833333333334
932	0.06449452803929646	0.9888666667302449	0.6727666666984559
933	0.06486387121280035	0.9887000000317892	0.6647000000317892
934	0.06558232430617014	0.9884166666666667	0.6657000000079473
935	0.0648248702287674	0.9885833333651225	0.6683666666984558
936	0.06555271683533986	0.9889666666666667	0.6629833333412806
937	0.06517421680291494	0.9888500000317891	0.6685000000158946
938	0.06555234673023223	0.9889666667302449	0.6584833333412806
939	0.06486569107373555	0.9887166667302449	0.6684833333492279
940	0.06599505902926127	0.9879	0.6653333333333333
941	0.06633942279815674	0.9882666666666666	0.66505
942	0.0649922144651413	0.988516666730245	0.6690666666825612
943	0.0651816540201505	0.98885	0.6622500000317891
944	0.06523549575805664	0.9890000000317891	0.6642833333333333
945	0.0652969123840332	0.9884666666666667	0.66505
946	0.06570803300937017	0.9887333333969116	0.6618333333333334
947	0.0658800997098287	0.9886833333651225	0.6583166666666667
948	0.06529184336662293	0.9885500000635783	0.6603000000158946
949	0.06665551231702169	0.9883333333333333	0.6575500000158946
950	0.0648862732688586	0.9892333333969117	0.6661500000317891
951	0.06518331965605417	0.9891833333333333	0.66475
952	0.0654568752527237	0.9887500000635783	0.6623500000158946
953	0.06653109883467356	0.9881500000317891	0.6590166666984558
954	0.06545125831762949	0.9884333333333334	0.6657166666746139
955	0.06568567988872528	0.9888666667302449	0.6576333333412806
956	0.06640989127159119	0.9884166666984558	0.6584666666666666
957	0.06569065300623576	0.9885833333333334	0.659316666674614
958	0.06522528223594029	0.988316666730245	0.66
959	0.06593613724708557	0.9881333333333333	0.6620666666984558
960	0.0666344833612442	0.9883333333969117	0.66035
961	0.06542240847746532	0.9887166666666667	0.6613666666825613
962	0.06624198468526205	0.9881833333333333	0.6615833333651224
963	0.06584236743450164	0.98845	0.6614333333651224
964	0.06669206023216248	0.9885000000635783	0.652266666674614
965	0.06515654426415761	0.9888000000635783	0.6622166666666667
966	0.06693423914114634	0.9879666667302449	0.6572166666825613
967	0.06618171055316925	0.9884333333651225	0.6550666666666667
968	0.0653142947435379	0.9889333333969116	0.6656166666746139
969	0.06623609794378281	0.988416666730245	0.6607166666666666
970	0.06662426129976909	0.9883833333651225	0.65755
971	0.0661644165913264	0.9887166666666667	0.655583333337307
972	0.0663983960946401	0.9888166666984558	0.6598333333412806
973	0.06541859774986902	0.9887500000635783	0.6623833333333333
974	0.06597595800558725	0.988416666730245	0.6564833333492279
975	0.06557295165459315	0.9887833333333333	0.6584666666984558
976	0.06665383690992992	0.9888833333333333	0.6522000000079473
977	0.06554351460138956	0.988466666730245	0.6636833333333333
978	0.06670858182907105	0.988266666730245	0.6539333333412806
979	0.06604314320087433	0.9882	0.662366666674614
980	0.06638043935298919	0.98835	0.6484333333333333
981	0.06634636506239573	0.988116666730245	0.6556333333412806
982	0.06657122189203898	0.9886166666666667	0.6566500000079473
983	0.06583429028987885	0.9886500000317892	0.6582666666825613
984	0.06636012711922328	0.9883	0.656233333349228
985	0.06604738771915436	0.9885000000635783	0.655316666674614
986	0.06629133965174357	0.9888833333333333	0.6545833333412806
987	0.0665585564494133	0.9883166666666666	0.6546333333412806
988	0.06614688161214193	0.98845	0.6517166666746139
989	0.06596530722777048	0.9892833333651225	0.654416666674614
990	0.06668784541686376	0.9892000000317891	0.6553833333333333
991	0.06668120105266571	0.9886166666984558	0.6501500000079473
992	0.06675240979989369	0.98835	0.6507000000079473
993	0.06749818155765533	0.9876833333333334	0.6508666666666667
994	0.06670282797018687	0.9883166666984559	0.6490833333492279
995	0.06689700272878012	0.9886166666666667	0.6534333333492279
996	0.06661750651597977	0.98815	0.6566500000079473
997	0.06676765734354655	0.9884666666666667	0.6464166666666666
998	0.06625539637406667	0.9880000000317891	0.6583333333333333
999	0.06725326568285624	0.9886333333969116	0.6502000000039736
1000	0.06649882876078288	0.9887166667302449	0.65255
1001	0.06681148782173793	0.988616666730245	0.64405
1002	0.06699782844781875	0.9885833333333334	0.6521000000158945
1003	0.06764025324185689	0.9884833333651225	0.6445166666666666
1004	0.06684616713523865	0.9888666666666667	0.6510833333333333
1005	0.06648498603502909	0.9885666666666667	0.655233333349228
1006	0.0674777737100919	0.9883833333333333	0.6509166666686534
1007	0.06662116992473602	0.9886666666666667	0.6518500000158945
1008	0.06669955385526022	0.9884666666984558	0.6495166666706403
1009	0.06651144649187724	0.9886	0.6465666666706403
1010	0.06827172424793243	0.9878166667302449	0.6473333333492279
1011	0.06733065539995829	0.98835	0.6470000000158945
1012	0.06749027936855952	0.9879000000317891	0.6450833333651225
1013	0.06704022095998129	0.9886	0.6574500000158946
1014	0.06695630782842636	0.9887666667302449	0.6432666666666667
1015	0.06697868436177572	0.98895	0.6483666666825613
1016	0.06718840391635894	0.9882666666666666	0.649066666674614
1017	0.0675494819800059	0.9882166666666666	0.6483000000019868
1018	0.06715192221800487	0.9878000000317891	0.65
1019	0.06744607626597086	0.9880166666984558	0.6469000000158945
1020	0.06668386243979137	0.9884500000635783	0.6461166666666667
1021	0.06707861851851145	0.9885166666666667	0.64385
1022	0.06771297511259715	0.9876333333651225	0.64385
1023	0.06752148349285125	0.9882500000635783	0.64645
1024	0.06665384300549825	0.9891	0.6524833333492279
1025	0.06690343550046285	0.9882833333969117	0.6435166666666666
1026	0.06783085649013519	0.988616666730245	0.6462500000079473
1027	0.06786792106628418	0.9878833333969116	0.638016666674614
1028	0.06722390705744426	0.98885	0.6472666666666667
1029	0.06724841286341349	0.9888666667302449	0.6455333333412806
1030	0.06743157762686411	0.9883	0.6482833333412806
1031	0.06686265142758688	0.9883666666666666	0.6485166666666666
1032	0.06755659425258637	0.9882833333333333	0.6426500000079473
1033	0.0675375947713852	0.9880666666666666	0.6458500000158945
1034	0.06778941717147827	0.9883500000635783	0.6376000000079473
1035	0.06678187752564749	0.9888333333333333	0.644016666674614
1036	0.06779149783452351	0.9879166666666667	0.6452500000079473
1037	0.06685290184815725	0.9886333333969116	0.6458333333492279
1038	0.06820637596448262	0.9880500000317891	0.6429333333412807
1039	0.06844378159443537	0.9881666666666666	0.6341500000158946
1040	0.0669070796251297	0.9884166666984558	0.6523333333333333
1041	0.06731135350863139	0.9883833333333333	0.6451166666825613
1042	0.06820602469444274	0.988466666730245	0.6352166666666667
1043	0.06706390803654988	0.9887666666984558	0.6522500000158946
1044	0.0668378742535909	0.9884666666984558	0.6484333333412806
1045	0.06854085217714309	0.9877666666666667	0.637016666674614
1046	0.06755267033576966	0.98835	0.6426000000158946
1047	0.06727910300890605	0.9881333333969117	0.6505000000039737
1048	0.06756893667380015	0.9885333333651225	0.642183333349228
1049	0.06759987908999125	0.988116666730245	0.6429000000158945
1050	0.06728684975306193	0.988266666730245	0.644033333337307
1051	0.06761781359116237	0.988516666730245	0.6364166666706403
1052	0.06748347161610921	0.9888500000635783	0.6435
1053	0.06804231336116791	0.9881666666666666	0.6404166666825613
1054	0.06818618222077688	0.9882166666666666	0.632016666674614
1055	0.06860414133071899	0.988216666730245	0.6346166666686535
1056	0.06815759738683701	0.9885833333969116	0.6356500000079472
1057	0.06758464064598084	0.9887000000317892	0.6390500000039736
1058	0.06774890701770782	0.9885166666984558	0.6365500000039737
1059	0.06759509899218877	0.9884833333969116	0.6387833333412806
1060	0.06742070944309235	0.9881666666984558	0.6443333333412806
1061	0.06941283827622731	0.9874000000317892	0.6313333333412806
1062	0.06837799116770427	0.9885833333333334	0.6399333333412807
1063	0.06776286544005077	0.9880166667302449	0.6477166666746139
1064	0.06818034344514211	0.9881500000317891	0.6415833333492279
1065	0.06757288374900818	0.9885666666984558	0.6355666666666666
1066	0.06831247971057892	0.9882	0.640783333337307
1067	0.06793518394629161	0.988666666730245	0.6388166666666667
1068	0.06740940458774566	0.98845	0.6413500000158946
1069	0.06822283075650533	0.9881666666666666	0.637283333337307
1070	0.06812117522557576	0.9884333333969116	0.6389666666666667
1071	0.06772975708246232	0.9885333333333334	0.640133333349228
1072	0.06808269051710765	0.9880000000635782	0.64405
1073	0.0683735852877299	0.9881166666666666	0.6393333333492279
1074	0.06789400399923325	0.9876500000635783	0.6483333333412806
1075	0.06847168876330058	0.9881833333333333	0.6385666666706403
1076	0.06821195978323619	0.9883166666984559	0.641216666674614
1077	0.06889353222846985	0.9880333333333333	0.6371166666706403
1078	0.06839431234995524	0.9881500000635783	0.6370666666666667
1079	0.06747639605204264	0.9885500000317892	0.6423166666706404
1080	0.06797259972890218	0.9882000000317891	0.6395333333412806
1081	0.06829084740479788	0.9883000000635783	0.6400333333373069
1082	0.068242431807518	0.9880333333969116	0.6336166666666667
1083	0.06911052689552308	0.988666666730245	0.6305666666746139
1084	0.06762130721012752	0.9887	0.6404
1085	0.06854822605450948	0.9882333333651224	0.6347
1086	0.06840267293453217	0.9879	0.6410000000079473
1087	0.06793168153762817	0.988266666730245	0.637966666674614
1088	0.06833667272726694	0.9882333333333333	0.636583333337307
1089	0.06824784615039825	0.9882500000317891	0.6335166666746139
1090	0.0678153787136078	0.9888666667302449	0.6386166666666667
1091	0.06829753651618957	0.9881833333333333	0.62945
1092	0.06863823673725128	0.9880500000635782	0.632
1093	0.06792025714715322	0.9885333333969116	0.6409333333412807
1094	0.06916854100227356	0.9883333333969117	0.6269166666666667
1095	0.06813555765946706	0.9879833333651225	0.6422666666676601
1096	0.0682891144434611	0.9882666666666666	0.6322833333492279
1097	0.06866176345745723	0.9879166667302449	0.6361
1098	0.06867588889598847	0.9885333333969116	0.6317166666746139
1099	0.06868420054117838	0.9882166666666666	0.6245666666825612
1100	0.06859968611796698	0.988	0.6305166666666666
1101	0.06836936144828797	0.9882000000317891	0.639
1102	0.06848087082703909	0.98845	0.634816666674614
1103	0.06866373981634775	0.9880000000635782	0.6368166666686534
1104	0.06869263358910878	0.9879500000635782	0.6390666666666667
1105	0.06848434899250666	0.98845	0.6344
1106	0.06850123132864634	0.9884	0.6267500000039736
1107	0.06883681643009186	0.9876666666666667	0.6375500000039737
1108	0.06852611053387324	0.9883500000635783	0.630066666674614
1109	0.06949448350270589	0.9887666666666667	0.6274166666825612
1110	0.06886560280323029	0.9881000000635783	0.6299666666666667
1111	0.0697759593685468	0.9878333333969116	0.6311500000079473
1112	0.06882092241446178	0.9887833333651225	0.6286833333333334
1113	0.06802279870907466	0.9880666667302449	0.6376333333333334
1114	0.07020257451534272	0.987516666730245	0.6279333333412807
1115	0.06787119646867117	0.9888000000635783	0.642433333337307
1116	0.06923468440373738	0.9877833333969116	0.6294333333333333
1117	0.06943730527162552	0.9882833333969117	0.6298000000039736
1118	0.0684371116956075	0.9883500000635783	0.6331333333333333
1119	0.06863120048046112	0.9878833333651225	0.62885
1120	0.06929524198373159	0.9880500000317891	0.6254
1121	0.06883919438521068	0.9878	0.6343166666706404
1122	0.06861897293726603	0.9881	0.631916666674614
1123	0.06849392468531927	0.9874666666984558	0.6402166666666667
1124	0.0695409398873647	0.988116666730245	0.6269666666666667
1125	0.06918600807189941	0.9880000000635782	0.6313000000039737
1126	0.06911706297397613	0.98825	0.631433333337307
1127	0.0693042564868927	0.9882	0.628866666674614
1128	0.0683488730430603	0.9884000000635783	0.631066666674614
1129	0.06867756570974985	0.988166666730245	0.6317333333412806
1130	0.06900574787457785	0.9881000000317891	0.6216500000158945
1131	0.06800731066862742	0.9886666666666667	0.6321500000079473
1132	0.06790023380915323	0.9882833333651225	0.6340333333333333
1133	0.06823419632116953	0.9885666666666667	0.6361333333333333
1134	0.06837310479482014	0.9887000000317892	0.628133333337307
1135	0.0695068420569102	0.9885333333969116	0.621033333349228
1136	0.06899609564940135	0.9886	0.6320833333333333
1137	0.06878727331956228	0.9883666666984559	0.63095
1138	0.06968815517425538	0.9882833333651225	0.6286333333333334
1139	0.06977223176956177	0.9877333333969116	0.6224
1140	0.06800866445302964	0.9886333333969116	0.6356833333412806
1141	0.06812435518105825	0.9887166666666667	0.6363333333412806
1142	0.0686177946249644	0.9881166666984558	0.6329000000039736
1143	0.06873933507601421	0.9882833333651225	0.6316666666825612
1144	0.06946897656917572	0.9882166666984558	0.6241166666706404
1145	0.06953074493408203	0.9880000000317891	0.6326166666666667
1146	0.06920781927108764	0.9886500000317892	0.6250666666666667
1147	0.06958936055501302	0.987316666730245	0.6295500000158946
1148	0.0691197295109431	0.9882500000635783	0.6299000000079473
1149	0.0688645364999771	0.98835	0.6302666666706404
1150	0.07019930735429128	0.9878	0.6173
1151	0.06900994979540508	0.9883000000635783	0.6268500000079473
1152	0.06951080384254456	0.9878333333651225	0.6270166666666667
1153	0.06956966208616892	0.9880833333969116	0.6337333333492279
1154	0.06882290695508321	0.9881666666666666	0.6281833333492279
1155	0.06936951390107472	0.9880666666666666	0.6243166666825612
1156	0.06968024013837179	0.9885333333969116	0.6268333333412807
1157	0.06925433596769968	0.9880833333651224	0.62915
1158	0.06883356533050537	0.9887666667302449	0.6333000000079473
1159	0.07020240046183268	0.9880000000635782	0.6240833333373069
1160	0.0692825655301412	0.9886333333969116	0.6345666666706403
1161	0.06850143313805263	0.9876333333969116	0.6314166666746139
1162	0.06987611396312714	0.9879500000635782	0.6238333333333334
1163	0.07003975774447123	0.9877	0.62205
1164	0.069038104057312	0.9882166666666666	0.6261833333333333
1165	0.07016956129074096	0.98755	0.6229666666825613
1166	0.06884559894402822	0.9881000000635783	0.631816666674614
1167	0.06904918446540832	0.9881000000635783	0.6281833333412806
1168	0.06941672186851501	0.9878833333651225	0.6246833333333334
1169	0.06884385307629903	0.98815	0.62185
1170	0.06958966541290283	0.9877833333969116	0.6286500000039736
1171	0.06931530736287435	0.9882666666666666	0.6255333333412806
1172	0.06868430024782816	0.9881333333651224	0.6306166666746139
1173	0.0689819461663564	0.988116666730245	0.6318666666666667
1174	0.07025573162237803	0.9880666666666666	0.6204333333333333
1175	0.06931892260313034	0.9880166666984558	0.6333000000158946
1176	0.06955095652341843	0.9885833333969116	0.616866666674614
1177	0.07042124660015106	0.9877166666666667	0.6213833333412806
1178	0.06887988910675048	0.9886833333969116	0.6283000000079473
1179	0.06904560966094335	0.9884666666984558	0.617716666674614
1180	0.06948403932253519	0.98845	0.6284166666686535
1181	0.07017971027692159	0.9882000000635783	0.62105
1182	0.06956833441257476	0.9883666666666666	0.6163
1183	0.06949890264670054	0.988166666730245	0.6275666666746139
1184	0.07007945613066355	0.988316666730245	0.622433333337307
1185	0.06969304789702098	0.9880833333969116	0.6240166666666667
1186	0.06993285528818766	0.9879500000635782	0.6198166666706403
1187	0.07074399024645488	0.98745	0.6159833333333333
1188	0.0700055598894755	0.9881166666666666	0.6238166666666667
1189	0.06943076905409495	0.9885333333651225	0.6210166666706403
1190	0.07022146170139312	0.988116666730245	0.6216
1191	0.06940511139233907	0.9881333333969117	0.6191833333412806
1192	0.07031767655213673	0.988516666730245	0.619333333337307
1193	0.0688921539704005	0.9887166666666667	0.6215166666706403
1194	0.0701659892876943	0.9876666666984558	0.61305
1195	0.06962602668603261	0.9884666666666667	0.6239000000039736
1196	0.06925457855065664	0.9885666666666667	0.6244333333333333
1197	0.07037654694716136	0.9882333333333333	0.6157000000039736
1198	0.06990167419910431	0.9879333333333333	0.6224666666706403
1199	0.06926860053539276	0.9884833333969116	0.62565
1200	0.07007409884134928	0.9881166666666666	0.6257000000158945
1201	0.06974375840028127	0.9883833333969116	0.6211833333412806
1202	0.07153116900523504	0.9866666666666667	0.5997500000158946
1203	0.07090002544720968	0.9878166666984558	0.6219166666706403
1204	0.07028207359313965	0.9883333333969117	0.6291666666666667
1205	0.07036000932852428	0.9879	0.6183666666825612
1206	0.07004430161317189	0.9875833333333334	0.6168000000039736
1207	0.0693578223347664	0.9884333333333334	0.6215000000079473
1208	0.06940009830792745	0.9885000000317892	0.6153666666666666
1209	0.069365416542689	0.98835	0.6257166666666667
1210	0.0694406899690628	0.9889333333969116	0.6167166666825612
1211	0.07062479762236278	0.988316666730245	0.6138833333333333
1212	0.06972842257022857	0.9879666666666667	0.6221333333492279
1213	0.07014986646970113	0.9879500000635782	0.6313000000039737
1214	0.06974292625586191	0.9882000000317891	0.627383333337307
1215	0.06965582645734152	0.9884000000317892	0.624683333337307
1216	0.06986580394903819	0.9880166666666667	0.6253833333333333
1217	0.07088518018722534	0.9876	0.6186500000019868
1218	0.06996382068792979	0.9876166666666667	0.6181833333412806
1219	0.07076286754608155	0.988416666730245	0.6177500000039736
1220	0.06988800399303437	0.9886500000317892	0.6144666666666667
1221	0.07002799286047617	0.9886000000635783	0.6210833333333333
1222	0.0690804032723109	0.9882333333333333	0.6295833333333334
1223	0.06953910686969757	0.9880666666666666	0.622833333337307
1224	0.0697111376285553	0.9883	0.6240833333412806
1225	0.07016220028400422	0.9882500000635783	0.621766666674614
1226	0.07051556584040324	0.9875333333969116	0.6195166666746139
1227	0.06963979660272598	0.9881333333333333	0.6272833333492279
1228	0.0711244669675827	0.9878666667302449	0.6143333333333333
1229	0.07042048621972402	0.9881666666666666	0.6167333333353201
1230	0.06990732807715734	0.9883500000635783	0.6138
1231	0.06996457299391429	0.9881333333969117	0.61875
1232	0.06945142107804617	0.9877666667302449	0.6309333333412807
1233	0.06963470393419266	0.9882000000635783	0.6211166666706404
1234	0.06973326347271601	0.9882666666666666	0.621216666674614
1235	0.07067914003531138	0.98815	0.6113500000079473
1236	0.07019488470554351	0.9877166667302449	0.6253166666746139
1237	0.07054087719519933	0.9882	0.6244500000079473
1238	0.07002669315735499	0.9874500000635783	0.6238000000079473
1239	0.06984551315307617	0.9881333333333333	0.6214500000158946
1240	0.07004097194671631	0.9881500000635783	0.6225000000039737
1241	0.07007955964406332	0.9879666666666667	0.6264000000039737
1242	0.06992324141661325	0.9881333333333333	0.6218833333333333
1243	0.07021675048271815	0.9884166666666667	0.6141500000039737
1244	0.07055933339595795	0.9882000000317891	0.6181666666825613
1245	0.07033932491143545	0.9882833333969117	0.6128166666686535
1246	0.07033988766670227	0.9887333333333334	0.6151500000039737
1247	0.07016531919638316	0.9881833333969117	0.6131166666676601
1248	0.06949189485708872	0.988616666730245	0.6238333333412807
1249	0.07026007844607035	0.9877666666666667	0.6199500000079473
1250	0.0699662791411082	0.9889000000635783	0.6237500000079473
1251	0.07105113410949707	0.98755	0.6135000000079472
1252	0.069998730079333	0.9883000000635783	0.6188500000009934
1253	0.06943470596472422	0.9882833333969117	0.6157166666666667
1254	0.0695886694431305	0.9883833333969116	0.6199500000019869
1255	0.07012944775422414	0.9880500000317891	0.611083333337307
1256	0.07031495382388432	0.98775	0.6188833333412807
1257	0.06984951883157094	0.9884166666984558	0.6184
1258	0.0701531572898229	0.9879000000317891	0.6207500000019868
1259	0.07017254816293717	0.9879666666666667	0.6200333333412806
1260	0.07005359581311543	0.9880166667302449	0.61885
1261	0.07014828541278839	0.9885	0.6197333333333334
1262	0.07098837208747864	0.9876833333333334	0.6091
1263	0.07034675142765046	0.9881333333651224	0.6108500000019869
1264	0.06985892372131347	0.9884000000635783	0.6176333333412806
1265	0.0706892442703247	0.9879500000635782	0.6188166666706403
1266	0.069315802415212	0.9889166666666667	0.6216666666666667
1267	0.0717122178475062	0.9877	0.6087166666706403
1268	0.06964511454900106	0.9885666666666667	0.6182833333412806
1269	0.07028152843316396	0.9880500000317891	0.6110000000019868
1270	0.06983222049077352	0.9883166666984559	0.6198666666666667
1271	0.06962368133068085	0.9883	0.6175166666706403
1272	0.07046953466733297	0.9873000000635783	0.6163833333412806
1273	0.0715997768799464	0.9876	0.6053000000079473
1274	0.07028483842213949	0.9879333333969116	0.6189333333412806
1275	0.07070503764947256	0.9883500000635783	0.6067833333333333
1276	0.07014431364536286	0.9881833333333333	0.6216666666706403
1277	0.07013511129220326	0.988	0.624833333337307
1278	0.07009460629224777	0.9882000000635783	0.6227333333333334
1279	0.07172902566591899	0.9868333333333333	0.6109666666666667
1280	0.07004528373082479	0.9879333333333333	0.6142333333412806
1281	0.06989942030906678	0.9878833333651225	0.6207666666706403
1282	0.07075534880161286	0.9879333333969116	0.6107833333373069
1283	0.07014144845803578	0.98785	0.6182333333333333
1284	0.07095107591152192	0.9883166666666666	0.6082666666666666
1285	0.06960317889054617	0.9880666667302449	0.6251166666666667
1286	0.0715378877321879	0.9873333333651225	0.6007000000019869
1287	0.06993028360207876	0.9878666666666667	0.6190666666666667
1288	0.07047184219757716	0.9882500000635783	0.6191333333492279
1289	0.07011308033466339	0.9880333333969116	0.61335
1290	0.0704805481115977	0.9879666666666667	0.6242166666706404
1291	0.07008096304734548	0.9887333333651225	0.61475
1292	0.07052644383907318	0.9874166666666667	0.619683333337307
1293	0.07102965451876322	0.9872333333333333	0.6132666666666666
1294	0.07027125176588694	0.9884833333651225	0.6125833333333334
1295	0.07002945322195689	0.9882833333333333	0.6019500000019868
1296	0.07057914021015167	0.988266666730245	0.6095000000019868
1297	0.07114810388882956	0.9879	0.6094
1298	0.07032638687292735	0.988266666730245	0.6177
1299	0.07086355751355489	0.9875	0.6169833333333333
1300	0.07063668769200643	0.9879166666984558	0.6127666666706403
1301	0.07009292990366618	0.98785	0.6210000000079473
1302	0.07076528079509735	0.9879666667302449	0.5988833333412806
1303	0.07102227478027344	0.9875833333969116	0.6133166666666666
1304	0.07134063254992166	0.988366666730245	0.6043000000019868
1305	0.07083769098122915	0.9877000000317891	0.6143500000039737
1306	0.0708584057490031	0.988266666730245	0.6085500000158945
1307	0.0709141750494639	0.9878000000635783	0.618333333337307
1308	0.06950981878439585	0.988616666730245	0.614
1309	0.07052666481335958	0.9883333333333333	0.611716666674614
1310	0.07200609552065532	0.9871833333969117	0.6027333333412807
1311	0.0715927843173345	0.98755	0.6154000000019868
1312	0.07068395063082378	0.9881833333651224	0.6080166666666666
1313	0.07115399090449015	0.9881333333651224	0.6007333333412807
1314	0.07086317176818847	0.9888333333969116	0.6197166666666667
1315	0.07040949114958445	0.9881166666666666	0.61185
1316	0.07103291323979696	0.9884166666666667	0.6080166666686535
1317	0.07036355567773184	0.9876000000635783	0.6075500000019868
1318	0.07084041811625162	0.9880000000635782	0.6141333333333333
1319	0.0709690329949061	0.9880833333333333	0.6121166666706404
1320	0.07029812521934509	0.9878166666984558	0.6184833333412806
1321	0.07029075342814127	0.9881833333651224	0.6156833333333334
1322	0.07090829678376516	0.9880333333651224	0.6118000000039736
1323	0.07005898712476094	0.9883000000635783	0.6184666666706403
1324	0.07083751362959544	0.9876333333969116	0.6094000000079473
1325	0.07101179806391399	0.98835	0.6030833333333333
1326	0.07106634231408437	0.9880166667302449	0.6105500000079472
1327	0.07056056332588195	0.9880166666666667	0.6085500000079472
1328	0.07157427765925725	0.9875666666666667	0.60835
1329	0.07099440434376399	0.9875833333333334	0.613583333337307
1330	0.07188628708521524	0.9871833333333333	0.6005166666676601
1331	0.07049024469852448	0.9878166667302449	0.6138333333492278
1332	0.07007329126993815	0.9886	0.613966666674614
1333	0.0705609682003657	0.9882333333969117	0.602883333349228
1334	0.07135542545318603	0.9881500000635783	0.595566666674614
1335	0.07039305369059244	0.9882166666984558	0.6100166666666667
1336	0.07118196772734324	0.9880333333969116	0.6061333333412806
1337	0.07051750853856405	0.988166666730245	0.6082333333333333
1338	0.07044347071647644	0.9878833333333333	0.616233333337307
1339	0.07035000931421916	0.9883833333333333	0.615666666674614
1340	0.0708143234570821	0.988116666730245	0.610816666674614
1341	0.07064780651728313	0.9882500000635783	0.6126500000039736
1342	0.06997112565835317	0.9882	0.6106833333333334
1343	0.07140652152697245	0.9879	0.6084166666666667
1344	0.07093421785831451	0.9880333333969116	0.605716666674614
1345	0.07129785637060801	0.988216666730245	0.6061666666676601
1346	0.07112874530156453	0.9879333333969116	0.611116666674614
1347	0.07041294193267822	0.9883666666666666	0.6117166666666667
1348	0.07141784816582998	0.9875500000635783	0.6116000000009935
1349	0.07185119893550873	0.9880833333969116	0.60133333333383
1350	0.07142470610936483	0.9869333333969116	0.6142666666746139
1351	0.06983594123522441	0.9886833333969116	0.6149500000079473
1352	0.07209142927328746	0.9878833333969116	0.5933833333333334
1353	0.07078717914422353	0.98805	0.6077833333412807
1354	0.07059181939760843	0.988416666730245	0.6042333333412806
1355	0.071252068122228	0.9881166666666666	0.6071500000019868
1356	0.07160201732317606	0.9879	0.60415
1357	0.07085590961774191	0.9880666666666666	0.5999166666666667
1358	0.071223894572258	0.9878000000635783	0.6025833333353201
1359	0.07054536096254985	0.9879500000635782	0.6078333333412806
1360	0.07083418854872385	0.9886000000317892	0.6086166666666667
1361	0.07179197504520417	0.9880833333333333	0.6029
1362	0.07157782591978709	0.9883833333333333	0.5984333333333334
1363	0.07078572348753612	0.9880166666666667	0.606733333337307
1364	0.07105116062959035	0.988216666730245	0.6006500000079473
1365	0.07097035971482595	0.9876333333651225	0.6135000000019868
1366	0.07052461229960123	0.9879666666984558	0.6074833333412806
1367	0.07092133994102479	0.988116666730245	0.6086166666706403
1368	0.07126380105018616	0.9876833333969116	0.6094166666706403
1369	0.07099191807111105	0.9876333333333334	0.6062166666666666
1370	0.0702177864631017	0.9886333333969116	0.61505
1371	0.07073206210533778	0.9883166666666666	0.6093000000079473
1372	0.07185777107874552	0.9877000000635783	0.5882333333353201
1373	0.07190525486866634	0.9886500000635783	0.5995833333333334
1374	0.07150705970128378	0.9876166666666667	0.609116666674614
1375	0.07155531667073568	0.9879166666984558	0.6025666666706403
1376	0.07203116364479065	0.9874166666984558	0.60355
1377	0.07289670873483022	0.9878000000635783	0.5931666666686535
1378	0.06987749638557435	0.9890166666666667	0.6090500000039737
1379	0.07244103645881017	0.9877	0.585766666674614
1380	0.07034990257422129	0.9882333333651224	0.6083833333353201
1381	0.0709552282889684	0.9878333333969116	0.6087833333333333
1382	0.07124328078428904	0.9882333333969117	0.601133333337307
1383	0.0707272518157959	0.9882666666666666	0.6092333333412806
1384	0.07036275368531544	0.9876333333969116	0.6119166666706403
1385	0.07158029234409333	0.9875333333333334	0.613066666674614
1386	0.07110889863967895	0.9883500000317892	0.61505
1387	0.07095933899879456	0.98765	0.6073000000039737
1388	0.07149379215240478	0.9874666666984558	0.6051
1389	0.07233064080874126	0.987616666730245	0.5947833333373069
1390	0.0723372713804245	0.9876333333651225	0.6038000000019869
1391	0.07209563664197922	0.9876333333333334	0.605816666674614
1392	0.07118827665646871	0.9880333333969116	0.6042166666746139
1393	0.07096883682409923	0.9881333333969117	0.60545
1394	0.07197799291610718	0.9873500000317892	0.600683333337307
1395	0.07258339196046193	0.9874500000317892	0.596866666674614
1396	0.07059671105543773	0.9878	0.605983333337307
1397	0.07109265298843384	0.9880500000635782	0.6090500000039737
1398	0.0724097335656484	0.9876333333969116	0.604083333337307
1399	0.07117897749741872	0.9880666666984558	0.6118
1400	0.07219616301059723	0.9877500000635783	0.5997500000079473
1401	0.07066897051334381	0.9879500000635782	0.6086666666666667
1402	0.07096042200724284	0.9881000000635783	0.6108833333333333
1403	0.07158041311899821	0.9873500000317892	0.5953333333333334
1404	0.07154682016372681	0.98795	0.6021833333333333
1405	0.07168737863699595	0.9881333333333333	0.6035500000039736
1406	0.07051708864370981	0.9881666666984558	0.6013
1407	0.07088371419111887	0.9886833333333334	0.6017666666686535
1408	0.07165670113563538	0.9884833333651225	0.5897000000004967
1409	0.07162191467285156	0.9881333333651224	0.5960333333333333
1410	0.07053706516424815	0.9880166666666667	0.6158500000039736
1411	0.0727218601067861	0.9868833333969116	0.599966666674614
1412	0.07117209747632344	0.9886166666984558	0.5979166666686535
1413	0.07065332321325937	0.98835	0.6068000000079473
1414	0.07158236615657806	0.9880166667302449	0.5917333333373069
1415	0.07088114318052928	0.9881833333969117	0.5978833333373069
1416	0.07187619561354319	0.98775	0.5968166666706403
1417	0.07176628801822663	0.98735	0.6065833333412807
1418	0.07187745634714762	0.9877500000635783	0.6064666666746139
1419	0.07087772492567698	0.9881666666666666	0.6012666666746139
1420	0.07153229876359304	0.9882333333969117	0.598483333337307
1421	0.07075124384562174	0.9883	0.6049333333373069
1422	0.07141024871667226	0.9875833333969116	0.6053833333412806
1423	0.07124845982789993	0.9883333333969117	0.6004166666666667
1424	0.07029224632581076	0.9876166666666667	0.61785
1425	0.07184559808174769	0.9878666666984558	0.599433333337307
1426	0.07152713031371434	0.9881666666666666	0.5943666666706403
1427	0.07159383846918742	0.9873333333651225	0.6033000000079473
1428	0.07146752765178681	0.9875666666666667	0.5945666666666667
1429	0.07225850509007772	0.9878666666666667	0.599083333337307
1430	0.07159929958979289	0.9882833333969117	0.5973
1431	0.07149947594404221	0.9884166666984558	0.592983333337307
1432	0.07082721513907114	0.9884000000635783	0.6016666666666667
1433	0.07178832937876384	0.9880833333969116	0.5992
1434	0.07099783535003662	0.988566666730245	0.5927333333333333
1435	0.07120840873718262	0.9882166666666666	0.6091166666666666
1436	0.07225503066380819	0.9873500000635783	0.6013833333343267
1437	0.07148303774197896	0.9879333333969116	0.6008833333373069
1438	0.07117739366690318	0.9883333333969117	0.5943000000039736
1439	0.07197936910788218	0.9880333333333333	0.6027666666706403
1440	0.0713264912923177	0.9877333333333334	0.6018333333373069
1441	0.0711179697672526	0.9876333333333334	0.5987833333343268
1442	0.07268946512540181	0.9872500000635783	0.5925500000079473
1443	0.07135347611109416	0.9877000000317891	0.5972000000158946
1444	0.07192249271074931	0.9873833333333333	0.5986000000039736
1445	0.07130795870621999	0.9883	0.6015833333412807
1446	0.0719659854332606	0.9875333333333334	0.5941166666686535
1447	0.07238169610500336	0.987666666730245	0.5864166666666667
1448	0.07164927825927735	0.9881166666984558	0.5980500000039737
1449	0.07163397885163625	0.9876	0.5963166666746139
1450	0.07334560739994049	0.9875833333333334	0.54025
1451	0.07446748266220093	0.9878500000317891	0.5338166666706403
1452	0.07422800621191661	0.9884000000635783	0.5383500000039736
1453	0.07385917561848958	0.9879	0.5556166666666666
1454	0.07301687287489574	0.9880333333969116	0.5517666666706403
1455	0.07412772566477457	0.9878833333969116	0.5511000000039736
1456	0.07432087366580963	0.9884000000635783	0.5430833333333334
1457	0.07364971774419149	0.9879666667302449	0.5496500000039737
1458	0.07434303405284881	0.9877333333651225	0.5319000000079472
1459	0.07298001465002696	0.9878000000317891	0.5536166666666666
1460	0.07504974272251129	0.9878500000635783	0.53445
1461	0.07455564881165823	0.9881833333333333	0.5365000000079473
1462	0.07400948777198792	0.9882833333333333	0.54655
1463	0.07394140011469523	0.9880666666666666	0.5444666666666667
1464	0.07387700107892355	0.9877500000635783	0.5384166666666667
1465	0.07516848504543304	0.9878500000317891	0.5353833333333333
1466	0.07445194374720256	0.9879333333651225	0.5370666666706403
1467	0.07429167498747508	0.9879666666666667	0.5523
1468	0.07477566193739574	0.9877333333333334	0.5367833333412806
1469	0.07429419916470846	0.9875833333969116	0.5473333333412806
1470	0.07487712040742238	0.988	0.5403
1471	0.07337343175411225	0.98795	0.5558500000019868
1472	0.07429156651496888	0.9876500000635783	0.5464166666686535
1473	0.0747138925631841	0.9879666666666667	0.5458166666666666
1474	0.07402581052780151	0.987616666730245	0.5528
1475	0.07483206679821014	0.9875	0.5430500000039736
1476	0.07429658113320668	0.9878166666666667	0.5498833333333333
1477	0.07350262549718221	0.9876333333333334	0.547983333337307
1478	0.07322754901250203	0.9879666667302449	0.5520666666706403
1479	0.07435950388908386	0.9883833333969116	0.5402833333333333
1480	0.07385971046288808	0.98765	0.5426333333333333
1481	0.07406339190006256	0.9874166666666667	0.5470833333333334
1482	0.07371712381839753	0.988316666730245	0.5484833333333333
1483	0.07499667816162109	0.9878833333969116	0.5349666666706403
1484	0.07372395133972168	0.9878333333333333	0.5518833333412806
1485	0.07335974975426991	0.9877333333333334	0.54155
1486	0.07416436183452606	0.9872666666666666	0.542
1487	0.07384960911273956	0.9875333333651225	0.5495166666666667
1488	0.07363525723616282	0.9879333333969116	0.54135
1489	0.07345112247467041	0.98775	0.5546666666686535
1490	0.0728704817533493	0.988416666730245	0.5581
1491	0.0736471374352773	0.9880333333969116	0.5525166666706403
1492	0.07393674530188242	0.9881500000317891	0.5421833333412807
1493	0.07471044648488363	0.9877833333969116	0.5375833333333333
1494	0.07340817267100017	0.9883166666666666	0.5625833333353202
1495	0.07445325147310893	0.9879166667302449	0.539883333337307
1496	0.07384799652099609	0.9877666667302449	0.5569166666686535
1497	0.07348573763370514	0.9881500000635783	0.5455833333343267
1498	0.07506152653694152	0.9877333333969116	0.52695
1499	0.0745095378001531	0.9879333333651225	0.5395666666686535
