epoch	loss	acc	certified
0	0.9664232940038046	0.44800000006357826	0.05865
1	0.7245611001650493	0.6772666666984558	0.12906666667064032
2	0.5681940559387207	0.7534833333651225	0.25780000003178916
3	0.42690409251848854	0.8030166666984558	0.4389166666666667
4	0.3268343844731649	0.8412333333333334	0.5829166666666666
5	0.2554643656571706	0.8740666667302449	0.676666666730245
6	0.20576525660355885	0.8980500000635783	0.7407666666666667
7	0.16915483432610828	0.9152333333333333	0.7845333333969117
8	0.1423633435924848	0.9315666666666667	0.8140666666666667
9	0.12336401641368866	0.9407	0.8364166666984558
10	0.1072576669216156	0.9499333333969117	0.8543666666666667
11	0.09411071759462357	0.9554500000635783	0.871666666730245
12	0.08554871224562327	0.9595666667302449	0.8832500000635782
13	0.0791630996743838	0.9624333333651225	0.8922333333969116
14	0.07133225391308466	0.9670333333969117	0.9006500000317892
15	0.06872592639128366	0.9679500000635783	0.9058666666666667
16	0.06315299847126007	0.9706000000317891	0.9118666666984558
17	0.059718951132893563	0.97195	0.9173166666984558
18	0.05735521523356438	0.9737833333651225	0.919766666730245
19	0.05388383899529775	0.9756000000635783	0.9235166667302449
20	0.05071511580546697	0.97715	0.9282833333333333
21	0.04987635999321938	0.9773500000635783	0.9287500000317891
22	0.04762197299003601	0.9784000000317892	0.9315
23	0.04545560202598572	0.9790666666984558	0.9352166666666667
24	0.04442415958444278	0.9800666666984558	0.935866666730245
25	0.04192550646066666	0.9812500000317892	0.9391333333333334
26	0.040783343549569445	0.9819666666666667	0.9403333333333334
27	0.03952263583938281	0.9822166666666666	0.9418500000317891
28	0.038856961115201316	0.9830333333969116	0.9428500000317891
29	0.03763458330631256	0.9828833333651225	0.944866666730245
30	0.037237822624047595	0.9832833333651225	0.9451833333969116
31	0.03641272258957227	0.9839000000317891	0.9462833333333334
32	0.03532983319163322	0.9844166666984558	0.9475000000317891
33	0.034632229912281036	0.9851500000635783	0.9483833333969116
34	0.033538287381331126	0.9855000000317892	0.9497833333969116
35	0.033306430133183795	0.9857333333969116	0.9496333333333333
36	0.03218103876511256	0.986	0.9511
37	0.03167620760599772	0.9863000000635783	0.9518666666666666
38	0.03146193103591601	0.9866833333651225	0.9517333333969116
39	0.030978390289718907	0.98665	0.9529333333969117
40	0.029670442467927934	0.9875666666666667	0.9542333333333334
41	0.029347901663184166	0.9875833333333334	0.9537166667302449
42	0.029033058576782546	0.987466666730245	0.95565
43	0.028535313483079274	0.9878833333651225	0.9552000000635783
44	0.02747467388610045	0.98845	0.9563500000635783
45	0.027829762480656307	0.9883833333333333	0.9565666666984558
46	0.02716912515362104	0.9885500000635783	0.957916666730245
47	0.026985723916689554	0.9886666666666667	0.9585500000635783
48	0.02648433987100919	0.9893333333969117	0.9587333333333333
49	0.025741341331601143	0.989166666730245	0.9596166666666667
50	0.026074255818128587	0.989216666730245	0.9585000000317891
51	0.025525745836893717	0.9898333333969116	0.9589000000317891
52	0.025040972748895485	0.9895	0.9599333333969117
53	0.025324699799219766	0.9892500000317891	0.9605
54	0.023999794144928456	0.9902833333969117	0.9615166666666667
55	0.024087171945969262	0.9903833333969116	0.9614333333969116
56	0.02384400288263957	0.9904166666666666	0.9616833333969116
57	0.0238934658271571	0.9905333333333334	0.9605000000317891
58	0.023717966920137404	0.9903166666666666	0.9618666666984558
59	0.023030153921246528	0.9909333333969116	0.9620833333651225
60	0.022725982630252838	0.9908666667302449	0.9629
61	0.02258205233265956	0.9914500000635783	0.9626
62	0.022815262144804	0.9910333333969116	0.9625500000635783
63	0.021997729460895062	0.9912166666666666	0.9641333333969117
64	0.022181830533842244	0.9912000000635783	0.9637
65	0.021717358140150706	0.9915500000635783	0.9639833333651224
66	0.021745334945122402	0.9911333333969117	0.9638833333333333
67	0.021459508121013642	0.9917500000635783	0.9637666667302449
68	0.02090288735429446	0.9921166667302449	0.9646000000317891
69	0.021077427824338277	0.9914666666984558	0.9652333333651225
70	0.020106622251371543	0.992616666730245	0.9654833333651225
71	0.02101537871758143	0.9925	0.9641000000635783
72	0.02023735655049483	0.99255	0.9647
73	0.0197723390519619	0.9922000000635783	0.9661833333969116
74	0.01947420328060786	0.9925000000317892	0.9667000000317891
75	0.01935566289673249	0.9923833333333333	0.9673000000317892
76	0.01949243641893069	0.992616666730245	0.9664000000317892
77	0.019898279964923857	0.9922333333333333	0.9665666666666667
78	0.019338028221329052	0.9925833333969116	0.9673
79	0.018857829378048578	0.9929000000635783	0.96665
80	0.01854087368696928	0.9930666667302449	0.9671666666666666
81	0.018892906816800434	0.9928	0.9670000000635783
82	0.0183662443369627	0.9931833333969117	0.967416666730245
83	0.018733439697821937	0.9930333333651225	0.9673333333333334
84	0.018523007763922215	0.99325	0.9677166666984558
85	0.018098120082418123	0.9935000000635783	0.9681
86	0.018231864368915558	0.9932666666666666	0.9681333333969117
87	0.01811443109661341	0.9934166666666666	0.9686333333333333
88	0.018194631077100832	0.99325	0.9681333333333333
89	0.01760066849778717	0.9936166666666667	0.9690833333969117
90	0.01769165538052718	0.9934333333969116	0.9690666666666666
91	0.017423279415319362	0.99335	0.9693833333651225
92	0.01787378813624382	0.9933166666666666	0.9687333333969116
93	0.01749134312371413	0.99365	0.968366666730245
94	0.017408193989594777	0.9937166666984558	0.9689666666984558
95	0.016960985308885575	0.99375	0.9689000000317891
96	0.017250404574473698	0.9935166666666667	0.9701833333333333
97	0.01685074419081211	0.9938333333969116	0.9688666666666667
98	0.01695791327059269	0.9936166666666667	0.97065
99	0.016909678185979524	0.9940833333333333	0.9691166666984559
100	0.01667601994673411	0.9941166666666666	0.9699000000317891
101	0.016847475401560466	0.9937833333969116	0.9703333333969116
102	0.01667151639362176	0.9946333333333334	0.969216666730245
103	0.017275877497593562	0.9940166667302449	0.9680666666984558
104	0.01677988706926505	0.9939333333333333	0.9703
105	0.017067615820964176	0.994216666730245	0.9685833333969116
106	0.016635729122161866	0.9946333333969116	0.9682500000635783
107	0.016388305737574896	0.9942833333651224	0.9692500000635783
108	0.016357998075087865	0.994516666730245	0.9688333333333333
109	0.016557638612389566	0.994316666730245	0.96795
110	0.01672655733525753	0.9943500000635783	0.9680666666984558
111	0.01667513796289762	0.994466666730245	0.9680500000635783
112	0.016471636682748793	0.9948000000635783	0.9682666666984558
113	0.01633584639330705	0.9947833333333334	0.968016666730245
114	0.016246560829877854	0.9946833333969116	0.9678833333333333
115	0.017083600090940794	0.9945166666666667	0.9667000000317891
116	0.016573786732554437	0.994366666730245	0.9681166666984559
117	0.01598652953306834	0.9943833333333333	0.9685833333333334
118	0.01712362515528997	0.9945666666984558	0.9661000000635783
119	0.016446492926279702	0.9945666666666667	0.96735
120	0.016331176511446634	0.9944833333969116	0.967366666730245
121	0.016166625103354454	0.9947666667302449	0.9674833333333334
122	0.016501890429854393	0.9949333333969116	0.9669833333651224
123	0.01596309452454249	0.9949500000635783	0.9669000000635782
124	0.016018699798981347	0.9950000000635782	0.9671833333651225
125	0.0159323686003685	0.9950166666666667	0.9672000000635783
126	0.0164769215464592	0.9949666667302449	0.9653333333333334
127	0.015671850595374903	0.9949833333333333	0.9671333333651225
128	0.016456261525551477	0.9949000000635783	0.9657833333333333
129	0.015916429725289345	0.9952333333333333	0.9665833333651225
130	0.016480746185282866	0.9952166666666666	0.9647666666666667
131	0.016590044585367045	0.9949333333333333	0.9661833333651225
132	0.01623956224123637	0.9948166667302449	0.96625
133	0.016226003629962602	0.9949166666666667	0.9653000000317892
134	0.015882934941848118	0.9947833333969116	0.9663666666984558
135	0.01578556799093882	0.9953	0.9658166666666667
136	0.01617678832709789	0.9949000000635783	0.966266666730245
137	0.01598938808913032	0.99505	0.9659833333651224
138	0.0159479826276501	0.9949666666666667	0.9664166666984558
139	0.015754068581263225	0.9952000000317891	0.9658833333651224
140	0.01623229375978311	0.9954500000635783	0.9642500000317892
141	0.015768531553447245	0.9954166666666666	0.96465
142	0.015359322313467661	0.9955166666666667	0.966216666730245
143	0.015710153024395306	0.9955166666666667	0.965166666730245
144	0.015440915709733964	0.9950833333333333	0.9658666666666667
145	0.015734888651470342	0.99545	0.9655833333333333
146	0.01617044531305631	0.9955000000635783	0.9638
147	0.01608414805928866	0.9954500000635783	0.9638666667302449
148	0.016066418860356015	0.9952000000317891	0.9636833333651225
149	0.015822358251611393	0.99555	0.964116666730245
150	0.016202882128953933	0.9952	0.9632500000635783
151	0.015820905717213948	0.995166666730245	0.9643500000317892
152	0.015762433288494745	0.99585	0.9631500000635783
153	0.016033628964424132	0.9955500000317892	0.9640500000317891
154	0.015716722461084524	0.9956666666666667	0.9636500000317891
155	0.015627432306607566	0.9954833333333334	0.9642333333333334
156	0.0161811188151439	0.995566666730245	0.9635000000317891
157	0.016087491232156755	0.9955	0.9633666666666667
158	0.015960337289174398	0.99565	0.9625500000317891
159	0.016266408077130715	0.9955	0.9623666666984558
160	0.01587007671793302	0.995316666730245	0.9640500000635783
161	0.015816817472378415	0.99545	0.963466666730245
162	0.015758418431381385	0.9954333333333333	0.9625333333333334
163	0.015795454433560372	0.9954333333969116	0.9640833333651225
164	0.016350373820463816	0.995366666730245	0.961966666730245
165	0.01617167807618777	0.9958333333969116	0.9623
166	0.015600407721598942	0.9959833333333333	0.9625666666984558
167	0.01620646422902743	0.9957833333651225	0.96205
168	0.01601880372961362	0.9956500000317892	0.9620333333969117
169	0.015413201187054316	0.9960833333969116	0.9632333333333334
170	0.015693342472612858	0.9960666666666667	0.9619666666666666
171	0.01571317335863908	0.9956333333969116	0.9626166667302449
172	0.01602764220784108	0.99555	0.9614833333333334
173	0.01577235669294993	0.99565	0.9628666666666666
174	0.015669132899244625	0.99595	0.9615166666666667
175	0.016380902484059334	0.995466666730245	0.96075
176	0.016222311318665743	0.9952	0.9612666666984558
177	0.01633642707665761	0.9960166666666667	0.9601333333651225
178	0.016088527343670528	0.9957000000317892	0.961216666730245
179	0.0158998301371932	0.9957666666666667	0.9602000000635783
180	0.015556740005811056	0.9957166666666667	0.962016666730245
181	0.016378615564107895	0.9958000000635783	0.960316666730245
182	0.01668981160024802	0.9958500000635783	0.9589166666666666
183	0.01643477997382482	0.9952833333969117	0.96105
184	0.016396063549319904	0.9957833333969116	0.9601500000635783
185	0.016179499467213948	0.9960666667302449	0.9597166667302449
186	0.016036075631777447	0.995666666730245	0.9608500000635782
187	0.01638856615225474	0.9958666667302449	0.9594333333651225
188	0.015711404279867808	0.9960333333333333	0.9596000000317891
189	0.016192172517379123	0.9958166666984558	0.9593
190	0.015676384854813416	0.9960166666666667	0.9595500000635783
191	0.01611686168760061	0.9958666666666667	0.9595000000317891
192	0.015974489217996598	0.9960333333969116	0.9604333333969116
193	0.016403397344549497	0.9960666666666667	0.9588500000635782
194	0.016275334312518437	0.9958833333969116	0.9593833333969116
195	0.016772369078795115	0.9957500000635783	0.9583000000635783
196	0.016245116773744423	0.9958666666666667	0.9584333333969116
197	0.016292237096031507	0.9958	0.9589833333651224
198	0.016432579040527345	0.9958000000635783	0.95875
199	0.01624975023716688	0.99565	0.9589833333333333
200	0.016268812557061512	0.9959833333333333	0.9582666666666667
201	0.016055839784940084	0.9959000000317891	0.95925
202	0.01614695442939798	0.9961	0.9585166666984558
203	0.016565404321750004	0.9957833333969116	0.9582000000635783
204	0.016530918542544046	0.9959666667302449	0.9571166666666666
205	0.016534799341360727	0.9957166666666667	0.9575333333969116
206	0.016298621552685896	0.9959333333333333	0.9575333333969116
207	0.016119512339433033	0.99585	0.9587333333333333
208	0.01671353274186452	0.995716666730245	0.9570666666984559
209	0.016392176216840745	0.9957166666666667	0.9581833333333334
210	0.016477548932035763	0.99575	0.9566666667302449
211	0.016066762547194958	0.996	0.9566333333333333
212	0.015568827566007772	0.9962	0.9586833333333333
213	0.016687106359004975	0.9959500000635783	0.9566500000635783
214	0.016731359589099885	0.9957333333651225	0.9571166666666666
215	0.01633535804450512	0.9960333333969116	0.9567500000317891
216	0.01640973829627037	0.9959333333333333	0.9567333333333333
217	0.01655750923057397	0.99595	0.9564666666984558
218	0.01631271868745486	0.9960166667302449	0.955866666730245
219	0.016163392424583437	0.9961	0.9574666666984558
220	0.01659883386393388	0.9959833333969116	0.95545
221	0.016205171611905097	0.9961166667302449	0.9568333333333333
222	0.016525890119870504	0.9961	0.956416666730245
223	0.016428480205933252	0.9962166666666666	0.9564666666984558
224	0.016697697960337002	0.99615	0.956066666730245
225	0.016570002513378857	0.9960333333333333	0.9555166666984558
226	0.016659471319119136	0.9962666666666666	0.9557166667302449
227	0.016351150952776273	0.99605	0.9561333333651225
228	0.017155821631352108	0.9960666667302449	0.9542500000635783
229	0.01644044308712085	0.9959666666666667	0.95525
230	0.016737278486291567	0.9956333333333334	0.9544833333969116
231	0.016264976204435032	0.9959833333333333	0.9551833333969116
232	0.016497987378636995	0.9963000000635783	0.9555166667302449
233	0.016717254824439684	0.9960166666666667	0.95485
234	0.01692830515106519	0.9958666666666667	0.9542333333333334
235	0.016943189386526742	0.99595	0.9541
236	0.01686803021331628	0.9961166666666667	0.9547
237	0.016450583775093158	0.9957833333333334	0.9545833333969116
238	0.01674144085943699	0.9962	0.9545166666666667
239	0.01677231937646866	0.9958833333651225	0.9532833333651225
240	0.016647196675340335	0.9960666667302449	0.9548
241	0.016417965599894523	0.996166666730245	0.9541333333969116
242	0.016695187026758988	0.9958333333969116	0.9541833333333334
243	0.017127074013650417	0.9959833333333333	0.953966666730245
244	0.01648523813088735	0.99625	0.954316666730245
245	0.016839738802611828	0.99615	0.9526333333333333
246	0.01700044116973877	0.9960166666666667	0.9528333333651224
247	0.016927696427702903	0.9960666666666667	0.9528000000635782
248	0.016619526455799737	0.9958	0.9536666666984558
249	0.016529926804701486	0.99645	0.9530666666984559
250	0.0170445560892423	0.9960833333333333	0.9532833333651225
251	0.01748591842254003	0.9962833333969117	0.9519666666666666
252	0.016541562716166178	0.9960833333651224	0.9536666666666667
253	0.017176337732871375	0.99635	0.953216666730245
254	0.016929130671421686	0.9962166666666666	0.9515333333969116
255	0.017000491766134898	0.9961000000635782	0.95245
256	0.016974407533804577	0.9962333333333333	0.95165
257	0.01719403458237648	0.9960166666666667	0.9514833333651225
258	0.01707886364062627	0.9959166666666667	0.9524166666984558
259	0.017085771012306215	0.9961333333969116	0.9519666666666666
260	0.017215423427025478	0.9960166667302449	0.9515833333651225
261	0.016640997848908108	0.9960333333333333	0.9518000000635782
262	0.01695669936935107	0.996166666730245	0.9519500000317891
263	0.01729493474761645	0.9961333333969116	0.951316666730245
264	0.01689121720790863	0.9958500000635783	0.951316666730245
265	0.017429345099131265	0.9959833333333333	0.9509666666666666
266	0.01735225797096888	0.9959333333969116	0.9501500000317892
267	0.017370109954476357	0.996266666730245	0.9514500000317891
268	0.016993985390663147	0.9963833333333333	0.9506833333333333
269	0.01729437924573819	0.9965166666666667	0.94975
270	0.0170316578100125	0.99635	0.9505666667302449
271	0.017425277321537334	0.9960666667302449	0.9504500000635783
272	0.017277264187733333	0.9962666666666666	0.9496666667302449
273	0.017596617116530735	0.9959833333333333	0.9497500000317891
274	0.01742671717007955	0.9961166667302449	0.9495666666984558
275	0.01743294636855523	0.9960166666666667	0.9498666666666666
276	0.017534832352399825	0.9960500000635782	0.9503500000635783
277	0.01770323725541433	0.9958166666666667	0.9499500000635783
278	0.017777412648002307	0.9959166667302449	0.9488000000317891
279	0.017502856568495432	0.9962666666666666	0.949266666730245
280	0.01761673912157615	0.9961833333333333	0.9489166666666666
281	0.017572716748714447	0.9959	0.94845
282	0.01778369667629401	0.9959833333333333	0.9496833333333333
283	0.017935965301593144	0.995616666730245	0.948266666730245
284	0.018046333035826683	0.9958	0.9474666666984558
285	0.01771199321746826	0.9960833333969116	0.9485833333333333
286	0.017382533028225105	0.99605	0.9483166666984558
287	0.017460096469521524	0.9962833333333333	0.9492500000317892
288	0.017367638517419497	0.99625	0.9488833333969117
289	0.01769437065174182	0.9958666666666667	0.9491333333333334
290	0.01744386328458786	0.996316666730245	0.948116666730245
291	0.017759080434838932	0.9958	0.947866666730245
292	0.018129537209868433	0.99585	0.9476500000635782
293	0.01765998286008835	0.9960666666984558	0.9479166666666666
294	0.017669363749027254	0.9961833333333333	0.9473500000317892
295	0.017647876972332596	0.9960166666666667	0.9479833333651225
296	0.017956652508800228	0.9958166666666667	0.9482833333969116
297	0.01805284897983074	0.9963333333333333	0.9471500000635783
298	0.01800812108715375	0.9963	0.9468000000635783
299	0.01766317091844976	0.9958333333333333	0.9473833333969116
300	0.017628677823146185	0.9960833333333333	0.9468000000317891
301	0.01812170546837151	0.9958833333333333	0.9477333333651224
302	0.01771890053798755	0.996	0.9472166666984558
303	0.01816498943567276	0.99605	0.946166666730245
304	0.018093438344697156	0.99585	0.945966666730245
305	0.018307765907545886	0.9956833333333334	0.9461166666984558
306	0.017639047320683797	0.9962333333333333	0.9464666666984558
307	0.01773682219684124	0.9962500000635783	0.9458166666984558
308	0.01804989074865977	0.9959333333969116	0.9469833333651225
309	0.018373976453145344	0.99585	0.9446833333333333
310	0.018421857178707916	0.99575	0.9447000000635782
311	0.01832945716381073	0.9959333333969116	0.9455833333969116
312	0.01830799627105395	0.9959666667302449	0.9450166666984559
313	0.018137738947073618	0.9959666666984558	0.9455333333651225
314	0.01821192286213239	0.9958166666666667	0.9462333333969116
315	0.018567711603517334	0.9959166666666667	0.9447166666984558
316	0.018013656331102055	0.9960166666666667	0.9459666666984559
317	0.018471262450019517	0.9958	0.9442500000635783
318	0.0181410947372516	0.9959333333333333	0.9457166667302449
319	0.017750820192694663	0.9963500000635783	0.9460333333333333
320	0.017833014768362045	0.9960166667302449	0.9456333333333333
321	0.018673624084393183	0.99605	0.9442000000317892
322	0.0184113287627697	0.9958500000635783	0.9448166666984558
323	0.0186701193643113	0.9960333333333333	0.9433833333651225
324	0.018908758998910587	0.9959333333333333	0.9422000000635783
325	0.018590363415827354	0.99605	0.9434166666666667
326	0.01836252012848854	0.9962333333969117	0.9441666666984558
327	0.01811372184753418	0.9959666667302449	0.9444666666984558
328	0.018516961789131165	0.9961500000635782	0.9440500000635783
329	0.018682836123307546	0.9958166667302449	0.9435333333333333
330	0.018605908794204394	0.996	0.9435833333969116
331	0.01856458938916524	0.9961833333651224	0.94285
332	0.018629172824074825	0.9960333333333333	0.9428000000317891
333	0.018144473084807395	0.9961000000635782	0.9437833333651224
334	0.018437055853009223	0.996316666730245	0.9436333333969116
335	0.018589034780859947	0.99625	0.9426333333333333
336	0.01848372344772021	0.9962166666666666	0.941966666730245
337	0.018137838683525722	0.9961166667302449	0.9433833333969116
338	0.0187587939341863	0.9963333333333333	0.9422166666666667
339	0.018532201353708904	0.9958833333333333	0.9428666666666666
340	0.0187705315053463	0.9961166667302449	0.9419333333333333
341	0.01902396394809087	0.9960500000635782	0.9423666666984558
342	0.01877182351152102	0.9960000000635783	0.9423833333333334
343	0.018905350743730863	0.996	0.94085
344	0.01918072532713413	0.99585	0.9415166667302449
345	0.01869923906524976	0.9956833333333334	0.94225
346	0.018619153888026874	0.9963	0.939816666730245
347	0.018607474819322428	0.9961166666666667	0.9423000000635783
348	0.018860825129350025	0.99605	0.9415666666984558
349	0.018575301452477773	0.9960833333333333	0.9404000000635783
350	0.019433732547362647	0.9960833333333333	0.94015
351	0.018735808767129977	0.9961	0.9416333333333333
352	0.019118875671426457	0.9960833333333333	0.9397833333333333
353	0.01912351397673289	0.9957333333969116	0.9397000000635782
354	0.018403690571586293	0.9963000000635783	0.9420666666984558
355	0.0191576591471831	0.99565	0.9404666666666667
356	0.018863626380761465	0.9961000000635782	0.9410833333333334
357	0.01875625247458617	0.9961666666984558	0.9409833333651225
358	0.018998258836070696	0.9960333333969116	0.9405166666666667
359	0.019023969957232476	0.9957500000635783	0.9405166667302449
360	0.019347483240564664	0.99595	0.9396500000635782
361	0.019029021908839542	0.9958833333333333	0.940266666730245
362	0.019754232769211132	0.9957333333333334	0.9393666666984558
363	0.019227530938386916	0.99585	0.9393166666666667
364	0.01947566989262899	0.9956833333969116	0.9386000000635782
365	0.01907633268634478	0.9958666666666667	0.9396333333333333
366	0.019064545502265294	0.9961833333969117	0.9396333333333333
367	0.019276420976718268	0.9959333333333333	0.9394166666984558
368	0.018681349335114162	0.9961333333333333	0.9395333333651225
369	0.019265554046382506	0.9958333333333333	0.9386500000317891
370	0.018723644149303435	0.9957833333651225	0.93965
371	0.01878265700538953	0.9963000000635783	0.9395166667302449
372	0.018741013209025065	0.9960833333969116	0.9389666666666666
373	0.019503671475251515	0.9960833333969116	0.9389333333333333
374	0.019376515193780263	0.9960166666984558	0.9380166666984558
375	0.01920208189189434	0.9961166666666667	0.9394833333651225
376	0.01912507162888845	0.99605	0.9374666667302449
377	0.01887792682151	0.9959166666666667	0.9395333333651225
378	0.01982275162835916	0.995716666730245	0.9374000000317891
379	0.01965587160984675	0.9958833333651225	0.9371500000317892
380	0.01920076489945253	0.9961833333969117	0.9365500000317891
381	0.019108575000365575	0.9961333333969116	0.9381833333333334
382	0.01958496088782946	0.9961166666666667	0.93815
383	0.019228646430869897	0.99615	0.9374166667302449
384	0.0194939593543609	0.9959	0.9379166666984559
385	0.019359666825582583	0.9961166666666667	0.9377833333651224
386	0.019838961952924727	0.995716666730245	0.9376
387	0.020334691773851714	0.9958	0.9354833333969116
388	0.019840895853439965	0.9958666666666667	0.9367333333969117
389	0.019390788397192955	0.99605	0.9371833333651225
390	0.019648877017448347	0.9958666666666667	0.9365500000635782
391	0.01978046578814586	0.9958833333333333	0.9372833333969116
392	0.01956594829360644	0.9957000000635783	0.9366500000317891
393	0.019689226708809536	0.9958	0.9368500000635783
394	0.019326171817382175	0.9959	0.9373333333651225
395	0.01997322925925255	0.9959333333333333	0.9367333333651224
396	0.01980859744101763	0.9959666666666667	0.9351333333969116
397	0.019449641841153303	0.9958833333333333	0.937866666730245
398	0.019840919204552967	0.99605	0.9351333333969116
399	0.019839525558551153	0.99585	0.9349666666984559
400	0.020294647455215455	0.9957166666666667	0.9354666667302449
401	0.020015912179152173	0.9959333333969116	0.936066666730245
402	0.019624890811244647	0.9962	0.9357000000635783
403	0.020001962353785832	0.9957833333333334	0.9356833333969117
404	0.020006045163671174	0.99625	0.9351000000317892
405	0.019472764867544175	0.9957333333969116	0.9366333333651224
406	0.020252019465963046	0.99565	0.9348833333969117
407	0.020028563709308705	0.9955666666666667	0.9372833333333334
408	0.02074883069793383	0.9954333333651225	0.9331833333651225
409	0.020181424853702386	0.99575	0.933916666730245
410	0.02007120581070582	0.9957333333969116	0.9353
411	0.01991197579304377	0.9956333333333334	0.9348000000635783
412	0.020762976428369682	0.9953333333333333	0.93435
413	0.020131100275119145	0.9958666666666667	0.9331666666984558
414	0.020438056259726483	0.9957833333333334	0.9339500000317892
415	0.02031545223792394	0.995516666730245	0.9333166666984558
416	0.019705940443277357	0.9961833333333333	0.9355666667302449
417	0.019868683130542436	0.9962166666666666	0.9348
418	0.02032374539176623	0.9959166666666667	0.9333166667302449
419	0.020976259502768515	0.995616666730245	0.9318666666984559
420	0.020307457371552786	0.9960500000317891	0.9334333333333333
421	0.020165569895505907	0.9960333333333333	0.9336166666984558
422	0.02057492423852285	0.9960833333333333	0.9325166666984558
423	0.02038703601062298	0.9959	0.9344166667302449
424	0.019916098995010057	0.995616666730245	0.934066666730245
425	0.020634523474176724	0.9958166666666667	0.9328000000317891
426	0.02018672572771708	0.9960333333333333	0.9337500000635783
427	0.020326018883287906	0.9958666666666667	0.9327166666984558
428	0.020399042079846063	0.9958333333333333	0.9337166666984558
429	0.020616474950313567	0.9956833333969116	0.9321000000317892
430	0.020300895404815673	0.9953666666666666	0.9342666667302449
431	0.02070651369492213	0.9958833333969116	0.9324333333651225
432	0.02035284687678019	0.9960166666666667	0.93225
433	0.020727145196994146	0.9959	0.9334333333651225
434	0.0205608480155468	0.9959333333333333	0.9322666666666667
435	0.020452600715557732	0.9957166666666667	0.932116666730245
436	0.01989981930802266	0.9959833333333333	0.9331833333333334
437	0.02077915405432383	0.9959333333333333	0.930116666730245
438	0.020149962119758127	0.9962333333333333	0.93165
439	0.020383581505219142	0.9958	0.9324500000635783
440	0.020917513675491016	0.9959500000635783	0.9308000000635783
441	0.020180147608121236	0.9956333333969116	0.9326000000317891
442	0.02035899877001842	0.9959	0.9326166666666666
443	0.020433874439199765	0.9959833333333333	0.9307833333969117
444	0.020773226889967918	0.9959	0.9316166667302449
445	0.020790887822707493	0.9958333333969116	0.9315000000635782
446	0.020826266744732858	0.9959666667302449	0.9308666666984559
447	0.020092843329906462	0.9957666666666667	0.9315333333969116
448	0.020156221442917982	0.9956833333333334	0.9322166666984558
449	0.021022813133398693	0.9954666666984558	0.9313666666666667
450	0.02079655371507009	0.99585	0.9310500000317892
451	0.020635534320274988	0.9960500000317891	0.9315500000635782
452	0.020874809844295183	0.9956666666666667	0.9296333333969117
453	0.020381683455904326	0.9960333333333333	0.9310500000317892
454	0.02027615177035332	0.99585	0.932066666730245
455	0.020984579996267953	0.9955333333969116	0.9306833333333333
456	0.020884547024965287	0.9957000000635783	0.93085
457	0.02083124602238337	0.9958500000635783	0.92975
458	0.0206080760071675	0.9960666666666667	0.9309500000635783
459	0.020788365104794503	0.9956333333333334	0.9308500000635783
460	0.020864225749174754	0.9958666666666667	0.9309333333333333
461	0.020828781505425772	0.9959500000635783	0.9305666666666667
462	0.020309709776441257	0.9962833333333333	0.9305166666984558
463	0.021099937952558198	0.9956333333333334	0.92985
464	0.02062547937830289	0.9957833333969116	0.9309000000317892
465	0.020304558016856513	0.9961500000635782	0.930116666730245
466	0.021090378433465957	0.995516666730245	0.9293666666666667
467	0.020780353520313898	0.9961666666666666	0.9296833333969117
468	0.020725468730926514	0.9958333333333333	0.929816666730245
469	0.021069843937953314	0.9960666666666667	0.9280333333333334
470	0.020960069533189137	0.9956333333651225	0.9281000000635783
471	0.021137218409776688	0.9958000000635783	0.9294333333969116
472	0.020635619856913884	0.995666666730245	0.9288666666666666
473	0.021105040313303472	0.9955666666666667	0.9278000000317892
474	0.0211585250283281	0.9955	0.9287
475	0.020515921515226365	0.9958333333333333	0.9309166666984559
476	0.021040915015836558	0.9958333333333333	0.929
477	0.020673997314771018	0.9960333333333333	0.9297000000635783
478	0.021032830208539962	0.9960166666666667	0.9272500000635783
479	0.02075797316233317	0.9957833333969116	0.9296833333333333
480	0.02096534020404021	0.9959000000317891	0.9287333333333333
481	0.02112054444203774	0.9954333333333333	0.9289333333969116
482	0.020476038232445717	0.9959833333969116	0.9290166666984558
483	0.020497738093137742	0.9959500000635783	0.9291500000635783
484	0.02052695612348616	0.9958166666666667	0.92775
485	0.020901568935314814	0.9957333333333334	0.9278333333333333
486	0.021139554554224015	0.9956833333969116	0.9290833333651225
487	0.020506712621698776	0.9958666666666667	0.9296000000635782
488	0.020729160660505296	0.9957166666984558	0.9278666666666666
489	0.02114004497130712	0.995616666730245	0.9281833333651225
490	0.0211997103869915	0.9958333333333333	0.9280166666666667
491	0.020719105944037437	0.9960833333333333	0.9287
492	0.020870917610327402	0.9957500000635783	0.92655
493	0.020631992609302204	0.996	0.9285166667302449
494	0.02111758190194766	0.995566666730245	0.9277500000317891
495	0.020875912267963093	0.9957333333333334	0.9276333333651224
496	0.0210731554210186	0.9959833333333333	0.9270333333969116
497	0.021473788251479466	0.995666666730245	0.9271166666984558
498	0.021091747220357258	0.9955	0.9280166666666667
499	0.020765219443043072	0.9957166666666667	0.9273333333651225
500	0.021265757184227307	0.9956333333333334	0.927016666730245
501	0.021104241251945495	0.9958500000635783	0.926916666730245
502	0.02096922780573368	0.9958833333333333	0.9272
503	0.020773321189483007	0.9955666666666667	0.9278000000317892
504	0.020363587520519894	0.9957500000635783	0.9275666666984558
505	0.021113116680582366	0.9958333333333333	0.9266500000635783
506	0.020994144513706365	0.9958166666666667	0.9261166666984558
507	0.021034438489874203	0.9957666666666667	0.92695
508	0.02098702818751335	0.99605	0.9265000000317891
509	0.021083454663927356	0.9959166666666667	0.9270666666666667
510	0.02119922568698724	0.9957333333333334	0.9262166667302449
511	0.020883305056889852	0.9958333333333333	0.9261666666666667
512	0.021060780181487403	0.995666666730245	0.9274833333969116
513	0.02110352541009585	0.99565	0.9269166666666667
514	0.020970915108919144	0.9957	0.9269500000317892
515	0.02110662593245506	0.9958500000317891	0.9269000000635783
516	0.021174427901705106	0.9958166666666667	0.9262500000317891
517	0.020630461061000825	0.9957833333333334	0.9263
518	0.021293773996829985	0.99585	0.9263333333969116
519	0.021066973722477754	0.996	0.9253666667302449
520	0.020984120184183122	0.9959166667302449	0.9268333333651225
521	0.020687696746985118	0.9959	0.92705
522	0.02105439104239146	0.9959500000635783	0.9258166666666666
523	0.02086204397479693	0.9959833333969116	0.9272500000317891
524	0.020918099122246108	0.996	0.9258166666984559
525	0.021184485788146655	0.9958	0.9269833333651225
526	0.020871360151966414	0.9956	0.9267
527	0.0208827350238959	0.9957166666666667	0.9269333333969116
528	0.020689478905995685	0.9962666666666666	0.926016666730245
529	0.02085970796048641	0.99595	0.9251000000635783
530	0.02097189327975114	0.9957666666666667	0.9263166667302449
531	0.02075962777932485	0.9959	0.9261000000317892
532	0.021735136465231578	0.9956666666984558	0.9256666666666666
533	0.021056123973925908	0.9956666666666667	0.925716666730245
534	0.021026957762241363	0.9958333333969116	0.9258833333651225
535	0.020873159954945247	0.9957833333651225	0.9264166666666667
536	0.021238542900482812	0.9958833333333333	0.9246166666666666
537	0.021260203353563944	0.9960666666666667	0.9252666667302449
538	0.020849643962581953	0.9959333333333333	0.9255666667302449
539	0.021389287933707236	0.9956	0.9241000000635783
540	0.021191451100508372	0.9955833333333334	0.9246833333969117
541	0.021415129260222116	0.9958	0.9246500000317891
542	0.021209254117806754	0.9959	0.9254000000635783
543	0.021219617562989394	0.9955833333333334	0.9247000000635783
544	0.021466115019718807	0.995616666730245	0.9244500000317891
545	0.021156954009334247	0.9956833333333334	0.9241
546	0.021210756876071293	0.9956	0.9244833333651225
547	0.021283482344945273	0.9956	0.9246333333969117
548	0.021093004014094672	0.9961333333333333	0.9241000000317892
549	0.02089339942932129	0.99615	0.924
550	0.02092892167568207	0.9959	0.9245833333969116
551	0.021079523877302806	0.9959	0.9250166666666667
552	0.020778444933891298	0.9959333333969116	0.9246666666666666
553	0.020641985241572063	0.9960166667302449	0.9257833333651225
554	0.021319121994574863	0.99555	0.9246166666666666
555	0.020945045987764994	0.9958666666666667	0.9252500000635783
556	0.021219418106476467	0.9959166667302449	0.9234833333969116
557	0.021239485949277877	0.9959166667302449	0.9236
558	0.02135387891928355	0.9959	0.9243166667302449
559	0.021393194248278936	0.9959333333333333	0.9237333333333333
560	0.02158221804300944	0.9954833333333334	0.924066666730245
561	0.02151588610013326	0.9958333333333333	0.9240333333651225
562	0.02162419462998708	0.9956833333969116	0.9243666667302449
563	0.020846640878915787	0.9958666667302449	0.9244333333333333
564	0.02116513211131096	0.9958666666666667	0.9232333333651225
565	0.021038714424769085	0.9958333333969116	0.9235166666984558
566	0.02154141383767128	0.9958166666666667	0.9227333333969117
567	0.02152956548730532	0.9958666667302449	0.9214500000635782
568	0.02120787420272827	0.9958666666666667	0.9239666666984558
569	0.021067450926701228	0.9959	0.9234833333333333
570	0.02154780321319898	0.9957833333969116	0.9230833333969116
571	0.020768735778331757	0.9961666666666666	0.9234666666666667
572	0.020754341187079747	0.9960666667302449	0.9245166666666667
573	0.021085490624109905	0.9958666666666667	0.9226166666666666
574	0.021069041977326074	0.9960166666666667	0.9227833333333333
575	0.0215468921850125	0.9958166667302449	0.9215333333651224
576	0.021498128030697505	0.99575	0.9221833333333334
577	0.021120221346616744	0.9958	0.9235333333333333
578	0.021383095474044482	0.9956166666666667	0.9232166667302449
579	0.021259656122326852	0.9961166666666667	0.9210833333969116
580	0.021456213984886806	0.9958333333333333	0.9225333333333333
581	0.021938702236612637	0.9957833333333334	0.9216666666666666
582	0.021716209481159845	0.9958500000635783	0.9229833333651225
583	0.02135075100660324	0.9961000000635782	0.9212666666984558
584	0.02146547733147939	0.99595	0.9228000000635783
585	0.02146693435907364	0.9958333333651225	0.92215
586	0.021643370310465496	0.996216666730245	0.9220833333651225
587	0.02107202185491721	0.9953833333333333	0.9239500000635783
588	0.021062434615691503	0.9960833333333333	0.9226500000635783
589	0.021108520299196243	0.99575	0.9224166667302449
590	0.02140521981517474	0.9956333333969116	0.9227000000635783
591	0.021479187164704004	0.9956833333333334	0.9219166666984558
592	0.021807081669569014	0.9957500000317892	0.9217166666984558
593	0.021304601942499477	0.9957	0.92205
594	0.021456923228502272	0.9957500000635783	0.9204833333333333
595	0.02147520216902097	0.9957833333333334	0.9225000000635782
596	0.020943031071623167	0.9959166666666667	0.9222833333333333
597	0.021985296572248143	0.99565	0.92015
598	0.021672743743658067	0.9953833333969117	0.92075
599	0.021093181692560515	0.99575	0.923066666730245
600	0.021563430213928224	0.9957333333651225	0.9219333333651225
601	0.021281096063057583	0.9961166666666667	0.9220000000317892
602	0.021379891268412273	0.9958166666666667	0.9226333333651224
603	0.021472401187817257	0.99575	0.9213166666984558
604	0.02113877883752187	0.9959333333651225	0.9215333333651224
605	0.02142631562848886	0.9961	0.9210166666666667
606	0.021410004460811614	0.9957833333333334	0.9212833333651225
607	0.022068385201692582	0.9952833333333333	0.9220833333969116
608	0.020985786747932434	0.9960833333969116	0.9216500000317891
609	0.02099872536659241	0.99575	0.9213166666666667
610	0.021463080956538517	0.9960500000635782	0.92095
611	0.021568661675850552	0.9958666666666667	0.92065
612	0.021583825997511547	0.9960833333333333	0.9210333333969116
613	0.021375606979926427	0.9959166666666667	0.9217166666984558
614	0.021629599073529245	0.9958	0.9203166667302449
615	0.021443106812238693	0.9959166666666667	0.92135
616	0.021265229074160258	0.9960666666666667	0.9199166666666667
617	0.021029570243755975	0.9960500000635782	0.92105
618	0.021296272113919257	0.9956000000635783	0.9211500000317892
619	0.021018714928627013	0.99585	0.9212833333651225
620	0.02154836724897226	0.9960833333333333	0.9197833333651225
621	0.021122101511557898	0.9959666666666667	0.9199333333333334
622	0.021676035850246748	0.9960333333333333	0.9188500000317892
623	0.02137027308543523	0.9958666667302449	0.9209666666984558
624	0.02124548998127381	0.9959166666666667	0.9212166666984558
625	0.021244226384162904	0.9961166667302449	0.9197166666984559
626	0.021730454764763513	0.9960500000635782	0.91955
627	0.021322960943977037	0.9959333333333333	0.921666666730245
628	0.021699793007969856	0.9957833333333334	0.9192
629	0.021200242012739182	0.9960833333651224	0.9206000000635783
630	0.02134827168484529	0.9958166666666667	0.9205000000635782
631	0.021513539201021194	0.9958500000635783	0.9198166666984559
632	0.021475298670927685	0.9957166666984558	0.9200000000317892
633	0.022027682442466417	0.99555	0.9192333333333333
634	0.021364587454497815	0.9960666666666667	0.9209833333969116
635	0.021263178453842797	0.9958166667302449	0.92125
636	0.021132265633344652	0.9960333333333333	0.92085
637	0.021790538090964158	0.9959333333333333	0.9191000000635783
638	0.02162084148724874	0.9960166666666667	0.92
639	0.02113433758119742	0.9956	0.9204333333969116
640	0.022239054264624913	0.9952	0.9197500000635783
641	0.021564772604902586	0.9958	0.9191000000317892
642	0.021596960379679998	0.9956000000317892	0.9197833333333333
643	0.021459961208701132	0.9961166666666667	0.9199166666984558
644	0.020751556314031284	0.9962	0.9211666666984558
645	0.02109029877781868	0.9960000000635783	0.9203833333651225
646	0.02204574536482493	0.9958666666666667	0.9178500000635783
647	0.021390987426042556	0.99585	0.9187333333969117
648	0.021763166019320487	0.99585	0.9187333333969117
649	0.0213174598356088	0.99595	0.9204
650	0.021660042536258698	0.9958666666666667	0.9195666666984558
651	0.02137752279837926	0.996	0.9189166666666667
652	0.021404410151640574	0.9958166667302449	0.919116666730245
653	0.021296735043327013	0.9957666666666667	0.9203500000635783
654	0.021681947908798852	0.9957500000635783	0.9195666666984558
655	0.021542054705818495	0.9958	0.9185000000317891
656	0.021266122902433078	0.9959666666666667	0.91975
657	0.021047834701836108	0.99565	0.9203666667302449
658	0.02160283067127069	0.9958333333333333	0.91795
659	0.02104826307495435	0.9960666667302449	0.9198166666984559
660	0.021403158007065454	0.9956666666666667	0.9211000000317892
661	0.02178858477771282	0.99585	0.9183666666666667
662	0.021705749027431012	0.9959833333333333	0.9184333333651225
663	0.02135290294289589	0.9960666667302449	0.9198166666984559
664	0.021640472304821013	0.9961333333333333	0.9175
665	0.021346624291936556	0.9960166666666667	0.9201000000635783
666	0.021547659867008528	0.9957	0.9178833333333334
667	0.021315172239144642	0.99585	0.9187500000317892
668	0.021928271569808325	0.99585	0.9174166666984558
669	0.02163276278078556	0.9960666666666667	0.9175166667302449
670	0.021737398891647657	0.9956333333333334	0.9192166666984558
671	0.021679037912686668	0.995716666730245	0.9188333333969116
672	0.021683115207155546	0.9958	0.9201333333651225
673	0.02166171474556128	0.9955833333333334	0.9185500000635783
674	0.02150336884657542	0.9962666666666666	0.9175833333333333
675	0.021770385072628656	0.9962166666666666	0.9165333333651224
676	0.02127713438272476	0.9962333333969117	0.9191333333651225
677	0.022083852857351302	0.9956	0.9183166666666667
678	0.021682675598065058	0.99595	0.9185333333333333
679	0.021481727251410485	0.9959	0.919916666730245
680	0.021201536325613658	0.9957833333969116	0.9186000000635783
681	0.02166347317993641	0.9958166666666667	0.9174833333651224
682	0.021865985561907293	0.9960333333333333	0.9178666666666667
683	0.021796766587098438	0.9959833333333333	0.916616666730245
684	0.021207727481921512	0.9959	0.9186500000635783
685	0.02167061948577563	0.9959666666666667	0.9175833333969117
686	0.021448540778954823	0.9960333333969116	0.917866666730245
687	0.02146533894340197	0.9958	0.91835
688	0.021951131232579548	0.9957333333333334	0.9168000000317892
689	0.021353357736269632	0.9961166666666667	0.9187833333969117
690	0.021323029615481694	0.9960666667302449	0.9180333333333334
691	0.021405897225936252	0.9958833333651225	0.9182833333333333
692	0.021504566671450932	0.9959666666666667	0.9186666666666666
693	0.022110274990399678	0.9958666667302449	0.9171
694	0.02153069791595141	0.9960833333333333	0.91685
695	0.021480547760923705	0.9957333333333334	0.91765
696	0.022076238119105498	0.9958	0.917716666730245
697	0.021560073324044547	0.9961666666666666	0.9167666666666666
698	0.02145289536913236	0.9961166666666667	0.9182333333969116
699	0.021962493431568145	0.9958166667302449	0.9165333333333333
700	0.021813050439953803	0.9958500000635783	0.9171333333333334
701	0.021402741929888724	0.99565	0.9180000000635783
702	0.02183196337123712	0.9957333333333334	0.9158666666984558
703	0.02175169071853161	0.9958	0.9175500000317891
704	0.021471782751878103	0.9957000000317892	0.9185
705	0.021559390892585118	0.9957833333333334	0.9153666667302449
706	0.02189659871459007	0.995516666730245	0.9169
707	0.021659210018316905	0.9959	0.9171000000635783
708	0.021374771362543107	0.9962500000317891	0.9173166667302449
709	0.022262226259708404	0.9958	0.9162333333969116
710	0.021628701714674632	0.9963	0.915916666730245
711	0.020963258183002473	0.9961333333333333	0.9184000000635782
712	0.02148068605264028	0.9960666666666667	0.9171500000317891
713	0.021981025022268296	0.9957166666666667	0.9167500000635783
714	0.02168336259921392	0.9958666667302449	0.9170333333969116
715	0.0218346306959788	0.9960833333969116	0.9159833333969116
716	0.021830781001845996	0.996	0.916566666730245
717	0.021316390534241995	0.9956833333333334	0.9176166666666666
718	0.02180351300040881	0.9958166666666667	0.917
719	0.021356444307168324	0.9959166666666667	0.9180833333969116
720	0.022086935447653135	0.99595	0.9170833333333334
721	0.021424903564651807	0.9956833333333334	0.9182166667302449
722	0.022364330965777238	0.9955333333333334	0.9162666666984558
723	0.02135368001361688	0.9958666666666667	0.9177500000317892
724	0.021269750319917995	0.9958833333333333	0.9167833333969116
725	0.02170867646932602	0.9959166666666667	0.9168833333651225
726	0.021874214591582616	0.9958666666666667	0.9158833333969116
727	0.022109480913480122	0.99575	0.91575
728	0.021747870695590973	0.9956833333969116	0.9171666667302449
729	0.021799757748842238	0.9959333333333333	0.917016666730245
730	0.022453890520334245	0.9957166666666667	0.9146333333651224
731	0.021595177103082338	0.9958166667302449	0.9173166667302449
732	0.02172325870990753	0.9962	0.9165000000635782
733	0.02240173010031382	0.9956833333969116	0.9160500000317892
734	0.0218730929851532	0.9959333333333333	0.9154
735	0.021784656544526416	0.9957333333333334	0.9156333333333333
736	0.022006035675605138	0.9959833333969116	0.9147666666666666
737	0.02181397658040126	0.9959333333333333	0.9162
738	0.021815765043099723	0.9957000000635783	0.9158333333969116
739	0.021713508727153143	0.9961000000635782	0.9162333333333333
740	0.021954287441571553	0.9959166667302449	0.9159833333969116
741	0.02204119631151358	0.9961833333333333	0.91465
742	0.022320081994930904	0.996166666730245	0.9149
743	0.02203830080231031	0.9961500000635782	0.9142833333333333
744	0.02190896893143654	0.9958833333651225	0.9157166666666666
745	0.02193216563463211	0.9959	0.9159166666984558
746	0.021780905794103942	0.9958666667302449	0.9166166666984558
747	0.02236820708910624	0.9958166666666667	0.915
748	0.021673673009872437	0.99585	0.9160666666666667
749	0.02195676523645719	0.9957333333969116	0.9158666666666667
750	0.021991864837209385	0.9959166666666667	0.9151833333969116
751	0.02212558891773224	0.9958833333333333	0.9141666666984558
752	0.021760000065962473	0.9961333333969116	0.9144333333651224
753	0.022579591276248295	0.9954666666666667	0.9149666666984558
754	0.021871500500043235	0.9960666666666667	0.9158333333651225
755	0.022323934674263	0.9955	0.9143666666666667
756	0.02248344199260076	0.9954000000635783	0.9136333333969117
757	0.02224259087542693	0.9958333333333333	0.9144666666666666
758	0.021890298760930696	0.9958833333333333	0.9155500000635783
759	0.02180295837422212	0.9958666667302449	0.9165666666666666
760	0.021877391743659973	0.99615	0.9155666666666666
761	0.021986478978395462	0.9959666667302449	0.9149666666666667
762	0.02203277923464775	0.9958166667302449	0.9149500000635783
763	0.02151966286102931	0.995566666730245	0.9157500000635783
764	0.021871642013390858	0.9958333333333333	0.9154166666666667
765	0.021847857648134232	0.9959666666666667	0.91585
766	0.022136215608318646	0.9956	0.9157166666984559
767	0.0218254792034626	0.99585	0.91575
768	0.022038963079452516	0.9957666666666667	0.9151166666984558
769	0.021931401176253956	0.9958666666666667	0.9139000000635783
770	0.022436893617113433	0.9955833333969116	0.9142333333969116
771	0.021923065349956354	0.9957	0.9148500000317892
772	0.022468705185254415	0.9958500000317891	0.9133166666666667
773	0.021988518300652505	0.9956833333333334	0.9152333333333333
774	0.021994189379612606	0.9961333333333333	0.9135666666666666
775	0.021776300705472627	0.9962833333333333	0.914916666730245
776	0.02156987443268299	0.99625	0.9151500000635783
777	0.022699640880028408	0.9956333333333334	0.9135833333969117
778	0.02191761297484239	0.995716666730245	0.9145166666984558
779	0.022558252150813737	0.9958333333333333	0.9141333333969116
780	0.02220295862853527	0.9959666666666667	0.9125000000317891
781	0.02248326038122177	0.9959833333333333	0.9129166666984558
782	0.02227062447865804	0.9958333333333333	0.9140000000635783
783	0.022115329215923945	0.99595	0.9140833333651225
784	0.0221750184516112	0.99575	0.9149333333969116
785	0.02245101363559564	0.9957666667302449	0.9137000000317892
786	0.023145476375023524	0.9957666666666667	0.9122333333651225
787	0.022133418339490892	0.995716666730245	0.9138833333969116
788	0.02254341365098953	0.9955666666666667	0.9150166666984558
789	0.022509287190437318	0.99575	0.9127
790	0.022376725337902706	0.9960000000317891	0.9126000000635783
791	0.022045242983599504	0.99605	0.9143000000635783
792	0.022013289473454156	0.9960000000635783	0.91315
793	0.022363673653205237	0.995666666730245	0.9141833333333333
794	0.021967984600861867	0.9957166666666667	0.913616666730245
795	0.022851652296384174	0.9958000000635783	0.9131666666666667
796	0.022220107716321946	0.9959833333969116	0.9133666667302449
797	0.022002167044083278	0.9957833333651225	0.9141333333333334
798	0.022318714626630147	0.9959166667302449	0.9139000000635783
799	0.02212257361014684	0.9958000000635783	0.9132333333333333
800	0.02269259521563848	0.995666666730245	0.9129666666984558
801	0.022356437202294667	0.9959666666666667	0.9132000000635783
802	0.022120341738065083	0.9959333333333333	0.9136833333969117
803	0.022331309845050176	0.9958833333969116	0.91355
804	0.022022394053141277	0.9959666667302449	0.9143500000635782
805	0.0228964165131251	0.9955666666666667	0.911966666730245
806	0.0222775943617026	0.9959166667302449	0.9129833333969116
807	0.02223754199941953	0.9956333333969116	0.9131166666666667
808	0.02211357220709324	0.9958166666666667	0.9127833333651225
809	0.023026956376433372	0.9954	0.91215
810	0.022033519929647447	0.9956500000635783	0.9142333333651225
811	0.022963812396923702	0.9955833333333334	0.9130000000635783
812	0.022727926256259284	0.9955833333651225	0.9132333333651225
813	0.02281368132432302	0.9955500000635783	0.91235
814	0.022001391222079596	0.99595	0.91375
815	0.022152672297755877	0.9962	0.9139166666666667
816	0.022508723293741543	0.9954	0.9122666666984558
817	0.02228386824329694	0.9961833333333333	0.9136000000635783
818	0.0220017319103082	0.9957833333651225	0.9129166666666667
819	0.022362299899260203	0.9958833333969116	0.9134000000635782
820	0.02237091489136219	0.9961333333333333	0.9122
821	0.022960830774903296	0.9954666666666667	0.9117166666666666
822	0.022173499818642934	0.9960833333333333	0.91375
823	0.022390996289253236	0.9961000000317891	0.9124000000635782
824	0.022506027804811795	0.9958166666666667	0.9115000000317891
825	0.022951455424229304	0.9954666666666667	0.9131666666666667
826	0.02257788229783376	0.9958833333333333	0.9126333333969117
827	0.022009534038106602	0.9955333333333334	0.9138000000317892
828	0.02216479051709175	0.9959833333969116	0.9119833333333334
829	0.022107065510749816	0.9962166666666666	0.9134000000317891
830	0.022582660029331843	0.9959833333969116	0.9114166666984558
831	0.02207950817346573	0.9961166667302449	0.9127166666666666
832	0.022120855441689492	0.9959166666666667	0.912716666730245
833	0.02220648229519526	0.9958500000635783	0.9133166666984558
834	0.022521360087394714	0.9958	0.9121833333969116
835	0.023020022292931874	0.9955333333651225	0.9105166666984558
836	0.022832574540376665	0.9953333333969117	0.9110666666984558
837	0.02243161216576894	0.9957666666666667	0.912566666730245
838	0.02237864228487015	0.9956333333333334	0.9125000000317891
839	0.022217589046557743	0.9958166667302449	0.9121333333333334
840	0.02265774038632711	0.9959166666666667	0.9111666667302449
841	0.022221431853373847	0.99585	0.9131000000635783
842	0.022062854985396067	0.9959500000635783	0.9137666666984559
843	0.02251537562807401	0.9956333333969116	0.9116833333651225
844	0.02296616154909134	0.9954166666666666	0.9107
845	0.02209882689913114	0.9959166667302449	0.9132833333969116
846	0.02280114314556122	0.9956666666666667	0.9112166666984558
847	0.02257158850034078	0.9957166666984558	0.9117
848	0.022692541402578353	0.9959000000317891	0.9123000000635783
849	0.022267160111665726	0.9961666666984558	0.9132166666666667
850	0.022499336592356364	0.9959333333333333	0.9111166667302449
851	0.022598234476645787	0.9957833333969116	0.91215
852	0.02235152385234833	0.9961333333333333	0.9121666666666667
853	0.022329982632398604	0.9959333333333333	0.9121833333651225
854	0.022638513551155728	0.9958833333333333	0.91155
855	0.022480120753248532	0.9958833333969116	0.9121500000635783
856	0.02267419182062149	0.9958166666666667	0.9119833333333334
857	0.022913921837011974	0.9957666666666667	0.9111333333969116
858	0.023422262716293336	0.9958000000635783	0.9102333333969116
859	0.022864680344363054	0.9955666666666667	0.9122333333969116
860	0.02210886413057645	0.9958333333969116	0.9126333333333333
861	0.02291961476802826	0.9958666666666667	0.9115
862	0.02244364286263784	0.9960166666666667	0.91235
863	0.02319376513560613	0.9956166666666667	0.9107000000317892
864	0.022724438042442004	0.9959166666666667	0.9101833333651225
865	0.022480483874678613	0.9958666667302449	0.9113833333333333
866	0.02278781969646613	0.995516666730245	0.9100666666984558
867	0.02247427440683047	0.99575	0.9127166666984559
868	0.022519780071576435	0.9957166666666667	0.9114166666984558
869	0.022536188127597175	0.9959000000635783	0.9126333333651224
870	0.022713874183098476	0.9958833333333333	0.9113500000635782
871	0.022614652357498804	0.9956500000635783	0.9119333333651225
872	0.022418885493278504	0.9960833333333333	0.9117833333969116
873	0.022884752358992896	0.9956500000635783	0.9112500000317891
874	0.022551795633633933	0.9958833333969116	0.9100500000317892
875	0.023060915583372116	0.995716666730245	0.9113833333333333
876	0.022307520149151484	0.99595	0.91115
877	0.0234081462820371	0.9956666666666667	0.9100833333333334
878	0.023357266106208165	0.9957166666984558	0.9099666666666667
879	0.023602206601699195	0.9947333333969116	0.9103166666984558
880	0.022517782497406005	0.9957666666666667	0.9116500000317892
881	0.022454947865009307	0.9961666666666666	0.911916666730245
882	0.022854770290851593	0.9960833333969116	0.9108666666666667
883	0.022561698104937872	0.9957166666666667	0.9121166666666667
884	0.02250375610589981	0.9960333333969116	0.9120333333333334
885	0.022619128735860188	0.9958166666666667	0.9102666666666667
886	0.022031160817543666	0.9961666666666666	0.9127
887	0.02271411610841751	0.996	0.9098166666984558
888	0.022976074853539467	0.9959333333333333	0.9085833333333333
889	0.02296913221379121	0.9959	0.9102000000635783
890	0.02298655084570249	0.995716666730245	0.9107833333333333
891	0.022572735716899234	0.9958333333969116	0.9105000000635783
892	0.02298402246236801	0.9959000000635783	0.9099666666666667
893	0.02261937491695086	0.9957833333333334	0.911066666730245
894	0.023388917197783788	0.99575	0.9088666666666667
895	0.022421125544110933	0.9959666666666667	0.9116500000317892
896	0.02300095526576042	0.9955166666666667	0.909666666730245
897	0.022758879592021306	0.9955333333333334	0.9105500000317891
898	0.022564349924524624	0.9958	0.9100666667302449
899	0.023060777791341146	0.9957333333333334	0.9094833333969117
900	0.022182297602295876	0.9957	0.9119500000317892
901	0.02267928212682406	0.9955833333333334	0.9113000000317891
902	0.022755686579147973	0.9958166666666667	0.9102500000317891
903	0.02304683448175589	0.9954333333969116	0.9103333333651225
904	0.023149917339285214	0.99605	0.9088833333651225
905	0.023512585331996284	0.9955000000635783	0.9082833333969116
906	0.0230083180586497	0.9958166667302449	0.9104666666984558
907	0.023283987098932268	0.99575	0.9100166666984558
908	0.02335866772135099	0.9955833333969116	0.9103833333333333
909	0.02222332948644956	0.9961166666666667	0.9106833333333333
910	0.022578718970219295	0.9959500000635783	0.9114666666666666
911	0.022533615213632584	0.9959166667302449	0.9108000000317892
912	0.023378897875547408	0.9957500000635783	0.9089500000317892
913	0.0229496781984965	0.9960000000635783	0.9111333333333334
914	0.022574707852800687	0.9958166666666667	0.9092166666666667
915	0.02292238135735194	0.9957833333333334	0.9098500000635783
916	0.02312309670249621	0.9958833333333333	0.9095333333969117
917	0.023058322127660114	0.9956500000317892	0.9104000000635782
918	0.02340118944446246	0.9956	0.91005
919	0.022880943207939465	0.9958166667302449	0.9099666666984558
920	0.02269346157213052	0.9958166666666667	0.9104833333651224
921	0.02283772570490837	0.9961333333333333	0.9091166667302449
922	0.023627150330940882	0.9955166666666667	0.90995
923	0.02325290265281995	0.9955833333969116	0.9094000000317891
924	0.02338904531399409	0.9954666666984558	0.9094666666666666
925	0.02227467666665713	0.9957166666666667	0.9126000000635783
926	0.022762516858180364	0.9959166666666667	0.910866666730245
927	0.02296370081702868	0.9957166666666667	0.9094500000635782
928	0.02357650383313497	0.9952833333969117	0.9094166667302449
929	0.022511763406793277	0.9958166666666667	0.9108333333651225
930	0.02321641437212626	0.9958166666666667	0.9095833333969117
931	0.023155748760700225	0.9956833333333334	0.9092166666984558
932	0.022381809987624485	0.9957500000635783	0.9110333333969116
933	0.022969657955567043	0.9958333333969116	0.9091166666666667
934	0.02362171416381995	0.9947666666666667	0.9091833333969116
935	0.022466995760798456	0.9958666666666667	0.9115166666666666
936	0.02380747317324082	0.9955166666666667	0.9088
937	0.02281120408376058	0.9958666667302449	0.9105333333651224
938	0.022988599423567454	0.9956333333969116	0.9089500000317892
939	0.02316752634346485	0.995716666730245	0.909766666730245
940	0.02335601792136828	0.9955833333333334	0.9090833333969116
941	0.024189756077528	0.995566666730245	0.9062500000635783
942	0.023725035794576008	0.9956333333651225	0.9083
943	0.02258279743293921	0.99605	0.9093666666984558
944	0.022687137482563655	0.9958166666666667	0.9103166667302449
945	0.022901132395863534	0.9955833333333334	0.908466666730245
946	0.023092829489707947	0.9957500000635783	0.9079000000317892
947	0.022955059319734572	0.9959666667302449	0.9096833333333333
948	0.022738068060080212	0.9959333333333333	0.9103666667302449
949	0.023109037152926126	0.9960666666666667	0.9089166666666667
950	0.023119596482316655	0.9955	0.9106833333651225
951	0.023421571451425552	0.9958666666666667	0.9079333333651225
952	0.02281128398577372	0.9956000000635783	0.9089333333969116
953	0.023039635946353276	0.9953000000635783	0.9093833333651224
954	0.02272892961104711	0.9958333333333333	0.9089833333333334
955	0.023136690817276637	0.9956833333333334	0.9083333333333333
956	0.023336055515209835	0.9957333333969116	0.9081333333651225
957	0.023201082199811936	0.9956666666666667	0.909666666730245
958	0.022937626044948894	0.9958166666666667	0.91135
959	0.02314780171116193	0.9955333333333334	0.9088333333969116
960	0.02297456432878971	0.9958	0.9091000000317891
961	0.022981289582451183	0.9956666666666667	0.9089833333969116
962	0.022924948984384536	0.9960833333333333	0.9078000000635783
963	0.02371472191810608	0.9956666666984558	0.9077833333969116
964	0.023150904121001563	0.99585	0.90805
965	0.0227531223744154	0.9956333333333334	0.909816666730245
966	0.02321235575079918	0.99545	0.9084166666984558
967	0.023652090911070504	0.9958000000635783	0.9078666666666667
968	0.023611914928754172	0.9958333333333333	0.9065166666984558
969	0.023474719766775766	0.9955500000635783	0.9088666666984558
970	0.02322585008343061	0.9957333333651225	0.9090333333969116
971	0.0236544877409935	0.9957	0.9075166666984558
972	0.023219770379861195	0.9955333333333334	0.9087500000317892
973	0.022907122180859246	0.9960500000635782	0.9093666667302449
974	0.022878810650110246	0.99595	0.9087333333651225
975	0.023333802355329197	0.9957166666666667	0.9088833333969116
976	0.022919522541761397	0.99595	0.9090000000317892
977	0.02301564334630966	0.9954666666666667	0.9095000000317891
978	0.023458876121044157	0.9956500000635783	0.9074333333651224
979	0.02284003494977951	0.9957833333333334	0.9097833333651225
980	0.02278319213092327	0.99605	0.909866666730245
981	0.023395678269863128	0.9959333333333333	0.9089833333969116
982	0.023016566636164984	0.9954833333969116	0.9093333333333333
983	0.023400132646163304	0.995416666730245	0.9077000000635783
984	0.023455752487977346	0.9958166667302449	0.907866666730245
985	0.023658568242192268	0.9956333333333334	0.9088500000635783
986	0.023325363683700563	0.9956666666666667	0.9079500000635783
987	0.023648262374599775	0.9957166666666667	0.9071500000635783
988	0.023549849596122902	0.9956833333333334	0.9078666666984558
989	0.02285633892118931	0.9957166666666667	0.9090833333333334
990	0.02305332425236702	0.9959833333969116	0.9086000000317891
991	0.02356089022755623	0.99555	0.9064833333333333
992	0.023219474054376285	0.9957833333969116	0.9091666667302449
993	0.022967804757754007	0.9958666667302449	0.9081833333333333
994	0.023440327630440395	0.99585	0.9073833333969116
995	0.02349016857345899	0.99575	0.9058166666666667
996	0.02335569113790989	0.995516666730245	0.9083333333969116
997	0.023088553406794866	0.9958	0.908516666730245
998	0.022754370500644047	0.9961000000635782	0.9098166666666667
999	0.022628636288642884	0.9958833333333333	0.90905
1000	0.02276960303982099	0.9954833333969116	0.9091333333969116
1001	0.02293522505859534	0.9958166666666667	0.9086833333969117
1002	0.02299556838522355	0.9956333333333334	0.9090833333651225
1003	0.02351287674109141	0.9959000000317891	0.9066666666666666
1004	0.02311719197531541	0.9956333333333334	0.9082500000635783
1005	0.022569699760278065	0.9957666667302449	0.9096000000635783
1006	0.02288859175046285	0.9955833333333334	0.9091500000317891
1007	0.02309441558321317	0.9958	0.9073666666984558
1008	0.023128952566782632	0.9955500000635783	0.9087666666666666
1009	0.022994575307766597	0.9959166666666667	0.90785
1010	0.023078937035799028	0.995716666730245	0.9084833333333333
1011	0.02378747062087059	0.9949333333969116	0.9075
1012	0.023128767915566763	0.9956666666666667	0.9064500000635783
1013	0.02293403655489286	0.9958333333333333	0.9077
1014	0.023379661394159	0.99585	0.9085166666984558
1015	0.022875115712483723	0.996	0.9073166666984558
1016	0.023720853225390116	0.9958	0.9081333333969116
1017	0.02358002896507581	0.9956166666984558	0.9066333333969117
1018	0.02325410943031311	0.9956833333651225	0.9084333333969116
1019	0.023380477050940197	0.9956833333333334	0.9083833333333333
1020	0.022806059940656025	0.9957833333333334	0.9098166666666667
1021	0.02307243026693662	0.9953	0.9084666666666666
1022	0.023241637414693834	0.9957666666666667	0.9088833333333334
1023	0.023267669419447582	0.9954666666666667	0.9083500000635782
1024	0.023125416938463848	0.9958166666666667	0.9085000000317891
1025	0.02341822911699613	0.9958333333333333	0.9089666666666667
1026	0.023507645710309347	0.9956333333333334	0.9093500000635782
1027	0.02296397076845169	0.99565	0.9081333333651225
1028	0.023582500916719436	0.9957166666666667	0.9077833333333334
1029	0.02326811226606369	0.9959000000635783	0.9070500000317891
1030	0.02266720558901628	0.9959	0.9084166666984558
1031	0.023029108810424803	0.9958500000635783	0.9084333333333333
1032	0.024937441994746526	0.994716666730245	0.9068666666984558
1033	0.023481192310651145	0.9954333333333333	0.9077833333969116
1034	0.023047081048289935	0.9958833333333333	0.9088666666984558
1035	0.022464210298657417	0.9962833333333333	0.9090500000635783
1036	0.023548413792252542	0.9957	0.907616666730245
1037	0.02316392426788807	0.9955333333333334	0.9089666666666667
1038	0.023258331539233526	0.9959000000635783	0.9086333333651225
1039	0.023170305875937144	0.9957666666666667	0.9088333333651225
1040	0.023424614783128104	0.9953333333969117	0.9086333333651225
1041	0.023055231940746306	0.9955833333333334	0.9085333333969117
1042	0.023708078809579213	0.995616666730245	0.9072333333651225
1043	0.02378524668018023	0.9952333333333333	0.9083000000635783
1044	0.022968999532858532	0.99565	0.9090500000635783
1045	0.02361449525852998	0.9957	0.9084000000635782
1046	0.023184436835845312	0.9957666666984558	0.908716666730245
1047	0.02339228451450666	0.9959	0.9084166666984558
1048	0.023397557243704795	0.9958666666666667	0.907616666730245
1049	0.022843740596373875	0.9961333333333333	0.9081666666666667
1050	0.02305588499903679	0.9956333333333334	0.9083000000317891
1051	0.022919435676932335	0.9958833333333333	0.9085333333651224
1052	0.023175639792283376	0.9959833333333333	0.907866666730245
1053	0.022915454073747	0.9957333333969116	0.9081666667302449
1054	0.02356172467271487	0.995566666730245	0.9074166666666666
1055	0.023196465929349264	0.9956166666666667	0.9081833333651225
1056	0.023133959419528644	0.995516666730245	0.9091166667302449
1057	0.02266847312450409	0.9959166667302449	0.9090666667302449
1058	0.02345178683201472	0.995516666730245	0.9059333333969116
1059	0.02343475831349691	0.995566666730245	0.90815
1060	0.02352968096733093	0.9953833333651225	0.9078166666984558
1061	0.022842172294855117	0.9958166666666667	0.9078833333969116
1062	0.02298231653769811	0.9960333333333333	0.907716666730245
1063	0.023153171495596567	0.9956833333333334	0.9084000000317891
1064	0.02301987331012885	0.9959	0.9085000000635783
1065	0.023462515525023143	0.9956333333969116	0.9089166666984558
1066	0.02342759317557017	0.995166666730245	0.9077333333651225
1067	0.023276603263616562	0.9959166666666667	0.9077500000635783
1068	0.023291833833853404	0.995416666730245	0.9079500000317892
1069	0.023362756590048474	0.9956333333333334	0.9092666666984558
1070	0.023054217489560446	0.99575	0.9082000000635783
1071	0.02312297115822633	0.9957833333333334	0.909916666730245
1072	0.02320826545159022	0.9956000000635783	0.9092833333651225
1073	0.024580668910344442	0.99505	0.9078
1074	0.023255295572678247	0.9957000000635783	0.9080666666666667
1075	0.023446795399983723	0.9956666666984558	0.9087666666984558
1076	0.022811457534631093	0.9958666666666667	0.909716666730245
1077	0.023191161155700683	0.9955333333333334	0.9080166666666667
1078	0.022945125524202983	0.99545	0.9094333333651224
1079	0.024104902811845144	0.9952833333651224	0.9067166666984559
1080	0.023308621374766032	0.9955666666666667	0.90845
1081	0.023503216246763867	0.9953666666666666	0.9085666666666666
1082	0.0235324138234059	0.9954833333333334	0.9082833333969116
1083	0.02271790172060331	0.9958666666666667	0.9090833333651225
1084	0.023237239124377567	0.9957833333333334	0.9092333333651225
1085	0.02288416836063067	0.9955	0.9091833333969116
1086	0.02375310762723287	0.99515	0.9074000000317891
1087	0.023481252648433048	0.9955833333333334	0.9076166666666666
1088	0.023126699841022492	0.9955666666666667	0.9102333333333333
1089	0.023092505927880605	0.9957	0.9094166667302449
1090	0.022550710500280062	0.9957833333333334	0.9097666666984559
1091	0.023325593688090642	0.995666666730245	0.9090000000635783
1092	0.02300826385517915	0.9955833333333334	0.9089333333333334
1093	0.022730660737554233	0.99585	0.9093166666984558
1094	0.023096281359593074	0.9956000000635783	0.9103666666984558
1095	0.02292298146088918	0.995416666730245	0.9090833333651225
1096	0.023037883045276007	0.9957833333333334	0.9090500000635783
1097	0.022855207629005114	0.9958	0.9082166666666667
1098	0.023366315790017446	0.9957	0.9084000000317891
1099	0.023670533287525178	0.9953	0.9085166666666666
1100	0.023592955748240153	0.9953	0.9085833333333333
1101	0.02350057747165362	0.9959000000317891	0.9082166666984558
1102	0.02305916721622149	0.9955833333333334	0.9093000000635783
1103	0.02325086134374142	0.9955333333333334	0.9093166666666667
1104	0.0224451348255078	0.996	0.9097333333969116
1105	0.022760370832681655	0.9958666666666667	0.9098833333333334
1106	0.022990889543294906	0.99545	0.9091166666984558
1107	0.023613632770379384	0.9956000000635783	0.9090833333333334
1108	0.023625186132391295	0.9953	0.9086
1109	0.022769287824630738	0.9958166666666667	0.9101666666984558
1110	0.02269219676752885	0.9959666666666667	0.9097000000317892
1111	0.02286508018821478	0.9958166666666667	0.9090500000317892
1112	0.02287963379720847	0.9956666666984558	0.9101333333969116
1113	0.022411901701490083	0.9956666666666667	0.9097833333651225
1114	0.023015787446498872	0.99565	0.9088833333333334
1115	0.022975933452447254	0.9954333333333333	0.9100166666666667
1116	0.02281930740674337	0.99545	0.909616666730245
1117	0.023293500992655754	0.9955166666666667	0.9081166666984558
1118	0.02283959051569303	0.9954166666666666	0.9098333333969116
1119	0.022548819253842035	0.9960333333333333	0.9100666666984558
1120	0.023104781248172123	0.9956	0.9080333333333334
1121	0.02310685291290283	0.9955	0.9100333333651225
1122	0.02265964746673902	0.9958833333333333	0.9109833333651225
1123	0.023030175032218297	0.9957666666666667	0.9084500000317891
1124	0.023139733183383943	0.9953666666666666	0.9086333333969117
1125	0.022754396231969197	0.9957666666666667	0.9105500000317891
1126	0.02271108360091845	0.9957333333969116	0.908866666730245
1127	0.022940576805671055	0.9956833333969116	0.9088333333969116
1128	0.02280440130631129	0.9959166666666667	0.9103500000317891
1129	0.023250831907987594	0.9956666666666667	0.9091833333651225
1130	0.023211434747775397	0.9958500000635783	0.9091666667302449
1131	0.022752612648407618	0.9957833333969116	0.9092333333651225
1132	0.022723471341530483	0.9956833333969116	0.9101833333969116
1133	0.02232173972328504	0.9958	0.9101333333333333
1134	0.022980619020263354	0.99575	0.9097666666984559
1135	0.02300371670524279	0.9954166666666666	0.9103333333969116
1136	0.02264387000799179	0.9957	0.9107333333969116
1137	0.02257664450307687	0.9959166666666667	0.9107500000317892
1138	0.023349150212605793	0.9956333333969116	0.9091000000317891
1139	0.022806855815649032	0.9957333333969116	0.9090666666984558
1140	0.022843052166700364	0.9955666666666667	0.9098166666666667
1141	0.022844087361296016	0.9955166666666667	0.9114166666984558
1142	0.02227556918859482	0.99575	0.9110333333969116
1143	0.023360303723812103	0.9951166667302449	0.9102166667302449
1144	0.022857967933019002	0.9959166667302449	0.9101500000317891
1145	0.023008253848552703	0.9956833333333334	0.9087000000317892
1146	0.022934206479787826	0.9956833333969116	0.9094166666666667
1147	0.02272450724840164	0.9956166666666667	0.9100000000317892
1148	0.02225665026108424	0.9957166666666667	0.9107166666666666
1149	0.022890534929434457	0.9958166667302449	0.9093166666666667
1150	0.022777755721410116	0.9956833333333334	0.9097166666666666
1151	0.022983117415507636	0.995716666730245	0.9102833333333333
1152	0.02257870003382365	0.9959333333333333	0.9106166666666666
1153	0.022791702951987583	0.9955166666666667	0.9114
1154	0.022904843389987946	0.9956833333969116	0.9103500000317891
1155	0.023026410621404647	0.9954	0.9097000000635783
1156	0.022097062448660533	0.9962666666666666	0.9106333333651225
1157	0.022800523479779563	0.9953333333333333	0.9107833333333333
1158	0.023073001424471537	0.9954833333333334	0.9115666666984558
1159	0.022251774324973425	0.9961166667302449	0.9107166666666666
1160	0.022784620887041092	0.9957166666666667	0.9093833333969116
1161	0.02292992927134037	0.9957833333333334	0.9103000000635783
1162	0.022998830523093542	0.9952	0.9111
1163	0.022688816767930983	0.995566666730245	0.9100666666984558
1164	0.022721073919534682	0.9958166667302449	0.9111166667302449
1165	0.022893005458513895	0.9957	0.9107333333969116
1166	0.022473943134148914	0.9959333333333333	0.9102333333969116
1167	0.022331307071447374	0.9957833333333334	0.9108333333651225
1168	0.02303183003862699	0.9951166666984558	0.9098166666984558
1169	0.023095023326575755	0.9954833333333334	0.9097000000317892
1170	0.02219014446735382	0.9957666666666667	0.9121000000317891
1171	0.023017441215117774	0.9953833333969117	0.9120166666984558
1172	0.022496786961952845	0.9956000000317892	0.9105833333333333
1173	0.02221931542356809	0.9958666666666667	0.9119333333333334
1174	0.022856509226560594	0.995516666730245	0.9103500000635782
1175	0.022526987040042877	0.9955333333333334	0.9116166666984558
1176	0.022554518882433573	0.9959	0.9110000000317892
1177	0.022178994646668435	0.9959166666666667	0.9113166666666667
1178	0.02282491723895073	0.9958666666666667	0.9104000000635782
1179	0.02249236723482609	0.9955	0.909516666730245
1180	0.022699180446068445	0.9957833333333334	0.9104833333651224
1181	0.022318986973166467	0.9959833333333333	0.9100500000317892
1182	0.022913889346520108	0.9956666666666667	0.9095000000317891
1183	0.02244852349559466	0.9957833333969116	0.9103666667302449
1184	0.022881226549545924	0.9957500000635783	0.9104166667302449
1185	0.022499165538946788	0.9955833333969116	0.9108666666984558
1186	0.022366589440902074	0.996	0.9126666666984559
1187	0.02288254468142986	0.9957833333333334	0.9113833333333333
1188	0.022774877546230952	0.9957833333333334	0.9097333333333333
1189	0.02275851937532425	0.9956500000635783	0.9104333333969116
1190	0.022846708649396898	0.9956833333969116	0.9098166666666667
1191	0.022841454207897186	0.995366666730245	0.9096833333969117
1192	0.021900867913166682	0.9959666666984558	0.9113666666666667
1193	0.022544986803332966	0.9957166666666667	0.9111000000317891
1194	0.02278543046514193	0.9956500000317892	0.9117500000635783
1195	0.02282322269876798	0.99555	0.9112000000317891
1196	0.02257784043351809	0.9956333333969116	0.91165
1197	0.02257996152242025	0.9957	0.9112500000635783
1198	0.023069454524914424	0.9953666666666666	0.9107500000317892
1199	0.022007859738667805	0.9957500000635783	0.9123333333333333
1200	0.022387768399715423	0.9958	0.91175
1201	0.02217849073211352	0.9958833333969116	0.9122333333969116
1202	0.022927386771639188	0.9953	0.9107166666984559
1203	0.02248642077843348	0.9956166666666667	0.9106000000635783
1204	0.022872046915690104	0.9957166666666667	0.9110833333333334
1205	0.022650618201494218	0.9958	0.9108666666984558
1206	0.022481700267394385	0.9958666666666667	0.9114
1207	0.022469657452901203	0.9958	0.9123333333651225
1208	0.023282989064852398	0.9950666667302449	0.9095333333651224
1209	0.0227747961640358	0.99575	0.9117166666984559
1210	0.023006626669565836	0.995716666730245	0.910766666730245
1211	0.022330423059066136	0.9958666666666667	0.9105666666666666
1212	0.022201495510339737	0.9957833333333334	0.9125500000317891
1213	0.022106617092092832	0.9960833333333333	0.9126
1214	0.021952466942866643	0.9958166666666667	0.9130166666984558
1215	0.02251236838301023	0.9955666666666667	0.9115833333333333
1216	0.023250873428583146	0.9954833333651225	0.9106000000317891
1217	0.022566684061288835	0.9957666666666667	0.9112333333651225
1218	0.022875889520843823	0.99595	0.9100666667302449
1219	0.022227949986855188	0.995666666730245	0.91165
1220	0.022738523950179418	0.995666666730245	0.91115
1221	0.02262892347276211	0.99565	0.9111000000635783
1222	0.022575412364800772	0.9956166666666667	0.9123
1223	0.022737924643357596	0.9956333333333334	0.9120833333969116
1224	0.022452556308110556	0.9961000000635782	0.9116000000317891
1225	0.022573419443766275	0.9953666666666666	0.9120166666984558
1226	0.02274758653839429	0.9956	0.9117333333651225
1227	0.02224759160429239	0.9960166666666667	0.9123166666666667
1228	0.023126982750495274	0.9953333333333333	0.91025
1229	0.022202854919433593	0.9957833333333334	0.9127666666984559
1230	0.0222212272554636	0.9956833333333334	0.9133500000317891
1231	0.02219858761429787	0.9960833333969116	0.9122666666984558
1232	0.02240425619482994	0.9956833333333334	0.9115
1233	0.022347703217466673	0.9957500000635783	0.9147333333651225
1234	0.022317447290817898	0.9958166666666667	0.910816666730245
1235	0.02267539564271768	0.9954166666666666	0.9126833333651225
1236	0.021980595660209656	0.9957	0.9118000000635783
1237	0.022511702963709832	0.9954	0.9127333333651225
1238	0.022112315626939136	0.9958333333333333	0.9138000000317892
1239	0.022331248701612155	0.9959166666666667	0.9121
1240	0.022544769204656284	0.9958166666666667	0.9128833333651225
1241	0.021537597435712815	0.9958166666666667	0.9149500000317892
1242	0.022675693411628405	0.9955833333333334	0.9116166666984558
1243	0.022360581562916437	0.9958666666666667	0.9128666666984558
1244	0.022152586112419763	0.9960166666666667	0.9112333333969116
1245	0.0225681660870711	0.9955333333969116	0.9117833333333333
1246	0.0225434511979421	0.9955833333333334	0.9124666666666666
1247	0.02213022486269474	0.9956666666666667	0.9140333333969116
1248	0.022849138510227202	0.9955333333333334	0.9127833333333333
1249	0.022271260756254196	0.9961000000635782	0.9117166666666666
1250	0.0217904374619325	0.9960333333333333	0.9115166666984558
1251	0.02200530786116918	0.9957666666666667	0.9124333333333333
1252	0.02225519999861717	0.9958500000635783	0.9136166666666666
1253	0.02187534946501255	0.9958833333969116	0.9140333333651225
1254	0.021812115179498992	0.99565	0.91265
1255	0.022684327656030654	0.9956	0.9119500000317892
1256	0.022649939049283665	0.99545	0.9127000000317892
1257	0.022336537634332975	0.9956166666666667	0.9119666666666667
1258	0.02183857508103053	0.9960666667302449	0.9138166666666667
1259	0.022796902478734653	0.9954333333333333	0.9124166667302449
1260	0.022868412212530772	0.9954833333969116	0.9129166666984558
1261	0.022247505346934	0.9957666666666667	0.9123833333969116
1262	0.02218971862991651	0.9955166666666667	0.9132000000635783
1263	0.02265152197877566	0.9951333333651224	0.9125333333333333
1264	0.023219900635878244	0.9952833333333333	0.9097
1265	0.0224234320918719	0.9955666666984558	0.9134000000317891
1266	0.022051574711998305	0.9958	0.9127
1267	0.02186527268985907	0.9959666666666667	0.9130333333969116
1268	0.022222895286480585	0.9956666666666667	0.9132000000635783
1269	0.022078868520259858	0.9959666667302449	0.9118833333969116
1270	0.022213396940628686	0.9956333333333334	0.9141500000635783
1271	0.02223419647415479	0.99555	0.9138666666666667
1272	0.022549989089369775	0.9958	0.9129166666666667
1273	0.022010993991295497	0.9956833333333334	0.9133833333651225
1274	0.022240687054395674	0.9957333333969116	0.9133666667302449
1275	0.022064733736713728	0.9958333333969116	0.9137500000317892
1276	0.02233626889437437	0.9957666666666667	0.9132500000635783
1277	0.02182104300459226	0.9960666666666667	0.9143333333969116
1278	0.021997715052962302	0.9958333333333333	0.913016666730245
1279	0.022032293146848677	0.9957833333333334	0.9127000000317892
1280	0.022185497805476188	0.9960666666666667	0.9126
1281	0.02226684535940488	0.995366666730245	0.9150166666984558
1282	0.022510353442033133	0.995166666730245	0.9138333333333334
1283	0.022015874422589937	0.9956	0.9149833333651225
1284	0.021846998540560405	0.9959833333333333	0.9131833333969116
1285	0.022097153278191884	0.9955500000317892	0.9141000000635783
1286	0.02182257910768191	0.9960166666666667	0.9131833333969116
1287	0.02331503551999728	0.995	0.9122833333651225
1288	0.022481438331802685	0.9953666666666666	0.9134833333333333
1289	0.021921148657798768	0.9956833333333334	0.9145166666984558
1290	0.02208727464278539	0.9958500000635783	0.9138
1291	0.02213455710411072	0.9958500000635783	0.9127666666666666
1292	0.021893694084882735	0.9959833333969116	0.9140666666984558
1293	0.021730871150890986	0.9958	0.9140333333969116
1294	0.021749035225311915	0.9956833333651225	0.9139333333651225
1295	0.022035615293184915	0.9955833333333334	0.9141500000635783
1296	0.021765972000360487	0.9957666667302449	0.9149000000317892
1297	0.02235644217332204	0.99585	0.9125833333651224
1298	0.021837810998161632	0.9957	0.9151166666984558
1299	0.02195919682383537	0.9959833333333333	0.9146833333333333
1300	0.022336528195937476	0.9959500000317891	0.9130500000635783
1301	0.021404522583882014	0.99575	0.9158500000635783
1302	0.022211773637930553	0.9955333333969116	0.9132833333651225
1303	0.021915673869848253	0.9960500000635782	0.9132000000317891
1304	0.022185630414883296	0.9955000000635783	0.9137666666666666
1305	0.022006032576163608	0.9953833333969117	0.9146333333969117
1306	0.021965825788180033	0.9960166666666667	0.9142666667302449
1307	0.022132426245013874	0.9959	0.9144500000635782
1308	0.021663936311006545	0.9957333333969116	0.9152333333969116
1309	0.022452869071563086	0.9954000000635783	0.91225
1310	0.021408307178815207	0.9959	0.9144333333333333
1311	0.022693465860684714	0.99565	0.9121666667302449
1312	0.021577174148956935	0.9958833333651225	0.9138333333969116
1313	0.02183865292867025	0.9959166667302449	0.9136
1314	0.022105710597833	0.9961166666666667	0.9142666667302449
1315	0.022236792449156443	0.9954333333651225	0.9144333333333333
1316	0.021987117182215056	0.9957333333333334	0.9155166667302449
1317	0.021435697853565215	0.9956	0.9158500000635783
1318	0.02209858623743057	0.9955000000635783	0.9147500000635783
1319	0.022636385635534922	0.9951666666666666	0.9129833333333334
1320	0.02174702285329501	0.9959166666666667	0.9145666666666666
1321	0.022646238668759665	0.9958333333969116	0.9134833333651224
1322	0.022081363622347513	0.9957833333969116	0.9136
1323	0.02204329964121183	0.9952666666666666	0.9148333333651225
1324	0.021843015975753468	0.996	0.9133333333969116
1325	0.021643773639202116	0.9957833333969116	0.9156666666984558
1326	0.021623397133747738	0.9958500000635783	0.9147000000635783
1327	0.022276088966925938	0.9955833333333334	0.9146166666984558
1328	0.021870032984018326	0.9959	0.9144166666984558
1329	0.02193688936630885	0.9958666666666667	0.91355
1330	0.021898092106978097	0.9954666666666667	0.9137333333969117
1331	0.022174703788757324	0.99575	0.9144666666984558
1332	0.02148819088935852	0.9959833333969116	0.9157166666984559
1333	0.021999073632558187	0.9957333333333334	0.9139666666984558
1334	0.02175555856823921	0.9958333333333333	0.915016666730245
1335	0.021731381555398305	0.9957666667302449	0.9141833333651225
1336	0.022037649911642074	0.9955500000635783	0.9133666667302449
1337	0.021835264264543852	0.9956	0.9137500000317892
1338	0.022010094225406646	0.996	0.9149000000317892
1339	0.02149319690068563	0.9963166666666666	0.9148500000635783
1340	0.021651465902725854	0.9962833333333333	0.9157166666984559
1341	0.021999633145332338	0.9961333333333333	0.9140666666666667
1342	0.022320190898577372	0.9955333333333334	0.9144333333333333
1343	0.022080480165282884	0.9956666666666667	0.9146833333969117
1344	0.021921298987666767	0.99565	0.9153000000635783
1345	0.02270961034099261	0.9954166666666666	0.9136000000635783
1346	0.021755225231250126	0.9958333333969116	0.9141333333333334
1347	0.02189751202861468	0.9956000000635783	0.9150500000317892
1348	0.021940280602375666	0.9955166666666667	0.9150333333651225
1349	0.022010930689175923	0.9956833333969116	0.9145166666984558
1350	0.022052449999252956	0.9956666666666667	0.9152833333651225
1351	0.021682178487380344	0.9960666667302449	0.9163166666666667
1352	0.021806853640079497	0.9959166666666667	0.9136333333969117
1353	0.022242973085244498	0.9955166666666667	0.9141333333333334
1354	0.021379602231582005	0.9958666666666667	0.9158666666666667
1355	0.02227986223101616	0.99555	0.9144833333969116
1356	0.022457595483462017	0.9952833333969117	0.9147000000635783
1357	0.021941660219430923	0.99545	0.9133833333969116
1358	0.021812846581141153	0.9956833333969116	0.9156333333651224
1359	0.02167407791465521	0.9955833333333334	0.9150500000635783
1360	0.022007177150249482	0.9957833333651225	0.912866666730245
1361	0.02219566205541293	0.9956333333333334	0.9140000000635783
1362	0.02186186699171861	0.9959666666666667	0.9153833333651225
1363	0.022018044636646906	0.9956666666666667	0.9142000000317891
1364	0.021979262857635816	0.99615	0.9132000000635783
1365	0.021856340358654656	0.9954833333333334	0.91605
1366	0.02159820254047712	0.9958000000635783	0.916916666730245
1367	0.022567053949832917	0.9954333333969116	0.9136166666984558
1368	0.022183643086751303	0.9952833333333333	0.9153833333651225
1369	0.0214865717848142	0.9958166666666667	0.9163666666984558
1370	0.021575769327084222	0.9959000000635783	0.9164500000635782
1371	0.02178828061322371	0.9956166666666667	0.9155500000317891
1372	0.02182978330453237	0.9958166667302449	0.9145
1373	0.021633844636877377	0.9960333333333333	0.9144
1374	0.022295493628581364	0.995616666730245	0.9154666666666667
1375	0.022099168342351913	0.995666666730245	0.9145833333333333
1376	0.022366296356916428	0.9957333333333334	0.9141833333969116
1377	0.021322598830858866	0.9960666666666667	0.9158333333651225
1378	0.02170430378119151	0.9958833333333333	0.9152666666666667
1379	0.021618499447902045	0.9958833333333333	0.9144666667302449
1380	0.021850203839937847	0.9956833333333334	0.9152
1381	0.0217310169617335	0.9958000000635783	0.9155833333333333
1382	0.022173681869109473	0.995716666730245	0.9140000000635783
1383	0.021606569710373877	0.9956333333969116	0.9161333333651225
1384	0.021781544179220996	0.9953166666666666	0.9155166667302449
1385	0.021831599563360213	0.9959166666984558	0.9137666666984559
1386	0.02203793616692225	0.9959	0.9143833333333333
1387	0.02184945266197125	0.9957166666666667	0.9152333333333333
1388	0.022145946713288626	0.995516666730245	0.9139333333333334
1389	0.022070435824990273	0.9957500000635783	0.9145166666666666
1390	0.021547022939721744	0.9956666666666667	0.9151666666984558
1391	0.022162209539612135	0.9957333333333334	0.9152166666666667
1392	0.021804637414216996	0.9958333333333333	0.9144833333651224
1393	0.022095921834309896	0.9953166666666666	0.9142333333333333
1394	0.022018794458111127	0.9956666666666667	0.9144500000317891
1395	0.02188468070824941	0.995716666730245	0.9141333333969116
1396	0.0220350133061409	0.9957833333333334	0.9144833333651224
1397	0.021977516662081083	0.9958333333333333	0.9137833333651225
1398	0.021808446180820465	0.99565	0.9153000000635783
1399	0.021648807551463443	0.9958166667302449	0.9154833333651224
1400	0.02230546338756879	0.9955166666666667	0.9141666666666667
1401	0.02122452233036359	0.9959833333333333	0.9159833333969116
1402	0.022010196431477863	0.9959333333333333	0.9144166667302449
1403	0.02182003344297409	0.9953333333969117	0.9151333333333334
1404	0.022464433093865713	0.9953166666666666	0.9146333333969117
1405	0.022092369639873505	0.9951666666666666	0.9149666666666667
1406	0.02211905964910984	0.9955666666666667	0.9150333333969116
1407	0.022103888056675593	0.9956166666666667	0.9141833333969116
1408	0.02174436667561531	0.99605	0.915
1409	0.02215066752831141	0.9957333333651225	0.9141166667302449
1410	0.02166597336133321	0.9956166666666667	0.9155833333969117
1411	0.02226861462096373	0.9956500000635783	0.9150500000635783
1412	0.02157083556453387	0.9961500000635782	0.9148333333969116
1413	0.02220022508899371	0.99525	0.9151166666666667
1414	0.022037184431155522	0.9956000000635783	0.9147833333969116
1415	0.022105151129762333	0.9954666666666667	0.9149833333333334
1416	0.022010250721126796	0.9956333333333334	0.9144166667302449
1417	0.021888033421834308	0.995716666730245	0.9162333333651225
1418	0.021689925160010656	0.9959666667302449	0.9151333333969116
1419	0.02171528511941433	0.99575	0.9153500000635783
1420	0.02197840975522995	0.9956000000635783	0.9144833333333333
1421	0.0218975948313872	0.9957833333969116	0.9151
1422	0.02188663489719232	0.9957	0.9154833333333333
1423	0.021710127607981362	0.99555	0.91485
1424	0.022623459927241008	0.9953500000635783	0.9148500000317892
1425	0.02136534616400798	0.9958166666666667	0.9144000000317891
1426	0.022470561292767526	0.9955666666666667	0.9141166667302449
1427	0.021941319723924	0.995466666730245	0.915016666730245
1428	0.022246099642912548	0.9957166666666667	0.9140500000317892
1429	0.022158652649323145	0.9960500000635782	0.9138000000635783
1430	0.021439505897959073	0.9960333333333333	0.9155333333651224
1431	0.02140692543387413	0.9961333333333333	0.9148833333969116
1432	0.021599155016740163	0.99575	0.9153666667302449
1433	0.02241878013461828	0.9955	0.9143333333969116
1434	0.022042037177085878	0.9960333333333333	0.913816666730245
1435	0.021860591820875803	0.9957166666666667	0.9154166666984558
1436	0.02172456632355849	0.9959	0.91455
1437	0.02142269278168678	0.9961333333333333	0.9147333333969117
1438	0.021892205353577932	0.99575	0.9152166667302449
1439	0.022052263035376867	0.9956500000635783	0.9148333333333334
1440	0.021926510596772034	0.996	0.9162333333651225
1441	0.022022615544001263	0.9954166666666666	0.9154166667302449
1442	0.021981973456343014	0.9957166666666667	0.9141166666666667
1443	0.021548344398538272	0.9959000000635783	0.9139333333651225
1444	0.02193842362165451	0.9956333333969116	0.9143333333969116
1445	0.021402235065897307	0.99585	0.9163333333333333
1446	0.021747770148515703	0.9962	0.91335
1447	0.021680564361810685	0.9955666666666667	0.9147000000317892
1448	0.02192240997950236	0.9959333333969116	0.915
1449	0.02168459541797638	0.9956333333333334	0.9155333333969117
1450	0.02201509971221288	0.9958166666666667	0.9148000000317892
1451	0.02202351218064626	0.9955666666984558	0.9142333333651225
1452	0.02156037673751513	0.9960500000635782	0.913716666730245
1453	0.02235693464676539	0.995516666730245	0.9145333333969117
1454	0.021712854838371275	0.9959333333969116	0.913766666730245
1455	0.021618068541089695	0.9956833333333334	0.915
1456	0.022219550226132076	0.9956833333969116	0.9141000000317892
1457	0.022058645246426263	0.9957166666666667	0.9139500000317892
1458	0.02234636059999466	0.9958666666666667	0.9119166666666667
1459	0.022684289213021597	0.99555	0.9110666666666667
1460	0.0219775432686011	0.9955166666666667	0.9128666666666667
1461	0.021746796881159148	0.9957333333333334	0.913916666730245
1462	0.021913546885053318	0.9958166666666667	0.9144333333333333
1463	0.022148665920893353	0.9957	0.9135166666666666
1464	0.022305007195472716	0.9956833333651225	0.912616666730245
1465	0.022353293764591217	0.995416666730245	0.9143000000317891
1466	0.02154249057074388	0.99575	0.9141000000635783
1467	0.02187393259803454	0.9959833333333333	0.9136
1468	0.02235695598423481	0.99575	0.9134166666984558
1469	0.022511852796872456	0.9955000000635783	0.9134
1470	0.022242105021079383	0.9957833333333334	0.9138000000635783
1471	0.02206082645455996	0.9958166666984558	0.9137166666984559
1472	0.02142653316060702	0.9958500000635783	0.9146666666984559
1473	0.02138795602520307	0.9955333333969116	0.9149833333651225
1474	0.021824034678936004	0.9960666666666667	0.9143000000635783
1475	0.022232519123951595	0.9957333333969116	0.91415
1476	0.022062951016426087	0.995716666730245	0.9138333333651225
1477	0.022066243113080662	0.995716666730245	0.9121333333333334
1478	0.021378998230894408	0.9958833333333333	0.9153333333969116
1479	0.02256509370605151	0.99545	0.9130333333969116
1480	0.02157351983189583	0.99565	0.9143833333651225
1481	0.022233650012811024	0.9957500000635783	0.9128166666666667
1482	0.021179831796884537	0.99635	0.9142666666984558
1483	0.021843726907173792	0.9960833333969116	0.9134333333333333
1484	0.021656476731101673	0.9959333333333333	0.9150333333333334
1485	0.022175060898065566	0.9955833333333334	0.9148500000317892
1486	0.02268867909113566	0.9955333333333334	0.9131333333969116
1487	0.02179398856361707	0.9958833333333333	0.9145666666984558
1488	0.021773364074031513	0.99575	0.9145166666666666
1489	0.022494597041606904	0.99535	0.9140833333969116
1490	0.02242953380147616	0.9954000000635783	0.9146500000317891
1491	0.02200673227906227	0.9956	0.9142166666666667
1492	0.022273244188229242	0.9955666666666667	0.9133166666666667
1493	0.021729052120447158	0.9958666667302449	0.9140166666666667
1494	0.021541835993528366	0.9961166666984558	0.9161333333333334
1495	0.02199067434867223	0.9957333333333334	0.9142166666666667
1496	0.022167355545361835	0.9959	0.9129000000635783
1497	0.021628130483627318	0.9956166666666667	0.91545
1498	0.021891866238911945	0.9956666666984558	0.9143166667302449
1499	0.021965501815080644	0.9958166666984558	0.91405
