epoch	loss	acc	certified
0	5.318675645446778	0.00606	0.00606
1	5.216082294769287	0.01066	0.01066
2	5.089890420074463	0.017570000001192094	0.017570000001192094
3	4.898641000213623	0.03430000000238419	0.03430000000238419
4	4.760982946929932	0.046390000004768374	0.046390000004768374
5	4.63236955947876	0.062060000003576275	0.062060000003576275
6	4.551607196655273	0.071	0.071
7	4.485097123718262	0.0802399999988079	0.0802399999988079
8	4.42378043548584	0.08808999999761581	0.08808999999761581
9	4.369866695709229	0.09650000000476837	0.09650000000476837
10	4.317327876434327	0.10362999999523163	0.10362999999523163
11	4.266364585418701	0.11174000000715256	0.11174000000715256
12	4.21921001373291	0.11828000000476838	0.11828000000476838
13	4.180469488830567	0.12353	0.12353
14	4.144163276062011	0.13103999999523164	0.13103999999523164
15	4.110963824768066	0.1346	0.13459
16	4.0828990504455565	0.13936999999761582	0.13936999999761582
17	4.044293354492187	0.14764	0.14764
18	4.016433577804565	0.1515800000143051	0.15157000001430512
19	3.991769916229248	0.15607000000953675	0.15606000000953674
20	3.9692365000915526	0.15803000000953674	0.15801000000953674
21	3.9423035565948488	0.16268000000476837	0.16268000000476837
22	3.920747494812012	0.16533999999523163	0.16532999999523162
23	3.8949627116394043	0.16995	0.16992
24	3.8767881413269043	0.17404000000715256	0.17402000000715256
25	3.864147095336914	0.17774000001430512	0.17769000001430513
26	3.836397848739624	0.17993000000476836	0.17990000000476838
27	3.8246274350738525	0.18291999999523162	0.18285999999523161
28	3.8109721696472167	0.18546000000953675	0.18538000000953675
29	3.79621545211792	0.18979000001430513	0.18972
30	3.779165429916382	0.19069	0.19061
31	3.7688549938201903	0.19267000000476836	0.19260000000476837
32	3.7541243464660643	0.19493	0.19487
33	3.74011304725647	0.1967400000143051	0.1966300000143051
34	3.7223305877685546	0.19975	0.19967
35	3.718011720428467	0.20214	0.20193
36	3.700206042098999	0.20373000000476837	0.20346000000476838
37	3.6976508683013916	0.20541000000953674	0.20511000000953675
38	3.6823527850341797	0.20876	0.20853
39	3.672542016067505	0.2073500000190735	0.20714000001907348
40	3.666099367904663	0.20997	0.20971
41	3.6525709939575197	0.21341	0.21317
42	3.6433009503936766	0.21603000000476838	0.21576000000476836
43	3.6354580595397947	0.2164	0.21609
44	3.6289404247283934	0.2187500000143051	0.21840000001430512
45	3.6224310095214842	0.22017000001430512	0.21978000001430512
46	3.6164948164367674	0.21935999999523162	0.21877999999523162
47	3.6079987091064454	0.22140000000953675	0.22099000000953675
48	3.59361668800354	0.22496999999523162	0.22452999999523163
49	3.593256521987915	0.22571999999046324	0.22522999999046325
50	3.584918351211548	0.22799000000476838	0.22735000000476838
51	3.5803515531158445	0.22664000001430512	0.22584
52	3.569783888397217	0.23003000000953674	0.22904000000476837
53	3.5621249169158937	0.23153000000476837	0.23052000001430512
54	3.563440887069702	0.23155000000953674	0.23051000000953675
55	3.5552881021118163	0.23168000000476838	0.23072000000476836
56	3.549530797424316	0.23372999999046326	0.23244999999046326
57	3.542541949081421	0.23594000000953674	0.23453000000953675
58	3.534681965637207	0.23769000000953674	0.23628000000953675
59	3.532246362762451	0.23686000000953675	0.23544000000953674
60	3.526006237030029	0.23756000000476837	0.23583000000476836
61	3.5200018698883055	0.23979000002861023	0.23811000002861024
62	3.516921516494751	0.23909000002861022	0.23745000002861022
63	3.5078365672302247	0.24086000000953675	0.23881000000953675
64	3.504689059829712	0.24317000000476838	0.24107000000476836
65	3.501474292526245	0.24180999999046326	0.23960999999046326
66	3.4957686443328857	0.24286999999523162	0.24061999999523162
67	3.493015042266846	0.24341999999523162	0.24055999999523162
68	3.487600015335083	0.24678000002861022	0.24423000002861023
69	3.4820165225982667	0.24807999999046326	0.24513
70	3.473728684539795	0.24798000001430512	0.2449400000143051
71	3.4743975188446043	0.24751000001430512	0.2443600000143051
72	3.4701296506500245	0.24836000000953673	0.24498999999523163
73	3.466393622741699	0.2506999999952316	0.24723000000476839
74	3.463073958892822	0.25156000000953677	0.24764000000953673
75	3.4645603324127197	0.25106000000953677	0.24700999999523163
76	3.452153983078003	0.2515399999904633	0.24750000000953673
77	3.4530971858215334	0.2519100000095367	0.24734999999523163
78	3.44773009765625	0.25428000000476836	0.24967000001430512
79	3.4454063372802732	0.2533100000190735	0.2486100000190735
80	3.446034380493164	0.25370000000953674	0.24868000000953674
81	3.4388650997924803	0.25400000002861023	0.24864000002861023
82	3.435049881439209	0.25700000002861023	0.25145999999046326
83	3.427640463256836	0.2570800000143051	0.25130000001430514
84	3.4245031099700927	0.25831999999046323	0.25171999999046324
85	3.428036857223511	0.25723	0.25071
86	3.4240010443115234	0.25843	0.2516300000095367
87	3.418599283294678	0.2588	0.25135
88	3.4160194692230226	0.2588300000143051	0.2514000000143051
89	3.417088136291504	0.2609500000190735	0.25252000002861025
90	3.4148124882507322	0.26127000000953676	0.25254000000953675
91	3.4091976595306397	0.26302	0.25400000000953676
92	3.403292817993164	0.2623999999952316	0.2533600000047684
93	3.400616015396118	0.2638700000143051	0.2544300000143051
94	3.4032347399902343	0.26396000002861025	0.2540899999904633
95	3.397992955703735	0.2637500000286102	0.25317999999046326
96	3.3932035159301757	0.26538	0.25456000000953677
97	3.3919602001953124	0.26631000000953675	0.2551299999952316
98	3.3977229035949708	0.2659000000047684	0.2536700000143051
99	3.3857756147003175	0.26679000002861025	0.25398
100	3.375664273071289	0.26698999999523165	0.2543300000143051
101	3.3550596116638185	0.2676100000190735	0.2532000000286102
102	3.335991757965088	0.26855000002861024	0.25431000000953674
103	3.3182166578674317	0.2692900000190735	0.25470000000953674
104	3.297613269577026	0.2716	0.2555200000190735
105	3.283124298400879	0.26930999999523164	0.25333
106	3.260034985961914	0.27174	0.25455000000476835
107	3.239899324798584	0.2707200000095367	0.25330000000953673
108	3.221909159164429	0.27298000001907347	0.2543099999904633
109	3.203000865249634	0.2728900000095367	0.25366
110	3.185981794052124	0.27353999999046325	0.25337999999523164
111	3.1697950756072997	0.2736299999904633	0.2525400000190735
112	3.157450525817871	0.2751000000190735	0.25258
113	3.1354707542419433	0.27604000000476836	0.2525200000095367
114	3.111605990219116	0.2764900000095367	0.25251999999046326
115	3.0935520903015137	0.27815000002861023	0.2532600000143051
116	3.077356230926514	0.2783300000190735	0.25221
117	3.059450671005249	0.27897000000953676	0.2528700000143051
118	3.0446162101745604	0.27881000000953676	0.2507900000190735
119	3.0310250385284423	0.2794499999952316	0.2503600000047684
120	3.0130889337158204	0.2791	0.24960000000953675
121	2.994461171646118	0.28181000002861023	0.25031999999523163
122	2.9767969482421877	0.28131	0.24922000000953673
123	2.9602741300201414	0.2810700000286102	0.24724
124	2.9458565647888184	0.2832100000095367	0.24893000000953674
125	2.926792905502319	0.28258999999523166	0.24714000000476838
126	2.912656426086426	0.2841000000095367	0.24890000000476836
127	2.8976001405334473	0.28544	0.24849000000476837
128	2.8836179684448244	0.28388000002861025	0.2460000000190735
129	2.8652656924438475	0.28502000000476835	0.24440000000476836
130	2.852558040237427	0.28508	0.24463000000953675
131	2.8354723555755617	0.28676	0.24514999999046325
132	2.8211291623687744	0.28603000000953677	0.24332000002861023
133	2.8074376523590088	0.28723	0.24325
134	2.7926811335754396	0.28715	0.24113000001907348
135	2.778957455062866	0.28993	0.24291000000953675
136	2.761357537612915	0.28833000002861026	0.24179
137	2.7480618017578125	0.2896399999952316	0.24101999999523163
138	2.733317053604126	0.29039000000953674	0.23913999999523164
139	2.7153993729400634	0.28837000002861024	0.23829999999523163
140	2.7067613217926025	0.2909800000095367	0.23763000001907347
141	2.6907749353790282	0.2914999999904633	0.23664000000953675
142	2.6755925385284423	0.2917800000190735	0.23688000000953674
143	2.6645135511779787	0.29335999999046325	0.23558000000476836
144	2.6511971041870117	0.2927799999904633	0.23441999999046326
145	2.6426331790161135	0.2914400000286102	0.23242000000953675
146	2.625242183380127	0.2940300000095367	0.23217
147	2.6107566564178466	0.29364000002861024	0.2325900000143051
148	2.5951038585662842	0.29523	0.23061999999523164
149	2.5830512958526612	0.29565	0.23155000000476836
150	2.572144152755737	0.2960000000286102	0.22885000000953673
151	2.559393150482178	0.29512999999046324	0.22719
152	2.551684256515503	0.29636000002861024	0.22733
153	2.5344637125396727	0.2955900000190735	0.22597000000953674
154	2.5224208102416994	0.29439	0.22483000000953673
155	2.5124542601776123	0.29587	0.22262000001430512
156	2.5024374420166016	0.29707	0.22171999999523162
157	2.491448861541748	0.2977700000286102	0.22125000001430511
158	2.475684744796753	0.29881999999046327	0.22110000000953675
159	2.4640473809814454	0.29965000000953673	0.22176000001430513
160	2.4511300576782227	0.29980999999046326	0.22025999999046325
161	2.43931551071167	0.2978800000286102	0.21860000000953675
162	2.4296614738464357	0.2975800000095367	0.21534000000476838
163	2.4192744445800782	0.3008100000095367	0.21722999999523163
164	2.40398183052063	0.30002	0.21484
165	2.3905150496673584	0.30056999999046324	0.21402000000953675
166	2.383261285858154	0.2999000000143051	0.21277
167	2.373968844909668	0.30100000000953675	0.21113000000476836
168	2.3660837167358397	0.2997000000095367	0.21042
169	2.353384447784424	0.30036	0.20906000000476838
170	2.34046349861145	0.2990000000286102	0.20764
171	2.330689373245239	0.3008200000047684	0.20775000000476837
172	2.3248925415039063	0.3002300000286102	0.20432000001430511
173	2.3125931745910644	0.30208	0.2049000000143051
174	2.302575028076172	0.30261	0.20409
175	2.29326478515625	0.30192000002861025	0.20416000000476836
176	2.2824767894744875	0.3023900000190735	0.20188999999523163
177	2.273542370376587	0.3036400000190735	0.20136000000953674
178	2.2606696936035156	0.3035100000286102	0.20162000000476837
179	2.2523699964904784	0.30371999999523164	0.20013000001430511
180	2.241754514465332	0.30536000002861025	0.20004
181	2.234079983215332	0.3026900000095367	0.19575000001430512
182	2.221733941116333	0.3013300000286102	0.19554999999523162
183	2.211796513137817	0.3030399999952316	0.19539000001430512
184	2.2044861712646484	0.30469	0.19365999999523162
185	2.1960318152618408	0.3038499999952316	0.1923399999976158
186	2.1866069612884522	0.30540999999046325	0.19220999999523164
187	2.174649720001221	0.30578000001907346	0.19294999999523163
188	2.1697816595458983	0.3036400000190735	0.18900000001430511
189	2.157458417816162	0.3054700000095367	0.18828000000476838
190	2.149116923599243	0.30581000002861025	0.18762999999523164
191	2.1413083860778808	0.30446999999046326	0.18551000000476836
192	2.1327856034088133	0.30579000001907347	0.1855300000143051
193	2.12209692489624	0.30591999999046326	0.18487999999523164
194	2.118855612258911	0.30629000000953677	0.1828300000143051
195	2.1064372318267823	0.30624999999046326	0.18263
196	2.1007147483825683	0.30356999999046325	0.17947000000953675
197	2.088591583633423	0.3049900000286102	0.1790800000143051
198	2.0830656842041018	0.30502	0.17900000000476837
199	2.069670421218872	0.30493	0.17969000000476837
200	2.0645187697601317	0.3054900000286102	0.17877000000476836
201	2.05646744430542	0.30577	0.17591000000953674
202	2.051623084793091	0.3059	0.17441000000953674
203	2.040718558959961	0.3065499999904633	0.17546999999523163
204	2.030956241912842	0.30569	0.1748
205	2.0227634367370606	0.3055800000095367	0.17337000000476838
206	2.0149890142822264	0.30542000002861025	0.17176000000476838
207	2.009225977668762	0.3040600000286102	0.1700700000143051
208	2.001455943145752	0.30665000000953674	0.16977000000953674
209	1.9938462154388428	0.30357000002861023	0.16848000000953675
210	1.978764443283081	0.30363999999046326	0.16899000000476838
211	1.9784829931259156	0.30411000000953675	0.16744
212	1.9690195026397705	0.3055499999904633	0.16838
213	1.9607567348098756	0.30509000002861025	0.16694000001430512
214	1.953459035797119	0.3054900000190735	0.16605
215	1.9464436981201172	0.30546000000953677	0.16566000000238418
216	1.9394272370910643	0.30607000000953677	0.16464999999523164
217	1.9323640242004394	0.30323	0.16415000000953675
218	1.9258774841308595	0.30441000002861024	0.16179000000953675
219	1.9131818910217284	0.3045300000095367	0.163
220	1.9066716991424562	0.30456999999046325	0.16122999999523163
221	1.8994913780975342	0.30418000001907347	0.16051
222	1.8922814470672606	0.3045399999904633	0.15994
223	1.8835082958221436	0.30523000001907347	0.15957
224	1.8795053917312623	0.3054299999904633	0.1591000000143051
225	1.8723166742324828	0.3045900000190735	0.15869999999523163
226	1.863360082321167	0.30594000000953675	0.15903
227	1.857998309211731	0.3048100000190735	0.15848000001430512
228	1.8502193138885499	0.3035300000095367	0.1575500000143051
229	1.84225119140625	0.30418	0.15702999999761583
230	1.8347242919158935	0.3044800000190735	0.15579000000476836
231	1.8285692164993286	0.30426000002861026	0.15549
232	1.8204176257324218	0.3013799999904633	0.1534799999976158
233	1.8117884119415284	0.3023800000286102	0.15511000000476838
234	1.8037482022476197	0.30269	0.15414000000476838
235	1.7981413199996947	0.30349	0.15398000000953674
236	1.794017562828064	0.3048700000047684	0.15383000000715255
237	1.7854361936950685	0.3033200000190735	0.15296999999523161
238	1.777577506752014	0.30396999999046326	0.15238999999523162
239	1.7689729959487914	0.3012800000286102	0.15126999999523164
240	1.7652118450164795	0.30398000000953673	0.15173000000476838
241	1.7557766953659057	0.3013100000095367	0.1503100000143051
242	1.74901606716156	0.3022200000286102	0.1488500000023842
243	1.743861228981018	0.30240999999046325	0.14936000000476837
244	1.7385016461181642	0.3038500000190735	0.14919999999523162
245	1.7288593481063843	0.3014300000190735	0.14988000001430513
246	1.7198216228485108	0.30012000000953676	0.14893000000476836
247	1.714365319480896	0.3029800000190735	0.15062000000476838
248	1.7064640464401246	0.30267000001907346	0.14861000000476837
249	1.6981231903076173	0.3007300000286102	0.14745000000953673
250	1.6971141090011597	0.30291000002861024	0.1475399999976158
251	1.6899635432052613	0.30211999999046324	0.14758000000953675
252	1.682390812072754	0.30096999999046326	0.14719000000715254
253	1.6747607775878905	0.30177000000953674	0.14632000001430512
254	1.6654748044204712	0.2994900000286102	0.14606999999523163
255	1.659286981201172	0.29993000002861026	0.1465300000143051
256	1.6543126145553588	0.3001400000095367	0.1458499999976158
257	1.6471869617080688	0.2996800000286102	0.14646000001430512
258	1.642601286277771	0.30131000002861025	0.14610000001430512
259	1.6345805953598023	0.30062999999046325	0.14505999999523164
260	1.6284731232452392	0.2998600000095367	0.14557
261	1.6190163539123534	0.29903000002861024	0.14461000000476837
262	1.6149688789749146	0.29983000000953675	0.14514000000476837
263	1.6094372596359252	0.2992	0.14425
264	1.5999670943450928	0.29765	0.14403
265	1.5928692601394654	0.29809	0.14354
266	1.5900781852340697	0.30018000000953676	0.1445500000023842
267	1.5851695714569092	0.30007000001907347	0.14359999999523163
268	1.5800231678771972	0.30016000000953674	0.14313000000476836
269	1.5723090740203858	0.30068000001907347	0.14242999999523162
270	1.5660495429611205	0.29827999999046323	0.1430499999976158
271	1.5579281346130371	0.29659000002861025	0.14233
272	1.551919631881714	0.29846000000953676	0.14271000001430512
273	1.5466714086151123	0.2971000000190735	0.1417000000143051
274	1.5411082660675048	0.29794	0.14065
275	1.5310221235656738	0.29667999999046324	0.14292999999761583
276	1.5274544607543945	0.29802000002861023	0.14191000000953674
277	1.5197413514328002	0.29517	0.14103000000476837
278	1.5161766426086425	0.2979800000095367	0.14155000000715257
279	1.5103129342651367	0.29679	0.1415300000143051
280	1.503971166267395	0.29703999999046327	0.14155
281	1.4988368994903565	0.29565	0.14087
282	1.4932520109939575	0.29787000000953673	0.14161000000476837
283	1.4890639779281616	0.2973899999904633	0.13924000000953674
284	1.4792430695724488	0.2976200000286102	0.14152000000476836
285	1.472807931175232	0.29698000002861025	0.14044000000715257
286	1.4682063724899292	0.2964600000286102	0.14066
287	1.4597972591400146	0.29387	0.13988000001430512
288	1.457832366142273	0.29533000000953674	0.13847000001430512
289	1.4524959010696412	0.29627	0.13936000001430512
290	1.4453171730804444	0.29510000000953673	0.13936
291	1.439211479911804	0.29571000000953673	0.13983000001430512
292	1.4323508543777466	0.29502000002861023	0.13895000000476837
293	1.4299412786865235	0.29557	0.13899999999523163
294	1.4217792710876465	0.29469999999046326	0.13966000000715256
295	1.4168939616775513	0.29448000002861024	0.13922000000476836
296	1.41106224029541	0.2947900000286102	0.13958000000715257
297	1.4060663690567017	0.29559000002861024	0.13957000000476838
298	1.4013263974761963	0.2941700000286102	0.1386200000023842
299	1.396499970741272	0.2948100000095367	0.13877999999523163
300	1.3885156063842774	0.2932200000190735	0.13927000000953674
301	1.379622096710205	0.29119000002861023	0.13913000000953674
302	1.3766758772659302	0.29353	0.13944000000715256
303	1.368951831893921	0.29217	0.13956999999523162
304	1.365678086128235	0.29315	0.13906000000715255
305	1.3608915325927735	0.29324999999046325	0.13966000000476836
306	1.3545348408126832	0.2912	0.1381599999976158
307	1.3503112379455566	0.2918700000190735	0.1388
308	1.3464729527664185	0.2915300000190735	0.13774000001430511
309	1.3406059693908692	0.29132000000953673	0.13740000000953675
310	1.33310217918396	0.28913	0.13784999999761582
311	1.329628462638855	0.29066000001430514	0.13803000000476837
312	1.32401013961792	0.29180999999046325	0.13834000000715255
313	1.3164625117874145	0.29073	0.13946999999523163
314	1.3130919622802735	0.2910299999952316	0.13809000000476837
315	1.307493233680725	0.29141999999046325	0.13716000000476838
316	1.3049083518981934	0.29191000002861023	0.1379
317	1.2996433455657959	0.2919900000190735	0.13727
318	1.293780589981079	0.29148000002861024	0.13769000001430512
319	1.2854930387878418	0.28989	0.1376500000023842
320	1.2820612938308715	0.2907900000286102	0.13827
321	1.2777209439468384	0.2907000000190735	0.13725
322	1.2719599533843995	0.29003999999046326	0.13783000000476836
323	1.2661518452835083	0.2887200000190735	0.13802000000953674
324	1.2601630907440184	0.28937	0.13905000000715256
325	1.2554247666931153	0.28893	0.13825000001430512
326	1.251282003173828	0.28908000002861023	0.13822000000476836
327	1.245115428466797	0.2873199999952316	0.1370299999976158
328	1.24034208568573	0.2879000000190735	0.13859999999761582
329	1.2372611064910888	0.28933999999523163	0.13755
330	1.2317591638565064	0.28929000000953675	0.13858000000476836
331	1.2261434009170533	0.28822000002861026	0.13830000000953674
332	1.2215531316375732	0.28799000002861025	0.13832
333	1.2179632523345947	0.28859	0.13834999999761582
334	1.212699860420227	0.2879300000190735	0.13736000001430512
335	1.2050839512252807	0.28642000000953677	0.13833000001430512
336	1.2036213690567017	0.2883400000143051	0.13903000000476837
337	1.1987010108184815	0.28774000001907346	0.13791000001430512
338	1.1939857390975952	0.28736999999046325	0.13904000000476838
339	1.18942602519989	0.28753000000953677	0.13768
340	1.1820201236343384	0.28570999999046326	0.13849000000953673
341	1.180849603919983	0.2867	0.13799000000953673
342	1.1739600259399414	0.28729999999046324	0.13986999999761582
343	1.1673393991088867	0.2849600000190735	0.13839999999761582
344	1.164579139137268	0.28599999999046327	0.13775000000715257
345	1.1625356742858888	0.2878300000190735	0.13809000000476837
346	1.1558420072555542	0.28575000000953676	0.1388599999976158
347	1.1511052917098998	0.28690999999046324	0.1382600000143051
348	1.146883653717041	0.2850100000190735	0.13859999999761582
349	1.1415044398498535	0.28503000001907347	0.13829000000715255
350	1.1375472176361083	0.28486000000953676	0.1374800000143051
351	1.1318314360427857	0.2848100000190735	0.1385
352	1.1278945597076415	0.28509000000476836	0.1392699999976158
353	1.1240529629516602	0.28502999999046325	0.13846
354	1.1183048295974731	0.2847300000286102	0.13872999999523164
355	1.115434969367981	0.2848300000190735	0.13764999999761582
356	1.111054813308716	0.28484	0.13726
357	1.1065061179733275	0.2841900000286102	0.13882000000715256
358	1.1022143298339844	0.2831600000095367	0.13681000000715254
359	1.0967981322097777	0.2849300000190735	0.13814000000476837
360	1.0917099907302856	0.2823200000190735	0.13855000000476836
361	1.0868902170181274	0.28403000000476836	0.13896000000715256
362	1.0848545502471925	0.28384000000953674	0.13850999999523164
363	1.0813940810012816	0.28345	0.13842000000476837
364	1.075513468399048	0.28292	0.13842000001430513
365	1.0719715647888184	0.28383	0.13875000001430512
366	1.065926999206543	0.28258999999046325	0.13881
367	1.0622239448928834	0.2815699999904633	0.13953999999761582
368	1.0591300508499146	0.28196	0.1391200000023842
369	1.0544456312561035	0.2824399999952316	0.1392199999976158
370	1.0507345684051514	0.2816700000143051	0.13736000001430512
371	1.043149755935669	0.28088000002861024	0.14039
372	1.041240897102356	0.28199999999046327	0.14074
373	1.0383546322250365	0.2814800000190735	0.13856999999523162
374	1.0338530062294007	0.2826500000143051	0.13924000000476838
375	1.0303405391693115	0.2826000000095367	0.13972999999523164
376	1.026176974220276	0.2815100000143051	0.13809000000476837
377	1.020680750694275	0.28108	0.1388400000023842
378	1.0174768927764892	0.28133	0.13904000000953673
379	1.0157182028961182	0.28191000001907346	0.13962999999523162
380	1.0090866543579102	0.27976	0.1397500000023842
381	1.003819829978943	0.28032	0.14020000000476837
382	0.9997167193794251	0.2797100000095367	0.13978000001430513
383	0.996643142490387	0.27997000000953676	0.14008000000715257
384	0.9950801222229004	0.28156999999523163	0.13986999999761582
385	0.9900931881713867	0.28134000000953674	0.1399
386	0.9839526670074463	0.27883	0.13977000000476836
387	0.9835858338356018	0.2812900000190735	0.13906000000953675
388	0.9783157828330994	0.2796	0.13907000000476838
389	0.9733088122177124	0.2782200000095367	0.13875000000953674
390	0.9705197521018982	0.27948	0.13976000000476838
391	0.9668731121444702	0.27985000000953675	0.1400900000143051
392	0.9605448328018188	0.27803999999046325	0.14077000000476836
393	0.9576565518951417	0.27774	0.1400299999976158
394	0.9547457640075684	0.2794599999904633	0.13921999999523163
395	0.9527546227455139	0.27939	0.13991999999523164
396	0.9471569663619995	0.27747	0.13980000000715256
397	0.9447896635437012	0.2793499999904633	0.13960000001430511
398	0.9407072016143799	0.2792199999952316	0.14084000000476837
399	0.9378006889343262	0.2797300000143051	0.1402
400	0.9339732298660278	0.27795000000953674	0.14065000000953673
401	0.9270886288070679	0.27751999999523164	0.14144000000476836
402	0.9265550875091553	0.2795100000286102	0.14046000001430511
403	0.9226429089355469	0.27731	0.14020000000953675
404	0.9167518322753906	0.2759100000190735	0.14014000001430513
405	0.9146874411773681	0.27605999999046327	0.14082000000476838
406	0.9118852910995483	0.27746999999046323	0.14071000001430511
407	0.908843183555603	0.2775500000095367	0.1406699999976158
408	0.9014337115859985	0.27625000000953676	0.1409699999976158
409	0.9002181839752197	0.2770800000286102	0.14189000000476837
410	0.8971380236053467	0.2773000000047684	0.1414200000023842
411	0.8948930896568298	0.2773900000190735	0.14068
412	0.8913911377906799	0.2768500000047684	0.1401599999976158
413	0.886739825000763	0.27725	0.14241000000476836
414	0.8845013078308106	0.27706000002861025	0.14153
415	0.8816164925003052	0.2766600000095367	0.14027
416	0.8752660383415222	0.2754600000190735	0.1409200000143051
417	0.8728006772232055	0.27679	0.14239000000476837
418	0.8702635387039185	0.2768000000190735	0.14177000001430512
419	0.8667587271308899	0.27726000001907347	0.14275000000953675
420	0.8602087784957886	0.2743900000190735	0.14175
421	0.858189552192688	0.27443999999046326	0.14125
422	0.8553113307571412	0.27510999999046326	0.14161999999523162
423	0.8557269680404663	0.2763000000286102	0.14158000000476836
424	0.8493572067642212	0.27474000000953674	0.14056000000953675
425	0.8472656115531921	0.2748500000047684	0.14144000000953674
426	0.8436974535751343	0.27448	0.14150000001430513
427	0.8398289044189453	0.2743200000190735	0.14241000001430512
428	0.8364165497779846	0.27434999999523163	0.14201999999523163
429	0.8318442754364014	0.27393	0.14250999999523162
430	0.8301009561347962	0.27447999999046324	0.14242
431	0.8285700554084778	0.2754400000190735	0.14234
432	0.8271579674148559	0.27669	0.14275
433	0.820830202331543	0.2743900000047684	0.14260000000238418
434	0.8180375318145752	0.27436000000476835	0.14232000000715256
435	0.815231625366211	0.2742100000190735	0.14210999999523163
436	0.8107695224952698	0.2732700000190735	0.14307
437	0.8081612390327454	0.27400999999046327	0.14268999999523163
438	0.8092829011726379	0.27517000002861025	0.14222000001430513
439	0.8023937973022461	0.2732400000286102	0.14232000000953673
440	0.8031435749053956	0.27426000000476836	0.14166000000476836
441	0.7966957417488099	0.2748500000286102	0.14398
442	0.7961416784286499	0.27392000000953676	0.1412200000023842
443	0.7911648480606079	0.27414999999523165	0.14308
444	0.7884291025543213	0.27430000000953675	0.14322
445	0.7859354794311524	0.27401000000953674	0.14357
446	0.7802664278793335	0.2730199999904633	0.14436000000953675
447	0.7800798233032227	0.27306	0.1420100000143051
448	0.7769417551803589	0.27315	0.14220000000476837
449	0.7721198209381104	0.27241	0.14375999999523162
450	0.7722071776390076	0.27340000002861026	0.14280000000715257
451	0.7667523924636841	0.2714600000190735	0.14316000000953674
452	0.7632586964797974	0.27235	0.14421000001430512
453	0.7617125860977173	0.2729100000190735	0.14426999999523163
454	0.7605924391746521	0.27415	0.14417000000953675
455	0.7545879386329651	0.2717400000143051	0.14381999999761583
456	0.7535866166687012	0.2720700000286102	0.14457999999523163
457	0.7504744425773621	0.2722900000047684	0.14305000000476836
458	0.7491038658905029	0.27262000000953673	0.14328999999761582
459	0.7457426243209839	0.2723700000286102	0.14295000000476837
460	0.743788481426239	0.27305999999046326	0.14360000000476836
461	0.7381363881492615	0.2701799999952316	0.14311000000715254
462	0.7390350988197326	0.27351	0.14375000000476837
463	0.7345323274612426	0.27238999999046326	0.14448999999523163
464	0.7321704126167298	0.2718499999904633	0.14487
465	0.7292723355865478	0.27109	0.14343
466	0.7273448236656189	0.27156	0.14351
467	0.7263541381645202	0.27327	0.14423000000476838
468	0.7196704644012452	0.27084000000953673	0.1437099999976158
469	0.7188619058418274	0.2714600000190735	0.14545000000476838
470	0.7156357723236084	0.27231	0.1452
471	0.7137728303527832	0.27212	0.14377
472	0.7129468788909912	0.27216000002861024	0.14398
473	0.7068088677024841	0.27090000002861025	0.14640000001430512
474	0.7075354879760742	0.27216	0.1445600000023842
475	0.7017650316429138	0.27060000002861023	0.14534000000953673
476	0.6984050966835021	0.2694200000190735	0.1448100000143051
477	0.6981904059791565	0.2704999999952316	0.14464
478	0.6951807795333862	0.2708900000095367	0.14548000000953673
479	0.6940833940315246	0.27104999999046325	0.1450699999976158
480	0.6896193864822387	0.27108000000953675	0.14656000000476838
481	0.6866292836761475	0.2709100000286102	0.14587000000953673
482	0.6844078857231141	0.26976	0.1461799999976158
483	0.6821852883529663	0.27041000000953674	0.14552000000953674
484	0.6800805904769898	0.27094	0.14542000000953675
485	0.677813701248169	0.27023000000953673	0.14515
486	0.6763823146057129	0.27034	0.14478000000476837
487	0.6720270507621765	0.26921000000953677	0.14571000000953674
488	0.670415104637146	0.26985	0.14459000000715255
489	0.6672867314910889	0.2698000000190735	0.14635000000476836
490	0.6663630031013489	0.27053	0.14594
491	0.6631061165428161	0.26949	0.1461899999976158
492	0.6617522882461548	0.2704400000143051	0.14555000000715257
493	0.6599632511520386	0.27053000000953675	0.1456099999976158
494	0.6560401756477356	0.26997000000953675	0.14657999999523164
495	0.6537994156265259	0.2697899999952316	0.1462699999976158
496	0.6520354517364502	0.2693599999904633	0.1466
497	0.6519751477813721	0.2709899999952316	0.14522999999761582
498	0.6473037440490723	0.26933	0.14576999999523163
499	0.644952434425354	0.26898999999523165	0.14472
500	0.6431663965034485	0.2694100000143051	0.1453100000143051
501	0.6406896236228943	0.2704000000047684	0.14639000000715255
502	0.637504817237854	0.2693900000095367	0.14723
503	0.6376951185035705	0.2706899999904633	0.14681000000953676
504	0.6319070896530151	0.26862000000953673	0.14753000000476837
505	0.6292534796524047	0.26970000001907346	0.14893
506	0.6286545949363709	0.27021000000476836	0.14843
507	0.6249173178100585	0.26928000002861024	0.14893
508	0.6226645303916931	0.26954000000953676	0.14927000000953675
509	0.6202563555908203	0.26939999999046327	0.14915000001430512
510	0.6200630396842957	0.27025999999046324	0.14846000000953674
511	0.6143346129989624	0.2695199999904633	0.15086999999523162
512	0.6135588054275513	0.26937999999046325	0.14878999999523163
513	0.6114748598098755	0.2699600000143051	0.1501
514	0.6093262654876709	0.2700700000286102	0.15017
515	0.6069307564163208	0.2703900000095367	0.15141000000476837
516	0.6054298387527466	0.2700500000095367	0.14963000000953675
517	0.604045837097168	0.27029000000953673	0.15001000000953674
518	0.5985008786201477	0.26846000002861026	0.15144
519	0.5984487358283996	0.2700199999904633	0.15099000001430513
520	0.5936912735748291	0.2687500000286102	0.15196000000953674
521	0.5911510085678101	0.2683899999952316	0.15109000000476838
522	0.5913589225196838	0.27089000001430513	0.15249999999761582
523	0.5894107007408143	0.2709500000190735	0.15202999999523162
524	0.5871961282920838	0.26995000000953673	0.15194
525	0.5864483021163941	0.27063	0.15191000000476837
526	0.581019505443573	0.26888999999046326	0.15165000001430512
527	0.5810667922401428	0.2699700000286102	0.15292
528	0.5775148884010315	0.2703100000286102	0.15369000000476837
529	0.5753221067810058	0.27037	0.15368000000476836
530	0.5741845764160156	0.2707700000095367	0.15377999999523162
531	0.5739227172851562	0.27181	0.1541499999976158
532	0.5679677010726929	0.26967	0.15506000000476838
533	0.5658465324401856	0.26884000000953673	0.1542
534	0.5661639138221741	0.2708	0.15431000000476838
535	0.5614729541015625	0.26944	0.15535999999523162
536	0.5590519058418274	0.26888999999046326	0.15531
537	0.5602090497207641	0.27135000000953674	0.1564
538	0.5546492169952393	0.26884	0.15609000000238418
539	0.5544202141189575	0.26978000002861025	0.15626000000476836
540	0.5540613399887085	0.27163000000953674	0.15681000000476839
541	0.5508338884735108	0.2701300000190735	0.15666
542	0.5488067678642273	0.27058	0.15704
543	0.5468133588790893	0.2695500000190735	0.1565800000143051
544	0.5442576849365235	0.27098000000953676	0.15822000000476838
545	0.5435550650978088	0.27079	0.15738000000953675
546	0.5395448487472534	0.26918	0.15721000000476837
547	0.539762797203064	0.27153	0.15885000000476837
548	0.5356147988700867	0.2710300000286102	0.15927
549	0.5346223013401031	0.2708400000190735	0.15942000001430512
550	0.5332713626289368	0.2709600000286102	0.15830999999523163
551	0.5323893521690368	0.27181999999523165	0.1590899999976158
552	0.5300763794136047	0.27156000002861025	0.1589900000143051
553	0.527269173526764	0.2704400000095367	0.15840999999523162
554	0.5246900508117676	0.2707699999952316	0.15985000000953675
555	0.5243430062675476	0.27138000002861024	0.1601000000143051
556	0.5226085479927063	0.2721800000047684	0.16032
557	0.5202796160507203	0.2708900000190735	0.1597400000143051
558	0.5181189478874206	0.2716800000190735	0.16085999999523162
559	0.5153818650627137	0.2704700000190735	0.16062000000953675
560	0.5134424461746215	0.2707699999952316	0.16151000000476837
561	0.5130646643638611	0.27186999999523165	0.16134999999523164
562	0.5104254885673523	0.27152	0.16234999999761582
563	0.5076228077030182	0.2711700000095367	0.16224000000476838
564	0.5070266027641296	0.27203	0.16342000000715257
565	0.5046817795181274	0.27139999999046327	0.16246000000476837
566	0.5011927467155457	0.26995000000953673	0.16238
567	0.5025411887359619	0.2726800000286102	0.16366
568	0.49892117589950563	0.2711100000095367	0.16276000001430513
569	0.49767818632125854	0.2715800000190735	0.16421000000715255
570	0.49599561265945435	0.27126000000953676	0.16318
571	0.4954502725028992	0.27158000000953675	0.16364000001430512
572	0.49305787528038025	0.27190999999523163	0.16417000001430512
573	0.4924489438724518	0.27208000000953675	0.1633
574	0.48846088772773744	0.2714400000095367	0.1642
575	0.4898572358131409	0.27336	0.16362
576	0.4856063116264343	0.2716899999904633	0.16539999999523164
577	0.485173761177063	0.27235999999523164	0.1653
578	0.48533656036376954	0.2742300000190735	0.16617000001430512
579	0.480254166097641	0.27190000000953674	0.16581000001430513
580	0.48053219110488893	0.2728500000286102	0.16546000000953676
581	0.47890798238754273	0.27241000000953675	0.16533000001430512
582	0.476845791683197	0.27307000000953674	0.16603000000476836
583	0.47419962228775026	0.27230000000953675	0.16628
584	0.4734079531288147	0.27271999999046326	0.16645
585	0.47092175495147703	0.27248999999046325	0.16724999999523163
586	0.46819454454422	0.27128999999046327	0.16736000000476836
587	0.46922555079460143	0.27385000000953674	0.16764000001430512
588	0.46776305872917173	0.27431000001907346	0.16772999999523164
589	0.46644058784484865	0.2739500000190735	0.1674300000143051
590	0.46447248315811157	0.27296	0.1677
591	0.460911533536911	0.2726900000143051	0.1688400000143051
592	0.45805559003829954	0.2711900000190735	0.16816000000476838
593	0.46143867825508117	0.2750200000190735	0.16854999999523163
594	0.45795060910224916	0.27362999999523163	0.1694800000143051
595	0.45729509620666503	0.27364000000953675	0.16790999999523162
596	0.4556902176570892	0.27370000000953676	0.16871000000476838
597	0.45371521980285645	0.27355000002861024	0.16919000000476836
598	0.451703894701004	0.2732800000190735	0.16948000000953675
599	0.45273544768333435	0.2753300000190735	0.16988000001430512
600	0.4523160761833191	0.27539	0.17008000001430512
601	0.4474800863647461	0.2742500000286102	0.17016
602	0.4471826224040985	0.27494000001430513	0.17061000001430512
603	0.44578035183906556	0.27487000000953676	0.16987
604	0.44307761976242066	0.27471999999046326	0.17206999999523162
605	0.44274749801635743	0.27501000000953674	0.17187999999523162
606	0.4411559181404114	0.27587000000953676	0.1725900000143051
607	0.4391303430366516	0.27433000000476837	0.17142000000476837
608	0.4380466732597351	0.27523	0.17208000000715257
609	0.4380104846382141	0.27505000002861024	0.17183000000476836
610	0.434351253900528	0.27504000000953677	0.17247000000476836
611	0.43417784252166747	0.27520999999046325	0.17210000001430512
612	0.4317301790142059	0.27461999999046327	0.17238
613	0.43146853996276857	0.27587999999046325	0.17394999999761582
614	0.4315929079246521	0.2771900000190735	0.17406000000953675
615	0.42967019441604615	0.2757700000190735	0.17217000000476837
616	0.428018361415863	0.27629000000953674	0.17424000000953674
617	0.4246376584815979	0.2749500000190735	0.17413
618	0.4256111500167847	0.2777100000190735	0.17544000001430513
619	0.4236138781833649	0.27627000000476837	0.17457000000953674
620	0.42114026498794555	0.27582	0.17458
621	0.4201770812797546	0.2755500000190735	0.17474000000953674
622	0.42000414505004885	0.27686999999046324	0.17484000000953676
623	0.4180692848777771	0.2764600000286102	0.17502
624	0.4175030236339569	0.2765	0.17462999999523163
625	0.41734940240859986	0.2774200000286102	0.17513999999523164
626	0.41644721687316893	0.27740000000953674	0.17513000001430512
627	0.41364230867385865	0.27663000000953675	0.17563000000476836
628	0.41200837278366087	0.27691999999046324	0.17650999999523162
629	0.4111679723739624	0.27673000000953674	0.17459999999523163
630	0.41036348497390746	0.2774400000095367	0.17646
631	0.40904973181724547	0.27776000000953677	0.1763600000143051
632	0.40601597579956056	0.27657999999046323	0.17680000001430513
633	0.4065853833961487	0.27798000002861023	0.17641
634	0.40394577230453493	0.27765	0.17748000000953673
635	0.4001705673503876	0.27589	0.17879000001430512
636	0.4014444313621521	0.2766600000190735	0.17707999999523164
637	0.40178748450279234	0.2786799999904633	0.17763000001430512
638	0.3986263652038574	0.27724000000953675	0.1780300000143051
639	0.3971908209991455	0.2770500000190735	0.17838000001430512
640	0.3969605389022827	0.2772100000095367	0.1781700000143051
641	0.39476237877845766	0.2770199999904633	0.17911000000953675
642	0.39210401803970335	0.27693999999046326	0.17984000000476838
643	0.39274317825317384	0.27739	0.17887000000953673
644	0.3911754351711273	0.2779300000143051	0.18063999999761582
645	0.3915871010303497	0.2781300000190735	0.17910000000476836
646	0.390212798538208	0.2784100000190735	0.17969
647	0.38807043776512146	0.27911000000953673	0.18099000000953674
648	0.38768076502799986	0.2788500000190735	0.18008000000476837
649	0.386013304271698	0.27799	0.17958000000476837
650	0.3857563752937317	0.2789400000095367	0.18066
651	0.3844461603164673	0.2791900000286102	0.18107000000476836
652	0.38315474791526793	0.27882	0.1807000000143051
653	0.38271713621139525	0.27964000000953676	0.18178000000476838
654	0.37944978267669677	0.2783800000190735	0.18158999999523162
655	0.38018516748428344	0.27954999999046326	0.18153999999523163
656	0.3791704676914215	0.27899	0.18079000001430512
657	0.3773030150604248	0.2788	0.18122999999523162
658	0.3777305046272278	0.28051999999046323	0.18265
659	0.37641336780548096	0.28052000000953675	0.18294000000953675
660	0.3752033923530579	0.2802	0.18352000000953675
661	0.37236334908485413	0.27997000000953676	0.18454
662	0.37090491622924804	0.27968	0.18349000000953675
663	0.37126000257492064	0.28038999999046327	0.18321000000476836
664	0.3691165716743469	0.27988999999046327	0.18389999999523163
665	0.36922443244934083	0.28056	0.18392000000953673
666	0.36737494185447694	0.28003999999046325	0.18461
667	0.3657340078353882	0.27913000000953675	0.18385000001430513
668	0.36409673572540285	0.27913000000953675	0.18456999999523163
669	0.3653569893836975	0.2809000000143051	0.18373000001430512
670	0.3640841941642761	0.28055	0.18404999999523164
671	0.3621060626792908	0.28077	0.1853300000143051
672	0.36130759615898134	0.2814800000190735	0.18624000000476837
673	0.36154983342170716	0.28164999999046325	0.18595999999523163
674	0.36045415868759156	0.28161000000953673	0.18538000000476837
675	0.35721122455596926	0.2804599999904633	0.18581
676	0.3568847808265686	0.28156000000953674	0.18742000000953674
677	0.35530606031417844	0.27983	0.18520999999523163
678	0.35737990936279296	0.28251	0.18662000000476836
679	0.3558532242774963	0.2825600000190735	0.18647
680	0.351503300113678	0.27954999999046326	0.18591000000953675
681	0.3506404137802124	0.28083	0.18734999999523164
682	0.35064546493530274	0.2811500000095367	0.18679999999523164
683	0.350852861289978	0.2811199999904633	0.18687000001907347
684	0.3488623728275299	0.28097	0.18763000000953675
685	0.3473430071830749	0.2818399999904633	0.18788999999523162
686	0.346079557762146	0.28092999999046325	0.18826
687	0.3444997356414795	0.2801500000190735	0.18857999999523162
688	0.34556853364944456	0.28138000002861024	0.18787999999523164
689	0.34383637424468994	0.28121000002861024	0.18864000000476838
690	0.3452211546611786	0.28314	0.18926999999523164
691	0.3437328889846802	0.28256000000953674	0.18804
692	0.341993280544281	0.28245	0.18884
693	0.34051434469223024	0.28200000000953673	0.18926000000953674
694	0.340418441028595	0.2822400000286102	0.18827000000953675
695	0.33935088935852054	0.28322000001430514	0.19057
696	0.33903932305336	0.2832200000190735	0.18956000000476836
697	0.3362858682060242	0.28203000000953676	0.19001
698	0.336969356136322	0.28335999999046324	0.19042000001430512
699	0.3355317048454285	0.2833400000286102	0.19109000001430512
700	0.3328024049568176	0.28169	0.1903200000023842
701	0.33346117490768434	0.2836200000286102	0.19199999999523162
702	0.3315657644367218	0.28245999999523164	0.19126000000953675
703	0.33145153717041015	0.28350000002861026	0.19161000000953674
704	0.33144590295791626	0.28332	0.19096999999523162
705	0.33088690813064575	0.28448999999046326	0.19280000000953673
706	0.32950735679626464	0.2844	0.19292999999523164
707	0.3296745757293701	0.2846999999952316	0.1930400000143051
708	0.3283241285133362	0.2845600000190735	0.1926900000143051
709	0.328275084104538	0.2844100000286102	0.19199000000476837
710	0.32695007040023805	0.28507000000953675	0.19379000000476837
711	0.32535140538215634	0.2847900000286102	0.19274
712	0.32314809247016907	0.28406	0.19342
713	0.3222374106216431	0.28377999999046327	0.19375000000476836
714	0.3240245611763001	0.28577000000953673	0.19333999999523163
715	0.3211087110710144	0.28349999999046327	0.1932900000143051
716	0.3203989456558228	0.2844600000286102	0.19468
717	0.31963291410446165	0.28465999999046326	0.19524000000953673
718	0.3195881564044952	0.28560000002861025	0.19617000001430512
719	0.32086717637062073	0.2862300000047684	0.1943
720	0.3193479223060608	0.28517000000953674	0.19412000001430513
721	0.31734431917190553	0.2855500000190735	0.19489000000953674
722	0.3151298381233215	0.28453000002861023	0.19569999999523163
723	0.31589572845458985	0.28649999999046327	0.19627
724	0.31358673555374145	0.28583000002861025	0.19687000000953675
725	0.31374634306907656	0.28575	0.19637000000476837
726	0.3124754195594788	0.28559000002861024	0.19609
727	0.3119518710327148	0.28576999999046326	0.19705000000953674
728	0.3108545002937317	0.28613000000953676	0.19751000000476837
729	0.3099516354370117	0.28592000002861023	0.19775000000476836
730	0.3110986961364746	0.2868400000286102	0.19744
731	0.3083576648712158	0.28613000000953676	0.19785999999523163
732	0.3079545467185974	0.2860600000190735	0.19715000000953675
733	0.3089026059150696	0.28744000002861025	0.19777
734	0.30518287961006163	0.28513999999523165	0.19777
735	0.3039921748638153	0.28526000000476837	0.19847000000715256
736	0.3054268694496155	0.28663000001907346	0.1979600000143051
737	0.3052361490535736	0.28816000002861025	0.19916000000953674
738	0.3050921250152588	0.28825000000953677	0.19895
739	0.3042927645683289	0.2882100000095367	0.19919
740	0.303239095993042	0.2880600000286102	0.2001000000143051
741	0.30215752017974856	0.28810000001430514	0.19991000001430512
742	0.30111915893554686	0.2875100000143051	0.19980000000953674
743	0.3007546681118011	0.28827000002861025	0.20024000000476838
744	0.29823762548446653	0.2869400000190735	0.19950000000953674
745	0.29861295255661013	0.28763000000953676	0.19944000001430512
746	0.29834115993499755	0.2880500000190735	0.20010999999523163
747	0.29682593173980715	0.2880100000143051	0.20066000001430512
748	0.2972992555713654	0.2883200000095367	0.20108
749	0.29580019706726074	0.28797000001907347	0.2010600000143051
750	0.295251788854599	0.2887000000095367	0.20240000000476838
751	0.2950496623802185	0.28858000001907347	0.2009600000143051
752	0.2932651947593689	0.2881599999952316	0.20154000000953673
753	0.29398702610969546	0.28897	0.20141000000953674
754	0.29129921937942505	0.2884900000190735	0.20284000000476837
755	0.29175266290664675	0.28861000000953674	0.20171000000953673
756	0.2907493028450012	0.28953	0.20361000000476837
757	0.2899047083377838	0.2886	0.20211999999523164
758	0.29033687948226927	0.2897599999952316	0.20293999999523163
759	0.29023205276489256	0.2901	0.20232000000953673
760	0.28721500782966614	0.28903	0.20379000000476838
761	0.28723552280426023	0.28918000000953675	0.20352000000953674
762	0.2870329672431946	0.28968	0.20354999999523163
763	0.28521258808135985	0.28898000002861024	0.20343000000953673
764	0.2830240499305725	0.28847000000953676	0.20481999999046327
765	0.28443746479034426	0.2884800000143051	0.20298999999523162
766	0.28422607504844666	0.28941999999046325	0.20462000000476838
767	0.2866560401439667	0.2920200000286102	0.20436999999523162
768	0.2833661849975586	0.29027000002861025	0.20434
769	0.2820934184551239	0.28975	0.20409000000953675
770	0.28340711820602416	0.29099000002861025	0.20438
771	0.28196150670051573	0.2911099999952316	0.20508999999523164
772	0.27911369822502136	0.28951	0.20571999999046325
773	0.27947333760261533	0.29072000000953674	0.20628000000476837
774	0.2813593084144592	0.29111000000953674	0.2055100000143051
775	0.2783020677280426	0.29097	0.20662000000953673
776	0.2767577184343338	0.2904399999952316	0.20674
777	0.27719947040557863	0.2910600000286102	0.20697000000476837
778	0.27622039865493775	0.29135999999046325	0.20799
779	0.27483476790428163	0.2890100000286102	0.20496
780	0.2756187017059326	0.29149000000953673	0.20784
781	0.27290814499855043	0.28967	0.20627000000953674
782	0.27478372979164123	0.29202000000953676	0.20789000000953675
783	0.2734984160327911	0.291	0.20697
784	0.27180991450309755	0.29102000001907347	0.20794000000476837
785	0.27342764763832095	0.2921700000286102	0.20743000001430512
786	0.2737446146869659	0.29298000000476837	0.20770999999523163
787	0.27239659437179564	0.29203999999046326	0.20759000000476838
788	0.2711813545703888	0.292	0.20896000001430512
789	0.26964639602661133	0.2919	0.20874000001430512
790	0.26963956334114075	0.29205	0.20884999999523163
791	0.2677582162809372	0.29163000000953676	0.20899999999523164
792	0.2681458453178406	0.29152000000953676	0.20881999999523163
793	0.2667678296756744	0.2925499999952316	0.21009
794	0.266490451631546	0.2918300000190735	0.20897999999523162
795	0.2673471194076538	0.29302000000953676	0.21029000000953674
796	0.26614612560272216	0.29346000000953676	0.21065000000953674
797	0.26489500129699706	0.2918700000190735	0.21034000000953673
798	0.26366173998355863	0.29134000000953675	0.20928999999523162
799	0.26574124391555787	0.29390000000953675	0.21088
800	0.2654500290393829	0.2950000000190735	0.21190000000953674
801	0.2634095881652832	0.29377000002861026	0.2117800000143051
802	0.26321269805908204	0.2941700000190735	0.21198000001430511
803	0.26211938751220704	0.29279999999046324	0.21095999999523163
804	0.26157629935264587	0.29371000000953673	0.21147000000953675
805	0.26027664420127866	0.29304000002861025	0.21176999999523163
806	0.26194720646858216	0.2938199999952316	0.2103600000143051
807	0.26197855985641477	0.2942799999904633	0.21061000000476837
808	0.26049888699531554	0.29478000000953675	0.21203000000476838
809	0.258588977766037	0.2941599999904633	0.21250000000476837
810	0.2600156509542465	0.29441000002861023	0.21280000000953675
811	0.2572064241027832	0.29414000002861024	0.21371000000476836
812	0.25896483654975894	0.29457000001907346	0.21306000000476838
813	0.2568406651687622	0.2942700000190735	0.21280000001907348
814	0.25606142884254457	0.29358000002861023	0.21273000000476838
815	0.2540795570039749	0.29284999999046324	0.21348000000476838
816	0.2531637873363495	0.29346	0.21365000000953674
817	0.25386355219841006	0.2937199999904633	0.21398
818	0.25393731480598447	0.29485999999046325	0.2148
819	0.2517967987060547	0.29277	0.21291000001430513
820	0.25260502606391905	0.29400999999523164	0.21398000000953674
821	0.25317904007911685	0.29517999999046324	0.21449000000476837
822	0.252705717830658	0.29450000000953674	0.21364999999523163
823	0.2510374879550934	0.29429999999046325	0.21462999999523164
824	0.25286362139701846	0.29519	0.21354000000476836
825	0.2503036133956909	0.29506	0.2156100000143051
826	0.25077050511360166	0.2948800000190735	0.2139200000143051
827	0.2489964556312561	0.29476999999046327	0.21554
828	0.2502975588226318	0.2952	0.21368000000476836
829	0.24736180848121644	0.2942799999904633	0.2144400000143051
830	0.2506046664428711	0.29629999999046325	0.21516
831	0.24742307497024535	0.29519000000953677	0.21568
832	0.24702458945274353	0.29558	0.21672
833	0.24608038825035095	0.29542999999046327	0.21628000000953673
834	0.24759531767845153	0.2967900000286102	0.21669000000953675
835	0.24688512801170348	0.29668999999046325	0.21680000000953675
836	0.24382951217651366	0.29468999999046325	0.21682999999523161
837	0.24498664197921752	0.2958899999904633	0.2171100000143051
838	0.24604058039665222	0.29594	0.21564999999523163
839	0.24405532705783844	0.29539999999046324	0.21654999999523164
840	0.2438147484636307	0.29626000000953673	0.21755000000476837
841	0.2430957450771332	0.29659999999046327	0.21782000000476837
842	0.24336017798423767	0.2966399999952316	0.21673000000476836
843	0.24202460921287536	0.29637999999046327	0.21775000000476838
844	0.24169944704532623	0.2958900000047684	0.21747000000953676
845	0.24093168142318724	0.29579	0.2168
846	0.24105413261413575	0.2966600000286102	0.21855
847	0.242023087310791	0.29732999999523163	0.21779000000953674
848	0.23872736953735352	0.2951400000190735	0.21762000000476836
849	0.23781034021377565	0.29580999999046326	0.21879000001430512
850	0.23960187555313112	0.2958600000095367	0.21671
851	0.2388766186141968	0.2961100000190735	0.21788999999523162
852	0.2375180082798004	0.29559999999046327	0.2182
853	0.23846243033409117	0.2970300000190735	0.21884999999523164
854	0.2372828533601761	0.2962099999952316	0.21880000000476837
855	0.2367952067756653	0.29694000000953674	0.21945999999523164
856	0.23579585183143617	0.2969400000286102	0.22012999999523164
857	0.23646816279411315	0.29659	0.21881
858	0.23575659254074097	0.2969800000095367	0.21975000002861023
859	0.23493748607635498	0.2973100000095367	0.22024000000953675
860	0.23349680397033692	0.29600000000953675	0.21854999999523164
861	0.23438204869270324	0.29679999999523166	0.2184900000143051
862	0.23514092478752135	0.29812	0.22113000002861022
863	0.23387809845924376	0.29786	0.22025999999046325
864	0.2328911653327942	0.29715000000953673	0.2206
865	0.23281950408935548	0.29690999999523165	0.21964
866	0.2302851501083374	0.29619	0.22042000000476838
867	0.23142612481594085	0.2974800000190735	0.22095999999523164
868	0.2331342499446869	0.2983300000190735	0.22122999999523163
869	0.2311309188556671	0.29785	0.22097
870	0.23171117132663727	0.2982000000190735	0.22094000000953673
871	0.23215704401493073	0.29879000000953676	0.22075000000476838
872	0.23119158582687377	0.2983199999952316	0.22166000000476838
873	0.22802352117538452	0.29708	0.22139999999523163
874	0.2279188927268982	0.29768000000953676	0.22196
875	0.22885879884719848	0.29848000000953673	0.22186000000476838
876	0.22872446158409118	0.29870000002861025	0.22167999999523164
877	0.2280042811536789	0.2971999999952316	0.22134000000953674
878	0.22849895939826964	0.2981900000190735	0.22182999999523162
879	0.2276351843547821	0.29813000000953677	0.22200999999523163
880	0.226553994307518	0.2980900000095367	0.2225200000143051
881	0.22635816910266876	0.2979700000190735	0.2220500000143051
882	0.2260394375514984	0.2982200000190735	0.22261000000953673
883	0.22520468521595002	0.29775	0.2229400000143051
884	0.22532611999511717	0.29852000002861023	0.22321999999523162
885	0.2242632876253128	0.29783	0.22344999999046325
886	0.2242493295288086	0.2979900000190735	0.2219600000143051
887	0.2253115190887451	0.29924	0.22293000000953675
888	0.22355919014930725	0.2984100000190735	0.22287000000476836
889	0.2238130277299881	0.2994500000286102	0.2239
890	0.22362528933525086	0.2985600000286102	0.22250000000953674
891	0.22280584285736085	0.2985499999904633	0.22301000001907348
892	0.22313278290748595	0.2998000000190735	0.22442999999046326
893	0.2216554824781418	0.2987	0.2239400000143051
894	0.2215039465045929	0.29827999999046323	0.22362999999523162
895	0.22241736917972565	0.2990200000190735	0.22302000000476838
896	0.22151963129997254	0.29884999999046324	0.22319000000476838
897	0.2223814763021469	0.30044	0.22480999999046325
898	0.22147027949333192	0.2994400000190735	0.22437000001430513
899	0.2212479073524475	0.29998	0.22376
900	0.22029474771499633	0.29941000000476836	0.22439
901	0.21943717564582824	0.29892000002861024	0.22433000000953673
902	0.2191249127292633	0.29897999999046326	0.2242
903	0.22040379214286804	0.30052	0.22492999999523164
904	0.21878206792354585	0.29806	0.2233500000143051
905	0.21809914296627045	0.29962000000953676	0.22501000000476837
906	0.21629814595222474	0.2992199999904633	0.22611
907	0.21870916764259338	0.2998900000286102	0.22472000000476838
908	0.21627023317813873	0.29863000002861023	0.22454
909	0.216142657122612	0.29871	0.22488000000476838
910	0.21709869041919708	0.29860000000953674	0.22395999999523164
911	0.21611689283370972	0.2985500000190735	0.22472000000953674
912	0.2165265933895111	0.30006	0.2257700000190735
913	0.21686895438194276	0.30073000001907346	0.22573000001430513
914	0.21492912784576415	0.2986400000190735	0.22430000000476838
915	0.2135973424911499	0.29881000002861025	0.22476000000476837
916	0.2134467878484726	0.29928999999046324	0.2253800000143051
917	0.21372709656238556	0.29957000002861023	0.22578000001430512
918	0.21446758031845092	0.29942000002861024	0.22548000001430513
919	0.2140308958387375	0.2990800000190735	0.2251500000143051
920	0.2131866744041443	0.2995300000190735	0.22594000000953673
921	0.21403890006065368	0.3001900000190735	0.22517000000476836
922	0.21234028004646302	0.2998	0.22658
923	0.21424164204120635	0.30088999999046323	0.22703000002861023
924	0.2129761528778076	0.29950000000953675	0.22524000000953676
925	0.21239062450408935	0.2998800000190735	0.22619000002861023
926	0.21130981129169465	0.29973000000953676	0.22631999999523164
927	0.21199743827819825	0.30096000000953677	0.22715000000953675
928	0.21146924593448638	0.3002800000286102	0.22692000000953674
929	0.21050423792362213	0.29882	0.22554
930	0.21059504373550414	0.29985000000953677	0.22685999999523163
931	0.21107462043762207	0.29993000002861026	0.22648000001430513
932	0.2085826377916336	0.2987200000286102	0.22671999999046324
933	0.21082476259708405	0.30064000002861024	0.22740999999046327
934	0.21012013832092286	0.30103	0.22783
935	0.20876241266727447	0.29887000000953673	0.22599000000953676
936	0.20876353843212128	0.29977	0.22728
937	0.20875281300544737	0.29957000001907347	0.22646000000476837
938	0.2091708456993103	0.30129999999046325	0.22742
939	0.20802241899490356	0.3000600000286102	0.22675000000953674
940	0.20713651870250702	0.29955000000953674	0.22713
941	0.20804373581409455	0.30013999999046326	0.22637
942	0.20851149557590484	0.30068000000953676	0.22637
943	0.2080175934791565	0.3010600000286102	0.22814999999046326
944	0.20645149629592896	0.2998	0.22721
945	0.20712480547904968	0.30090000001907347	0.22789000000476836
946	0.20590750680923461	0.2999900000190735	0.22703999999523164
947	0.2065879963207245	0.3005500000286102	0.22807000000476838
948	0.20614468055725096	0.30038	0.22686999999523164
949	0.2052191052532196	0.30085000001907347	0.22936999999523164
950	0.20601609001159668	0.3005200000190735	0.22742000000953674
951	0.20554929351806642	0.29971000000953674	0.22621999999523162
952	0.20610302103996278	0.30100000000953675	0.22785999999523163
953	0.2042748828315735	0.2997199999904633	0.22726999999046327
954	0.20501469095230102	0.30043000000953674	0.22726000001907348
955	0.20405043184280394	0.29996000000953676	0.22802999999523163
956	0.20392702685832978	0.30042	0.22779000000476837
957	0.2044546635723114	0.3008400000286102	0.22806000001430513
958	0.20468462539672852	0.30152999999046326	0.22828000000476836
959	0.20518402029514313	0.30206000000953676	0.22829000000953675
960	0.20198397501945495	0.2999899999904633	0.22866000001430511
961	0.20261035989761353	0.2998000000095367	0.22708999999046325
962	0.20271543501853942	0.3007000000190735	0.22786000001430512
963	0.20149652581691743	0.2994900000286102	0.22833000000953674
964	0.20086556507110595	0.29936000002861024	0.22777999999046325
965	0.20240240858078004	0.3008299999904633	0.22825000000476836
966	0.20179170701503754	0.30037	0.22831000000953675
967	0.20218497724056245	0.30107999999046325	0.22821999999523163
968	0.20075478660106658	0.2997700000190735	0.22719000000476838
969	0.20120779203414918	0.30024000002861023	0.22907999999523163
970	0.20032846963882447	0.30008	0.2274000000143051
971	0.20180906495571135	0.3009200000190735	0.22823000000476837
972	0.20012547777175904	0.30051	0.22853
973	0.20168329169273377	0.30096000000953677	0.22761000002861023
974	0.19999891009807585	0.30134000001907346	0.22928000000476836
975	0.19948935732364653	0.29961999999046324	0.22806000001430513
976	0.20003260586261748	0.2997500000095367	0.22692
977	0.19776158864974974	0.3002800000190735	0.22991000000953674
978	0.20021872884273528	0.3013799999904633	0.22831000000476837
979	0.19918543475627898	0.30049999999523164	0.22799000000476838
980	0.19980311580657958	0.30145000001907346	0.22996000000953673
981	0.19924572150707245	0.3008600000190735	0.22879000002861022
982	0.19916439766407013	0.3002000000095367	0.22801000000476837
983	0.19787146186351776	0.3000600000190735	0.22867000001430512
984	0.19859491636753082	0.30107	0.22933000000476836
985	0.19970614831924438	0.3010500000286102	0.22884000000476837
986	0.19948937417984008	0.3005000000190735	0.22797000001430512
987	0.19926594058513641	0.30076	0.22875
988	0.19879089111804962	0.30013999999046326	0.22768999999523162
989	0.1988928859806061	0.30007999999046325	0.22841000000476838
990	0.19987684972286224	0.3007800000190735	0.22880000000476838
991	0.19887801159381865	0.30044999999046323	0.22863
992	0.1978937620306015	0.2994699999952316	0.2276800000143051
993	0.19858026473522186	0.3007100000190735	0.22833000000953674
994	0.1988249976015091	0.3005300000095367	0.22871999999523163
995	0.1992890601158142	0.3006100000286102	0.22930999999523163
996	0.1986370176792145	0.3004100000190735	0.22854000000476837
997	0.19950407761096955	0.3007800000286102	0.22822000000476836
998	0.19894198461055757	0.30046000001907347	0.22857
999	0.1971732401275635	0.29940000000953676	0.2280100000143051
