epoch	loss	acc	certified
0	6.766757965087891	0.0036092065274715424	0.0036092065274715424
1	6.239684104919434	0.018444105982780457	0.018444105982780457
2	5.939308166503906	0.03410481661558151	0.034104034304618835
3	5.7369513511657715	0.04801243916153908	0.04801243916153908
4	5.5949602127075195	0.058929041028022766	0.05892825871706009
5	5.491860389709473	0.06748451292514801	0.06748060882091522
6	5.4066572189331055	0.07493318617343903	0.07493006438016891
7	5.337979316711426	0.08131954818964005	0.08131720125675201
8	5.276190757751465	0.08753886818885803	0.08753028512001038
9	5.226108551025391	0.09240708500146866	0.09238523244857788
10	5.177652359008789	0.09754692763090134	0.09751492738723755
11	5.13814640045166	0.10086031258106232	0.10082674771547318
12	5.100484848022461	0.10558724403381348	0.10551855713129044
13	5.068913459777832	0.10938143730163574	0.10927841067314148
14	5.037724494934082	0.11303357779979706	0.11288293451070786
15	5.010962009429932	0.11572955548763275	0.11554378271102905
16	4.988037109375	0.11830376833677292	0.11802276968955994
17	4.967637538909912	0.12089280784130096	0.12055249512195587
18	4.944026947021484	0.12366683781147003	0.12325394153594971
19	4.928813457489014	0.1256135106086731	0.12507882714271545
20	4.908029079437256	0.12819786369800568	0.12753909826278687
21	4.891465187072754	0.1303919553756714	0.12957239151000977
22	4.876726150512695	0.1321231871843338	0.13111083209514618
23	4.858902931213379	0.13452568650245667	0.1332978904247284
24	4.8479509353637695	0.13626940548419952	0.13479730486869812
25	4.832947254180908	0.1377813071012497	0.13595953583717346
26	4.819517135620117	0.1394360363483429	0.13731610774993896
27	4.810294151306152	0.1405225545167923	0.1381005495786667
28	4.799930572509766	0.14216870069503784	0.1392463743686676
29	4.78772497177124	0.1434807926416397	0.14010807871818542
30	4.77646541595459	0.14536111056804657	0.14160360395908356
31	4.766995429992676	0.14652176201343536	0.14210236072540283
32	4.757467269897461	0.14778701961040497	0.14263702929019928
33	4.75042724609375	0.14903196692466736	0.14325833320617676
34	4.742830276489258	0.15044942498207092	0.14389994740486145
35	4.731123924255371	0.15160775184631348	0.14410677552223206
36	4.726078987121582	0.15229228138923645	0.14396081864833832
37	4.716575622558594	0.15331947803497314	0.14404746890068054
38	4.709597587585449	0.15459564328193665	0.14417313039302826
39	4.7047648429870605	0.15503431856632233	0.1434316188097
40	4.695661544799805	0.15661489963531494	0.1439296007156372
41	4.69194221496582	0.15756013989448547	0.14358070492744446
42	4.686670780181885	0.15794727206230164	0.1425940990447998
43	4.681093215942383	0.15893855690956116	0.1418861448764801
44	4.677448749542236	0.15999072790145874	0.14130935072898865
45	4.670133590698242	0.16055583953857422	0.14030244946479797
46	4.663784027099609	0.16161736845970154	0.13966864347457886
47	4.660558700561523	0.16224023699760437	0.13852670788764954
48	4.655795574188232	0.1632174700498581	0.1371084749698639
49	4.653071403503418	0.16366393864154816	0.13596265017986298
50	4.603734016418457	0.1649135798215866	0.13471144437789917
51	4.512831687927246	0.16588377952575684	0.13306373357772827
52	4.421751022338867	0.16678375005722046	0.13133016228675842
53	4.334660530090332	0.16787493228912354	0.12932495772838593
54	4.247729301452637	0.1692541539669037	0.12745165824890137
55	4.1677656173706055	0.16960695385932922	0.12488213181495667
56	4.085370063781738	0.17074576020240784	0.12281449139118195
57	4.002152919769287	0.1726682186126709	0.12145167589187622
58	3.9280776977539062	0.17343002557754517	0.11882204562425613
59	3.8526034355163574	0.17387104034423828	0.1164289116859436
60	3.780000925064087	0.17491382360458374	0.11402095854282379
61	3.7066943645477295	0.17605887353420258	0.11226474493741989
62	3.637462854385376	0.17696821689605713	0.1095898449420929
63	3.568981170654297	0.178083598613739	0.10756122320890427
64	3.5022523403167725	0.1786588430404663	0.10504165291786194
65	3.43686842918396	0.17968837916851044	0.1024838238954544
66	3.372957468032837	0.1805586814880371	0.10043257474899292
67	3.3104357719421387	0.18087166547775269	0.0981229618191719
68	3.2515227794647217	0.1813197135925293	0.09575636684894562
69	3.192884922027588	0.18180207908153534	0.09338977932929993
70	3.136444091796875	0.18229538202285767	0.09099353104829788
71	3.079275131225586	0.18307200074195862	0.08902032673358917
72	3.026186466217041	0.1830899715423584	0.08660456538200378
73	2.9722819328308105	0.18382522463798523	0.084602490067482
74	2.9204845428466797	0.18417569994926453	0.0824146419763565
75	2.8707494735717773	0.18440750241279602	0.08071774989366531
76	2.820404529571533	0.1848922222852707	0.07907316088676453
77	2.7725329399108887	0.18488441407680511	0.07654421031475067
78	2.7235267162323	0.18552523851394653	0.07582221925258636
79	2.6787407398223877	0.18538084626197815	0.07350480556488037
80	2.6333346366882324	0.18526923656463623	0.07183133065700531
81	2.5887582302093506	0.18550728261470795	0.07043573260307312
82	2.5443620681762695	0.1857156902551651	0.06937653571367264
83	2.5031652450561523	0.1859295666217804	0.06768199056386948
84	2.4594645500183105	0.18563450872898102	0.06689442694187164
85	2.4172000885009766	0.18542923033237457	0.06561434268951416
86	2.3773767948150635	0.1858803927898407	0.06533413380384445
87	2.336498737335205	0.1855470985174179	0.06460511684417725
88	2.29787015914917	0.18573208153247833	0.06365207582712173
89	2.2590227127075195	0.18554085493087769	0.06308227777481079
90	2.222095251083374	0.18572115898132324	0.06244848296046257
91	2.1829380989074707	0.18513262271881104	0.06225568801164627
92	2.1482136249542236	0.18516463041305542	0.0615711584687233
93	2.11210036277771	0.1841975450515747	0.061072394251823425
94	2.0768532752990723	0.18449336290359497	0.060782819986343384
95	2.042245388031006	0.18452301621437073	0.06060875952243805
96	2.0076277256011963	0.18442389369010925	0.06019975244998932
97	1.9748711585998535	0.18436536192893982	0.060000717639923096
98	1.9413156509399414	0.18419207632541656	0.06009282171726227
99	1.9083616733551025	0.18450507521629333	0.06001008301973343
100	1.8773150444030762	0.1836933195590973	0.059601083397865295
101	1.8460264205932617	0.18409763276576996	0.05965416133403778
102	1.81559419631958	0.18368005752563477	0.05983680486679077
103	1.7850486040115356	0.18345290422439575	0.05978529155254364
104	1.7556943893432617	0.18302127718925476	0.05954800546169281
105	1.7260839939117432	0.18254125118255615	0.059769678860902786
106	1.6972222328186035	0.18299239873886108	0.06008267402648926
107	1.6691482067108154	0.18206822872161865	0.05988597869873047
108	1.641427755355835	0.18228210508823395	0.06021380424499512
109	1.614276647567749	0.18193475902080536	0.06056036427617073
110	1.5885465145111084	0.1819222867488861	0.060396451503038406
111	1.5608354806900024	0.18144771456718445	0.06090458109974861
112	1.5355695486068726	0.18143053352832794	0.06078828126192093
113	1.510439395904541	0.18151327967643738	0.060927994549274445
114	1.4850941896438599	0.1810082644224167	0.06140724569559097
115	1.4605345726013184	0.18049857020378113	0.061319828033447266
116	1.4370036125183105	0.18032217025756836	0.06126362830400467
117	1.4134950637817383	0.1805235594511032	0.0615500845015049
118	1.390611171722412	0.17974457144737244	0.06185605376958847
119	1.3678475618362427	0.17924268543720245	0.06147671490907669
120	1.3449065685272217	0.17942221462726593	0.062356382608413696
121	1.3236163854599	0.17931605875492096	0.0627630427479744
122	1.3015458583831787	0.17868928611278534	0.06274119019508362
123	1.2803964614868164	0.17849649488925934	0.0631447285413742
124	1.259900450706482	0.17812573909759521	0.06314082443714142
125	1.2386987209320068	0.1782240867614746	0.06372778117656708
126	1.2194350957870483	0.1779337227344513	0.06380349397659302
127	1.1985812187194824	0.17741155624389648	0.06423201411962509
128	1.1802468299865723	0.17744198441505432	0.0644490048289299
129	1.1614294052124023	0.17713835835456848	0.06455671787261963
130	1.142616868019104	0.1769276261329651	0.06467613577842712
131	1.1234272718429565	0.17682614922523499	0.06553316861391068
132	1.1058318614959717	0.1760299950838089	0.06535286456346512
133	1.0886456966400146	0.17616114020347595	0.06559951603412628
134	1.070326805114746	0.17607058584690094	0.06635663658380508
135	1.0533114671707153	0.17561084032058716	0.06612325459718704
136	1.0371109247207642	0.1751714050769806	0.06655099242925644
137	1.0207159519195557	0.17517530918121338	0.06691238284111023
138	1.004408359527588	0.17491461336612701	0.06712156534194946
139	0.9880356192588806	0.17451341450214386	0.06729328632354736
140	0.9728978872299194	0.17406460642814636	0.06711766123771667
141	0.9575728178024292	0.17429563403129578	0.06815031170845032
142	0.9425128698348999	0.17401309311389923	0.06839071214199066
143	0.9281660914421082	0.173677459359169	0.06841257214546204
144	0.9136035442352295	0.17378906905651093	0.06885825842618942
145	0.8987711668014526	0.1732996702194214	0.06912286579608917
146	0.8851029872894287	0.17331451177597046	0.06947566568851471
147	0.8717247247695923	0.1728922426700592	0.0695638656616211
148	0.8581898212432861	0.1726931929588318	0.0694444477558136
149	0.8447139263153076	0.17245356738567352	0.06999628245830536
150	0.8308135271072388	0.17187988758087158	0.07046695053577423
151	0.8188924789428711	0.171360045671463	0.07046538591384888
152	0.8063753843307495	0.17146073281764984	0.07078150659799576
153	0.7936704754829407	0.1709440052509308	0.07101254165172577
154	0.7815221548080444	0.17110246419906616	0.071512870490551
155	0.7698174118995667	0.17074263095855713	0.07143950462341309
156	0.7582201957702637	0.17022357881069183	0.07149022817611694
157	0.7466021180152893	0.1702563464641571	0.07191796600818634
158	0.7355769276618958	0.1701197624206543	0.07220208644866943
159	0.7242547273635864	0.16924244165420532	0.07209749519824982
160	0.7132449746131897	0.16881471872329712	0.07227545231580734
161	0.7021173238754272	0.16864454746246338	0.07291627675294876
162	0.6922516822814941	0.1689068078994751	0.07290222495794296
163	0.6819157600402832	0.168166846036911	0.07285071164369583
164	0.6719930171966553	0.16826599836349487	0.073300302028656
165	0.6625364422798157	0.16787728667259216	0.07303804159164429
166	0.6525247097015381	0.16804587841033936	0.07339708507061005
167	0.6426446437835693	0.1670834720134735	0.07373271882534027
168	0.6334006786346436	0.1672973334789276	0.0739419013261795
169	0.6245415210723877	0.16747061908245087	0.07435324788093567
170	0.6150609254837036	0.16720211505889893	0.07471229135990143
171	0.6066653728485107	0.16687975823879242	0.07444535195827484
172	0.5973051190376282	0.16652852296829224	0.07479347288608551
173	0.5890107750892639	0.16636459529399872	0.07496830821037292
174	0.580619215965271	0.16627717018127441	0.07496987283229828
175	0.5723780989646912	0.16610857844352722	0.07544521987438202
176	0.5637243986129761	0.1657831072807312	0.07579568028450012
177	0.5562219023704529	0.16556455194950104	0.0754670798778534
178	0.5482692122459412	0.1649245023727417	0.07514939457178116
179	0.5404095649719238	0.16495494544506073	0.07586827129125595
180	0.533155620098114	0.16490420699119568	0.07591979205608368
181	0.5258630514144897	0.16471609473228455	0.07605403661727905
182	0.5181824564933777	0.16474497318267822	0.07658324390649796
183	0.511439323425293	0.1641111820936203	0.07606106251478195
184	0.5035674571990967	0.1638442426919937	0.07691575586795807
185	0.4975605010986328	0.164363294839859	0.07673466205596924
186	0.49082863330841064	0.16386452317237854	0.07666051387786865
187	0.48390692472457886	0.1632135659456253	0.07679711282253265
188	0.4770779609680176	0.16302701830863953	0.0769953727722168
189	0.4712877869606018	0.16363272070884705	0.07743403315544128
190	0.464824914932251	0.16332441568374634	0.07764867693185806
191	0.4585949778556824	0.16306057572364807	0.07773609459400177
192	0.4521229863166809	0.16252824664115906	0.07787581533193588
193	0.4463846683502197	0.16244708001613617	0.07795698940753937
194	0.4408997595310211	0.162501722574234	0.07792654633522034
195	0.43455323576927185	0.16220200061798096	0.07832774519920349
196	0.42906129360198975	0.162288635969162	0.07843701541423798
197	0.42394810914993286	0.16173678636550903	0.07801709324121475
198	0.418154239654541	0.16162127256393433	0.07836755365133286
199	0.413340300321579	0.1622534990310669	0.07897871732711792
200	0.4077354967594147	0.16195377707481384	0.07890768349170685
201	0.4022320508956909	0.1615908294916153	0.07930888235569
202	0.3966527581214905	0.161523699760437	0.07984589040279388
203	0.3911847472190857	0.16120681166648865	0.08049295842647552
204	0.38585853576660156	0.1609773337841034	0.08071696758270264
205	0.38137319684028625	0.16142067313194275	0.08125320076942444
206	0.3760153651237488	0.1613699346780777	0.08207042515277863
207	0.3711593747138977	0.1610967516899109	0.08206027746200562
208	0.366255521774292	0.1610647439956665	0.08268705010414124
209	0.361824631690979	0.16160956025123596	0.08335128426551819
210	0.35690805315971375	0.16114982962608337	0.08391796052455902
211	0.35321322083473206	0.1614542305469513	0.08394995331764221
212	0.3487820327281952	0.16181093454360962	0.08480855077505112
213	0.3444657325744629	0.1615315079689026	0.0847984030842781
214	0.3406875729560852	0.16213096678256989	0.08563826233148575
215	0.336018830537796	0.16164858639240265	0.08563514053821564
216	0.3324283957481384	0.16221369802951813	0.08639070391654968
217	0.3274384140968323	0.16167980432510376	0.08711113035678864
218	0.32397401332855225	0.16176332533359528	0.08715952932834625
219	0.3203505575656891	0.16211768984794617	0.08761614561080933
220	0.3172554075717926	0.16238853335380554	0.0878518670797348
221	0.31265485286712646	0.1620177924633026	0.0885145366191864
222	0.30957531929016113	0.16242989897727966	0.08885876089334488
223	0.3066335916519165	0.1629263162612915	0.08920063078403473
224	0.3023577332496643	0.16273510456085205	0.09016850590705872
225	0.2994539737701416	0.16267889738082886	0.08978057652711868
226	0.29617348313331604	0.1631363034248352	0.09059935808181763
227	0.29269105195999146	0.1631019413471222	0.09099821746349335
228	0.2895488142967224	0.16328850388526917	0.09133072197437286
229	0.2861309051513672	0.16309726238250732	0.09165152907371521
230	0.28356313705444336	0.16393087804317474	0.09251167625188828
231	0.2801661193370819	0.16352811455726624	0.09263968467712402
232	0.27763718366622925	0.1641954779624939	0.09348266571760178
233	0.2743522524833679	0.16354218125343323	0.0933733880519867
234	0.2719535827636719	0.16450613737106323	0.09433657675981522
235	0.2691129446029663	0.16437266767024994	0.09411177784204483
236	0.26604628562927246	0.16402454674243927	0.09433969855308533
237	0.2640016973018646	0.16459277272224426	0.09481972455978394
238	0.2610669732093811	0.16470439732074738	0.09533098340034485
239	0.2585901618003845	0.1645037978887558	0.0953606367111206
240	0.2557905912399292	0.16464194655418396	0.0958305224776268
241	0.2533828616142273	0.16482070088386536	0.09612322598695755
242	0.2511734366416931	0.16527341306209564	0.09693654626607895
243	0.24850091338157654	0.16508060693740845	0.0970817282795906
244	0.24603527784347534	0.1650189459323883	0.09729012846946716
245	0.244032621383667	0.16542638838291168	0.09757814556360245
246	0.2418234944343567	0.1658673882484436	0.09843283891677856
247	0.24021956324577332	0.1663333773612976	0.09857411682605743
248	0.23704436421394348	0.1654256135225296	0.09867870807647705
249	0.2350771129131317	0.16574329137802124	0.09908224642276764
250	0.23329341411590576	0.16625376045703888	0.09953417629003525
251	0.23118525743484497	0.1659407615661621	0.09939758479595184
252	0.22964611649513245	0.16699059307575226	0.10055824369192123
253	0.2274588942527771	0.16693595051765442	0.1008470356464386
254	0.22480908036231995	0.16617491841316223	0.1006612703204155
255	0.2237730324268341	0.16696950793266296	0.1010679304599762
256	0.22207462787628174	0.1672801673412323	0.10143321752548218
257	0.22029989957809448	0.1675111949443817	0.1018812507390976
258	0.2181990146636963	0.16699138283729553	0.1014745905995369
259	0.21617230772972107	0.16715529561042786	0.10219892859458923
260	0.2149859070777893	0.1673816442489624	0.10221922397613525
261	0.21343420445919037	0.16799123585224152	0.10307079553604126
262	0.21202443540096283	0.16820979118347168	0.1029326319694519
263	0.20994174480438232	0.16793113946914673	0.10336114466190338
264	0.2081337571144104	0.1675533652305603	0.10318709164857864
265	0.2065148502588272	0.1677992343902588	0.10354925692081451
266	0.20521721243858337	0.16823554039001465	0.10408705472946167
267	0.20389512181282043	0.16844862699508667	0.10422129929065704
268	0.20239785313606262	0.1681598424911499	0.10420803725719452
269	0.2010791301727295	0.16861332952976227	0.10459284484386444
270	0.19965633749961853	0.16850796341896057	0.10468338429927826
271	0.19847126305103302	0.1689770519733429	0.10502681881189346
272	0.19663318991661072	0.16868513822555542	0.10532264411449432
273	0.19500473141670227	0.16836044192314148	0.10512204468250275
274	0.19400417804718018	0.16877177357673645	0.10579876601696014
275	0.1929369419813156	0.16915033757686615	0.10608835518360138
276	0.19168545305728912	0.16920652985572815	0.10606415569782257
277	0.19078826904296875	0.16935093700885773	0.10604463517665863
278	0.18955278396606445	0.16930723190307617	0.10601498186588287
279	0.1880890429019928	0.16935484111309052	0.10648330301046371
280	0.18719002604484558	0.1695234477519989	0.10655666887760162
281	0.18570199608802795	0.16935718059539795	0.10654184222221375
282	0.18445879220962524	0.16925960779190063	0.1068204939365387
283	0.18388015031814575	0.16971856355667114	0.10720685869455338
284	0.18304477632045746	0.1700986921787262	0.10733643174171448
285	0.18161024153232574	0.16963505744934082	0.10698440670967102
286	0.18072646856307983	0.17014239728450775	0.10755185782909393
287	0.17961524426937103	0.16968968510627747	0.10728959739208221
288	0.17848902940750122	0.16967251896858215	0.10748004913330078
289	0.1776493936777115	0.16961787641048431	0.10727477073669434
290	0.17799802124500275	0.17040467262268066	0.10754483193159103
291	0.17733722925186157	0.16988247632980347	0.10735282301902771
292	0.17753258347511292	0.17013615369796753	0.10756512731313705
293	0.17689405381679535	0.16926586627960205	0.10722403228282928
294	0.1770104467868805	0.16965535283088684	0.10731066763401031
295	0.17748107016086578	0.17010414600372314	0.10788749158382416
296	0.17723965644836426	0.1701127290725708	0.10772357881069183
297	0.17775365710258484	0.1703648567199707	0.10789607465267181
298	0.17763832211494446	0.170375794172287	0.10777586698532104
299	0.17717361450195312	0.16998082399368286	0.10785157978534698
