epoch	loss	acc	certified
0	0.9008800506273905	0.1945833333412806	0.09401666666666667
1	0.8474782636642456	0.20385000001589457	0.17190000001589456
2	0.8009164275487264	0.32001666666666667	0.14135
3	0.5986676184336345	0.63155	0.21993333333333334
4	0.44925632530848186	0.7160166666666666	0.3977833333492279
5	0.3546574701309204	0.76295	0.5360166666666667
6	0.2646260823249817	0.8442333333651225	0.6296833333651225
7	0.1883637971878052	0.88945	0.7287333333333333
8	0.1537916505098343	0.9108	0.7757000000635783
9	0.13034462728103002	0.925616666730245	0.8067833333969117
10	0.1145894011815389	0.9346666666984558	0.8291500000317892
11	0.10249193400541941	0.9431333333333334	0.8442333333333333
12	0.08988935190836589	0.95095	0.8609833333651224
13	0.08300994375546773	0.9548500000317891	0.8716000000635783
14	0.07716659305095673	0.9585	0.8797333333333334
15	0.0700789847612381	0.9632166666984558	0.8883
16	0.06684130254983901	0.9638333333333333	0.8952833333333333
17	0.06233727486729622	0.9671833333333333	0.9011333333651225
18	0.05903401419321696	0.9686500000635783	0.9053166666984558
19	0.05702475415666898	0.9696666666666667	0.909516666730245
20	0.05436769327322642	0.9720833333651224	0.9122333333651225
21	0.05208740759690603	0.9732833333651225	0.9150500000635783
22	0.049907639535268146	0.9742666666984559	0.9174166667302449
23	0.04886226276755333	0.975	0.9188333333651225
24	0.0467385018825531	0.9758500000317891	0.9236333333333333
25	0.04515719827810923	0.9774000000635783	0.9248833333333333
26	0.04381958701213201	0.9779666666666667	0.9263166666984558
27	0.04274840029974779	0.97875	0.92775
28	0.04141235528389613	0.9785666666666667	0.9311666666984558
29	0.04047007966438929	0.9795000000635783	0.9316833333333333
30	0.039230387183030443	0.9806666666666667	0.9331833333333334
31	0.03839975663423538	0.9807500000317891	0.9341166666666667
32	0.03746667952934901	0.9812000000317892	0.9364833333333333
33	0.03653509916861852	0.9811333333651224	0.9377333333333333
34	0.035891074856122335	0.9823333333969116	0.9375333333651225
35	0.03563533445000649	0.9820166666984558	0.9383166666984558
36	0.034662286057074866	0.9826833333651225	0.9408833333651225
37	0.033549370855093005	0.9833500000317892	0.9418833333651225
38	0.032796959380308785	0.9835333333969116	0.9431166666666667
39	0.03261922383705775	0.9841500000635783	0.9431666666984558
40	0.03205302495112022	0.9841666666666666	0.9434666666666667
41	0.0319148647437493	0.9840166666984558	0.945316666730245
42	0.03143352006077767	0.9844166666984558	0.9453833333651225
43	0.030841429368654888	0.9849500000635782	0.9457833333969117
44	0.030755713147918383	0.9847166666666667	0.946266666730245
45	0.02998338694771131	0.9855	0.9470833333969116
46	0.029356961730122567	0.9860000000635782	0.9474666667302449
47	0.02972986122369766	0.985416666730245	0.9478666666666666
48	0.029297328146298728	0.9856500000317892	0.9490833333651225
49	0.028311105237404505	0.9864000000317892	0.9494
50	0.02871714209417502	0.9861500000635783	0.94885
51	0.027907579412062962	0.9865000000635783	0.9506500000635782
52	0.027170837809642155	0.9867666666666667	0.9507166667302449
53	0.026753588382403055	0.9869666666666667	0.9520166666666666
54	0.027222685062885284	0.9866833333333334	0.9515333333969116
55	0.026661056244373323	0.9869833333969116	0.9520500000317892
56	0.02626282743016879	0.9877000000317891	0.9515666666666667
57	0.026068422728776932	0.987366666730245	0.9525166666666667
58	0.025899411662419637	0.98755	0.9533666666984558
59	0.025329650360345842	0.9873166666984559	0.95525
60	0.025475916693607967	0.98805	0.9534833333651225
61	0.024677364603678385	0.9883000000635783	0.9551666666984558
62	0.024502795780698458	0.9881333333969117	0.9550666666984559
63	0.02471981314619382	0.9884833333969116	0.9542166666984558
64	0.024468135493993758	0.9883000000317892	0.9552333333333334
65	0.0237504981170098	0.989266666730245	0.9556166666666667
66	0.024003746996323266	0.9891000000635782	0.9556666666666667
67	0.023330416639149188	0.989116666730245	0.9562333333651225
68	0.02438619368672371	0.9883166666984559	0.95595
69	0.023984596335887908	0.9887000000635783	0.95605
70	0.02360052386124929	0.9885833333333334	0.9564000000635783
71	0.022705321234464646	0.9893000000317892	0.9581000000635783
72	0.022510262064139048	0.9899833333651225	0.9579833333651224
73	0.022723067512114843	0.9895166666666667	0.9572500000317892
74	0.022106596116224925	0.9898166667302449	0.9574000000635783
75	0.021995153165856998	0.9897000000635783	0.9583666666984558
76	0.02235991729820768	0.9902	0.9578500000635782
77	0.021890667580564818	0.98985	0.95835
78	0.020880678845445314	0.9902500000635783	0.9596000000317891
79	0.021957683863242466	0.9899333333333333	0.9590333333651225
80	0.021415926960110663	0.9901666666666666	0.9584333333969116
81	0.02168233955701192	0.9902666666984558	0.9586833333333333
82	0.021521643033623694	0.9907000000635783	0.9588166667302449
83	0.02088475635945797	0.9902166666984558	0.9602166666984558
84	0.020652889035145443	0.9902333333651224	0.9606
85	0.020891416651258866	0.9899833333333333	0.9605000000317891
86	0.020998467697699863	0.990416666730245	0.9607500000635782
87	0.020708398751417795	0.9906500000635783	0.9602166666666667
88	0.01991781761944294	0.9909000000635783	0.961216666730245
89	0.02014818972448508	0.99075	0.9610833333651225
90	0.020383724929889043	0.9903166666984559	0.9618500000635782
91	0.019522998627026875	0.991166666730245	0.9615666666666667
92	0.01924391989906629	0.9913833333333333	0.9626166667302449
93	0.02018804339667161	0.99115	0.9607500000317891
94	0.020213466344277065	0.9907333333651225	0.9616166666666667
95	0.01954072184065978	0.9910166666666667	0.9616
96	0.019232781801124414	0.9909166666666667	0.9628000000317891
97	0.019531471035877865	0.9912833333651225	0.9624666666984558
98	0.01893324925688406	0.9917166666666667	0.9625333333969116
99	0.019450660651922226	0.9913000000635783	0.9618833333333333
100	0.01913627999226252	0.9917	0.9630500000635783
101	0.01885126812458038	0.9915166666666667	0.9626833333333333
102	0.019376581541697184	0.991216666730245	0.9608666666984558
103	0.018761050404111544	0.9912333333333333	0.9625
104	0.019280290080110233	0.9915833333333334	0.9612333333651225
105	0.019098382767041525	0.9918166667302449	0.961316666730245
106	0.01870709126094977	0.9917833333969116	0.9620000000635783
107	0.018731530340760947	0.9918666666666667	0.9615833333651225
108	0.019058336079120636	0.9917500000635783	0.9610833333969117
109	0.018403257981439432	0.9921500000635783	0.9619000000317891
110	0.019106299960613252	0.9917166666666667	0.9612166666984558
111	0.01925466864109039	0.992266666730245	0.9594333333651225
112	0.019165165489912032	0.9918166666666667	0.9605833333651225
113	0.019322119866808256	0.9910833333969116	0.9614666666666667
114	0.01907893156806628	0.991466666730245	0.9610166666984558
115	0.018898159067332745	0.9922166666666666	0.9608333333333333
116	0.01927988803734382	0.9921333333333333	0.9595666666666667
117	0.01890185641646385	0.9923166666984559	0.9603833333651225
118	0.018956037754565478	0.9920833333333333	0.9593833333651225
119	0.019079626921812694	0.9920666666984558	0.9588
120	0.019040161285797753	0.9923000000635783	0.9588166666666667
121	0.018797964448233444	0.9923166666666666	0.9591000000635783
122	0.019239013143628837	0.9921833333333333	0.95895
123	0.018607943989833196	0.992216666730245	0.9595166666984558
124	0.018467232727011045	0.9924833333969116	0.9600500000317892
125	0.01865831841826439	0.9927833333651225	0.959266666730245
126	0.018818037406603497	0.9924000000635783	0.9587833333333333
127	0.018515486124157904	0.9931	0.9579166666984558
128	0.018706229948997496	0.992666666730245	0.9583666666984558
129	0.01955558448533217	0.9921833333969117	0.9563666666984558
130	0.018999396099646886	0.992316666730245	0.9577333333651225
131	0.019228142247597377	0.9925666666984558	0.9572666666666667
132	0.019355062017962336	0.9925833333333334	0.9567500000317891
133	0.018019144197305045	0.9931333333333333	0.9587666666666667
134	0.018680248683691024	0.9930666667302449	0.9576333333969116
135	0.01891770781079928	0.9927000000635783	0.9573666666666667
136	0.01886577060520649	0.9928666666666667	0.9569500000635783
137	0.019523316105206807	0.992416666730245	0.9557333333651225
138	0.019466582981745403	0.9926166666984558	0.9563166666666667
139	0.019271378916501998	0.9924333333969116	0.9567000000317891
140	0.019247852577765782	0.9931000000635782	0.9551833333969116
141	0.019752757249275842	0.9924333333333333	0.9548500000317891
142	0.019400565658013028	0.99265	0.9551833333651225
143	0.0191785263483723	0.9926333333333334	0.9561166666666666
144	0.019521275623639426	0.9927333333651225	0.9545666666666667
145	0.01848424286444982	0.9930166667302449	0.9572333333333334
146	0.019271995760997137	0.9925000000635783	0.9557166666666667
147	0.019169914423425992	0.9927333333333334	0.9546500000317891
148	0.019269289590915045	0.99335	0.9536666667302449
149	0.019417881921927133	0.9926666666666667	0.9551666666984558
150	0.01941414177616437	0.9925833333969116	0.954016666730245
151	0.01969912547469139	0.9931000000317891	0.9531833333969116
152	0.01956324662566185	0.9926500000635783	0.9534
153	0.019242964893579483	0.9931833333333333	0.9540833333333333
154	0.019261001427968345	0.993166666730245	0.9541000000317892
155	0.018980014252662658	0.9928833333333333	0.954266666730245
156	0.019302821551760038	0.9932833333969117	0.9534000000635783
157	0.019698373206456503	0.9930166666666667	0.9520333333651225
158	0.019482050451636316	0.9929833333333333	0.95235
159	0.01964445834259192	0.9927833333333334	0.9525166667302449
160	0.019615432280302048	0.9932	0.9524000000635783
161	0.01983032318825523	0.9929	0.9526833333651225
162	0.019203171798586844	0.993216666730245	0.9525166666984558
163	0.0193957215766112	0.9928333333651225	0.9527500000635782
164	0.01932283634742101	0.9933500000317892	0.9523833333333334
165	0.019788101640343666	0.9927833333969116	0.9504666666984558
166	0.019565270433823268	0.9930833333333333	0.9515666667302449
167	0.01939063209692637	0.993316666730245	0.9511333333333334
168	0.01964363353451093	0.9934833333333334	0.9513666666984558
169	0.01989404559532801	0.9929833333333333	0.9504000000635783
170	0.019302121186256408	0.9933500000317892	0.9515
171	0.01995540733933449	0.9932166666984558	0.9498333333969117
172	0.01961910304427147	0.9931	0.9506
173	0.019469757773478827	0.9931166666666666	0.9506
174	0.01974278078277906	0.9931166667302449	0.9507166667302449
175	0.019667286601662635	0.9932500000635783	0.9502000000635783
176	0.019862032317121824	0.9932	0.9504
177	0.01958041490117709	0.9935666666984558	0.9494333333969116
178	0.019668979197740556	0.9929166666666667	0.9497333333969116
179	0.019724510195851325	0.9935333333333334	0.949216666730245
180	0.019913335492213566	0.9932333333333333	0.94875
181	0.02037091113726298	0.9931666666666666	0.94855
182	0.019860608994960786	0.9936000000635783	0.9489333333651224
183	0.019847767408688863	0.9932333333333333	0.9483833333333334
184	0.019664230230947335	0.9934	0.9482333333333334
185	0.01947197478413582	0.9933000000317892	0.9493
186	0.02007159136136373	0.9931333333969116	0.9481
187	0.02001628812601169	0.9932333333333333	0.9476833333333333
188	0.019853684237102667	0.9933666666666666	0.94855
189	0.02000113027890523	0.9932333333969117	0.9481333333969116
190	0.020052621734142302	0.9937	0.9466166667302449
191	0.02010857433875402	0.9933833333333333	0.9471833333969116
192	0.02020522150595983	0.9934666666666667	0.9470833333969116
193	0.02042158010005951	0.9930333333333333	0.9465500000635783
194	0.02029169434507688	0.9934333333333333	0.9467833333333333
195	0.019951128804683686	0.9935500000635783	0.9465500000317891
196	0.020108995456496876	0.9937333333333334	0.9461666666984558
197	0.020858873611688613	0.9932166666666666	0.9459000000317891
198	0.020416290433704853	0.99335	0.9452500000317892
199	0.02031354378114144	0.9935	0.9459666666666666
200	0.020804628018538156	0.99315	0.9451500000635783
201	0.02050296361744404	0.9934000000635783	0.9462333333969116
202	0.02018273065884908	0.9937166666666667	0.9440500000317892
203	0.0201608465919892	0.9935166666666667	0.9451166666984558
204	0.020690421502788863	0.9930666666666667	0.9451333333651225
205	0.02030636907418569	0.9933000000635783	0.9447166667302449
206	0.020537103025615216	0.9932333333333333	0.9449333333969117
207	0.020943266380826633	0.9931666666666666	0.9442333333969116
208	0.02095695395072301	0.9931833333333333	0.9434500000635783
209	0.020456453494230906	0.993416666730245	0.9441833333333334
210	0.021082250104347864	0.9934666666984558	0.9431333333651225
211	0.020824074200789133	0.9937500000635783	0.9430333333969116
212	0.020876088907321295	0.9934333333333333	0.943
213	0.02060229487220446	0.993716666730245	0.9435
214	0.020710935242970786	0.9936500000635783	0.9427666666666666
215	0.02104127636899551	0.9933333333333333	0.9424333333969116
216	0.020703507001201313	0.9936833333333334	0.9439333333651225
217	0.020749736453716954	0.9938166666666667	0.9416666666984558
218	0.021400580122073493	0.9931000000635782	0.9424000000317891
219	0.0214676865277191	0.9930833333333333	0.94275
220	0.021579871571063995	0.9933333333333333	0.9403166666666667
221	0.021115025647481283	0.9934833333969116	0.940916666730245
222	0.020624939452608425	0.9932833333333333	0.9418833333333333
223	0.021541703614592553	0.9932500000635783	0.9409833333651225
224	0.021164520410696667	0.9935166666666667	0.9406166666984558
225	0.021019735609491667	0.9934666666666667	0.9411833333969116
226	0.021798364448547363	0.99355	0.9399833333333333
227	0.021183083574970563	0.9931666666666666	0.9400000000317892
228	0.02185506364007791	0.993266666730245	0.9398333333651224
229	0.020869844577709833	0.9935833333969116	0.9404666667302449
230	0.02101418485045433	0.993416666730245	0.9403166666666667
231	0.02155518945256869	0.993716666730245	0.9385500000317891
232	0.021483638832966487	0.9934666666666667	0.9389500000317892
233	0.02170522854824861	0.9933000000635783	0.9390833333333334
234	0.02159121875464916	0.9934	0.9387500000635783
235	0.021926736803601184	0.9934333333333333	0.9375333333651225
236	0.021347480420271556	0.9938333333333333	0.9382000000317892
237	0.021848085675636928	0.9934	0.9381333333969116
238	0.02173278308411439	0.9936333333333334	0.9385333333651225
239	0.02143681162794431	0.9936000000635783	0.93895
240	0.021942552209893863	0.99335	0.9376666666666666
241	0.021732378699382146	0.9937833333651225	0.9358333333969117
242	0.0224321799993515	0.9932	0.935766666730245
243	0.021719640559951466	0.99345	0.9368166666666666
244	0.02199098147749901	0.9935500000317892	0.9370833333651225
245	0.021972927175958952	0.9934166666666666	0.9358333333969117
246	0.021831359992424648	0.9933833333333333	0.9369000000317892
247	0.02182097941637039	0.9933833333333333	0.9375333333651225
248	0.022030787406861783	0.9933166666666666	0.9359000000635783
249	0.02190591789484024	0.9933833333969116	0.9366000000635782
250	0.021939463633298874	0.9932833333969117	0.9364166666666667
251	0.022349576780200005	0.9934500000635783	0.9345833333651224
252	0.02235394746363163	0.993366666730245	0.9357833333333333
253	0.022477141361435256	0.9936166666666667	0.9349666666984559
254	0.022132986928025882	0.9938166666666667	0.9345500000635782
255	0.022157677900791168	0.9937500000635783	0.9347500000635783
256	0.022536028295755385	0.9933666666666666	0.93445
257	0.022670335604747138	0.9930666666666667	0.9334666667302449
258	0.02232089511950811	0.9935666666984558	0.9332166666984558
259	0.022614558947086333	0.9937833333969116	0.931866666730245
260	0.02264982735713323	0.9934333333333333	0.9324166667302449
261	0.02253945733507474	0.9931333333969116	0.9333666667302449
262	0.022620454984654984	0.9933333333333333	0.9331
263	0.02271324075460434	0.9932833333333333	0.9323666667302449
264	0.0232456441467007	0.9930166666666667	0.9322833333333334
265	0.02288243205547333	0.9933333333333333	0.9314833333969116
266	0.023023759096860885	0.99345	0.9300666666984558
267	0.02328729255050421	0.9933	0.9304666666666667
268	0.023589844302336373	0.9932833333969117	0.9309500000635783
269	0.023187565992275873	0.9930666666666667	0.9317500000635783
270	0.02326248695254326	0.9931166666666666	0.9309000000317892
271	0.023488510430852573	0.9931666666666666	0.9309500000317892
272	0.023420882601539295	0.9930333333333333	0.9304666666666667
273	0.02348462623457114	0.993316666730245	0.9291666666984558
274	0.023098523954550424	0.9932	0.9305833333969116
275	0.02326277146736781	0.9933666666666666	0.9295166666984558
276	0.023545715668300788	0.9932333333333333	0.9281500000317892
277	0.023683091545104982	0.9929833333969116	0.9287500000635783
278	0.02357514571050803	0.9931166666666666	0.9284500000635783
279	0.023765307505925495	0.9933833333969116	0.9283833333651225
280	0.023251961264014243	0.9935166666666667	0.928116666730245
281	0.02341262516528368	0.9933833333333333	0.9291833333969116
282	0.023877580778797466	0.9934666666666667	0.9279666666666667
283	0.023568854528665542	0.9933166666666666	0.9286166666984558
284	0.02354247828324636	0.9933833333969116	0.9275166666666667
285	0.02332750018239021	0.9931833333969117	0.9279333333651225
286	0.024039536887407304	0.9937333333969116	0.9256833333969117
287	0.023834014203151066	0.9934	0.9257500000317891
288	0.02404515985250473	0.9931666666666666	0.9260833333969116
289	0.024430114113291105	0.9931166667302449	0.9250000000317892
290	0.023948604015509287	0.9935166666666667	0.9268666666666666
291	0.02445485507448514	0.9936166666984558	0.9255333333333333
292	0.024441297336419424	0.99325	0.9255666666984558
293	0.024238157413403193	0.993366666730245	0.9247000000317891
294	0.02430113894343376	0.9930500000317891	0.9240166666984558
295	0.024267632481455803	0.99335	0.9251000000317892
296	0.024569854813814164	0.9934000000317892	0.9238000000635783
297	0.023850812969605128	0.993516666730245	0.9251333333333334
298	0.024901064548889795	0.9929	0.9232500000317891
299	0.02427283505797386	0.9935833333969116	0.9244000000635783
300	0.024601519964138667	0.9934666666666667	0.9227166666984558
301	0.025212057731548946	0.9932666666666666	0.9212333333333333
302	0.024660126772522925	0.9933833333333333	0.9222333333333333
303	0.024945724685986836	0.9929666666666667	0.92225
304	0.024911195919911068	0.9933	0.9215333333333333
305	0.024754982628424963	0.9930666666666667	0.9213500000317891
306	0.024791440872351328	0.99325	0.9227166666666666
307	0.025261262557903924	0.9930166666666667	0.9215666666666666
308	0.025278867889444032	0.9933666666666666	0.9194833333651224
309	0.025242461679379144	0.9932833333969117	0.9210166666666667
310	0.024868088003496328	0.9933166666666666	0.9211833333333334
311	0.025442568230628966	0.993516666730245	0.9197000000635783
312	0.025083772961298625	0.993566666730245	0.9203666667302449
313	0.025840686482191087	0.9929166667302449	0.9191333333333334
314	0.026087388436992962	0.9930666666666667	0.9177333333969117
315	0.025644189321994783	0.9931333333333333	0.9197666666666666
316	0.026235208135843277	0.9929666666666667	0.9175166667302449
317	0.02603492613931497	0.9932666666666666	0.9186166666666666
318	0.025609362278381984	0.9932	0.9183833333333333
319	0.025856101980805398	0.9925666666666667	0.9179333333969116
320	0.026566935098171235	0.9925000000635783	0.9163833333333333
321	0.026070833443601928	0.9932000000635783	0.9169666666666667
322	0.026254338253537814	0.9929166666666667	0.9160000000317892
323	0.025886578780412672	0.9933333333333333	0.9154666666666667
324	0.026313330386082332	0.9937833333333334	0.9153833333333333
325	0.025874528457721074	0.9931833333651224	0.916016666730245
326	0.026217066965500514	0.9932000000317891	0.9153833333333333
327	0.02615913385351499	0.9937666666666667	0.91495
328	0.026502768864234288	0.9932833333333333	0.9143000000317891
329	0.026105559453368187	0.9931166667302449	0.9156
330	0.02707867623567581	0.9930833333333333	0.9125833333969117
331	0.026681481568018594	0.9930833333333333	0.9129000000317892
332	0.026609898076454797	0.9930500000635782	0.9144166667302449
333	0.026969026592373848	0.9930333333333333	0.9125166666984558
334	0.026590352606773376	0.9929	0.9146000000635783
335	0.026467726299166678	0.9932833333333333	0.9124333333969116
336	0.027064205622673036	0.9927333333969116	0.9127666666984559
337	0.02683528258005778	0.9929833333651225	0.9121000000635783
338	0.027129585164785384	0.99295	0.9111500000635783
339	0.02718287364244461	0.9929	0.9112333333651225
340	0.027118409631649652	0.99305	0.9113000000635783
341	0.02717454521258672	0.9932333333969117	0.9111333333333334
342	0.027318591320017974	0.9928166666666667	0.9107500000635783
343	0.02719434582789739	0.99305	0.9096333333969117
344	0.027928638706604638	0.9926833333333334	0.9098166666666667
345	0.02732893259227276	0.9931166666666666	0.9097833333969116
346	0.027554273360967635	0.9931166666666666	0.9082666666984558
347	0.027273626359303794	0.9931166666984558	0.9092
348	0.028109078071514765	0.992666666730245	0.9079666666984558
349	0.02787894936800003	0.9925333333969116	0.9075666666666666
350	0.02778746962249279	0.9930166666666667	0.9083166666666667
351	0.027638749839862187	0.9931000000635782	0.9079666666984558
352	0.02819875559210777	0.9929000000635783	0.9058333333969116
353	0.028056949973106385	0.9927333333333334	0.9064833333651224
354	0.02786193387210369	0.9933333333969117	0.9065333333969117
355	0.028177752653757732	0.9928666666666667	0.9054166666984558
356	0.028256392165025075	0.9930166666666667	0.906466666730245
357	0.028090794720252357	0.9929666666666667	0.9064333333333333
358	0.028361103200912476	0.9931500000635783	0.9058833333651225
359	0.02850716438094775	0.9926833333651225	0.9054333333969116
360	0.028831201694409052	0.9926833333333334	0.9045500000635783
361	0.02887178762157758	0.9926666666666667	0.9032000000317891
362	0.028431500347455344	0.9929833333333333	0.9031833333969116
363	0.0286394373635451	0.9931833333969117	0.90415
364	0.02915477477312088	0.9928333333333333	0.9024500000317891
365	0.029169500044981637	0.9928	0.9020000000635783
366	0.028494819790124894	0.9930166666984558	0.9020666666984558
367	0.028847570210695266	0.99285	0.9014833333969117
368	0.028381957508126894	0.9931	0.9031166667302449
369	0.029109225149949392	0.99255	0.9010666666984558
370	0.029041780259211857	0.9929333333333333	0.9026
371	0.029314128023386003	0.9926	0.9003833333969116
372	0.029401166598002116	0.9925833333333334	0.9012000000635783
373	0.02896554754972458	0.9928166667302449	0.9002333333969116
374	0.029615850273768108	0.9928333333333333	0.8995333333969117
375	0.029371583100159963	0.9928666666666667	0.8984500000317891
376	0.029576201546192168	0.9927333333333334	0.8991166666984558
377	0.029576899312933287	0.9924	0.8989833333651225
378	0.02964745947321256	0.9927	0.8995000000635783
379	0.029991653740406035	0.9930666666666667	0.8969166666666667
380	0.030023965666691462	0.9924833333333334	0.8982333333333333
381	0.029909511653582254	0.9928	0.8964500000635783
382	0.030202495296796163	0.9925166666666667	0.8961166666666667
383	0.030104616367816923	0.992616666730245	0.8959666667302449
384	0.02989335789779822	0.9928666666666667	0.8958
385	0.030783766413728396	0.992616666730245	0.8937166666666667
386	0.030017269615332284	0.9929166666666667	0.8953333333651224
387	0.03115783436894417	0.99225	0.8942500000317891
388	0.03044000795284907	0.9926166666984558	0.8943833333651224
389	0.030679883603254954	0.9929	0.89355
390	0.030265527721246084	0.9927000000635783	0.8956833333651225
391	0.03077741571764151	0.9925	0.8943333333969116
392	0.030031631016731262	0.9928666667302449	0.8946833333333334
393	0.030520397031307222	0.9925833333333334	0.8927833333969116
394	0.03082521538933118	0.9928666666666667	0.8923
395	0.031015874749422072	0.9928	0.8926000000635783
396	0.031230771547555925	0.9923666666984559	0.8910333333969116
397	0.031443279387553535	0.9923333333333333	0.8920666667302449
398	0.03147611834406853	0.993	0.8904333333969117
399	0.030941559064388276	0.9929166667302449	0.8910666666984558
400	0.0315902123093605	0.9927	0.8907333333333334
401	0.031034459257125856	0.9925333333651225	0.8903833333969117
402	0.03140226715803146	0.9926333333333334	0.8905833333333333
403	0.03193880695501963	0.992566666730245	0.88865
404	0.03178584388891856	0.992416666730245	0.8886166666666667
405	0.03205089424451192	0.992266666730245	0.8883
406	0.031695708652337395	0.9924000000317892	0.8879333333969116
407	0.031339912633101145	0.9927166666666667	0.8899666666666667
408	0.03167704807917277	0.9925833333333334	0.8884000000635783
409	0.03137988493939241	0.9926000000635783	0.88905
410	0.03225172361532847	0.992666666730245	0.8868166666666667
411	0.032330424910783764	0.9923666666666666	0.8865500000317892
412	0.03243069466352463	0.9922500000317891	0.8859000000635783
413	0.03212558703819911	0.992666666730245	0.8847833333333334
414	0.032220689872900644	0.9924166666666666	0.8863833333651224
415	0.03245757201910019	0.9923833333333333	0.8859833333651225
416	0.03246819867491722	0.9925500000635783	0.8835
417	0.03262167075475057	0.99265	0.8832000000317891
418	0.03252364784131447	0.9921833333333333	0.8841500000635782
419	0.032934903271993	0.9920500000635782	0.8837500000317892
420	0.03282855006059011	0.9925	0.8827000000317892
421	0.0332314122736454	0.9919500000635783	0.8837000000635783
422	0.03279537594715754	0.9927833333969116	0.8823666666666666
423	0.0330026216506958	0.9925166666666667	0.8839333333333333
424	0.03275246972739697	0.9924666666666667	0.881516666730245
425	0.0331598840435346	0.9921833333333333	0.8806666666666667
426	0.03307099795540174	0.99235	0.8815166666984559
427	0.03287179328600565	0.9922500000635783	0.8828333333333334
428	0.03292877005736033	0.99215	0.8817333333969116
429	0.03339635912378629	0.9923333333333333	0.8808166666984558
430	0.0341207551519076	0.9919	0.8769666666984558
431	0.03317909755607446	0.99225	0.8789833333651225
432	0.032969227127234144	0.99285	0.8807833333969116
433	0.03348168782989184	0.9921166666666666	0.8797833333333334
434	0.03379626231392224	0.9924500000635783	0.8771666667302449
435	0.03373360986709595	0.992266666730245	0.8770166666984558
436	0.03411530303557714	0.9923166666666666	0.8779333333969116
437	0.033633670657873156	0.9923166666984559	0.877516666730245
438	0.03434085191686948	0.9918166667302449	0.875466666730245
439	0.03453918509085973	0.9920666666666667	0.8741000000635782
440	0.03431144223213196	0.9920833333969116	0.8760166667302449
441	0.03486465316017469	0.9920000000635782	0.8747500000317892
442	0.03430289525787036	0.992316666730245	0.8751166666984558
443	0.03425959766705831	0.9918166667302449	0.8756166666666667
444	0.03440411121249199	0.9921333333969117	0.8752666666666666
445	0.03494704730908076	0.9921500000317891	0.8735833333969116
446	0.0344689950188001	0.9925833333333334	0.8722666666666666
447	0.035206313688556354	0.9917333333333334	0.8724166666666666
448	0.03489001800219218	0.9921666666984558	0.8721666666984558
449	0.03521972481012344	0.9922166666666666	0.8705000000317892
450	0.035136457359790804	0.9920333333333333	0.8709666666984558
451	0.034810934108495714	0.992266666730245	0.8701333333651224
452	0.03515790628393491	0.9921166667302449	0.8698833333969116
453	0.03525022116303444	0.9923	0.8698666666666667
454	0.03486990518073241	0.9922333333333333	0.8711166666984558
455	0.034694310867786404	0.9920833333333333	0.8717333333651225
456	0.035639972964922585	0.9920166666666667	0.8678166667302449
457	0.035719699041048686	0.9922833333333333	0.8678833333969116
458	0.03525904621680578	0.9922666666666666	0.8691166667302449
459	0.036048533686002096	0.9919333333333333	0.8672333333969117
460	0.03536286438902219	0.9923166666666666	0.8680333333651225
461	0.03578190631469091	0.9919833333333333	0.8661000000317891
462	0.03558696946899096	0.9918833333333333	0.8676833333333334
463	0.03563272496064504	0.9922833333969117	0.8662666666666666
464	0.036093519592285156	0.9919833333969116	0.8659166667302449
465	0.036457905872662864	0.9915833333333334	0.8652
466	0.03634099992116292	0.9920166667302449	0.866
467	0.03637948944568634	0.9923833333969116	0.8635833333333334
468	0.035858040475845336	0.992	0.8635666666666667
469	0.03558739422559738	0.9920833333651224	0.8628000000635783
470	0.03648245327870051	0.9915333333969116	0.8632500000635783
471	0.036080735542376834	0.992466666730245	0.8623166666984559
472	0.03607402947743734	0.9923833333333333	0.8634666666984558
473	0.0366397847533226	0.9918833333651225	0.8622833333333333
474	0.03592821249961853	0.99225	0.8627000000635783
475	0.037023114818334577	0.9916	0.8609666667302449
476	0.03702292706569036	0.9919166666666667	0.8600666667302449
477	0.03664418661991755	0.9919	0.8624000000635783
478	0.03756361893614133	0.9919	0.8591500000635783
479	0.03754081935286522	0.9919500000635783	0.860616666730245
480	0.03663221470912298	0.9919666666666667	0.8586166666984558
481	0.03725727059841156	0.9922166666984558	0.8590666666984558
482	0.03764387112061183	0.9921166666666666	0.8578500000635783
483	0.03707716609636943	0.9918833333333333	0.8587
484	0.03746055165926616	0.9920666666666667	0.8573833333333334
485	0.03820267391204834	0.9916	0.8551833333333333
486	0.037347470186154044	0.9923333333969117	0.8566666667302449
487	0.038479537038008375	0.9914500000635783	0.8566666666984558
488	0.03818024028142293	0.9921333333969117	0.8563833333333334
489	0.03733611298799515	0.9919333333333333	0.8563166666666666
490	0.03839985185861588	0.9917833333333334	0.8555333333651225
491	0.03855458459854126	0.99155	0.85285
492	0.038258450064063074	0.9918833333333333	0.8548666666666667
493	0.03804399066368739	0.99205	0.8543833333333334
494	0.03873967273434003	0.9911833333969117	0.8540000000317891
495	0.03857899178763231	0.9919166666666667	0.8525833333969116
496	0.03779494415124257	0.9919833333333333	0.8534166666666667
497	0.0385054376800855	0.9917000000635783	0.852116666730245
498	0.03870893801848094	0.9917333333969116	0.8527166667302449
499	0.03858145503600439	0.99155	0.8511166666984558
500	0.03876411728262901	0.9918166666984558	0.85245
501	0.03890884564121564	0.9913500000635783	0.8483500000317892
502	0.038438164750734964	0.9917666667302449	0.8515500000317892
503	0.03823716205557187	0.9918833333333333	0.8499
504	0.038682967762152354	0.9920666667302449	0.8498666667302449
505	0.038767852680881815	0.9918166666666667	0.84885
506	0.03872684107224147	0.9919333333333333	0.8502333333651225
507	0.039461266334851586	0.9911666666666666	0.8471666666666666
508	0.03857040788133939	0.9919166667302449	0.8486166666666667
509	0.03946626174449921	0.9913833333333333	0.8477000000635783
510	0.03958183274269104	0.9917166666984558	0.8460000000317891
511	0.03988468848268191	0.9917333333651225	0.8465666666666667
512	0.04025085774262746	0.9915833333333334	0.84395
513	0.03940215210318565	0.9917666666666667	0.8460833333651224
514	0.03994926033814748	0.9916666666666667	0.8442333333651225
515	0.03919494714140892	0.99205	0.843116666730245
516	0.04019785617788633	0.9916500000317892	0.8424000000635783
517	0.040540535527467725	0.991466666730245	0.8423000000317892
518	0.0398041811188062	0.9918666666666667	0.8435166666984558
519	0.04052404686013857	0.991566666730245	0.8398833333333333
520	0.039664668862024945	0.9918000000635783	0.8431833333333333
521	0.04045381558934848	0.9917	0.8424833333333334
522	0.04036939749320348	0.9915500000635783	0.8427333333333333
523	0.040389976453781125	0.9910333333651224	0.8429166666666666
524	0.04111127852797508	0.991166666730245	0.8407000000317891
525	0.0403513502240181	0.9914500000317892	0.8383500000317892
526	0.04005196529626846	0.9920500000635782	0.8404666666666667
527	0.04127963813742002	0.9915166666666667	0.8375166666984558
528	0.041229360153277717	0.9912166666666666	0.8414333333969116
529	0.04125438862244288	0.9910333333333333	0.8399333333969117
530	0.04076596879164378	0.991416666730245	0.8388166667302449
531	0.04100364845196406	0.9917833333333334	0.8371166666666666
532	0.041219713445504506	0.9918000000317891	0.83665
533	0.041477088769276936	0.9915333333969116	0.8353833333333334
534	0.04112198016842206	0.991716666730245	0.8381833333333333
535	0.041551191918055216	0.9913333333969117	0.83455
536	0.04162679886221886	0.9915500000635783	0.8354
537	0.04117232627868652	0.9916833333333334	0.8348666666984558
538	0.04134017669359843	0.991166666730245	0.8359000000635783
539	0.04186518515149752	0.9913833333333333	0.8334333333651225
540	0.042057303380966186	0.991416666730245	0.8344666667302449
541	0.04160032528241475	0.9915166666666667	0.8337166667302449
542	0.04192824662923813	0.9914833333969116	0.8325666667302449
543	0.04254123976727327	0.9911833333333333	0.8334833333333334
544	0.041587139916419984	0.991416666730245	0.8327833333333333
545	0.04207423192262649	0.9914	0.8312333333969116
546	0.041885241425037384	0.991516666730245	0.8333333333651225
547	0.04200687826474508	0.9915166666984558	0.8307000000317891
548	0.042434235378106436	0.9916666666666667	0.829
549	0.04194715378483137	0.9916333333333334	0.8304333333333334
550	0.042965602858861286	0.9906666666666667	0.829416666730245
551	0.04241017959515254	0.9912333333333333	0.8290500000317892
552	0.04261365566253662	0.9911166666666666	0.8283000000317892
553	0.04197069131135941	0.9921333333969117	0.8272333333969116
554	0.042222984298070275	0.9912500000635783	0.8287000000317891
555	0.04277951594988505	0.9914166666666666	0.8274000000635783
556	0.04309354568918546	0.9915	0.8258000000635782
557	0.04260979921023051	0.9913666666666666	0.8290833333333333
558	0.04343501677115758	0.9911	0.82375
559	0.04252994102636973	0.9919333333969116	0.8263333333333334
560	0.043031337745984395	0.9923166666984559	0.8243
561	0.04278995191256205	0.99175	0.8253
562	0.04346577803492546	0.9910166666666667	0.8251166666984558
563	0.042504853729406995	0.9913833333969116	0.825966666730245
564	0.043516347138086955	0.9912666666666666	0.824316666730245
565	0.04361359393199285	0.991566666730245	0.8226333333651225
566	0.04317247321208318	0.9915000000317892	0.8236000000635783
567	0.04283577381968498	0.991566666730245	0.8237666666666666
568	0.0433136327723662	0.9920666666666667	0.8211166666984558
569	0.04380528188149134	0.9916	0.8195000000317891
570	0.044193403096993766	0.99125	0.8194833333333333
571	0.044286644212404885	0.9910500000317891	0.8190833333651225
572	0.04407699688275655	0.991166666730245	0.8204500000317891
573	0.043453766457239786	0.9918333333333333	0.8205166666984558
574	0.04374790171384811	0.9914166666666666	0.8207333333333333
575	0.04378755801121394	0.9914333333333334	0.81955
576	0.04324084204832713	0.9915166666666667	0.8193833333333334
577	0.04474983645677567	0.9914166666666666	0.8144666667302449
578	0.04417968551715215	0.9913333333333333	0.8164333333969116
579	0.044390028202533724	0.9914	0.8164833333651225
580	0.04436781630714735	0.99125	0.81675
581	0.04443282720049222	0.9911166667302449	0.8155166666666667
582	0.044502108589808145	0.9913833333969116	0.8165500000635783
583	0.04405634512503942	0.9910666666984558	0.8144333333651225
584	0.044661738926172256	0.9914833333333334	0.8163666667302449
585	0.045038392859697345	0.9904166666666666	0.8136333333651224
586	0.04548429383436839	0.9914000000317892	0.8133666667302449
587	0.04479552366733551	0.9916833333333334	0.8112000000635783
588	0.04487263314723969	0.991366666730245	0.8128333333969117
589	0.04439295329650243	0.9913000000317892	0.8139
590	0.04507953240076701	0.9913833333333333	0.8123333333651225
591	0.04554510649442673	0.9908333333651225	0.8124333333651225
592	0.04506992506186167	0.9911666666666666	0.8110000000635783
593	0.04626086062987646	0.9908666666984558	0.8088
594	0.045355844167868295	0.9916833333333334	0.8096000000317891
595	0.0463452443142732	0.9904666666666667	0.8074333333969116
596	0.045291108536720276	0.9911833333333333	0.8109333333492279
597	0.04610936659971873	0.9908166666666667	0.8067500000635783
598	0.04550286249319712	0.99105	0.8098833333969117
599	0.045537186408042905	0.9915166666666667	0.8095666666984558
600	0.04599344376722972	0.99085	0.808766666730245
601	0.04638313349485397	0.9912333333333333	0.8064500000635783
602	0.046030197570721305	0.9908	0.8088000000317891
603	0.04586700081825256	0.9914333333333334	0.8075500000635782
604	0.046231038041909533	0.9907333333333334	0.8056
605	0.04638274179299672	0.9908166667302449	0.8038833333969116
606	0.04620076266129811	0.9913000000317892	0.804066666730245
607	0.04604362714091937	0.9912	0.8038
608	0.046231850854555764	0.9912500000317891	0.8063
609	0.046432697419325514	0.9907166666984558	0.8044333333333333
610	0.04686247770786285	0.9912333333333333	0.8026333333651224
611	0.04697833795150121	0.9913333333969117	0.8019833333333334
612	0.04723972535928091	0.99085	0.801816666730245
613	0.046296470270554224	0.9910833333333333	0.8040833333333334
614	0.04649998730421066	0.9909833333651225	0.8012833333651225
615	0.04699257367054621	0.99065	0.8032166666825612
616	0.047389342157046	0.9907833333969116	0.8002166667302449
617	0.0477257640838623	0.9905666666666667	0.7998166666666666
618	0.047091018706560135	0.9908333333333333	0.7999833333969116
619	0.04694845870335897	0.9911833333333333	0.7999833333333334
620	0.04719631619254748	0.9908666666666667	0.7976333333333333
621	0.04698836975892385	0.9913333333333333	0.7985666667302449
622	0.047654575844605765	0.9911333333333333	0.796116666730245
623	0.04823680404027303	0.9909166666984558	0.7952666666666667
624	0.04816104898850123	0.9908000000635783	0.7983000000635783
625	0.04709872478644053	0.9910333333333333	0.7967666666825612
626	0.04710685062408447	0.99135	0.79485
627	0.04691561727523804	0.9910000000317891	0.7972166666984558
628	0.04776851971944173	0.9910333333969116	0.7943500000317891
629	0.0470545436501503	0.9911666666666666	0.7949500000635783
630	0.048720120271046954	0.9900833333651224	0.7963000000317891
631	0.047987724324067435	0.9908333333333333	0.7942833333333333
632	0.048762427484989164	0.9905833333969116	0.79325
633	0.048341944177945455	0.9911500000317891	0.7940833333651225
634	0.04809204921325048	0.9911166666666666	0.7943666666984558
635	0.048023628558715184	0.9908166666666667	0.7942333333651225
636	0.048199415862560276	0.9911333333969117	0.7916333333969117
637	0.04859618813991547	0.9904500000635783	0.7929833333651225
638	0.04892267868518829	0.9905000000317892	0.7915333333492279
639	0.04789609433412552	0.9910666666666667	0.7926833333492279
640	0.04888500823974609	0.9903000000635783	0.7915333333969117
641	0.04836724094351133	0.9908833333333333	0.7910833333333334
642	0.048476991927623746	0.9908166666666667	0.7909500000317892
643	0.04856477588017782	0.9907833333333333	0.7917833333969116
644	0.048497067964077	0.9909166666984558	0.7865000000635783
645	0.048570081833998364	0.9908833333333333	0.7876500000635783
646	0.048724949141343434	0.9910333333969116	0.7854166666984558
647	0.04887542989651362	0.9909666666666667	0.7872333333651225
648	0.04853217045068741	0.99085	0.7880500000158945
649	0.04830311051209768	0.99085	0.7886500000317891
650	0.049671090924739834	0.9906000000317892	0.7858166666984558
651	0.04921312600572904	0.99155	0.7839500000635783
652	0.04924529300928116	0.9910500000635782	0.7843833333333333
653	0.04870196923414866	0.9909000000635783	0.7853166666984558
654	0.049442994286616644	0.9901000000635782	0.7861666666984558
655	0.04951127101182937	0.99075	0.7848333333333334
656	0.04974665318727493	0.9908166667302449	0.7836666666984559
657	0.04886249458392461	0.99075	0.7858166666666667
658	0.04939881195227305	0.9905166666666667	0.7853166666666667
659	0.050218916384379066	0.9908	0.7809666666825612
660	0.05050842170715332	0.9904833333333334	0.7793166667302449
661	0.04922666826248169	0.9905	0.7841500000317891
662	0.04975051058530808	0.9909833333651225	0.7800666666825612
663	0.05054167839686076	0.9907833333333333	0.78035
664	0.04986575593948364	0.9908	0.7797166666984559
665	0.050182892473538715	0.9909166666666667	0.7799666666666667
666	0.0500127895951271	0.9908000000635783	0.7811166666825612
667	0.049660644189516705	0.9910833333333333	0.7768166666984558
668	0.05013141782681147	0.99025	0.7777333333492279
669	0.05074987695614497	0.9905666666984558	0.7785666666825612
670	0.049858653422196704	0.9906666666984558	0.7799333333969116
671	0.04965140586296717	0.9908000000317891	0.7771666666984558
672	0.04997469952106476	0.99045	0.7762833333333333
673	0.05029894471168518	0.9910000000635782	0.7762666666666667
674	0.05045660887161891	0.9906833333969116	0.7777666666984558
675	0.050192029452323914	0.9908333333969116	0.7753666666666666
676	0.05048405619064967	0.9907833333333333	0.7760166666666667
677	0.0506141930103302	0.9902833333969117	0.7747333333492279
678	0.05075353941122691	0.9908500000635783	0.7712666666666667
679	0.05015433941980203	0.9910166666666667	0.7759166666984558
680	0.05090715341965357	0.9905333333969116	0.7753500000158946
681	0.05160950661102931	0.9906000000635783	0.7718166666825612
682	0.05045937640964985	0.9910833333333333	0.7726833333651225
683	0.051595324504375456	0.9902666666984558	0.7707000000158946
684	0.051685340015093485	0.990166666730245	0.7702666667302449
685	0.05068174041112264	0.9908833333969116	0.770916666730245
686	0.0511137685139974	0.9906000000317892	0.7695166666666666
687	0.05111770904858907	0.9909833333333333	0.7707000000635783
688	0.05061167342265447	0.9910166666666667	0.769866666730245
689	0.05178270258307457	0.9899833333333333	0.7693833333333333
690	0.051048751439650854	0.9907333333333334	0.7693000000158946
691	0.05117631697058678	0.99095	0.77075
692	0.05104033855001132	0.9909	0.7673666666984558
693	0.051049833538134894	0.9909833333333333	0.7677500000317892
694	0.05181055899858475	0.9907666666666667	0.7692666666984558
695	0.05112814868688583	0.9909666666666667	0.7671666667302449
696	0.05164286733865738	0.9909333333651225	0.7686
697	0.051791045016050336	0.9903666666666666	0.76845
698	0.052322127022345864	0.9902	0.7636833333651225
699	0.05097457605997721	0.9909	0.7667666666984558
700	0.05082302148739497	0.9908500000635783	0.7663166667302449
701	0.05318891609509786	0.9902333333333333	0.7627166666666667
702	0.05209333004951477	0.99005	0.7651166666825613
703	0.05163585473299027	0.9903833333651225	0.7677833333333334
704	0.0522489075144132	0.99075	0.7653833333492279
705	0.052731024197737376	0.9902833333969117	0.7631833333969116
706	0.052862409194310504	0.9902833333969117	0.7622
707	0.05258298533757528	0.9905500000635783	0.7638000000317892
708	0.05197637222210566	0.9908833333969116	0.7610333333651225
709	0.05270781970421473	0.9908166666666667	0.76285
710	0.05217896909316381	0.9901	0.7646333333333334
711	0.05317217066287994	0.9905333333651225	0.7579166666984558
712	0.05267299292484919	0.9908000000635783	0.7594166666825612
713	0.053100136780738834	0.9903000000635783	0.761
714	0.05278477857112884	0.9906333333333334	0.7603666666666666
715	0.05250951226949692	0.9905333333651225	0.7578166666666667
716	0.052625242392222084	0.99045	0.7608666666984558
717	0.052505409570535025	0.9905500000635783	0.7592333333333333
718	0.05353204398552577	0.9898333333651225	0.7595333333492279
719	0.05290440055131912	0.99065	0.7576833333492279
720	0.053459999350706736	0.9903500000635783	0.75785
721	0.053525176632404324	0.9899666666984558	0.7577500000635783
722	0.053295152592659	0.9902333333969117	0.7571333333651225
723	0.05433162003755569	0.9897666666984558	0.7533666666666666
724	0.05318715712229411	0.99035	0.7536166666825612
725	0.053995717708269754	0.9897500000635783	0.75365
726	0.05333121527433395	0.990266666730245	0.7547000000317892
727	0.05314099142948787	0.9902333333969117	0.7541166666984558
728	0.05307131666739782	0.9905666666666667	0.7548333333492279
729	0.05300980010032654	0.990616666730245	0.7551166666984558
730	0.053251777462164564	0.9904666666666667	0.7542833333333333
731	0.05369173501729965	0.9909833333969116	0.7522833333333333
732	0.053716648209095004	0.9901333333969117	0.7510500000158946
733	0.05258280742963155	0.9903500000317892	0.7537666666984558
734	0.054359291938940686	0.9903500000635783	0.7487166666825612
735	0.05322590995629629	0.9903833333333333	0.7517
736	0.054002232205867765	0.9900833333333333	0.7511666666666666
737	0.05353977995713552	0.990316666730245	0.7554000000158946
738	0.05362448606888453	0.9909500000635783	0.7493166666666666
739	0.05344930390516917	0.9905666666666667	0.7478500000317891
740	0.05502830621401469	0.9898833333651225	0.7450166666825613
741	0.054753036653995515	0.990366666730245	0.7451833333333333
742	0.05452976883252462	0.9903833333651225	0.7479000000317891
743	0.0545362783630689	0.9899333333969116	0.7466666666666667
744	0.055063802687327065	0.9902333333333333	0.7478166666666667
745	0.05404436340332031	0.9906666666666667	0.7490833333333333
746	0.05473867806593577	0.9906333333333334	0.7446
747	0.05484937023719152	0.9901	0.7472333333651224
748	0.05503901361823082	0.9898500000635783	0.7429666666666667
749	0.05491252927780151	0.9899	0.7442333333333333
750	0.05588575661579768	0.9892500000317891	0.7432333333492279
751	0.05412043838898341	0.9902	0.7450666666984558
752	0.05466384740670522	0.9901333333333333	0.7428166666825612
753	0.05538666772842407	0.9901000000635782	0.7439166666666667
754	0.054466671701272326	0.9906000000635783	0.7436333333333334
755	0.055002409156163536	0.990266666730245	0.7423666666825612
756	0.05454215156634649	0.990466666730245	0.7452166666825613
757	0.055387447162469225	0.9904166666666666	0.7426000000158945
758	0.05449405430555344	0.99025	0.7418
759	0.05489343161185582	0.9906000000317892	0.7441833333333333
760	0.05467721534967423	0.9907333333651225	0.7393500000158946
761	0.05606853044827779	0.99	0.7372666666825612
762	0.05542859700123469	0.9901833333969117	0.738933333349228
763	0.05482217363913854	0.9897000000635783	0.7409500000317891
764	0.05456740803718567	0.9903333333333333	0.7421333333651224
765	0.05549179827769597	0.9905333333333334	0.7399
766	0.05555973940292994	0.9900500000635782	0.7412666666666666
767	0.05535636146465937	0.9902500000635783	0.7375333333333334
768	0.05528254582881927	0.9903500000635783	0.7383500000317892
769	0.05605740983486176	0.9897166667302449	0.7376000000317892
770	0.05647976180712382	0.9897666666666667	0.7401333333333333
771	0.056727001293500265	0.9897166666984558	0.7367333333651225
772	0.055725634284814196	0.9902833333333333	0.7341000000317891
773	0.05576819094022115	0.9904000000635783	0.7365333333333334
774	0.05582465368111928	0.99035	0.7350833333333333
775	0.055442098963260654	0.9902500000635783	0.7371833333651224
776	0.05605372250874837	0.99015	0.7329166666825613
777	0.055951429669062296	0.9904333333969116	0.7333000000317892
778	0.05639170078039169	0.9895500000635783	0.7362833333492279
779	0.05580273556311925	0.9903166666984559	0.7358500000317891
780	0.05565644189516703	0.99005	0.7375500000317892
781	0.05638569353421529	0.990366666730245	0.73055
782	0.05663458495934804	0.9898333333969116	0.7303500000317892
783	0.056581154417991636	0.9899166667302449	0.7319500000158946
784	0.056302462009588876	0.9897333333969116	0.7326833333492279
785	0.0554619722366333	0.9906333333651225	0.7305833333492279
786	0.055838533222675325	0.9898333333969116	0.7312000000158946
787	0.05634442356030146	0.99035	0.7322500000317892
788	0.05619133855501811	0.9903833333651225	0.7320666666825613
789	0.05650620183547338	0.990266666730245	0.7280166666984558
790	0.05667579853932063	0.9898333333969116	0.7315333333651225
791	0.056308933254082996	0.9900166666666667	0.7303833333412806
792	0.05664901882410049	0.9900000000635782	0.7304666666666667
793	0.05663722971280416	0.9904833333969116	0.7259333333333333
794	0.057252513416608176	0.9898666666666667	0.7274166666666667
795	0.056800645709037784	0.99015	0.7259666666666666
796	0.056736969923973084	0.9901	0.7264666666825612
797	0.05746109747091929	0.9900333333333333	0.7261666666825612
798	0.05790750448306402	0.9897	0.7248833333492279
799	0.05687065339883168	0.989566666730245	0.7273333333492279
800	0.05739601749579112	0.9898000000635783	0.7248833333651225
801	0.05675588655869166	0.9903	0.7249666666825613
802	0.05734071182807286	0.9899833333333333	0.7252333333492279
803	0.056965422062079114	0.9900666667302449	0.7256500000158945
804	0.05740172745784124	0.9905333333333334	0.7254333333492279
805	0.05723687658707301	0.9897666667302449	0.72545
806	0.057375356551011406	0.9899833333651225	0.7193500000317892
807	0.05731294485727946	0.9895833333969116	0.7243
808	0.05686394078731537	0.9897333333333334	0.7273666666666667
809	0.05695494618415833	0.990466666730245	0.7248333333333333
810	0.05876233506202698	0.9887666667302449	0.7193833333492279
811	0.05729164340098699	0.9901166666984558	0.7198333333492279
812	0.05751967161099116	0.9900833333969116	0.7206666666825612
813	0.05740446449518204	0.9906	0.7239166666825613
814	0.05775192582607269	0.9901333333969117	0.71995
815	0.057636961273352307	0.9899333333969116	0.7225166666825612
816	0.058008196981747945	0.9901000000635782	0.7204333333651225
817	0.05764911317427953	0.9900500000635782	0.71905
818	0.05771878858804703	0.9899833333333333	0.71785
819	0.05861664292812348	0.9890833333651224	0.71825
820	0.058021402947107954	0.9898166667302449	0.7161666666746139
821	0.05854280404249827	0.9895500000635783	0.7177833333333333
822	0.05843430534998576	0.9894500000317892	0.7164333333651225
823	0.058296056509017945	0.9900833333651224	0.7182
824	0.05814967788855235	0.9901833333333333	0.7196333333333333
825	0.057781448237101234	0.9900666666666667	0.7187166666984558
826	0.058631243248780565	0.9897500000635783	0.7185333333333334
827	0.058187228135267895	0.9899666666666667	0.7152500000158946
828	0.0577469862540563	0.9900333333333333	0.71715
829	0.059094424231847124	0.9897500000635783	0.7147500000039736
830	0.05782149291038513	0.9901833333333333	0.7172333333333333
831	0.05870497214794159	0.990216666730245	0.7179166666825613
832	0.05887575800418854	0.9894000000635783	0.7126833333333333
833	0.05905137671629588	0.9898666666984558	0.7103333333651225
834	0.05892376371622086	0.9897666666666667	0.7112166666825612
835	0.05843775808811188	0.98995	0.7114333333492279
836	0.059058568366368615	0.9895333333651225	0.7150166666746139
837	0.05951541064580282	0.9890166667302449	0.7109166666706404
838	0.059131785809993745	0.9899000000635783	0.7105833333412807
839	0.0587587233543396	0.9899500000317891	0.7123000000158946
840	0.0590880666812261	0.9897666666666667	0.7098666666666666
841	0.05899174552758535	0.9897166667302449	0.7132166666825612
842	0.05885845154523849	0.9902500000635783	0.707866666674614
843	0.058764102546374	0.9897166666666667	0.7107333333651225
844	0.05934542411963145	0.990116666730245	0.7072000000079472
845	0.05832442115147909	0.9900333333333333	0.7146500000317891
846	0.05957762989997864	0.9894166666666667	0.71045
847	0.05928476416269938	0.9896666666666667	0.7083666666825612
848	0.05961548683643341	0.989666666730245	0.7071666666666667
849	0.058858763253688814	0.9900333333969116	0.7109833333333333
850	0.05881798102855682	0.9901333333969117	0.7086333333333333
851	0.058679594083627065	0.9903	0.7087500000317891
852	0.05940570009946823	0.9898333333333333	0.7107500000158946
853	0.05912378222942352	0.9899333333969116	0.7091000000158946
854	0.060034949310620624	0.9893333333969117	0.7063166666666667
855	0.058980400387446084	0.989666666730245	0.7076000000158946
856	0.05878012773990631	0.9901833333651224	0.7110500000039737
857	0.060005213272571564	0.9899333333333333	0.7011666666984558
858	0.05977147154808044	0.9898666666984558	0.70755
859	0.059532131306330366	0.9900833333333333	0.7043000000158945
860	0.060000771820545196	0.9895500000635783	0.7029500000158946
861	0.06034342110157013	0.9891833333333333	0.7057333333651225
862	0.05996826846996943	0.9897666666984558	0.7027833333333333
863	0.05999187084833781	0.9895500000635783	0.7079500000039737
864	0.060017745367685955	0.9895833333651225	0.7001833333492279
865	0.060385490600268044	0.9886333333333334	0.7032000000158946
866	0.05951109279791514	0.9900000000635782	0.7042666666825612
867	0.06009386948744456	0.9897500000317891	0.6998666666666666
868	0.05974158549308777	0.9894500000317892	0.7063166666746139
869	0.059635387869675954	0.98945	0.7058833333492279
870	0.05978182062705358	0.9904666666666667	0.7011333333492279
871	0.06018912455240885	0.9898166667302449	0.7010166666746139
872	0.05926637719472249	0.9900666667302449	0.7009333333651224
873	0.05980403922398885	0.9902666666984558	0.6984666666666667
874	0.06034491525888443	0.9894833333333334	0.6986666666984558
875	0.06098909465471904	0.9893	0.69645
876	0.06068014974594116	0.9894833333969116	0.6984
877	0.06054857572714488	0.9897500000635783	0.7001000000158946
878	0.06101265336275101	0.9888000000635783	0.7009666666984559
879	0.06046746447483699	0.9895833333651225	0.6995
880	0.06020360735257466	0.9900833333969116	0.70085
881	0.06071477339267731	0.9896500000317892	0.6954500000158945
882	0.06009077461957932	0.9896833333333334	0.6973666666666667
883	0.06051083338658015	0.9900666666984558	0.6970666666666666
884	0.060369415708382924	0.9897833333333333	0.6995000000079473
885	0.060603767418861386	0.9895500000635783	0.7009166666825613
886	0.060737553278605146	0.989666666730245	0.6951166666706403
887	0.060609006051222485	0.98965	0.6978500000317891
888	0.061256810482343035	0.9894833333651225	0.6963833333651225
889	0.060532905368010204	0.98975	0.6969166666666666
890	0.061585217157999673	0.9897	0.6911166666666667
891	0.06090645370483398	0.9899500000635783	0.6949833333492279
892	0.0615266597588857	0.9890333333333333	0.6901833333412806
893	0.06069332146247228	0.98935	0.6973833333333334
894	0.060849625404675804	0.9897500000635783	0.6959833333492279
895	0.06090351252555847	0.9896166666666667	0.6906
896	0.06157656838099162	0.9900833333969116	0.6931333333492279
897	0.06134426368077596	0.9900000000635782	0.6945000000317891
898	0.061694521411259966	0.9893500000317892	0.6892833333333334
899	0.06075324556827545	0.9898500000635783	0.6909
900	0.060966656557718914	0.9896333333651225	0.6919833333651225
901	0.06074908629655838	0.9898833333969116	0.6922666666666667
902	0.06141222310066223	0.989566666730245	0.6921000000158946
903	0.06134992605845133	0.989566666730245	0.6918666666706403
904	0.061182419840494794	0.9901166666666666	0.6849000000158946
905	0.06218786851565043	0.9892333333969117	0.6893333333333334
906	0.06113633442719778	0.9894000000317892	0.692716666674614
907	0.06096743117968241	0.9902500000635783	0.6883333333412807
908	0.061025899827480315	0.9899	0.6884166666984558
909	0.06204771926403046	0.9889000000317891	0.690466666674614
910	0.061517401854197185	0.9895000000317892	0.68605
911	0.061153306889534	0.9897500000635783	0.689966666730245
912	0.06124744162559509	0.9893666666666666	0.6897500000317891
913	0.06163994840780894	0.9897666666666667	0.6861500000158945
914	0.061817119352022804	0.9899500000635783	0.6886833333333333
915	0.06124754733244578	0.989416666730245	0.6835666666666667
916	0.06185415342648824	0.9891166666666666	0.6844333333333333
917	0.061415365254879	0.9894833333333334	0.6876833333651224
918	0.06128447235027949	0.9894333333333334	0.6904666666984558
919	0.06159493629137675	0.9899833333651225	0.68585
920	0.061025710837046304	0.9894333333333334	0.6902833333651225
921	0.06126114276250203	0.9894833333651225	0.69075
922	0.06309360571702322	0.9890333333651224	0.677416666674614
923	0.06328591006199519	0.9884833333969116	0.6840833333492279
924	0.06201201858520508	0.9894833333969116	0.6829666666666667
925	0.06219250114758809	0.989566666730245	0.6868833333333333
926	0.06153650343020757	0.9900166667302449	0.6819333333492279
927	0.062738412296772	0.9890500000635782	0.6832833333492279
928	0.06274007924795151	0.988666666730245	0.6772166666666667
929	0.06211263126929601	0.9895333333333334	0.6856500000158946
930	0.06185831580956777	0.9896166666666667	0.68645
931	0.061879743111133576	0.9897	0.684466666674614
932	0.06260235067605972	0.9896666666666667	0.6836
933	0.06286579487323761	0.9887833333969116	0.685616666674614
934	0.06161831726233164	0.9895	0.6869666666746139
935	0.06205586097240448	0.989416666730245	0.6829833333333334
936	0.06208870782057444	0.9892333333333333	0.6835333333412806
937	0.06218950168291728	0.989366666730245	0.6775833333333333
938	0.06242208377520243	0.9892333333333333	0.6817666666706403
939	0.062884526292483	0.9894333333969116	0.6789000000158946
940	0.062201293194293975	0.9894833333333334	0.6795500000158946
941	0.06296410960356394	0.988666666730245	0.6763666666666667
942	0.06250312832196553	0.9895333333333334	0.6804500000039736
943	0.062087256757418316	0.9895666666984558	0.6805000000317891
944	0.0638705350836118	0.9887	0.6746
945	0.062254815634091694	0.98935	0.6820833333412806
946	0.06345072166919709	0.9891166666984558	0.6779833333333334
947	0.0627892684062322	0.9895333333651225	0.6769833333412806
948	0.06273292744557063	0.9893833333969116	0.6790333333333334
949	0.06270451340675354	0.98965	0.6812833333412807
950	0.06324358513355255	0.989666666730245	0.6751833333492279
951	0.06275359108448028	0.98915	0.677616666674614
952	0.06276198655366898	0.989266666730245	0.6784000000079473
953	0.0625021249850591	0.9891166666666666	0.6782500000317891
954	0.06360033331712087	0.9897666667302449	0.6738000000039737
955	0.06414748948812485	0.9887166667302449	0.6672666666825613
956	0.06278803056081136	0.9896333333651225	0.6795833333333333
957	0.06336514711380005	0.9889500000317891	0.6771166666706403
958	0.0630598489522934	0.9893833333333333	0.672633333337307
959	0.06468746757507324	0.9887666666984558	0.668466666674614
960	0.06285849653085072	0.9897000000317892	0.6736833333412806
961	0.06296976385116577	0.9897	0.6767166666984558
962	0.06319671759605408	0.9895333333969116	0.676516666674614
963	0.06331282735268275	0.9896666666666667	0.6744666666984558
964	0.06260356074174245	0.9899	0.6770833333333334
965	0.06327071974674861	0.9892333333969117	0.6732666666825612
966	0.06330870198408763	0.9895500000635783	0.6713
967	0.06314229738314947	0.9891833333333333	0.6773500000158946
968	0.06350830001831055	0.9898166666666667	0.6754333333333333
969	0.06350007958014806	0.9891000000635782	0.6726666666984558
970	0.06303090112606684	0.9894333333333334	0.6738666666666666
971	0.06290290929873785	0.9897666667302449	0.6773500000317891
972	0.06392770401636759	0.989416666730245	0.6624
973	0.06325102779070536	0.9898666666666667	0.6696166666666666
974	0.06459889957507452	0.9887333333333334	0.6732666666666667
975	0.06299193139076233	0.9893666666666666	0.6770666666666667
976	0.06339431720574697	0.9891	0.6741833333492279
977	0.06384645071029663	0.989266666730245	0.6662833333333333
978	0.06423111846446991	0.9896333333969116	0.6601500000158945
979	0.06388494162162145	0.9894333333969116	0.6690833333651225
980	0.06407529484828313	0.9886500000635783	0.6682833333651225
981	0.06384676663080852	0.9892333333333333	0.6721166666666667
982	0.06380440945625306	0.9895166666984558	0.66315
983	0.0635435837427775	0.9896666666984558	0.6674833333651224
984	0.06434280479749044	0.9894833333969116	0.6685333333412806
985	0.06351397925217947	0.9893500000635783	0.6767833333492279
986	0.06423579346338908	0.9892666666984559	0.66615
987	0.06375518105824789	0.9894000000635783	0.6660166666706403
988	0.06399927887916565	0.9888000000635783	0.6604166666825613
989	0.064378973031044	0.9888833333651225	0.6679666666666667
990	0.06520158379077912	0.9883833333333333	0.66685
991	0.06447949040730794	0.9891500000317891	0.6678333333651225
992	0.06417368517716726	0.9898666666984558	0.6637
993	0.06398629387219747	0.9892333333651224	0.6624333333492279
994	0.063816898838679	0.9893833333651225	0.6669333333412806
995	0.06434098325967788	0.989516666730245	0.6630000000317892
996	0.0643431807120641	0.9892333333333333	0.666466666674614
997	0.06496637628475825	0.9896166666666667	0.6640500000079473
998	0.06448272440433502	0.9888500000635783	0.6654
999	0.06486201415061951	0.9887833333651225	0.6581000000158945
1000	0.06407866093715033	0.9896333333969116	0.6662500000079473
1001	0.06378644839525223	0.9891166666666666	0.66875
1002	0.06450671098629633	0.9892333333969117	0.6640833333333334
1003	0.06429826700290044	0.9887166666666667	0.66425
1004	0.06606220765113831	0.9883333333969117	0.65455
1005	0.06552419757843017	0.9877666666666667	0.6631166666666667
1006	0.0645563420454661	0.9888833333333333	0.6609333333333334
1007	0.0642420164903005	0.989116666730245	0.6660166666825612
1008	0.06373799199263255	0.989516666730245	0.6695833333492279
1009	0.06519387327829997	0.98905	0.6535833333353201
1010	0.06353434315522512	0.989166666730245	0.6681166666666667
1011	0.06381486596663793	0.9893833333969116	0.6644333333333333
1012	0.06495805334250132	0.9895166666666667	0.6602833333412806
1013	0.06408873935143153	0.9893166666666666	0.6595333333333333
1014	0.06495447802941004	0.9890666666666666	0.6626666666825612
1015	0.06411533620754878	0.9895500000635783	0.6607833333492279
1016	0.06488036143779755	0.9892166666666666	0.6580500000079473
1017	0.0649894361813863	0.9893333333651225	0.6607333333412806
1018	0.06437610153357187	0.9890166666666667	0.6601000000079473
1019	0.06514061496257782	0.9894500000317892	0.6604000000039737
1020	0.0653221355398496	0.9893166666666666	0.6607500000158946
1021	0.06447039835453033	0.9891833333333333	0.6648833333492279
1022	0.06493619848092397	0.9890666666666666	0.6520833333412807
1023	0.06459627015988031	0.9894166666666667	0.6627000000317892
1024	0.06548921089967091	0.98925	0.6582666666666667
1025	0.06564524128437042	0.9890666666666666	0.6513000000039736
1026	0.06500805883407593	0.9891000000635782	0.6617833333412806
1027	0.06491379977067312	0.9893833333969116	0.6657000000079473
1028	0.06427940186659495	0.9892166666984558	0.657516666674614
1029	0.06442897038062413	0.9889333333651225	0.6618000000079473
1030	0.06535466488202413	0.9893333333969117	0.6506333333412806
1031	0.06597878521283468	0.9887000000635783	0.6495833333492279
1032	0.06489682819048563	0.9892500000635783	0.6529500000158945
1033	0.06513130484024683	0.9888500000635783	0.655166666674614
1034	0.06553334507147471	0.9888333333333333	0.6564666666666666
1035	0.06509813737074534	0.9889500000317891	0.65945
1036	0.06590613785584767	0.9887500000317891	0.6577333333412806
1037	0.06537265954017639	0.9894833333333334	0.6589333333412806
1038	0.06445606212615967	0.9893333333969117	0.6529500000079473
1039	0.06509174025058746	0.9896166666984558	0.653016666674614
1040	0.06521032466491064	0.9894	0.6509
1041	0.06518826650778453	0.9891500000635783	0.6548
1042	0.06646482327779134	0.9889833333969116	0.6487
1043	0.06504048441251119	0.9888500000317891	0.657833333337307
1044	0.06542995362281799	0.9889666666984558	0.6495333333412806
1045	0.06570293482939402	0.9889833333969116	0.6504333333333333
1046	0.06491208088000615	0.9889166666984558	0.6549166666825612
1047	0.0654976228872935	0.9892166666666666	0.6579833333412807
1048	0.06473598460356395	0.9889666667302449	0.657583333337307
1049	0.064948584095637	0.9890666666666666	0.6618333333412806
1050	0.06506683718363444	0.9892	0.6523
1051	0.06558975013097128	0.98885	0.6443666666706404
1052	0.06572736276785533	0.9888333333651225	0.648966666674614
1053	0.06549242836634318	0.9892666666984559	0.6501166666825612
1054	0.06560336865584056	0.9894833333969116	0.6506166666666666
1055	0.0660142655769984	0.9889000000635783	0.6449
1056	0.06605304164091746	0.9890166666984558	0.65285
1057	0.06552989044984182	0.9893166666984559	0.6491666666825613
1058	0.06569795591036479	0.9893333333969117	0.6542666666666667
1059	0.0661560009241104	0.9896333333969116	0.6440333333412807
1060	0.06550569045146307	0.9888666667302449	0.6533166666666667
1061	0.06660594629446666	0.9890000000635782	0.6482333333373069
1062	0.06649798649946849	0.9893833333651225	0.6418166666825612
1063	0.06629898869196574	0.9891666666666666	0.6503333333492279
1064	0.06662647190093994	0.98915	0.6451000000039736
1065	0.06605022257169088	0.9886833333651225	0.6447833333412806
1066	0.06614148730436961	0.9886833333969116	0.652383333337307
1067	0.06531432766914368	0.9895000000317892	0.6515333333353202
1068	0.06588198052247365	0.9895000000317892	0.6372333333333333
1069	0.0662334774295489	0.98915	0.6430833333412806
1070	0.0659060645977656	0.988666666730245	0.6489333333412807
1071	0.06618233824570974	0.9888833333969116	0.6548333333333334
1072	0.0661785047531128	0.9889500000635782	0.6496666666746139
1073	0.06586789119243622	0.9892	0.6487500000158946
1074	0.0653721224784851	0.9898666667302449	0.6503833333333333
1075	0.06689953688780467	0.9890166666666667	0.6375833333333333
1076	0.06628128543694814	0.9887833333651225	0.6428833333492279
1077	0.0667261000474294	0.9891500000635783	0.649683333337307
1078	0.06651942245165507	0.9887500000635783	0.6435
1079	0.06693358693917592	0.9881166666984558	0.6346166666706403
1080	0.0661330303033193	0.9890000000635782	0.6461833333412806
1081	0.06590681302547455	0.9892166666666666	0.6456333333492279
1082	0.06556153872013092	0.989366666730245	0.644016666674614
1083	0.06720706803003947	0.9881	0.633783333337307
1084	0.06657884711821874	0.9890833333333333	0.6501500000079473
1085	0.06616824004252751	0.9893333333333333	0.6518666666666667
1086	0.06643045426209768	0.9884500000635783	0.6407000000079472
1087	0.06618110041618347	0.9901166666666666	0.6391833333373069
1088	0.06753894754250844	0.9887000000635783	0.6436166666746139
1089	0.06658747005462647	0.9885166666666667	0.6390500000079473
1090	0.06699057892163594	0.9887333333969116	0.6408000000039736
1091	0.06696987101236979	0.9887666666984558	0.6401333333333333
1092	0.06699902067979177	0.9887833333969116	0.6442666666825613
1093	0.06597023843129476	0.989516666730245	0.6505166666706403
1094	0.06551854782104492	0.9895000000635783	0.6466166666666666
1095	0.06628099981149038	0.9889333333969116	0.646016666674614
1096	0.06713482887744904	0.9888000000635783	0.6367000000039736
1097	0.06622389032840728	0.9892833333969117	0.6487333333492279
1098	0.06661244656244913	0.9887666666666667	0.6444
1099	0.0661132967154185	0.9894833333333334	0.6433166666706404
1100	0.06684509913126628	0.989416666730245	0.6396500000158946
1101	0.06821807513236999	0.9881333333651224	0.6385166666666666
1102	0.06690797415574391	0.9889833333969116	0.6349166666666667
1103	0.06618207666476568	0.9892333333333333	0.6440000000158945
1104	0.06663940886656443	0.9890833333969116	0.645966666674614
1105	0.06665244595209757	0.9889666667302449	0.639016666674614
1106	0.06643485742807388	0.9889166666666667	0.6469666666825612
1107	0.06701502424875895	0.9891000000317891	0.6340166666666667
1108	0.06707982997894286	0.9892666666984559	0.643983333337307
1109	0.06651447304089864	0.9890000000635782	0.6352000000079473
1110	0.0674652983268102	0.9892833333333333	0.6405166666666666
1111	0.06677062065998714	0.988516666730245	0.6418166666666667
1112	0.06665238208770752	0.9888333333333333	0.640233333337307
1113	0.06691660771369934	0.98915	0.6319500000039736
1114	0.06675777923266094	0.9891166666666666	0.6315166666666666
1115	0.0661423526763916	0.9896833333651225	0.6381
1116	0.06665590643882752	0.9886833333333334	0.6414833333412806
1117	0.0671985400279363	0.9889833333651225	0.6401333333373069
1118	0.066570068248113	0.98905	0.6396166666746139
1119	0.06707473290761312	0.989316666730245	0.6359333333333334
1120	0.06697104129791259	0.9888666666666667	0.6409333333333334
1121	0.06666562493642171	0.98935	0.6347000000039736
1122	0.06693538571596146	0.9888333333333333	0.6348
1123	0.06646878634293873	0.9890166666666667	0.6405000000079473
1124	0.06642146649360657	0.9893	0.6438
1125	0.06708165814081828	0.9889000000317891	0.6429833333333334
1126	0.06736656164725621	0.9882000000635783	0.6425500000039737
1127	0.06696883756319681	0.9893500000317892	0.6340333333333333
1128	0.06645233104626337	0.9892333333333333	0.644066666674614
1129	0.0662293872833252	0.9896333333651225	0.6343
1130	0.06675055180390675	0.9889333333969116	0.641366666674614
1131	0.06708513753414154	0.9894333333333334	0.6318333333412807
1132	0.06687907196680705	0.9886166666666667	0.6459333333333334
1133	0.06605122796694438	0.9887500000635783	0.644283333337307
1134	0.06852986176013946	0.9883333333969117	0.61455
1135	0.06749021224975586	0.9888166666666667	0.6402666666686535
1136	0.0667834122021993	0.9885000000317892	0.6382
1137	0.0668618816614151	0.9887000000635783	0.6353500000039737
1138	0.06757655608654022	0.9890666666666666	0.6313666666706403
1139	0.06735713407198587	0.9887333333651225	0.6303500000039737
1140	0.06723260130882264	0.9888166667302449	0.6298333333333334
1141	0.06776539250214894	0.9889666666666667	0.637483333337307
1142	0.06814984581073125	0.9881	0.6289500000158945
1143	0.0670180473804474	0.9893333333651225	0.6363333333333333
1144	0.06665227416356405	0.9889666666666667	0.6419833333412807
1145	0.06684929563601812	0.9887	0.6451333333412806
1146	0.06745206123193105	0.9893666666984559	0.6292333333412806
1147	0.06801841408411662	0.989216666730245	0.621016666674614
1148	0.06684228803316752	0.9891333333969117	0.6414833333412806
1149	0.0676118059873581	0.9887833333651225	0.633266666674614
1150	0.06765147709846496	0.9892833333969117	0.6329166666706403
1151	0.0674519848426183	0.9888000000635783	0.6320666666706403
1152	0.06647529387871424	0.9891666666666666	0.6386666666825612
1153	0.06695633982817333	0.9884333333333334	0.6334666666706403
1154	0.06704780500729879	0.9893666666666666	0.6328
1155	0.0674510601679484	0.9887500000317891	0.6330166666666667
1156	0.06740571796099346	0.9891833333333333	0.6360333333333333
1157	0.06703363633950551	0.9890333333333333	0.63895
1158	0.06751158859332403	0.989116666730245	0.6295333333492279
1159	0.06763165249029796	0.9890166666666667	0.6294333333492279
1160	0.06765157210826873	0.9886333333651225	0.6308333333412807
1161	0.06736291650931041	0.9891500000635783	0.6323833333412806
1162	0.06807271649042765	0.9890666667302449	0.6226333333353201
1163	0.0671991968870163	0.9888500000635783	0.638683333337307
1164	0.06790870642662049	0.9888000000317891	0.6236000000079472
1165	0.06700600627263387	0.9892166666984558	0.6353833333412806
1166	0.06661604447364806	0.989366666730245	0.6413500000079473
1167	0.06781936621665954	0.9883500000635783	0.6327833333333334
1168	0.06775819149017334	0.9889166667302449	0.635166666674614
1169	0.06795639538764954	0.98905	0.6200333333412806
1170	0.068014550669988	0.9884	0.633
1171	0.06755745570659638	0.9890833333651224	0.6292833333333333
1172	0.06735361477533976	0.98915	0.6234833333412806
1173	0.06783486797014872	0.9894000000317892	0.6192666666666666
1174	0.06740875144004822	0.9890000000635782	0.6334166666746139
1175	0.06716446963151296	0.9887166666666667	0.6357666666746139
1176	0.06788897063732147	0.9887	0.630833333337307
1177	0.06686404422124227	0.9884	0.63635
1178	0.06767165111700693	0.9888500000635783	0.6264666666686535
1179	0.0669446974436442	0.9895333333969116	0.6314500000039737
1180	0.066443656929334	0.9897000000317892	0.6371
1181	0.06709022227128347	0.9891166666666666	0.6284166666706403
1182	0.06651137215296428	0.9890666667302449	0.6441333333373069
1183	0.06850383768081665	0.9888500000317891	0.6283000000039737
1184	0.06757183758417765	0.9891166666666666	0.6319500000079473
1185	0.06857040848731995	0.9888	0.6224666666746139
1186	0.06847776077191035	0.988516666730245	0.6281666666666667
1187	0.06706688909530639	0.9894333333969116	0.6175333333412806
1188	0.06804590256214142	0.9888166666666667	0.6298833333492279
1189	0.06837297780513764	0.9888833333333333	0.6220500000019868
1190	0.0673862393339475	0.9886833333969116	0.6383333333333333
1191	0.06752344416777292	0.98875	0.6328833333353202
1192	0.0671808205763499	0.9892333333969117	0.6303333333333333
1193	0.06738296644687652	0.9892833333333333	0.6310333333412806
1194	0.06791711934407552	0.9890500000317891	0.6262666666676601
1195	0.06784855543772379	0.9889833333969116	0.6229
1196	0.06825380405584971	0.9884000000635783	0.6330500000039736
1197	0.06789712519645691	0.9887833333969116	0.627966666674614
1198	0.06863094614744186	0.98845	0.633233333337307
1199	0.06685892402331034	0.9887833333651225	0.6367000000158946
1200	0.0681409716685613	0.9890500000635782	0.6183833333412806
1201	0.06721053827603658	0.9888166667302449	0.6278000000039736
1202	0.06885061305363974	0.9883666666666666	0.6171166666666666
1203	0.06828242733875911	0.9888666666666667	0.6251333333333333
1204	0.06774077504873276	0.9889166666666667	0.6326333333333334
1205	0.067924733487765	0.9885166666984558	0.6271166666666667
1206	0.06815082237720489	0.9891333333333333	0.6304666666746139
1207	0.06781250527699788	0.9889833333969116	0.6243666666666666
1208	0.0682306911945343	0.9890666667302449	0.6200166666666667
1209	0.06814441337188085	0.9884333333333334	0.6286333333333334
1210	0.06911855120658875	0.9878000000635783	0.6218666666666667
1211	0.067544384988149	0.9888500000317891	0.6297666666666667
1212	0.06741855178674062	0.9887333333969116	0.6364833333333333
1213	0.06827400234540304	0.9888333333651225	0.6238833333333333
1214	0.0684338945945104	0.9891500000317891	0.6213333333412806
1215	0.06847266381581624	0.9892166666666666	0.6238500000039736
1216	0.06807327782313029	0.9887666667302449	0.6309333333492279
1217	0.06863509901364645	0.9886500000635783	0.6272166666686535
1218	0.06745846484502156	0.9890666666666666	0.6282833333343267
1219	0.06834567901293437	0.9888500000635783	0.6186833333333334
1220	0.0675716212272644	0.989316666730245	0.6260666666666667
1221	0.06862041102250417	0.989366666730245	0.6262833333333333
1222	0.068070743282636	0.9886333333969116	0.6239833333333333
1223	0.06826693230470021	0.9890000000317891	0.618683333337307
1224	0.06851553020477295	0.9888166667302449	0.62285
1225	0.06786740266482036	0.9890500000635782	0.628066666674614
1226	0.06889523621400197	0.9884666666666667	0.6229333333373069
1227	0.06865445529619853	0.9889833333651225	0.6226166666666667
1228	0.06772596487998962	0.9893166666666666	0.62515
1229	0.06833495799700419	0.98905	0.62445
1230	0.0677931059718132	0.9889833333969116	0.6263166666666666
1231	0.06816760601202647	0.9884166666984558	0.6259833333373069
1232	0.06872464576164881	0.9886000000317892	0.6266500000039736
1233	0.06899194683233897	0.9880333333969116	0.6117500000039736
1234	0.06813421390851339	0.9889000000635783	0.6145833333333334
1235	0.06789134392738343	0.9892333333969117	0.6249500000079473
1236	0.06867600055535635	0.9882000000317891	0.614783333337307
1237	0.06754382569789887	0.9890166666984558	0.6330500000079473
1238	0.0692845475355784	0.9882833333969117	0.6146000000079472
1239	0.06893833944797516	0.9888833333969116	0.6162833333492279
1240	0.06772971145311991	0.9888000000635783	0.63145
1241	0.06808257195949555	0.9884000000317892	0.6179333333373069
1242	0.06802970866362254	0.9889833333969116	0.621483333337307
1243	0.0691544721285502	0.9882	0.6197833333492279
1244	0.06815714522997539	0.9890833333969116	0.6235166666671633
1245	0.06757389897505442	0.9895	0.6218000000079473
1246	0.06894254984855652	0.9882166666666666	0.619116666674614
1247	0.06804556623299916	0.9888166666984558	0.6202166666706403
1248	0.06872358012199402	0.9888500000635783	0.6214666666706403
1249	0.06922942603429158	0.9887333333333334	0.6062833333412806
1250	0.06907756145000457	0.9890333333333333	0.6231833333353202
1251	0.06822520654201508	0.9889333333333333	0.6208166666686535
1252	0.06857554749647776	0.9894666666666667	0.6148166666706403
1253	0.06839619731108347	0.9886500000635783	0.6229333333333333
1254	0.06897643864949544	0.9889000000635783	0.6156500000004967
1255	0.06809748226801554	0.9889833333651225	0.6240833333412806
1256	0.0682464996099472	0.9886833333969116	0.6152333333492279
1257	0.06815475412607193	0.9885333333333334	0.6303000000079473
1258	0.0688667831103007	0.9890666666984558	0.6050333333343267
1259	0.06833928821086883	0.9891833333333333	0.6237666666666667
1260	0.07048373443285624	0.987566666730245	0.6062666666686535
1261	0.06809626082579295	0.9890000000635782	0.621716666674614
1262	0.06938335956732432	0.9884500000635783	0.613383333337307
1263	0.06856823076407115	0.9882833333651225	0.6240333333373069
1264	0.06812142702738444	0.988666666730245	0.6157666666666667
1265	0.06826218249003092	0.9886666666666667	0.6241666666666666
1266	0.06842531967957814	0.9895000000635783	0.615333333337307
1267	0.06862601234912873	0.9888333333969116	0.6192666666676601
1268	0.06875184993743896	0.9890500000317891	0.6000666666666666
1269	0.06869393527507782	0.9891333333969117	0.618383333337307
1270	0.06810047532717386	0.9892500000635783	0.6200833333412806
1271	0.06798162398338319	0.9889500000635782	0.6250166666666667
1272	0.06827223965326945	0.98895	0.6212666666706403
1273	0.06866172463099161	0.989166666730245	0.6152500000079473
1274	0.0689392140229543	0.9888000000635783	0.6186833333412807
1275	0.06917111129760742	0.9883666666984559	0.6066833333333334
1276	0.06915045390129089	0.9883166666666666	0.6155500000019868
1277	0.06837244407335917	0.9891000000635782	0.6211166666666667
1278	0.06886652224063873	0.9892166666984558	0.6090333333333333
1279	0.06848988807201385	0.9889666667302449	0.6086666666706403
1280	0.06802983797391256	0.9892000000635783	0.623433333337307
1281	0.06872580676873526	0.9891333333333333	0.6110666666666666
1282	0.0679744547843933	0.9891833333651224	0.6122833333333333
1283	0.06848043078581492	0.9887	0.6156333333412806
1284	0.06862119782765706	0.9887666666666667	0.62155
1285	0.06828649463653565	0.988616666730245	0.6166500000019868
1286	0.06894544827143351	0.9886666666666667	0.6132666666666666
1287	0.06842135664621989	0.9890500000635782	0.62095
1288	0.06881573694547018	0.9888166666666667	0.6088166666686535
1289	0.0691942037820816	0.98825	0.6193666666666666
1290	0.07030004552205403	0.9882166666666666	0.6091000000039737
1291	0.06920074190298717	0.9880000000317891	0.6169833333353202
1292	0.0684027958949407	0.9886333333969116	0.620733333337307
1293	0.06828262079556784	0.9886166666666667	0.6204333333353201
1294	0.06918492952187856	0.9888166667302449	0.6098000000079473
1295	0.06869186603228251	0.988466666730245	0.62145
1296	0.06778049623171488	0.9893833333333333	0.6121166666686535
1297	0.06990944217046102	0.9878833333651225	0.6135000000039736
1298	0.06854439741770427	0.9884000000635783	0.615816666674614
1299	0.06943709336121877	0.9888666667302449	0.6061500000019868
1300	0.06853189842700959	0.9887333333651225	0.611483333337307
1301	0.0688555204073588	0.9890500000317891	0.6143333333492279
1302	0.06822876110076904	0.9889	0.6184166666706403
1303	0.06836084148089092	0.9889000000635783	0.613116666674614
1304	0.06857811354796092	0.9891000000317891	0.613016666674614
1305	0.06882153193950653	0.9892000000317891	0.615716666674614
1306	0.06789365764458974	0.9890166667302449	0.6153666666706403
1307	0.06858873406648636	0.9887	0.6215000000039737
1308	0.0684906240383784	0.9890666667302449	0.6159666666686535
1309	0.06869277582963308	0.9891833333333333	0.6173666666666666
1310	0.06751670943895975	0.9892500000317891	0.6133000000079473
1311	0.06796629731655121	0.9888000000635783	0.6223
1312	0.06774860651493073	0.9893666666666666	0.6223666666706403
1313	0.06861799751122792	0.9884333333969116	0.6165333333412806
1314	0.06922726906140646	0.9880333333651224	0.6092166666666666
1315	0.06852217650413513	0.9891	0.6072500000079473
1316	0.06825450144608816	0.9888666666666667	0.6162166666825613
1317	0.06818889075915019	0.9891666666984558	0.6102500000158946
1318	0.07033228238423665	0.9883333333651225	0.5984333333333334
1319	0.06841810405254364	0.9889333333333333	0.6161833333333333
1320	0.06876952125231425	0.9887333333333334	0.6062333333333333
1321	0.06850774011611939	0.9890166667302449	0.6186333333333334
1322	0.06966931864420572	0.9878000000635783	0.6184166666666666
1323	0.06832247336705526	0.9891000000317891	0.6147500000039736
1324	0.0701224758942922	0.9883333333651225	0.5981833333333333
1325	0.06994917425314585	0.9888333333333333	0.5975166666671634
1326	0.06795060816605886	0.9890666666666666	0.6244833333412806
1327	0.0690262206395467	0.9890333333333333	0.610916666674614
1328	0.06868295632600785	0.989	0.6202
1329	0.06871692797342936	0.9890833333651224	0.6114833333412806
1330	0.06943205937544505	0.9891666666666666	0.6002166666666666
1331	0.06885749797026317	0.9887333333333334	0.6171666666666666
1332	0.07027855554421743	0.9880500000635782	0.5929500000079473
1333	0.06866098848978679	0.989116666730245	0.611683333337307
1334	0.06893536741733551	0.9890166667302449	0.6004500000079472
1335	0.06847642297744751	0.988416666730245	0.6179166666706403
1336	0.06863817482789357	0.98875	0.6120000000019868
1337	0.06890783428351084	0.988566666730245	0.6055166666746139
1338	0.06775470740000407	0.9896333333333334	0.61505
1339	0.0690173139333725	0.9884666666984558	0.6022000000019868
1340	0.06826729448636373	0.988266666730245	0.6124666666746139
1341	0.06814098360538483	0.9892000000635783	0.614433333337307
1342	0.06874311125278473	0.9887666666984558	0.6035666666706403
1343	0.06828383638858795	0.989	0.61355
1344	0.06984786930481593	0.9884	0.6043500000039737
1345	0.06923659804662069	0.9888166667302449	0.6070666666706404
1346	0.06851439785162608	0.9888666666666667	0.6102500000079473
1347	0.06851139379342397	0.9891333333969117	0.6114500000019868
1348	0.06908727130889893	0.9883000000317892	0.6096500000009935
1349	0.06905068188508352	0.9886833333333334	0.6136333333333334
1350	0.06831717059612274	0.98905	0.6125
1351	0.06810439216295879	0.989166666730245	0.6115000000079472
1352	0.06858994429111481	0.9893166666984559	0.608483333337307
1353	0.0712992661078771	0.9876833333333334	0.6019666666666666
1354	0.07049942177931467	0.9887666667302449	0.60475
1355	0.06911830852826437	0.9887833333969116	0.6072000000079473
1356	0.06855445235570272	0.9888	0.612683333337307
1357	0.06891262611548106	0.9886666666666667	0.6080500000039737
1358	0.06926096992492675	0.9887166667302449	0.60031666666766
1359	0.06881303392251333	0.989316666730245	0.6063500000079473
1360	0.06817153646151225	0.9892166666666666	0.609233333337307
1361	0.06877895386219024	0.9887166667302449	0.5989666666666666
1362	0.06933809823989869	0.9890333333969116	0.6019333333353202
1363	0.06913847411473592	0.9887500000317891	0.6064166666666667
1364	0.0687657069683075	0.9894833333333334	0.6087666666666667
1365	0.06905826370716095	0.9893500000635783	0.5982833333333333
1366	0.06933375757535298	0.98835	0.6084000000004967
1367	0.06878374689420064	0.9895166666666667	0.6029666666686535
1368	0.06977260642846425	0.9890833333969116	0.5986000000039736
1369	0.06903542334238688	0.989	0.6015166666706403
1370	0.06891903971036276	0.9892166666666666	0.6139500000079473
1371	0.06960205217202504	0.988466666730245	0.6005166666706403
1372	0.06863527193864187	0.9890833333333333	0.6017833333412806
1373	0.06935604348182678	0.9883000000635783	0.5944666666666667
1374	0.06833850519657135	0.989	0.6153500000039737
1375	0.06856136781374614	0.9888833333333333	0.6007000000079473
1376	0.06960201355218887	0.9888833333333333	0.6079333333333333
1377	0.0680821412007014	0.9889500000635782	0.6145166666706403
1378	0.06883705914020538	0.9888166666666667	0.6028166666666667
1379	0.06881499596436819	0.9889000000317891	0.6057000000039736
1380	0.06846975211302439	0.98935	0.6058500000039736
1381	0.06897005117734273	0.98915	0.6046166666666667
1382	0.06986558932463328	0.9886000000317892	0.6006833333412807
1383	0.06914327495098115	0.9885833333651225	0.6082000000079473
1384	0.06901879050731659	0.9887166666984558	0.5999500000039737
1385	0.06851578703721364	0.989216666730245	0.6095666666706403
1386	0.06944709911346436	0.9889833333969116	0.6003
1387	0.06926159790356953	0.9885000000317892	0.59765
1388	0.06884945517381032	0.9888333333651225	0.6038
1389	0.06960767250061035	0.9888000000635783	0.5971500000039737
1390	0.06884182759126027	0.9886000000317892	0.6109166666666667
1391	0.06946983129978179	0.9890500000635782	0.6008333333373069
1392	0.06855653975804647	0.9888500000317891	0.6167666666686535
1393	0.06925306298732757	0.9888833333333333	0.6057
1394	0.06948164954185486	0.988366666730245	0.602383333337307
1395	0.06779178433418274	0.9890166667302449	0.6118333333333333
1396	0.06901071542898814	0.9891333333969117	0.6051000000079473
1397	0.06825113611221313	0.98905	0.6173500000039737
1398	0.06827069885730744	0.989216666730245	0.609583333337307
1399	0.06940320223967235	0.9890833333969116	0.5983333333333334
1400	0.06898743642171223	0.9887333333651225	0.60075
1401	0.06856472850640614	0.9889166666666667	0.6039000000039736
1402	0.06776000270048778	0.9891333333651224	0.6051000000039737
1403	0.06976620546976725	0.988466666730245	0.6046666666666667
1404	0.07083408435185751	0.9877166667302449	0.5912666666706403
1405	0.0695544411500295	0.9890666666666666	0.6068333333343268
1406	0.0705018793741862	0.9881166666666666	0.6016500000079473
1407	0.06970545007387798	0.9880166666984558	0.6023833333353201
1408	0.06898545134862263	0.9891333333333333	0.6089000000079473
1409	0.06903481260935465	0.9890000000317891	0.5934000000009935
1410	0.07022243668238322	0.9880000000317891	0.5961500000079473
1411	0.06900519643624624	0.9892166666666666	0.6031666666666666
1412	0.06933947717746099	0.9892666666666666	0.6053500000039737
1413	0.06893444825013478	0.9883833333651225	0.6112833333343267
1414	0.06994019582271575	0.9889333333651225	0.5983000000079473
1415	0.06898889137109121	0.9891666666666666	0.5906166666706403
1416	0.06889173880418141	0.9885000000317892	0.6110166666706404
1417	0.06939465049902598	0.9885833333333334	0.6011166666676601
1418	0.06944872352282207	0.9893333333969117	0.5997833333353202
1419	0.0691326157093048	0.9888166666984558	0.6004333333333334
1420	0.0687367879152298	0.9893	0.611183333337307
1421	0.0701015930334727	0.9882500000635783	0.5972666666746139
1422	0.06904056270122529	0.9889500000635782	0.5973166666746139
1423	0.06954025426705679	0.9882	0.602916666674614
1424	0.06820501684347788	0.9887166666984558	0.6038333333412806
1425	0.06967736941973368	0.9886166666666667	0.603966666674614
1426	0.06849274696509043	0.9893166666984559	0.6145666666686534
1427	0.07020336507956187	0.988616666730245	0.5994500000158945
1428	0.06945807412862778	0.98835	0.5960833333492279
1429	0.06955389646689097	0.9886833333333334	0.6013833333333334
1430	0.0696290671745936	0.9880666666666666	0.5952000000079473
1431	0.06937862315177917	0.989	0.5913666666686535
1432	0.06986049639383952	0.9883833333333333	0.5956500000079473
1433	0.06871889142990112	0.9889833333333333	0.6038000000004967
1434	0.068418736632665	0.9889166667302449	0.6068
1435	0.07004104969501496	0.9888166666984558	0.5943666666666667
1436	0.06926171319484711	0.9893500000635783	0.5917666666706403
1437	0.07037072454293569	0.9889166666666667	0.5876333333333333
1438	0.06912542328834534	0.9891000000635782	0.6022166666671633
1439	0.06913332858085633	0.9892666666984559	0.6013166666746139
1440	0.06869310483137767	0.9894	0.6031333333353202
1441	0.06952305227915447	0.9889000000635783	0.601233333337307
1442	0.07006673342386882	0.9880500000635782	0.6000000000019868
1443	0.06926622800032298	0.9887833333333333	0.6025333333333334
1444	0.06961853902339936	0.9888833333651225	0.5939000000039737
1445	0.06908776518503824	0.9890166667302449	0.5957333333412806
1446	0.0696920014222463	0.9891333333651224	0.5867166666666667
1447	0.06881326673825582	0.9890333333969116	0.6048333333333333
1448	0.07046726076602935	0.9881333333333333	0.5857500000039736
1449	0.07048279558022817	0.9879333333651225	0.5927833333373069
1450	0.07287064352035523	0.9882666666666666	0.5298666666666667
1451	0.07135390967528026	0.9887333333969116	0.5522666666676601
1452	0.07139389503796896	0.9890166666984558	0.5386
1453	0.07209152932167054	0.9891333333969117	0.532783333337307
1454	0.07106682116985322	0.9890166666984558	0.5446500000079473
1455	0.0718555971066157	0.9884333333333334	0.5403000000009934
1456	0.07244044469197591	0.9889166666984558	0.5362500000039736
1457	0.07248554705778758	0.98855	0.5349166666706403
1458	0.07079623875617981	0.9892833333333333	0.5483666666671634
1459	0.07292577198346456	0.9882	0.5404166666706403
1460	0.07093539245128631	0.9887333333333334	0.5559166666666666
1461	0.07106494300365448	0.9881833333651224	0.5561166666746139
1462	0.07189246910413107	0.9889833333969116	0.5455500000009934
1463	0.0719003736337026	0.9890666667302449	0.5421000000039736
1464	0.07130234413146973	0.9886333333969116	0.552283333337307
1465	0.07175709589322408	0.9884833333651225	0.5453666666676601
1466	0.07196414518356323	0.9883333333333333	0.5539833333343267
1467	0.07099902868270874	0.9882333333333333	0.5610333333333334
1468	0.07104099232355754	0.9887833333969116	0.5592000000039736
1469	0.07096937554677328	0.9889	0.5537333333353202
1470	0.07193016647497813	0.9887333333651225	0.5366666666706403
1471	0.07270610508918762	0.98875	0.5329166666706403
1472	0.07196451644102732	0.9886	0.5491833333333334
1473	0.07140503450234731	0.9890166666666667	0.5473000000039736
1474	0.07149639047781627	0.9882833333651225	0.5582833333333334
1475	0.07251546008586883	0.9880333333969116	0.5470000000039736
1476	0.07205919121901194	0.9886833333969116	0.5340833333333334
1477	0.07185253125826518	0.9883000000635783	0.5608666666746139
1478	0.07305057532787324	0.9888833333969116	0.5427500000039737
1479	0.0715067794561386	0.9890666666666666	0.5494666666686535
1480	0.07186511595249176	0.9891666666666666	0.5385833333353202
1481	0.07203278920650483	0.9881833333333333	0.5411166666706403
1482	0.0729918417930603	0.9886000000635783	0.5411333333333334
1483	0.07210413360595704	0.9887666667302449	0.54025
1484	0.07121227539380391	0.9890833333651224	0.5478000000004967
1485	0.07166713747978211	0.9883666666666666	0.5427666666671633
1486	0.0711029409646988	0.9891166666666666	0.5510166666706403
1487	0.07135428407986959	0.9893	0.5461500000004967
1488	0.07073816751639048	0.9892000000635783	0.5579166666706403
1489	0.07095612950325013	0.9888666667302449	0.554783333337307
1490	0.07193074581623077	0.9887000000635783	0.5495
1491	0.07079084777832031	0.9885833333333334	0.546116666674614
1492	0.07074224952061971	0.989216666730245	0.5464500000079473
1493	0.07205405418872833	0.9888166666666667	0.5409666666706403
1494	0.07069346369107564	0.9889166667302449	0.5528500000039737
1495	0.07163372518221538	0.9890666667302449	0.5505500000039737
1496	0.0710127816438675	0.9886833333333334	0.5491833333333334
1497	0.07215691475868224	0.9891500000635783	0.5482666666666667
1498	0.07192701216538747	0.98785	0.5460666666666667
1499	0.0714357880751292	0.9889500000317891	0.549033333337307
