epoch	loss	acc	certified
0	0.970205695660909	0.43598333339691164	0.05796666667064031
1	0.7257646733919779	0.6717	0.13025
2	0.5708333893458049	0.755416666730245	0.2527833333651225
3	0.4292494140307109	0.8018833333333333	0.4345833333651225
4	0.3272976648330688	0.8410333333651224	0.580316666730245
5	0.2562540524721146	0.8713333333333333	0.6801333333969116
6	0.20424655470848083	0.8981166666666667	0.7418166666984558
7	0.16793609135548274	0.9176333333969117	0.7857500000317892
8	0.1412357761224111	0.9319000000317892	0.8148833333333333
9	0.12107622332572937	0.9434833333651225	0.8381
10	0.10679693171580633	0.9492	0.8578333333969116
11	0.09623937770525615	0.9542	0.8694000000317892
12	0.08459771428108215	0.9606166666666667	0.8852666666666666
13	0.0790699929356575	0.9636166666666667	0.8918
14	0.07327808016935984	0.9658500000317891	0.9004333333651224
15	0.06661034688353538	0.9696500000317891	0.90615
16	0.06423990334669749	0.9708166666666667	0.9108333333333334
17	0.05918991687297821	0.9728333333969116	0.9165833333651224
18	0.05672741906841596	0.9739333333651224	0.9210333333651225
19	0.054131397529443105	0.975216666730245	0.9229166666666667
20	0.051503377560774485	0.9771166666666666	0.9264166666666667
21	0.04901585886875788	0.9776333333333334	0.9297500000317891
22	0.047306256159146624	0.9785333333651225	0.9324333333333333
23	0.046305000523726145	0.9792000000635783	0.9335833333333333
24	0.04470522728562355	0.980266666730245	0.9353500000317891
25	0.042944801219304406	0.9809500000635782	0.937216666730245
26	0.041431994640827176	0.9814166666666667	0.9395000000635783
27	0.04023796812991301	0.9818833333651225	0.9416166667302449
28	0.039483793755372365	0.9820166666984558	0.9437166666984558
29	0.03825416547457377	0.9834500000317892	0.9428166666666666
30	0.0363367331246535	0.98445	0.946016666730245
31	0.03665044632554054	0.9838666666984558	0.94545
32	0.03485673864285151	0.9850166666666667	0.947866666730245
33	0.03470387868881226	0.9848000000635783	0.9484166667302449
34	0.03358693908005953	0.9857833333333333	0.9488333333969117
35	0.033144557438294094	0.9858500000635783	0.9502000000317892
36	0.03259646705190341	0.9866666666984558	0.9502833333651225
37	0.03167494587898254	0.9859833333969116	0.9518333333651224
38	0.030595670489470164	0.987216666730245	0.9531833333333334
39	0.031141665681203207	0.9866000000317892	0.9533000000635783
40	0.02975455663613975	0.9875833333333334	0.9541166666666666
41	0.029847095194955667	0.9877	0.9538166666666666
42	0.02858309632341067	0.9880500000635782	0.9556666666984558
43	0.028711531196037927	0.9881000000317891	0.9548500000635783
44	0.028312971442937852	0.9889666666666667	0.9553833333333334
45	0.027341069425145786	0.9891000000635782	0.9565000000317891
46	0.026794914106527963	0.9890166666666667	0.9573833333333334
47	0.027280267105499904	0.9884833333969116	0.9573666666666667
48	0.026446018242836	0.989216666730245	0.9584333333969116
49	0.02617857889731725	0.9892333333969117	0.95845
50	0.02656291622519493	0.9890500000317891	0.9582166666984558
51	0.02594921292066574	0.989216666730245	0.9587333333651225
52	0.02485169503390789	0.9899833333969116	0.9606833333651225
53	0.02472930524647236	0.9902166666666666	0.9597833333969116
54	0.02496714214483897	0.9899166666666667	0.9601333333969116
55	0.0237208659996589	0.9905833333651225	0.9607
56	0.024014722512165704	0.9908500000317891	0.9600166666666666
57	0.023567447000741957	0.9904833333969116	0.9623333333333334
58	0.02336505132665237	0.99055	0.9616000000635783
59	0.02332193354765574	0.9903500000317892	0.9634166666666667
60	0.023341247725486756	0.9905833333651225	0.9625833333969116
61	0.02239744616150856	0.9914500000635783	0.9618833333333333
62	0.022814691507816315	0.9905500000635783	0.9643000000317892
63	0.022172640685240427	0.991666666730245	0.9626666666984558
64	0.022341028572122255	0.99145	0.9626000000317891
65	0.02132604089876016	0.99165	0.9642000000635783
66	0.02144713733692964	0.991416666730245	0.9638000000635782
67	0.02145292002260685	0.991566666730245	0.9643833333651225
68	0.02092287786602974	0.99185	0.965066666730245
69	0.020630437527100247	0.9919166666666667	0.96495
70	0.021048661052187286	0.9917833333333334	0.9641666666984559
71	0.020396414252122245	0.9924000000635783	0.965166666730245
72	0.019686685899148383	0.9929833333333333	0.9661000000317892
73	0.019617933976650237	0.9926000000635783	0.9662000000635783
74	0.019909309047460556	0.9922833333333333	0.9658500000317891
75	0.019870792543888093	0.9923000000635783	0.9657666666666667
76	0.01936367984220463	0.9929	0.9659
77	0.01944749394406875	0.9924333333333333	0.9670166666984558
78	0.018636668969194095	0.9931	0.9673333333333334
79	0.019472514162460965	0.9928666666666667	0.9670833333969117
80	0.019016412565112113	0.99295	0.9676833333651225
81	0.01872177698214849	0.9928500000317891	0.9672833333969116
82	0.019336622959375382	0.9927333333651225	0.9670000000635783
83	0.018737156495451927	0.9929333333969116	0.9678833333651224
84	0.018299024430910745	0.9932333333969117	0.96755
85	0.018741689944267274	0.9933333333333333	0.967066666730245
86	0.018496977253754935	0.9933000000635783	0.9676666667302449
87	0.017757326511542004	0.99375	0.9681833333969116
88	0.017814424697558087	0.993566666730245	0.9676333333651225
89	0.017267152285575866	0.9936166666666667	0.9690666666666666
90	0.017488727937142054	0.9936166666984558	0.9688500000317891
91	0.017563909384608268	0.9936	0.9691666666984559
92	0.016852661381165188	0.9938166667302449	0.9699000000635782
93	0.01730692939584454	0.9937333333333334	0.9688500000635782
94	0.017797392477591833	0.9932833333333333	0.9688833333969116
95	0.01689379006524881	0.9942000000635783	0.9689500000635783
96	0.01702436513323337	0.99375	0.9696166667302449
97	0.016743292848269146	0.9939833333651225	0.970066666730245
98	0.01691503145605481	0.99375	0.9697166666666667
99	0.016831580088535945	0.9941833333651224	0.9697500000635783
100	0.01677924528668324	0.99405	0.9696833333969116
101	0.016215455861886344	0.994316666730245	0.9703333333651225
102	0.016662497917811075	0.9942000000635783	0.9690333333333333
103	0.016537571359674135	0.9940833333333333	0.9690833333651224
104	0.016497969049091142	0.9944166666666666	0.9687500000317891
105	0.01637496513724327	0.994666666730245	0.96875
106	0.016361611143747967	0.9943000000635783	0.9693333333333334
107	0.016634427192683023	0.99425	0.9684333333651225
108	0.01696099539498488	0.9942500000635783	0.9683500000635783
109	0.01648647707949082	0.9945666666666667	0.9685000000635783
110	0.016877267173926035	0.9945333333969116	0.9676833333969116
111	0.016881832244992255	0.9944500000317892	0.9671166666666666
112	0.01635771152228117	0.99445	0.9684833333333334
113	0.016815073825915655	0.9942500000635783	0.9674000000317892
114	0.016111766784389813	0.9947000000635783	0.9679833333651224
115	0.016440626706182956	0.9944166666666666	0.9681666666666666
116	0.016536294188598793	0.9946833333333334	0.9673666666666667
117	0.016018390153845152	0.9947000000635783	0.9688000000317891
118	0.016223766085505485	0.9948500000635783	0.9684000000635783
119	0.01639734713435173	0.9947333333969116	0.9663500000635783
120	0.016497997800509135	0.9948666667302449	0.966966666730245
121	0.01595431143939495	0.9948666666666667	0.9677000000635783
122	0.01650154916010409	0.99455	0.9669
123	0.01617822191019853	0.9948166667302449	0.9667166666666667
124	0.01579338686664899	0.9952333333969117	0.9672166666666666
125	0.01605513962507248	0.9948833333969116	0.9666166666984558
126	0.01583311768770218	0.9949166666666667	0.9669333333651224
127	0.015832660235961277	0.9955166666666667	0.9666333333651225
128	0.01542883181075255	0.9951833333969117	0.9675833333651225
129	0.016469931490222613	0.994716666730245	0.9654833333969116
130	0.016074667781591414	0.9948666667302449	0.9666833333969116
131	0.016231977570056916	0.9949166666984558	0.966016666730245
132	0.016566824117364983	0.9949	0.9653833333969116
133	0.015636049568653106	0.9954833333969116	0.9660333333651224
134	0.016202983223398526	0.9951166666666666	0.9651333333969117
135	0.0162801111638546	0.9949500000635783	0.9655833333333333
136	0.015944624667366347	0.9951833333333333	0.9659833333333333
137	0.015995908497770626	0.9950666666666667	0.9657166666984558
138	0.015902676891287167	0.9949666666666667	0.9665833333333333
139	0.015876810006300607	0.995216666730245	0.9661000000317892
140	0.01571825496405363	0.9955	0.9644666666666667
141	0.016912930178642274	0.9950666666666667	0.96445
142	0.016249428113301594	0.9951666666984558	0.9648666667302449
143	0.015559050001700719	0.9951333333333333	0.9654333333969116
144	0.016104962245623272	0.9952666666984558	0.9647833333969116
145	0.015516292643547059	0.9954333333333333	0.9650333333333333
146	0.016006141903003056	0.9953	0.9651833333969116
147	0.015976804318030675	0.9954	0.9645333333651225
148	0.016142117198308308	0.9951666666666666	0.9640166666666666
149	0.01625279093782107	0.9950666667302449	0.9638333333651224
150	0.016197719409068424	0.995266666730245	0.9636833333969116
151	0.016325796884298326	0.9953000000317891	0.9635000000635783
152	0.01597629815439383	0.9955500000635783	0.9636166666984558
153	0.016400884469846885	0.9955	0.963216666730245
154	0.01625736099878947	0.9955833333969116	0.9631500000635783
155	0.016041023952762287	0.99545	0.9635166667302449
156	0.015236557962497075	0.9960166667302449	0.9637333333651225
157	0.015641506826877594	0.9956	0.9629000000635783
158	0.016210888719558714	0.9954000000635783	0.962966666730245
159	0.015919011784965794	0.9957166666666667	0.9635166667302449
160	0.01616823277771473	0.9954	0.9627
161	0.015739709562808277	0.9957166666666667	0.9639000000635782
162	0.015636025185883046	0.9956666666666667	0.9635166666666667
163	0.015843559791644413	0.9958666666984558	0.9628166666984558
164	0.015361246315141519	0.9957666666666667	0.9637166666984558
165	0.01575543470879396	0.9955833333969116	0.9618000000635782
166	0.015739215712745985	0.9954666666666667	0.9628500000635782
167	0.015845343255996704	0.9957333333651225	0.9622833333969116
168	0.01609484154880047	0.9953333333333333	0.9621833333333333
169	0.016098853344966968	0.99555	0.9616166667302449
170	0.01596536810398102	0.9957666666984558	0.96155
171	0.01583460910518964	0.9956333333333334	0.9617000000635783
172	0.015834159824748836	0.9958	0.9617666666984558
173	0.01595153618256251	0.9959500000635783	0.961216666730245
174	0.016066355746984482	0.9957000000635783	0.9612833333651225
175	0.015213681143522263	0.9958833333969116	0.9618500000635782
176	0.016011542903507748	0.9955833333333334	0.9615833333969116
177	0.01577044866134723	0.99585	0.9609333333333333
178	0.01587782214383284	0.9956	0.9609500000317891
179	0.016096870872875056	0.9955166666666667	0.9616500000635783
180	0.016321621264020602	0.9957	0.96055
181	0.016424522546927132	0.995566666730245	0.9597833333969116
182	0.0158358789563179	0.99585	0.9612333333969116
183	0.0162341432929039	0.9956333333333334	0.9607666666666667
184	0.016211252932747205	0.9956	0.9601666666984559
185	0.015991793282826742	0.9957166666984558	0.9609333333969117
186	0.016226853170990943	0.9958666667302449	0.9598500000317891
187	0.016275550725559394	0.9959166666666667	0.95975
188	0.01571039971113205	0.9959333333333333	0.9607166667302449
189	0.016247608363628388	0.9959333333333333	0.9594000000317892
190	0.01589724570478623	0.9961	0.9603000000317892
191	0.01681088515756031	0.9957	0.9593333333651225
192	0.015877217032015323	0.9959166667302449	0.958966666730245
193	0.01582231364051501	0.9960000000317891	0.9593500000635783
194	0.01645635356505712	0.99595	0.9581666666666667
195	0.016188398916522663	0.9958666666666667	0.9582333333969116
196	0.016282945523659387	0.9956833333333334	0.9589666666984558
197	0.01705012273788452	0.9955333333969116	0.9581000000635783
198	0.015794870638847353	0.9957166666666667	0.959116666730245
199	0.015984611915051936	0.9959833333333333	0.9580333333333333
200	0.01647985447049141	0.9959166666666667	0.9580666666666666
201	0.015996080471078554	0.99585	0.959066666730245
202	0.01612581838965416	0.9960666666666667	0.9579333333651224
203	0.016016810525457063	0.9960333333969116	0.9585833333333333
204	0.01669409091671308	0.995666666730245	0.9575500000317891
205	0.01632977797190348	0.9958333333969116	0.957916666730245
206	0.01626933615108331	0.9958333333333333	0.9581166666666666
207	0.016609740587075553	0.9958	0.9577000000635782
208	0.016269377638896305	0.9959833333333333	0.9572333333333334
209	0.016197432708243528	0.9958166666666667	0.9581666666666667
210	0.01647665513952573	0.9959666666984558	0.9576000000635783
211	0.0163510247896115	0.99605	0.9567666666666667
212	0.01626076616110901	0.9961	0.9562500000317892
213	0.016177850674589475	0.9958500000635783	0.9566500000317891
214	0.016373968315124512	0.9961000000635782	0.9576
215	0.016269062637289364	0.9961166666666667	0.95735
216	0.01628517951021592	0.9959333333333333	0.9571500000317892
217	0.016488007465253272	0.9961833333333333	0.9564333333333334
218	0.016418564814329146	0.9960166666666667	0.9562833333969116
219	0.016790317546079556	0.9960666666666667	0.9557166666666667
220	0.016145986313621203	0.99595	0.95665
221	0.01639370419383049	0.9958666667302449	0.9569000000317891
222	0.016410495601346095	0.9956833333333334	0.9566500000635783
223	0.017045449659228325	0.9960666667302449	0.9553500000635783
224	0.016517825690408546	0.9960833333333333	0.9555
225	0.016638599209239085	0.99615	0.9546500000317891
226	0.01647623268465201	0.99625	0.956416666730245
227	0.016003794741630554	0.996	0.9564500000317891
228	0.01666453868250052	0.9960500000635782	0.9556000000317891
229	0.016356932510932287	0.9962333333969117	0.9547333333969116
230	0.016651015226046246	0.9958333333969116	0.9555500000317891
231	0.016641306192676227	0.9961500000635782	0.9544
232	0.016686462155977886	0.9957500000635783	0.9562000000317892
233	0.01657211325466633	0.9959333333333333	0.9553833333969116
234	0.016809152311086654	0.99605	0.954916666730245
235	0.01665036316315333	0.9961	0.9542000000635783
236	0.015962660217781862	0.9965666666666667	0.9548500000317891
237	0.016914591960112253	0.9958833333333333	0.9537000000317891
238	0.016950597087542214	0.9960833333333333	0.9536000000635783
239	0.016601263298590976	0.9964333333333333	0.9536000000317891
240	0.016936651382346946	0.9959666666666667	0.9533000000317892
241	0.01656489541331927	0.9960833333969116	0.9532333333969116
242	0.017108581987023353	0.99585	0.9536500000635783
243	0.016400873272120954	0.9960833333333333	0.9543666666666667
244	0.01633287878235181	0.9960666666666667	0.9543833333651225
245	0.01666655520920952	0.9961333333333333	0.95305
246	0.016865338937441507	0.9960166667302449	0.953166666730245
247	0.01728521578411261	0.99625	0.9520833333651225
248	0.01698843374600013	0.9961166666666667	0.9526833333333333
249	0.016219580666224163	0.9963333333969117	0.953916666730245
250	0.01701234042644501	0.9959000000635783	0.9530166666666666
251	0.016504576007525126	0.9960500000635782	0.9531000000635783
252	0.01683947293162346	0.9963000000635783	0.953016666730245
253	0.01702935008754333	0.9958166666666667	0.9526333333651225
254	0.01663546773393949	0.9964	0.9522000000635783
255	0.017157881087064744	0.9961500000635782	0.95165
256	0.017167240307231744	0.9959	0.9514666666984558
257	0.016961119649310907	0.99605	0.9518833333651224
258	0.016611297579606374	0.99635	0.95135
259	0.016882126313447952	0.9960833333333333	0.9523833333969116
260	0.01706314347187678	0.9960333333333333	0.9517000000317891
261	0.016915654583772022	0.9960333333969116	0.9515166667302449
262	0.017055084043741228	0.9960166666666667	0.9509333333969117
263	0.017148234691719215	0.9960833333333333	0.9514166666666667
264	0.017383228950202466	0.9958333333333333	0.9506333333333333
265	0.017044690324862798	0.9962166666666666	0.9509666666984559
266	0.01714391981959343	0.99625	0.9505
267	0.01727030958533287	0.9958833333333333	0.9497666667302449
268	0.017290640284617742	0.9959833333969116	0.95095
269	0.017778783477842806	0.9958666666666667	0.9505500000635783
270	0.01677933456003666	0.9963166666666666	0.9508833333651224
271	0.01709187389512857	0.9961333333333333	0.9508166666984558
272	0.017499422225852806	0.9960166666666667	0.9491666666666667
273	0.017401306694746016	0.9962166666666666	0.9488166666666666
274	0.017216591236988703	0.9961	0.95115
275	0.017224302956461907	0.9961333333333333	0.95
276	0.017661167812347413	0.9960333333333333	0.9493
277	0.017631822503606478	0.9959333333969116	0.9489333333333333
278	0.017280115556716918	0.9961166666666667	0.9496500000317891
279	0.0174601857761542	0.9959500000635783	0.9489333333333333
280	0.01715160875519117	0.9960833333333333	0.9498166666666666
281	0.017740301207390924	0.9960166666666667	0.9491833333969116
282	0.017682417311271032	0.9961333333333333	0.9490833333651225
283	0.017503924972812335	0.9959666666666667	0.9491666666984558
284	0.017231284846862156	0.99635	0.9482333333969116
285	0.01728281632065773	0.9960833333969116	0.9495666666984558
286	0.017701484596729277	0.9958666666666667	0.9474166667302449
287	0.0175027906169494	0.9961333333969116	0.9487333333651224
288	0.017156084594130518	0.9965166666666667	0.9484166666666667
289	0.017912916641434035	0.9961333333969116	0.9479166666984558
290	0.017582817551493643	0.99615	0.948116666730245
291	0.01743892416258653	0.9960166666666667	0.949066666730245
292	0.0176130980014801	0.9959000000317891	0.9479833333651225
293	0.01757662601272265	0.9965666666666667	0.9482000000635783
294	0.017250515496730803	0.9963000000635783	0.9478166666984558
295	0.017667530135810374	0.9961166666666667	0.9474166667302449
296	0.017511781984567643	0.9964833333333334	0.9469333333333333
297	0.01746713013549646	0.9962833333969117	0.9469833333651225
298	0.017626877562701704	0.9960666666666667	0.9477666666984558
299	0.01778568594455719	0.9962	0.9474166667302449
300	0.018063387926419577	0.9961333333651224	0.9462000000317892
301	0.017953497845927875	0.9960333333333333	0.9470166666666666
302	0.017831402784089248	0.9960166666666667	0.9470666666666666
303	0.01825053949058056	0.9958666666666667	0.9466166667302449
304	0.017928774880369504	0.9960666666666667	0.9468500000317891
305	0.01833819384674231	0.9958333333333333	0.9460500000635783
306	0.017705444773038228	0.9960333333333333	0.94565
307	0.01818506697018941	0.9959000000635783	0.94595
308	0.018436066778500876	0.9963833333333333	0.9451000000317892
309	0.018229911907513937	0.9958166667302449	0.9455833333651225
310	0.018419256461411713	0.9961833333333333	0.9446166666666667
311	0.0180220496426026	0.9960166667302449	0.9458833333969117
312	0.018609559801220893	0.99585	0.9454166667302449
313	0.01824775137503942	0.996	0.9455666666666667
314	0.018079322349031767	0.9960166666666667	0.9456333333651225
315	0.018042740308245025	0.9962	0.9452000000317892
316	0.018700831734140715	0.9958666666666667	0.9443833333651225
317	0.018399920086562632	0.9959333333333333	0.9444833333969116
318	0.01825836387773355	0.99605	0.9446333333969116
319	0.017960111388067405	0.9958166666666667	0.94465
320	0.01841613145271937	0.9958666667302449	0.9451000000317892
321	0.018237206329902014	0.9963000000635783	0.9447833333651224
322	0.018412471838792164	0.9959	0.9434666666984558
323	0.018245320848623913	0.9961500000317891	0.9445333333969116
324	0.018119434808194636	0.9962	0.9437166666984558
325	0.01892337146997452	0.9955833333969116	0.9431333333651225
326	0.018147206038236618	0.9960500000317891	0.9451
327	0.017949301492174465	0.9962333333333333	0.9444000000317891
328	0.018398577173550923	0.9964333333969116	0.9432333333333334
329	0.01820100591679414	0.996216666730245	0.9435
330	0.018511438398559888	0.9962833333333333	0.9433833333333334
331	0.018002361411352953	0.9962	0.9432666666984558
332	0.018692349791526796	0.9962	0.9437833333333333
333	0.018564848826328913	0.9957333333333334	0.9426833333969116
334	0.01887363688846429	0.9957	0.9432333333651225
335	0.01778644737402598	0.9961333333333333	0.9445666666984558
336	0.018587993481755258	0.9959666667302449	0.9433833333969116
337	0.01905535718202591	0.9956666666984558	0.942766666730245
338	0.018991369090477626	0.9956	0.9426000000635782
339	0.019031396584709485	0.9959333333333333	0.9421166666984558
340	0.018569220982988674	0.99635	0.9422500000317892
341	0.018290417356292405	0.9961	0.94255
342	0.018891463520626227	0.99595	0.942166666730245
343	0.018281753540039063	0.9963166666666666	0.9427333333651224
344	0.018932952266931535	0.9959666666666667	0.9415666667302449
345	0.018736699192101757	0.9960166666666667	0.9421166666984558
346	0.018488323221107324	0.9959166667302449	0.9422500000635783
347	0.018628328901529313	0.996	0.9410500000317892
348	0.018707688457767168	0.9958333333333333	0.9416500000635782
349	0.018504099041223528	0.9962333333969117	0.9417
350	0.018746942131718	0.9962333333333333	0.94085
351	0.019193080854415893	0.9958333333969116	0.94075
352	0.018637108315030734	0.9963	0.9408833333651225
353	0.018913298311829568	0.996	0.9402333333651225
354	0.018736898158987363	0.9964	0.9405
355	0.0186614254484574	0.99625	0.9408166666984558
356	0.01850217347741127	0.9961166666666667	0.9408500000635783
357	0.01921962989072005	0.9958166666666667	0.9396666666984558
358	0.01964231324394544	0.9957833333969116	0.9406166667302449
359	0.018793998686472576	0.9961166667302449	0.941016666730245
360	0.01901193625330925	0.9958333333333333	0.9409000000317892
361	0.018928734865784645	0.9958666666666667	0.9411833333651225
362	0.018873770594596863	0.9963166666666666	0.9389000000635783
363	0.019092471079031625	0.9961833333333333	0.9389666666984559
364	0.019371250972151758	0.9955833333333334	0.9393500000635783
365	0.019095297303795816	0.9961	0.9395000000317891
366	0.019164044656356176	0.9962000000317891	0.9394333333651225
367	0.019260615209738412	0.99595	0.9384333333969116
368	0.018759521075089772	0.9962666666666666	0.9393666666666667
369	0.019112136324246725	0.9961500000635782	0.9389500000635783
370	0.019744367359081905	0.9959000000635783	0.9380666666666667
371	0.019213811862965426	0.9959666666666667	0.9386166667302449
372	0.018947650483250617	0.99625	0.9391333333333334
373	0.01884144776761532	0.996316666730245	0.9396166666666667
374	0.018940203787883123	0.99605	0.9401
375	0.019025226523478826	0.9961833333333333	0.9385333333651225
376	0.01929762299656868	0.9960666667302449	0.9379166666666666
377	0.019253227370977403	0.9959	0.9383166666666667
378	0.01935360030035178	0.99585	0.9373333333651225
379	0.019673453231652576	0.9958333333333333	0.9375500000635782
380	0.01931585794687271	0.9959000000635783	0.9387166666984558
381	0.018879866395394008	0.9961000000635782	0.9387666666984558
382	0.019247216083606085	0.9959	0.9383166667302449
383	0.01934147021373113	0.9959000000317891	0.9371666666984558
384	0.019565686404705046	0.9959333333333333	0.9379500000317892
385	0.01925362518976132	0.9958666667302449	0.938216666730245
386	0.01907117933233579	0.9960666666666667	0.9378333333969117
387	0.019710859473546345	0.9958666666666667	0.9366666666984558
388	0.01934152442564567	0.99585	0.9390666666984558
389	0.020135355485479036	0.9957166666666667	0.93555
390	0.019603244297703108	0.9959833333969116	0.93725
391	0.019828120658298334	0.9958333333333333	0.9364666666666667
392	0.018801143798232077	0.9960166666666667	0.9386333333969116
393	0.019514524175723393	0.9958166666666667	0.9373166666666667
394	0.019540655210614204	0.9959833333333333	0.9360833333651225
395	0.019385351897279423	0.9962333333333333	0.9362333333969116
396	0.019354265719652177	0.9958166666984558	0.93765
397	0.019708837543427945	0.9957333333333334	0.9357666666666666
398	0.019931400292987626	0.9961166666666667	0.935766666730245
399	0.019445168189207714	0.9961833333651224	0.9368833333651225
400	0.019725163313746453	0.9959833333333333	0.9368
401	0.019823955430587133	0.9958333333651225	0.9365000000317891
402	0.01994908295075099	0.9960333333333333	0.936016666730245
403	0.019774556998411814	0.9959166666666667	0.9351000000635783
404	0.019669389800230662	0.9960500000635782	0.9359833333969116
405	0.020081346235672634	0.9957833333333334	0.9343333333651225
406	0.020016242267688115	0.9959666666984558	0.934
407	0.01984650025765101	0.996	0.9356833333651224
408	0.019570215967297553	0.99615	0.9353833333651225
409	0.01946406538883845	0.9961333333969116	0.936066666730245
410	0.019810594071944555	0.9960166666666667	0.9343000000317891
411	0.020026251630857587	0.9958	0.93565
412	0.019372558163106443	0.9961333333333333	0.9350833333969116
413	0.01949517893195152	0.9961500000635782	0.9349333333651225
414	0.019610717896620434	0.9959333333969116	0.9352166666984558
415	0.02030018379886945	0.9959666667302449	0.9331833333969116
416	0.019677930057048796	0.9961166666666667	0.9350333333969116
417	0.020153962841629982	0.9958666666666667	0.9331666666984558
418	0.020135724271337193	0.9957833333333334	0.9331833333333334
419	0.01994485282699267	0.996216666730245	0.9348
420	0.019970517877240974	0.9961333333333333	0.9341833333333334
421	0.019985450087984403	0.9959000000635783	0.9327666666984558
422	0.02011069683631261	0.995566666730245	0.9346833333333333
423	0.019826051924626033	0.9957333333651225	0.9351333333651225
424	0.01985138276120027	0.9956833333333334	0.9339
425	0.02008623466193676	0.9960666667302449	0.9335
426	0.02002814181049665	0.9956333333333334	0.9339833333333334
427	0.020101580901940665	0.9962833333969117	0.9324833333969116
428	0.019980526661376157	0.9961333333333333	0.9334333333333333
429	0.02039505776266257	0.9956	0.9335166666984558
430	0.0202340132633845	0.9960500000635782	0.9324333333969116
431	0.02009737254778544	0.9958	0.9328166666666666
432	0.02032100527038177	0.9957	0.9325
433	0.01988257892827193	0.9958833333333333	0.9338333333969117
434	0.02040313582321008	0.9960666666666667	0.9319333333969116
435	0.020162797834475835	0.9956166666666667	0.9341
436	0.02040842549900214	0.9956333333333334	0.9329333333333333
437	0.019996410099665324	0.9958500000635783	0.9331
438	0.020103508617480597	0.9958166666666667	0.9340000000635783
439	0.020193476380904515	0.9958833333333333	0.9317333333969117
440	0.020538248095909754	0.99585	0.9323
441	0.02058206809113423	0.9957333333333334	0.9315166666666667
442	0.020322674132386843	0.9961166666666667	0.9313666666984558
443	0.020023776260018347	0.9963000000635783	0.93235
444	0.020586755202213924	0.9959666666666667	0.9320000000635783
445	0.02050075288116932	0.995366666730245	0.9327833333969117
446	0.019878930449485778	0.9957666666666667	0.9326000000635782
447	0.019951942145824433	0.9957	0.9328
448	0.020200676854451496	0.9960166667302449	0.9316333333333333
449	0.02072075283229351	0.9955333333333334	0.932066666730245
450	0.020564316257834434	0.9959833333333333	0.9305666666666667
451	0.02019154019753138	0.9957833333969116	0.932216666730245
452	0.020768925505876543	0.9958000000635783	0.9311166666984558
453	0.020339295599857966	0.9954333333333333	0.931866666730245
454	0.020556496851642927	0.9959333333333333	0.9315
455	0.020426665982604026	0.9959166666666667	0.9312500000635783
456	0.020376463397343954	0.9958833333333333	0.9304166667302449
457	0.019968161143859228	0.9958	0.9313166666666667
458	0.02071535644133886	0.9955666666666667	0.9314000000635783
459	0.021017515156666437	0.9955666666666667	0.9305000000317891
460	0.020915241567293803	0.99565	0.9305
461	0.020692230592171353	0.9959166666666667	0.9298333333651225
462	0.020128398837645847	0.9960333333969116	0.9314833333969116
463	0.020490031961599986	0.9956500000635783	0.9307833333651224
464	0.020445898439486822	0.9957666667302449	0.9305833333969116
465	0.020516221247116724	0.9958166666666667	0.929816666730245
466	0.02032029786904653	0.9962500000635783	0.9292666667302449
467	0.020810465757052105	0.99585	0.9306166666666666
468	0.020029488362371922	0.9959166666666667	0.9294333333651225
469	0.02046059807340304	0.9957666666666667	0.9303166666984558
470	0.0204668316980203	0.9957500000635783	0.9312333333651225
471	0.020187989034255345	0.9961333333969116	0.93
472	0.020380969642599424	0.9958166666666667	0.9323000000317891
473	0.02095284845928351	0.9958166666666667	0.9299333333651225
474	0.02069020082851251	0.9958833333333333	0.9299333333333333
475	0.02055781726439794	0.9958666666666667	0.9296500000635783
476	0.020999937333663305	0.9956833333333334	0.9289333333333334
477	0.02038178488413493	0.9957500000635783	0.9297000000635783
478	0.02066488814353943	0.9956166666666667	0.9301
479	0.02063871560494105	0.99585	0.9293666666666667
480	0.020467112477868796	0.9956	0.92915
481	0.02064331594904264	0.9956166666666667	0.9296166666666666
482	0.020902028528849283	0.9959333333333333	0.92815
483	0.02053791931817929	0.996	0.9282000000317892
484	0.020704570772250495	0.99575	0.9277500000317891
485	0.02092737861275673	0.99625	0.9281666666984558
486	0.020995243515570958	0.995666666730245	0.9272333333333334
487	0.020602539882063866	0.9956833333333334	0.9288833333333333
488	0.02078479138215383	0.9959166667302449	0.9292500000635783
489	0.020047133467594784	0.9959833333333333	0.9308000000635783
490	0.021379763721426328	0.9954666666666667	0.9272500000635783
491	0.020508187790711722	0.99605	0.9293
492	0.02129289107521375	0.9956	0.9275166666984558
493	0.020982464498281478	0.99565	0.9279333333333334
494	0.021187777785460153	0.9956000000635783	0.9275
495	0.020843081253270307	0.9958666666666667	0.9275666667302449
496	0.02067554257909457	0.9960666666666667	0.9282166667302449
497	0.02056069317261378	0.9959166667302449	0.9280166666666667
498	0.021105885954697926	0.9954333333333333	0.9264000000317891
499	0.020553073171526194	0.9960166666666667	0.9279833333969116
500	0.020480432081222535	0.9959666666984558	0.9285
501	0.021349271893501283	0.995666666730245	0.9275666666666667
502	0.020527485396464665	0.9957333333333334	0.9283000000317891
503	0.020620152819156648	0.9960333333333333	0.9274333333651225
504	0.020584155544638633	0.9957666666666667	0.9275833333651224
505	0.021064874744415284	0.9954833333333334	0.9288833333333333
506	0.02088933178236087	0.99575	0.9272333333969116
507	0.02094705241670211	0.99595	0.9279666666984558
508	0.020839782536029815	0.99595	0.9279
509	0.020448675271868704	0.9959166667302449	0.9271000000635783
510	0.0212525582353274	0.9956833333651225	0.9254833333651225
511	0.02105693091948827	0.9958833333969116	0.9272833333969116
512	0.021161547209819158	0.9957500000635783	0.9265166666666667
513	0.020657762498656907	0.9957333333333334	0.9276
514	0.020876231237252553	0.9961000000635782	0.9270333333651225
515	0.020391747866074245	0.9960166666666667	0.9275333333969116
516	0.02048363354007403	0.9959833333651225	0.9277000000635783
517	0.02098982616265615	0.9958333333333333	0.9265333333651224
518	0.021110943621397017	0.9957833333333334	0.9263666667302449
519	0.02098794231414795	0.9959666667302449	0.9261500000635783
520	0.020888717611630758	0.9957666667302449	0.9260666666666667
521	0.02085311039686203	0.9958333333969116	0.92655
522	0.02073002953156829	0.9962333333333333	0.9266333333969117
523	0.020735278634230296	0.99585	0.9266833333651224
524	0.020688251583774884	0.9960833333969116	0.9268333333969117
525	0.021520680463314058	0.9952500000635783	0.9257833333651225
526	0.021020445654789607	0.9957666666666667	0.9263500000317891
527	0.02189112095286449	0.9958833333333333	0.9242
528	0.02134389904240767	0.9953666666666666	0.9252833333333333
529	0.02080124080379804	0.9957333333333334	0.9263000000635783
530	0.020501110873619714	0.9956833333333334	0.927166666730245
531	0.02102540277838707	0.996	0.92545
532	0.02098825317720572	0.9958666667302449	0.9258000000317892
533	0.02106299450198809	0.9956833333969116	0.9254166666984558
534	0.02158642804423968	0.9958666667302449	0.9247500000635783
535	0.02125655031700929	0.9958333333333333	0.92505
536	0.021239589777588844	0.9955333333333334	0.9244000000635783
537	0.021226659421871106	0.9961	0.9244666666984558
538	0.021130633075038593	0.9958666666666667	0.9252833333333333
539	0.02114821939220031	0.9956166666666667	0.9245666666666666
540	0.02099505219856898	0.9958000000635783	0.9247
541	0.02120330364207427	0.9955333333333334	0.9249333333651225
542	0.021115747437874477	0.9961000000635782	0.9238500000317892
543	0.0209563304066658	0.9958666666666667	0.924666666730245
544	0.02076089452703794	0.9958833333333333	0.9252666667302449
545	0.021494516190389792	0.9957833333333334	0.9233333333651225
546	0.021451479349533717	0.9958166667302449	0.9250000000635783
547	0.02087441121339798	0.9961166666984558	0.9247000000635783
548	0.02106655669113	0.9959666666666667	0.9239833333333334
549	0.020695349660515786	0.9961666666666666	0.9242833333969116
550	0.021324510610103608	0.9958166666666667	0.9243833333333333
551	0.020998439335823058	0.9960666667302449	0.9243666666666667
552	0.02111589915851752	0.9958333333333333	0.9252833333651225
553	0.02049568459590276	0.9960166666666667	0.9256833333333333
554	0.021358134192228317	0.9958166667302449	0.9240000000635783
555	0.021182672170797983	0.9958666666666667	0.923816666730245
556	0.021320081184307733	0.9957666666666667	0.92365
557	0.02099568101565043	0.9958500000635783	0.9241833333969116
558	0.020889806960026423	0.9960833333969116	0.92495
559	0.021029489929477375	0.9957666667302449	0.9245666666666666
560	0.020939901077747344	0.9962333333969117	0.9229000000635783
561	0.020970389864842096	0.9956666666666667	0.9243000000317891
562	0.020991125165422758	0.9959	0.9242333333969116
563	0.020954905507961908	0.9958500000635783	0.9249333333969116
564	0.02079063965479533	0.9961333333969116	0.9238000000317892
565	0.020569940529266993	0.9961333333333333	0.9259
566	0.020783642555276552	0.9958833333969116	0.9244833333651225
567	0.02090397419631481	0.9959666666666667	0.9244666666984558
568	0.020819143240650494	0.9960333333333333	0.9238166666666666
569	0.021567115062475203	0.9957	0.9233166666666667
570	0.02091001548518737	0.9957333333333334	0.9243833333651225
571	0.021317770342032114	0.9955333333333334	0.923116666730245
572	0.02139855429728826	0.9956333333333334	0.92345
573	0.021243956687053044	0.9956166666666667	0.9232000000635783
574	0.020674580560127893	0.9960666666666667	0.923716666730245
575	0.021043544409175715	0.9958333333333333	0.9250333333333334
576	0.020905005093415578	0.9959166666666667	0.9248833333333333
577	0.021113247020045918	0.996	0.922066666730245
578	0.021691048596302668	0.9953833333333333	0.9229333333969116
579	0.020851621247331302	0.9961500000635782	0.9237333333969117
580	0.02153490859270096	0.9958166666666667	0.922866666730245
581	0.020990159277121227	0.9958333333651225	0.9232666666666667
582	0.020549407017230986	0.9959833333333333	0.9241500000635783
583	0.02121158055861791	0.9957833333651225	0.9239000000317892
584	0.021179733737309775	0.9958000000317891	0.9227333333333333
585	0.02164070576429367	0.9953	0.923766666730245
586	0.02073191132346789	0.9961166666984558	0.9224833333333333
587	0.020736577520767848	0.9959333333333333	0.923116666730245
588	0.021544427958130836	0.9954666666666667	0.9231166666984558
589	0.02162655070622762	0.9958166666666667	0.9229833333651225
590	0.02072279101808866	0.996316666730245	0.9224833333651224
591	0.021401261201500894	0.995466666730245	0.9236000000317891
592	0.021660295060276984	0.9957833333333334	0.9219833333969116
593	0.021367683509985604	0.9958333333969116	0.9208333333969116
594	0.020935568926731745	0.9957833333333334	0.9219000000317892
595	0.02180357148547967	0.9955833333333334	0.92085
596	0.021055987778306008	0.99575	0.9219666666984558
597	0.02134945843319098	0.99585	0.9213833333969116
598	0.020802326397101084	0.99615	0.9230000000317892
599	0.0213289415260156	0.9957166666666667	0.9218833333651225
600	0.020819466892878214	0.9960833333333333	0.9231666666666667
601	0.02128953796227773	0.9960333333333333	0.921966666730245
602	0.020655957936743897	0.9959	0.9233
603	0.020822628235816956	0.9959166666666667	0.92305
604	0.021552221849560738	0.9957166666666667	0.9226500000317891
605	0.021538615810871124	0.9959833333969116	0.9212833333651225
606	0.02135102758606275	0.9958500000635783	0.9217333333969117
607	0.021010713783899942	0.9964333333333333	0.9213333333651225
608	0.021555041974782942	0.995666666730245	0.92055
609	0.021767608499526976	0.9958166667302449	0.9219833333969116
610	0.02144399901032448	0.9957500000635783	0.9217500000317892
611	0.021194199655453366	0.9960166667302449	0.9212833333969116
612	0.021409608123699825	0.9961666666666666	0.9200166666666667
613	0.020766122681895892	0.9960000000635783	0.9223833333651225
614	0.021786972479025522	0.9959666667302449	0.9195333333333333
615	0.02108339805106322	0.99595	0.921666666730245
616	0.021665420123934746	0.99565	0.9211666666984558
617	0.021176180812716484	0.9960666666666667	0.9206833333333333
618	0.02098072898685932	0.9958	0.9220500000317892
619	0.021069861462712287	0.9956333333333334	0.9223833333651225
620	0.02090463392337163	0.9957833333333334	0.9225166666984558
621	0.020918091100454332	0.9960666666666667	0.9205833333651224
622	0.02124725859562556	0.9960166666984558	0.9220500000317892
623	0.021359642936786015	0.9958833333651225	0.9208500000317892
624	0.021066949692368508	0.9961666666666666	0.921066666730245
625	0.021477200911442437	0.9959333333333333	0.9201000000317892
626	0.021236237235864003	0.9959	0.9211833333333334
627	0.02154886972705523	0.9956666666666667	0.9202833333651225
628	0.021528322758277256	0.9955500000635783	0.9201666667302449
629	0.021224433654546737	0.9960166666666667	0.9218166666984559
630	0.0214582610587279	0.9956833333333334	0.9205333333969116
631	0.020895314523080986	0.9958333333333333	0.9218666666984558
632	0.02165151774485906	0.99585	0.9191666667302449
633	0.021002745567758878	0.9959000000635783	0.9220333333333334
634	0.020825646978616715	0.9960666666666667	0.9224500000635782
635	0.02082749927441279	0.9961	0.9218833333651225
636	0.021131767792999745	0.9960666666666667	0.9218166666666666
637	0.021420582421620687	0.9955500000635783	0.9214333333333333
638	0.021881951425472897	0.9956500000635783	0.9197500000317892
639	0.021104013605912526	0.99585	0.9212833333651225
640	0.02116042466064294	0.9959333333969116	0.92095
641	0.02187058631678422	0.9955	0.9192166666984558
642	0.021395080341895422	0.99555	0.9200000000635783
643	0.021166512787342072	0.9959166666666667	0.9196666666666666
644	0.02226598102649053	0.9955666666984558	0.9187666666666666
645	0.021232024372617404	0.9959833333333333	0.9210666666984558
646	0.021123013893763223	0.99585	0.9196333333333333
647	0.02179217761158943	0.99595	0.918816666730245
648	0.02153958471218745	0.9960833333333333	0.9184666666984558
649	0.021619183792670568	0.9959666666666667	0.918616666730245
650	0.02133608772357305	0.9956500000317892	0.919766666730245
651	0.02149058770338694	0.9958	0.91925
652	0.02138068038423856	0.9959166667302449	0.9198333333333333
653	0.02136249343752861	0.99605	0.9191333333333334
654	0.021879838318626086	0.9955833333333334	0.9189833333333334
655	0.021545287801822025	0.99565	0.9201666666666667
656	0.02137254818280538	0.9956	0.9192833333969116
657	0.02166786532898744	0.9959333333969116	0.9196833333969117
658	0.022345967663327852	0.9956166666666667	0.9187000000635783
659	0.021774112617969514	0.9958333333969116	0.9181333333969116
660	0.021075661921997866	0.99605	0.9209666666666667
661	0.021545045618216196	0.99625	0.9185333333969116
662	0.021900178714593252	0.9956333333333334	0.9183666667302449
663	0.021952598092953364	0.9954666666666667	0.9194333333333333
664	0.02163722685277462	0.9959000000635783	0.9187333333969117
665	0.021272451005379358	0.99635	0.9182666666666667
666	0.021158149016896884	0.9960666666666667	0.91915
667	0.021085850343108177	0.9959	0.9194833333333333
668	0.02196781355043252	0.99535	0.9185000000635782
669	0.021305562790234885	0.9961166666666667	0.9177500000635783
670	0.02148391796350479	0.9959333333651225	0.919566666730245
671	0.02133588672677676	0.9959333333333333	0.9188833333651225
672	0.021274646174907683	0.99595	0.9186166666666666
673	0.021006390208005904	0.9959833333969116	0.9196833333651224
674	0.021063569182157516	0.99605	0.9187666666984559
675	0.0213800340667367	0.9959333333333333	0.9190166666666667
676	0.0209050162255764	0.9963166666666666	0.9184833333333333
677	0.021536953022082646	0.9959166667302449	0.9189000000317892
678	0.021364740442236265	0.9958166666666667	0.9184166667302449
679	0.02112132660051187	0.99595	0.9193500000317891
680	0.02184298075437546	0.9957166666984558	0.9191166666666667
681	0.021319141794741155	0.99575	0.9187500000317892
682	0.02118961841017008	0.9960000000635783	0.91985
683	0.0212383023361365	0.99605	0.9189000000635783
684	0.02115081231892109	0.9959833333333333	0.9192333333333333
685	0.02127185353934765	0.9962666666666666	0.9181000000317892
686	0.020993348109722136	0.99595	0.9181
687	0.02106073472301165	0.9958833333333333	0.9191500000317891
688	0.022005565818150837	0.995316666730245	0.9185000000317891
689	0.021593551257252694	0.9956333333333334	0.9176333333333333
690	0.0216999554614226	0.9956833333333334	0.9176833333969117
691	0.0212918827354908	0.9958833333333333	0.9182500000317891
692	0.02088993702928225	0.9963166666666666	0.919
693	0.020998651847740014	0.9962833333333333	0.9180833333333334
694	0.02148433968424797	0.9957166666666667	0.9200833333333334
695	0.021413642112414043	0.99585	0.9182166666984558
696	0.02120695903301239	0.9961333333333333	0.9183333333651225
697	0.021587839298446973	0.9957166666666667	0.9183833333333333
698	0.02189967627351483	0.9959333333333333	0.9175000000317891
699	0.021488777737816173	0.9962	0.91735
700	0.021274852112929028	0.9958166666666667	0.9178166666666666
701	0.021805219554901122	0.9957666666666667	0.9173666666984558
702	0.021714938127994538	0.9960000000635783	0.9179833333969116
703	0.021836420307556788	0.9958666667302449	0.9167666666984559
704	0.021372609384854635	0.9961666666666666	0.9175000000635782
705	0.021729004454612733	0.9959666667302449	0.9167666666984559
706	0.022051608314116795	0.9962333333333333	0.9171000000317892
707	0.021846381041407584	0.9955666666666667	0.9163833333969116
708	0.02146679417292277	0.9960666666666667	0.9183500000635783
709	0.021592601092656455	0.9961666666666666	0.9183333333651225
710	0.021373935627937317	0.9959833333651225	0.916716666730245
711	0.021855712769428888	0.99575	0.916816666730245
712	0.02181918814778328	0.9961333333969116	0.9162166667302449
713	0.02166053740779559	0.9957666666666667	0.9174666666984558
714	0.021150327668587366	0.9961166667302449	0.9185833333651224
715	0.021557968270778657	0.9959333333969116	0.9157000000635783
716	0.021575359296798706	0.9959166667302449	0.9183666666666667
717	0.021722711527347564	0.9960333333969116	0.9183166666666667
718	0.021814072695374487	0.9957166666666667	0.9160333333651225
719	0.02151560792475939	0.9961	0.9186333333651224
720	0.02146234362622102	0.9957666667302449	0.9172333333333333
721	0.02192133079469204	0.9957333333969116	0.9165000000317891
722	0.021682534823815026	0.9957000000635783	0.9173000000635783
723	0.021446698182821272	0.9959166666666667	0.9168833333969116
724	0.02156590730547905	0.9960833333333333	0.9168500000635783
725	0.021313927175601325	0.996216666730245	0.9174166666666667
726	0.021702961949507396	0.9959000000635783	0.9172666667302449
727	0.021893532847364745	0.9958666667302449	0.9170833333651225
728	0.021421856514612835	0.9960166666984558	0.916916666730245
729	0.021354154706994692	0.9959666666666667	0.9176166666984558
730	0.02152010464966297	0.9961666666666666	0.9174333333333333
731	0.021093865950902305	0.9960833333333333	0.9165833333651224
732	0.021401478828986485	0.9957333333969116	0.9174166667302449
733	0.021425449430942534	0.9958666667302449	0.9173
734	0.022118691769242287	0.9958833333333333	0.9163166667302449
735	0.021721563426653545	0.996	0.9165333333333333
736	0.021629297665754953	0.9960666666666667	0.9160833333333334
737	0.021990239079793295	0.9955666666666667	0.9162000000317891
738	0.021845622110366822	0.9954333333333333	0.9154500000317891
739	0.02141332300901413	0.9957	0.9172666666666667
740	0.022011916319529215	0.9958166667302449	0.9148166666984558
741	0.021478830605745316	0.9958333333333333	0.9164000000635782
742	0.021431066902478535	0.9959500000317891	0.91655
743	0.021401615276932715	0.99615	0.91565
744	0.021893839887777964	0.9958333333333333	0.9173000000317891
745	0.022141586809357006	0.9958666666666667	0.9157833333969116
746	0.02180898354748885	0.9958833333333333	0.9162500000635783
747	0.021799997235337893	0.9957666666666667	0.9156
748	0.02138388010462125	0.9959166666666667	0.9166166666666666
749	0.022094502293070157	0.9959	0.9169000000635783
750	0.02195514501929283	0.9961666666666666	0.91475
751	0.02166709793806076	0.9959666666666667	0.9158000000635783
752	0.02099487017293771	0.99625	0.916866666730245
753	0.021748779410123827	0.9959000000635783	0.9157500000317892
754	0.021597504982352255	0.9961333333333333	0.9163666666984558
755	0.022012659005324047	0.9956000000635783	0.9149833333969116
756	0.021756691026687622	0.9961833333969117	0.9158166666666666
757	0.022324886892239253	0.9954833333333334	0.9148666666666667
758	0.021618717721104623	0.99625	0.914916666730245
759	0.022155950447916985	0.9956833333969116	0.9147833333333333
760	0.02117756392757098	0.9959833333333333	0.9155833333969117
761	0.021459388313690823	0.9958333333969116	0.9167333333651225
762	0.02157703902622064	0.9958500000635783	0.9159833333969116
763	0.022078040489554404	0.9956	0.9166166666984558
764	0.021934792157014212	0.9959166667302449	0.9156333333333333
765	0.022004609185953934	0.9958	0.9152166667302449
766	0.02163297554751237	0.9957833333333334	0.9165500000317891
767	0.02238037271499634	0.9952166666666666	0.9155666666984558
768	0.02170226769646009	0.9958500000635783	0.9160166666666667
769	0.022426937290032704	0.9956166666666667	0.9150500000317892
770	0.021700472394625345	0.9961166667302449	0.9139333333969116
771	0.022140470306078592	0.9958166666984558	0.9149000000317892
772	0.02208339621623357	0.9959666666666667	0.9136166666984558
773	0.02165822536547979	0.9963	0.9152666667302449
774	0.021930415632327397	0.99595	0.9147333333333333
775	0.022537586402893068	0.9958166666666667	0.9143500000635782
776	0.021926545548439026	0.9959166667302449	0.9146500000317891
777	0.02224416831533114	0.9959833333969116	0.91365
778	0.0219595369130373	0.9960166667302449	0.9153166667302449
779	0.021833321352799733	0.9958666666666667	0.9155833333333333
780	0.022152575476964316	0.9956833333651225	0.9136166666666666
781	0.021859843318661053	0.9955333333651225	0.9151833333651225
782	0.021900397165616352	0.9958666666666667	0.9149500000317892
783	0.02183770827651024	0.9959833333969116	0.9143000000635783
784	0.022218860081831614	0.9957166666666667	0.9144333333333333
785	0.022091877986987432	0.9958500000317891	0.9137333333333333
786	0.0221546601186196	0.9961833333333333	0.9138000000317892
787	0.022693549025058747	0.9953666666666666	0.9134333333651224
788	0.022420512531201045	0.9962333333333333	0.9139500000635783
789	0.0215513379573822	0.9961166666666667	0.9143166666984558
790	0.02229741432865461	0.995616666730245	0.9147166666984559
791	0.021968480871121087	0.996	0.9130000000635783
792	0.02169754307170709	0.9960333333333333	0.9148666666666667
793	0.021926545417308808	0.99575	0.9136833333651225
794	0.021902875475088755	0.9959833333333333	0.9138000000635783
795	0.02214616682926814	0.9960666666666667	0.9141166667302449
796	0.021806762019793192	0.9958166666984558	0.9147166666666666
797	0.022437247003118197	0.99545	0.9135333333333333
798	0.022238957873980204	0.9957833333333334	0.9139000000635783
799	0.02164891868730386	0.9960333333333333	0.9158666666666667
800	0.0221611381093661	0.9958666666666667	0.9124000000317891
801	0.022112779503067333	0.9956833333333334	0.9150333333651225
802	0.02185588836868604	0.9955666666666667	0.9142500000635783
803	0.021752757728099825	0.9956833333969116	0.9152666666666667
804	0.022347874850034713	0.99555	0.91315
805	0.021483283813794454	0.9963666666666666	0.9143166667302449
806	0.021654211990038554	0.9959666667302449	0.9148333333651225
807	0.022255361259977024	0.9955833333333334	0.9137333333333333
808	0.02232639357248942	0.9959333333333333	0.913766666730245
809	0.02189606363574664	0.9959666666666667	0.9138333333651225
810	0.022198296012481054	0.9960666666666667	0.9122166667302449
811	0.022348870029052097	0.9955500000317892	0.9125000000317891
812	0.022898330746094386	0.9951833333333333	0.9155833333651224
813	0.021933174465099972	0.99585	0.9138000000635783
814	0.022876504375537236	0.9958166667302449	0.9133333333333333
815	0.022296195085843403	0.9960833333969116	0.9137833333333333
816	0.02196518645087878	0.995616666730245	0.9143500000635782
817	0.021456381893157957	0.9959666666666667	0.9138833333333334
818	0.02196751422683398	0.9958833333333333	0.9131833333651225
819	0.02236956444879373	0.9959166666666667	0.9132333333333333
820	0.02198430420458317	0.9961	0.9139
821	0.022316645528872806	0.9959333333333333	0.9124666666984558
822	0.022206003558635713	0.9958000000317891	0.9134000000635782
823	0.022325106759866077	0.9958333333333333	0.9125333333333333
824	0.022220188554128013	0.99575	0.9128166666666667
825	0.021866952258348466	0.996	0.9139000000635783
826	0.022170128267010054	0.99585	0.9130166666666667
827	0.02203696586092313	0.996	0.9150333333651225
828	0.022364993254343667	0.9957166666666667	0.91305
829	0.022110155374805134	0.9956333333333334	0.9135833333333333
830	0.022293332500259083	0.9958166666666667	0.9129833333651225
831	0.022501964314778647	0.9959500000635783	0.912616666730245
832	0.021970165381828943	0.9960833333333333	0.9131833333651225
833	0.022448318720857303	0.9957	0.9110666666666667
834	0.022353813398381075	0.99565	0.9132666667302449
835	0.022252149762709936	0.9956	0.9134
836	0.02259721473256747	0.9959833333333333	0.9123833333969116
837	0.022265673810243608	0.9961	0.9136500000317891
838	0.02275434261361758	0.9956833333969116	0.91205
839	0.021887540183464685	0.9962000000317891	0.9129166666666667
840	0.022338065700729687	0.99605	0.9126000000317891
841	0.022819707161188127	0.9955833333333334	0.9121333333651225
842	0.021958055579662322	0.9958500000635783	0.9131666666666667
843	0.022591177698473134	0.9952166666666666	0.9136000000635783
844	0.022614203600088756	0.9958333333969116	0.9110333333969116
845	0.022002881562709808	0.9962	0.9131666666984558
846	0.02261882941623529	0.9959500000635783	0.9113833333333333
847	0.022586430902779103	0.9956166666666667	0.9126000000635783
848	0.022537566353877384	0.99565	0.9126500000317892
849	0.02260558091501395	0.99575	0.9122333333651225
850	0.022056363362073898	0.9958000000635783	0.9137166666666666
851	0.021948966179788112	0.9962166666666666	0.9127333333651225
852	0.021715047522385914	0.9962333333333333	0.9132000000317891
853	0.022125564177831014	0.9962500000635783	0.9126333333333333
854	0.022696288442611696	0.9955333333333334	0.9115333333969117
855	0.022195112538337707	0.9957833333969116	0.912566666730245
856	0.02224246144294739	0.9958833333651225	0.9123333333969116
857	0.021901957874496777	0.9957666666666667	0.9124000000635782
858	0.022840086122353873	0.9957666666666667	0.911766666730245
859	0.021965885597467424	0.9961333333333333	0.9113833333333333
860	0.022335445336500805	0.9958333333333333	0.9115666666984558
861	0.022348327851295473	0.9954666666984558	0.9122333333333333
862	0.02258028998573621	0.9959166666984558	0.9119000000635783
863	0.023110486135880154	0.9956833333333334	0.9116166666666666
864	0.022239189938704173	0.9957500000635783	0.9120000000317892
865	0.02186418460905552	0.9959166666666667	0.9137333333969117
866	0.02194473200639089	0.99625	0.9133666667302449
867	0.022643614196777344	0.9959166667302449	0.9107833333651225
868	0.022743665703137714	0.99565	0.91095
869	0.022225291496515275	0.9957833333333334	0.9117833333333333
870	0.022370237563053768	0.9961166666666667	0.9109500000635783
871	0.022432343649864198	0.9961166667302449	0.9113833333651224
872	0.02239289887348811	0.9959166666666667	0.9117666666984559
873	0.022568321494261422	0.995716666730245	0.9116666666666666
874	0.02285230061809222	0.9955166666666667	0.9129500000317892
875	0.022718440562486647	0.9958166666984558	0.9125666666984558
876	0.022674117537339528	0.9959666667302449	0.9108833333651225
877	0.02194314068555832	0.9963166666666666	0.9117500000635783
878	0.02298724909623464	0.9956833333333334	0.9097833333969116
879	0.022729463402430216	0.9958000000635783	0.9110500000317892
880	0.022686915236711503	0.9959333333969116	0.9119666666666667
881	0.0224876715918382	0.9957000000635783	0.91165
882	0.022611572237809498	0.9955	0.9100333333969116
883	0.022032710413138073	0.9960833333969116	0.9108500000317892
884	0.02216125302960475	0.9958333333333333	0.9118333333969116
885	0.022901925304532052	0.9953833333333333	0.9121166666666667
886	0.022333960553010304	0.9960333333333333	0.9104166667302449
887	0.02220033050576846	0.9959833333333333	0.9125833333969117
888	0.022504327645897864	0.9958666666666667	0.9111166666984558
889	0.022721788026889164	0.9958666666666667	0.9106000000635783
890	0.02272540180683136	0.99555	0.9097333333969116
891	0.022526373891035716	0.9959833333969116	0.9113000000635783
892	0.022583526055018108	0.99575	0.9111000000635783
893	0.023319497545560203	0.9951500000635782	0.9110333333333334
894	0.02223369200627009	0.9959666667302449	0.9119166666666667
895	0.022175808282693228	0.9959	0.9114333333969116
896	0.022291152662038804	0.9961666666666666	0.9105833333651224
897	0.02289124868909518	0.995366666730245	0.9118
898	0.02281022874514262	0.9957333333333334	0.9115000000635783
899	0.022901155101756256	0.99545	0.9111833333651225
900	0.022355396141608558	0.9956333333333334	0.9111333333969116
901	0.022234872861703236	0.9962166666666666	0.9115833333651224
902	0.022436526827017467	0.9960000000635783	0.9099000000317892
903	0.023255376537640888	0.9952500000635783	0.9105333333333333
904	0.022795055703322093	0.9956166666666667	0.9103666667302449
905	0.02239688724676768	0.9958333333333333	0.9112666666984558
906	0.022849028235673904	0.995666666730245	0.9109166666984558
907	0.022631000336011252	0.9960166666666667	0.9102833333969116
908	0.023251463315387567	0.9954	0.909966666730245
909	0.02278687327305476	0.99545	0.9125666666666666
910	0.022600263690948485	0.9958	0.9110500000635783
911	0.02208223225797216	0.99595	0.9108166666984558
912	0.022681170691053073	0.9955833333333334	0.911766666730245
913	0.023158767320712408	0.9953666666666666	0.91085
914	0.02310630923608939	0.9957000000635783	0.9109
915	0.022821910179654757	0.99595	0.9091666666666667
916	0.023225668227672577	0.9954666666666667	0.9104833333333333
917	0.022766560276349386	0.9959666666666667	0.9089
918	0.02250584293405215	0.9956166666666667	0.91035
919	0.022270012740294137	0.99605	0.9114666667302449
920	0.022849017214775086	0.9955166666666667	0.9116833333969117
921	0.02252253802617391	0.9960166667302449	0.910816666730245
922	0.023018132644891737	0.9958166666666667	0.9097500000635783
923	0.0228001458833615	0.99575	0.9113000000317891
924	0.023293492886424065	0.99555	0.9104666667302449
925	0.022941203246514004	0.9959000000635783	0.9101166667302449
926	0.022183382292588552	0.9957333333333334	0.9098833333333334
927	0.02291417537033558	0.9956333333333334	0.9105333333651224
928	0.023542395586768787	0.99545	0.9094166667302449
929	0.022491088568170864	0.9959	0.9108333333651225
930	0.022930692443251608	0.9953166666666666	0.9115666666984558
931	0.02300211644768715	0.99575	0.9113333333651225
932	0.022300006746252377	0.9959	0.9109
933	0.022750816927850248	0.9960666666666667	0.9098333333651225
934	0.02277363542119662	0.9957333333651225	0.9099666666984558
935	0.02265393012960752	0.9957833333333334	0.9093833333969116
936	0.022355396300554276	0.9961166667302449	0.9109666666984558
937	0.022724924079577127	0.9959333333651225	0.9089833333969116
938	0.02282223996023337	0.99585	0.9101333333333333
939	0.02298313693801562	0.9958	0.9100833333969116
940	0.022049943353732428	0.9960000000635783	0.9109000000317892
941	0.023026673301060993	0.9956500000635783	0.908566666730245
942	0.02317648952404658	0.9958666666666667	0.9094833333969117
943	0.022819197299083074	0.9958	0.9101666667302449
944	0.023279306229948997	0.9958166666666667	0.9093666667302449
945	0.02311666085968415	0.99535	0.9115333333333333
946	0.022694823988278708	0.9960333333333333	0.9098666666666667
947	0.02285642892519633	0.9951833333651224	0.9097666666984559
948	0.023037122881412506	0.9954000000635783	0.9096166666984558
949	0.022829281078775725	0.99555	0.9095333333333333
950	0.023137317178646723	0.9959833333333333	0.9095000000317891
951	0.023243138227860134	0.9956333333651225	0.9092666667302449
952	0.022916445203622182	0.9958333333333333	0.910566666730245
953	0.022696303073565165	0.995666666730245	0.9124833333651224
954	0.023236700590451558	0.9958000000635783	0.9096333333969117
955	0.022698720284303028	0.9959666666666667	0.9109833333333334
956	0.023231904637813567	0.9959000000635783	0.9087500000635783
957	0.022476173331340155	0.9955500000635783	0.9106500000635783
958	0.022725078445672987	0.9957666667302449	0.90985
959	0.022787847872575123	0.9958000000635783	0.9090500000635783
960	0.022268838599324225	0.9959	0.9111166666666667
961	0.0231164531091849	0.9955833333333334	0.9095000000635783
962	0.02285967668692271	0.995716666730245	0.9097333333333333
963	0.02307212945818901	0.9958	0.9096333333969117
964	0.023012890110413232	0.9957	0.9093166666984558
965	0.02325605155726274	0.99545	0.9088500000317892
966	0.0227785314420859	0.9957666666984558	0.9093666666666667
967	0.022733304061492283	0.9958666666666667	0.9098333333969116
968	0.023009885665774346	0.9957166666666667	0.909816666730245
969	0.023499123654762904	0.9953	0.9082833333651225
970	0.022868436175584792	0.9955333333333334	0.9090333333651225
971	0.022647313322623572	0.9959	0.9102
972	0.022614712049563727	0.9960666666666667	0.9077333333969116
973	0.02322932600180308	0.99565	0.90885
974	0.02311545504927635	0.9955333333333334	0.9085833333651224
975	0.02264803287386894	0.9958166666984558	0.910666666730245
976	0.02282546610981226	0.9959333333333333	0.91035
977	0.022946911511818567	0.9954666666666667	0.9098000000635783
978	0.022783951173226038	0.9954833333333334	0.9092666667302449
979	0.022833164649208388	0.99605	0.9092500000317891
980	0.022770683626333874	0.9954166666666666	0.9107333333969116
981	0.022484323604901633	0.99585	0.909966666730245
982	0.022804869949817657	0.9959666667302449	0.9081666667302449
983	0.022739355075359343	0.9957500000635783	0.9091
984	0.022530160290002824	0.9958333333969116	0.909566666730245
985	0.022623903671900432	0.9957666667302449	0.9102166666666667
986	0.022696548358599345	0.9960333333333333	0.9101166666984558
987	0.02297357439994812	0.9960333333333333	0.9099166666666667
988	0.023107447206974028	0.99575	0.9093666667302449
989	0.023280510477224986	0.9954333333333333	0.908
990	0.023324744848410288	0.995566666730245	0.9086500000317892
991	0.02299957771698634	0.9959333333969116	0.9091166666666667
992	0.023098727744817735	0.99605	0.9076000000635783
993	0.022306866689523062	0.9960333333333333	0.9101000000635783
994	0.023339255906144777	0.9954166666666666	0.9088833333651225
995	0.02266445936858654	0.9958333333969116	0.9088666666666667
996	0.023435434593756993	0.9957666667302449	0.9080166666984558
997	0.02276474454700947	0.9960166666666667	0.9085166666984558
998	0.02350834472179413	0.9958666666666667	0.908566666730245
999	0.023557450165351233	0.9956833333333334	0.9079166666666667
1000	0.022314883504311243	0.9959166667302449	0.9114166666984558
1001	0.022740587457517784	0.9956833333333334	0.9100166666984558
1002	0.023146908022960027	0.9956666666666667	0.9092833333333333
1003	0.023641130987306434	0.9956	0.9070500000317891
1004	0.02267075553437074	0.99595	0.9096333333333333
1005	0.02284730682571729	0.9957333333333334	0.9096000000317891
1006	0.023236045759916307	0.9957166666666667	0.9081833333333333
1007	0.02304492071866989	0.9957	0.9076000000635783
1008	0.023547625348965328	0.9952500000635783	0.9093166666666667
1009	0.022796368527412413	0.9961	0.9082666667302449
1010	0.023052388619383177	0.9956000000635783	0.9108833333651225
1011	0.022811494225263594	0.9958833333333333	0.9100833333333334
1012	0.023301446876923242	0.9957	0.9074166666984558
1013	0.023651646624008815	0.9949833333333333	0.9090833333651225
1014	0.023586439057191214	0.9955000000317892	0.9088000000317892
1015	0.02325384538869063	0.9957166666666667	0.9094333333969116
1016	0.02316401133139928	0.9956833333969116	0.908516666730245
1017	0.02368583071231842	0.9951500000317891	0.9082833333969116
1018	0.022616743447383243	0.9959500000317891	0.9094666667302449
1019	0.022977771443128587	0.9957166666666667	0.9080500000317892
1020	0.023130750131607057	0.9958833333333333	0.9076333333651225
1021	0.022589395344257353	0.9956333333333334	0.9092000000317891
1022	0.023900595007340115	0.9952333333969117	0.9069166666984558
1023	0.023105576246480148	0.9955833333333334	0.9091166666666667
1024	0.023711178745826084	0.9954833333333334	0.9073
1025	0.023254097190499305	0.9954833333333334	0.9096833333333333
1026	0.023186453274885815	0.9960166666666667	0.909816666730245
1027	0.022626738274097443	0.99595	0.9093833333969116
1028	0.023008521058162052	0.995666666730245	0.909016666730245
1029	0.023790376098950704	0.9954833333969116	0.9069833333969116
1030	0.022726037851969402	0.9959833333969116	0.9096666666984559
1031	0.022628637530406316	0.9957333333651225	0.9094000000635782
1032	0.02289084568222364	0.99575	0.9096166666984558
1033	0.022869651106993356	0.9956333333969116	0.9099166666666667
1034	0.023341697367032368	0.99555	0.90795
1035	0.022776622301340102	0.9959500000635783	0.9095833333651224
1036	0.023376165894667306	0.9955000000317892	0.9077666666984558
1037	0.02315898782014847	0.99565	0.9090666666984558
1038	0.02332694218158722	0.9954500000635783	0.90865
1039	0.022728625774383546	0.995566666730245	0.91
1040	0.02306238953868548	0.9954166666666666	0.90905
1041	0.022758535449703535	0.9955666666666667	0.9095333333333333
1042	0.022433377261956534	0.99605	0.9090500000635783
1043	0.02289511670867602	0.9957166666666667	0.9105333333333333
1044	0.023175246890385946	0.9956500000635783	0.9081166666984558
1045	0.02240923084417979	0.9958166666666667	0.9084833333333333
1046	0.02263246581753095	0.996166666730245	0.9092666666984558
1047	0.023057793887456258	0.9959666666666667	0.9089500000635783
1048	0.022858021690448125	0.9958166666666667	0.9096
1049	0.022919776914517086	0.99585	0.9085
1050	0.022838632665077845	0.9958666666666667	0.9091000000635783
1051	0.02284282684524854	0.9954666666666667	0.9090500000317892
1052	0.02241425114472707	0.9959833333969116	0.9094833333651224
1053	0.023164077194531757	0.995516666730245	0.9098166666666667
1054	0.02297820853392283	0.9958166666666667	0.9094833333651224
1055	0.02328212974866231	0.9958333333333333	0.9081666667302449
1056	0.022750125936667125	0.9955666666666667	0.9100333333333334
1057	0.023223824123541514	0.9957833333333334	0.9072000000317891
1058	0.0229636432915926	0.9959166666666667	0.9089333333333334
1059	0.022514457186063132	0.9957666667302449	0.9101166666984558
1060	0.023309012638529143	0.9957000000635783	0.9079000000635783
1061	0.0226388519068559	0.9959333333333333	0.9079166666666667
1062	0.0235545989771684	0.995366666730245	0.9093666667302449
1063	0.023024241890509924	0.9959166667302449	0.9079666666984558
1064	0.022739656871557237	0.9958666666666667	0.9084500000317891
1065	0.023049105008443198	0.9954000000635783	0.9096333333651225
1066	0.022451983348528545	0.995616666730245	0.9098333333333334
1067	0.02281646205584208	0.99575	0.9097833333333334
1068	0.02291142681936423	0.9958833333333333	0.908816666730245
1069	0.02337347649335861	0.9955166666666667	0.9083333333651225
1070	0.02298943669994672	0.9958000000635783	0.9100166666984558
1071	0.023249382523695628	0.9959333333333333	0.9076833333969117
1072	0.022958292508125304	0.9955333333969116	0.9088000000635783
1073	0.022450365922848384	0.9958166666666667	0.9098333333333334
1074	0.02321333927512169	0.9957666666666667	0.909616666730245
1075	0.022811280405521394	0.9958	0.9090666666984558
1076	0.02268689427177111	0.9958333333969116	0.909866666730245
1077	0.02258721520503362	0.9959333333333333	0.9096
1078	0.02337051747937997	0.9957666666666667	0.9081000000317891
1079	0.022738513565063477	0.9959500000635783	0.9098166666666667
1080	0.022789757460355758	0.9955333333333334	0.9100666666666667
1081	0.02295867605805397	0.9956666666666667	0.9091500000635783
1082	0.023505143722891808	0.9953666666666666	0.9073333333651225
1083	0.02285169932047526	0.9957833333333334	0.9094000000317891
1084	0.022622607174515724	0.99605	0.909666666730245
1085	0.022561616724729536	0.9956000000635783	0.9099500000317892
1086	0.02382223376631737	0.9949166666666667	0.9087666666666666
1087	0.02322581094006697	0.9956333333333334	0.9090166666666667
1088	0.023463561409711838	0.9956333333333334	0.9092166666984558
1089	0.02310066695213318	0.9958166666666667	0.9087666666984558
1090	0.022986096294720967	0.9957666666666667	0.9072166666984558
1091	0.02295292953848839	0.9958166666666667	0.9086
1092	0.023081635892391206	0.9957	0.9097833333651225
1093	0.023038934204975763	0.9958000000635783	0.9092000000635783
1094	0.02249727462232113	0.9959833333333333	0.9110000000635783
1095	0.02245726131002108	0.9962	0.9108666666666667
1096	0.023012561614314715	0.9957666666666667	0.9085500000635783
1097	0.0229551693379879	0.995616666730245	0.9089166666984558
1098	0.022890473417441052	0.9957666666666667	0.9099
1099	0.023257429735859234	0.9952166666666666	0.9081166666984558
1100	0.02273450480600198	0.9955000000635783	0.9110833333333334
1101	0.022734674578905104	0.9957833333333334	0.9098333333651225
1102	0.02279760614236196	0.9956666666666667	0.9097500000317892
1103	0.022416999102632205	0.9958166666666667	0.9108
1104	0.023563668272892635	0.9951166666666666	0.9085166666984558
1105	0.022486674614747366	0.9960666666984558	0.9097666666984559
1106	0.023085152091582618	0.9954666666666667	0.9092500000317891
1107	0.022970383489131926	0.9960833333969116	0.9085000000635783
1108	0.02339775195121765	0.9958666667302449	0.907766666730245
1109	0.02304223450422287	0.9953333333333333	0.9093166667302449
1110	0.02271045328080654	0.99585	0.9103833333333333
1111	0.023216076658169427	0.995666666730245	0.9085166666666666
1112	0.022556523967782658	0.99575	0.9094333333333333
1113	0.022808945536613466	0.9956	0.9100666666666667
1114	0.022796482781569163	0.9959166666666667	0.90855
1115	0.02361231656273206	0.9953333333969117	0.9083833333969116
1116	0.02288810207148393	0.99585	0.9095333333969117
1117	0.023161733555793762	0.9955833333969116	0.909016666730245
1118	0.022510792900125184	0.9958333333333333	0.91065
1119	0.02271020390590032	0.9958333333969116	0.909516666730245
1120	0.022351729494333266	0.9955333333333334	0.9113833333651224
1121	0.022835024201869964	0.99565	0.9114666667302449
1122	0.023042429491877556	0.9956833333333334	0.9088000000635783
1123	0.022818816060821215	0.99585	0.9099833333651225
1124	0.02188537491162618	0.9959000000635783	0.9104500000317891
1125	0.022574482089281082	0.9957	0.9107166666984559
1126	0.022851101860404014	0.9954166666666666	0.9100833333333334
1127	0.022152034002542495	0.9956666666666667	0.9106000000635783
1128	0.022204409577449163	0.996	0.9102166666984558
1129	0.02257451065182686	0.9957333333969116	0.9097000000317892
1130	0.022469551664590835	0.9960166666666667	0.9108833333333334
1131	0.02288865927060445	0.9958833333333333	0.9098166666984558
1132	0.02280524283250173	0.9954833333651225	0.9101333333969116
1133	0.022702402325471244	0.9957666666666667	0.9094833333969117
1134	0.022512602390845616	0.9957666666666667	0.909916666730245
1135	0.022561337196826934	0.9956	0.9106333333651225
1136	0.0225096013824145	0.9955166666984558	0.9099666666984558
1137	0.022725823281208674	0.995716666730245	0.9107666666984559
1138	0.022329516679048537	0.9961666666666666	0.9098666666984558
1139	0.022423482859134675	0.9957333333969116	0.9098
1140	0.022713385752836865	0.9956000000635783	0.9095
1141	0.022964125283559164	0.9955666666666667	0.9095500000635783
1142	0.022685502377152444	0.9955333333333334	0.9107500000635783
1143	0.02281317503452301	0.9959000000635783	0.9107833333333333
1144	0.023147215114037195	0.9951333333333333	0.91015
1145	0.022712465765078863	0.9956833333333334	0.9107833333333333
1146	0.022625407854715982	0.9957500000317892	0.9112666666984558
1147	0.02266104744275411	0.9957	0.9115
1148	0.023059007980426153	0.9955333333333334	0.9098666666984558
1149	0.02311745034257571	0.995516666730245	0.908616666730245
1150	0.022419816360871	0.9961	0.910716666730245
1151	0.02289500550031662	0.9953166666666666	0.9105833333969117
1152	0.021829996685187023	0.99585	0.911916666730245
1153	0.02275786882340908	0.9956833333333334	0.9095666666666666
1154	0.02250884972214699	0.9958666666666667	0.91
1155	0.023896908032894133	0.9949833333969116	0.9093666667302449
1156	0.02222987294594447	0.9957833333333334	0.9116333333333333
1157	0.022490667206048965	0.9956333333969116	0.91195
1158	0.02314431555767854	0.9956166666666667	0.9089
1159	0.022651414456963538	0.9958333333333333	0.9096333333969117
1160	0.022763054625193277	0.99555	0.9102000000635783
1161	0.022937562052408853	0.9958	0.9107166666984559
1162	0.023087507635354994	0.99545	0.9089666666984558
1163	0.022962376453479132	0.9956000000635783	0.9111000000317891
1164	0.02276578374505043	0.99545	0.9114000000635782
1165	0.022669499572118123	0.9958500000635783	0.9111833333333333
1166	0.022114089549084504	0.9959166666666667	0.9126000000635783
1167	0.02242048723101616	0.9957	0.9112666666984558
1168	0.022731426908572515	0.9956833333333334	0.9100166666984558
1169	0.022450096895297367	0.99585	0.910916666730245
1170	0.022455275404453277	0.9957166666666667	0.9102500000317891
1171	0.02229301506280899	0.9960833333333333	0.9106000000317891
1172	0.02220039099653562	0.9960000000635783	0.911866666730245
1173	0.02249705797433853	0.9958000000635783	0.9108333333333334
1174	0.022789559759696324	0.99545	0.9113666666666667
1175	0.0233579303363959	0.9952333333333333	0.909616666730245
1176	0.0228260358552138	0.9958500000635783	0.9099000000635783
1177	0.022326570254564287	0.9956	0.9121500000635783
1178	0.022554249181350072	0.9956833333969116	0.9108
1179	0.022250693559646605	0.9953500000635783	0.9120333333969116
1180	0.021695561959346136	0.9963500000635783	0.9134166666666667
1181	0.022332646663983664	0.99595	0.9103500000635782
1182	0.02245997884174188	0.9956166666666667	0.9114833333969116
1183	0.022540959018468858	0.9955000000635783	0.9110333333333334
1184	0.022618865700562794	0.995566666730245	0.9100333333651225
1185	0.022311960317691167	0.9960833333333333	0.9118
1186	0.022667220254739124	0.9956	0.9110333333651225
1187	0.02192118323047956	0.99595	0.9120500000635783
1188	0.022569207349419595	0.9957666666666667	0.9121333333333334
1189	0.021959511503577233	0.9958666666666667	0.9129166666666667
1190	0.02257257016102473	0.99555	0.9117333333969116
1191	0.02197322599987189	0.9958166666666667	0.9125333333333333
1192	0.022746768512328465	0.9957000000635783	0.9115000000317891
1193	0.022432945457100867	0.9954333333333333	0.9128
1194	0.022803499058882397	0.9954833333969116	0.9111500000635783
1195	0.021990854463974634	0.9957666667302449	0.9122666666666667
1196	0.021914151562253636	0.9958666666666667	0.9118000000635783
1197	0.02167768180767695	0.9957666666666667	0.9130333333333334
1198	0.02257465421706438	0.9952833333333333	0.9119
1199	0.021798638598124188	0.9959000000317891	0.913
1200	0.022936087806026142	0.9953666666666666	0.9106500000317892
1201	0.022673716084162396	0.995666666730245	0.9107500000317892
1202	0.022665523720781008	0.9957333333333334	0.9112833333969116
1203	0.022424221234520276	0.9958	0.9114000000635782
1204	0.0220947321459651	0.9960166666666667	0.9128333333651225
1205	0.022269904319445293	0.995716666730245	0.9120500000317892
1206	0.022386092656850813	0.9957333333333334	0.9119333333333334
1207	0.021667430593570073	0.9958666667302449	0.9139333333651225
1208	0.022029242674509685	0.9956833333969116	0.91275
1209	0.021949070699016252	0.9957833333969116	0.9125000000635783
1210	0.02255467403928439	0.9955166666666667	0.9123833333333333
1211	0.022123733923832576	0.9957000000635783	0.9140500000635783
1212	0.0227310357828935	0.9952333333969117	0.912666666730245
1213	0.022500383122762046	0.9957333333651225	0.9121500000635783
1214	0.022464537368218105	0.9955	0.9117333333333333
1215	0.022393724794189135	0.9959	0.9119500000317892
1216	0.02241163986523946	0.9957333333333334	0.91225
1217	0.022415907593568166	0.995566666730245	0.9133166667302449
1218	0.022949721800287565	0.9956833333333334	0.9113333333651225
1219	0.022504916917284328	0.9959666666666667	0.9119166666666667
1220	0.021700246979792913	0.9963	0.9128833333969116
1221	0.022373310871918996	0.9960000000635783	0.9113166666666667
1222	0.022265653296311697	0.9955833333333334	0.9118500000317892
1223	0.022612225711345673	0.9954833333651225	0.9131
1224	0.022030141963561376	0.9958000000635783	0.9128
1225	0.021958670798937478	0.9961166667302449	0.9125833333969117
1226	0.02236434168914954	0.9957833333333334	0.9113833333333333
1227	0.02188891624013583	0.9957833333969116	0.9125833333651224
1228	0.021752590862909954	0.99595	0.9125666666984558
1229	0.02175388464728991	0.99585	0.9119666666984558
1230	0.021976491515586772	0.9956833333333334	0.9124333333333333
1231	0.022004183820883434	0.9956500000635783	0.912716666730245
1232	0.022234871206680933	0.9956333333969116	0.9127500000317892
1233	0.022127857973178226	0.9958833333333333	0.9126333333333333
1234	0.022366578725973765	0.9957666667302449	0.9112333333333333
1235	0.02230017969806989	0.9956333333333334	0.9126500000635783
1236	0.022142191741863885	0.995516666730245	0.9140833333333334
1237	0.02161821946700414	0.9961166666666667	0.913716666730245
1238	0.021935508392254513	0.9957666666666667	0.9134500000635782
1239	0.021754032938182354	0.9960666666666667	0.9131333333651225
1240	0.022034368352095286	0.9958666666666667	0.9135333333333333
1241	0.02278254316151142	0.995	0.9126500000635783
1242	0.022248419445753096	0.9958	0.9124500000635782
1243	0.02211939598520597	0.9958333333333333	0.91205
1244	0.02226805802981059	0.9954333333969116	0.9118500000635783
1245	0.022002603932718436	0.996	0.9127000000635783
1246	0.022015772287050882	0.9956	0.9125833333651224
1247	0.022035751698414485	0.9958666666666667	0.91335
1248	0.021967519044876097	0.9958666667302449	0.91275
1249	0.022625926997264227	0.9953500000635783	0.9116166666666666
1250	0.0217545956770579	0.9958333333333333	0.9123333333333333
1251	0.022032791856924694	0.9957333333333334	0.913666666730245
1252	0.021917881387472152	0.9961666666666666	0.9134666666666666
1253	0.021829206740856172	0.995616666730245	0.9134833333333333
1254	0.02222377329270045	0.9959	0.9130666666666667
1255	0.022138683160146076	0.9959333333333333	0.9128333333651225
1256	0.021913612828652063	0.9957333333969116	0.91305
1257	0.02142605152229468	0.9958166666666667	0.9140666666666667
1258	0.02193982193271319	0.99575	0.9126000000317891
1259	0.023117162942886352	0.99525	0.9113833333333333
1260	0.02183222461938858	0.99585	0.9125500000635783
1261	0.02194977883497874	0.9959333333969116	0.9142000000635783
1262	0.021835194897651674	0.9955	0.9138666666984558
1263	0.022031349511941273	0.9959166666984558	0.9123
1264	0.022837480566898983	0.99535	0.9117833333969116
1265	0.023191744158665338	0.99515	0.9110166666666667
1266	0.02197994826535384	0.9957166666666667	0.9142000000635783
1267	0.022237142302592595	0.9955166666666667	0.9125000000317891
1268	0.021589713235696157	0.9957666667302449	0.9135000000635782
1269	0.02155793999036153	0.9960166667302449	0.9145500000635783
1270	0.02166516009370486	0.99555	0.913966666730245
1271	0.02172117864290873	0.9958	0.9147333333969117
1272	0.022269778059919674	0.9952833333333333	0.9126
1273	0.02196935585339864	0.9958500000635783	0.9144
1274	0.022208563848336537	0.99545	0.9129500000317892
1275	0.022208985062440238	0.9955666666984558	0.913516666730245
1276	0.021572142027815183	0.9957166666666667	0.9140166666984558
1277	0.02198179547190666	0.9954833333333334	0.913666666730245
1278	0.021906137045224507	0.9959166667302449	0.9131833333333333
1279	0.02135045596162478	0.9959	0.91495
1280	0.022004298992951712	0.995616666730245	0.9128000000635783
1281	0.022198299620548884	0.9957333333333334	0.9129166666984558
1282	0.02154972736040751	0.9959333333333333	0.9147166666666666
1283	0.022463771212100983	0.9956	0.9131
1284	0.02180733333627383	0.9958500000317891	0.9143666666666667
1285	0.022226981937885283	0.9957833333333334	0.9131000000635783
1286	0.021523431426286696	0.9958833333969116	0.9149833333333334
1287	0.022191867236296337	0.9958333333333333	0.913866666730245
1288	0.022041741087039313	0.9957166666666667	0.9151333333333334
1289	0.021959004312753678	0.9956833333969116	0.913916666730245
1290	0.02174839123984178	0.9959166666666667	0.9136000000635783
1291	0.021290788877010344	0.99595	0.9144166666984558
1292	0.02168764002521833	0.9958833333333333	0.9151666667302449
1293	0.02211497749090195	0.99585	0.9122500000317891
1294	0.021980933930476506	0.9956000000635783	0.9142666666666667
1295	0.021908849324782688	0.99575	0.9140833333969116
1296	0.02158711109161377	0.9957166666666667	0.9159833333969116
1297	0.02199563482006391	0.9954333333333333	0.9135000000635782
1298	0.022190283995866776	0.995166666730245	0.915
1299	0.02197373317082723	0.9956166666666667	0.9143500000317891
1300	0.022028498742977777	0.99585	0.9131166666666667
1301	0.021869297218322755	0.9956333333969116	0.913816666730245
1302	0.02132046256264051	0.9957	0.9140833333333334
1303	0.021544317042827606	0.9958833333333333	0.9148500000317892
1304	0.021963118290901185	0.9960333333333333	0.9134833333651224
1305	0.021231929405530293	0.9960166667302449	0.91545
1306	0.021489022914568584	0.9960166666984558	0.9151500000317891
1307	0.02147302117695411	0.9958833333333333	0.9146333333333333
1308	0.02226193347374598	0.9953666666666666	0.9143666667302449
1309	0.021698138799269993	0.99565	0.9152666666984558
1310	0.022235919197400412	0.9952333333333333	0.91395
1311	0.021640476502974827	0.9957333333333334	0.9144166667302449
1312	0.022058863699436188	0.9954166666666666	0.9142166666666667
1313	0.02199235822359721	0.9960833333969116	0.9136833333969117
1314	0.021555980560183523	0.9960166667302449	0.9156833333333333
1315	0.02165759162902832	0.9955666666666667	0.9132833333651225
1316	0.021935391680399575	0.9956500000635783	0.9146333333969117
1317	0.02195928518474102	0.9959833333969116	0.9132500000317891
1318	0.021173034169276555	0.9961333333333333	0.9159833333969116
1319	0.021528641053040823	0.9959166666666667	0.9152166667302449
1320	0.021354334626595178	0.9962333333333333	0.9154333333333333
1321	0.021581001555919646	0.9958833333333333	0.9149333333651225
1322	0.02159331348737081	0.99585	0.9162500000317891
1323	0.0213293213446935	0.9959333333651225	0.9154333333333333
1324	0.021739265656471253	0.99565	0.9143666667302449
1325	0.021797560266653696	0.9958666666666667	0.9127500000635783
1326	0.022504296205441157	0.9951	0.913616666730245
1327	0.02174389880299568	0.9956833333333334	0.9146666666984559
1328	0.021735621283451717	0.995616666730245	0.9154833333333333
1329	0.021994920494159062	0.9955833333651225	0.9132333333333333
1330	0.02232974128971497	0.9955166666666667	0.9131500000635783
1331	0.021839212834835052	0.9955	0.9148333333969116
1332	0.0217471813450257	0.9955333333333334	0.9147666666666666
1333	0.021994783357779185	0.9956833333969116	0.9139833333333334
1334	0.021865494589010874	0.99565	0.9146000000317891
1335	0.021569690116246543	0.9960666667302449	0.9158833333969116
1336	0.021025980611642202	0.9962166666666666	0.9161
1337	0.021268196846048037	0.9960666666666667	0.9148333333969116
1338	0.021646863158543906	0.996	0.9148833333651225
1339	0.022161595618724824	0.9958166667302449	0.9142666666666667
1340	0.02170197528799375	0.9959	0.914516666730245
1341	0.021578098587195078	0.9958000000635783	0.91425
1342	0.021982291109363238	0.9956166666666667	0.9132666666666667
1343	0.0219547168970108	0.9959666666666667	0.9141166667302449
1344	0.02163032830009858	0.9955333333333334	0.9159000000317892
1345	0.021602980813880762	0.9957333333333334	0.9155166666984558
1346	0.021277270318071046	0.9959666666666667	0.9162000000317891
1347	0.022018661032120388	0.995466666730245	0.9154333333651224
1348	0.021669797650973002	0.9959166666666667	0.9159
1349	0.022013098200162253	0.9957666666666667	0.9136833333969117
1350	0.021646156138181688	0.9955333333333334	0.9151166667302449
1351	0.02222160468498866	0.9955833333651225	0.9141666666666667
1352	0.022127087632815044	0.995366666730245	0.9142
1353	0.021870424834887187	0.9957666666666667	0.9145500000317891
1354	0.022019807563225427	0.9956500000635783	0.9137000000635783
1355	0.021332031871875125	0.9960166666666667	0.9149333333333334
1356	0.021414162204662957	0.9960833333333333	0.9160500000635783
1357	0.021698057095209757	0.9960333333333333	0.9142000000635783
1358	0.02162532955209414	0.9956166666666667	0.9156
1359	0.021813101890186468	0.9958	0.9153000000635783
1360	0.021495725969473523	0.99575	0.9167666666666666
1361	0.02102674129108588	0.99605	0.9156000000317891
1362	0.021019819901386898	0.9957000000635783	0.9166
1363	0.02127547016143799	0.9959166666984558	0.9156000000635783
1364	0.02180553958217303	0.9959666666666667	0.9149500000317892
1365	0.021488890753189722	0.9962333333333333	0.9154333333651224
1366	0.022268720736106237	0.99545	0.9145333333651224
1367	0.021301621384421984	0.9959	0.9146166666984558
1368	0.021124371775984765	0.99575	0.9163666666666667
1369	0.02189975319504738	0.9955333333333334	0.9151500000317891
1370	0.02114750350912412	0.99615	0.91575
1371	0.021770552716652552	0.9956833333651225	0.9147333333651225
1372	0.021132192874948184	0.9958166666666667	0.9160666666666667
1373	0.021170469886064528	0.9952833333333333	0.9158500000635783
1374	0.021924790155887604	0.9957833333969116	0.9145833333651224
1375	0.021844869258999824	0.9959666667302449	0.9167166666984559
1376	0.021520259733001392	0.9959666666666667	0.9160666666984558
1377	0.021039408816893895	0.9957333333969116	0.9152833333651225
1378	0.0212591498653094	0.9962	0.9152500000635783
1379	0.02132870559692383	0.9959	0.9156833333333333
1380	0.022989184230566024	0.9948833333333333	0.9137166666666666
1381	0.02184802443186442	0.9958833333333333	0.9159333333333334
1382	0.021876055214802424	0.9958000000635783	0.9152666667302449
1383	0.021647780435283977	0.9957166666666667	0.9163833333651225
1384	0.02184312969048818	0.9956166666666667	0.9148666666666667
1385	0.021267253331343335	0.9959833333333333	0.9159500000317892
1386	0.0214018224855264	0.99585	0.9149000000317892
1387	0.02108550640741984	0.99595	0.9164166667302449
1388	0.021526949671904248	0.9959833333333333	0.9156833333333333
1389	0.021189046502113344	0.9959000000317891	0.9170833333969116
1390	0.021359234128395715	0.9958833333333333	0.9154166667302449
1391	0.022304279245932895	0.9953833333969117	0.9161000000635783
1392	0.022116987097263337	0.9954333333651225	0.9149
1393	0.021655533051490785	0.9961833333333333	0.9140166666984558
1394	0.02161802639961243	0.9957166666666667	0.9146333333651224
1395	0.02200758137702942	0.9957500000317892	0.9152333333969116
1396	0.021401282253861426	0.9957666667302449	0.91515
1397	0.021594070160388945	0.9961833333333333	0.9152500000317891
1398	0.02133504405816396	0.9961333333969116	0.9153500000635783
1399	0.021394863472382227	0.9958166666666667	0.9148666666984558
1400	0.02224759822487831	0.99565	0.9156000000317891
1401	0.02125304451684157	0.9959166666666667	0.9169333333651225
1402	0.02127161850730578	0.9956833333969116	0.915816666730245
1403	0.021287052619457243	0.9957833333969116	0.9169000000317892
1404	0.02211541505952676	0.9951	0.9144000000317891
1405	0.021388238259156544	0.9961166666984558	0.915566666730245
1406	0.021916956574221453	0.9958833333333333	0.9157333333651225
1407	0.021697490753730137	0.9956	0.9169166666666667
1408	0.02151279511054357	0.9960000000635783	0.9152666667302449
1409	0.022041317808628082	0.9958333333651225	0.9150833333333334
1410	0.021642657295862833	0.9954333333969116	0.9157833333333333
1411	0.02124741048415502	0.9958166666666667	0.91615
1412	0.021553794259826342	0.9957666666666667	0.9147500000635783
1413	0.021576434807976087	0.99585	0.9163666666984558
1414	0.022229447229703266	0.9957500000635783	0.9146000000635783
1415	0.021729532756408057	0.9956	0.9152833333333333
1416	0.02193415642976761	0.9960833333969116	0.9157666666666666
1417	0.021623843663930893	0.99585	0.9150500000317892
1418	0.021673917692899704	0.9959333333333333	0.9144666666984558
1419	0.022220888900756835	0.9956333333969116	0.9142333333969116
1420	0.0217447568098704	0.9961	0.9159666666666667
1421	0.021603515283266702	0.9958833333333333	0.9133500000635782
1422	0.021436335289478303	0.9957666666666667	0.9161666667302449
1423	0.02186066268036763	0.9959333333333333	0.9155333333333333
1424	0.0222386845211188	0.9950666667302449	0.91505
1425	0.021682586774230003	0.9955833333333334	0.9164500000317891
1426	0.021418826152880988	0.9960833333333333	0.9154500000317891
1427	0.022132397292057675	0.9954000000635783	0.9148833333333334
1428	0.021218525554736457	0.99565	0.9168166666984559
1429	0.021423104094465573	0.9958833333333333	0.9165833333333333
1430	0.02212894451022148	0.99535	0.9157166666666666
1431	0.021306306852897007	0.9962833333969117	0.9157833333651225
1432	0.021851596601804097	0.9954666666666667	0.9159500000317892
1433	0.021657804797093075	0.9955500000635783	0.9153833333333333
1434	0.021116687881946563	0.9958	0.9164666666666667
1435	0.02189965386589368	0.9952333333333333	0.9155666666666666
1436	0.021106653970479967	0.9960333333969116	0.9162166666666667
1437	0.02137426435649395	0.9959166667302449	0.9161333333333334
1438	0.02152781170010567	0.9961500000635782	0.9150333333651225
1439	0.021670342218875885	0.9955333333969116	0.9153500000317891
1440	0.021726255256930987	0.99585	0.9161
1441	0.02154970992306868	0.9959500000635783	0.9151333333333334
1442	0.02207831039428711	0.9956000000635783	0.9143833333969116
1443	0.021181730388601622	0.99595	0.9160833333651225
1444	0.021202569544315337	0.9958000000317891	0.91715
1445	0.02159656907816728	0.9955166666666667	0.915716666730245
1446	0.021512472677230835	0.9951833333969117	0.9144833333651224
1447	0.02159534419377645	0.9956833333969116	0.9158166666984559
1448	0.02163218505680561	0.9961166666666667	0.9141333333333334
1449	0.02181408944427967	0.9955333333333334	0.9153833333969116
1450	0.021713919401168822	0.9954	0.9144833333969116
1451	0.022140959626436234	0.9955000000635783	0.9139000000635783
1452	0.021489322976271312	0.9959166666666667	0.9152166666984558
1453	0.022038435478011768	0.9954333333333333	0.9143833333969116
1454	0.021560581582784653	0.9959666666666667	0.9155000000635782
1455	0.021773916884263358	0.9959000000317891	0.9142833333333333
1456	0.021993378812074662	0.9959333333969116	0.9145000000635782
1457	0.02116256601164738	0.99585	0.9156333333651224
1458	0.02130774374206861	0.9959833333333333	0.9157166666666666
1459	0.021339916646977267	0.9958666666666667	0.9134833333651224
1460	0.02213052214185397	0.9957166666666667	0.9136333333969117
1461	0.022210747081041336	0.9955666666666667	0.9137833333651225
1462	0.021376732276876767	0.996	0.9155500000317891
1463	0.021554838186502456	0.9960166666984558	0.9154500000635782
1464	0.021661184024810792	0.9958833333333333	0.9142000000317891
1465	0.02261623979409536	0.9952833333333333	0.9133666666666667
1466	0.021968254739046098	0.9956166666666667	0.9147833333651225
1467	0.02183512580593427	0.9956166666666667	0.9152666667302449
1468	0.021841995350519817	0.9959833333969116	0.91265
1469	0.021411473493774733	0.996	0.9153000000317891
1470	0.021645774376392365	0.9963166666666666	0.91405
1471	0.022079376033941906	0.9960333333333333	0.913066666730245
1472	0.02159967767993609	0.9957500000635783	0.91415
1473	0.02171949927210808	0.995666666730245	0.9141833333333333
1474	0.021965497169891993	0.9958500000635783	0.9133500000317891
1475	0.022500320013364158	0.995466666730245	0.912966666730245
1476	0.021886689777175585	0.9957666666666667	0.9137166666666666
1477	0.021714341648419698	0.9956833333969116	0.9139000000317892
1478	0.0216879518498977	0.99555	0.9140333333651225
1479	0.022064783279101052	0.9954166666666666	0.9152500000635783
1480	0.021860292609532674	0.996	0.9136500000317891
1481	0.02168204751610756	0.9957833333333334	0.91525
1482	0.021797601819038392	0.9957166666666667	0.914716666730245
1483	0.0216805135846138	0.9958	0.91465
1484	0.021825261944532395	0.9959	0.9137000000635783
1485	0.021578584520022075	0.99595	0.915
1486	0.021749315027395886	0.9956666666666667	0.9138500000317892
1487	0.02166206573843956	0.9956833333333334	0.9150166666984558
1488	0.02199613628387451	0.9955166666666667	0.9135000000635782
1489	0.021595470947027205	0.9958	0.9162166666984558
1490	0.02198649140795072	0.9957833333333334	0.91505
1491	0.02130880327373743	0.9958166666666667	0.9159333333651225
1492	0.021464331584175426	0.9959333333333333	0.915816666730245
1493	0.02190570700863997	0.9954333333333333	0.914866666730245
1494	0.021605195959409077	0.995516666730245	0.9132333333333333
1495	0.02212481302022934	0.9953333333333333	0.9148166666666666
1496	0.021743646901845933	0.9955666666666667	0.9151166666984558
1497	0.02189287244627873	0.9956333333333334	0.9153
1498	0.02190183113714059	0.9957833333333334	0.9139833333969116
1499	0.022096685982743898	0.9959666666666667	0.913666666730245
