epoch	loss	acc	certified
0	5.303887283630371	0.0061800000002980235	0.0061800000002980235
1	5.135656163024902	0.01484	0.01484
2	4.922315650482178	0.02955000000119209	0.02955000000119209
3	4.782154017944336	0.04427000000059605	0.04427000000059605
4	4.651965300445557	0.05848000000476837	0.05848000000476837
5	4.574584291839599	0.06831999999761582	0.06831999999761582
6	4.51494374420166	0.07570000000238418	0.07570000000238418
7	4.458873962249756	0.08307000000476837	0.08307000000476837
8	4.403388843078614	0.09030000000715256	0.09030000000715256
9	4.35361222946167	0.09830000000476836	0.09830000000476836
10	4.307804352264404	0.10458000000715256	0.10458000000715256
11	4.26542375	0.11097000000476837	0.11097000000476837
12	4.224994388275147	0.1176	0.1176
13	4.187243527526856	0.12153000000476837	0.12153000000476837
14	4.156824499053955	0.12633000000715255	0.12633000000715255
15	4.1231082528686525	0.133	0.133
16	4.092311158752441	0.13760000000953673	0.13760000000953673
17	4.064161931152344	0.14049	0.14049
18	4.03152626083374	0.14689000000476837	0.14688000000476836
19	4.003011066894532	0.15209000000238418	0.1520800000023842
20	3.983472219619751	0.15500000000953673	0.15499000000953675
21	3.9582510736083982	0.15913999999761583	0.1591199999976158
22	3.9382218257141113	0.16265	0.16265
23	3.9140282147216796	0.16718000000953676	0.16715000000953675
24	3.8987739016723633	0.16888000000476838	0.16887000000476837
25	3.88291311126709	0.17227000000476836	0.17226000000476838
26	3.859480214538574	0.17750000000476837	0.17748000000476838
27	3.845197360229492	0.17945	0.17943
28	3.825473108062744	0.18390000001430512	0.1838900000143051
29	3.815225457229614	0.18372000000476837	0.18370000000476838
30	3.7962029636383057	0.18753000000953673	0.18748000000953674
31	3.7843599108123778	0.18991999999523163	0.18985999999523162
32	3.7673791864776613	0.19232	0.19229
33	3.760111135253906	0.1950100000143051	0.19495000001430512
34	3.7471399430847168	0.19604000000476837	0.19596000000476838
35	3.730752560577393	0.19980000001430512	0.19964000001430512
36	3.721462937698364	0.20011	0.2
37	3.7158672401428223	0.20408000000476836	0.20395000000476837
38	3.7042315981292724	0.20416	0.20407
39	3.7013148242950438	0.20565000000953673	0.20552000000953674
40	3.68758219833374	0.20673000000476838	0.20661000000476837
41	3.678661508026123	0.20788999999046326	0.20767999999046324
42	3.6717361450958252	0.20982000000953674	0.20956000000953676
43	3.66062707901001	0.21192	0.21172
44	3.6547083078765867	0.21387999999523163	0.21364999999523163
45	3.6491488608551026	0.21423000000476838	0.21394000000476837
46	3.638813765258789	0.21604999999046326	0.21572999999046324
47	3.627021129760742	0.21773000000953674	0.21745000000953674
48	3.6221476753234865	0.21991000000953675	0.21965000000953674
49	3.615010892868042	0.2200000000143051	0.21956
50	3.6042620042419435	0.22298	0.22256
51	3.6020670107269286	0.22419000000953673	0.22366000000953673
52	3.59394138381958	0.22617999999523164	0.22569999999523163
53	3.588107586288452	0.22563000002861022	0.22504000002861024
54	3.5815246232604983	0.22795999999046326	0.22731999999046326
55	3.5729600666046144	0.23021000000476838	0.22943000000476838
56	3.5698026221466064	0.22928000000953674	0.22855000000953674
57	3.562596626358032	0.23201000000476837	0.23114000000476836
58	3.5551242778015135	0.23144999999523164	0.23066999999523163
59	3.550851906967163	0.23387000000476837	0.23305000000476836
60	3.5476963019561767	0.23534000000476837	0.23431000000476837
61	3.533262866516113	0.23876	0.23769
62	3.5348809189605714	0.23704	0.23597999999523162
63	3.5286992585754393	0.23828000002861022	0.23710000002861023
64	3.5236035514831543	0.2401100000143051	0.2388900000143051
65	3.5171844233703613	0.24147999999523162	0.24038999999523164
66	3.513229398498535	0.23991000000953674	0.23858000000953675
67	3.506063684387207	0.24223	0.24072
68	3.4989401149749755	0.24207999999046326	0.2406
69	3.4913001541137696	0.24348000000953673	0.24165000000953674
70	3.4940946783447266	0.24496999999523164	0.24294999999523162
71	3.490546284332275	0.24420000000953673	0.24218000000953674
72	3.4823069709777834	0.24447000000953675	0.24260000001907348
73	3.4800353511047364	0.24717000002861023	0.24489999999046325
74	3.474299708099365	0.24924000001907348	0.24688000002861024
75	3.471081398925781	0.24837	0.24621000000953674
76	3.4664600481414793	0.25129999999046326	0.24816999999046327
77	3.4619546908569334	0.24951000000476836	0.24636000000476838
78	3.456922993927002	0.2528099999904633	0.24966999999046327
79	3.4524203952789305	0.2521299999952316	0.24890999999523164
80	3.4499323965454103	0.25389000000953676	0.25054999999523164
81	3.4450974155426026	0.2539500000143051	0.25014
82	3.44752996055603	0.25497	0.25111000000953676
83	3.4386064349365233	0.2554000000095367	0.25128000000953676
84	3.434924202270508	0.25612	0.25194
85	3.434464507980347	0.25738	0.25289000000953676
86	3.4305323500823977	0.25808999999523163	0.25377000000476835
87	3.420455214996338	0.2592900000095367	0.25439000000953677
88	3.4205670374298096	0.2591600000286102	0.25407999999046327
89	3.4155191444396973	0.25988	0.2547
90	3.4106157731628417	0.2616000000143051	0.25579
91	3.4096919968414308	0.25986	0.25387
92	3.4084936583709715	0.2636100000095367	0.2572299999952316
93	3.405982180786133	0.26474	0.25854999999523165
94	3.4028225173187256	0.26319000000953674	0.25624000000953673
95	3.401139696121216	0.26349	0.2567400000047684
96	3.3921280125427247	0.26583	0.2585
97	3.3920877952575683	0.26571999999046325	0.25813000000953673
98	3.388462821960449	0.2676100000143051	0.25947
99	3.3878241284942625	0.26691000000953674	0.2581300000190735
100	3.3706791802215577	0.26913	0.26069000000953674
101	3.3531201483917235	0.26891999999523164	0.2597500000047684
102	3.33500696434021	0.26760000000953676	0.25752000000953673
103	3.3165644190979005	0.26849	0.2582999999952316
104	3.296114867706299	0.27000000001430513	0.2588900000143051
105	3.2766016112518312	0.27266	0.26098
106	3.2554317840576172	0.26985	0.25889
107	3.2372435623168947	0.27251	0.26051
108	3.2170725429534914	0.27324999999046323	0.26017
109	3.2009783335113524	0.2734700000286102	0.26013
110	3.185799362258911	0.27398999999046325	0.26000000000476836
111	3.170002313079834	0.2737400000286102	0.25942000000953674
112	3.152788570175171	0.27352	0.25785
113	3.130335410308838	0.27478000000953673	0.2589099999952316
114	3.1135660596466064	0.27678999999523163	0.26046000000953673
115	3.0961157540893556	0.27769000000953675	0.26015999999523165
116	3.0785235303497314	0.27619000000953675	0.2589900000286102
117	3.0639854190063476	0.27824000000953675	0.2596000000286102
118	3.040810272979736	0.27692	0.25737999999046324
119	3.0244453285980226	0.27877000002861024	0.25859
120	3.0077809201812746	0.27984000000953674	0.25922
121	2.9905598764038084	0.27898000000953677	0.25789
122	2.9755379622650144	0.28037000002861023	0.2575900000190735
123	2.9557804946899413	0.28192000002861023	0.2589300000143051
124	2.942339395446777	0.2824499999952316	0.25802000001430514
125	2.923363530883789	0.28400000000953673	0.2591000000286102
126	2.9096334477996826	0.28407000000953675	0.25819
127	2.8909466458129884	0.28409	0.25743999999523165
128	2.876011928482056	0.28417000000953674	0.25682000000953675
129	2.85610849281311	0.28690999999523165	0.2586000000143051
130	2.841388624038696	0.28513000001907346	0.25616
131	2.830553896942139	0.2861200000286102	0.25486000002861026
132	2.8129047749328615	0.2874000000286102	0.2554600000095367
133	2.800106418609619	0.28619000000953676	0.2535800000047684
134	2.7828367408752444	0.28608999999046325	0.25156
135	2.7757417956542967	0.29008000000953676	0.25488
136	2.755956279525757	0.28869000001907347	0.25169
137	2.7414811640930177	0.28983000000953674	0.2532399999952316
138	2.7247806356048585	0.2887900000286102	0.25016000000953675
139	2.709938188323975	0.29078999999523164	0.25110000000953675
140	2.6962201940917967	0.29210000002861025	0.25166999999046324
141	2.6845071659851074	0.29145	0.24909999999046326
142	2.6711445395660403	0.29168	0.24923000000953674
143	2.6556145195007326	0.2925400000190735	0.24734000000476838
144	2.636711485824585	0.2929400000286102	0.24798
145	2.627131539993286	0.29315999999046327	0.24671000001907348
146	2.612819158935547	0.29382	0.24613
147	2.6002072592163086	0.29248000001430513	0.24368999999523164
148	2.5896567568206788	0.29491000002861023	0.24521
149	2.57306463180542	0.29525000002861024	0.24441000000476837
150	2.5607137657928467	0.2983400000286102	0.24450000000953676
151	2.5485165073394773	0.2964900000190735	0.24287
152	2.5344179853820803	0.29685	0.24151
153	2.528558243484497	0.2952100000190735	0.23888
154	2.5118543272399902	0.29800999999046324	0.23986999999046327
155	2.498126775970459	0.2981500000190735	0.23744999999523164
156	2.489482822799683	0.29821000002861026	0.23675999999523162
157	2.474116170043945	0.29981	0.2376400000143051
158	2.4624304080200194	0.30093	0.23632999999523163
159	2.4480523822021483	0.29764	0.23452000000953674
160	2.438062544631958	0.30077999999046323	0.23349000001430512
161	2.4275122270202636	0.29877999999046323	0.23270999999046327
162	2.41422546257019	0.30081	0.23098000002861022
163	2.403153276901245	0.2996000000143051	0.22913000000953673
164	2.396443513183594	0.30076	0.22938
165	2.3810076820373536	0.30123999999046325	0.22809000000953675
166	2.3689921699523926	0.3008700000190735	0.22573
167	2.35566720413208	0.30218999999046325	0.22525999999046326
168	2.348197928695679	0.3011900000095367	0.22435999999523162
169	2.337974528274536	0.30343	0.22360999999523162
170	2.3275819492340086	0.30426	0.22155
171	2.3131972046661375	0.30278000000953675	0.22065
172	2.304633734588623	0.30182	0.21866000000953675
173	2.2954655224609377	0.30414999999046327	0.21873000001430512
174	2.2839020845794678	0.3042	0.21831
175	2.2744552030944822	0.30473000000953676	0.21588999999523162
176	2.2655524495697024	0.3056000000190735	0.21479
177	2.2539990547943116	0.30493	0.21258
178	2.2440937576293947	0.30430999999046326	0.21278000000953673
179	2.236399452133179	0.30543000000953674	0.21001
180	2.225464379196167	0.30631000000953673	0.2091200000143051
181	2.2136095435333254	0.30611	0.20900000000953675
182	2.207474871673584	0.3078500000095367	0.20706999999523162
183	2.1981932485961915	0.30701999999046325	0.20616000000476836
184	2.1890278733825683	0.30787	0.2058900000143051
185	2.1794307691955566	0.30550999999046324	0.20189000001430513
186	2.170159387588501	0.3062400000143051	0.2024600000143051
187	2.1604390578460695	0.30567000001907346	0.19956000000953675
188	2.1519906330871583	0.30802999999046327	0.19888
189	2.1387713565826414	0.30620000002861025	0.19868999999523163
190	2.133401351699829	0.30673000001907347	0.19559
191	2.126227943878174	0.30614	0.19405000000953673
192	2.1176875349426267	0.30608000002861024	0.19266000000476838
193	2.109456305770874	0.30800000000953676	0.19307000000953675
194	2.09953939453125	0.30759	0.19140000000476837
195	2.089351033782959	0.30891000002861024	0.19139999999523163
196	2.0815239805603025	0.30773	0.1878600000143051
197	2.0733244773864747	0.30706999999046325	0.1874700000143051
198	2.0661430859375	0.30778000000953676	0.18528
199	2.0614319911193846	0.30855999999046324	0.18307
200	2.0474581638717653	0.3057200000190735	0.18293000000476836
201	2.0431751458740233	0.3061600000286102	0.18069000000476837
202	2.0336039653778077	0.30840000000953677	0.18032999999046326
203	2.0265410008239746	0.30707000000953677	0.17979999999523164
204	2.016758919067383	0.30962000001907347	0.17913
205	2.0125314516448976	0.30903000002861025	0.17744999999523162
206	2.004338886451721	0.30967	0.17655000000476836
207	1.9949885620880128	0.3065400000190735	0.17618999999523163
208	1.9877330310821533	0.30626000000953674	0.17365000000715256
209	1.980960654296875	0.30732000000953674	0.17216000000953674
210	1.9729149269104005	0.30766999999046324	0.17172000000476836
211	1.9653570774078368	0.30659000000953673	0.16975000000953674
212	1.9588526454544068	0.30942	0.17028000001430513
213	1.9490309575653075	0.30684000000476835	0.16721000000476838
214	1.943004980545044	0.30692000002861025	0.16656999999523162
215	1.9343947869873046	0.3081000000190735	0.1661800000143051
216	1.926593212661743	0.3074200000190735	0.16531000001430513
217	1.920167488899231	0.30960000000953675	0.16554
218	1.9107334354400636	0.3079700000095367	0.1648500000143051
219	1.9056066704177856	0.30642000002861025	0.16275000000953674
220	1.8989163134002685	0.30779999999046326	0.16309999999523161
221	1.8888950124359132	0.3073699999952316	0.16269999999523163
222	1.8838126432800293	0.30630999999046327	0.16153000001430512
223	1.8748922435760498	0.3044899999904633	0.15956000000476836
224	1.869397838973999	0.3058600000190735	0.15936000001430511
225	1.8613887482070923	0.30512000001907347	0.15890000001430513
226	1.8535023365783692	0.30645	0.16036
227	1.8453762643432616	0.30357999999046326	0.15757000000476837
228	1.8403231628036498	0.30564	0.15669000000476838
229	1.833519947013855	0.30688000000953675	0.15692000000476838
230	1.8260623854064941	0.3079300000190735	0.15617000000476838
231	1.8183440281677246	0.30631000000953673	0.156
232	1.8144375819396972	0.30647000002861025	0.15472999999523163
233	1.8014350352096558	0.30579	0.15473000000238418
234	1.7973931134796142	0.3050499999904633	0.15394000000476837
235	1.7916293378448487	0.30547999999046327	0.15360000001430513
236	1.785872239112854	0.3040900000190735	0.15242000000953673
237	1.7766093769836426	0.3039400000286102	0.15274000000476837
238	1.7737712976837159	0.30425000002861025	0.15024000000476836
239	1.7652366928863525	0.3054	0.14939999999523162
240	1.7549364281463624	0.30334000000953676	0.14919000000715255
241	1.7500216049194337	0.30450000000953675	0.14955000000476837
242	1.7439768055725098	0.30436000002861024	0.14907000000238418
243	1.7380854973602295	0.30510000000953674	0.1494299999976158
244	1.7321103249740601	0.30295000001907346	0.14721
245	1.724845691719055	0.30381000002861025	0.14810000001430512
246	1.7181248558044433	0.30273	0.14695000000476838
247	1.7082418360137939	0.3033	0.14791999999523162
248	1.7040366277694703	0.30296000002861023	0.14559000000953673
249	1.6959097312927247	0.3019	0.14419
250	1.689374676246643	0.30127999999046323	0.14538000000953674
251	1.6864712631607055	0.3032099999904633	0.14435000000476836
252	1.676983165626526	0.2998600000095367	0.14513
253	1.6703410230636597	0.30149	0.14487
254	1.6643716750335693	0.3003000000190735	0.14535000001430512
255	1.6592484553527833	0.30101000000953676	0.14254
256	1.6502200788116455	0.30148	0.14250999999523162
257	1.644122027015686	0.29924999999046326	0.14286000000953675
258	1.6423444918060304	0.30146000000476836	0.14169999999761582
259	1.6332008528900146	0.3013300000286102	0.14320999999761583
260	1.6265513386154176	0.29954	0.14185
261	1.6202536098098754	0.30007000001907347	0.14211000001430513
262	1.6144033320236206	0.2994399999904633	0.14110000000476838
263	1.611061404838562	0.29890000001907346	0.1403
264	1.598754585647583	0.29796000001907347	0.1414000000143051
265	1.5985285123443604	0.3002500000190735	0.14123
266	1.5890281159210204	0.29928	0.13977000001430512
267	1.5826751153945924	0.29909	0.14033000000953674
268	1.5788740353775024	0.29803	0.13910999999523163
269	1.5715754528045653	0.29669000000953677	0.13916000000476836
270	1.5639156295013428	0.29706999999046324	0.13909999999523162
271	1.557005259475708	0.2974299999952316	0.14033
272	1.552837318763733	0.2990600000190735	0.13972000000953674
273	1.5453357915115356	0.29602000002861023	0.1387600000143051
274	1.5406302813720703	0.29705000000953674	0.13899
275	1.5334333360671997	0.2969000000286102	0.13897
276	1.5302816166687012	0.2968	0.13742000001430513
277	1.5204976277923583	0.29487	0.13819
278	1.5153654481506347	0.2943500000286102	0.13827
279	1.5106911641311644	0.29468000001907346	0.1372900000023842
280	1.5042376584243775	0.29569000002861023	0.13848000000715255
281	1.4980366703796386	0.29512000000953675	0.13739000000476836
282	1.4924189292907715	0.29513000001907347	0.13794000000715256
283	1.4871826628494262	0.29454000002861025	0.13678999999523161
284	1.4795018466949463	0.29457999999046325	0.1372100000143051
285	1.4762290979003907	0.29486000000476836	0.13788000000715256
286	1.4695070854949952	0.29310000000953673	0.13673000000476837
287	1.464485619392395	0.2934400000286102	0.13604
288	1.4570991304016114	0.2930500000190735	0.13654000000476837
289	1.452610346031189	0.29334	0.13683
290	1.4452279475021361	0.2924800000095367	0.13653
291	1.4407526371383668	0.29249000002861025	0.1358800000143051
292	1.4335856452178954	0.29213999999046325	0.13684999999761582
293	1.4273547026062012	0.2918699999952316	0.13547000000476836
294	1.4245179761505127	0.29157000000953676	0.13613
295	1.4161578740692138	0.2911700000190735	0.13563000000476838
296	1.4149591885757447	0.2917300000190735	0.13572
297	1.4087379353332519	0.29130999999046325	0.1357199999976158
298	1.4004133103179932	0.29069000002861023	0.13568000000476838
299	1.394126217956543	0.28886000000953677	0.13550000000715257
300	1.391669864883423	0.28974999999046325	0.13381999999523164
301	1.3816368474578857	0.28888000000953673	0.13616000001430512
302	1.3823199547958374	0.2892000000095367	0.13304000000953675
303	1.3743935192489625	0.2897000000190735	0.13650000000476836
304	1.3670402898406981	0.28846999999523165	0.13552
305	1.3628288469314576	0.28858000000953676	0.1356
306	1.3570442541122436	0.28776000002861024	0.13495000001430513
307	1.3503328555679321	0.28709999999046326	0.13570999999761582
308	1.345568179321289	0.2884100000286102	0.1358399999976158
309	1.3401644256591796	0.28781000002861024	0.13553000000476836
310	1.3364027137756347	0.2882699999952316	0.13598
311	1.3268188194656372	0.28551999999046324	0.13620000000715254
312	1.326076060295105	0.2887	0.13517000000476836
313	1.3189488767242432	0.28608000000953676	0.13520000000953675
314	1.311384278640747	0.28551000000953675	0.1355
315	1.3089806587982178	0.28714000000953677	0.13598000000476837
316	1.302724478149414	0.28523	0.13567999999761582
317	1.29791182182312	0.2848200000190735	0.1358400000023842
318	1.2926701621627807	0.2846700000286102	0.13486000001430512
319	1.287008752784729	0.28633000002861025	0.13614000000476836
320	1.2800805813217162	0.2831200000190735	0.13600000000953674
321	1.2777881882476807	0.28359999999046326	0.13542
322	1.2700363584899903	0.2821500000095367	0.13500000000476836
323	1.2674389444351197	0.28465999999046326	0.13477
324	1.2599819541168213	0.28307999999046324	0.1351099999976158
325	1.2579112100219727	0.28241	0.1347600000023842
326	1.24945891582489	0.2825900000143051	0.13572000000238418
327	1.2464599434661865	0.28184999999046323	0.13615
328	1.2435307623291016	0.28297999999046325	0.13552000000953673
329	1.2350885961151123	0.28119000001907346	0.13640999999523162
330	1.2312206315612793	0.28176	0.13509000000715254
331	1.2244316482162476	0.28076000002861023	0.1356500000143051
332	1.2207691493225097	0.28268	0.13619000001430512
333	1.2173104614257813	0.28092000001907347	0.13550999999761582
334	1.209925839691162	0.27917000002861025	0.13645000001430513
335	1.2069870306777954	0.27988000002861024	0.13517000000953674
336	1.2008224635314941	0.2799400000047684	0.13557
337	1.1939698141098023	0.27815000000476836	0.13672000000476836
338	1.191629698867798	0.27876000002861023	0.1367799999976158
339	1.1858752792739868	0.27829999999046323	0.13628000000715257
340	1.17985606716156	0.27797000000953676	0.13619000000476836
341	1.1761780762863159	0.27798	0.136
342	1.1708471882629394	0.2778	0.13596000000953673
343	1.1651862358474732	0.2767300000047684	0.1363700000023842
344	1.1641152376937867	0.27889000000953673	0.1357400000143051
345	1.1590420807647706	0.2781900000286102	0.13692000000953675
346	1.153620881576538	0.27700000002861025	0.13643
347	1.1499902976989747	0.27826000000476836	0.13590000000476837
348	1.1452685594940186	0.27635	0.13669000000476836
349	1.1380128245162964	0.2754899999952316	0.13625000001430512
350	1.1368071530914308	0.2781300000190735	0.1367300000143051
351	1.1307236110305787	0.27647999999523165	0.13705000000476839
352	1.1245670149230957	0.27623999999523163	0.13772000001430512
353	1.1189503617858887	0.2741199999952316	0.13642
354	1.1170932975006103	0.2768200000190735	0.13651000000476837
355	1.1101800965881348	0.2753200000143051	0.1371
356	1.1071948414230346	0.2752399999904633	0.13628000001430512
357	1.101996020050049	0.27377000002861024	0.13702000000238418
358	1.0983207149887084	0.27571000000476836	0.13851
359	1.0920279399871826	0.27469	0.13745
360	1.0915323098754883	0.27613	0.13743000000953676
361	1.085652569847107	0.27391	0.13767000001430513
362	1.0811708743286133	0.27493	0.13770999999523162
363	1.0757246035385133	0.27335999999046323	0.13712000000715255
364	1.0689232429504394	0.27171000002861023	0.13788000000476838
365	1.0655249507904052	0.2726	0.13862000000476837
366	1.0608330151748657	0.2720599999952316	0.13809
367	1.0590342946243285	0.27210000000953677	0.13808000001430512
368	1.0526456412887573	0.27063999999523164	0.13779
369	1.0494227786636352	0.2730000000095367	0.13787000000476837
370	1.0438374933624268	0.27136	0.1390100000143051
371	1.0409574019622803	0.2711099999952316	0.13829000000476838
372	1.0369046164894105	0.2714100000286102	0.1369600000143051
373	1.0334141543197632	0.2718499999904633	0.13813000001430512
374	1.0262821899795531	0.26956000002861025	0.13859999999761582
375	1.0241232357406616	0.2705100000190735	0.13812000000715255
376	1.0207157069396973	0.27097999999046324	0.13858000000476836
377	1.0135718324279785	0.2691300000190735	0.13861999999761582
378	1.0138304570007324	0.27106000000953673	0.13865999999523163
379	1.0084971691131592	0.2708500000190735	0.13933000001430512
380	1.0036290571975708	0.2691500000286102	0.13803
381	0.9996601005554199	0.27105000002861024	0.13999000000715256
382	0.9950805627441406	0.26904000000953676	0.13833
383	0.9896820958328247	0.2681900000286102	0.1387100000143051
384	0.9885923986434937	0.2688800000190735	0.1379
385	0.9854943770980835	0.27039000002861024	0.13943000000953673
386	0.9802576984786987	0.27009999999523165	0.14038000000953674
387	0.9766013612747192	0.26901000000953673	0.13813000000238418
388	0.971727346534729	0.26762000001430514	0.13937
389	0.968121791305542	0.26769000000953674	0.13756000000476837
390	0.9639966900253296	0.2691300000190735	0.1404999999976158
391	0.9586366997909546	0.26720000000953675	0.14019000001430512
392	0.9576802965164185	0.26858	0.14002999999523164
393	0.9515561538887024	0.26748000000953676	0.14132000000476838
394	0.9495555710792541	0.26704000000953676	0.1398700000143051
395	0.9439629601478576	0.26661000002861024	0.13944
396	0.9389946360206604	0.26743999999046325	0.14217000000476837
397	0.9379013981246949	0.26783	0.14074000000476838
398	0.933158219089508	0.2667999999904633	0.13943999999523163
399	0.9277916282272339	0.26529999999523163	0.14085000000476838
400	0.9252265949630737	0.26617	0.14083000000476836
401	0.9216330355644226	0.2652300000095367	0.13903
402	0.9191494848060608	0.2662200000190735	0.13926000000476838
403	0.9134497244262695	0.2649599999952316	0.14072000001430512
404	0.9127370433616638	0.267	0.14007000000476838
405	0.9090298657608032	0.26602	0.1402900000143051
406	0.9055550186157226	0.2669400000190735	0.14028000000953675
407	0.89924457736969	0.2662300000190735	0.1414
408	0.893580873966217	0.2636500000286102	0.1418599999976158
409	0.8911492924308777	0.26392	0.14132000000953673
410	0.8885857930374146	0.26424999999523163	0.13994000001430512
411	0.8845857894515992	0.26351	0.14139000000476837
412	0.880388045425415	0.26362	0.14109000000476837
413	0.8799140612411499	0.26389	0.13969000000715256
414	0.8741115309143066	0.26318000000953673	0.14008000000476836
415	0.8699624421691895	0.2621800000190735	0.14163000001430512
416	0.8667255248260498	0.26230000000953674	0.14130000000715257
417	0.8635638315200805	0.26173000002861024	0.1406599999976158
418	0.8605051707458496	0.2625799999904633	0.14120999999523162
419	0.8559195857238769	0.26175999999046323	0.14136000001430513
420	0.8544963250350952	0.26279	0.14035000001430512
421	0.8514652487564087	0.2644099999904633	0.14226000000715255
422	0.8468727070236206	0.26224	0.14094
423	0.8433315319252014	0.26199000000953676	0.14179000000476838
424	0.8376647257423401	0.26084000001430513	0.1424800000143051
425	0.8361479459953308	0.26104000000476835	0.1417300000143051
426	0.834800148601532	0.26165	0.1406800000143051
427	0.8309926509857177	0.26248999999046324	0.1427
428	0.8271976929855347	0.26121	0.14184000000476837
429	0.8246725768852234	0.26152000000953673	0.14191999999761581
430	0.8226056203460693	0.2626	0.14202999999523164
431	0.8185531902694703	0.2619900000143051	0.14257000000715256
432	0.8138759344482421	0.26086999999046323	0.14177999999523164
433	0.8128057266807556	0.26030999999523163	0.14156999999523162
434	0.8108947308921814	0.26134	0.14186
435	0.8068066777992249	0.2623700000286102	0.14219000000953674
436	0.802591597518921	0.26132	0.14296000000476838
437	0.7971546407699585	0.25908000000953674	0.14248999999523163
438	0.7937761199760437	0.2596299999952316	0.14261000000476837
439	0.7925956660842896	0.2606800000190735	0.14232999999523163
440	0.7890494961929321	0.26062000002861024	0.143
441	0.7862404052162171	0.26	0.14218000000476838
442	0.7835402975082397	0.25971999999046325	0.14308
443	0.783734478187561	0.2608900000190735	0.14159999999523162
444	0.7786942741775512	0.25977000000953676	0.14217000000953675
445	0.7729624708557129	0.2584600000190735	0.1419300000143051
446	0.7735471187591553	0.2606700000143051	0.14294000000476836
447	0.7667408206367493	0.25831000000953674	0.14347000001430513
448	0.7658965503501892	0.25955999999046325	0.1426700000143051
449	0.7609970061302185	0.25744000000476835	0.1428599999976158
450	0.760798501033783	0.2592800000143051	0.14202000000476836
451	0.7557822525787353	0.25733999999046325	0.14282000000953674
452	0.7536932340240479	0.2568599999904633	0.1423100000143051
453	0.7509133302497863	0.25844999999046325	0.14388000000476836
454	0.7465303413772583	0.2565799999952316	0.14288000000953674
455	0.7447098409843445	0.2574599999952316	0.1428499999976158
456	0.7396167559051514	0.25630999999523163	0.14248000000715255
457	0.7395147501945496	0.25798	0.14341000000715257
458	0.7357522096252441	0.25723000002861024	0.14360000000953674
459	0.7326091958999634	0.2565099999952316	0.14348999999523163
460	0.7285681323623657	0.2559700000047684	0.14291999999523164
461	0.7275703521728516	0.25651	0.14309000000476838
462	0.7246482775497437	0.25622	0.14335999999523164
463	0.7223757927513123	0.25728	0.1438900000023842
464	0.7192487237167359	0.25708	0.14411
465	0.7165810718727111	0.25769	0.14431
466	0.7103705986976624	0.25504000000953675	0.14431000000476837
467	0.7127864197921753	0.25834	0.1445900000143051
468	0.7077332430458069	0.25597	0.14373
469	0.7060900493621827	0.2576199999952316	0.14541
470	0.7039743362998963	0.25665000000953675	0.14319000001430512
471	0.7014110586929321	0.25699000000953676	0.1437300000143051
472	0.6984597574043274	0.25606999999046326	0.14357999999523163
473	0.6962840855407715	0.25642999999523164	0.14350000000476837
474	0.6932418972015381	0.2561999999904633	0.14370000000715255
475	0.6909209608459472	0.25660000000953676	0.14416999999523164
476	0.6896582890892029	0.25682999999523165	0.1439200000023842
477	0.6847113320922852	0.25567000000476836	0.1444099999976158
478	0.6824127153587342	0.25571999999523165	0.14332
479	0.6802095511627197	0.2550500000286102	0.14400999999523162
480	0.678499031124115	0.2561400000190735	0.14415
481	0.6731540788459778	0.2539	0.14399000000476836
482	0.6716126936912536	0.25461000000953676	0.14466000000476836
483	0.6703491369438171	0.2549800000286102	0.14294000000476836
484	0.6688016646957398	0.25548	0.14330000000476836
485	0.664142084197998	0.2545700000095367	0.1449599999976158
486	0.6636886532592774	0.25458999999523163	0.14343000001430511
487	0.6609171226882935	0.25355000000476835	0.1420799999976158
488	0.6561103533172608	0.25359	0.14361999999523162
489	0.6559004483604431	0.2549699999952316	0.14526999999523163
490	0.6522408490562439	0.25351000002861024	0.14410000000476836
491	0.6510381822395325	0.25512000000476837	0.1449
492	0.6491859801483154	0.25412999999046326	0.14383
493	0.6449950542640686	0.25379000002861024	0.1443400000143051
494	0.6429788904953003	0.25411000000953676	0.14441000000715257
495	0.642311249294281	0.2542500000190735	0.14428
496	0.6379268442726135	0.25361000000953676	0.14511000000476837
497	0.6351192156028748	0.2535300000047684	0.14551999999523163
498	0.63168173828125	0.2526700000143051	0.14536000000953675
499	0.6306570700263977	0.25217000000953677	0.14386000000476837
500	0.6292135447311401	0.25301000002861024	0.14460999999523164
501	0.6270267861747741	0.2540100000095367	0.14443000000476838
502	0.6220361783218383	0.25132999999523165	0.1446100000023842
503	0.6187194207000732	0.25215	0.1463700000143051
504	0.6175529989242554	0.25195000000953677	0.14483000000953675
505	0.6158063652038575	0.25219	0.1458100000023842
506	0.6143427508544922	0.25404000000953675	0.14695000000715255
507	0.6123167009162903	0.25262	0.14567999999523162
508	0.6090805357742309	0.2536900000190735	0.1465300000143051
509	0.6054049726676941	0.25170000000953674	0.14652000001430512
510	0.6052843706321717	0.25287999999523164	0.14617000000476837
511	0.6023070609664917	0.25403999999523164	0.14826000000238418
512	0.59985841796875	0.2530900000286102	0.14791000000476837
513	0.5971467663002015	0.25291000000953673	0.14675000000476837
514	0.5949289715957642	0.25256000000476836	0.14718000000238418
515	0.5916132995605469	0.2523099999952316	0.14787
516	0.5917386120033264	0.25308999999523163	0.14726000000715256
517	0.5892490217399597	0.25306	0.14844
518	0.5852049575614929	0.25264000000953674	0.14869000000476837
519	0.5829423171615601	0.25253999999523163	0.14823000000953673
520	0.5815782281303405	0.25208999999523163	0.14783000000476837
521	0.577998270149231	0.25194999999046325	0.14951000001430512
522	0.5791019910240174	0.25369	0.14771000001430512
523	0.5769527571678161	0.25409	0.14927000000953675
524	0.5718286542510986	0.25205	0.14942000000953673
525	0.5694134917640686	0.25219	0.15040000000953674
526	0.567660913028717	0.2522900000095367	0.14976000001430512
527	0.5667367146492004	0.2532500000190735	0.15035999999523164
528	0.5632726536560059	0.25169	0.14974
529	0.5608725817680359	0.2508200000143051	0.14894
530	0.5593399939346313	0.25322000000953676	0.1512699999976158
531	0.5567668613815308	0.2525099999952316	0.15060000000953674
532	0.5556123157691956	0.25269	0.15095000000953673
533	0.5524133254432678	0.25180000000953673	0.15151999999523164
534	0.5498681419754028	0.25196999999046327	0.15199000000953675
535	0.5472240326499939	0.25121	0.15026
536	0.5474757990646363	0.25344	0.15236000000476838
537	0.5463084469604492	0.25326000000953675	0.15085000001430512
538	0.5430375658035278	0.25269999999523163	0.1513000000143051
539	0.5396356354522706	0.2512900000095367	0.15168000000476836
540	0.5396945981407165	0.25407000002861024	0.15345000000476838
541	0.5354950511360168	0.25177999999046324	0.15183999999523162
542	0.5356723046875	0.25298	0.15292000000953673
543	0.531621129283905	0.2512500000047684	0.15249000000715257
544	0.529968465499878	0.2528100000286102	0.15362
545	0.527647043056488	0.2515900000286102	0.1531100000143051
546	0.5264839859962464	0.2530299999904633	0.15434
547	0.5249362258148194	0.25248999999046323	0.15317999999523163
548	0.5224679351234436	0.25261000001907347	0.15439
549	0.5227108841514587	0.25395000002861023	0.15402000000476837
550	0.5189195279121399	0.25288000000953675	0.1547500000143051
551	0.5174673286437989	0.2528600000190735	0.15426000000953674
552	0.5139497611141205	0.2519300000143051	0.15395999999523163
553	0.5132309673881531	0.25172000001907346	0.1532700000143051
554	0.5124581043148041	0.25209000000953674	0.15325
555	0.5082722204589843	0.25218000001430513	0.15510000000715254
556	0.5048188645362854	0.251	0.15570000000953674
557	0.5062624963760376	0.2524099999952316	0.15446000000476837
558	0.5041571264457703	0.2531500000047684	0.15515999999761582
559	0.5012605293846131	0.2528500000095367	0.15620000001430512
560	0.49933372411727905	0.25246000000476837	0.15610000000476837
561	0.49740090549468996	0.2522899999952316	0.15578000000953673
562	0.4970094282722473	0.25357999999046327	0.15604
563	0.49647926044464114	0.25339000000953676	0.15679999999523161
564	0.4900104027938843	0.25126999999523164	0.15688000000476837
565	0.4896446420574188	0.25185999999046327	0.15732000001430513
566	0.48936161123275757	0.25263000002861025	0.15693999999523162
567	0.48727298705101013	0.25248000000953674	0.15605999999761583
568	0.4855382314682007	0.2524600000190735	0.1562
569	0.48329734674453734	0.25182000000953675	0.15729999999523162
570	0.4829593394947052	0.25276000000953674	0.15691000000476837
571	0.47927954332351685	0.25203	0.1578600000143051
572	0.47740950178146363	0.25150000000476835	0.15782999999523162
573	0.4779020212173462	0.25274999999046327	0.15777000000953675
574	0.4764392573738098	0.25378999999046326	0.15884
575	0.4738147426605225	0.2526199999952316	0.1583000000143051
576	0.4731722282409668	0.25365999999046324	0.15839999999523163
577	0.4692267559528351	0.2527100000286102	0.15940000000476837
578	0.4673120642280579	0.2522899999952316	0.15947999999523163
579	0.46668793014526366	0.2522700000143051	0.15841000000476838
580	0.4669051711845398	0.2539200000047684	0.15984000000715257
581	0.463654411611557	0.25328	0.16027
582	0.4619187819099426	0.25232000000953675	0.15934999999523164
583	0.45943616376876834	0.25275000000953673	0.16045000001430512
584	0.45847575340270996	0.25287999999046323	0.16004000001430513
585	0.457519407081604	0.25338999999523165	0.16020000001430512
586	0.4555181140804291	0.25371	0.16028000000953674
587	0.4551792407035828	0.2540300000047684	0.16086000001430512
588	0.4532237093448639	0.25314	0.16059
589	0.44842755860328676	0.2518099999904633	0.16103000000476836
590	0.4494794684791565	0.2533500000190735	0.1603000000143051
591	0.44856038303375245	0.25386000000953673	0.1607100000143051
592	0.4463779793167114	0.2535300000190735	0.1616600000143051
593	0.4437123287391663	0.25231000000953674	0.16142000001430512
594	0.44122525182724	0.25186	0.16158000001430511
595	0.4412305361175537	0.2525800000190735	0.16203
596	0.4398078322696686	0.25281000000953674	0.16087000000953675
597	0.4368990316390991	0.25268000002861024	0.16236000001430512
598	0.4379598129081726	0.2536200000095367	0.16179999999523162
599	0.43559180278778076	0.25383000000953676	0.16354
600	0.43445817975997925	0.25388999999523165	0.16229000000953675
601	0.43347469678878786	0.2548	0.16373
602	0.4319998049354553	0.25433000000953676	0.16385
603	0.43063744997024533	0.2546200000095367	0.16351999999761582
604	0.4273148318481445	0.2536800000095367	0.1647400000143051
605	0.4260955260276794	0.25323000000953677	0.16320999999523164
606	0.42563287410736084	0.25476000000953675	0.16377000000476838
607	0.42466407266616824	0.25328	0.16278
608	0.4231530193424225	0.25355000000953676	0.1636600000143051
609	0.4221536373233795	0.25395	0.1633699999976158
610	0.4201272776222229	0.2530400000190735	0.16358000000476838
611	0.4165933316421509	0.25316000001907346	0.16513000000476838
612	0.41776691738128663	0.2545700000190735	0.16456000000953674
613	0.4168935168647766	0.25448000000953674	0.16342
614	0.4138900024414062	0.25341000002861025	0.16475000000476836
615	0.41261624694824217	0.25386	0.16523000001430513
616	0.4102886084365845	0.2533500000190735	0.16518000000476837
617	0.41080740633010865	0.2540199999952316	0.16585
618	0.40748933280944827	0.2527400000190735	0.16491000000953673
619	0.408356691160202	0.2546500000047684	0.1651800000023842
620	0.4060715660572052	0.2537200000143051	0.16506
621	0.40435678760528565	0.2537100000143051	0.16548000001430513
622	0.40243177518844603	0.25316000000953676	0.1656800000143051
623	0.4020016847896576	0.2539200000047684	0.16591000000476838
624	0.399160008020401	0.25335999999046327	0.1666
625	0.3978295928192139	0.25304	0.16628000001430512
626	0.397718958234787	0.25465000000953675	0.16762000000476837
627	0.3947090121269226	0.25257000001430513	0.1664800000143051
628	0.3933353845119476	0.25258000000953673	0.16697000000476836
629	0.3945918177032471	0.25422000001907347	0.16662999999523162
630	0.3919448396873474	0.25351	0.16611000000953674
631	0.39066930433273317	0.25447000002861025	0.1683500000143051
632	0.3902078189277649	0.2542300000143051	0.16727000001430511
633	0.388536240196228	0.25423000000476836	0.16799000000476838
634	0.38844665307998655	0.25384000000953677	0.16691000000953674
635	0.3880022204399109	0.25439000000953677	0.16664999999523164
636	0.3865869950675964	0.25485000001430513	0.16819000000476836
637	0.38328694104194644	0.25348	0.1681
638	0.3819160929298401	0.25489000000953677	0.16891000000715256
639	0.3821572198963165	0.25448999999523164	0.16828000000953675
640	0.38082848848342893	0.25509	0.16884999999523162
641	0.3784563390254974	0.25415000000953675	0.16811000000953674
642	0.37727035821914673	0.25413	0.16878999999523162
643	0.37604318714141843	0.25366	0.16861999999523164
644	0.37647260147094724	0.25527	0.16952000001430512
645	0.37484900211334227	0.2549300000190735	0.16956000000476837
646	0.37277021841049196	0.25389999999046325	0.16960000000953673
647	0.3712592051887512	0.25488999999523165	0.17038000000476838
648	0.36968414014816287	0.2545500000143051	0.17026000000953675
649	0.37088256456375124	0.25618000001430513	0.17035
650	0.36929390312194826	0.2561400000047684	0.17105000000476836
651	0.36884641076087954	0.25604000000953675	0.17021000000953673
652	0.36579328453063964	0.2542600000190735	0.16984
653	0.36593866310119627	0.2553900000143051	0.1705799999976158
654	0.3642887614250183	0.25545999999046326	0.1699600000143051
655	0.36459034929275513	0.2564000000190735	0.17130999999523164
656	0.36114517528533935	0.2545700000095367	0.17126000000476838
657	0.35969675947189333	0.25440999999046326	0.17141000001430512
658	0.35972075638771056	0.2560000000143051	0.17203999999523162
659	0.35918676750183104	0.25526999999046324	0.17100000000953675
660	0.35813736815452574	0.2562000000286102	0.17165000000953673
661	0.3556364162826538	0.2546899999952316	0.17146
662	0.3547312487602234	0.25532	0.17138000001430512
663	0.35480808104515077	0.25516999999046325	0.17137999999523162
664	0.35154672979354856	0.25506	0.17245999999523162
665	0.35255172178268435	0.25700000000953677	0.17376000000476838
666	0.3511987490272522	0.25613	0.17271999999523163
667	0.34957056549072263	0.2557300000095367	0.17326
668	0.34829830432891845	0.25620000000953674	0.17395
669	0.34745502875328066	0.25565000000953675	0.17203000000953675
670	0.34587539090156555	0.2558999999952316	0.17356
671	0.34821672141075133	0.2577700000286102	0.17314000000476837
672	0.34322095685958864	0.25583000000953676	0.17343000000953673
673	0.34238387616157534	0.25528000002861023	0.17337000000953676
674	0.342225657119751	0.2564	0.17427000001430512
675	0.3418220596885681	0.25642000000953674	0.17437000000953673
676	0.3387364421272278	0.25421000000953675	0.17371000000953674
677	0.3405655013847351	0.2572900000095367	0.17491000001430512
678	0.3386771854400635	0.25669000002861025	0.17474
679	0.33798528760910035	0.25645000002861024	0.17428000000476837
680	0.3363006363105774	0.2574200000190735	0.17574000000953674
681	0.3367853751659393	0.2571200000095367	0.17447
682	0.3352330936431885	0.25637	0.1744
683	0.3339071895313263	0.25691	0.17464999999523162
684	0.3334782399749756	0.25661	0.17428
685	0.3312860658454895	0.25709999999046323	0.17623000000953673
686	0.3325928622817993	0.2581600000286102	0.17478000000953675
687	0.3321874565124512	0.2576800000190735	0.17418000000953673
688	0.3286484271812439	0.25690999999046327	0.17617
689	0.3278040278625488	0.2573400000190735	0.17671000002861023
690	0.3256399634933472	0.2566800000095367	0.17664000000476837
691	0.3257876417064667	0.25715000000953675	0.17641000001430512
692	0.3244182762527466	0.2574799999904633	0.17759000000476838
693	0.32461909945487977	0.25822000000476836	0.17774000001430512
694	0.32174682967185975	0.25641000000953673	0.17661000000953675
695	0.32154285943031313	0.25718999999046327	0.17674000001430512
696	0.32108193326950074	0.2569000000095367	0.1767300000143051
697	0.3207612675857544	0.25746000002861025	0.17657
698	0.31872843064308165	0.25755000000953676	0.17779
699	0.32034678897857666	0.25837999999523165	0.17659999999523163
700	0.31596823108673094	0.2563599999952316	0.17742000000953675
701	0.3165554016876221	0.25740999999046327	0.17752999999523164
702	0.31380348571777344	0.25620999999523164	0.17774000000476836
703	0.3154570140647888	0.2575199999952316	0.17763
704	0.3138842378807068	0.2581200000190735	0.17893
705	0.3123272773361206	0.2581800000095367	0.17882000001430512
706	0.31285872320175173	0.25814000000953674	0.17858000000476837
707	0.31144141635894773	0.2584800000286102	0.17880999999523162
708	0.3102315241909027	0.25753999999523164	0.17813
709	0.31026778108596803	0.25965000000953675	0.18065000000476839
710	0.30677551540374753	0.25790000001430513	0.18032000000715256
711	0.30727042945861816	0.25833000002861023	0.18028999999523163
712	0.306750221118927	0.2581800000190735	0.17943
713	0.30597869703292846	0.25888000001907346	0.18013999999523164
714	0.3068659461402893	0.25915	0.17874000000953674
715	0.3043367156791687	0.25834	0.17951000001430512
716	0.30570169660568236	0.2600599999952316	0.17952000000476837
717	0.3040740865898132	0.2597700000286102	0.1810500000143051
718	0.3022111196899414	0.25885000002861025	0.18041000000953675
719	0.3016401764202118	0.25900000000953677	0.18064
720	0.30049843446731567	0.25875999999523164	0.18048000000476838
721	0.3001670565414429	0.25961	0.1817000000143051
722	0.29978037549972536	0.2596800000190735	0.18149
723	0.29804566982269287	0.25902000002861025	0.18072000000476837
724	0.2971425562953949	0.25955999999046325	0.18223000000476838
725	0.29762488978385926	0.2600900000047684	0.18170000000476838
726	0.2968261112117767	0.25928000000953677	0.18179000001430512
727	0.29345238522529604	0.25895000002861024	0.18168000000953674
728	0.2958159720039368	0.26057	0.18187000000953674
729	0.2941470228767395	0.2602100000286102	0.1819100000143051
730	0.29376215196609495	0.25987000000953675	0.18189
731	0.2916542607498169	0.25969000000953674	0.18283000000953675
732	0.29162277498245237	0.26066000001907347	0.18293000001430512
733	0.29167068897247317	0.2609500000095367	0.18353000000476838
734	0.28988016965866087	0.2606500000286102	0.18332000000476836
735	0.2897416885662079	0.26160000000953676	0.18412000001430512
736	0.2900030019760132	0.26173000002861024	0.1839400000143051
737	0.2885100344848633	0.2613400000095367	0.18352
738	0.28583684195518494	0.25983	0.18390000000953674
739	0.28578754314422605	0.25991	0.18335000001430513
740	0.28459168241500854	0.26005000000953676	0.18459999999523163
741	0.2845999063205719	0.26045	0.18459000000953674
742	0.2831504686832428	0.26022	0.18467999999523163
743	0.28257264889717104	0.2604700000286102	0.1848900000143051
744	0.2829120150947571	0.26055	0.18358000000953675
745	0.2816356227207184	0.2607999999952316	0.18447000000476838
746	0.2813932368659973	0.2615600000095367	0.18513000000953675
747	0.28200225051879885	0.26245000000476837	0.1852200000143051
748	0.2795931836128235	0.26152	0.1857800000143051
749	0.2805695795536041	0.2631200000095367	0.18560999999523162
750	0.27776847885131833	0.2606200000095367	0.18556000001430512
751	0.27738455867767337	0.2611900000286102	0.18591999999523162
752	0.2783990561294556	0.26255000000953677	0.18562999999523164
753	0.27715961815834045	0.26185000000953673	0.18582
754	0.2755089483737946	0.26188000000953676	0.18549999999523162
755	0.2753387236833572	0.2619	0.18604000000476836
756	0.2731102051067352	0.2604100000143051	0.18597999999523163
757	0.2737268558597565	0.26183	0.18617000000476838
758	0.27389010533332825	0.2632300000095367	0.18682999999523162
759	0.27345138818740844	0.26339999999046326	0.18729000000953674
760	0.27203336827278135	0.2631700000095367	0.1878500000143051
761	0.270555410785675	0.2627100000286102	0.18773000001430512
762	0.26868892335891725	0.2611800000190735	0.18778000000953673
763	0.2701593687915802	0.26276999999046324	0.18787000000953674
764	0.2683073115825653	0.26147000000953674	0.18718999999523162
765	0.2686288192844391	0.26315000001907346	0.18763999999523162
766	0.26756733930587767	0.2629800000143051	0.18898
767	0.2659833028125763	0.2614699999904633	0.18834999999523164
768	0.266331390581131	0.26279	0.18829
769	0.2665799346733093	0.2638000000286102	0.18918000001430513
770	0.266089631023407	0.26318000000953673	0.1875500000143051
771	0.26427228034973144	0.26295000000476837	0.1892200000143051
772	0.26316605139732363	0.26236	0.18845999999523164
773	0.26510840896606447	0.2648000000286102	0.18956000000476836
774	0.2615122400474548	0.26244000000476836	0.18984999999523164
775	0.2612648132324219	0.2625100000095367	0.18906000000953674
776	0.2615648949432373	0.26316000002861023	0.1894600000143051
777	0.2611953367757797	0.26363000000953674	0.18945000000476836
778	0.2605189751148224	0.26398000000953675	0.18976999999523164
779	0.2597564447879791	0.26437000001907346	0.19097999999523163
780	0.25997289196968076	0.2650300000143051	0.19091000000953676
781	0.25776825001716613	0.26327999999046325	0.19024999999523162
782	0.25803138582706453	0.26415999999523165	0.19043
783	0.2577606229972839	0.26377000000476836	0.18978000000476838
784	0.25872415266036985	0.26496000002861025	0.19028
785	0.2559778569316864	0.26423000002861025	0.19159000000476836
786	0.25572559522628785	0.2645600000095367	0.19069999999523163
787	0.2541969807243347	0.2638400000095367	0.19118999999523162
788	0.2536051314163208	0.26413000000953674	0.19225000000476838
789	0.2530890865516663	0.26394	0.19111999999523163
790	0.2532279874610901	0.26453	0.19086000000953673
791	0.2505237189054489	0.26309999999046324	0.1920800000143051
792	0.2510315470123291	0.26398000000953675	0.19197
793	0.2510447236537933	0.26421	0.19204000000476837
794	0.25082980140686034	0.26476000001907346	0.19236000000953674
795	0.2492648805999756	0.2639100000286102	0.19175000000476838
796	0.24767045296669007	0.26370999999046324	0.19208999999523163
797	0.2491184794139862	0.2657300000190735	0.19438
798	0.24613798448085786	0.26405000000953677	0.19354999999523162
799	0.24768466081619261	0.2645400000286102	0.19236000001430512
800	0.24654592639446257	0.2639999999952316	0.19200000001430512
801	0.24667768065452575	0.2656600000190735	0.19371000000953675
802	0.24702319683551788	0.2660799999904633	0.19436999999523163
803	0.2444692621088028	0.2642499999904633	0.19380999999523163
804	0.245616899394989	0.26577000000953677	0.19326
805	0.2447131370449066	0.2656300000047684	0.19320000000476836
806	0.24495125339508056	0.26633000002861024	0.19425000000953674
807	0.24307765394210815	0.26454999999523165	0.19385000000953675
808	0.2424556704044342	0.26544000000476836	0.19376999999523162
809	0.24251229815483094	0.2660600000190735	0.19477
810	0.24133000729560852	0.2651500000143051	0.1940500000143051
811	0.24099105149745942	0.2654700000286102	0.19500000001430512
812	0.24049381301879882	0.2650300000190735	0.19382000000953675
813	0.24035590735435486	0.26587999999046324	0.19498999999046326
814	0.23974737383842468	0.26644000000953677	0.19479000000953675
815	0.23847860970020293	0.26513000000953674	0.19476000000953675
816	0.23892145171165466	0.26647	0.19537
817	0.23808712043762206	0.26599000001907347	0.19568999999523162
818	0.23806001466274263	0.26660999999046325	0.19539000000953674
819	0.23678571806907653	0.2662700000143051	0.19557000000476837
820	0.23818385160446168	0.26673000002861025	0.19517
821	0.2368409859752655	0.2664500000095367	0.19566000000953673
822	0.23683348058700562	0.2672500000190735	0.19613999999523163
823	0.23602092190265656	0.2665000000095367	0.19604999999523162
824	0.23315049329280854	0.26498000000476835	0.19561000000476836
825	0.2358348290538788	0.26785999999523163	0.19697
826	0.2357292847919464	0.26812	0.1963700000143051
827	0.23313335105895996	0.26690000000953673	0.1969000000143051
828	0.23270852177619933	0.26668999999523163	0.19639000000953674
829	0.23311512219429015	0.2669000000190735	0.19621
830	0.23208623466491698	0.26682	0.19709000000953675
831	0.2321194116783142	0.2673299999952316	0.19734
832	0.2321190240764618	0.26824000000953674	0.1983200000143051
833	0.2310062104177475	0.2680200000286102	0.19846
834	0.23139583621025087	0.26844	0.19840000000476837
835	0.22904374680042267	0.2663899999952316	0.19653999999523164
836	0.2299391234064102	0.26766999999046326	0.19774
837	0.22800974175453187	0.26667999999046327	0.19771000000476838
838	0.22848955741882324	0.26722	0.19754000000476837
839	0.22725982682228088	0.2672200000143051	0.19911000000953674
840	0.22737657138347625	0.2677400000143051	0.19855999999523163
841	0.2274879488801956	0.26826	0.19919999999523164
842	0.22735694000720977	0.26831000000953675	0.19841
843	0.2276604299736023	0.2688500000190735	0.19933000000953674
844	0.22500720964431764	0.26754	0.19920999999523162
845	0.22549176761627196	0.26759000000476835	0.19934000000476837
846	0.22585994980335236	0.2687299999952316	0.19955999999523164
847	0.22406263768196105	0.26786999999046324	0.20012
848	0.22496507367134094	0.26783000000476836	0.19852000000953673
849	0.22486974941253662	0.2685400000143051	0.1986999999976158
850	0.22379034524917601	0.26859000000953676	0.19836999999523164
851	0.22375321968078613	0.26901000002861025	0.19955000000953674
852	0.22208946671485902	0.26815000000476835	0.20042000000953675
853	0.22182653162479402	0.2685200000047684	0.20002000000953674
854	0.22144813027858734	0.26845	0.20006
855	0.22266513353347778	0.26939000000476837	0.19973000000953675
856	0.22112630064964295	0.26882000002861023	0.19931
857	0.2210497419643402	0.2684400000095367	0.19949000000476838
858	0.22002399191379546	0.26893	0.20088000000476838
859	0.2191634135055542	0.26823000001430514	0.19970000000953675
860	0.22018707541942598	0.2689699999904633	0.19996999999523163
861	0.21835831621170043	0.2686099999952316	0.2005
862	0.21942593280315398	0.2696400000047684	0.20087000000476837
863	0.21856904888153075	0.26867	0.19932000000476838
864	0.21699749349594116	0.26848999999046325	0.20046000000953673
865	0.2178461550474167	0.2696400000286102	0.20204000000476838
866	0.21562191751480103	0.2683500000047684	0.20169
867	0.21626542356967926	0.2687700000190735	0.20067
868	0.21666370165824891	0.2698499999904633	0.20159000000476837
869	0.21494775354385376	0.26924000000953674	0.20254000000476838
870	0.2155612013530731	0.26951000000953673	0.20135000000476838
871	0.21466021213531494	0.2684500000095367	0.20075000000953674
872	0.2145350815296173	0.26961	0.20164000000953675
873	0.21296751468658448	0.2683600000286102	0.20153999999523162
874	0.21377421824455262	0.2688000000047684	0.20111000000476836
875	0.21400414850234986	0.27015999999046325	0.20204
876	0.2133869543504715	0.2690000000095367	0.20158000000953674
877	0.21334659378051757	0.2695800000190735	0.20190000000953676
878	0.21214830478191377	0.2695199999904633	0.2022300000143051
879	0.2119670362854004	0.2699100000286102	0.20307999999523163
880	0.21199099261283874	0.27027000000953677	0.20316
881	0.2102034420681	0.26960000000953677	0.2033200000143051
882	0.21123954349994659	0.26969	0.20162999999523162
883	0.20922318417549132	0.2692199999952316	0.20264000001430513
884	0.20907368633270262	0.26977000000953677	0.20413999999046326
885	0.2097304229927063	0.2696400000190735	0.20241
886	0.209856044921875	0.27019000000953675	0.20292000000953675
887	0.20908793375015258	0.2703000000286102	0.20306
888	0.2099444676733017	0.2707200000095367	0.20272000000476836
889	0.20799719611644746	0.27000999999046327	0.20293000000953673
890	0.20859807843208314	0.2698500000190735	0.20282999999523163
891	0.20886226262092591	0.27002	0.20216999999523164
892	0.2073941952419281	0.2698499999904633	0.2029800000143051
893	0.20819804575920106	0.27053	0.20272000001430512
894	0.20673611141204834	0.2708700000286102	0.20485000000953674
895	0.2071702869796753	0.27031999999046324	0.20258
896	0.20584958392620087	0.2703799999952316	0.2044
897	0.20474424770355223	0.2700800000190735	0.20347
898	0.20571237092018127	0.2705000000190735	0.20343000000953673
899	0.2056890220117569	0.27108	0.20417
900	0.2072264844608307	0.27233999999046327	0.20421
901	0.205351402425766	0.2716700000190735	0.20420000000953675
902	0.20435250831127166	0.27045000002861025	0.20342000000953675
903	0.20349724920749665	0.2703499999904633	0.20427000000953674
904	0.20309016978263855	0.2705200000286102	0.2048
905	0.20216097340583802	0.2700700000190735	0.20441000000953674
906	0.20253610664844512	0.26998	0.20370999999523162
907	0.20409163228988647	0.27149000000953677	0.20446000000953674
908	0.20203598559379576	0.27061999999046327	0.20507000000953673
909	0.201354040722847	0.2696600000143051	0.20420000000953675
910	0.20052146638870239	0.27010000002861023	0.20539000000476837
911	0.20193276302814483	0.2714400000095367	0.20423
912	0.20064341353416443	0.27013	0.20331000000476837
913	0.19889271727085114	0.2700100000190735	0.20510000000476838
914	0.20021509508132934	0.27122999999046327	0.2057
915	0.20129628809928893	0.2714000000190735	0.20463999999523164
916	0.19976556673526763	0.2714699999904633	0.20510999999523163
917	0.19934161881446838	0.2704400000095367	0.20492999999523162
918	0.19913418349266052	0.27103000000476835	0.20555
919	0.1996805839729309	0.27135000000953674	0.20445000000953675
920	0.1980485780096054	0.27035000000953674	0.20427999999523164
921	0.19828896121025086	0.27125	0.20526
922	0.19775042768001555	0.2716299999904633	0.20636000001430513
923	0.19829858185768126	0.27155	0.20547999999523162
924	0.19799916027069092	0.27091000000953674	0.20510000000953674
925	0.19658750369071962	0.27032	0.20466999999523164
926	0.19566857464313506	0.27022000000476837	0.20543
927	0.19551948505401612	0.27100999999046327	0.20629000000476838
928	0.19545975722789766	0.2713500000286102	0.20585
929	0.1950842546224594	0.27018	0.20545999999523162
930	0.1960974213218689	0.27134000002861025	0.20583
931	0.19547159892082214	0.2712300000047684	0.20607000000476838
932	0.19562774980545045	0.27209000000953676	0.20696000000953674
933	0.1961145366859436	0.2718300000095367	0.20586999999523162
934	0.19476765115737915	0.2708600000143051	0.20568
935	0.19494617093086242	0.27216000002861024	0.20688999999523164
936	0.19429438313961028	0.27123000001430514	0.20557000000476838
937	0.19395090015411376	0.2719	0.20652000001430512
938	0.1927861186313629	0.27090000002861025	0.20582000001430512
939	0.19429375133991242	0.2726200000047684	0.20654000000953673
940	0.1940471301984787	0.2718100000286102	0.2053500000190735
941	0.1921255283498764	0.27114	0.20692000000476837
942	0.1915207417869568	0.2703300000190735	0.20561000000476837
943	0.19193237389087678	0.27082000000953677	0.2061500000143051
944	0.1919835739517212	0.2710499999952316	0.20685000000953674
945	0.19055973671913146	0.27081000000953676	0.20679000001430511
946	0.19202339233398438	0.2709500000190735	0.20603000000476837
947	0.19099539902687074	0.27166000000476836	0.20696999999523163
948	0.19157997871398927	0.27154000001907347	0.20636000001907348
949	0.18993334436416626	0.27114000000953675	0.20706999999523162
950	0.18980674980163575	0.27056000002861025	0.20582000001430512
951	0.19147377703666688	0.2723100000286102	0.20696000000953674
952	0.18914392327308654	0.2706700000095367	0.20657000000476838
953	0.18986904922008516	0.27162999999523163	0.20698000000476838
954	0.18869547370433806	0.27130999999523164	0.20766000001430512
955	0.1879020036792755	0.2703799999952316	0.2066400000143051
956	0.18931345858573914	0.2712	0.20596999999523163
957	0.18972328397750854	0.27186000000953675	0.20621000001430512
958	0.18864506146907806	0.27137000001907347	0.20646000000953674
959	0.18961495204925538	0.27253	0.2068
960	0.1883104005908966	0.2707500000286102	0.20585000001430512
961	0.1884373460292816	0.27186000000953675	0.2072600000143051
962	0.18821127180576325	0.2714700000143051	0.20621
963	0.1886716981649399	0.27185	0.20607000000953674
964	0.18631756366729738	0.2706400000286102	0.20698
965	0.18714143805980682	0.2709000000190735	0.20607000000953674
966	0.18716491342544556	0.27165000000953676	0.20704
967	0.18740150946617126	0.27104000001907347	0.2057000000143051
968	0.18546385071277618	0.27099	0.20683999999523162
969	0.18694141931533814	0.27239	0.20796
970	0.1859008547973633	0.2715599999952316	0.20669000000476836
971	0.18503921165943146	0.2715800000286102	0.20745000000476838
972	0.18531223610877992	0.27097	0.2065600000143051
973	0.18474276210308074	0.27090000002861025	0.20744000002861024
974	0.18436730710029603	0.2713500000286102	0.20725
975	0.18524080440044402	0.27106	0.20626000000953673
976	0.18500979965686798	0.2714900000190735	0.20610000001430512
977	0.18491822585105896	0.2717700000190735	0.20712000000953673
978	0.1840304291152954	0.2715699999904633	0.2081700000143051
979	0.1847890184879303	0.27246	0.20718000000476838
980	0.18516879149913787	0.2716300000190735	0.20642
981	0.1837256215953827	0.2716400000190735	0.20777000000953674
982	0.18399359612941743	0.27129	0.20731
983	0.1835476227903366	0.2714599999904633	0.20688999999523164
984	0.18469707129001617	0.27257000000953674	0.20700000000476837
985	0.18414444422721862	0.2710200000286102	0.20627000000953674
986	0.18342533752441406	0.27134000000953673	0.20745000000476838
987	0.18250774032115935	0.27091	0.20799000000476836
988	0.18353927334308623	0.2708600000143051	0.20688
989	0.1843868391942978	0.27184000000953673	0.20769000001430513
990	0.18466254150390626	0.2714600000047684	0.20658
991	0.18325456244468688	0.27103000000953675	0.20738000001430512
992	0.18558913966178894	0.27304999999046325	0.20825
993	0.1835776749944687	0.2715700000286102	0.20726
994	0.1842202527666092	0.27224000000953674	0.20802000000953674
995	0.18408629808425903	0.27111	0.20612
996	0.1839147975921631	0.27023000000953673	0.20546000000476838
997	0.18520605299949647	0.2726600000095367	0.2077
998	0.18449692655563354	0.2715700000047684	0.2068
999	0.18400050797462464	0.27197999999523165	0.20751000000953673
