epoch	loss	acc	certified
0	0.9702056824366252	0.43598333339691164	0.05796666667064031
1	0.7257646773656209	0.6717	0.13025
2	0.5708334267457327	0.755416666730245	0.2527833333651225
3	0.4292494176546733	0.8018833333333333	0.4345833333651225
4	0.32729766558011375	0.8410333333651224	0.580316666730245
5	0.2562485488732656	0.8713166666666666	0.6800000000317892
6	0.20426400940418243	0.8980833333333333	0.7418833333651225
7	0.16791637678146362	0.9179000000317892	0.7853666666984558
8	0.14122182819843293	0.9319833333651225	0.8154833333333333
9	0.12099110538562138	0.9435000000317891	0.8384833333651225
10	0.10671458404461542	0.9491666666984558	0.8576166666666667
11	0.09625449978510539	0.9541333333333334	0.8692833333651224
12	0.08450814599990844	0.96055	0.8849
13	0.07909019118150075	0.9635833333333333	0.8917833333333334
14	0.07328179765542349	0.9658666666984558	0.9007666666984558
15	0.0665022079050541	0.9695000000317892	0.9060000000317892
16	0.0641574091553688	0.97105	0.9107333333969116
17	0.059086218273639676	0.9729833333969117	0.9171166666984558
18	0.05671155788699786	0.9741166666984558	0.9212166666984558
19	0.0540569792509079	0.975016666730245	0.9235166666984558
20	0.05139799822568893	0.9770333333333333	0.9271166666666667
21	0.049190858681996665	0.9775166666984558	0.92955
22	0.047267721629142764	0.9785333333333334	0.9325166666984558
23	0.04627388339042664	0.979266666730245	0.9337333333333333
24	0.044545417708158494	0.9800333333969116	0.9354833333333333
25	0.04313511069615682	0.9810166667302449	0.9371000000635783
26	0.041481748838226	0.9817	0.9404666667302449
27	0.04035637422800064	0.9820666666984558	0.9415833333969116
28	0.039594848934809364	0.9820000000317891	0.9434166666984558
29	0.03818238555788994	0.9837000000317891	0.9427333333333333
30	0.03637133213281631	0.9839833333333333	0.9456666666984558
31	0.036603596115112304	0.9838666666984558	0.9456000000635782
32	0.03480048729578654	0.9852666666984559	0.948016666730245
33	0.03459765277504921	0.9846333333969116	0.9480333333333333
34	0.03356357648223639	0.9859	0.9493166666666667
35	0.033246278043588005	0.9857833333969116	0.9498500000317891
36	0.03247791586319605	0.9864833333651225	0.9502000000317892
37	0.031848801173766456	0.9860666667302449	0.9517833333651224
38	0.03045915604432424	0.987316666730245	0.9531166666666666
39	0.030982410021622976	0.9869166667302449	0.953216666730245
40	0.029712070313841106	0.9875666666666667	0.9544333333333334
41	0.029954417493691047	0.9874666666666667	0.9533166666666667
42	0.028734349339207012	0.988216666730245	0.9557333333969116
43	0.028529190041621525	0.9879833333651225	0.9550833333969116
44	0.028504926060140132	0.9883166666666666	0.9549333333651224
45	0.02728345328172048	0.9890333333969116	0.9563500000317892
46	0.026939274603128432	0.9892833333333333	0.9573333333969116
47	0.027062098544836044	0.9887000000635783	0.9579833333969117
48	0.026753203954299292	0.9888666667302449	0.9586166667302449
49	0.026024304592609404	0.9894833333969116	0.9584166666666667
50	0.026758961421251296	0.9884833333651225	0.9582
51	0.025882596431175867	0.9895333333651225	0.9585500000635783
52	0.025004021694262822	0.9896666666666667	0.9602333333969116
53	0.024685845492283504	0.9901333333969117	0.9600666666984559
54	0.025014925730228423	0.9902333333333333	0.960316666730245
55	0.02378963912129402	0.9904833333651225	0.96085
56	0.023777875735362372	0.9908166666984558	0.9601666666984559
57	0.02340809105038643	0.9905	0.9619166666666666
58	0.023264644251267116	0.9907	0.9616333333969116
59	0.023163651025295256	0.9904333333651225	0.9636166666666667
60	0.02346590509613355	0.9905000000635783	0.9619
61	0.022264937098821005	0.991416666730245	0.9624166666984558
62	0.02278176192442576	0.990466666730245	0.9637833333969116
63	0.02212060404817263	0.9913833333333333	0.9624166666984558
64	0.022295290365815162	0.9910333333969116	0.9631500000317892
65	0.021175680250426133	0.9917333333333334	0.9645666666984558
66	0.021436214528481167	0.991316666730245	0.9639833333969117
67	0.021394400245944658	0.9915833333969116	0.9643000000317892
68	0.020938854205608367	0.99185	0.9649500000635783
69	0.020577583914995194	0.9921333333333333	0.9651500000317892
70	0.020848614040017126	0.9916333333333334	0.9647833333651225
71	0.020397576127449673	0.9922000000635783	0.96525
72	0.0194192913154761	0.9930833333333333	0.9656666667302449
73	0.019778927916288377	0.9927	0.965966666730245
74	0.019863401593764624	0.9923166666666666	0.9667166666984558
75	0.019973953945438067	0.992416666730245	0.9654833333651225
76	0.019515734790991217	0.9929166666666667	0.9661666666666666
77	0.019627913223952055	0.9924833333333334	0.9674333333651225
78	0.018771559684971968	0.9929333333333333	0.9675666666666667
79	0.019499389324585597	0.9924833333969116	0.9669166666666666
80	0.018930687846740086	0.9927833333333334	0.96755
81	0.018736383946736653	0.9933833333651225	0.9666333333969116
82	0.019340798036257427	0.9928500000317891	0.9667
83	0.018683048888047536	0.9928500000635783	0.9683500000317892
84	0.01863573519984881	0.9930500000635782	0.9673333333969116
85	0.01876854521036148	0.9931166666666666	0.9664166666984558
86	0.018255987993379436	0.9933166666666666	0.9680166666984558
87	0.01781936084628105	0.99375	0.9674333333333334
88	0.017887710821628572	0.9934833333969116	0.9681833333333333
89	0.017149035057922205	0.9936333333333334	0.9692500000317892
90	0.017420114917556444	0.9935000000635783	0.9693166666984558
91	0.01732058749894301	0.9940333333969116	0.9694666666666667
92	0.017097445933024088	0.9939666666984558	0.9694333333651225
93	0.01745584319482247	0.9940666666666667	0.968366666730245
94	0.01774291881918907	0.9933833333969116	0.96885
95	0.016629934602975845	0.9941333333969116	0.9698500000635782
96	0.017362607547019918	0.9935166666666667	0.969216666730245
97	0.01669558165669441	0.9941166667302449	0.9702500000635783
98	0.01665148309698949	0.9940833333333333	0.96935
99	0.017017361716429393	0.9939000000635783	0.9695666667302449
100	0.016815096471707026	0.9942333333333333	0.9699166666984558
101	0.016220586342612902	0.994366666730245	0.9703
102	0.016829958950479826	0.9943500000635783	0.96855
103	0.01660328098535538	0.9942333333333333	0.9688166666666667
104	0.016722735608865818	0.9943166666666666	0.9691333333651225
105	0.016435834841926893	0.9946000000635783	0.9691
106	0.0166310304582119	0.994266666730245	0.9686833333333333
107	0.016410677441954614	0.9944833333333334	0.9688
108	0.016947786263624826	0.9941000000635782	0.968266666730245
109	0.0165970646550258	0.9945166666666667	0.9688500000635782
110	0.01676468292872111	0.9944000000635783	0.967466666730245
111	0.01678033087948958	0.9945333333651225	0.9677333333651225
112	0.016344111348688604	0.99445	0.9685
113	0.016997298365831377	0.9942833333969117	0.9679833333333333
114	0.0160246597747008	0.9946833333969116	0.9685833333969116
115	0.01646642940044403	0.99455	0.9675833333969116
116	0.016549474794665973	0.9946833333333334	0.9675
117	0.0159575308183829	0.9944500000635783	0.9683500000317892
118	0.016153044504920642	0.9946000000635783	0.9682833333333334
119	0.016563164997597534	0.9947333333969116	0.9663000000317892
120	0.016642664099733036	0.9943833333969117	0.967
121	0.01581332665483157	0.9945833333333334	0.9677666666666667
122	0.01667633913413932	0.9944333333333333	0.9666666666984558
123	0.016286779763301215	0.9949000000635783	0.967216666730245
124	0.01582531754076481	0.9951166667302449	0.9668166666666667
125	0.016155052495002747	0.9949	0.9665166667302449
126	0.0158236913839976	0.99525	0.9667500000317891
127	0.01577472062607606	0.9956333333333334	0.9663000000635783
128	0.015449723135431607	0.9950166667302449	0.9669166666984558
129	0.01638472656607628	0.994666666730245	0.9664000000635783
130	0.016327270791927972	0.9948666667302449	0.9668666666984558
131	0.016388417335351308	0.9948333333651225	0.9656833333333333
132	0.016278416674242666	0.99505	0.9658666667302449
133	0.01572726474205653	0.995166666730245	0.9666666666666667
134	0.015961788589755693	0.9952666666666666	0.9661500000317892
135	0.016418121267358463	0.995	0.9659166666984558
136	0.015853366046895582	0.9953666666666666	0.9659500000317891
137	0.01587994681596756	0.995	0.965466666730245
138	0.01588529434800148	0.9949833333969116	0.9666166666666667
139	0.015811604314049085	0.9950500000635782	0.9657833333969116
140	0.015662946084638436	0.9955166666666667	0.965266666730245
141	0.016578488547603288	0.995	0.96475
142	0.016225877396265666	0.9952500000317891	0.9642000000635783
143	0.015519723472495873	0.99545	0.9655166666984558
144	0.01645788650314013	0.99505	0.9641166666984559
145	0.015571446724732717	0.9953000000635783	0.9658666666984558
146	0.016229903876781464	0.9954	0.9646500000635783
147	0.0162235626762112	0.9954166666666666	0.9644333333969116
148	0.016222306151191395	0.9953666666666666	0.9642166666984558
149	0.0162963345905145	0.9954	0.96315
150	0.01633703119556109	0.9953500000635783	0.96405
151	0.01597536417444547	0.9952666666984558	0.9638666666984558
152	0.0160998036245505	0.9955833333969116	0.9634666666984558
153	0.01614192999402682	0.99535	0.9632166666984558
154	0.016269810565312702	0.995216666730245	0.9628166666984558
155	0.01604484497110049	0.9955333333333334	0.9634833333651225
156	0.015383935491243998	0.9958666667302449	0.963116666730245
157	0.015837804348270097	0.9953666666666666	0.9642500000317892
158	0.016138688239455225	0.9955500000635783	0.9627000000635783
159	0.015777037983636062	0.99585	0.9634000000635783
160	0.016095702706774077	0.9954166666666666	0.9631666666984559
161	0.015948560881614685	0.9956833333333334	0.9634333333969116
162	0.01560752403587103	0.9957166666666667	0.9634500000317892
163	0.015769058738152188	0.9959166666984558	0.96355
164	0.0155812910074989	0.9959333333333333	0.9628666667302449
165	0.01571513991157214	0.9955500000635783	0.9622500000635783
166	0.015955067991216976	0.9954166666666666	0.9634500000635783
167	0.015788205629587174	0.9958333333333333	0.9619333333333333
168	0.016149051013588905	0.99565	0.9622666666666667
169	0.01644893477236231	0.99535	0.96185
170	0.015716095785299936	0.9958333333651225	0.9617833333651225
171	0.015692135500907898	0.9958000000317891	0.962316666730245
172	0.01604701111316681	0.9956666666666667	0.9617833333333333
173	0.01591796748638153	0.9959333333969116	0.9615666667302449
174	0.016014727020263672	0.9956333333969116	0.961366666730245
175	0.015487042684356371	0.9957500000635783	0.9625166666666667
176	0.015865100868046284	0.99585	0.962066666730245
177	0.016040193143486977	0.9957666666666667	0.9609
178	0.015889279684424402	0.99565	0.9613666666666667
179	0.015808103893200556	0.9957166666666667	0.9617333333969116
180	0.016223693534731864	0.9958166666666667	0.96045
181	0.016387509336074194	0.9957500000635783	0.95945
182	0.015741774273912112	0.99595	0.9607333333969116
183	0.01598798155883948	0.9956166666666667	0.9611666666984559
184	0.016064879713455837	0.9957833333333334	0.9600333333651225
185	0.015953463143110275	0.9957166666984558	0.9604500000635783
186	0.01593536628584067	0.9961166667302449	0.9603166666984558
187	0.01613976047039032	0.9959166666666667	0.959416666730245
188	0.015610555738210678	0.9959333333333333	0.9607166667302449
189	0.016082535292208194	0.9959666666666667	0.9597333333651225
190	0.01591706913361947	0.99615	0.95965
191	0.016547893396019937	0.9957666666666667	0.9591333333969116
192	0.01584123370250066	0.9959500000635783	0.9591666666666666
193	0.016026788530747096	0.9961500000635782	0.9596166666984558
194	0.01635462555984656	0.99605	0.9583833333651225
195	0.016270350695649784	0.9959833333333333	0.9579833333651224
196	0.016280278900514047	0.9957833333333334	0.9587833333969116
197	0.017137634513775507	0.9955333333651225	0.9580666666666666
198	0.015808033640682697	0.9958	0.9593833333333334
199	0.015768371389433742	0.9959	0.9588666666984558
200	0.016473919850587843	0.9958166666666667	0.957966666730245
201	0.015795680715640387	0.9960833333333333	0.959416666730245
202	0.016509889068206152	0.99615	0.957016666730245
203	0.01606978357930978	0.9958500000635783	0.9576
204	0.01671489007771015	0.9958833333333333	0.9572833333969116
205	0.016090827625989915	0.9960000000635783	0.9589000000635783
206	0.01653466720779737	0.9958	0.9572
207	0.016401613687972227	0.9956666666666667	0.9583333333651225
208	0.01644450239290794	0.9955333333333334	0.9585166667302449
209	0.01631351306686799	0.9958166666666667	0.9584666666984558
210	0.016570802529652914	0.9959833333651225	0.9566666666666667
211	0.016121477909882862	0.9959666667302449	0.9577833333651224
212	0.0164322038171192	0.9960666666666667	0.9566833333651225
213	0.016009811850388845	0.9960166667302449	0.9571833333333334
214	0.01634667305548986	0.9960500000635782	0.9569833333333333
215	0.01623237192283074	0.9961166666666667	0.956266666730245
216	0.016253208433588347	0.99585	0.9567333333969116
217	0.016141114520033202	0.9963166666666666	0.9564666666666667
218	0.016436278260747592	0.9960166666666667	0.9557333333333333
219	0.016502168071766694	0.99615	0.9562
220	0.01598567881981532	0.9959833333333333	0.9570833333333333
221	0.016165068637331328	0.9960666667302449	0.9574
222	0.016310069506863752	0.9958333333333333	0.9557833333969116
223	0.016884289427598318	0.9960000000635783	0.9550333333333333
224	0.016538837409019472	0.99595	0.9566833333333333
225	0.016633747215941547	0.9961666666666666	0.9551000000635783
226	0.016609023855129877	0.99615	0.9551833333969116
227	0.015887874562541645	0.9962	0.95695
228	0.01667276383539041	0.9959166666666667	0.9561166666666666
229	0.016691786246498426	0.9960833333969116	0.9547333333969116
230	0.016847512552142143	0.99605	0.9542000000317892
231	0.016651364452640215	0.9961833333969117	0.9550333333651225
232	0.016490181721250215	0.9958166666666667	0.9565333333969116
233	0.016808929233749707	0.9959333333333333	0.9542000000635783
234	0.016804200143615406	0.9961	0.9546500000317891
235	0.01663157266676426	0.99625	0.9544000000635783
236	0.016019304448862872	0.9965	0.9548833333651224
237	0.016663351662953695	0.9958666666666667	0.9546666666666667
238	0.016959896995623905	0.9958	0.9535333333333333
239	0.016856237626075743	0.9961833333333333	0.9535000000635783
240	0.017152865091959634	0.9958166666666667	0.9532500000317892
241	0.016617329571644465	0.9961000000317891	0.9541333333651225
242	0.017344516092538835	0.99575	0.9529666666666666
243	0.016407158540189266	0.9960166666666667	0.9538
244	0.016923936474323272	0.9961333333333333	0.9532000000317892
245	0.016853394726415474	0.996	0.9535
246	0.01666278406480948	0.9960166666666667	0.9531500000317892
247	0.017487905061244965	0.9962833333333333	0.9526333333333333
248	0.017066285762687525	0.99615	0.9530000000317892
249	0.01630717260837555	0.9963500000635783	0.9541000000635783
250	0.017061475803454716	0.9959666667302449	0.9534166666984558
251	0.01646730625927448	0.9960166667302449	0.953216666730245
252	0.016541542027393975	0.9963500000635783	0.9529000000317891
253	0.0171805019830664	0.99585	0.9519166666666666
254	0.01699250344832738	0.9960333333333333	0.9515166666984558
255	0.016835755157470704	0.9963166666666666	0.95195
256	0.017133533530433974	0.9961166666666667	0.9510166666666666
257	0.017239913850526013	0.9958333333333333	0.9515666666984558
258	0.017036889100074767	0.996266666730245	0.9515
259	0.017165396363039813	0.99615	0.9526500000635783
260	0.016917159327864646	0.9962166666666666	0.9520000000635783
261	0.016929819212357203	0.9960833333333333	0.952016666730245
262	0.017498749918242296	0.9961333333333333	0.9503833333333334
263	0.01719193576176961	0.9961	0.95065
264	0.0175133541132013	0.99585	0.9507500000635782
265	0.017121013618508974	0.9959833333333333	0.9507833333651224
266	0.01723758890926838	0.9962166666666666	0.9497333333969116
267	0.017349306474626066	0.9958833333333333	0.9502833333969116
268	0.01719604102174441	0.9960500000635782	0.9510500000317892
269	0.017404201128830513	0.9960166666666667	0.9501166666666667
270	0.01711934848725796	0.9962166666666666	0.9504500000317891
271	0.016842257804671922	0.9960333333333333	0.9504333333651225
272	0.017777452741066613	0.9960666666666667	0.9500833333333333
273	0.01767399903833866	0.9960166666666667	0.94875
274	0.01721247404416402	0.9961	0.9498500000317891
275	0.01761114274362723	0.9962	0.9487666666984558
276	0.01794600655088822	0.99585	0.9488333333333333
277	0.017607512694597243	0.9960166667302449	0.9491666666984558
278	0.017067702401677768	0.9963333333333333	0.9493166666984558
279	0.01746244648694992	0.9957500000635783	0.9491833333969116
280	0.017435353366533915	0.9956833333333334	0.9481
281	0.017540497576942045	0.9956333333333334	0.9501166666984558
282	0.01771230338513851	0.99615	0.9486833333651224
283	0.017266972741484643	0.9963	0.9488833333969117
284	0.017280651889244717	0.9964333333333333	0.9486333333969116
285	0.01752438524166743	0.9959000000635783	0.9493000000635783
286	0.017368818279107412	0.99625	0.9481000000317892
287	0.017646259101231892	0.9960833333969116	0.9487333333333333
288	0.017546746340890724	0.9961	0.9491833333651225
289	0.017990236284335454	0.9959166667302449	0.9481166666984558
290	0.018119968098402023	0.9959833333333333	0.9467000000317891
291	0.017745039334893225	0.9961000000635782	0.9488333333651224
292	0.017584095285336176	0.9962166666666666	0.9478166666984558
293	0.01767090312043826	0.9964833333969116	0.9479333333333333
294	0.017499816246827442	0.996316666730245	0.9478666666666666
295	0.017608823043107985	0.9961833333333333	0.9478833333333333
296	0.01767351325849692	0.99625	0.9470500000317892
297	0.01745327207048734	0.9959333333969116	0.947866666730245
298	0.018086231010158858	0.9961	0.9475666666984558
299	0.017658315673470495	0.9962333333333333	0.947116666730245
300	0.01768887734512488	0.9960500000635782	0.9462
301	0.018576071339845658	0.9956666666666667	0.9457666666984558
302	0.01803671645199259	0.99585	0.9468166666984558
303	0.018268662746747336	0.9959833333333333	0.9466166666666667
304	0.01823280996779601	0.9961833333333333	0.9458000000317891
305	0.01813352893094222	0.9960166666666667	0.94555
306	0.017467700053254764	0.9961333333333333	0.9468333333969117
307	0.01818161786198616	0.9962333333969117	0.94615
308	0.018302894631028174	0.9963666666666666	0.9442833333651225
309	0.018418876284360886	0.9959666667302449	0.9447333333333333
310	0.018423919751743477	0.9961	0.94535
311	0.017864724477132162	0.9961166666666667	0.9454000000635783
312	0.018590456142028172	0.9960166667302449	0.9451666666666667
313	0.018328216924269995	0.9961	0.9449000000635783
314	0.01822100672920545	0.9959333333333333	0.9457500000317891
315	0.017710520393649738	0.9961833333969117	0.9451166666666667
316	0.0184227790415287	0.996	0.9459666666984559
317	0.018371889373660088	0.9961833333333333	0.9446000000317891
318	0.018032441701491674	0.9962	0.9450000000317892
319	0.018024360047777493	0.9958500000635783	0.9451
320	0.018965771583716075	0.995666666730245	0.9437166666666666
321	0.01800326904853185	0.9963833333333333	0.9439666666984559
322	0.01835066304927071	0.9961333333333333	0.9441166666666667
323	0.018308641101916632	0.9962833333969117	0.9442000000635783
324	0.018476988694568475	0.9961166666666667	0.9436000000317891
325	0.018599480031927428	0.9957833333969116	0.9437000000317891
326	0.018181237997611364	0.9960833333969116	0.9443000000635783
327	0.018046420335769652	0.9962333333333333	0.944916666730245
328	0.0182971160809199	0.996466666730245	0.9431500000635783
329	0.01880140300790469	0.9959000000635783	0.94295
330	0.018528087774912515	0.9959833333333333	0.9438166666984558
331	0.01811510596871376	0.99635	0.9435833333333333
332	0.01844451773862044	0.99595	0.9437166666984558
333	0.018809408516188463	0.9958333333333333	0.9425333333333333
334	0.018674630942940713	0.9960333333333333	0.9434000000635783
335	0.018258399849385022	0.9960333333333333	0.944
336	0.018424982939163843	0.996216666730245	0.9440333333651225
337	0.01912356413602829	0.9956166666666667	0.9424833333333333
338	0.018603211702903112	0.9956166666666667	0.9424000000635783
339	0.018798690003156662	0.9961166666666667	0.9420000000635783
340	0.018384176550308863	0.9961833333333333	0.9424666666984558
341	0.01846064460873604	0.9960833333333333	0.9426333333969116
342	0.018724003591636815	0.9961333333333333	0.9421833333333334
343	0.018273962860306105	0.99615	0.9426333333333333
344	0.01884839162925879	0.9959	0.9418833333651225
345	0.01879402502775192	0.99615	0.9416166666984558
346	0.018463858897487324	0.9959833333333333	0.9424833333969116
347	0.01902239753305912	0.996	0.9414166667302449
348	0.01884108556509018	0.9960833333333333	0.9416166666984558
349	0.01882151918411255	0.9962	0.9417333333651224
350	0.01885984643995762	0.9962833333969117	0.9410333333969116
351	0.01902331124941508	0.9958833333969116	0.9411833333969116
352	0.01902115776737531	0.9962333333333333	0.9405166667302449
353	0.019232971729834875	0.9961	0.9394166666666667
354	0.018961606213450433	0.9963666666666666	0.9395
355	0.018934481006860734	0.9962166666666666	0.9397833333969117
356	0.018650903082887332	0.9960833333333333	0.9406000000635782
357	0.019017954553167026	0.9961	0.9402833333969116
358	0.0190037755827109	0.9958833333969116	0.94105
359	0.019061152146259943	0.9961166667302449	0.939766666730245
360	0.019411985276142758	0.9957833333333334	0.9407333333333333
361	0.018909917572140694	0.9957166666666667	0.939816666730245
362	0.019103808827201526	0.9960333333333333	0.9407833333333333
363	0.019091292694211007	0.9961666666666666	0.9389166666666666
364	0.019162653185923893	0.99595	0.9395
365	0.019327611351013185	0.9960666666666667	0.9393833333969116
366	0.019196502006053925	0.9959833333651225	0.93975
367	0.019547558385133744	0.9956333333333334	0.9394166667302449
368	0.01892829474210739	0.99595	0.939266666730245
369	0.019001070606708526	0.9961833333969117	0.9384
370	0.019206172502040864	0.996	0.9396666667302449
371	0.019315105285247165	0.99585	0.9392833333969116
372	0.01924797132462263	0.99635	0.9383
373	0.019135349311431248	0.9960333333969116	0.9402666666984558
374	0.01944730245868365	0.9958333333333333	0.9383666666984558
375	0.019168661282459896	0.9960333333333333	0.9375000000635783
376	0.01947293187379837	0.9959500000317891	0.9392666666984558
377	0.019292135664820673	0.99615	0.9384166667302449
378	0.019415251205364862	0.9957666666666667	0.9383833333969116
379	0.019269410878419876	0.9960500000635782	0.9385666666984558
380	0.01923510678112507	0.9961000000635782	0.9379166666984559
381	0.01906019079486529	0.9959833333969116	0.9383333333333334
382	0.01955524397691091	0.9958166666666667	0.9379500000317892
383	0.019614989658196767	0.9959333333651225	0.9378666666666666
384	0.01892928115228812	0.9961	0.9387333333969117
385	0.01917820741434892	0.9960500000635782	0.9373500000317891
386	0.019512787741422653	0.99615	0.9379833333651225
387	0.0199092267870903	0.9958666666666667	0.9372000000635783
388	0.019127300915122034	0.9958333333969116	0.937916666730245
389	0.02029579540689786	0.99595	0.93545
390	0.019203555403153102	0.9965	0.9372000000317892
391	0.019629170780380567	0.9960166666666667	0.9379833333969116
392	0.019264775077501933	0.9959333333333333	0.9372833333333334
393	0.01996732990940412	0.9958	0.9358000000635783
394	0.019838412246108054	0.99605	0.9353166667302449
395	0.01966039557357629	0.9959333333333333	0.9356333333333333
396	0.019544131720066072	0.9960333333651225	0.9363333333333334
397	0.01980943285425504	0.99575	0.9366000000635782
398	0.02024967110529542	0.9963166666666666	0.9340333333651225
399	0.020047287513812382	0.9962333333969117	0.9350833333651225
400	0.01991763806740443	0.99575	0.9358
401	0.020014540735880534	0.9961000000317891	0.9354833333333333
402	0.020432834390799206	0.9959333333333333	0.9346333333333333
403	0.019278079528609913	0.9961833333333333	0.9363500000635783
404	0.019735215308268866	0.9959000000635783	0.9363666666666667
405	0.01971042162378629	0.9959	0.9353166667302449
406	0.020218978242079418	0.9954666666666667	0.9344333333651225
407	0.020211284481485684	0.9957833333333334	0.9343500000635783
408	0.019775949229796728	0.9962000000635783	0.9344833333969116
409	0.01973603001832962	0.9961000000635782	0.9349666666666666
410	0.019693876812855404	0.9961166666666667	0.9350833333651225
411	0.020001923187077046	0.99605	0.934116666730245
412	0.0193399534145991	0.9959166667302449	0.9356000000635782
413	0.019819744247198106	0.9961333333969116	0.9345833333651224
414	0.020099330067634584	0.9961333333333333	0.9344000000635783
415	0.01979573086400827	0.996	0.9334166666984558
416	0.019953240325053533	0.9959833333333333	0.9340166666666667
417	0.020286154718200364	0.99605	0.9337833333651224
418	0.020141884288688502	0.9958333333333333	0.933816666730245
419	0.0203457235733668	0.9962000000635783	0.9343166666984558
420	0.019567245971163112	0.9962	0.9350833333651225
421	0.01976113901336988	0.9959000000635783	0.9335500000317891
422	0.019619889427224795	0.9961333333969116	0.9340333333333334
423	0.020030066353082656	0.9956833333651225	0.9341
424	0.02005767456094424	0.9958333333333333	0.9340833333651225
425	0.02020721112390359	0.9962833333969117	0.9332833333333334
426	0.020466697014371555	0.99575	0.9331166666984558
427	0.02052466844916344	0.9956666666666667	0.9328833333651225
428	0.02035235673735539	0.99585	0.9338166666984558
429	0.020083374654253323	0.9959166666666667	0.9325333333651225
430	0.02013426015774409	0.9960333333969116	0.93265
431	0.020015465329090754	0.9960333333333333	0.9343333333333333
432	0.020403919647137322	0.9958833333333333	0.9332166666666667
433	0.020138240626454352	0.9958333333333333	0.9323333333333333
434	0.0203485786964496	0.9958	0.9326833333651224
435	0.020230109534660975	0.9957	0.9327833333651224
436	0.0203564725369215	0.9956	0.9323833333333333
437	0.020307808988293014	0.995666666730245	0.9330000000317892
438	0.019994814296563468	0.99585	0.9335166666984558
439	0.020536225481331348	0.99595	0.9320166666666667
440	0.0203723534266154	0.9960666666666667	0.9326166666666666
441	0.02072954250673453	0.99575	0.9324166667302449
442	0.020070882801214853	0.9962166666666666	0.9312166666984558
443	0.020421946100393933	0.9961666666984558	0.9318833333969117
444	0.02066145175496737	0.9957166666666667	0.9317666666666666
445	0.020264630502462386	0.995566666730245	0.9332333333333334
446	0.020290537521243095	0.9957833333969116	0.9318333333969117
447	0.020274259078502655	0.9958	0.9319166666666666
448	0.02051343626578649	0.9958500000635783	0.9325333333651225
449	0.020908781970540684	0.9955	0.9306333333969116
450	0.020251891873280206	0.99605	0.9306000000317891
451	0.020302047083775202	0.99575	0.9316833333333333
452	0.0209159916083018	0.9957000000635783	0.9304833333333333
453	0.020503366555770237	0.9958	0.93135
454	0.020586844906210898	0.9955666666666667	0.9315333333651225
455	0.02003611916899681	0.9960166666666667	0.9325000000317891
456	0.02040414940317472	0.9957333333333334	0.9317833333969117
457	0.020534623003999393	0.9958833333333333	0.9302333333969116
458	0.0203110666791598	0.9959666666666667	0.931166666730245
459	0.020934423234065375	0.9955833333969116	0.9299666666666667
460	0.02057911377251148	0.9962166666666666	0.9308666666666666
461	0.020401528013745944	0.9958333333333333	0.9308666666666666
462	0.020693149701754253	0.9959166666666667	0.9306666666666666
463	0.020314451296130815	0.9958166666666667	0.9309500000635783
464	0.02079884672264258	0.9959000000635783	0.92925
465	0.02096268910864989	0.99595	0.9291500000635783
466	0.020228917555014294	0.9958000000317891	0.930966666730245
467	0.020516128504276275	0.99605	0.9299166666984559
468	0.020331039311985176	0.9959666666666667	0.9302666667302449
469	0.02086048151254654	0.9960500000317891	0.9280333333651225
470	0.020958338125546774	0.9954333333969116	0.929916666730245
471	0.02018794782658418	0.9963666666666666	0.9306333333333333
472	0.020550655871629714	0.9956666666666667	0.9311500000635783
473	0.02074988756875197	0.9958333333651225	0.9293333333333333
474	0.02039668772816658	0.9959833333333333	0.9305333333651225
475	0.02068697607765595	0.9957666666666667	0.92885
476	0.02064102807790041	0.9960333333333333	0.9301833333651225
477	0.020226519858837128	0.9960333333969116	0.9308000000317892
478	0.020588997254769006	0.996	0.9294500000317891
479	0.02061129797498385	0.99565	0.9302166666666667
480	0.020672467359900474	0.9958333333333333	0.9294000000635783
481	0.020812355640530585	0.9957333333333334	0.9295333333651224
482	0.020929584735631942	0.9958666666666667	0.9285333333333333
483	0.020490236546595892	0.9959666666666667	0.929866666730245
484	0.02028810638387998	0.9961333333333333	0.9292166666666667
485	0.020429149873554705	0.99605	0.9275500000635782
486	0.020998753368854522	0.9958166667302449	0.9280333333651225
487	0.021314545290668806	0.9957833333333334	0.9274500000317891
488	0.021091238713264467	0.9955000000635783	0.9286333333333333
489	0.019971693408489227	0.9960833333333333	0.929716666730245
490	0.021202649903297423	0.9959833333333333	0.9277333333651224
491	0.02067108022769292	0.9959833333333333	0.9290666666984558
492	0.02100733719741305	0.99585	0.9276000000635782
493	0.020951195044318836	0.9958666666666667	0.9277333333651224
494	0.020534783943494162	0.9961166667302449	0.9287
495	0.020971530119578044	0.9958833333333333	0.9265500000635782
496	0.02063274995982647	0.9960166666666667	0.9283000000635783
497	0.020462423053383826	0.9960333333969116	0.9296000000317891
498	0.020904965869585672	0.9959666666666667	0.9276333333333333
499	0.021214260499179363	0.9956	0.9278666666984559
500	0.02073710452914238	0.9957333333969116	0.9289333333333334
501	0.02126986455718676	0.9953500000635783	0.9287333333333333
502	0.02083403923511505	0.9958000000635783	0.9269833333969116
503	0.020294155683368443	0.99625	0.9285000000635782
504	0.020634906090795994	0.9958833333333333	0.9287166666984558
505	0.020796969326337178	0.9956	0.9280666666984558
506	0.02068966326614221	0.9960166666666667	0.92765
507	0.02097117545604706	0.9957666666666667	0.9277
508	0.020787927038470905	0.9962166666666666	0.9275166666984558
509	0.020603668474157653	0.9959833333333333	0.9283666666666667
510	0.021127433200677236	0.9959333333651225	0.9277666666984558
511	0.02067727188070615	0.9960500000635782	0.9273833333969116
512	0.021176287738482156	0.9958833333651225	0.9256666666984558
513	0.02074230375289917	0.9959	0.9269833333651225
514	0.02093758831222852	0.9957833333969116	0.92585
515	0.020534695220987	0.9961	0.9273333333651225
516	0.020846233997742335	0.9958000000317891	0.9267166666984558
517	0.021372045854727427	0.9960166666666667	0.9250166666984558
518	0.021187176070610683	0.9953666666666666	0.9255500000635782
519	0.020798654919862748	0.9960500000635782	0.9258166666984559
520	0.020633377110958098	0.9962	0.92695
521	0.020801486924290655	0.9963	0.926666666730245
522	0.020901860950390497	0.9958333333333333	0.9265000000635782
523	0.020838465964794158	0.9959000000635783	0.9265333333333333
524	0.020780378748973212	0.9961333333333333	0.9270333333969116
525	0.020677940583229065	0.9958666666984558	0.9255166666666667
526	0.020881977915763857	0.99575	0.9272833333651225
527	0.021185110563039778	0.9959666666666667	0.9254333333333333
528	0.020611771178245544	0.99615	0.9262666667302449
529	0.02073013290911913	0.9959333333333333	0.9259333333969116
530	0.020547239446640015	0.9959	0.927
531	0.020935813807447752	0.9960833333333333	0.925666666730245
532	0.02085972203115622	0.9960333333969116	0.92535
533	0.02069866211116314	0.9962166666666666	0.9259500000635783
534	0.021093885505199434	0.9957333333969116	0.92635
535	0.021061034192641576	0.9956166666666667	0.9251833333333334
536	0.021109498277306557	0.9953333333333333	0.9256000000317891
537	0.02103627290725708	0.99575	0.9258333333969117
538	0.020989060575763385	0.9956833333333334	0.9255833333969116
539	0.02098594051251809	0.99585	0.9257333333333333
540	0.021134374482433	0.9957500000635783	0.9249833333969116
541	0.020593528749545415	0.9961166666666667	0.925766666730245
542	0.021049728769063948	0.9961166667302449	0.9248000000317892
543	0.020651861469944317	0.9962333333969117	0.9269000000635783
544	0.020946180933713913	0.9957166666666667	0.9251000000635783
545	0.021283967279394467	0.9958166666666667	0.9244833333333333
546	0.021099709085623423	0.9959500000635783	0.9245166666984558
547	0.020926756783326467	0.9961333333969116	0.9250500000635783
548	0.021094270929694174	0.9958	0.9240500000317892
549	0.02091303318490585	0.99595	0.9252000000635783
550	0.021265913173556326	0.9960833333333333	0.9233666667302449
551	0.021034886066118877	0.9958000000635783	0.9241333333333334
552	0.021543209338188173	0.9959333333333333	0.9229833333969116
553	0.020524194516738255	0.9961833333333333	0.926016666730245
554	0.02102969430188338	0.9959333333969116	0.9249500000635783
555	0.021042708636323612	0.9959	0.9237
556	0.02165321204761664	0.9960166667302449	0.9237333333969117
557	0.020852387366692225	0.9958166666984558	0.9257333333333333
558	0.020980724942684173	0.996216666730245	0.9242166666666667
559	0.0209997648169597	0.9960833333969116	0.9244166666666667
560	0.020824016920725504	0.9963166666666666	0.9237333333969117
561	0.02090885616739591	0.9955833333333334	0.9244
562	0.02114438896725575	0.9958833333333333	0.9225166666666667
563	0.020873034983873367	0.9960833333333333	0.9243833333969116
564	0.02115431506037712	0.99575	0.9233333333969116
565	0.020525740830103556	0.9960833333333333	0.9246166666666666
566	0.021009178162614505	0.9959000000635783	0.9233500000317891
567	0.02081799393296242	0.9958833333333333	0.9247333333651224
568	0.02094559451341629	0.9958333333333333	0.9225333333969116
569	0.020897829699516295	0.9960666667302449	0.9238833333333333
570	0.02095637806256612	0.99565	0.926166666730245
571	0.021074468966325123	0.995566666730245	0.9234833333969116
572	0.020793739161888758	0.995716666730245	0.9247166666984558
573	0.02055109502275785	0.9959	0.9243833333333333
574	0.02058513438105583	0.996	0.9243166666984558
575	0.020559979609648386	0.99615	0.92455
576	0.021127975088357925	0.9958166666666667	0.9242833333969116
577	0.021025276783108712	0.9961166666666667	0.92295
578	0.021481536171833675	0.99595	0.9217
579	0.021075127983093262	0.9957	0.9233666666666667
580	0.020922435651222863	0.9960333333333333	0.9234333333651225
581	0.020745549725492796	0.9958166666984558	0.9232333333969116
582	0.020811089930931725	0.99615	0.9235000000317891
583	0.02072324613134066	0.9962000000317891	0.9245500000317891
584	0.0206076572060585	0.9957833333969116	0.9234833333333333
585	0.020761599376797675	0.9958833333333333	0.9241500000317892
586	0.0209706516623497	0.9960166666984558	0.9235
587	0.020567297931512196	0.9961166666666667	0.9242666666666667
588	0.020826439744234086	0.995666666730245	0.9241
589	0.021184094431002935	0.9957666666666667	0.9229833333333334
590	0.020562010421355567	0.9961500000635782	0.9238833333969116
591	0.02053272388279438	0.9957333333969116	0.9249833333969116
592	0.021376448146502178	0.9957333333333334	0.9233666666984558
593	0.021326273506879805	0.9957500000317892	0.92275
594	0.020819156737128895	0.9959	0.9233833333969116
595	0.021180164566636087	0.9959166666666667	0.9214500000635782
596	0.02072531718512376	0.9959833333333333	0.9232333333969116
597	0.021696074591080347	0.9959833333969116	0.920666666730245
598	0.020613252315918606	0.9959833333333333	0.9239833333333334
599	0.021118132257461546	0.99595	0.9229166666666667
600	0.020792331221699715	0.9958833333333333	0.9229
601	0.021099899733066557	0.9959833333333333	0.92235
602	0.021407949564854305	0.9957333333333334	0.9231833333969116
603	0.02062852397064368	0.99615	0.9242333333969116
604	0.021144383919239045	0.9958666666666667	0.9228333333969116
605	0.020890463827053705	0.9960166667302449	0.9218833333333334
606	0.021533613858620324	0.9959833333969116	0.9214166666984558
607	0.020956876677274704	0.9962666666666666	0.9217833333333333
608	0.021129522899786632	0.9959833333969116	0.9203166666984558
609	0.02112744761904081	0.99565	0.9221166666984558
610	0.02085233375430107	0.9959000000635783	0.9231833333969116
611	0.02125963465968768	0.9961333333969116	0.9210833333969116
612	0.021129652901242177	0.9959	0.9218833333651225
613	0.020475507482886315	0.9959333333333333	0.9225166666666667
614	0.021128170907497405	0.9960333333969116	0.9219666666666667
615	0.020821605984369915	0.9959166666666667	0.9235666666666666
616	0.021698186074694	0.9954833333333334	0.9221
617	0.02137415787378947	0.9960666666666667	0.9214166666666667
618	0.02126088979393244	0.9957666666666667	0.9213
619	0.020791120797395705	0.9958	0.9218666666666666
620	0.021361484599113464	0.9958333333333333	0.9214833333969116
621	0.02135092872083187	0.9961	0.9202333333651225
622	0.021369012306133906	0.9960000000317891	0.9211000000317892
623	0.02097710719505946	0.9962333333969117	0.921966666730245
624	0.02132699544330438	0.9959333333333333	0.9213500000317891
625	0.0211709399720033	0.9961166666666667	0.9220666666666667
626	0.020945368059476218	0.9959166666666667	0.9222500000635783
627	0.02124833489060402	0.9957833333333334	0.9208333333333333
628	0.020694743956128758	0.9957666667302449	0.9234833333969116
629	0.021089374683300653	0.9960500000635782	0.9197166666984559
630	0.021193696412444115	0.9959833333333333	0.9208333333651225
631	0.021127101958791417	0.9961166666666667	0.9209833333651225
632	0.020965290135145188	0.996	0.9210500000635783
633	0.021031419785817466	0.9958166666984558	0.9232333333333334
634	0.021436880069971083	0.9957333333333334	0.921016666730245
635	0.02095205960770448	0.9961166666666667	0.9225666667302449
636	0.021259543790419895	0.9962333333969117	0.92
637	0.021472215596834817	0.9957666667302449	0.9201500000635783
638	0.02132797948916753	0.9957000000317892	0.9195
639	0.02100792920291424	0.9960333333333333	0.921016666730245
640	0.02075755492647489	0.9961166667302449	0.9212
641	0.020964788641532263	0.99605	0.9211000000635783
642	0.020836963511506715	0.9959	0.9207500000317892
643	0.02111038147608439	0.9959833333333333	0.9206000000635783
644	0.020778025422493615	0.9959000000635783	0.9220166666666667
645	0.02078327608704567	0.9957333333333334	0.9218666666666666
646	0.021610534471273424	0.9956833333333334	0.9192
647	0.0214612673163414	0.9960166666666667	0.9204666667302449
648	0.02161385777791341	0.9960833333333333	0.9183833333333333
649	0.021323251196742058	0.99605	0.91975
650	0.021377966731786727	0.9961833333333333	0.9191833333651225
651	0.0210195363620917	0.9956166666666667	0.92195
652	0.020725105810165404	0.9960166667302449	0.9208000000635783
653	0.0206976261417071	0.9961166666666667	0.9209666666984558
654	0.02125618203183015	0.9957833333333334	0.9197500000635783
655	0.020889224008719127	0.9957666666666667	0.9216000000317891
656	0.0211343018223842	0.9956333333333334	0.9200333333651225
657	0.021037795278429985	0.9963	0.9202000000635783
658	0.02156050077031056	0.9959166666666667	0.9210000000635783
659	0.021434005735317865	0.99595	0.9211666666984558
660	0.02161769905090332	0.99555	0.9191333333969116
661	0.02109573850830396	0.9961333333969116	0.9198166666984559
662	0.021256332087516785	0.996	0.9193333333651225
663	0.020795363012949625	0.99585	0.9196666666666666
664	0.020935232667128247	0.995666666730245	0.9207333333651225
665	0.020869223363200823	0.9962166666666666	0.9197500000317892
666	0.021114697814981143	0.9958666666666667	0.9204666666984558
667	0.02093823349873225	0.9961333333333333	0.9202
668	0.021406686659653982	0.9959833333333333	0.9189833333333334
669	0.02095527912179629	0.9961333333969116	0.920966666730245
670	0.020951259126265845	0.9960833333969116	0.920566666730245
671	0.02113705785572529	0.9959333333333333	0.9201333333651225
672	0.021204784965515137	0.9956833333333334	0.9199833333333334
673	0.021368041652441026	0.9959333333969116	0.9195000000317891
674	0.020709607090055943	0.9961	0.9186166666666666
675	0.021407286544144154	0.99575	0.9197666666984559
676	0.021198939192295076	0.99605	0.9184666666984558
677	0.021344698266188303	0.9959000000317891	0.9201333333651225
678	0.021267068351308503	0.996	0.9196333333651224
679	0.021171418143312137	0.9960666666666667	0.9202833333333333
680	0.021994567153851192	0.9956833333333334	0.9190333333651225
681	0.02153801647325357	0.9958833333333333	0.9189333333969116
682	0.021016374308864275	0.9960333333969116	0.9212833333969116
683	0.021288546180725097	0.9961166666666667	0.9180833333651225
684	0.02118911573092143	0.9956833333333334	0.9185166666984558
685	0.0212842841659983	0.9956166666666667	0.9195500000635782
686	0.021567211481928826	0.9956833333333334	0.9191
687	0.020947367019951344	0.9960166666666667	0.91935
688	0.021538766011595725	0.99595	0.9200333333333334
689	0.022013069122036297	0.9957833333333334	0.9171166666984558
690	0.0215045542995135	0.9960666666666667	0.9186166666984558
691	0.02092894012108445	0.9960833333333333	0.9192833333969116
692	0.021380744330585004	0.99595	0.9174500000635782
693	0.02122728150188923	0.99605	0.9189166666984558
694	0.021422514320413272	0.9961166666666667	0.9193166666666667
695	0.021377948687473933	0.99595	0.919016666730245
696	0.02107113653421402	0.9962000000635783	0.9187833333651225
697	0.021288269384702047	0.996	0.9192333333333333
698	0.02143764274766048	0.9959	0.9182333333333333
699	0.021195232746998468	0.9959	0.9190833333969116
700	0.021049631758530935	0.9961500000635782	0.9197333333969117
701	0.021560971412062646	0.9958	0.9171333333969116
702	0.0218593492547671	0.9961166667302449	0.9173833333333333
703	0.0220352436820666	0.9957166666984558	0.9173166666984558
704	0.021114520703752835	0.9961	0.919066666730245
705	0.021017223873734475	0.9961833333969117	0.9181666666984558
706	0.021374325243632	0.9960166667302449	0.9178666666666667
707	0.021517207237084706	0.99595	0.9176666666984558
708	0.021118464349706968	0.9962000000635783	0.9192500000317891
709	0.021184186770518622	0.9959	0.9182166666666667
710	0.020988138188918433	0.9962000000317891	0.9184333333651225
711	0.021734537013371785	0.9957333333969116	0.9181333333333334
712	0.021358138875166577	0.9958666667302449	0.917016666730245
713	0.02167455583512783	0.9956	0.917716666730245
714	0.02140538984835148	0.99595	0.9186500000635783
715	0.021386574504772823	0.9959666667302449	0.9183000000635783
716	0.02137315410176913	0.9958333333651225	0.9184166666984558
717	0.02185720852315426	0.9963333333969117	0.9163000000635783
718	0.02122658815185229	0.9957	0.9161833333651225
719	0.02134046287834644	0.9958166666666667	0.9187333333333333
720	0.021926942081252735	0.9957833333969116	0.9171833333651225
721	0.021875890185435613	0.9959500000635783	0.917116666730245
722	0.021446374635895094	0.9959666666666667	0.9174166667302449
723	0.02131802876194318	0.9958666666666667	0.9188333333969116
724	0.0214171570589145	0.99595	0.9187833333969117
725	0.02125719606180986	0.9961500000635782	0.9172833333333333
726	0.02176786161661148	0.9959666666666667	0.9167500000635783
727	0.022086605804165205	0.9958	0.9157500000635783
728	0.021379739036162693	0.995566666730245	0.9175333333333333
729	0.021472790358463924	0.9957666666666667	0.9175166667302449
730	0.021378873296578726	0.9960833333333333	0.9169666666666667
731	0.021442153857151668	0.9960166666666667	0.9171000000317892
732	0.021415246772766114	0.9959333333333333	0.9184666666666667
733	0.02123199487129847	0.9959500000317891	0.9177500000635783
734	0.021685536368687947	0.9958333333333333	0.9169833333651225
735	0.021412871289253236	0.9962	0.9161833333651225
736	0.021892950904369355	0.9958666666666667	0.9158333333969116
737	0.02184915296236674	0.99575	0.9177333333969117
738	0.021560568428536257	0.9957333333333334	0.9175000000317891
739	0.021876141876975695	0.99575	0.9165000000317891
740	0.022108771560589473	0.99565	0.9159166666666667
741	0.02223868203163147	0.9956333333969116	0.9161
742	0.021402889664967856	0.9957000000317892	0.9177500000317892
743	0.021294289193550746	0.9961	0.9170166666666667
744	0.021574171374241512	0.99625	0.9158166666666666
745	0.021667065441111723	0.9957	0.91685
746	0.02165195971230666	0.9959333333333333	0.9160833333969116
747	0.021529131337006888	0.9958166666666667	0.91605
748	0.021613424774010976	0.9960666666666667	0.9154166667302449
749	0.022255369507273037	0.9957666666666667	0.9163
750	0.02227056400378545	0.9957833333333334	0.9155
751	0.02165887946287791	0.9958166666666667	0.9174500000635782
752	0.021887505692243577	0.99565	0.9166000000635783
753	0.02160868718723456	0.9960666666666667	0.9162666667302449
754	0.02101434901257356	0.9960666666666667	0.9178
755	0.021571113550662994	0.99625	0.9156000000635783
756	0.021522303265333175	0.99635	0.9169833333651225
757	0.02174217260678609	0.9958500000635783	0.9154500000317891
758	0.021198084234197934	0.9962333333969117	0.916
759	0.021360884606838226	0.9959833333651225	0.9175666666984558
760	0.021362936822573345	0.99615	0.9147000000635783
761	0.021252658488353095	0.9959166666666667	0.9175666666984558
762	0.021462981011470157	0.9959833333969116	0.9160333333969116
763	0.021765060769518216	0.9960666666666667	0.9166166666984558
764	0.022028756441672643	0.9957166666666667	0.9159333333651225
765	0.021710134275754293	0.9959833333333333	0.916566666730245
766	0.02181938089430332	0.9957333333333334	0.9165166667302449
767	0.022013278744618097	0.9955	0.9158500000635783
768	0.02214466311534246	0.9961	0.9136500000317891
769	0.021441290819644927	0.9959833333333333	0.9163166667302449
770	0.02161464184522629	0.9960000000635783	0.9146333333651224
771	0.021665647357702256	0.9960833333651224	0.9149333333969116
772	0.022120652921994527	0.9954166666666666	0.9152166666666667
773	0.021497587192058562	0.9960833333333333	0.9155666666984558
774	0.021782217075427372	0.996	0.9150666666666667
775	0.021806814483801524	0.99605	0.916016666730245
776	0.021716227853298187	0.9957500000635783	0.9152166666666667
777	0.022424987944960593	0.9959166667302449	0.9141000000635783
778	0.02173488050699234	0.9959500000635783	0.915916666730245
779	0.02209702495932579	0.99605	0.9161500000317891
780	0.02231500569184621	0.9958333333651225	0.9155666666984558
781	0.0218369943857193	0.9955500000635783	0.9150666666666667
782	0.021709685228268306	0.9959166667302449	0.9152666666666667
783	0.021503065411249796	0.996216666730245	0.9159333333969116
784	0.022706788184245427	0.9952	0.9145
785	0.02173769843777021	0.9961666666666666	0.9150833333333334
786	0.021751251059770584	0.9959833333333333	0.9142333333651225
787	0.0217528694609801	0.9959666666666667	0.9157500000635783
788	0.02217400051554044	0.9960166666666667	0.913816666730245
789	0.02163315521478653	0.99625	0.9137833333969116
790	0.022174105831980706	0.9955333333969116	0.914816666730245
791	0.022058979366223017	0.9959333333333333	0.9141166666984558
792	0.021436333762605984	0.9963	0.9158666666666667
793	0.021834592444698014	0.9960833333969116	0.9140833333333334
794	0.021773405947287876	0.9962833333333333	0.9145000000635782
795	0.02204664339721203	0.9959833333333333	0.9155000000635782
796	0.02184736280242602	0.9957833333651225	0.9165333333333333
797	0.021968542494376502	0.9954666666666667	0.9150000000635783
798	0.022036468613147734	0.9958666666666667	0.9141166666984558
799	0.021928850993514062	0.9955	0.9144333333333333
800	0.021667074501514436	0.9959333333333333	0.9159666666984558
801	0.022209187256296475	0.99555	0.9154500000635782
802	0.021894155502319337	0.9957833333969116	0.9152666667302449
803	0.02182357176442941	0.9959166667302449	0.9157000000635783
804	0.02180071490307649	0.9957166666666667	0.9161166666666667
805	0.021490379492441813	0.99615	0.9154000000317891
806	0.022358207603295644	0.9956500000635783	0.9131166667302449
807	0.021640529550115268	0.996	0.9156500000317891
808	0.02237775438129902	0.9959666666666667	0.9121166667302449
809	0.02220914197663466	0.9959166666666667	0.9142166666666667
810	0.021462108904123305	0.99605	0.9154333333969116
811	0.02191880738536517	0.9958166666984558	0.9147833333969116
812	0.022087255573272704	0.9956833333333334	0.9155333333651224
813	0.021783640641967455	0.9960666666666667	0.9156666666666666
814	0.022011292108893396	0.995666666730245	0.9152833333651225
815	0.022247770996888478	0.9961333333969116	0.9129666666666667
816	0.022011740146080653	0.9958166667302449	0.9152166666666667
817	0.02177252174417178	0.9962833333333333	0.9134833333333333
818	0.022110093877712886	0.9958833333333333	0.9139000000317892
819	0.021881726105014484	0.9956333333333334	0.9147000000635783
820	0.021827664190530775	0.9959	0.9144666667302449
821	0.02165314060151577	0.9959333333333333	0.9146333333651224
822	0.022397318410873415	0.9957500000317892	0.9134500000635782
823	0.02192092113494873	0.9960833333969116	0.9142166667302449
824	0.02219761393070221	0.9959	0.9135000000635782
825	0.022331745141744613	0.99595	0.9147500000317892
826	0.022008960541089376	0.9961	0.9137
827	0.022255898914734524	0.9960833333333333	0.9134333333651224
828	0.02251223578453064	0.9955500000635783	0.9137333333333333
829	0.02235621826847394	0.9960000000635783	0.91195
830	0.022098543147246043	0.9956166666666667	0.9141166666666667
831	0.022448062805334727	0.9961166667302449	0.9124500000317891
832	0.022093517941236495	0.9959	0.9134000000317891
833	0.022358117864529292	0.9958333333333333	0.912616666730245
834	0.02230514388481776	0.99565	0.9133666667302449
835	0.02221277651687463	0.99595	0.9141333333333334
836	0.021722916144132614	0.9958	0.9129333333651225
837	0.022434737465778988	0.9960166666666667	0.9132166666666667
838	0.022379364838202794	0.9953500000635783	0.9129833333969116
839	0.021930030757188797	0.9958166667302449	0.9130000000317892
840	0.02216040701766809	0.9960833333333333	0.9132333333969116
841	0.022718344537417095	0.99515	0.9129833333969116
842	0.022110200196504594	0.9961000000635782	0.9131333333969116
843	0.02199772562980652	0.99555	0.9141000000317892
844	0.022474576399723688	0.9961000000635782	0.9114833333651224
845	0.022143250482281048	0.9956833333333334	0.9143666667302449
846	0.02189901905655861	0.9956666666666667	0.9134000000317891
847	0.02267320381104946	0.9957833333333334	0.9122000000635783
848	0.022307131018241246	0.9958333333969116	0.9134666666984558
849	0.022463411478698254	0.9957833333333334	0.91215
850	0.02211167175869147	0.9957833333333334	0.9127666666666666
851	0.022017077355086803	0.99595	0.9121833333969116
852	0.02250256748596827	0.9958333333969116	0.9123833333333333
853	0.02309616515835126	0.9956833333969116	0.9114
854	0.022165206793944042	0.9956	0.9134666667302449
855	0.022664647571245828	0.9957666666666667	0.9120833333651225
856	0.022713907885551454	0.995466666730245	0.9139166666984558
857	0.02220720585982005	0.9960833333333333	0.912616666730245
858	0.022408241571982703	0.9959833333333333	0.9110000000317892
859	0.02248887193799019	0.9959166666666667	0.9115500000635783
860	0.02249951061606407	0.99595	0.9122000000317891
861	0.02237481956879298	0.9957000000317892	0.9123166666984558
862	0.022370105932156246	0.9961833333651224	0.91185
863	0.022844820022583007	0.9960333333969116	0.9123833333651225
864	0.022444355458021165	0.9960000000635783	0.9127333333969117
865	0.022304743951559066	0.9955666666666667	0.9125166666984558
866	0.022054193949699402	0.9961833333333333	0.9118333333969116
867	0.02232566251854102	0.9956833333333334	0.9119833333969116
868	0.022697471670309704	0.9960666667302449	0.9108000000317892
869	0.02233570773700873	0.9956666666666667	0.9110666666984558
870	0.02213429325123628	0.9960833333333333	0.9124333333969116
871	0.02198816340168317	0.99595	0.912866666730245
872	0.02233953746755918	0.9957833333333334	0.9127
873	0.02220523931582769	0.9959833333969116	0.9129333333969116
874	0.022687910908460618	0.9959166666666667	0.9113833333651224
875	0.02253978945016861	0.9957333333651225	0.91205
876	0.022527328449487686	0.9959500000635783	0.9124166667302449
877	0.021838175638516744	0.9956666666666667	0.9123166666666667
878	0.022381298900643984	0.9960166667302449	0.9112500000635783
879	0.022627500981092452	0.9960166666666667	0.9109500000317892
880	0.02255671679377556	0.9955500000635783	0.912516666730245
881	0.022457481271028517	0.995716666730245	0.9121833333651225
882	0.02307354716559251	0.9954666666666667	0.9117500000635783
883	0.022620242792367934	0.9958166667302449	0.9111
884	0.02224206597308318	0.9959333333333333	0.9122833333969116
885	0.022392721889416378	0.99605	0.91415
886	0.022704943776130675	0.9957166666666667	0.9113666666984558
887	0.022451275552312532	0.9958	0.9133166666666667
888	0.022768576884269715	0.9956666666666667	0.9112166666666667
889	0.022021415881315867	0.9960166666666667	0.9123333333969116
890	0.022778008794784546	0.9959166666666667	0.9106333333333333
891	0.022323851402600608	0.9959833333969116	0.9115833333651224
892	0.02266647708515326	0.9956166666666667	0.9128166666984558
893	0.022464406927426656	0.9955000000635783	0.9119833333651225
894	0.022355542252461117	0.9958833333969116	0.9113833333651224
895	0.022059791646401088	0.9961833333333333	0.9116500000317892
896	0.02218893759449323	0.9958166666984558	0.9105833333969117
897	0.02227375849386056	0.9959833333969116	0.9111666667302449
898	0.022920446002483368	0.9958000000317891	0.9112333333333333
899	0.022700483969847363	0.9956166666666667	0.9120833333651225
900	0.022020715229709942	0.99585	0.9128833333969116
901	0.022303315452734628	0.9958333333333333	0.91135
902	0.022718186935782432	0.9958166667302449	0.9115166666984558
903	0.022469646815458932	0.9958333333969116	0.9119000000635783
904	0.02264407988190651	0.9959	0.9102833333969116
905	0.022811755230029426	0.9958833333333333	0.9111500000317891
906	0.02262902817527453	0.9959	0.9119833333333334
907	0.022659226914246877	0.9960833333333333	0.9109000000317892
908	0.022671972518165905	0.9958166666666667	0.9122333333969116
909	0.022927795139948526	0.9955833333333334	0.9103500000317891
910	0.02289170492688815	0.9959	0.909766666730245
911	0.022073355660339196	0.9958666666666667	0.9128833333333334
912	0.02202119376262029	0.9958166666666667	0.9127000000635783
913	0.022161568395296732	0.9962833333333333	0.9118000000635783
914	0.02267109522819519	0.995716666730245	0.9108333333651225
915	0.022548094048102697	0.99595	0.9107666666666666
916	0.022869217299421627	0.9957000000635783	0.9105166666666666
917	0.022905345044533412	0.9962833333333333	0.910016666730245
918	0.02249842639863491	0.9961833333333333	0.9104333333333333
919	0.022657737104098002	0.9955000000635783	0.9106833333969117
920	0.022609877835214138	0.9958166666666667	0.9108
921	0.022389886138836544	0.9958666667302449	0.9117333333969116
922	0.022727769458293915	0.9957166666666667	0.9096333333969117
923	0.022477921932935716	0.9960166666666667	0.9113000000317891
924	0.022771245726943015	0.9957333333969116	0.9114333333651224
925	0.022825428332885107	0.9957000000635783	0.910666666730245
926	0.022449986396233242	0.9958333333333333	0.9112
927	0.022771566612521808	0.9957	0.9100666667302449
928	0.02225842455426852	0.9958	0.9128000000317892
929	0.022281395088632902	0.9960333333333333	0.9113166666666667
930	0.02260133247077465	0.9954666666666667	0.9113000000317891
931	0.02291001561085383	0.9956	0.9105500000635783
932	0.022525026460488637	0.9958833333333333	0.9103333333333333
933	0.022992414939403533	0.9955333333333334	0.9112333333651225
934	0.02266801433960597	0.9959000000317891	0.9113666666984558
935	0.023091892594099044	0.99575	0.9099166666984558
936	0.022472459052999813	0.99575	0.9101833333333333
937	0.02265538571079572	0.9958333333969116	0.9114500000635782
938	0.02266680182715257	0.9957666666666667	0.9113166666984558
939	0.022982451631625492	0.9956	0.9094
940	0.022505933896700542	0.99585	0.9096500000317892
941	0.022786373150348663	0.9957000000635783	0.910666666730245
942	0.023064908804496128	0.9958833333333333	0.9094000000317891
943	0.023260682755708695	0.9958333333969116	0.90985
944	0.02346109868188699	0.9956166666666667	0.9091833333969116
945	0.02247908676515023	0.99555	0.911516666730245
946	0.02296340926686923	0.9958666666666667	0.9088000000635783
947	0.02320686501264572	0.9958166666666667	0.9097833333969116
948	0.022739657521247864	0.9956333333651225	0.9100000000317892
949	0.02238560872475306	0.9955833333333334	0.9109166666984558
950	0.02292748069067796	0.99595	0.9098500000635783
951	0.023466264152526856	0.9956833333969116	0.9085666666666666
952	0.022783124526341757	0.996	0.9101833333651225
953	0.022390829890966416	0.9958833333969116	0.9116333333969117
954	0.0231891538699468	0.9958333333969116	0.9090833333651225
955	0.023074663605292638	0.9958833333333333	0.909916666730245
956	0.022842884651819866	0.9960000000317891	0.9106333333651225
957	0.022541387406984966	0.9957833333333334	0.910966666730245
958	0.023003797374169032	0.9959500000635783	0.9098
959	0.022941828594605126	0.9958166667302449	0.9087500000317892
960	0.022912083443005878	0.9954166666666666	0.9089833333333334
961	0.02319777177174886	0.9956833333969116	0.9103666666984558
962	0.02345256188114484	0.99565	0.9082
963	0.022850253646572432	0.9958	0.9096500000317892
964	0.022838084292411805	0.9958833333333333	0.9088833333651225
965	0.023645390612880388	0.995516666730245	0.908866666730245
966	0.022868437470992407	0.9956833333651225	0.9105833333969117
967	0.022676170300443967	0.99605	0.9104333333333333
968	0.02298870193461577	0.9959333333333333	0.9093500000317891
969	0.022610413404305776	0.9958333333333333	0.9099333333333334
970	0.02227885707716147	0.9961	0.9108666666666667
971	0.02257817712922891	0.9959666666666667	0.9098333333969116
972	0.023210767871141433	0.9960666666666667	0.9082666667302449
973	0.022881131302316983	0.9955166666666667	0.9102666666666667
974	0.02281536101003488	0.99605	0.9096333333969117
975	0.022784754089514414	0.9958500000317891	0.9111833333333333
976	0.02337775293936332	0.99565	0.9102833333333333
977	0.023418006602923074	0.9953000000635783	0.9095000000635783
978	0.022751305089394252	0.9959666666666667	0.9080666667302449
979	0.022698595209916433	0.996	0.9090000000317892
980	0.023331142189105352	0.995666666730245	0.9100333333969116
981	0.02263714761734009	0.9956333333333334	0.9102333333651225
982	0.022772823705275853	0.996	0.9089833333333334
983	0.02290060951511065	0.9957666666666667	0.9095333333333333
984	0.0222566758732001	0.9961	0.9098166666984558
985	0.022986387489239375	0.9959333333969116	0.9098333333333334
986	0.023031376620133718	0.9960000000635783	0.9078666666666667
987	0.024130497926473617	0.99485	0.9080833333333334
988	0.02318001981973648	0.9958666667302449	0.9081333333651225
989	0.02314848420818647	0.9955166666666667	0.9094666666666666
990	0.023069719489415486	0.9952833333969117	0.9094000000317891
991	0.023406008289257686	0.9957666667302449	0.9095500000317891
992	0.022891258309284845	0.9962	0.9094833333969117
993	0.02239907115995884	0.99585	0.9102333333333333
994	0.0222295997351408	0.9959666666666667	0.9111166666984558
995	0.023386569037040075	0.9955000000635783	0.908516666730245
996	0.023895980191230775	0.9953	0.9079500000635783
997	0.022758216309795777	0.9958833333333333	0.9103000000317891
998	0.023122655455271403	0.9960166666666667	0.9100500000635783
999	0.023561811177929243	0.995416666730245	0.9081333333969116
1000	0.022423542481660844	0.9957833333969116	0.910866666730245
1001	0.023013601893186568	0.9957166666666667	0.9088333333969116
1002	0.02310153396129608	0.9956500000635783	0.90935
1003	0.022688804216186204	0.9961333333333333	0.9091666666984558
1004	0.022780057527621588	0.9957	0.9094000000635782
1005	0.02326646732489268	0.99545	0.9086333333333333
1006	0.022743858981132507	0.9957	0.9083833333969116
1007	0.02313775798479716	0.9956	0.9109333333333334
1008	0.02248257950345675	0.9960000000635783	0.9093833333969116
1009	0.02262732848028342	0.9961333333333333	0.9101666666984558
1010	0.0231457923412323	0.9958500000635783	0.9082166666666667
1011	0.022669351401925088	0.9961333333969116	0.9098333333333334
1012	0.022758381021022796	0.99585	0.9083333333651225
1013	0.02288674666285515	0.99565	0.9092833333333333
1014	0.023757934868335724	0.9956	0.9072000000635783
1015	0.0232384517510732	0.9957166666666667	0.9085166666984558
1016	0.023114166231950124	0.9957166666984558	0.9088000000635783
1017	0.02308101215362549	0.99565	0.9108833333651225
1018	0.02284609981973966	0.9958166666984558	0.909016666730245
1019	0.023345409073432286	0.9957333333969116	0.9092166667302449
1020	0.02300351205865542	0.9956	0.9089333333651225
1021	0.022728892846902212	0.99595	0.908
1022	0.02296217424670855	0.995716666730245	0.9088500000317892
1023	0.02332569918036461	0.9955666666666667	0.9097333333969116
1024	0.02309748582839966	0.9959333333333333	0.9081500000317891
1025	0.022907674485445024	0.99595	0.9094
1026	0.023000750782092412	0.9960166666666667	0.90905
1027	0.023235807041327158	0.9955833333333334	0.9089833333333334
1028	0.023212080401182174	0.9957333333969116	0.9075333333333333
1029	0.023631522961457572	0.9948666667302449	0.907516666730245
1030	0.023111826094985008	0.9956000000635783	0.9089833333333334
1031	0.0232938068151474	0.9957666667302449	0.9083833333969116
1032	0.022909124330679577	0.9960500000635782	0.9092333333333333
1033	0.022671293013294538	0.99595	0.9094833333969117
1034	0.023110099800427754	0.9958333333333333	0.9084
1035	0.0225660136838754	0.9959666667302449	0.9100666667302449
1036	0.023549159862597785	0.9954166666666666	0.907466666730245
1037	0.02305781558950742	0.9961833333333333	0.90705
1038	0.023195271150271098	0.9958500000635783	0.9076833333969117
1039	0.02314677059650421	0.9954500000635783	0.908966666730245
1040	0.02268804641763369	0.99635	0.9090500000635783
1041	0.02290220767756303	0.99565	0.9089000000635783
1042	0.022917478891213736	0.996	0.9078333333333334
1043	0.022845122637351355	0.9955	0.9095333333333333
1044	0.023132607986529666	0.9956333333333334	0.9084333333333333
1045	0.02310575522184372	0.9958333333969116	0.9078166666984558
1046	0.022470601898431777	0.996216666730245	0.9102833333333333
1047	0.023127056378126145	0.9959833333333333	0.9087166666666666
1048	0.022827389443914096	0.9959833333333333	0.9091500000635783
1049	0.022618220380942026	0.9957833333333334	0.9097
1050	0.022926826701561608	0.99595	0.908466666730245
1051	0.023041987696290015	0.9957	0.9078000000317892
1052	0.022932124718030293	0.9957833333651225	0.90955
1053	0.022863194918632507	0.9955333333969116	0.908966666730245
1054	0.022991664429505666	0.9961	0.9079833333651225
1055	0.02323936949968338	0.9956500000635783	0.9082666666984558
1056	0.022623911295334496	0.9960333333333333	0.9094333333969116
1057	0.023260963109135627	0.9953833333333333	0.9075666666984558
1058	0.022641285134355225	0.9958833333333333	0.9103833333651224
1059	0.022610146645704904	0.99585	0.910866666730245
1060	0.023023761027057967	0.9957833333969116	0.9090166666984558
1061	0.022987773404518762	0.99575	0.9079666666984558
1062	0.023434194540977477	0.995716666730245	0.90885
1063	0.02350305292805036	0.99555	0.9077000000317892
1064	0.022911502422889075	0.99595	0.9068333333651225
1065	0.02317458610534668	0.9955000000317892	0.9081666666984558
1066	0.023111480595668157	0.9958166667302449	0.9092
1067	0.023340979766845703	0.9957166666666667	0.9079000000635783
1068	0.022786416700482367	0.9958833333333333	0.9108000000317892
1069	0.02293105246225993	0.995566666730245	0.9095500000317891
1070	0.022335646792252858	0.9958000000635783	0.9094666667302449
1071	0.022985596038897833	0.9959833333969116	0.9089333333651225
1072	0.022914935264984768	0.9958333333969116	0.9089333333651225
1073	0.022778231464823086	0.9959333333333333	0.9084500000317891
1074	0.022993734216690064	0.9957	0.9102666667302449
1075	0.022302218636870385	0.9960166666666667	0.9097500000635783
1076	0.022468805092573166	0.995716666730245	0.9099000000317892
1077	0.02225896886785825	0.9959833333333333	0.9095833333969117
1078	0.023370552712678908	0.9956666666666667	0.9079166666666667
1079	0.02273806204199791	0.9957666667302449	0.9090500000635783
1080	0.02280832936167717	0.9956666666666667	0.9084833333333333
1081	0.02315583309630553	0.9956333333333334	0.9098500000317892
1082	0.023246389344334602	0.99565	0.9077666666984558
1083	0.02294474528034528	0.9955	0.909566666730245
1084	0.023128729339440664	0.9955	0.9089666666984558
1085	0.02305320104857286	0.99565	0.9094833333969117
1086	0.022474377200007438	0.9957000000635783	0.9110333333333334
1087	0.022808865084250767	0.99585	0.9090333333651225
1088	0.023141200881203014	0.9959166666666667	0.9088333333651225
1089	0.02250992076396942	0.9957666666666667	0.9100833333333334
1090	0.02248338048060735	0.9959833333333333	0.9092000000635783
1091	0.022678359653552374	0.9960166666666667	0.9092166666666667
1092	0.02300823864340782	0.9958333333969116	0.910766666730245
1093	0.023319766487677893	0.9958666667302449	0.9082166667302449
1094	0.022677245197693506	0.9962	0.9108333333969116
1095	0.022484379531939824	0.9957166666666667	0.9105000000317891
1096	0.022838842433691026	0.9958666666666667	0.9089500000635783
1097	0.023004756929477056	0.9956000000635783	0.9095833333333333
1098	0.023341917578379313	0.9958333333333333	0.9089166666666667
1099	0.02288302795489629	0.9956	0.9092666666666667
1100	0.02250454469323158	0.9958833333969116	0.9098000000635783
1101	0.02345856182873249	0.9958166666666667	0.908
1102	0.02305372523268064	0.9955333333969116	0.90975
1103	0.022462174627184868	0.9958333333333333	0.9105833333333333
1104	0.02262851988375187	0.9958	0.9104166666984558
1105	0.022895468733708065	0.9957333333651225	0.9089166666666667
1106	0.022805238888661067	0.99565	0.9097833333651225
1107	0.022839813699324925	0.9959500000635783	0.9094333333969116
1108	0.022876572541395822	0.9958000000635783	0.9092833333333333
1109	0.022891208732128143	0.9956833333969116	0.9094333333969116
1110	0.022398727119962374	0.99585	0.9114
1111	0.022948301841815313	0.9958333333969116	0.9093833333969116
1112	0.022299754911661147	0.99585	0.9102500000635783
1113	0.023090540966391564	0.9953333333333333	0.9091
1114	0.02286596751411756	0.99575	0.9088333333333334
1115	0.02225319152275721	0.9955000000635783	0.9121500000317891
1116	0.023365204435586928	0.9956833333333334	0.9093333333969116
1117	0.023117752162615458	0.9955833333333334	0.90915
1118	0.022515914313991865	0.9960833333333333	0.9095500000317891
1119	0.022546369075775147	0.9959833333969116	0.9100500000317892
1120	0.022794378012418747	0.9953500000635783	0.9092
1121	0.02277311125397682	0.9955333333333334	0.9102166667302449
1122	0.023256761705875397	0.9955	0.9085500000635783
1123	0.023043085514505703	0.99565	0.9094166667302449
1124	0.022584374485413235	0.9959500000635783	0.9089166666984558
1125	0.022505285064379373	0.9960333333333333	0.909766666730245
1126	0.023110345873236657	0.9956333333333334	0.9089500000317892
1127	0.023424983060359957	0.9951833333969117	0.90965
1128	0.022560061450799307	0.9957833333333334	0.9103333333333333
1129	0.022320274474223453	0.9962833333333333	0.9109666666666667
1130	0.022716256392995515	0.9954833333333334	0.9113833333651224
1131	0.02319154200454553	0.9956	0.9096833333333333
1132	0.02263792609771093	0.9959833333651225	0.9087666666666666
1133	0.022449030288060508	0.9959833333969116	0.9104666666666666
1134	0.022932061531146367	0.9960333333333333	0.9080166666666667
1135	0.022584309111038845	0.9957666666666667	0.9108000000635783
1136	0.022567701733112334	0.9955000000635783	0.9116833333651225
1137	0.022715657409032187	0.9955833333651225	0.9113166666666667
1138	0.022559769793351492	0.9960333333333333	0.9095666666984558
1139	0.0222849768559138	0.9959000000635783	0.910866666730245
1140	0.022574306307236353	0.9958166667302449	0.9106666666666666
1141	0.022656598734855652	0.9954166666666666	0.9101333333651225
1142	0.022991385340690614	0.9956333333333334	0.9106333333969117
1143	0.022660764396190643	0.9959833333651225	0.9102166666666667
1144	0.02267821779747804	0.9955	0.9107333333651225
1145	0.022376693800091742	0.9958833333333333	0.9118666666984558
1146	0.02355121637781461	0.9952333333651224	0.9096500000635783
1147	0.02279687106013298	0.9958666666666667	0.91035
1148	0.022262079588572185	0.9957833333969116	0.9117833333651225
1149	0.02288707694808642	0.995516666730245	0.9097666666984559
1150	0.0228686576406161	0.9955666666666667	0.9104333333969116
1151	0.022823644042015076	0.9956166666666667	0.910016666730245
1152	0.02179743252793948	0.9959666666666667	0.9125166666666666
1153	0.022295391019185384	0.9958833333333333	0.9103166666666667
1154	0.02266609060962995	0.9954	0.91005
1155	0.022985279202461243	0.9955166666666667	0.9099000000317892
1156	0.02233049243092537	0.99575	0.9105666666666666
1157	0.02225780917406082	0.9957833333969116	0.910816666730245
1158	0.022418329627315204	0.9954833333333334	0.911616666730245
1159	0.023127838661273322	0.9954166666666666	0.9114500000635782
1160	0.022522306367754936	0.9956666666666667	0.9103000000317891
1161	0.022969875291983285	0.9954333333333333	0.9108166666666667
1162	0.022732182238499325	0.9958666666666667	0.90975
1163	0.022732245552539825	0.9957166666984558	0.9114833333651224
1164	0.021864727622270583	0.9959666666666667	0.9126833333651225
1165	0.022676697929700215	0.9955	0.9108833333651225
1166	0.022418836124738058	0.99565	0.9122833333969116
1167	0.022519080738226574	0.9957666666666667	0.9120666666666667
1168	0.02261256280740102	0.9959333333333333	0.9105833333333333
1169	0.022659322716792423	0.9956833333333334	0.9099333333969116
1170	0.02257468966046969	0.9959333333333333	0.9107333333969116
1171	0.022579241941372553	0.9959166667302449	0.9099333333969116
1172	0.02225694268345833	0.9957000000635783	0.9115833333333333
1173	0.022727747456232707	0.9956000000635783	0.91055
1174	0.022656650082270306	0.9957333333333334	0.9116166666984558
1175	0.022164176452159883	0.9958833333333333	0.9111500000317891
1176	0.022405409520864488	0.9955000000635783	0.912516666730245
1177	0.022405098938941957	0.9955833333333334	0.9119833333651225
1178	0.022405764448642732	0.9955333333969116	0.91055
1179	0.022815349036455154	0.9954500000635783	0.9119000000635783
1180	0.022153212491671244	0.9959333333651225	0.9120666666666667
1181	0.02175705625116825	0.9961666666666666	0.9124500000635782
1182	0.022177903307477632	0.9957166666666667	0.9108500000317892
1183	0.02211079167127609	0.9956333333969116	0.9124833333651224
1184	0.02241571078201135	0.995616666730245	0.9117833333969116
1185	0.022086657826105752	0.99565	0.9121833333969116
1186	0.023004466825723647	0.9953833333333333	0.9102666667302449
1187	0.022133566270271937	0.9957666666666667	0.9122833333651225
1188	0.022462451405326524	0.9957333333333334	0.9113833333333333
1189	0.022368218193451563	0.9957333333333334	0.9115666666984558
1190	0.022147907275954882	0.9956	0.9132166666666667
1191	0.02228052095770836	0.9955333333333334	0.9128666666666667
1192	0.02247340852022171	0.9958166667302449	0.9120666666666667
1193	0.02303454633454482	0.9950333333333333	0.9122000000635783
1194	0.022658129187424977	0.9956333333333334	0.9110500000317892
1195	0.021954562914371492	0.9961833333969117	0.9113333333333333
1196	0.022260996575156847	0.9959333333333333	0.9112
1197	0.02192763155301412	0.9962166666666666	0.9115000000635783
1198	0.021994100055098532	0.9957	0.9129000000317892
1199	0.021856168208519617	0.9959500000635783	0.9136666666666666
1200	0.02254709357023239	0.99575	0.9122166666984558
1201	0.022604633291562398	0.9957	0.9101833333969116
1202	0.022197408722837767	0.9956333333333334	0.9135500000317891
1203	0.02210572101349632	0.9957	0.9137
1204	0.02206693542400996	0.9958166666666667	0.9131666666984558
1205	0.02215653004248937	0.99585	0.9115833333333333
1206	0.022142104985316595	0.99595	0.91225
1207	0.021878081725041073	0.9956833333969116	0.9128500000635783
1208	0.02187034209569295	0.9960500000635782	0.9134333333969116
1209	0.022321743227044742	0.9958500000635783	0.9125833333333333
1210	0.022033216776450475	0.9956	0.9124166667302449
1211	0.022260654370983443	0.9959666666666667	0.9130833333651225
1212	0.022203950025637943	0.9957833333969116	0.9132000000317891
1213	0.0227811336517334	0.9955833333651225	0.9119166666984558
1214	0.02176713409026464	0.9960833333333333	0.9133166667302449
1215	0.022125760867198307	0.9958833333333333	0.9124666667302449
1216	0.022630715662240983	0.9952833333333333	0.9133333333969116
1217	0.02275954842766126	0.9953833333333333	0.91105
1218	0.02278640394806862	0.9957166666666667	0.9129500000635783
1219	0.02207353747189045	0.9956333333333334	0.9121833333651225
1220	0.022223528518279394	0.9958	0.9119333333651225
1221	0.02228436730504036	0.9957500000635783	0.9121000000317891
1222	0.022546496546268464	0.9956833333333334	0.91185
1223	0.022165455720822017	0.9957333333969116	0.9131500000317891
1224	0.02206639554699262	0.9957666667302449	0.9130166666984558
1225	0.0223481381803751	0.9957166666666667	0.9112333333333333
1226	0.02218146829754114	0.9957	0.9131
1227	0.021888933818538982	0.9957000000635783	0.91315
1228	0.021823775611321133	0.9959333333333333	0.9131500000317891
1229	0.02212356733083725	0.9955666666984558	0.9140000000317892
1230	0.022407819051543872	0.9956333333333334	0.9126
1231	0.022222629855076472	0.9956833333969116	0.9114166666666667
1232	0.02216884460449219	0.99575	0.9121666666984558
1233	0.021965683120489122	0.9958	0.912
1234	0.022395971133311588	0.995516666730245	0.9133166666666667
1235	0.021968002969026564	0.9958333333651225	0.9126666666984559
1236	0.021834253205855688	0.9959166667302449	0.9135166666984558
1237	0.022528848206003507	0.99525	0.9129833333651225
1238	0.021834639198084673	0.9958	0.91425
1239	0.021750218445062638	0.9962333333333333	0.9132166666984558
1240	0.022054099092880884	0.9956500000635783	0.9141833333969116
1241	0.022749022286136945	0.9950666666666667	0.9106
1242	0.022157144618034363	0.99595	0.91235
1243	0.021947485037644703	0.9958666666666667	0.9133166666666667
1244	0.021719274616241454	0.9958000000635783	0.9136500000317891
1245	0.022134676706790923	0.9958833333333333	0.9133500000317891
1246	0.022086572471261025	0.996	0.9135
1247	0.022279868990182878	0.9960666667302449	0.9117666666666666
1248	0.021622691011428833	0.9958666667302449	0.9132833333651225
1249	0.02208360872268677	0.9959000000635783	0.9120333333651225
1250	0.021933915122350055	0.9963	0.9138333333333334
1251	0.021578879829247794	0.9958333333333333	0.9137
1252	0.022305110496282577	0.9957	0.9119833333333334
1253	0.022144915759563445	0.9953166666666666	0.9136166666666666
1254	0.02238750954469045	0.9959666666666667	0.911966666730245
1255	0.021458503139019012	0.9960500000635782	0.9141666667302449
1256	0.02233138795097669	0.9955833333651225	0.9132333333969116
1257	0.021405573276678722	0.9959500000635783	0.9138833333651225
1258	0.022596714880069098	0.9956833333333334	0.9119666666984558
1259	0.022663967883586884	0.9951666666666666	0.9116500000635783
1260	0.02143067529797554	0.9959	0.9149166666666667
1261	0.021895640893777213	0.9960166667302449	0.91335
1262	0.022007272762060166	0.9959333333333333	0.9128666666666667
1263	0.021716506803035735	0.9958500000317891	0.9135833333651224
1264	0.02259676057298978	0.9956833333333334	0.9140333333333334
1265	0.022521919218699137	0.99525	0.9133000000635783
1266	0.021529114747047426	0.9955	0.9151333333651225
1267	0.022044754884640375	0.9954	0.91375
1268	0.021916387832164763	0.9959333333969116	0.9139166666666667
1269	0.021477977788448333	0.9958333333333333	0.9139333333651225
1270	0.02179232895175616	0.9958	0.9137833333333333
1271	0.02192030990620454	0.9956666666666667	0.915
1272	0.02250216463804245	0.9955333333333334	0.9134000000317891
1273	0.022361110589901607	0.9955000000635783	0.9129833333651225
1274	0.022194977388779322	0.9955666666666667	0.9123500000635782
1275	0.022600183588266372	0.9955000000317892	0.9129833333969116
1276	0.021816653693715733	0.99575	0.9127166666984559
1277	0.021586534624298413	0.99575	0.91525
1278	0.02261028243700663	0.9952833333969117	0.9129500000317892
1279	0.02175120922724406	0.9957333333333334	0.9138333333969116
1280	0.022303450069824853	0.9956166666984558	0.913816666730245
1281	0.021863042057553926	0.9958333333333333	0.9140666666666667
1282	0.021991227396329242	0.9956	0.914
1283	0.02199595192571481	0.9955166666666667	0.913966666730245
1284	0.02199561437368393	0.9957333333969116	0.9138833333969116
1285	0.022136183234055837	0.9956166666666667	0.9147000000635783
1286	0.02158827479481697	0.9957500000635783	0.9152500000317891
1287	0.021690427655975023	0.9956666666666667	0.9142333333333333
1288	0.02192092868089676	0.9957166666666667	0.915
1289	0.021829495298862456	0.9956833333969116	0.9136000000317891
1290	0.02168288076321284	0.9959333333333333	0.9138500000317892
1291	0.021898764848709108	0.9954333333333333	0.9156666666666666
1292	0.0217520454009374	0.995666666730245	0.9138333333969116
1293	0.02200356303155422	0.9959833333333333	0.9137000000635783
1294	0.022077751797437668	0.995616666730245	0.9144500000317891
1295	0.021638116840521495	0.9959166667302449	0.9140333333651225
1296	0.021926866288979847	0.9956166666666667	0.914616666730245
1297	0.02213492061694463	0.9955833333969116	0.9133666666984558
1298	0.02162700939774513	0.9955833333969116	0.9154666666666667
1299	0.02207813827296098	0.995716666730245	0.9126833333651225
1300	0.02216806591351827	0.9959166666666667	0.9131
1301	0.0219503887852033	0.9954333333969116	0.9148833333651225
1302	0.02172993699510892	0.9955833333333334	0.9142666666984558
1303	0.02128040512104829	0.9961833333333333	0.9150000000317892
1304	0.021803811606764794	0.9960166666666667	0.9132333333969116
1305	0.021170310219128928	0.9958000000635783	0.9165166667302449
1306	0.021360617347558338	0.9960166666984558	0.91575
1307	0.021189228483537832	0.99595	0.9160833333651225
1308	0.021750691302617392	0.9958666666666667	0.9161833333651225
1309	0.021176779306928316	0.9958166666666667	0.9147333333651225
1310	0.021704904800653457	0.9957	0.9139833333333334
1311	0.021739605832099915	0.9957666666666667	0.9137333333333333
1312	0.021693842444817226	0.996	0.914
1313	0.02221391806602478	0.9956000000317892	0.9136833333969117
1314	0.02159082202911377	0.9958500000635783	0.9149166666666667
1315	0.021744364823897678	0.9956833333969116	0.9134833333651224
1316	0.021822030943632127	0.9954166666666666	0.915
1317	0.021689426244298617	0.9960833333969116	0.9142166666984558
1318	0.02191942222515742	0.9956000000635783	0.9156833333333333
1319	0.02181798727711042	0.9955333333333334	0.9159833333651225
1320	0.02165181808670362	0.9957833333969116	0.9152833333651225
1321	0.02217697628835837	0.9958666666666667	0.9149166666666667
1322	0.02164601781964302	0.9960666666666667	0.9148333333333334
1323	0.02167177004814148	0.9958500000317891	0.9162000000317891
1324	0.02187056376039982	0.9957333333333334	0.9151833333651225
1325	0.021574283661444982	0.9958666666666667	0.9137833333333333
1326	0.02189436821937561	0.9959333333333333	0.9133833333969116
1327	0.02170665691792965	0.99575	0.9156333333969117
1328	0.021423018645246823	0.9962	0.9151
1329	0.021019105531771977	0.9961833333651224	0.9153833333333333
1330	0.021970838327209155	0.9958666666666667	0.9145833333651224
1331	0.021357862641414007	0.9958500000317891	0.9167500000317892
1332	0.021887006270885467	0.9955833333333334	0.915566666730245
1333	0.0216094506919384	0.9960666667302449	0.9153
1334	0.022161109747489294	0.9957166666666667	0.9135500000317891
1335	0.021372303426265716	0.9960000000317891	0.9150833333969116
1336	0.021644075294335683	0.9959	0.9150166666984558
1337	0.02167635858853658	0.9958333333969116	0.9155500000317891
1338	0.021548345977564654	0.9958666666666667	0.9147333333651225
1339	0.021825882234176	0.9958	0.9137666666984559
1340	0.021440984321633976	0.9957833333333334	0.91505
1341	0.021518766750892003	0.9954833333969116	0.914966666730245
1342	0.021520819823940596	0.9959833333333333	0.9147500000635783
1343	0.021937431299686432	0.9956166666666667	0.9149500000635783
1344	0.021850113071501254	0.9956666666666667	0.9157666666984559
1345	0.021587409727772077	0.996	0.9155166666666666
1346	0.02128000487734874	0.9961	0.916766666730245
1347	0.021458036003510157	0.9958000000635783	0.9161333333333334
1348	0.021730181086063383	0.9958333333969116	0.915066666730245
1349	0.021724472484985987	0.9960666666666667	0.9140666666984558
1350	0.0223803014198939	0.995666666730245	0.9148166666666666
1351	0.021054232690731683	0.9959666667302449	0.9175333333651224
1352	0.02180464295943578	0.9956833333969116	0.91415
1353	0.021814670076469582	0.9958833333333333	0.9145000000635782
1354	0.021857608785231908	0.9954666666666667	0.9154166666666667
1355	0.021675436281164487	0.9958	0.9152000000635783
1356	0.02122406113743782	0.9962166666666666	0.9159666666984558
1357	0.021748196681340537	0.9960833333333333	0.9141166666666667
1358	0.02159431226849556	0.9959	0.9154833333333333
1359	0.02166135075390339	0.9957166666666667	0.9155000000317891
1360	0.021448915025095144	0.9958333333333333	0.9161
1361	0.021700331912438076	0.9955333333333334	0.91625
1362	0.02059223032593727	0.9960666666984558	0.9169333333969116
1363	0.022124773953358334	0.9956666666666667	0.9141666666666667
1364	0.022144586151838303	0.9959333333969116	0.9149500000317892
1365	0.021175042496124903	0.9957333333969116	0.9154666666984558
1366	0.021381220463911693	0.99585	0.9160833333969116
1367	0.02122635794977347	0.9960166666666667	0.9167666666984559
1368	0.0214428103774786	0.9957833333333334	0.9154333333651224
1369	0.022274576809008916	0.99585	0.9137333333651225
1370	0.02139749880631765	0.99605	0.9149166666666667
1371	0.022300557331244152	0.995366666730245	0.9140333333651225
1372	0.021669364923238753	0.9958833333333333	0.9150833333969116
1373	0.021374278126160304	0.9959666666666667	0.9151333333333334
1374	0.020997066968679427	0.9961333333651224	0.9166166666666666
1375	0.021815207915504772	0.9957500000635783	0.9151833333651225
1376	0.021688355582455795	0.99565	0.9139500000635783
1377	0.021639061077435812	0.9960000000635783	0.9159166666984558
1378	0.021054620885848998	0.9959666667302449	0.9142
1379	0.021492522665858268	0.9959	0.9153833333333333
1380	0.021899757210413616	0.9957	0.9150333333969116
1381	0.021534794930617013	0.9955166666666667	0.9165
1382	0.021880613964796066	0.9956500000635783	0.9150833333333334
1383	0.021534991691509884	0.9957333333333334	0.9170333333651225
1384	0.021276261897881826	0.9958666666666667	0.9156666666666666
1385	0.02150937323172887	0.9958666666666667	0.9160500000317892
1386	0.021744357976317404	0.9956666666666667	0.9143666666666667
1387	0.021425312197208404	0.9958333333969116	0.9150833333651225
1388	0.02126646628777186	0.9958166667302449	0.9163000000635783
1389	0.021659106147289275	0.9955333333969116	0.9159000000635783
1390	0.021297007326285044	0.9958333333333333	0.9168666666984558
1391	0.02141691568394502	0.9958333333969116	0.9158833333969116
1392	0.021725007965167364	0.9956000000317892	0.9156166666984558
1393	0.021541609036922454	0.9959166666984558	0.9143166666666667
1394	0.021528767875830333	0.9959166666984558	0.9149333333333334
1395	0.02175480813384056	0.9956333333969116	0.9161166667302449
1396	0.02107591260870298	0.99605	0.9163500000635783
1397	0.021308273626367252	0.9959166666666667	0.91645
1398	0.021216758010784785	0.9959500000317891	0.9161000000317892
1399	0.02156146414875984	0.9959166666666667	0.915816666730245
1400	0.02154731025894483	0.99565	0.9166500000317891
1401	0.021459699759880702	0.9958166666666667	0.9165333333333333
1402	0.02118808961311976	0.9960000000635783	0.9155333333969117
1403	0.021720090074340503	0.9959166667302449	0.9154333333333333
1404	0.021214923679828645	0.99585	0.9173333333969116
1405	0.021600556486845016	0.9958666666984558	0.9162000000635783
1406	0.021404997086524963	0.9958166666666667	0.91625
1407	0.021600318333506584	0.9955833333333334	0.9157333333333333
1408	0.02170807575384776	0.99585	0.9154666667302449
1409	0.0217886714498202	0.9956333333651225	0.9142833333651225
1410	0.0219768437286218	0.9958333333333333	0.9152333333333333
1411	0.02149626516501109	0.9956833333333334	0.9167000000635783
1412	0.02159654113550981	0.9955833333333334	0.9158500000317892
1413	0.02138232441743215	0.99565	0.9165333333651224
1414	0.021504559604326883	0.9959166666666667	0.9156500000317891
1415	0.021656315844257673	0.9958833333333333	0.9134666666666666
1416	0.021628023926417033	0.9958333333651225	0.916
1417	0.0215008448133866	0.9959	0.9160166666984558
1418	0.021600271864732106	0.9959333333969116	0.9153666666984558
1419	0.02170423532128334	0.9958666667302449	0.9143666666666667
1420	0.0212187423735857	0.9960000000635783	0.9148166666984558
1421	0.02160198899904887	0.9959166666666667	0.9145166666666666
1422	0.021641512483358383	0.9955333333969116	0.9157500000317892
1423	0.02185292683939139	0.9957166666666667	0.9153333333651225
1424	0.021045395916700363	0.9959833333969116	0.917
1425	0.021662477886676787	0.9956833333333334	0.9152333333333333
1426	0.021348087869087855	0.9958333333333333	0.9163666667302449
1427	0.021334026008844376	0.995666666730245	0.9169333333333334
1428	0.02143639729321003	0.99595	0.9160833333969116
1429	0.021736794239282608	0.9954666666666667	0.9148666666666667
1430	0.021508491226037343	0.9957666666666667	0.9155
1431	0.021685075557231905	0.9960000000635783	0.9156666666666666
1432	0.021288994878530504	0.9957333333333334	0.9157166666666666
1433	0.02160584940512975	0.995716666730245	0.9172666667302449
1434	0.02127983317176501	0.9960833333333333	0.9168833333969116
1435	0.021410273735721908	0.9957166666666667	0.9160500000635783
1436	0.021463704229394594	0.9959166666666667	0.9159166666666667
1437	0.021313517485062283	0.9954166666666666	0.9165500000317891
1438	0.02144467616677284	0.9957333333969116	0.9162666666984558
1439	0.022244633388519286	0.9957666667302449	0.9143333333969116
1440	0.021762853235006333	0.9957166666666667	0.91565
1441	0.021703011697530746	0.9957000000635783	0.9154333333969116
1442	0.021773392343521117	0.9956000000635783	0.9153000000317891
1443	0.02144600124359131	0.9956	0.91635
1444	0.021080496497948964	0.9957000000635783	0.9184666666984558
1445	0.021417683775226275	0.9956166666666667	0.9165166667302449
1446	0.02163194243510564	0.9956000000635783	0.9141500000317891
1447	0.021137218991915386	0.9959833333969116	0.9150500000635783
1448	0.021433509425322215	0.9958833333333333	0.9161000000317892
1449	0.02143316719532013	0.9956166666666667	0.9164833333333333
1450	0.021744707413514454	0.9960833333333333	0.9152666667302449
1451	0.02225642215013504	0.9955666666666667	0.9139666666984558
1452	0.021757086048523586	0.9960166666666667	0.9145666666666666
1453	0.02154556852579117	0.9958	0.9137000000317892
1454	0.021421837369600932	0.9960000000635783	0.9140166666984558
1455	0.022002312348286313	0.995566666730245	0.914716666730245
1456	0.021498679387569428	0.9956833333651225	0.914716666730245
1457	0.02141341082205375	0.9956666666666667	0.9162166666666667
1458	0.02089471909105778	0.9958	0.9172
1459	0.02166510770022869	0.9956	0.91485
1460	0.021701743352909884	0.9957333333333334	0.9149333333333334
1461	0.021510920890172324	0.9956166666666667	0.9162
1462	0.021554877176880836	0.99605	0.9150166666984558
1463	0.022263454631964365	0.99545	0.91365
1464	0.02191011978983879	0.9959166667302449	0.9139833333969116
1465	0.021637289625406265	0.99555	0.9139833333969116
1466	0.02203586347103119	0.9957000000635783	0.9149
1467	0.021781937996546426	0.9955	0.9154333333333333
1468	0.021748326311508814	0.9958166667302449	0.9143666667302449
1469	0.02164854362110297	0.996	0.9154333333969116
1470	0.02174169631799062	0.9956500000635783	0.9139833333333334
1471	0.02147902693549792	0.9960166666666667	0.9163500000317891
1472	0.021513531981905303	0.9958333333333333	0.9147333333333333
1473	0.021447280555963517	0.9959166666984558	0.9154333333333333
1474	0.02152339165012042	0.9958666667302449	0.9155
1475	0.021929741154114404	0.9957	0.913766666730245
1476	0.02184199105401834	0.9956166666666667	0.9145000000635782
1477	0.021811582603057225	0.9958666667302449	0.9141166666984558
1478	0.02152193954984347	0.9959833333969116	0.91465
1479	0.022079896490772567	0.9959833333333333	0.9139666666666667
1480	0.021302951101462048	0.9959500000635783	0.9148833333969116
1481	0.021774315133690835	0.9955166666666667	0.914916666730245
1482	0.021870935652653377	0.9959833333333333	0.9138833333651225
1483	0.021357936871051787	0.9955833333333334	0.9162500000317891
1484	0.02151291567881902	0.9959833333333333	0.9144166667302449
1485	0.02224119450946649	0.9957166666666667	0.914566666730245
1486	0.021700277509291967	0.9958666666666667	0.9146000000317891
1487	0.021696208014090855	0.9957166666666667	0.9147166666984559
1488	0.022223931483427682	0.9956166666666667	0.9132333333969116
1489	0.022156741644938787	0.9958000000635783	0.9140666666666667
1490	0.021927417586247125	0.9956666666666667	0.91535
1491	0.021464701289931932	0.9959166666666667	0.9151666667302449
1492	0.021690581064422926	0.9956	0.9139833333333334
1493	0.021851890178521474	0.9958666666666667	0.9140500000635783
1494	0.021254050582647323	0.9960166667302449	0.9160333333651225
1495	0.02168758092224598	0.9956	0.9156333333651224
1496	0.02199457683165868	0.9956166666666667	0.9138666666666667
1497	0.021684975506862006	0.9958166667302449	0.9153833333651225
1498	0.02221041019062201	0.9957333333333334	0.9143666666984558
1499	0.021947567679484685	0.9955	0.9139166666984558
