epoch	loss	acc	certified
0	5.3040399415588375	0.005920000001192093	0.005920000001192093
1	5.148892926177979	0.014430000000298024	0.014430000000298024
2	4.929133593902588	0.028090000000298022	0.028090000000298022
3	4.798142418060303	0.04234	0.04234
4	4.65717360961914	0.057870000007152554	0.057870000007152554
5	4.580253496398925	0.06667999999761581	0.06667999999761581
6	4.523349926300049	0.07449	0.07449
7	4.466027806091309	0.08145000000476837	0.08145000000476837
8	4.409512551269532	0.0893	0.0893
9	4.360508106689453	0.09684000000238419	0.09684000000238419
10	4.312514956512451	0.10284000000119209	0.10284000000119209
11	4.269880860900879	0.11048000000476838	0.11048000000476838
12	4.2277995748901365	0.11586000000238418	0.11586000000238418
13	4.191990759582519	0.12168000001430511	0.12168000001430511
14	4.158749777221679	0.12678000000715256	0.12678000000715256
15	4.124778858337402	0.13289000000476836	0.13289000000476836
16	4.09397056640625	0.13691	0.13691
17	4.065708083953857	0.14017	0.14017
18	4.036568714904785	0.14534999999523163	0.14534999999523163
19	4.003975001068115	0.15031000000715256	0.15031000000715256
20	3.98590183013916	0.1548499999976158	0.1548199999976158
21	3.9591417942810057	0.15838	0.15836
22	3.934551202545166	0.16189000000476836	0.16186000000476838
23	3.913233599395752	0.16761000000953674	0.16757000000953676
24	3.890508504486084	0.17012000000476837	0.17009000000476837
25	3.8754322717285157	0.17397999999523162	0.17396999999523163
26	3.8532621175384523	0.17656	0.17653
27	3.8398775329589845	0.18020000000238418	0.1801900000023842
28	3.824012667388916	0.18373000000953674	0.18369000000953675
29	3.81199271484375	0.18495000000476838	0.18492000000476838
30	3.7925056213378907	0.18826	0.18824
31	3.7793548293304444	0.19148000000476836	0.19144000000476838
32	3.7654564051055908	0.19291	0.19282
33	3.7555188228607177	0.19448000000953675	0.19445000000953674
34	3.744891424102783	0.1979000000143051	0.19780000001430512
35	3.7283088525390626	0.19994	0.19983
36	3.718440258407593	0.20162999999523162	0.20153999999523162
37	3.7086948907470703	0.20372999999523164	0.20358999999523164
38	3.6998433071136474	0.20355000000476836	0.20340000000476838
39	3.696585738143921	0.20638000000476836	0.20624000000476836
40	3.6813710823059083	0.2088	0.20869
41	3.677737406387329	0.20976999999523163	0.20945999999523163
42	3.6675068727874756	0.21130999999523162	0.21103999999523163
43	3.6540507971191407	0.21197999999523162	0.21173999999523163
44	3.647626413040161	0.2149200000143051	0.21471000001430512
45	3.6426556783294677	0.21491000000953675	0.21466000000953675
46	3.630676302947998	0.2158	0.21558
47	3.628313528594971	0.21794000000953676	0.21770000000953674
48	3.6199120989990234	0.21956000000476839	0.21921000000476837
49	3.6114702612304685	0.22031	0.21992
50	3.6073294050598146	0.22213000000953675	0.22175000000953674
51	3.596438582763672	0.22385000000476837	0.22342000000476836
52	3.5918368769073488	0.22539	0.22497000000953674
53	3.586412038726807	0.22682000002861022	0.22625999999046326
54	3.5775621548461913	0.22851999999523162	0.22793999999523162
55	3.5735207067871095	0.22974999999523163	0.22916999999523163
56	3.566921399383545	0.23104000000953676	0.23034000000953675
57	3.564206713180542	0.23154	0.23065
58	3.5554744954681397	0.23200000000476836	0.23126000000476837
59	3.5524361183166504	0.23316999999046326	0.23231999999046327
60	3.543365600967407	0.23637000002861022	0.23525000002861024
61	3.5384602949523924	0.23694000000476836	0.23593000000476838
62	3.5369050435638427	0.23666	0.23548000000953676
63	3.530912709579468	0.23657	0.23541
64	3.5255173748016357	0.23856999999523162	0.23723999999523163
65	3.5223531751251222	0.2414500000143051	0.24008
66	3.5191009901428223	0.23890000000476838	0.2372300000143051
67	3.5137986412811277	0.2405600000143051	0.23915000001430511
68	3.5088961836242674	0.2423100000190735	0.24058000002861024
69	3.5010724906921387	0.24261999999046327	0.24113999999046326
70	3.4998140571594236	0.24537000000953674	0.24365000000953674
71	3.494780686187744	0.24480000001907348	0.24270000002861022
72	3.4893217585754392	0.24499999999046326	0.24270999999046325
73	3.487625218811035	0.24552000002861024	0.24311000002861022
74	3.4810598675537108	0.24836000000953673	0.24593999999523164
75	3.476549687652588	0.24884	0.24641
76	3.4714576446533205	0.24947999999046325	0.24657999999046326
77	3.470500672225952	0.25165000000953675	0.2487800000190735
78	3.462872190551758	0.2522	0.24929000000953674
79	3.460916870422363	0.2510700000190735	0.24793000002861024
80	3.451978374862671	0.2534499999952316	0.25025000001430514
81	3.4515445409393313	0.2513500000095367	0.24783000000953676
82	3.453107061004639	0.25347999999523163	0.24959999999523164
83	3.4478741812896727	0.25404	0.25
84	3.443982527923584	0.25266000000953676	0.24834999999523164
85	3.4394643381500245	0.25601	0.25160999999523165
86	3.4366420574188234	0.25584	0.25130000000953673
87	3.4292856003570558	0.25939999999046326	0.25469
88	3.430677533416748	0.2590800000286102	0.25382999999046324
89	3.424721257095337	0.26002000000953673	0.2546300000190735
90	3.4218226107788086	0.2594200000047684	0.2537500000047684
91	3.417729002304077	0.26125000000953674	0.25508000000953673
92	3.41649625793457	0.26223000001430513	0.2560000000143051
93	3.417121643295288	0.26371000000476835	0.2574500000143051
94	3.4136238328552246	0.26079000002861025	0.25432999999046324
95	3.4066617053985597	0.26115000000953675	0.25410000000953675
96	3.3994484952545165	0.2629499999952316	0.2557600000047684
97	3.4040854747009277	0.26427	0.25652
98	3.3961626721191407	0.26588000000953677	0.25758000000953674
99	3.396874080963135	0.26530000000953674	0.2565500000286102
100	3.385550491638184	0.26619	0.25781000000953674
101	3.36512413772583	0.2663300000143051	0.25712
102	3.3416945669555664	0.26594000000953677	0.2563999999952316
103	3.327140248260498	0.26722000000476837	0.25644000000476835
104	3.302781616439819	0.26996	0.25869000000953674
105	3.2816659845733644	0.26967000001430513	0.25854
106	3.259654031448364	0.26839000002861024	0.25724000002861025
107	3.247333197860718	0.27204	0.2598600000190735
108	3.225098509902954	0.27186	0.25845000002861024
109	3.205747473068237	0.27162000002861025	0.25788
110	3.189698328781128	0.27220000000953676	0.2584099999952316
111	3.1728466079711914	0.27218000000953674	0.2571800000095367
112	3.151999261856079	0.27375999999046324	0.2585900000190735
113	3.1347832009887697	0.27442999999046325	0.25870000000953675
114	3.12020573928833	0.27422000001430513	0.2575600000095367
115	3.1010705937194825	0.27472000001430513	0.25780000000953673
116	3.084146343688965	0.27637999999046325	0.25870999999046324
117	3.0643360500335692	0.27674000000953675	0.2584500000095367
118	3.044141312255859	0.27743	0.2591800000047684
119	3.0287590324401856	0.27839	0.25744000000476835
120	3.0115498304748534	0.2791499999952316	0.25795000000476836
121	2.9969925746917725	0.27916	0.2572500000047684
122	2.976555508804321	0.28015000000953677	0.2566700000190735
123	2.960910693740845	0.2807200000190735	0.2578800000286102
124	2.946012127304077	0.28158999999523165	0.25713
125	2.9280594854736326	0.2818399999904633	0.2566900000047684
126	2.913594040222168	0.28139000000953673	0.2552400000095367
127	2.8946902529144287	0.28218000000953675	0.25510999999046324
128	2.883699078826904	0.28270000001907347	0.2559600000047684
129	2.862885214614868	0.28469	0.25584000000476836
130	2.845671185455322	0.2843700000095367	0.25430000000953673
131	2.8321395232391358	0.28568999999046324	0.2550300000286102
132	2.816369807052612	0.28726000002861024	0.25572000000476836
133	2.804026756210327	0.2876600000190735	0.2550600000143051
134	2.786205491943359	0.2873900000286102	0.25255999999046325
135	2.7718623707580567	0.28734	0.25293999999523165
136	2.7595675758361815	0.28888000002861025	0.25148000000953674
137	2.740788590774536	0.28982999999046327	0.25252000001430513
138	2.7296443563079835	0.2881	0.2510000000143051
139	2.7143637143707275	0.2881600000190735	0.24908
140	2.700720481567383	0.2882000000095367	0.24895
141	2.685643082885742	0.2905599999904633	0.24912000002861023
142	2.6724338748168943	0.2909	0.24711
143	2.6560744950866697	0.29198000002861024	0.2484
144	2.639958201293945	0.29232000000953673	0.24625000000476838
145	2.6256764891052247	0.2942500000095367	0.24716000000953675
146	2.61342770904541	0.29302999999046325	0.24485000000953674
147	2.602516412887573	0.29297999999046326	0.24438000000953675
148	2.5900934547424317	0.29436000002861024	0.24453999999523163
149	2.574136528091431	0.2940899999952316	0.24166000001430513
150	2.5631806475830077	0.29657000001907347	0.24195
151	2.5477369964599608	0.29612999999046324	0.24119000001907348
152	2.5343328336334228	0.29774000000953676	0.24153000000476837
153	2.5283529673004153	0.2955499999904633	0.23916000000476836
154	2.5129123272705076	0.29868000000953676	0.2391500000190735
155	2.4990789764404298	0.29794999999523164	0.23682
156	2.4862176443481445	0.29903999999046327	0.23765000000476838
157	2.477079581985474	0.29975999999046327	0.23574000001430512
158	2.4575695449829102	0.30025999999046327	0.23493000000953673
159	2.4478673918914793	0.3010300000095367	0.23454
160	2.434497906036377	0.3010499999904633	0.23271
161	2.425129161529541	0.29967	0.23047000002861023
162	2.412925405426025	0.3021300000190735	0.23067000000953675
163	2.405385018234253	0.2999300000047684	0.22841000001430511
164	2.3896586654663086	0.30147	0.22869000001430512
165	2.3804548735809328	0.30290000002861023	0.22752
166	2.367538759689331	0.30255	0.22659
167	2.3568643048858644	0.30174999999046326	0.22535000002861022
168	2.343818061065674	0.30548000000953673	0.22602
169	2.336483585357666	0.3062700000047684	0.22391000000953673
170	2.3232104028320313	0.30541000002861024	0.22282999999523162
171	2.3115118057250976	0.3051900000095367	0.21995000000953674
172	2.299216526184082	0.3047400000095367	0.21881000000953674
173	2.293243474960327	0.30490000001907347	0.21912999999523164
174	2.2814951042938234	0.30721999999046323	0.21737000000476836
175	2.272955032196045	0.30531	0.21619999999523162
176	2.264186683807373	0.3069	0.21521999999046326
177	2.2517278925323487	0.30839999999046325	0.21494
178	2.2442075717926024	0.30617000000953676	0.21115000000953674
179	2.233273079986572	0.30752	0.21013999999523164
180	2.2204870150756837	0.30802	0.2096700000143051
181	2.211561853256226	0.30804999999523164	0.20947000000953675
182	2.202681762924194	0.30867000000953676	0.20665000000476838
183	2.1921998284912108	0.3086600000190735	0.20675999999523162
184	2.1823955798339845	0.30879999999046326	0.20532000001430512
185	2.1732144909667968	0.30774999999046326	0.20263
186	2.1655686067962647	0.3105000000286102	0.20283000000953674
187	2.1554137854003907	0.30807000000953677	0.20059999999523162
188	2.144932934036255	0.30967	0.19881999999523162
189	2.138225898361206	0.31051000002861023	0.19851999999523162
190	2.1280542247009278	0.3099300000190735	0.19621000000476838
191	2.1194995334625246	0.31093000000953674	0.19561000001430512
192	2.1136631351470947	0.30845999999046325	0.19398000000953675
193	2.105216019668579	0.3115999999904633	0.19332000000476837
194	2.0923394090270997	0.30852	0.1908800000143051
195	2.0839427857208253	0.31159	0.19109000000476836
196	2.0755392277526856	0.30959000000953674	0.18866000000953675
197	2.0697604699707033	0.3099800000286102	0.18684000001430512
198	2.0603505628204344	0.3121500000286102	0.18590999999523164
199	2.0549663174438475	0.30998000000953674	0.18401
200	2.0464823558807375	0.30984	0.18206000000953673
201	2.035026230773926	0.3108700000286102	0.18229999999523164
202	2.0298953526687624	0.31038000000953675	0.17998
203	2.023580740814209	0.31111	0.17952000001430513
204	2.0121857627105713	0.31212000002861023	0.17921000001430512
205	2.006548834686279	0.3117000000190735	0.1784500000143051
206	1.9989701752471924	0.3110700000095367	0.17471999999523163
207	1.9900377242279053	0.31146999999046326	0.17577000001430512
208	1.9821616219329834	0.31100000001907346	0.1738
209	1.9736784943389893	0.3135200000095367	0.1735300000143051
210	1.9666970093536378	0.31222	0.17188000001430512
211	1.9596027563095093	0.3116400000190735	0.17132000000476838
212	1.951543967514038	0.31288999999046324	0.17097999999523164
213	1.9446346321868897	0.31248999999046323	0.16882
214	1.9356661463928222	0.31075000002861025	0.16727999999523163
215	1.9287627993392944	0.31243000000953675	0.16861000000476836
216	1.9213967086791992	0.31221000000953675	0.16686
217	1.915372762069702	0.3121200000190735	0.16628999999523164
218	1.9071680934143067	0.3116500000286102	0.16391000000953673
219	1.8980889852905274	0.3096	0.16317000001430512
220	1.8944126025390624	0.3121100000286102	0.16271000000476837
221	1.8848630088043212	0.31235999999046327	0.16306
222	1.8764721381378173	0.31123000000476836	0.16247000000476838
223	1.8675962522888183	0.31045	0.15999000000953675
224	1.8634299140167236	0.3110100000190735	0.15958999999523163
225	1.857090821456909	0.31122	0.15915000001430513
226	1.8497152921295166	0.31323999999046326	0.15857
227	1.8406781245803834	0.31122000000953676	0.15846999999523162
228	1.8340417936325073	0.3091500000190735	0.15539
229	1.8276855411148072	0.31096999999046326	0.15640000000476836
230	1.8205704694366456	0.31244999999046325	0.15605000000953675
231	1.8150198139190674	0.31016	0.15558000000476838
232	1.8086188053512573	0.3112100000190735	0.15478
233	1.799420784225464	0.3123800000190735	0.15482000000715257
234	1.7959165456008912	0.31102000000476837	0.15286000000476838
235	1.7862259593582153	0.31040999999046326	0.1528199999976158
236	1.7778613396453857	0.3093500000095367	0.15243000000476836
237	1.7743593070602417	0.30966000000953675	0.15123000000953674
238	1.7673413607788087	0.30886	0.15027999999523162
239	1.7590522025299071	0.3091100000286102	0.14943000000953674
240	1.7524929906082154	0.31117	0.15032999999761582
241	1.7458102281188965	0.31015	0.1493900000143051
242	1.738597445678711	0.30960999999046324	0.14872
243	1.7355881832885742	0.31073000000953677	0.14790000000715256
244	1.7257828309249879	0.30629000000953677	0.14735000000953674
245	1.723004163131714	0.3090200000095367	0.1462200000143051
246	1.7144126637649537	0.30829999999046326	0.14642000000476837
247	1.7059029302215576	0.3091900000095367	0.14746000000476836
248	1.701720788116455	0.30797	0.1452000000143051
249	1.6901975522994994	0.30570000002861025	0.14530000000476836
250	1.685924296913147	0.3066599999904633	0.14387000000476838
251	1.6782954753112793	0.3066800000143051	0.14401000000238418
252	1.676151354484558	0.30797000002861025	0.1426700000023842
253	1.6686069078063965	0.3072100000286102	0.14256000000476837
254	1.661369097366333	0.3065200000095367	0.14375000000476837
255	1.6535674102020264	0.30605	0.14312000000476838
256	1.646455507659912	0.3057400000095367	0.14181
257	1.6412238848114014	0.3066	0.14221000001430512
258	1.6343372863388061	0.3052399999952316	0.1413400000023842
259	1.6290216891098022	0.30487999999523163	0.14125999999761582
260	1.6237167862701416	0.30429	0.13967
261	1.619050401916504	0.3065200000190735	0.1399500000143051
262	1.6104756175613404	0.30507	0.14077000000476836
263	1.6062637424087525	0.3041	0.1395900000143051
264	1.600420601158142	0.3064700000190735	0.14026000000953676
265	1.5923903647613524	0.30468000001907347	0.13950000001430513
266	1.586241077194214	0.30368000001907347	0.1400100000143051
267	1.579844943008423	0.30436	0.14012000000476837
268	1.5717315062332153	0.30222999999046324	0.1388700000143051
269	1.5656165612030029	0.30152000002861024	0.1386
270	1.562655419769287	0.30357999999046326	0.13700000000476836
271	1.5540057173919677	0.3027100000190735	0.13821
272	1.5496295035171508	0.3033200000286102	0.13794000000476836
273	1.5444119388580322	0.3019899999904633	0.13801
274	1.5413725232315063	0.30378999999046324	0.1380700000143051
275	1.529828123435974	0.3006500000047684	0.13670000000476837
276	1.525843913154602	0.30031000002861025	0.13598
277	1.5197060855865479	0.30067999999523165	0.13698000000476837
278	1.5163328628921509	0.30154000000953673	0.13669000000953674
279	1.5083502673339844	0.30033000000953675	0.13586000000715256
280	1.5011032397460937	0.29984999999046325	0.13633
281	1.4965622199249267	0.29974	0.13468000000476837
282	1.493018452758789	0.3010300000190735	0.13609
283	1.4861053748321533	0.3001800000286102	0.13592000000953675
284	1.478847651786804	0.29920999999046327	0.1351
285	1.4716669485473632	0.29842000001430513	0.13607000000715255
286	1.4677118294525147	0.2979200000190735	0.13422000000476836
287	1.462815803527832	0.2989000000286102	0.13376999999523162
288	1.4557510000991822	0.2978600000095367	0.13413000000476838
289	1.4529898906326293	0.3004000000286102	0.13491000001430511
290	1.4437006272125243	0.29766	0.13440999999523162
291	1.4404189957427977	0.29874000001907347	0.1356
292	1.4333054194641113	0.29764000002861024	0.1351899999976158
293	1.4277067485046386	0.2963800000143051	0.1321999999976158
294	1.419899771118164	0.2961699999904633	0.13453000001430512
295	1.4167957637405395	0.29523	0.13228999999761581
296	1.4121903672409057	0.29584000000953675	0.13349000000953673
297	1.4059031595230103	0.29490000001907346	0.13342000001430512
298	1.4019334875106813	0.2961500000190735	0.13422000000953674
299	1.3942387899017334	0.29538999999523163	0.1332499999976158
300	1.3909757084655763	0.29397999999046326	0.13212000000953675
301	1.3842069904327392	0.2930400000190735	0.1314300000023842
302	1.3804852579116822	0.2933	0.13382999999523162
303	1.3732676797485353	0.29367000000953675	0.1348200000143051
304	1.3677595890045167	0.29356999999523165	0.13347000000476839
305	1.362167812538147	0.2925600000286102	0.13333000000476838
306	1.3554645630264281	0.2921700000286102	0.13271
307	1.3496634083557129	0.2900700000286102	0.13178999999761581
308	1.3467892887878419	0.29272000000953674	0.13307000000715255
309	1.3399882684326172	0.29184999999046324	0.1342800000023842
310	1.3376878977966309	0.29273	0.1321499999976158
311	1.3295652658462525	0.28946000000953676	0.13336000000476836
312	1.3276786235046387	0.29229000001907346	0.13259000001430513
313	1.3168219888305663	0.2901100000190735	0.13334000001430513
314	1.314129230194092	0.28988000000953673	0.13200000000476836
315	1.307773441963196	0.28949	0.13376000000476837
316	1.305173508453369	0.2889100000286102	0.13169000001430511
317	1.2997393376541138	0.28945	0.13375
318	1.2953603491210937	0.28987999999046327	0.13389000000476836
319	1.2890781240844726	0.2897799999904633	0.13406999999761582
320	1.2841829669189453	0.28808999999046325	0.1343500000143051
321	1.2780649827575683	0.2869900000190735	0.13369000000238418
322	1.2720401056289672	0.28634	0.13358000000476838
323	1.2653190943145751	0.2863500000286102	0.1335899999976158
324	1.2624707111358642	0.28627000000953673	0.13333
325	1.258592473564148	0.28592000000476836	0.13249000000476838
326	1.2514723110580444	0.2857100000095367	0.13376999999761582
327	1.248226683769226	0.2863299999952316	0.13364
328	1.2432464712142943	0.28638000000953673	0.13425000000476836
329	1.2374960911560058	0.28575000002861023	0.13251999999761582
330	1.2331205619049073	0.2853300000047684	0.13297000000476838
331	1.2290328926849365	0.28631	0.13393
332	1.2233854439163208	0.28556999999046323	0.13371
333	1.2167705835723877	0.28364000002861023	0.13389999999761582
334	1.2138268664169312	0.2847300000286102	0.13370999999761582
335	1.2077441144561767	0.28301999999046323	0.1333200000143051
336	1.2042680728912354	0.28509000000953677	0.1336200000023842
337	1.196192105407715	0.2829799999952316	0.13401999999761582
338	1.1924397190475464	0.2828	0.13543
339	1.1890277767181396	0.2835900000190735	0.13497000000476836
340	1.1857244952774049	0.28439999999523163	0.13458000000715256
341	1.1773374782562256	0.2821700000047684	0.13407000000476837
342	1.1748080648803712	0.2829899999952316	0.13475999999523164
343	1.1678374200820922	0.28093000002861024	0.1343699999976158
344	1.165372057876587	0.28147000001907346	0.13438
345	1.1608057553863524	0.2811000000095367	0.1346
346	1.156099546661377	0.2818400000286102	0.13430000000476838
347	1.152931880455017	0.28117000000953674	0.13391000000476838
348	1.1469435126495362	0.27994	0.13412000000953675
349	1.1411248844146729	0.2811699999952316	0.13620000001430513
350	1.1368740089797973	0.28042000001907347	0.13521000000476838
351	1.1329029746627808	0.27952999999523165	0.13487
352	1.129501933784485	0.28063999999523165	0.13519000000476838
353	1.1226017045593262	0.2786800000286102	0.13517
354	1.1188223122406007	0.27799999999046326	0.13482000000476838
355	1.1144841037368773	0.2800900000143051	0.13598000000715255
356	1.109724056625366	0.27811000000953673	0.13500999999761581
357	1.1048586154174804	0.2776000000095367	0.13417000001430512
358	1.1007834817123414	0.2785800000143051	0.13535
359	1.0955812034225463	0.27746999999046323	0.13504999999523162
360	1.089105128517151	0.27642	0.13643000000476838
361	1.0877758893203735	0.27660999999046326	0.1353
362	1.0844510425186158	0.27749999999046326	0.13566000000953674
363	1.0798128114318848	0.27702999999046324	0.13440000000476837
364	1.0742862828445434	0.27542	0.13474000000953673
365	1.0683397682571412	0.27592999999046325	0.13702000000953674
366	1.0659628309631348	0.27576	0.13548000000476837
367	1.0618869959259034	0.27613	0.13677000000476838
368	1.0548258088684082	0.27367	0.13535
369	1.0523824334716796	0.27600000002861025	0.13674
370	1.0484196140289306	0.2753900000047684	0.13663000001430511
371	1.0419452695846558	0.27328000001430514	0.13676000000476837
372	1.0397986193084716	0.27325000000953675	0.13504999999523162
373	1.0352596047210694	0.27494999999046327	0.13724000000476838
374	1.029375072593689	0.27165000001907347	0.1362900000143051
375	1.0306850976943969	0.2737800000190735	0.13540999999761583
376	1.0251016588973998	0.274	0.1358299999976158
377	1.0181025549316407	0.2724600000190735	0.13682000000476838
378	1.016238561553955	0.27436	0.13797000000476836
379	1.0123173357009887	0.27220000000953676	0.13526000000953675
380	1.0064234029388428	0.27298000000953676	0.13727
381	1.0019622177886962	0.27238000002861024	0.1371899999976158
382	0.9995112538909912	0.27244999999046327	0.13614000000953674
383	0.995632022151947	0.27286999999046324	0.13712999999523162
384	0.9917805643844605	0.27135	0.1363299999976158
385	0.9853266223716736	0.27076000001907347	0.13698000000953675
386	0.9841308797454834	0.27160999999046326	0.13645999999761582
387	0.9799267646217347	0.2719700000143051	0.1367799999976158
388	0.9754092207336426	0.27128	0.13698
389	0.9711295091056824	0.27120000000953676	0.13754
390	0.9677852257156372	0.27142999999046324	0.13803000000715257
391	0.9631547291564941	0.27026000000953676	0.13702999999523163
392	0.9595812437820435	0.27082000000953677	0.13832999999523163
393	0.9549139018821716	0.27018000000953674	0.1383899999976158
394	0.9520373718643188	0.26889000001430513	0.1375799999976158
395	0.947028971118927	0.2694600000190735	0.13855
396	0.9436159280395507	0.26893000001907347	0.13885000000953673
397	0.9398029544258117	0.26867	0.13823
398	0.9372344416999817	0.2695600000095367	0.13855
399	0.9321074935340882	0.26848000000476835	0.13810000000476838
400	0.9312515745925903	0.2695200000286102	0.13778000001430513
401	0.9281548049926758	0.2693300000190735	0.13678
402	0.9208883191871643	0.26753000000953675	0.13791999999523163
403	0.9176969704437256	0.2677800000190735	0.13886000001430512
404	0.9134134343910217	0.2675000000095367	0.13929000000953673
405	0.9109316528511048	0.2663500000190735	0.13728
406	0.9062263123130798	0.26721	0.13850000000715257
407	0.904328095626831	0.26861	0.13920999999523162
408	0.8991477379989624	0.26713	0.13871000000953673
409	0.8968610105133057	0.2681800000190735	0.13972000001430512
410	0.893722437953949	0.2676900000143051	0.13904
411	0.8906975596237182	0.26769999999046323	0.1392900000143051
412	0.8816862913703919	0.26476	0.13940000000476838
413	0.8825528017044068	0.26663000000953674	0.13989999999761582
414	0.878383762626648	0.26605	0.13851999999523162
415	0.875930214252472	0.26693	0.13977
416	0.8720481218910218	0.26658	0.1397699999976158
417	0.8680072603225708	0.2656900000047684	0.13865000000715255
418	0.8636471015930176	0.2657	0.1399000000143051
419	0.8602573526573181	0.26564	0.14026000000953676
420	0.8595951174354554	0.2658	0.1383100000143051
421	0.855357818069458	0.26683000000476836	0.14088
422	0.8511662499809265	0.2645700000190735	0.13931999999523162
423	0.8449387461662292	0.26328	0.13933999999523164
424	0.8413319912338257	0.26257000002861025	0.14010000001430511
425	0.8389705408287048	0.26293000001907346	0.1400900000143051
426	0.8396434221076965	0.26415	0.13922
427	0.8319729362297058	0.26363000002861026	0.14146000000476838
428	0.8311320955467224	0.26367	0.1404099999976158
429	0.8249966970252991	0.2608600000047684	0.13978000000476837
430	0.8250913537597656	0.26372	0.13999000000953674
431	0.8224974109649659	0.26344000000476836	0.14021
432	0.8182686675834656	0.2624100000047684	0.14024000000476838
433	0.8154644313430787	0.26297999999523164	0.1408599999976158
434	0.8100129895973206	0.26143999999523165	0.13996000000476838
435	0.8082751723670959	0.26165000000953675	0.13974
436	0.8053480424118042	0.26216999999046325	0.1406299999976158
437	0.8037126376342774	0.26321	0.13971000000476838
438	0.7991394488525391	0.2623099999904633	0.14051999999523163
439	0.7954049940490723	0.26211000002861023	0.14046000001430511
440	0.7940485520362854	0.26252000000953674	0.14094
441	0.7917159765815734	0.26226	0.13931000000953675
442	0.7871099739837647	0.2610899999904633	0.14014000001430513
443	0.7831244514083863	0.2607700000286102	0.14081000000953675
444	0.7828535221099854	0.26197999999046323	0.13959
445	0.7761730806350708	0.26009000000953675	0.14126
446	0.7735754065322876	0.26031999999523164	0.14095
447	0.7718642655181884	0.26170000000953675	0.14168000000238418
448	0.7670160301971436	0.26007000000953673	0.14097999999761582
449	0.7658951842498779	0.2616199999952316	0.1409700000023842
450	0.7624327570152283	0.25962999999046327	0.14052
451	0.7603748170089721	0.2611	0.14184
452	0.7556115664863586	0.25834999999046326	0.1410199999976158
453	0.7531670339393616	0.2594699999904633	0.14209999999761583
454	0.7507540670013427	0.25885	0.14019
455	0.7473509776306152	0.2591700000095367	0.14093
456	0.7457553415679932	0.2594700000047684	0.14110000000238418
457	0.7425167207145691	0.25940000000476837	0.1407999999976158
458	0.7396696306037903	0.25921000001907346	0.14194999999523164
459	0.7363028344726562	0.25861000001907347	0.14197999999523161
460	0.734353601284027	0.25892	0.14094
461	0.7320690229415894	0.2590800000286102	0.14095000000476837
462	0.7299546364593505	0.25875999999046323	0.14041000000953674
463	0.7237801043319703	0.2577999999952316	0.14204000000476838
464	0.7231471490097046	0.25883000000953676	0.14189999999523162
465	0.7198464209747314	0.25872000001907347	0.14234000000953675
466	0.7152390852165222	0.2568599999904633	0.14164999999523162
467	0.7159981919860839	0.25973000002861024	0.14193000000476838
468	0.7107638334465027	0.2586400000190735	0.14287000000953673
469	0.7081134297180176	0.2570300000143051	0.1413100000143051
470	0.7064476177406311	0.25783000000476836	0.1416800000143051
471	0.7037242914962769	0.2572800000143051	0.14211999999761582
472	0.7027037562370301	0.2585700000190735	0.14207000000476838
473	0.6999003669548035	0.25775999999523164	0.14132
474	0.694410520439148	0.2561299999952316	0.14228
475	0.6938293468475342	0.25747000000953674	0.14225000000476837
476	0.6916699322891235	0.25786999999523164	0.14225000000715254
477	0.6881822371101379	0.25606000000953677	0.14189000000476837
478	0.6847025287628173	0.2569800000047684	0.1424200000143051
479	0.6839699902153015	0.2557600000190735	0.14144000001430512
480	0.6810757744979858	0.25605	0.14063000000953674
481	0.6778409472465515	0.25704	0.14273000000476838
482	0.6748407678985596	0.25663000000953673	0.1420600000143051
483	0.6735655292892456	0.25616	0.14168000000953673
484	0.6699871570968627	0.2557800000190735	0.14216
485	0.6686631193161011	0.25618000001430513	0.14227000001430512
486	0.6645621044158936	0.25529000000476837	0.14230999999761582
487	0.6653284648895263	0.25640000000476837	0.14114000000476837
488	0.6601460639953614	0.2559100000047684	0.1428700000143051
489	0.6590852982902526	0.2557600000047684	0.14240000000476838
490	0.6552218418312072	0.2547900000095367	0.14164999999523162
491	0.6535715589523315	0.2558000000047684	0.14207000000476838
492	0.6481999131965637	0.25525000000953674	0.14430000001430512
493	0.6499114934539795	0.25602000002861025	0.14223
494	0.6456045679855347	0.2554099999952316	0.14294
495	0.6440360538101196	0.25479000002861024	0.14239000000476837
496	0.6413170767593384	0.2548800000143051	0.14235999999523163
497	0.6383111489486695	0.2554500000143051	0.14394
498	0.6367745496177674	0.2545	0.1431599999976158
499	0.6344296563720703	0.25456999999046326	0.14350999999761582
500	0.631917238330841	0.2546499999904633	0.14383000000953675
501	0.628077958984375	0.25429	0.14385
502	0.6243471343421936	0.25250000000476835	0.1437999999976158
503	0.6222232365989685	0.25357999999046327	0.14429999999523163
504	0.6223965921020508	0.2548800000286102	0.14401000000476838
505	0.618648415222168	0.2539800000143051	0.14462000000357628
506	0.6174776081466675	0.25526	0.1444500000143051
507	0.6141680974769592	0.2538699999904633	0.14475000000953675
508	0.6106559743881226	0.25375	0.14503999999523162
509	0.6081670137405395	0.25304000000953675	0.1452699999976158
510	0.6081280552864075	0.2543300000143051	0.14469
511	0.6018071413993835	0.25224000001430513	0.14539
512	0.6019404224205017	0.25344000001907346	0.14553
513	0.6001536912155151	0.2537499999952316	0.14527999999523164
514	0.5960525830459594	0.25376000000953675	0.14732
515	0.5937867684173584	0.2533	0.14732
516	0.5904175362014771	0.25346000001430513	0.1473900000143051
517	0.5895219332313537	0.25397999999523163	0.1469500000143051
518	0.5868906182098389	0.25333999999046325	0.14771000001430512
519	0.5844439222335815	0.2529699999952316	0.14716000000953675
520	0.581369970703125	0.2525399999904633	0.14791
521	0.5811368000030518	0.25424000002861025	0.14786000000476837
522	0.5792077160644531	0.2519699999952316	0.14632000000953674
523	0.5770856964111328	0.25400000000953676	0.14818000000953674
524	0.5729220243072509	0.25307000002861024	0.14889
525	0.5721525532913208	0.2533700000190735	0.1476
526	0.5703983902740478	0.25363000001430513	0.14763000001430512
527	0.5685176858139038	0.2550200000190735	0.14967000000476838
528	0.5621579479598999	0.25109000000953674	0.14880000001430513
529	0.5653834292984009	0.2535099999952316	0.14736999999761582
530	0.5621711126708985	0.25438000000476835	0.14939
531	0.5571227408027649	0.25266000000953676	0.15079000000476836
532	0.5588062555599212	0.2542700000143051	0.14987000000953674
533	0.5545759286308288	0.25332	0.1500600000143051
534	0.5514781757545472	0.2532100000286102	0.15163999999523162
535	0.5502657040214538	0.25256000000953677	0.15002999999523162
536	0.5473318382263184	0.2521499999904633	0.15076999999523163
537	0.5461707851409913	0.2535699999952316	0.15126000001430512
538	0.5404931412696838	0.2513200000047684	0.15227999999761582
539	0.5420286236953735	0.2529500000143051	0.15072999999761583
540	0.541799372844696	0.25438000000953676	0.15090000000953674
541	0.5375852233505249	0.25257	0.15227
542	0.5373085721206665	0.25434999999046326	0.15216000000953675
543	0.5335192708396912	0.25198999999523164	0.15144999999523162
544	0.530849069442749	0.2527600000190735	0.1528900000143051
545	0.5310896714591979	0.25378	0.15248000001430512
546	0.5286060527229309	0.25252	0.15117000000953673
547	0.5271960293579101	0.2537100000286102	0.15268999999523164
548	0.5241497722816467	0.25324999999046327	0.15377999999523162
549	0.5213446134185791	0.25270999999046323	0.15298999999523163
550	0.5206173155212402	0.25391000001430514	0.1544400000143051
551	0.5180598416900635	0.25250999999046325	0.15304999999523164
552	0.515381476984024	0.25169000001430514	0.15319999999761583
553	0.5150476131820678	0.25340999999046326	0.15401000001430512
554	0.5131990946578979	0.25378000001907347	0.15490999999523164
555	0.5121995653915405	0.25412000000476836	0.15458000000476838
556	0.508531638584137	0.2530200000190735	0.15486
557	0.5078820777702332	0.25407000000476837	0.15527000000953675
558	0.5062354719924926	0.25395000000953677	0.15436000000476838
559	0.5053937794113159	0.25473999999046326	0.15525
560	0.5030693529891967	0.25395	0.15443999999523164
561	0.4995252841186523	0.25377999999046325	0.15643000001430513
562	0.4975494591522217	0.2532900000095367	0.15529000000476836
563	0.4947949102783203	0.25167999999046325	0.1553000000143051
564	0.4940081148529053	0.25223000000476836	0.15500000000953673
565	0.49214960227012633	0.25320000000953674	0.15672999999523163
566	0.4914087142753601	0.25370000000953674	0.15606
567	0.487852259645462	0.2528100000047684	0.1568199999976158
568	0.48717983936309817	0.25283999999046325	0.15589999999523163
569	0.4867732895469665	0.2547900000095367	0.15751
570	0.483323787021637	0.25272000000953676	0.15713
571	0.48112941398620607	0.25287999999046323	0.15750999999523163
572	0.48005104290008543	0.25307000000476837	0.15679999999523161
573	0.47792497716903687	0.25287999999523164	0.15792000001430512
574	0.4771901727104187	0.25348000000953674	0.15784000001430512
575	0.47470688977241515	0.2534100000190735	0.15852
576	0.47347060722351075	0.2537000000286102	0.15831000001430512
577	0.47208506996154787	0.25451000000476837	0.15967000001430512
578	0.47005239376068114	0.25262	0.15744999999523163
579	0.4664022431373596	0.2530200000047684	0.15961999999523163
580	0.4680893922519684	0.2539800000047684	0.1581300000143051
581	0.4651725006484985	0.2537100000190735	0.15929
582	0.4630083279800415	0.2525800000190735	0.15913000000953675
583	0.46259254316329956	0.25410000000953675	0.15858999999523163
584	0.45986038663864137	0.25347	0.16028000001430512
585	0.4581785798072815	0.25388999999523165	0.16107999999523162
586	0.4559671425628662	0.25381999999046323	0.16082999999523162
587	0.45430986564636233	0.25322000000953676	0.1597200000143051
588	0.45449069555282595	0.25407000001430513	0.16014000001430512
589	0.4514308309173584	0.25327000000953676	0.15963
590	0.4516671043395996	0.25436	0.16061000001430512
591	0.4494745351982117	0.25427	0.1613200000143051
592	0.4488720136833191	0.2555200000190735	0.16217000001430512
593	0.44671631418228147	0.25415000000953675	0.16126999999761582
594	0.4442176414680481	0.25332000000953675	0.16077000000476838
595	0.44148816661834717	0.25260000000953675	0.16092
596	0.44146257294654845	0.25338000000476835	0.16149000000476837
597	0.4403758475112915	0.25402000002861025	0.16137000001430513
598	0.43755099525451663	0.2537500000143051	0.16227
599	0.43689856218338013	0.2532500000143051	0.16202999999523163
600	0.4366495273399353	0.2541400000143051	0.1615099999976158
601	0.43175043051719664	0.2527100000286102	0.16208000000953673
602	0.4341758900260925	0.25531	0.16284999999761582
603	0.42864492059707643	0.25300000000476836	0.16247999999523163
604	0.43106981341362	0.2552000000190735	0.16335
605	0.43032342811584473	0.2558200000143051	0.16313000000953673
606	0.42735172830581664	0.2548300000286102	0.1626699999976158
607	0.42451928956985474	0.25405999999523166	0.164
608	0.4244963211250305	0.25485	0.1631500000143051
609	0.42209555298805235	0.2538099999952316	0.16291
610	0.4207927084445953	0.25382999999523165	0.16406000000953674
611	0.4184175893974304	0.25423	0.16423000001430513
612	0.41803928082466124	0.25448	0.16503000000953674
613	0.415829046049118	0.25327000000476835	0.16354000000953675
614	0.4140688084793091	0.25331	0.16426999999523162
615	0.4125367093849182	0.2543100000047684	0.1654600000143051
616	0.4134069179534912	0.25440999999046326	0.16398000000476837
617	0.4083923753738403	0.25258	0.16535000000476838
618	0.4089246806716919	0.25389000002861023	0.16529000000953675
619	0.40882317219734193	0.25471000000953675	0.16469000001430512
620	0.4087397459983826	0.25564999999523164	0.16574
621	0.40381419118881223	0.25338000000953675	0.16637
622	0.40420508518218995	0.2544600000190735	0.16533
623	0.4035907493114471	0.25464000000953674	0.16488000000476838
624	0.40073048040390014	0.25474000001430513	0.16606000000476837
625	0.3994752188682556	0.2540200000047684	0.16628
626	0.39887849100112915	0.2546900000190735	0.16617
627	0.3947142348575592	0.25327999999523165	0.16715000000476837
628	0.3955894446563721	0.25442999999046323	0.16756
629	0.39484900671005246	0.25488	0.16758000000953674
630	0.39409008271217344	0.2553600000190735	0.16804000000953676
631	0.394433231754303	0.25616	0.16747
632	0.3943605511188507	0.2569200000143051	0.16704000000715255
633	0.3901992880153656	0.25444	0.16671
634	0.3890405494594574	0.25571000000953675	0.16864000000476836
635	0.3876178927707672	0.2546100000143051	0.16693
636	0.3875202473068237	0.25467	0.1669900000143051
637	0.3855661971855164	0.2553600000143051	0.16771000000476838
638	0.3825424328231812	0.2543599999952316	0.16867000000476837
639	0.38202338830947874	0.25424	0.16696000000476838
640	0.3817077515220642	0.25535	0.16914000000953675
641	0.38025598985672	0.25526999999523164	0.16879
642	0.38195957662582397	0.2568399999952316	0.16816
643	0.37702849353790285	0.25429000002861024	0.16940000000953676
644	0.37579587496757505	0.25527000000476835	0.16989000001430513
645	0.37615183427810667	0.25543	0.16851000000476837
646	0.37445276399612426	0.2557	0.16919000000953674
647	0.3735345186233521	0.25589	0.17028
648	0.3727890308189392	0.2570500000143051	0.17098000000953675
649	0.3718033882045746	0.25688000000953676	0.17019000000953674
650	0.369578497467041	0.25558	0.16988000000715256
651	0.3687559258842468	0.25599000000953676	0.16987999999523162
652	0.3674238979911804	0.25618000002861024	0.16992000000953675
653	0.3664356745433807	0.25606	0.17039000001430513
654	0.36322564733505247	0.25410000000953675	0.17106000000953675
655	0.362454341878891	0.25521999999523165	0.17124
656	0.3635964582157135	0.25666000000953676	0.17152000000953674
657	0.36230015058517456	0.2567499999952316	0.17093
658	0.35977057841300963	0.25635	0.17294000000715257
659	0.3600676265525818	0.25556	0.1704500000143051
660	0.35678663974761965	0.25597000002861026	0.17244
661	0.35466618816375733	0.25421000000476834	0.17113
662	0.35515686354637144	0.2564100000047684	0.17243000000476838
663	0.3577032094860077	0.25834	0.17253000000476837
664	0.352715204372406	0.256	0.17350000000953675
665	0.3522604702949524	0.25610000000953675	0.1727800000143051
666	0.35351196409225466	0.25773000000476837	0.17307000000953673
667	0.3510751268386841	0.25637	0.17271
668	0.34876889780044557	0.25563000000953673	0.17157999999523163
669	0.3488321869277954	0.25689000000953677	0.17361000000476837
670	0.34620112337112424	0.25615000000953675	0.1736500000143051
671	0.3467875957489014	0.25669000000953673	0.17274999999523163
672	0.3446432225894928	0.2566200000143051	0.17331999999523162
673	0.34465003677368167	0.25716999999046325	0.17447000000476837
674	0.3421311728858948	0.25664	0.17426000000476838
675	0.34201561531066893	0.25713	0.17445000000476837
676	0.33897976970672605	0.25464000000953674	0.17414999999523162
677	0.34199617500305174	0.25852000000953673	0.17473999999523163
678	0.3402293082618713	0.25808	0.17530000000953674
679	0.33962053471565246	0.2576699999952316	0.17449000000476836
680	0.3377987631416321	0.2573200000190735	0.17405000000476836
681	0.3356818061733246	0.2569500000143051	0.17496999999523163
682	0.3370455960559845	0.2584200000190735	0.17542
683	0.3344371175765991	0.2583399999952316	0.17659999999523163
684	0.33309632628440855	0.25715999999046324	0.1750600000143051
685	0.33348470627784726	0.25769	0.17510000000953674
686	0.3327789947414398	0.2580300000286102	0.17555999999523164
687	0.32930222765922545	0.2560900000190735	0.17580000000476836
688	0.3293824010658264	0.25759	0.17537000000476838
689	0.32964807594299317	0.2587300000190735	0.17676000000476838
690	0.32921300289154054	0.25929999999046327	0.17685
691	0.32721428449630735	0.2584000000095367	0.17681000000953676
692	0.32601246499061587	0.25806999999046326	0.17695999999523163
693	0.32461192794799804	0.25837999999523165	0.17776
694	0.32373925164222717	0.2586700000095367	0.17771
695	0.3205804011440277	0.2571700000190735	0.17810000001430512
696	0.3216225676345825	0.25816000001907347	0.17804
697	0.32078316314697264	0.25837999999046324	0.1785000000143051
698	0.3192853540802002	0.25790999999046327	0.17846000000476836
699	0.31828598932266233	0.2581200000095367	0.17813000000476836
700	0.31852298444747923	0.25832000000953675	0.1777200000143051
701	0.31755952611923216	0.2591700000095367	0.17944
702	0.31707936325073244	0.25876	0.17750000000953675
703	0.31640735858917235	0.2589600000047684	0.17898000000953673
704	0.3129458926296234	0.2578500000047684	0.17973
705	0.3139594296836853	0.25923000002861024	0.17991000000953675
706	0.31344172887802124	0.25848000000953675	0.17829000001430512
707	0.31247595457077026	0.2596600000286102	0.17940999999523163
708	0.3102229076385498	0.25827000000476835	0.17936000000476837
709	0.3108063248729706	0.25900999999046326	0.17890000001430512
710	0.309111560049057	0.25843000000476835	0.18021000000715257
711	0.3071734524154663	0.25861999999046326	0.18078000000953676
712	0.3061038317489624	0.25814999999046323	0.17983999999523162
713	0.30845539638519287	0.25965000000953675	0.17929000001430512
714	0.30626572719573975	0.2592300000095367	0.17982999999523164
715	0.30553257764816283	0.25961000000476836	0.18010000001430512
716	0.3063495157241821	0.26071999999523165	0.1814400000143051
717	0.3046778448867798	0.2607600000286102	0.18182999999523164
718	0.3030546763038635	0.25972000000953677	0.18075999999523162
719	0.3024388397216797	0.26052999999523163	0.18135000000476836
720	0.3038578980445862	0.2619000000047684	0.1819700000143051
721	0.2996024945735931	0.25975000000953674	0.18227000000953675
722	0.29886416812896727	0.2597900000190735	0.1817200000143051
723	0.30062523025512694	0.26062999999046327	0.18148000001430512
724	0.2969003835964203	0.26001	0.18260000000953674
725	0.29856263952255246	0.2618100000047684	0.18359000000476838
726	0.29727213866233826	0.25977	0.18154000000476836
727	0.29441392762184143	0.26060000000953676	0.18414999999523163
728	0.2938129842376709	0.26008999999523164	0.18348000000953674
729	0.29421476577758787	0.2607899999952316	0.18282000001430512
730	0.29322418581008913	0.26043000001907346	0.1830800000143051
731	0.2911952177619934	0.2607	0.18487000000953674
732	0.2913900198173523	0.2611	0.18421
733	0.291349656829834	0.26082000000953676	0.18295000000476838
734	0.29079956056594847	0.2613700000190735	0.1833
735	0.2903211678981781	0.26176000000953675	0.18394999999523162
736	0.28962015387535095	0.26148	0.18347999999046324
737	0.2885502572631836	0.26253999999523164	0.1855000000143051
738	0.28678644714355467	0.26065	0.18415000000476836
739	0.2864701187992096	0.2610900000143051	0.18427000000476837
740	0.28500554473876955	0.26048999999046324	0.1847
741	0.28552780858039856	0.2612799999952316	0.18457999999523164
742	0.2839879599905014	0.2615000000143051	0.18630000000476837
743	0.2836406103610992	0.26215000000953675	0.18584000001430512
744	0.2847489678859711	0.26317000000476837	0.18538
745	0.2816915566253662	0.26103000000953674	0.18540000000953674
746	0.28179953545570374	0.26236999999523164	0.18549000000953675
747	0.2787057117843628	0.26129	0.18638
748	0.2808271185207367	0.26191000000953674	0.18496000001430513
749	0.2798381970214844	0.26193	0.18467000000953673
750	0.27787704069137575	0.2620400000286102	0.18613000000476837
751	0.2785615502643585	0.26256	0.18583999999046324
752	0.27793466678619383	0.26300999999046326	0.18649
753	0.2763806628513336	0.26143000000476835	0.18621999999523162
754	0.27585683320999144	0.26337999999523165	0.1877
755	0.2748318828201294	0.26163000000953673	0.18612000001430512
756	0.2737022059249878	0.2618000000143051	0.18666999999523162
757	0.27535440547943113	0.26345	0.18718000000953675
758	0.27585689430236815	0.26446000000953673	0.18763000000476837
759	0.2731059713459015	0.26321000000953676	0.18691999999523162
760	0.2725791839790344	0.2632900000047684	0.18888000000953675
761	0.27178673041343687	0.26344	0.18768999999523162
762	0.26961759053230283	0.2623599999904633	0.18792000000476838
763	0.26953845551490785	0.26254999999046325	0.18761000000476838
764	0.26907553104400633	0.26294000000476836	0.18878000000953674
765	0.26804894379615785	0.26393	0.18958000000476838
766	0.26744536931991575	0.26231999999523165	0.1868500000023842
767	0.26674903570175174	0.2629000000095367	0.18896999999523162
768	0.26909219789505007	0.26481999999046324	0.18832000001430513
769	0.2662166984939575	0.26431999999046324	0.18969
770	0.26404619652748107	0.2625900000286102	0.18923999999523164
771	0.2659144053077698	0.26488999999046325	0.19014
772	0.2652818474006653	0.2641100000190735	0.18918000000476837
773	0.2644269742965698	0.26465000000953676	0.18949999999046327
774	0.2649019235467911	0.26524000000953674	0.18937999999523164
775	0.26294139842987063	0.26477000001907347	0.1909600000143051
776	0.2602185940551758	0.26295999999046327	0.19023000000953674
777	0.2619542505073547	0.26509	0.19050000000953674
778	0.26049315752983093	0.26421999999046325	0.19017
779	0.26026683037757875	0.2646100000190735	0.19048000000953674
780	0.2603365957546234	0.26479	0.18932
781	0.25908305972099305	0.26375000000953674	0.18890000001430512
782	0.2559498679065704	0.2634199999904633	0.19093000000953675
783	0.25906717641830446	0.2660699999952316	0.19152999999523163
784	0.2573897171020508	0.2656899999904633	0.19215999999523162
785	0.2566254180812836	0.26538000001907347	0.1922900000143051
786	0.2542036452484131	0.2638100000190735	0.19248999999523164
787	0.25446717863082885	0.26482000001907346	0.19251000000476837
788	0.2563947395706177	0.26621999999046325	0.19262000000953675
789	0.2540051308345795	0.26519999999046323	0.19242000001430512
790	0.25384141152381895	0.26486	0.19231
791	0.2527934016132355	0.2641900000190735	0.19046
792	0.2529839394950867	0.2662000000286102	0.1927
793	0.2514571459770203	0.2657	0.19310000000953675
794	0.25047257511138915	0.2651299999952316	0.19328000000476836
795	0.24895465586662294	0.26438	0.19331000001430512
796	0.24914252170562745	0.2656799999952316	0.19408
797	0.2499433276748657	0.2663000000190735	0.19288999999523163
798	0.24994136120796204	0.2665800000286102	0.1935
799	0.24900503274917601	0.26630000000953674	0.19328000000953674
800	0.24810156929016114	0.26556000001430513	0.19370000000476836
801	0.24558522332191468	0.26501000001430514	0.19502000000476838
802	0.24724323506355286	0.2668600000286102	0.1943000000143051
803	0.24628680026054384	0.26635	0.19402
804	0.24534215175628662	0.26560999999046325	0.19393000000476837
805	0.24366368165969848	0.26537	0.19482
806	0.24387993067741395	0.26582999999046325	0.19435000000953676
807	0.2435359212398529	0.2655199999952316	0.19385
808	0.24301933217048646	0.2671100000095367	0.19614000000476836
809	0.24383223816871644	0.26688000001907347	0.19516999999523163
810	0.2420792134332657	0.2664500000095367	0.19554
811	0.2405702813053131	0.2650400000286102	0.19366000000953673
812	0.2413796782207489	0.26701000000953673	0.19558999999523163
813	0.2401302534866333	0.26660000002861023	0.19588999999523163
814	0.24183349219322203	0.26813	0.19583000000476838
815	0.23925929928779602	0.26649000001907347	0.19573000000476837
816	0.23960957193374635	0.26719999999046323	0.19619999999046325
817	0.23910722059249878	0.26743000000953676	0.19623000001430513
818	0.23724402453899385	0.26727999999046326	0.19677000000476838
819	0.23589862439632417	0.26600000000476837	0.1968
820	0.23799783157348633	0.2667500000190735	0.19533999999046325
821	0.23710659683704377	0.2667899999952316	0.19630999999523163
822	0.23526183733940126	0.26659999999046324	0.19611000000953674
823	0.23740061820983888	0.2678900000095367	0.19668
824	0.23569438975811005	0.26680999999523164	0.19631999999523164
825	0.23572029609203338	0.2678500000143051	0.19736000001430512
826	0.23260539569854735	0.26588999999046325	0.19627
827	0.23338212472915648	0.2675000000095367	0.19753999999523164
828	0.23384146228790284	0.26792000000476834	0.19758000000953674
829	0.23384397990226746	0.26783999999046326	0.19767000000953674
830	0.2338213123703003	0.26809	0.19751999999523162
831	0.23412982423305512	0.26879	0.19774
832	0.23159814326286315	0.26905000002861024	0.19945000000953675
833	0.23149493955612183	0.26837	0.1981800000143051
834	0.23136974620819092	0.2682	0.19823000000476837
835	0.23214134529590608	0.26931000000476835	0.19905
836	0.22947046033859253	0.2683599999904633	0.19914000000953674
837	0.22980006380558013	0.26914999999523165	0.1989800000143051
838	0.22763730091094972	0.26732	0.19816999999523163
839	0.2290948380279541	0.26789	0.19807999999523163
840	0.23047614031791688	0.27047	0.19935000000476838
841	0.22727978662490844	0.26866000002861024	0.19906
842	0.22730898777008057	0.26898000000476835	0.20034
843	0.22788682328701018	0.26934000002861025	0.1993800000190735
844	0.22636297817230225	0.2688600000190735	0.19936000000953674
845	0.22504646039009094	0.2678400000047684	0.19914000000953674
846	0.22483171164512633	0.26873	0.20047000000476836
847	0.22593023375034332	0.2694400000190735	0.19966000001430512
848	0.22576410061836244	0.2697000000143051	0.20069000000953674
849	0.22406575374603271	0.26961	0.20172000000953674
850	0.22482537500858307	0.26980000000953674	0.19971999999523163
851	0.2224511850452423	0.26898	0.20089000000476837
852	0.22280097681999206	0.26917000001430513	0.20128000000953675
853	0.22391990780830384	0.27010999999046326	0.2006
854	0.2215880806159973	0.26934000000953673	0.20113999999523163
855	0.22291291942596436	0.27002	0.20098999999523162
856	0.2208506715965271	0.2691200000190735	0.20048000000476837
857	0.22123611511230468	0.2687999999904633	0.20062000000476837
858	0.22158740396022797	0.27048	0.20145000000953675
859	0.219503129029274	0.26931000000953675	0.20184000000953675
860	0.22179209250450135	0.2706	0.2011800000143051
861	0.22032236847400666	0.26976	0.20041
862	0.21903740023612975	0.27081999999523165	0.20299
863	0.21816914489269257	0.26981	0.20169
864	0.21697860785484313	0.26894000002861024	0.20189000000953675
865	0.21878622210025786	0.2712899999952316	0.20221000000476838
866	0.21838300815582276	0.27173999999523163	0.20322000001430512
867	0.21786435897827147	0.27101000002861025	0.2031200000143051
868	0.21775540689468384	0.2706400000190735	0.20258000000953674
869	0.2163186505317688	0.26997000000953675	0.20219000001430512
870	0.21592625487327577	0.2695699999952316	0.20184
871	0.21717709660053253	0.27039	0.20194000000953674
872	0.2169095506286621	0.27160000000953677	0.20283000001907348
873	0.21446074130535125	0.2702900000190735	0.2032900000143051
874	0.2148010555934906	0.2700200000047684	0.20167000000953675
875	0.21321254128456116	0.2696300000190735	0.20258000000953674
876	0.21431019836425783	0.27086	0.20286000000953675
877	0.21395217089653015	0.27106	0.20340000002861022
878	0.21304849323272704	0.27005999999046326	0.20295
879	0.21254454174041748	0.2708899999952316	0.20408000000476836
880	0.212152749710083	0.2710300000143051	0.20323
881	0.2108365759420395	0.27055	0.20419000000476836
882	0.21219096265792847	0.2709099999904633	0.20314000000953675
883	0.2107624001789093	0.27033000000476837	0.20305000001430512
884	0.21132045777797698	0.27150999999046327	0.20348000000953675
885	0.2098476227760315	0.2700400000143051	0.20338000000953674
886	0.210017328248024	0.2708900000095367	0.2036700000143051
887	0.20990699277877808	0.27125	0.20403999999523162
888	0.21025881135940552	0.27157	0.20407999999523163
889	0.20983677581310273	0.27157000000953674	0.20416
890	0.20811864890098572	0.27026	0.20282
891	0.20987106773376465	0.27155000002861024	0.20332999999523163
892	0.20748571823120118	0.27098000000953676	0.20430000001907347
893	0.20913452097892762	0.27155	0.20365000000476838
894	0.20755206425666808	0.2715000000095367	0.20506999999523162
895	0.20630427847862243	0.2707399999904633	0.20418000000476838
896	0.2070244483280182	0.27119999999046324	0.20346999999523163
897	0.20702887215614318	0.2718600000190735	0.20464000000476837
898	0.2061515771961212	0.2718900000095367	0.20538000001430512
899	0.20591563494682313	0.2721400000190735	0.20457000000476838
900	0.20528044361114503	0.27093999999046325	0.20432999999523163
901	0.20570177052021027	0.27230000000953675	0.20512
902	0.2043919011259079	0.27149999999046326	0.2056700000143051
903	0.20388638062477113	0.27064999999046324	0.20468000000476838
904	0.20513713150978088	0.27287999999046325	0.20637000000476838
905	0.20248580958366394	0.27147999999523165	0.20578000000476837
906	0.20367120975494385	0.27131999999523165	0.20461000000953675
907	0.20420626286029817	0.27198000000953676	0.20480999999523164
908	0.20176930904388427	0.2706400000286102	0.20460000001430512
909	0.20217632265090943	0.27165	0.20527
910	0.20191109190940856	0.2708700000286102	0.20475000000476837
911	0.20191098097801208	0.27181000001907346	0.2053700000143051
912	0.20026016278266906	0.27103000000953675	0.20482000001430511
913	0.20142177048683166	0.27225000000953675	0.20687999999523163
914	0.20169708282470702	0.27302	0.20734999999523163
915	0.201074402217865	0.27160000002861023	0.20578000000476837
916	0.2020099292039871	0.27343999999046326	0.20644000000953674
917	0.19860161371707916	0.27111	0.20664
918	0.20045993249416352	0.27214	0.20658000000953675
919	0.19940053399562835	0.27209	0.20630999999523164
920	0.2006708258152008	0.27230000000953675	0.20561
921	0.19957882606506347	0.2716000000190735	0.2056200000143051
922	0.1998741901445389	0.27310000000953677	0.2064500000143051
923	0.19883059938907624	0.27183999999046327	0.20647999999523162
924	0.19867496037483215	0.27253000001907346	0.2074200000143051
925	0.19912695416927337	0.2731600000190735	0.2067000000143051
926	0.19696822445869447	0.27220000000476835	0.20685000000476836
927	0.1976176713848114	0.27217	0.20659000000953676
928	0.19566767951965333	0.27151000000953673	0.20622000000476837
929	0.19701961384296418	0.2726799999904633	0.20761000000953675
930	0.19618521726608276	0.27235	0.20670999999523162
931	0.19807616452217103	0.27332000000953677	0.20652000001430512
932	0.19785184963703156	0.27392	0.20691000000476836
933	0.1954706206703186	0.27159999999523166	0.20697999999523162
934	0.1956699603319168	0.2721900000047684	0.20677000000953674
935	0.1950257860469818	0.2722200000095367	0.20610000001430512
936	0.19454010855674744	0.27209000000476835	0.20734000000953676
937	0.1950642840194702	0.27262000002861025	0.2074500000143051
938	0.19502681260585786	0.2729099999904633	0.20712
939	0.19339388391971588	0.27224000000953674	0.20786000000476837
940	0.19428198057174684	0.2731600000190735	0.20798000000476838
941	0.194456631565094	0.2738200000190735	0.20770000000953676
942	0.1924682346725464	0.2722	0.2081200000143051
943	0.1936880650997162	0.27291000000953675	0.20791000000953674
944	0.19362961317539215	0.2733900000047684	0.20757000000476838
945	0.19356524063587188	0.2731100000095367	0.20756
946	0.19282229283332825	0.27304000000953677	0.20718999999523163
947	0.1923074245595932	0.2726600000095367	0.2076099999976158
948	0.1921532652425766	0.27278999999046327	0.20707
949	0.19241936035633087	0.27282999999046326	0.20636000001430513
950	0.1908745082950592	0.2725000000095367	0.20808
951	0.1913846872663498	0.2735200000190735	0.20908000001430513
952	0.18985264630794524	0.27180000000953675	0.20732999999523163
953	0.1902269504070282	0.27243000000953677	0.20838999999523164
954	0.19105329139709473	0.27277000000476836	0.20802
955	0.19142933685779573	0.2728899999952316	0.20737999999523163
956	0.1895363707256317	0.27230000000953675	0.20754999999523163
957	0.18854842940807343	0.2712100000143051	0.2071200000143051
958	0.1885021715736389	0.27189	0.20839000000476837
959	0.1883885757112503	0.27222999999046327	0.20770999999523163
960	0.18997974814891816	0.27266000000476837	0.20737999999523163
961	0.1875028989982605	0.27175999999046324	0.20777999999523164
962	0.18767723860740662	0.27190000000953674	0.20805999999523161
963	0.18761628597259522	0.2723399999952316	0.20714000000476837
964	0.18706972710609435	0.27192	0.20754000000953673
965	0.1863502287197113	0.2710000000190735	0.20816
966	0.1858955426120758	0.27188000002861024	0.20887
967	0.1869576256799698	0.27229	0.20783000000953675
968	0.18674405621528625	0.27246	0.20800000000476837
969	0.18583421743392944	0.27216	0.20921
970	0.1873775152349472	0.27308000000953675	0.20839
971	0.18694324127197265	0.27380999999046324	0.20780999999046326
972	0.18567505930423736	0.2720200000047684	0.20797000000953675
973	0.18641502339839935	0.27275000000953675	0.20851000002861023
974	0.18496486235141754	0.27187999999046325	0.20805000001430513
975	0.1855625448513031	0.2724900000143051	0.20835
976	0.18552161595344543	0.2728600000190735	0.20769
977	0.18622998933315277	0.27378000000953673	0.20837999999523163
978	0.18588199956893922	0.2735600000047684	0.20850000000953675
979	0.18612067007541658	0.2733900000095367	0.20816
980	0.18478834269046784	0.2726700000190735	0.20756000000476837
981	0.18444106691360473	0.27328000002861025	0.20895000002861022
982	0.18502667537212372	0.2725100000190735	0.20814
983	0.1838062920475006	0.27211999999046327	0.20794999999523162
984	0.18362487556457519	0.27210000000476836	0.20960000000953674
985	0.18459085671424866	0.27290000000953674	0.209
986	0.18317526693344116	0.27201000000953673	0.20869000001430513
987	0.18504865816116334	0.2732400000286102	0.20827000001430512
988	0.18400324488162995	0.27251	0.20905000000953675
989	0.18469905133724213	0.27245	0.20826999999523163
990	0.1852125731086731	0.2725199999904633	0.20815999999523163
991	0.18516906598091126	0.2735700000190735	0.2090900000143051
992	0.18475396187782286	0.27290000000953674	0.2087800000143051
993	0.18465735788345336	0.2727300000190735	0.20857000001430512
994	0.18596865738868715	0.27370999999046325	0.20883000000953675
995	0.18646993283748628	0.2742699999952316	0.20932000001430512
996	0.18528209728240966	0.27245	0.20762000000476838
997	0.1849633134841919	0.2727300000190735	0.20823
998	0.18727737373352052	0.27394	0.2082500000143051
999	0.18497170783996583	0.2729100000047684	0.2084500000143051
