epoch	loss	acc	certified
0	0.9008800489107768	0.1945833333412806	0.09401666666666667
1	0.8474782632509867	0.20385000001589457	0.17190000001589456
2	0.8009164218584697	0.32001666666666667	0.14135
3	0.5986676017125447	0.63155	0.21993333333333334
4	0.44925633505185447	0.7160166666666666	0.3977833333492279
5	0.35465637594858807	0.7628666666984558	0.53605
6	0.2643354410092036	0.8448333333333333	0.6296500000635783
7	0.18804492274920145	0.889716666730245	0.7290166666666666
8	0.15351244204044343	0.9111166666984558	0.7757500000317892
9	0.13006479020913442	0.9259500000635783	0.8066500000635783
10	0.1145508370955785	0.9344333333969116	0.8295333333333333
11	0.1025516355752945	0.9424	0.8442500000317892
12	0.09006036694049835	0.951	0.8604333333651225
13	0.08288162876168886	0.9548500000317891	0.8716333333333334
14	0.07723561886548996	0.9583500000317892	0.8801000000635782
15	0.07026791046460469	0.9629166666984558	0.8884000000635783
16	0.06679590848286947	0.9639166666666666	0.8951166666666667
17	0.06229432193040848	0.9671666666666666	0.9009333333651225
18	0.05908523126045863	0.9686333333969116	0.9051666667302449
19	0.05697428696751595	0.9695166666666667	0.9092666667302449
20	0.05429061725735664	0.9723833333651225	0.9126166666984558
21	0.05208883484999339	0.9733333333651225	0.9150333333969116
22	0.04963494476079941	0.974566666730245	0.9176833333651224
23	0.04869700335065524	0.9752	0.9194333333651225
24	0.0467725273569425	0.9756833333333333	0.9232000000317891
25	0.04531441816091537	0.9772833333333333	0.9251833333651225
26	0.043851214649279914	0.9781166666666666	0.9261333333969116
27	0.042635723596811295	0.9788	0.9280333333651225
28	0.041268174312512076	0.9788333333333333	0.9313166666984558
29	0.04015859010020892	0.980216666730245	0.9316666666666666
30	0.03907661730051041	0.9805333333333334	0.93295
31	0.03810085881153742	0.9807500000317891	0.9345166666984558
32	0.03746359103918075	0.9809333333651225	0.9367833333651224
33	0.036539379672209424	0.9816	0.9373666666666667
34	0.03584025093615055	0.9823000000635783	0.9379166666984559
35	0.035805597039063775	0.9822666666984559	0.9389500000635783
36	0.03460062605937322	0.9827166666984558	0.9407166667302449
37	0.03367505185206731	0.9837500000317891	0.9414833333651225
38	0.032534860412279765	0.9839666667302449	0.94305
39	0.032569233493010205	0.9839000000317891	0.9431500000317892
40	0.03205820389688015	0.9843166666666666	0.9439500000317892
41	0.03168679581781229	0.9842833333333333	0.9454500000635783
42	0.03142412845293681	0.9843833333651225	0.9451666666984558
43	0.03089426706234614	0.9849500000635782	0.9455333333651225
44	0.03072940725386143	0.9845333333333334	0.9463666666984558
45	0.029897225218017895	0.9854166666666667	0.947166666730245
46	0.02935709909896056	0.9862333333333333	0.9476500000635782
47	0.029606583642959594	0.9859666667302449	0.9481000000635783
48	0.029336017033457756	0.985416666730245	0.94845
49	0.028145246215661366	0.9865666666984558	0.94985
50	0.028465551002820333	0.9861333333969117	0.949166666730245
51	0.02758387151757876	0.9866666666984558	0.9510333333969117
52	0.02710585228999456	0.987366666730245	0.9500333333651225
53	0.026726518783966702	0.9873166666666666	0.9517166667302449
54	0.02691268519560496	0.98725	0.951316666730245
55	0.026603849179546037	0.9873000000635783	0.9521833333969116
56	0.02613829846183459	0.9878166666984558	0.9521
57	0.02588039850393931	0.9874833333651225	0.9530000000635783
58	0.02591764970868826	0.9875333333333334	0.9532500000317892
59	0.025326442424456277	0.9876666666984558	0.9550833333969116
60	0.025425095595916113	0.9877333333651225	0.9540666666984559
61	0.024690191925565402	0.9884000000635783	0.9551333333651225
62	0.02432511316637198	0.9880000000635782	0.9557333333651225
63	0.024435319017370543	0.9884833333969116	0.95415
64	0.02447884053091208	0.9884833333651225	0.9545166666666667
65	0.02374522031744321	0.989216666730245	0.9558833333969117
66	0.02398242607911428	0.988666666730245	0.9556833333651225
67	0.023090690733492375	0.989116666730245	0.9564833333969116
68	0.02427634569009145	0.9884666666984558	0.9565166666666667
69	0.023821978827317555	0.9891500000635783	0.9557833333333333
70	0.02352333332349857	0.9891	0.9560166666666666
71	0.022702085266510647	0.9892666666984559	0.9575166666666667
72	0.022263578285773595	0.9899666666984558	0.9584
73	0.022740131998062133	0.98965	0.957166666730245
74	0.022466804815332093	0.9897000000635783	0.9576666667302449
75	0.02213148135840893	0.9895500000635783	0.9578333333651224
76	0.02245150951097409	0.9901	0.9580500000317892
77	0.02190177384316921	0.9898666666666667	0.9583833333651225
78	0.02079158164213101	0.9900000000635782	0.9597666666666667
79	0.021780132699012758	0.9899166666666667	0.9586666667302449
80	0.02136305655737718	0.9903666666666666	0.95925
81	0.021741134123007457	0.9901000000317891	0.9585500000317891
82	0.021701813636223474	0.9905333333969116	0.9580500000317892
83	0.020740991898377737	0.9904333333969116	0.9600000000317891
84	0.020777144622802734	0.9907166666984558	0.9601500000317892
85	0.02081921678284804	0.9902333333333333	0.95995
86	0.02088474733332793	0.9903333333969117	0.9606000000317891
87	0.02078635617494583	0.9908833333651225	0.9603000000317892
88	0.02008042643169562	0.9909500000635783	0.9609333333333333
89	0.020153783309459685	0.9908166666666667	0.9616333333651225
90	0.02040678401986758	0.9907833333651225	0.9614666666666667
91	0.019692491793632506	0.9910000000635782	0.9617333333333333
92	0.019174302758773167	0.9911833333333333	0.9628833333969116
93	0.0201270351121823	0.9910333333333333	0.9613000000317892
94	0.019935891817013423	0.9907333333969116	0.961916666730245
95	0.019687393111983933	0.9914333333333334	0.9616166667302449
96	0.019384211980799836	0.9910166666666667	0.9624666666984558
97	0.01958065779209137	0.9913500000317892	0.9619166666666666
98	0.018859752459131414	0.9917	0.9632833333333334
99	0.019630188342928886	0.9912500000635783	0.9622166666984558
100	0.01916115962018569	0.9914	0.9632666666984558
101	0.01885445975065231	0.9915666666984558	0.96305
102	0.01926163231531779	0.9915000000635783	0.9611166666984559
103	0.01896655261715253	0.9914166666666666	0.9623166666984558
104	0.019095416149497033	0.9914166666666666	0.9611166666984559
105	0.019051622804005942	0.9920500000635782	0.9611500000317892
106	0.018643438162406285	0.9918166666984558	0.9626500000317891
107	0.018861974741270146	0.9918	0.9616166667302449
108	0.019087170300881067	0.9917500000635783	0.961
109	0.018537159688274067	0.9921500000635783	0.96155
110	0.0189735542734464	0.9918500000635783	0.9610833333651225
111	0.019095311361551286	0.9923333333969117	0.9602166666984558
112	0.019017595939834913	0.9919833333333333	0.9599333333333333
113	0.01936378788749377	0.991216666730245	0.9612000000317892
114	0.019271469471851984	0.9916000000635783	0.9606000000635783
115	0.01877762266397476	0.9922	0.9605833333651225
116	0.019227993460992972	0.9920666666666667	0.9596166666984558
117	0.018904302342732746	0.9920666667302449	0.9602166666984558
118	0.0190028102979064	0.9920166666666667	0.9589500000635783
119	0.018954423652092614	0.9923666666984559	0.9593000000635783
120	0.01921844998995463	0.9925000000635783	0.9580666666666666
121	0.018591371296842893	0.9924	0.9597833333333333
122	0.01922333122678101	0.99205	0.9584333333969116
123	0.01887565857321024	0.9923833333969116	0.9594333333333334
124	0.018515347944696746	0.992266666730245	0.96005
125	0.01866070152918498	0.9929333333969116	0.9586333333969116
126	0.019041876953840256	0.9924833333969116	0.9579833333651224
127	0.01834503457446893	0.9930666666666667	0.9583500000635783
128	0.018483925942579905	0.9926500000635783	0.9591833333651225
129	0.019509615392486253	0.9922333333651224	0.9562166666666667
130	0.019012117247780163	0.992266666730245	0.9576333333969116
131	0.01907809767127037	0.9924000000317892	0.9579166666666666
132	0.019443807294219732	0.9925666666666667	0.9561833333651225
133	0.01820065470337868	0.9929666666666667	0.9585166667302449
134	0.01865385528008143	0.9930166666666667	0.9573500000635783
135	0.018882472252845763	0.9926833333969116	0.9573833333651225
136	0.019042209888497988	0.9927333333333334	0.95685
137	0.01949637622833252	0.992616666730245	0.9558666666666666
138	0.019565513466795286	0.992416666730245	0.9563666666666667
139	0.01910015882005294	0.9926	0.95685
140	0.019301324506600697	0.9928833333333333	0.9557666666666667
141	0.0198480436856548	0.9927	0.9543000000635783
142	0.01930691872437795	0.9926333333969116	0.9560333333969117
143	0.019073689789076646	0.99265	0.9563333333969116
144	0.019596001986662545	0.9926833333651225	0.9547166667302449
145	0.01871697081128756	0.9931833333969117	0.956
146	0.019264592107137043	0.9928000000635783	0.956016666730245
147	0.019174101070563	0.9927333333333334	0.9542666666666667
148	0.01922969159980615	0.9933833333333333	0.9545166666666667
149	0.019490862529476485	0.9926333333333334	0.9541500000635783
150	0.019396938206752142	0.9928333333969116	0.95375
151	0.019727824060122173	0.9929666666984558	0.9532666666666667
152	0.01946102200349172	0.9929000000635783	0.9535
153	0.01916696129043897	0.9928833333333333	0.95385
154	0.01949076208571593	0.9932000000635783	0.9528333333333333
155	0.01900944443543752	0.9930166667302449	0.9543666666984558
156	0.019213945951064428	0.9930500000635782	0.954016666730245
157	0.019511797389388085	0.99295	0.9523500000317892
158	0.019740852557619412	0.9930166666666667	0.9526333333969116
159	0.0194822439511617	0.9927333333333334	0.9535666666984558
160	0.01981009899477164	0.99335	0.9518333333969117
161	0.01976949622798711	0.99305	0.951966666730245
162	0.018966896907488505	0.9935833333333334	0.9532166666666667
163	0.019555761925379434	0.9927500000317891	0.952816666730245
164	0.019254917019605636	0.9935666666984558	0.9525666667302449
165	0.019645036653677624	0.993216666730245	0.9510333333969117
166	0.019549882846077282	0.9927666666666667	0.9515500000317891
167	0.019411459543307624	0.9932666666984558	0.9510000000317892
168	0.01934739774962266	0.9933	0.9515666666666667
169	0.019636499726275604	0.9931833333333333	0.9502833333651225
170	0.01962111657659213	0.9932833333651224	0.9513000000635783
171	0.019906892601648966	0.9931666666666666	0.9497333333969116
172	0.0195104000762105	0.9932	0.9514666666666667
173	0.019377999875942867	0.9934500000635783	0.9506333333651225
174	0.019813248085975645	0.9931166666666666	0.9511833333969116
175	0.019697158905863762	0.9932000000635783	0.9504333333333334
176	0.020075531993309657	0.9931333333333333	0.9487333333969116
177	0.01948847199678421	0.9933500000317892	0.9499833333969117
178	0.019456649673481784	0.9930666666666667	0.9505833333333333
179	0.019940162540972233	0.9933666666666666	0.9487500000317891
180	0.019983832957347233	0.9933	0.9491833333969116
181	0.020249608383576076	0.99315	0.9480500000317892
182	0.019535271779696148	0.9936500000635783	0.9490333333651225
183	0.01993657616873582	0.99335	0.9488500000317891
184	0.020060346327225368	0.9932833333333333	0.9481833333969116
185	0.01948046988248825	0.9934333333651225	0.949016666730245
186	0.01999353022078673	0.9931833333969117	0.947016666730245
187	0.02006451957176129	0.9933666666666666	0.94775
188	0.019788242468237877	0.9936	0.9480000000317892
189	0.01991026081244151	0.9931166667302449	0.9478666666984558
190	0.01990294582893451	0.9938333333333333	0.9468500000635783
191	0.01981436028778553	0.9933333333333333	0.947816666730245
192	0.02044310875336329	0.9934833333333334	0.9456000000635782
193	0.02035115152200063	0.9931333333333333	0.9460166666984559
194	0.02025175230503082	0.9935	0.9466166666666667
195	0.02017874253789584	0.9935833333969116	0.9459833333969117
196	0.02048846802711487	0.9934666666666667	0.9454166667302449
197	0.021052293366193773	0.9928833333651225	0.9458000000317891
198	0.02036123205423355	0.9935666666666667	0.945066666730245
199	0.020220732802649338	0.9937333333333334	0.9464833333969116
200	0.020685850884517035	0.9932666666666666	0.9454333333651225
201	0.02021015107035637	0.9936333333969116	0.9458500000635783
202	0.02054176564613978	0.9939333333969116	0.9440833333969116
203	0.02015499528845151	0.9933833333333333	0.9458833333969117
204	0.021115010806918143	0.9928166666666667	0.94445
205	0.020341894352436066	0.9933000000635783	0.945
206	0.020240118459860484	0.9933666666666666	0.9447666666666666
207	0.02116359787285328	0.99315	0.9438500000635783
208	0.02070831065028906	0.9934166666666666	0.9435500000317891
209	0.020702269036571186	0.9933	0.9440500000317892
210	0.021069847893714903	0.9932333333651224	0.9425833333333333
211	0.0208481933315595	0.9933000000635783	0.94325
212	0.02056333368718624	0.9931666666666666	0.9447000000635782
213	0.020479179378350577	0.9937333333969116	0.9429166666666666
214	0.020795759948094687	0.9933500000635783	0.9427166666666666
215	0.020881762382388116	0.9933333333333333	0.9428666666984558
216	0.02054836918115616	0.9936	0.9432333333969116
217	0.020879614347964526	0.9938166666666667	0.9426000000635782
218	0.02164589442908764	0.992716666730245	0.9417000000635782
219	0.021273852294683458	0.9931333333333333	0.9424833333333333
220	0.021302008190751075	0.9932833333969117	0.9415666666666667
221	0.020846902999281883	0.9933000000635783	0.94175
222	0.020631609390179315	0.9935666666666667	0.9419333333651225
223	0.021811266648769378	0.993166666730245	0.9402500000635783
224	0.02115915631453196	0.9933666666666666	0.9404166667302449
225	0.02098278348694245	0.9935833333333334	0.9405166666666667
226	0.02134309654831886	0.9935333333333334	0.94
227	0.021148204425970714	0.9935333333333334	0.9391000000317892
228	0.021670511362950007	0.9932333333969117	0.9401500000635783
229	0.021178201761841774	0.993616666730245	0.9395833333969116
230	0.021140795654058457	0.9934000000635783	0.9402
231	0.0215046488036712	0.9936000000635783	0.9390166666666667
232	0.021113751741250356	0.9934833333969116	0.9398333333969117
233	0.022003883371750514	0.9932166666666666	0.938166666730245
234	0.021445823015769323	0.9930666666984558	0.9399
235	0.02172798616339763	0.99345	0.9380166666984558
236	0.021459559935331343	0.9941333333333333	0.9377833333333333
237	0.02158483421206474	0.99345	0.9379166666984559
238	0.02146329591870308	0.9933333333333333	0.9385500000635782
239	0.021287238498528798	0.9935833333969116	0.9385666666984558
240	0.021912001427014667	0.9934166666666666	0.9366
241	0.021953357197841007	0.9937500000635783	0.9370333333651225
242	0.02217626821398735	0.9933833333333333	0.9364000000317891
243	0.02135346462180217	0.9937333333333334	0.937966666730245
244	0.02215340768098831	0.9933166666984559	0.9361833333969116
245	0.02202276017765204	0.9935333333333334	0.936
246	0.02216448372801145	0.993466666730245	0.9359333333333333
247	0.021973617827892304	0.9936000000635783	0.9367333333969117
248	0.022100142152110737	0.9930833333333333	0.9358333333651224
249	0.02196989470521609	0.9937333333969116	0.9356000000317891
250	0.022267136206229526	0.9932500000317891	0.9356666666666666
251	0.021670663235584895	0.9937333333969116	0.9352333333969116
252	0.022062673940261204	0.9934333333969116	0.9359500000317892
253	0.022342120109001794	0.9935166666666667	0.9344833333651225
254	0.021970184057950974	0.9935666666984558	0.9350500000317892
255	0.02227901057600975	0.9938333333969116	0.9342666666666667
256	0.02229118723496795	0.9937	0.9346833333333333
257	0.022707420710722605	0.9934333333333333	0.9330833333651225
258	0.022619488269090653	0.9934333333969116	0.9341833333651225
259	0.022821973185737927	0.9933666666666666	0.9325333333333333
260	0.022893378805617492	0.9936	0.93245
261	0.02249399858911832	0.9933500000317892	0.9329500000317892
262	0.022618006375059486	0.9932666666666666	0.93315
263	0.02269238213698069	0.9936500000635783	0.9327666666666666
264	0.023218756475051245	0.9932666666666666	0.9318833333651225
265	0.023015328474839527	0.9931500000317891	0.930816666730245
266	0.02314979404211044	0.9935166666666667	0.9316500000317891
267	0.023078119965891042	0.9934166666666666	0.9308833333333333
268	0.023022895628213882	0.9935500000635783	0.9312333333333334
269	0.023755809419353804	0.9928666666666667	0.9312333333651225
270	0.02281118628780047	0.9933	0.9318500000317892
271	0.023134952866037686	0.99335	0.9307000000635783
272	0.023277524467309317	0.9930333333333333	0.9301500000635783
273	0.02374819383521875	0.9931166667302449	0.929666666730245
274	0.02300177645285924	0.9935	0.93025
275	0.02334050677816073	0.9934333333333333	0.9301166666666667
276	0.02356085491627455	0.9931	0.9290666666984558
277	0.023631976969043414	0.9931166667302449	0.9288000000317892
278	0.022850201049447058	0.99345	0.929766666730245
279	0.023640840317805608	0.9931000000635782	0.9290666666984558
280	0.023693947597344715	0.99325	0.9275166666666667
281	0.023356204776962597	0.99335	0.92915
282	0.023972954591115314	0.9933333333333333	0.9280833333969116
283	0.02357297218342622	0.993516666730245	0.9273833333333333
284	0.023283569757143657	0.9933500000635783	0.9274666667302449
285	0.023556001993020374	0.9932500000635783	0.9267833333651225
286	0.023724670018752416	0.993466666730245	0.9267666666666666
287	0.02388704423904419	0.9936000000635783	0.9262166666666667
288	0.023691347246368726	0.9932666666666666	0.9267333333969117
289	0.024175142946839333	0.993466666730245	0.9252333333333334
290	0.024023289585113527	0.99315	0.9264666666666667
291	0.024954851297537484	0.9931500000635783	0.9242833333651225
292	0.0244213578859965	0.9932833333969117	0.9251166666984558
293	0.02403982502023379	0.993266666730245	0.9254166666666667
294	0.024272564725081127	0.9932833333651224	0.9249333333333334
295	0.024334140890836714	0.9932166666666666	0.9255166666666667
296	0.024452870827913285	0.9929500000317891	0.923166666730245
297	0.02394737184047699	0.993166666730245	0.9255166666984558
298	0.02453979122340679	0.9932833333333333	0.9247833333969117
299	0.024531899020075798	0.9932833333969117	0.9226500000317891
300	0.02437216662367185	0.9935333333333334	0.9229833333969116
301	0.024892023687561354	0.99315	0.9212666666984558
302	0.024516999783118564	0.9936	0.9219500000635783
303	0.025129656529426576	0.9930833333651224	0.9217500000317892
304	0.025128797494371732	0.9930833333333333	0.9223166666984558
305	0.024923332832256954	0.9934166666666666	0.9203833333969116
306	0.02537050135533015	0.99335	0.92105
307	0.025367882591485976	0.99345	0.9210666666984558
308	0.025013782514135042	0.9931833333333333	0.9211000000635783
309	0.025199404603242874	0.9930833333969116	0.9200666666666667
310	0.02520650801261266	0.9931333333333333	0.9214333333333333
311	0.02555623431801796	0.993216666730245	0.9198833333333334
312	0.025270562104384105	0.9933500000635783	0.9194833333651224
313	0.02575952005088329	0.9930500000635782	0.91895
314	0.025558559330304462	0.9928	0.9191333333333334
315	0.025591987665494285	0.993266666730245	0.919616666730245
316	0.026194957664608956	0.9933	0.916616666730245
317	0.02578672818591197	0.9932666666666666	0.9171833333969116
318	0.025342525014281272	0.9934833333333334	0.9175666666984558
319	0.025655012011528016	0.9931	0.916616666730245
320	0.02590013010104497	0.993166666730245	0.9174500000317891
321	0.02555508455534776	0.9937666666666667	0.9187
322	0.026378659880161286	0.9930833333333333	0.9155000000635782
323	0.025834761635462444	0.9934000000317892	0.9160333333651225
324	0.026014248408873876	0.99325	0.9160500000317892
325	0.025822099592288334	0.9929500000317891	0.9169333333651225
326	0.0258314700682958	0.9928833333651225	0.9164166666666667
327	0.025828875799973807	0.9934833333333334	0.91525
328	0.026344000534216563	0.9934500000317892	0.9145333333969117
329	0.026132888568441072	0.9931500000635783	0.9147666666666666
330	0.026536358069380126	0.9934833333333334	0.9128333333651225
331	0.02610823768178622	0.9933166666666666	0.9149833333651225
332	0.02639080059727033	0.9930500000317891	0.9146333333333333
333	0.026639996438721815	0.9929666666666667	0.9125500000317891
334	0.02647483201424281	0.9928000000635783	0.9137833333333333
335	0.026227356842160224	0.9931333333969116	0.9141000000317892
336	0.02713621752858162	0.9928666667302449	0.9120166666984558
337	0.02672724168697993	0.9927833333969116	0.9126500000635783
338	0.02675620517730713	0.9926833333333334	0.9124166666984558
339	0.027175982094804447	0.9931333333333333	0.9105166666666666
340	0.02660391216079394	0.99305	0.9123000000635783
341	0.02705228771766027	0.9930166667302449	0.9118500000317892
342	0.027435592019557954	0.9929666667302449	0.9106833333333333
343	0.027167356242736182	0.9930166666666667	0.911516666730245
344	0.027534991617997488	0.9928	0.9095333333969117
345	0.027654127069314322	0.9927833333333334	0.9091833333969116
346	0.02719855091869831	0.9932333333333333	0.9083333333651225
347	0.027516980916261674	0.9932500000317891	0.907616666730245
348	0.027622140875458716	0.9930000000635782	0.9096500000635783
349	0.0278557060499986	0.9927500000635783	0.9075833333333333
350	0.028012364228566487	0.99285	0.908
351	0.02788448910911878	0.9931833333969117	0.9077000000317892
352	0.027370565954844158	0.9930666667302449	0.907966666730245
353	0.02777508864005407	0.993	0.9084000000317891
354	0.028016265830397607	0.9932166666984558	0.90715
355	0.028202196131149927	0.9931	0.9054833333333333
356	0.02765471803843975	0.9930666666666667	0.906916666730245
357	0.028115589161713916	0.9929833333333333	0.9063333333651225
358	0.02848920195301374	0.9930333333651225	0.9057166666984559
359	0.028611329919099808	0.9928833333969116	0.905816666730245
360	0.028749948225418726	0.9924833333333334	0.90485
361	0.02859488931298256	0.9925833333333334	0.9039000000635783
362	0.028381907327969868	0.9927	0.904516666730245
363	0.028307861495018006	0.9928666666666667	0.9040166666666667
364	0.028781515236695608	0.9930666666666667	0.9029666666984558
365	0.02879169592857361	0.99255	0.9022166666666667
366	0.028525350526968637	0.9926166666666667	0.9035333333969117
367	0.028787297617395718	0.9926833333333334	0.9028
368	0.02901905721028646	0.99285	0.9022333333651225
369	0.02891970060666402	0.9929166666666667	0.901816666730245
370	0.028643427920341493	0.9924666666984558	0.9026166666984559
371	0.029597967557112376	0.9924666666666667	0.9006833333333333
372	0.029353908042112985	0.9926166666666667	0.9011166666666667
373	0.02896237541238467	0.9929333333969116	0.8994833333969117
374	0.029453872015078864	0.9927	0.8997500000635783
375	0.029244938377539317	0.9925833333333334	0.8997000000635783
376	0.029511295413970948	0.9926666666984558	0.8990166666666667
377	0.029760619253913562	0.9926333333333334	0.8988333333969116
378	0.02949659081697464	0.9928833333333333	0.8986833333333333
379	0.029757348205645878	0.9927	0.8972666666666667
380	0.029923869759837785	0.9922666666666666	0.8987166666984558
381	0.02988739154736201	0.9928833333651225	0.8975666666666666
382	0.029904477127393088	0.99265	0.8973833333969117
383	0.029829097123940787	0.9927833333651225	0.8963166666984558
384	0.03020235954920451	0.9931333333333333	0.8958333333333334
385	0.030388092787067094	0.992716666730245	0.8950666666984558
386	0.02996030194958051	0.9926833333333334	0.8957333333651225
387	0.03048436957995097	0.9923833333333333	0.8953166666984558
388	0.030185067055622735	0.9927000000317892	0.8962666667302449
389	0.030595094815889994	0.9921166666666666	0.8954333333333333
390	0.03010495480100314	0.992466666730245	0.8964
391	0.031076359682281812	0.9925833333333334	0.893
392	0.03019905242919922	0.9927666667302449	0.8951833333333333
393	0.030251182669401168	0.9930166666666667	0.8939333333651225
394	0.030582090061903	0.9923666666666666	0.8936833333333334
395	0.031147846751411756	0.9925166666666667	0.8930500000635783
396	0.030750651544332503	0.9928666666984558	0.8921166667302449
397	0.031242364474137623	0.9921166666666666	0.8914833333651225
398	0.031605801829695704	0.9927	0.8894500000635783
399	0.030991464332739513	0.9923666666984559	0.8912166667302449
400	0.03130559719602267	0.99265	0.8909500000317891
401	0.030967827143271766	0.9924333333651225	0.8921166666666667
402	0.03119212621251742	0.9924500000635783	0.8918333333969116
403	0.03163413803577423	0.9924333333969116	0.8887833333651225
404	0.031677012979984286	0.9923833333969116	0.8893833333969117
405	0.03163637248873711	0.9921166667302449	0.8896666666984558
406	0.03175434660514196	0.992416666730245	0.8880000000317891
407	0.031174847759803136	0.9925333333333334	0.8902500000317891
408	0.032213779610395434	0.9921833333333333	0.8880833333333333
409	0.03142642733653386	0.9925500000635783	0.8884500000635783
410	0.03216634341875712	0.992716666730245	0.88655
411	0.03253528469602267	0.992	0.8864500000317892
412	0.03236930585304896	0.992266666730245	0.8848333333333334
413	0.0323178292632103	0.9929166666666667	0.8848833333969116
414	0.0321397411942482	0.9920166666666667	0.8861666667302449
415	0.03232634908954302	0.99225	0.8859833333333333
416	0.03274848779439926	0.9925666666666667	0.8835666666984558
417	0.03240850218931834	0.9923666666666666	0.8833666666984558
418	0.03213464395552874	0.9920666666666667	0.8851000000317891
419	0.03248319620490074	0.9921500000635783	0.884416666730245
420	0.03284684032201767	0.9927333333333334	0.8824333333969117
421	0.03305524378716946	0.9921333333969117	0.8821666666984558
422	0.03233624501625697	0.992716666730245	0.8835000000635783
423	0.03305992905298869	0.9925833333333334	0.88055
424	0.032709734028577804	0.9921	0.8808833333333334
425	0.032929143353303277	0.9925333333969116	0.8818833333333334
426	0.03361553831497828	0.9921833333333333	0.8802833333651224
427	0.03283306125799815	0.9922833333969117	0.8821833333969116
428	0.032617472647627196	0.9919666666666667	0.8826333333333334
429	0.03375384854475657	0.992316666730245	0.880466666730245
430	0.0333598449587822	0.99275	0.8793333333969117
431	0.03298599933385849	0.9927	0.8797000000317892
432	0.03309064950446288	0.9926	0.879616666730245
433	0.033677657916148504	0.9924166666666666	0.8793333333969117
434	0.034447183247407274	0.9925000000317892	0.8772500000317891
435	0.03312135478854179	0.9924333333969116	0.876616666730245
436	0.034637720127900444	0.9915666666666667	0.8770833333651225
437	0.03359524895350138	0.9922666666984558	0.8766666666666667
438	0.034240742107232415	0.992166666730245	0.8748166666666667
439	0.03390091664592425	0.9922333333333333	0.8761833333651224
440	0.033728792776664095	0.9923833333969116	0.8767833333969116
441	0.03472200708786646	0.9918833333969116	0.87475
442	0.03437255222201347	0.9922166666984558	0.8749666666666667
443	0.03407137499252955	0.9921166667302449	0.8758333333969116
444	0.03417892055511475	0.9925666666666667	0.8748166666984558
445	0.03447575141986211	0.9920333333969116	0.8735500000317892
446	0.03460238790512085	0.99255	0.8725166666666667
447	0.03469144205749035	0.9923333333333333	0.8726333333333334
448	0.03481829257408778	0.9922833333969117	0.8731666666666666
449	0.03470047311981519	0.9923333333969117	0.8707000000317892
450	0.035400519973039626	0.9921666666666666	0.8704166666984559
451	0.034574331136544546	0.9921833333651224	0.8719833333333333
452	0.03464111609657605	0.9925000000635783	0.8715333333333334
453	0.03519254969457785	0.9920833333333333	0.8694
454	0.03513558660447597	0.9922833333333333	0.8699833333333333
455	0.03474387147426605	0.99185	0.8703333333651225
456	0.03563994087775548	0.9921500000635783	0.8682166666984558
457	0.035084226526816684	0.99235	0.8684166666666666
458	0.03564986928701401	0.99205	0.868
459	0.035681473471721015	0.99185	0.8675666666984558
460	0.035250262914101285	0.9924500000635783	0.8677666666666667
461	0.03564152855078379	0.99215	0.8668166666666667
462	0.03585819585720698	0.99185	0.8668
463	0.03581603819529215	0.9927333333969116	0.8663166666666666
464	0.03658086603283882	0.9912333333651224	0.8640000000635782
465	0.03612399265170097	0.992	0.8667833333969116
466	0.036172727207342784	0.9918833333969116	0.8660000000635782
467	0.03657963379621506	0.9921166666984558	0.86425
468	0.03588850515186787	0.9922833333333333	0.8651000000635782
469	0.03559912965297699	0.9920833333333333	0.8630333333333333
470	0.03629061820904414	0.9917000000635783	0.86455
471	0.03685418053269386	0.991716666730245	0.8625166666984558
472	0.035975582963228225	0.9920833333333333	0.8638666666666667
473	0.036278994538386664	0.9922333333969117	0.8630166666984558
474	0.036153889322280884	0.9923166666666666	0.8622833333333333
475	0.03719532814820607	0.9914833333333334	0.8601833333333333
476	0.03745639484922091	0.9918000000635783	0.860666666730245
477	0.03705869852900505	0.9917666666666667	0.8606333333333334
478	0.0371958836376667	0.9917000000635783	0.861566666730245
479	0.03678861503998439	0.9916666666666667	0.8611166666984558
480	0.03704362491369247	0.9917833333333334	0.8575166666666667
481	0.03742706195116043	0.9917333333651225	0.8596833333651225
482	0.03741907163063685	0.9918833333333333	0.8579666666666667
483	0.03704957545002301	0.99195	0.8587000000635783
484	0.037649558532238	0.9919833333333333	0.8566500000317891
485	0.03857494782805443	0.9916333333333334	0.8553166666666666
486	0.03777513920466105	0.9918833333969116	0.8566666667302449
487	0.03819023581147194	0.9916833333969116	0.85475
488	0.03809811601638794	0.991716666730245	0.856066666730245
489	0.03712879702250163	0.9923333333333333	0.8567
490	0.03808233677148819	0.9916333333969116	0.85525
491	0.03809687819679578	0.9918833333333333	0.8547500000635783
492	0.03828615970810254	0.9916166666666667	0.8542166666666666
493	0.038020735071102776	0.9917	0.8530500000635783
494	0.03821437783439954	0.9919333333969116	0.8535500000317892
495	0.03872654068867366	0.99155	0.8526666666666667
496	0.03826942046085993	0.9918500000635783	0.8538333333651225
497	0.038347954412301384	0.9922833333969117	0.8519833333333333
498	0.038648632605870564	0.9921333333969117	0.8516666667302449
499	0.03820857578317324	0.99185	0.8519666666984558
500	0.039000202771027885	0.9918166667302449	0.8518666666984558
501	0.03894487683773041	0.9918833333969116	0.84895
502	0.03908403635025024	0.9919833333333333	0.8500333333651224
503	0.03807874074776967	0.9924	0.8509166666666667
504	0.038794904325405756	0.9917833333651225	0.8497833333333333
505	0.038797230320175485	0.9919666666666667	0.8489833333969116
506	0.03909865726033847	0.9913	0.8497
507	0.039919505935907366	0.9911	0.8461166666984559
508	0.0389433048248291	0.99185	0.8473666666984558
509	0.03868972611427307	0.9920000000635782	0.8495666666666667
510	0.03897858566045761	0.9923166666984559	0.8469166666666667
511	0.03934987052877744	0.9914500000317892	0.8461666666666666
512	0.04011161340475083	0.9915	0.8447666666984558
513	0.039175411764780683	0.9917	0.8468666666666667
514	0.040066050752003986	0.9920666666666667	0.8461500000317892
515	0.03917899928689003	0.9922833333333333	0.844216666730245
516	0.03982629568179449	0.9917500000317891	0.84265
517	0.03980677480896314	0.9919000000635783	0.8421500000635783
518	0.039868087075153984	0.9919833333333333	0.8435333333651225
519	0.03998707227309545	0.9914333333969116	0.8428666666666667
520	0.03980660937825839	0.9920000000317891	0.8419666666666666
521	0.040113542999823885	0.9915833333969116	0.8443
522	0.04026888740261396	0.991466666730245	0.8423000000317892
523	0.04055875398516655	0.9913333333969117	0.8416500000635783
524	0.04009057461420695	0.9916333333969116	0.8411500000317892
525	0.040589852329095205	0.9913666666666666	0.8395333333651225
526	0.04041823530991872	0.9917333333651225	0.8388500000317891
527	0.04093141995668411	0.9916166666666667	0.8401
528	0.040963096861044566	0.9915833333333334	0.8395000000635783
529	0.04048593337138494	0.9916333333333334	0.8406333333333333
530	0.04074088042179744	0.9912333333969117	0.8394000000317892
531	0.041093892888228095	0.991566666730245	0.8367000000317891
532	0.040906764960289	0.9917333333651225	0.8368833333969116
533	0.04145772358179092	0.9916833333969116	0.8356333333651225
534	0.04115610749522845	0.9915333333969116	0.8365666666666667
535	0.041037663565079374	0.9915	0.8368666666984558
536	0.04110975166956583	0.9913833333333333	0.8356666667302449
537	0.04100175124506156	0.9912666666666666	0.8366666667302449
538	0.04129135593175888	0.9915500000635783	0.8366
539	0.04143238501747449	0.9916	0.8343500000317892
540	0.04160450374682744	0.9915000000635783	0.8354666666984558
541	0.041840561147530875	0.9914000000635783	0.8329333333969117
542	0.0417424769838651	0.9916333333969116	0.8339333333969117
543	0.0421996805648009	0.9913	0.8343000000635783
544	0.04143287862936656	0.9915333333333334	0.8350166666984558
545	0.042845483722289406	0.9910666666666667	0.8308666666984558
546	0.04173763318459193	0.9915166666666667	0.8326666667302449
547	0.041683191748460136	0.9915000000635783	0.8326333333333333
548	0.04256645755370458	0.9911666666666666	0.8306833333651225
549	0.04198685133854548	0.99155	0.8314166666666667
550	0.04203634611070156	0.9911166666666666	0.8315166667302449
551	0.043008478780587514	0.9909333333969116	0.8286833333969116
552	0.042633586488167445	0.9914166666666666	0.8284500000317891
553	0.04213493479887644	0.9919	0.8293
554	0.04237499591906865	0.9916833333969116	0.8274833333969116
555	0.043665313746531806	0.9912666666666666	0.8256333333333333
556	0.04273549582560857	0.9919	0.8266166666666667
557	0.042610567716757454	0.9913500000317892	0.8287333333333333
558	0.043562095359961195	0.9913500000635783	0.82465
559	0.04273395877679189	0.991616666730245	0.8255500000635783
560	0.04287223558028539	0.9917166666984558	0.8256500000317891
561	0.04321880789399147	0.9914833333333334	0.8251666666984558
562	0.044047304783264796	0.9910166666666667	0.8237166666666667
563	0.042581130039691925	0.9911500000635783	0.8263500000635783
564	0.04325785783727964	0.9914333333333334	0.824066666730245
565	0.04350195462703705	0.9912333333969117	0.8242000000635783
566	0.04307530423402786	0.9915166666666667	0.8241833333333334
567	0.04347889300982157	0.991	0.8228500000317891
568	0.044099778471390405	0.9912333333333333	0.8216166667302449
569	0.044196494877338406	0.9910833333333333	0.8204166666984558
570	0.04434407669504484	0.9913	0.8194166666984558
571	0.04431007592280706	0.990616666730245	0.8209333333333333
572	0.04405893212556839	0.9909333333651225	0.8201000000635783
573	0.0436382833480835	0.991416666730245	0.8207666666666666
574	0.043911077598730724	0.9912	0.8187166666984558
575	0.044154311603307725	0.9915666666666667	0.8191333333333334
576	0.044260737748940786	0.9909666667302449	0.8174833333969116
577	0.04516268293261528	0.9907333333333334	0.8167166666984558
578	0.044377415692806246	0.9910833333333333	0.8161833333333334
579	0.04409239661296209	0.9916833333333334	0.81635
580	0.04389013098478317	0.9917	0.8165
581	0.044799559158086776	0.9911833333969117	0.8141000000317892
582	0.04494708792368571	0.9907166667302449	0.8161333333333334
583	0.04481416221459707	0.9908500000317891	0.8148166666666666
584	0.04521998727917671	0.9908500000635783	0.8140666666666667
585	0.044949420928955076	0.9910833333969116	0.8133666667302449
586	0.04497785326242447	0.9910666666984558	0.8145833333651225
587	0.045758153025309244	0.9908333333333333	0.8122333333333334
588	0.04482716191609701	0.9911166667302449	0.8134166666984558
589	0.04496942498286565	0.9912500000317891	0.8141000000317892
590	0.045113510012626645	0.9911833333333333	0.8132833333969116
591	0.045177219585577646	0.9912500000317891	0.812966666730245
592	0.04525375767151515	0.9911	0.8106000000317891
593	0.04584937848647436	0.9910000000317891	0.8086166666666667
594	0.04531953054666519	0.9913	0.8098333333333333
595	0.04645331735610962	0.9906833333333334	0.8069833333969116
596	0.04538086249430974	0.9910833333333333	0.8106333333651224
597	0.04621377124985059	0.9907166666666667	0.8078500000317892
598	0.04598354184230169	0.9906666666666667	0.8099333333333333
599	0.04613922616243363	0.9907333333333334	0.8084833333333333
600	0.04572505339384079	0.9908	0.8081833333333334
601	0.046362430520852406	0.9912666666666666	0.8064666666984558
602	0.04613144841194153	0.9910333333333333	0.8077833333969117
603	0.04573070350289345	0.991466666730245	0.8062333333969116
604	0.04651524232029915	0.9904000000635783	0.8052666667302449
605	0.04610520555575689	0.9913833333969116	0.8032000000317892
606	0.04650120134751002	0.9911833333969117	0.8045166666666667
607	0.0457982759654522	0.9912833333333333	0.8046666666984558
608	0.04618911319971085	0.9913500000635783	0.8048500000317892
609	0.04749646991093953	0.9896333333651225	0.8041333333969116
610	0.04642651476860046	0.9912333333333333	0.802816666730245
611	0.04634965699911118	0.9908166666666667	0.8035166666984558
612	0.047285028046369554	0.9911333333333333	0.8022166667302449
613	0.04696585860649745	0.9910333333969116	0.8012666666666667
614	0.04650217812458674	0.9910166667302449	0.8005500000635782
615	0.04704592899481456	0.9911	0.803016666730245
616	0.04677409066359202	0.9906166666666667	0.8010000000635783
617	0.04772934321959813	0.9912166666666666	0.7995666666666666
618	0.04694354894757271	0.9911166666666666	0.8003166666666667
619	0.04666801782846451	0.9915666666666667	0.79975
620	0.04648428245186806	0.9910333333333333	0.7998500000635783
621	0.04745166612068812	0.9907833333969116	0.7972333333333333
622	0.04721546331246694	0.9912500000317891	0.7981500000635783
623	0.047467466906706494	0.9906166666984558	0.7967333333969117
624	0.0477076474905014	0.9908000000635783	0.7982500000317891
625	0.04795123875935872	0.9901333333333333	0.7970500000158945
626	0.04735951428413391	0.9912666666666666	0.7953666666984558
627	0.047611420365174614	0.9907333333333334	0.7968000000635783
628	0.04708970599969228	0.9906833333969116	0.7980500000635783
629	0.047536566678682966	0.9908	0.796116666730245
630	0.04875201482375463	0.9897500000317891	0.7946500000317891
631	0.048374214543898904	0.9903166666666666	0.794616666730245
632	0.04843042640686035	0.991266666730245	0.7925833333651224
633	0.04718444287180901	0.9912000000317891	0.7941000000635783
634	0.047904557577768965	0.9911666666666666	0.7935333333651224
635	0.04809815469781558	0.9906833333333334	0.7929833333333334
636	0.04771020447611809	0.9907000000635783	0.7945166667302449
637	0.04803523153066635	0.9909000000635783	0.7932500000635783
638	0.04847629973093669	0.9908333333969116	0.7893500000158946
639	0.04790037442048391	0.99065	0.7935
640	0.048088818220297494	0.9907333333969116	0.7927666666666666
641	0.04841461187601089	0.9911	0.7918500000317892
642	0.04781303435166677	0.9907333333333334	0.7905500000317891
643	0.04909915602604548	0.990616666730245	0.7892166667302449
644	0.04912553994655609	0.9904500000635783	0.7885000000635782
645	0.04848090613484383	0.9908833333333333	0.7882833333651225
646	0.04901638385852178	0.9909333333969116	0.78715
647	0.04851072876850764	0.9909333333333333	0.78825
648	0.04898836452166239	0.9905833333969116	0.7857333333651225
649	0.049198359485467275	0.9911	0.7856333333651225
650	0.049406146983305615	0.9908666666984558	0.7854166666666667
651	0.04885339539051056	0.9905833333969116	0.7861000000635783
652	0.049953659057617186	0.9908166667302449	0.7843
653	0.049080232711633046	0.9907833333651225	0.7852666666666667
654	0.048962017785509425	0.9903666666666666	0.7856833333333333
655	0.049223960240681965	0.9906	0.7850166666825612
656	0.050107211309671405	0.9900833333333333	0.7825333333333333
657	0.049925677529970805	0.99065	0.7830333333969116
658	0.04888814313411713	0.9906	0.7858500000158946
659	0.05023989143768946	0.9904333333333334	0.7812666666984558
660	0.04986382200519244	0.9907833333333333	0.7795666666666666
661	0.04979650090535482	0.9906	0.7830166666984558
662	0.04979398164351781	0.9907166666984558	0.7822500000158946
663	0.050149967962503435	0.9908833333969116	0.7795833333333333
664	0.04958385837475459	0.9909833333651225	0.7793666666984558
665	0.05028649344046911	0.9907666667302449	0.7802333333333333
666	0.049410673336187996	0.9908833333969116	0.7798166666666667
667	0.0504282971739769	0.99095	0.7758666666984558
668	0.05068576686382294	0.9903666666666666	0.7794833333492279
669	0.050982392172018685	0.99025	0.7771166666666667
670	0.05076018693049749	0.9908500000317891	0.7788333333333334
671	0.050187158203125	0.9904666666984558	0.7771333333969116
672	0.05028253141244252	0.9908333333651225	0.7769833333333334
673	0.05102559938033422	0.9905000000635783	0.7738666666984558
674	0.05009565579891205	0.9909166667302449	0.7768333333651225
675	0.05010353974501292	0.9908500000635783	0.7778166666666667
676	0.05085502715905507	0.9903500000635783	0.7745166666666666
677	0.0507921893397967	0.9898500000635783	0.7753333333492279
678	0.051731796991825105	0.9900333333333333	0.7715833333651225
679	0.05035169931550821	0.9907833333969116	0.7740000000635783
680	0.051029358915487925	0.9904500000635783	0.7747666666666667
681	0.05166045351425807	0.9902000000635783	0.772133333349228
682	0.050809192792574565	0.9910000000635782	0.7716333333969116
683	0.050877845851580304	0.9908500000635783	0.7712166666984558
684	0.05111215837200483	0.9907166666666667	0.7720666666666667
685	0.05110397382974625	0.990266666730245	0.7707833333651225
686	0.051344943332672116	0.9901666666666666	0.7693166667302449
687	0.051175149067242943	0.9906833333333334	0.7699666666825612
688	0.05105348526239395	0.9907333333969116	0.7707166666984558
689	0.05155572845141093	0.9906166666666667	0.771466666730245
690	0.05163417522509893	0.990466666730245	0.7680833333651225
691	0.05174016414880753	0.9902	0.7688833333333334
692	0.051309908819198606	0.9904166666666666	0.7674833333333333
693	0.05094595746596654	0.9908166666666667	0.7694166666984558
694	0.05195540023644765	0.9905666666666667	0.7676333333492279
695	0.052763793126742044	0.9907	0.7673166667302449
696	0.05170840288798014	0.99085	0.7673666666666666
697	0.051233579969406126	0.9909333333333333	0.7691833333651225
698	0.05197556496063868	0.9904166666666666	0.7665666666984559
699	0.05183934825261434	0.9913	0.7656833333333334
700	0.051837650958697	0.9907666666984558	0.76495
701	0.052810592118899026	0.9902166666666666	0.7595000000635783
702	0.051988938999176025	0.9903500000317892	0.7644000000317891
703	0.05178242496450742	0.9901000000317891	0.767716666730245
704	0.05219901949564616	0.9906333333333334	0.7653833333333333
705	0.052523950147628784	0.990616666730245	0.76285
706	0.053353797260920204	0.9900500000635782	0.7593833333651224
707	0.05258832283417384	0.9896833333969116	0.7640833333333333
708	0.05192382674217224	0.9906833333969116	0.7642166666984558
709	0.05276293438076973	0.9904833333333334	0.7616166666666667
710	0.05259063978989919	0.9905166666666667	0.763083333349228
711	0.05319967516263326	0.9896166666666667	0.7593166666666666
712	0.052965535819530486	0.9900833333969116	0.7568333333333334
713	0.05309860433737437	0.9903500000635783	0.7595333333651225
714	0.05285736008485158	0.9903666666984559	0.7584166666666666
715	0.05259419864018758	0.9905333333969116	0.7604500000317892
716	0.05302292869091034	0.9901	0.7594
717	0.052828137435515725	0.9900833333333333	0.7586500000158946
718	0.05349163513183594	0.9901833333969117	0.7574833333333333
719	0.053059286204973855	0.9901333333333333	0.7591666666984558
720	0.05396618305842082	0.9901833333969117	0.7556000000158946
721	0.053372605355580645	0.9904333333651225	0.7582666666666666
722	0.052972909633318584	0.990266666730245	0.7560666666825613
723	0.053338607557614645	0.9903833333651225	0.7558666666984558
724	0.05374251812696457	0.99015	0.7538833333651225
725	0.053177172247568766	0.9904000000635783	0.7533166666984558
726	0.053318368474642434	0.9907833333969116	0.7545333333651225
727	0.053412992473443346	0.9904000000635783	0.7541166667302449
728	0.05345532161792119	0.99025	0.7544666666825612
729	0.0531810143828392	0.9908166667302449	0.75455
730	0.05369693792263667	0.9909666666666667	0.7524500000158946
731	0.05393963912725449	0.9904833333969116	0.7510500000317891
732	0.05404721888303757	0.9898833333333333	0.7523666666666666
733	0.053415861376126604	0.9902833333651225	0.7524666666666666
734	0.05443505969444911	0.99055	0.7494166666666666
735	0.05406835324764252	0.9898833333969116	0.7499833333333333
736	0.05447978157997131	0.9905166666666667	0.75195
737	0.0536035879333814	0.9905000000635783	0.75325
738	0.053519786228736245	0.9906333333333334	0.7496500000317892
739	0.053707606105009714	0.9901	0.7495333333333334
740	0.05452340663274129	0.9903500000635783	0.7463666666984559
741	0.05441884532372157	0.9903333333651225	0.7473166666984558
742	0.054185136008262635	0.9904833333651225	0.7514
743	0.05500210912624995	0.9897833333333333	0.7443833333969117
744	0.054373485338687896	0.9904833333333334	0.7489000000158945
745	0.05552715632120768	0.9897333333333334	0.7459000000317891
746	0.05497244610786438	0.9909333333333333	0.7442166666825613
747	0.05502854861021042	0.9898833333333333	0.7462333333651224
748	0.05512820582588514	0.9895833333969116	0.7412333333969117
749	0.054935070395469666	0.9901	0.7452833333333333
750	0.05475194121599197	0.9898166667302449	0.7434
751	0.05460756230354309	0.9899833333969116	0.7432833333333333
752	0.05460957350730896	0.9900166666666667	0.7392166666666666
753	0.0546431524515152	0.9905333333333334	0.7431500000158946
754	0.05496880719661713	0.9903333333969117	0.7417166666666667
755	0.055691395898660026	0.9900333333333333	0.7418666666666667
756	0.05436537991364797	0.990666666730245	0.7445000000158946
757	0.055173562610149385	0.9901666666666666	0.7426500000317892
758	0.054843102633953096	0.9904333333333334	0.7402666666825612
759	0.05492058466672897	0.9907333333651225	0.7456666666984558
760	0.05438617252508799	0.9908166667302449	0.7393166666666666
761	0.055800512222448986	0.9903833333333333	0.7369500000158946
762	0.05662110594113668	0.9898000000635783	0.7370500000317891
763	0.05507857782840729	0.9898	0.7392666666666666
764	0.05513250971237819	0.9901000000635782	0.7402500000158946
765	0.05536676035722097	0.99035	0.7389000000158946
766	0.05547043666044871	0.9903333333333333	0.7415000000635783
767	0.0553522825996081	0.9900833333969116	0.7383333333651225
768	0.05506350570122401	0.9904833333969116	0.7383333333651225
769	0.055259268434842426	0.9901166666666666	0.7378666666666667
770	0.05613124675750732	0.9904333333333334	0.7381166666666666
771	0.056262660042444866	0.9897666667302449	0.7352833333492279
772	0.05573054445584615	0.9902833333333333	0.7332833333333333
773	0.055670548005898796	0.9905833333969116	0.7331500000317891
774	0.056142842094103494	0.9897166666666667	0.7343833333492279
775	0.05533795977433523	0.9899333333333333	0.73725
776	0.05643193475405375	0.9903833333969116	0.7308166666666667
777	0.056215932949384054	0.9903000000317892	0.7321666666666666
778	0.055874533114830656	0.9901500000635783	0.7368666667302449
779	0.056602651695410414	0.9901666666984558	0.73335
780	0.05596824412345886	0.9899333333333333	0.7342000000158946
781	0.057128598733743034	0.9900166666984558	0.7286333333333334
782	0.05673041779200236	0.9901333333333333	0.7300500000158946
783	0.05662871602773666	0.990266666730245	0.7313333333492279
784	0.05638604390223821	0.99015	0.7324666666825612
785	0.05597156145970027	0.9901833333651224	0.7306000000158945
786	0.05664852206707001	0.9898166667302449	0.7292833333333333
787	0.05621085653702418	0.9906666666666667	0.7285333333651225
788	0.05667673679590225	0.9900166667302449	0.7325833333492279
789	0.05689471805890401	0.9891333333651224	0.7261
790	0.056946569124857585	0.9897500000317891	0.7292000000317892
791	0.05651312660376231	0.9905	0.729766666674614
792	0.05691586500008901	0.9900666667302449	0.7295500000158945
793	0.05683853765328725	0.990416666730245	0.7264666666746139
794	0.05630265913009644	0.9900333333969116	0.7270333333651224
795	0.056281511135896044	0.9903666666666666	0.7261833333651225
796	0.05690106918414434	0.9902500000317891	0.7255833333492279
797	0.05744275985956192	0.9901000000317891	0.7237333333333333
798	0.05778069691260656	0.9903333333333333	0.7249666666984558
799	0.056777878344058993	0.9899500000635783	0.7271666666825612
800	0.05716657875378926	0.9902833333969117	0.7238166666825613
801	0.05769676027695338	0.9896	0.7247833333333333
802	0.05730987319946289	0.99075	0.7257500000079473
803	0.05695020478566488	0.9899666667302449	0.7255000000317892
804	0.05762761738697688	0.9896	0.7228000000317891
805	0.057021916762987776	0.9901333333651224	0.7268333333333333
806	0.05743690222899119	0.9902333333333333	0.7209
807	0.05729664093653361	0.99015	0.7234333333651225
808	0.05743159668048223	0.99	0.7259833333333333
809	0.057644561588764194	0.9895000000317892	0.7237833333651225
810	0.05769337456226349	0.990116666730245	0.7206833333492279
811	0.057130169181029	0.9902666666984558	0.7193833333651225
812	0.05726810164054235	0.9903000000635783	0.7211166666825612
813	0.05791388756831487	0.9903833333333333	0.7225833333492279
814	0.05759212193886439	0.990116666730245	0.7204666666825612
815	0.05723215067783991	0.99005	0.7215500000317892
816	0.05755736052195231	0.9899000000317891	0.7229833333492279
817	0.05733866127332052	0.9899166666666667	0.7188166666984558
818	0.05785725272099177	0.99035	0.7171333333492279
819	0.05845709207852681	0.9897333333651225	0.7176666666825613
820	0.05776664419968923	0.9899000000635783	0.7172833333333334
821	0.058095341070493065	0.9894333333651225	0.7148666666666667
822	0.058598444080352786	0.9896500000317892	0.7151666666666666
823	0.05838044980367025	0.9897833333333333	0.7171666666666666
824	0.0583232342004776	0.9898166666984558	0.71815
825	0.05777729212443034	0.9899	0.7212833333492279
826	0.05894036487738291	0.9894333333969116	0.7151500000158946
827	0.05834685845375061	0.9896833333333334	0.7139166666825613
828	0.05796321640014648	0.9897000000317892	0.7177666666825613
829	0.05888033492565155	0.9896500000635783	0.711616666674614
830	0.05753954000075658	0.98985	0.7151333333651225
831	0.05844860181013743	0.9902500000317891	0.71885
832	0.059026865196228025	0.9899166667302449	0.7104666666666667
833	0.05916259102423986	0.9902666666984558	0.7079000000317891
834	0.05994273263613383	0.98965	0.7079333333492279
835	0.05828415403763453	0.9901	0.7115000000317891
836	0.059134673849741616	0.9898333333969116	0.7149500000079473
837	0.059267991773287454	0.9891000000635782	0.710883333337307
838	0.058709711893399553	0.9900500000317891	0.7104333333333334
839	0.05847669723033905	0.9903166666984559	0.710733333349228
840	0.05932290015220642	0.98995	0.7080166666984559
841	0.05949267822901408	0.9901333333969117	0.7114
842	0.05866874293486277	0.9899166667302449	0.7068333333412806
843	0.05989673863252004	0.9892	0.7055000000317891
844	0.0599268968184789	0.989666666730245	0.7056333333333333
845	0.05821813969612122	0.9903666666666666	0.7153166666666667
846	0.060021577608585355	0.9897833333969116	0.7091500000317892
847	0.05931072440544764	0.9898333333333333	0.7075000000079473
848	0.0602792863647143	0.989516666730245	0.70355
849	0.059517622578144073	0.9889666667302449	0.7118000000158946
850	0.05899370750983556	0.9901	0.7078000000317891
851	0.059183488329251605	0.98995	0.7054
852	0.059561738789081574	0.9899666666984558	0.7102333333333334
853	0.059346457544962566	0.98995	0.7063500000158945
854	0.05931406239668528	0.9897333333333334	0.7079833333492279
855	0.05922354503472646	0.989616666730245	0.7075166666666667
856	0.05905963935057322	0.9902166666984558	0.7081666666746139
857	0.06081105910936992	0.98995	0.6978333333333333
858	0.05990609682401021	0.9898333333651225	0.7046333333412806
859	0.060895703792572024	0.9893833333333333	0.7015833333333333
860	0.06114130399624507	0.9889333333969116	0.7009833333333333
861	0.05976350988547007	0.9896833333333334	0.7071666666984558
862	0.05964061457713445	0.9897166666984558	0.7031000000158946
863	0.060049151929219564	0.9898166667302449	0.7075500000079473
864	0.060520831513404844	0.9894333333651225	0.6981333333412806
865	0.06047385269800822	0.98955	0.7011833333412806
866	0.05981090990702311	0.9899833333651225	0.7038500000158946
867	0.060716600863138834	0.9890833333969116	0.6992833333492279
868	0.0607453036348025	0.9888333333969116	0.7019166666666666
869	0.059761505893866224	0.9896333333333334	0.7067
870	0.06091497007608414	0.9896666666666667	0.6974333333651225
871	0.06019931431611379	0.9898	0.7004333333333334
872	0.06102063482602437	0.9890500000317891	0.7000000000158946
873	0.0604731603384018	0.9895000000635783	0.6971166666746139
874	0.06058550509611765	0.9899333333333333	0.69715
875	0.06055944464206695	0.9899333333969116	0.6958833333333333
876	0.060863954039414726	0.9893333333651225	0.6975166666666667
877	0.059878133352597555	0.990216666730245	0.6983666666984558
878	0.060345387649536134	0.989566666730245	0.7010833333333333
879	0.060874148186047874	0.9897333333969116	0.6970166666825612
880	0.060085623542467756	0.9899000000635783	0.6998666666984558
881	0.06043057942390442	0.9892000000317891	0.6940000000158946
882	0.06073145325978597	0.9891	0.6966500000158946
883	0.061238079810142516	0.9892	0.6958666666984558
884	0.060964914588133495	0.98975	0.6964
885	0.06094461105267207	0.9893333333333333	0.7012
886	0.061427689925829566	0.9897666666984558	0.6912
887	0.0602386537194252	0.9898833333333333	0.6988833333492279
888	0.06137950810988744	0.9893166666984559	0.69315
889	0.06097455906867981	0.990166666730245	0.6975000000317891
890	0.061341634607315065	0.9898833333969116	0.6895333333412806
891	0.06098717652956645	0.9898000000635783	0.6942333333333334
892	0.06052178896268209	0.9891	0.692516666674614
893	0.061187279876073204	0.9893333333651225	0.6972500000158945
894	0.062074754858016966	0.9890000000317891	0.6923
895	0.06132711414893468	0.9899833333333333	0.6885000000158946
896	0.06194819482167562	0.9896500000635783	0.6897500000079473
897	0.06163548374970754	0.9897833333651225	0.6941166666825612
898	0.061471225559711455	0.9897833333969116	0.6885833333492279
899	0.060600217350324	0.9899166666666667	0.6928833333651224
900	0.061392926224072775	0.9899833333969116	0.69175
901	0.06073040805657705	0.9899	0.6932166666984558
902	0.062028826959927875	0.9895666666666667	0.6896333333492279
903	0.061242271304130555	0.9894000000317892	0.6917666666706404
904	0.06254034196535746	0.9894500000635783	0.6841166666825612
905	0.06134559033711751	0.9900833333969116	0.6899666666984559
906	0.061499922100702924	0.9898333333969116	0.6949666666746139
907	0.061335104537010195	0.9898333333333333	0.6866
908	0.062318385616938275	0.9894166666666667	0.6832666666825612
909	0.062246151343981426	0.9891833333651224	0.6868
910	0.0619482402642568	0.9893000000317892	0.6858000000317891
911	0.06115093796054522	0.98985	0.6908333333333333
912	0.061662878978252414	0.9895500000635783	0.6891833333651225
913	0.061638954536120096	0.9893000000635783	0.6860000000158946
914	0.06189991217454274	0.9898000000635783	0.688366666674614
915	0.06182027254104614	0.9899833333969116	0.6808500000158946
916	0.06191425364812215	0.9900666666984558	0.684283333337307
917	0.062462806181112926	0.98945	0.6856666666666666
918	0.06200865375200908	0.989616666730245	0.6876333333333333
919	0.06143328612248103	0.9898833333651225	0.6843333333412807
920	0.06137750854889552	0.9897	0.6897000000158946
921	0.061259141278266906	0.9894500000635783	0.6903333333412807
922	0.06321919216314952	0.989466666730245	0.6777500000158946
923	0.06231771638393402	0.989116666730245	0.68595
924	0.06282938733498256	0.9887500000635783	0.6811333333412806
925	0.06301417313814163	0.9893833333969116	0.6859500000079473
926	0.06251030943393707	0.989416666730245	0.6778833333651225
927	0.0629232861161232	0.9889666667302449	0.6797833333492279
928	0.06260948086182276	0.9893666666666666	0.6784500000158946
929	0.06248306505680084	0.98965	0.6827000000317891
930	0.062227522484461464	0.9896166666666667	0.6841666666746139
931	0.0621349634885788	0.9895833333969116	0.6834666666825613
932	0.06199033257563909	0.99	0.6821166666746139
933	0.06287884856859843	0.9890333333969116	0.6839666666666666
934	0.06211725307305654	0.9891500000635783	0.6845833333412806
935	0.0625928804119428	0.9893833333333333	0.6817
936	0.06252281351486842	0.9892333333333333	0.680566666674614
937	0.06239550166924795	0.9894333333651225	0.6757833333412806
938	0.06363285903135936	0.9891333333969117	0.6811166666666667
939	0.06262413149674734	0.9896000000635783	0.6777666666666666
940	0.06348066671689351	0.9888166666666667	0.6745166666666667
941	0.06311686982313792	0.9897166666984558	0.6767166666666666
942	0.06272315769990285	0.989416666730245	0.6791666666706403
943	0.06276222143173217	0.989316666730245	0.6771333333651225
944	0.06314580715497335	0.9894833333969116	0.6770666666825612
945	0.06331626110076904	0.9893833333333333	0.6766333333412806
946	0.06276819172700246	0.9898500000635783	0.6807
947	0.06272908111810684	0.9898	0.6773
948	0.06290168310801188	0.9895666666666667	0.6760166666666667
949	0.0627968967517217	0.9891500000635783	0.6788666666666666
950	0.06367484125296274	0.9890333333969116	0.6756500000158946
951	0.06291368488470714	0.9892666666666666	0.6774166666706403
952	0.06313711644013723	0.9897833333969116	0.67415
953	0.06307949873606364	0.9892166666666666	0.6757333333333333
954	0.06380001459916433	0.9893500000635783	0.668516666674614
955	0.06366579527060191	0.989616666730245	0.6706
956	0.06279187641938527	0.9898500000317891	0.6771
957	0.06333555008570353	0.9892500000635783	0.6755833333412806
958	0.06365152204831441	0.9897000000317892	0.6707000000009934
959	0.06350866692463557	0.9892333333651224	0.6712500000158945
960	0.06333006711800893	0.9896833333651225	0.6703666666706403
961	0.06338922181129455	0.9894500000317892	0.67305
962	0.06337679946422577	0.989266666730245	0.6752833333333333
963	0.063530095744133	0.9896333333333334	0.6748166666666666
964	0.06302145450115204	0.98985	0.6742833333492279
965	0.06301919331947962	0.9894333333969116	0.6744500000079473
966	0.06373093157609304	0.9893833333333333	0.6685500000317891
967	0.06345320719480514	0.9893833333333333	0.6748666666825612
968	0.06310987471739452	0.9895166666666667	0.6756000000079473
969	0.06342408309777578	0.9895666666666667	0.6702833333651225
970	0.0638828208565712	0.9890333333333333	0.6702500000158945
971	0.06301763875087102	0.9896000000317892	0.6751333333333334
972	0.06383124121030172	0.9895666666984558	0.661783333337307
973	0.06338264472881953	0.9891500000635783	0.6676166666666666
974	0.06365960926214854	0.9895	0.6747000000317891
975	0.06290253644784291	0.9893833333333333	0.6748833333412806
976	0.06342300141255061	0.9892166666666666	0.6719166666746139
977	0.0640438902537028	0.9898000000317891	0.66595
978	0.0646738300760587	0.9897833333969116	0.65755
979	0.06403844750324884	0.989166666730245	0.6692500000317891
980	0.06499990472793579	0.9888166667302449	0.66585
981	0.06374786233107249	0.9890500000635782	0.669583333337307
982	0.06439767465591431	0.9893166666984559	0.661316666674614
983	0.06354590363502502	0.9892833333333333	0.6672666666984558
984	0.06366199351946512	0.9893833333969116	0.6673666666666667
985	0.06301148192485173	0.9901000000635782	0.6757333333492279
986	0.06438917767206828	0.9891666666984558	0.6660833333412807
987	0.06533057248592376	0.9889166666984558	0.6574
988	0.0650468604405721	0.9890333333333333	0.662
989	0.0641426789522171	0.9887333333651225	0.6690666666825612
990	0.0647271569887797	0.9890333333333333	0.6665000000317891
991	0.06355807165304819	0.9899833333651225	0.669116666674614
992	0.06504504556655884	0.989266666730245	0.6583166666666667
993	0.06394199946721395	0.9897666666984558	0.6600000000079473
994	0.06402844731410344	0.989366666730245	0.668366666674614
995	0.06555551959673564	0.9884833333969116	0.6574333333651224
996	0.06384483671983084	0.9895	0.6676333333492279
997	0.06442460341453553	0.98915	0.6644
998	0.06463422671159108	0.9885	0.6643500000079473
999	0.06401553095579147	0.9898166667302449	0.6583666666825613
1000	0.0640078618923823	0.9895166666666667	0.664516666674614
1001	0.06399837270577749	0.98925	0.6677333333333333
1002	0.06448973910013835	0.9892666666984559	0.6611833333492279
1003	0.0646509796778361	0.9891166666666666	0.6646166666746139
1004	0.06559292334715525	0.9890000000317891	0.6557000000079473
1005	0.06511228009859721	0.9891333333333333	0.665066666674614
1006	0.06411897955735525	0.9895500000317892	0.6636666666706403
1007	0.06499354892571767	0.9891666666666666	0.66555
1008	0.06461677446365356	0.98925	0.6664833333333333
1009	0.06470552574793498	0.989666666730245	0.6552666666706403
1010	0.06381316614151002	0.98925	0.6693166666666667
1011	0.06431458474000296	0.9896166666984558	0.6618166666666667
1012	0.06531374231179556	0.9894000000635783	0.661066666674614
1013	0.06470406242609024	0.9893	0.6592333333412806
1014	0.06473184382120768	0.9890000000635782	0.6609833333333334
1015	0.06544384050766627	0.98905	0.6573500000079473
1016	0.06434885286490122	0.9896166666666667	0.6571333333333333
1017	0.06471203024784723	0.9892333333651224	0.6594000000079473
1018	0.06415844147205353	0.98915	0.6601833333373069
1019	0.06506031685670217	0.9895500000635783	0.6589500000079472
1020	0.06511565889517466	0.98955	0.6587666666825612
1021	0.06475314833720525	0.9889166667302449	0.6650000000317892
1022	0.06549556487401327	0.989516666730245	0.649266666674614
1023	0.06506363392273586	0.9891666666666666	0.6599000000317892
1024	0.0649910031914711	0.9893833333969116	0.65495
1025	0.06544805959065755	0.9887833333333333	0.6520000000039736
1026	0.06495734315713246	0.9887833333969116	0.66215
1027	0.06562661101818085	0.9888	0.6597166666746139
1028	0.06508770928382873	0.9891500000635783	0.6555833333412806
1029	0.06525050767262777	0.9889166666984558	0.6588000000158946
1030	0.06542360791365305	0.9895666666984558	0.6483666666666666
1031	0.06466680258909861	0.989466666730245	0.6553333333492279
1032	0.06590588330427806	0.9885833333651225	0.6519
1033	0.06526867459217707	0.9893000000635783	0.6532666666825613
1034	0.06543297466834386	0.9890833333969116	0.6554500000079473
1035	0.06539209075768788	0.9895166666984558	0.6583500000158946
1036	0.06598944499492645	0.9886000000317892	0.6544
1037	0.06582365752855937	0.9888833333333333	0.6558500000158946
1038	0.06527692281405131	0.9892666666666666	0.6525166666666666
1039	0.06522801757653554	0.9893166666984559	0.654166666674614
1040	0.06582563613653183	0.98905	0.6482
1041	0.06561346891323726	0.9890666666666666	0.652166666674614
1042	0.06606135439872741	0.9892833333333333	0.6500666666666667
1043	0.06501079771518707	0.9885166666984558	0.6568833333412806
1044	0.06517349847952525	0.9894166666666667	0.64925
1045	0.06518284616470336	0.9894333333333334	0.6508333333333334
1046	0.06552032845020295	0.9894166666666667	0.6521833333333333
1047	0.06544579270680745	0.989366666730245	0.655416666674614
1048	0.06488976340293884	0.9892833333969117	0.6566666666666666
1049	0.06548304738998413	0.98955	0.6581833333412807
1050	0.06614499109188715	0.9886333333333334	0.6462
1051	0.06551965934435526	0.9896166666666667	0.6443666666706404
1052	0.06658663835525512	0.9889	0.6421166666706403
1053	0.06599587078094482	0.9888500000635783	0.6465833333412806
1054	0.06639252216815948	0.9891	0.6499833333492279
1055	0.06657670815785725	0.9889666667302449	0.6413333333333333
1056	0.06610109070936838	0.9891500000635783	0.6493833333412806
1057	0.06636157743136088	0.989	0.6478666666746139
1058	0.06584117007255554	0.9895833333333334	0.6527666666666667
1059	0.0661455052137375	0.9889333333969116	0.6411666666706403
1060	0.06543352460463842	0.989266666730245	0.653416666674614
1061	0.0662061883687973	0.9891500000635783	0.64525
1062	0.06661715053717296	0.9892666666984559	0.64085
1063	0.06611168307463328	0.9891166666666666	0.6497333333412806
1064	0.06591106763680776	0.9893500000635783	0.6473666666666666
1065	0.06660322964986165	0.9888000000635783	0.6411333333412806
1066	0.06613619304498036	0.9892333333651224	0.6506833333412806
1067	0.06564847474892935	0.9892333333333333	0.6503833333353202
1068	0.0663622061808904	0.989616666730245	0.6381333333333333
1069	0.06645159933169682	0.9885	0.6429
1070	0.06608933850924174	0.9887000000317892	0.6483333333333333
1071	0.06639696773687999	0.9892500000635783	0.654116666674614
1072	0.06585337731838227	0.9889000000635783	0.6495833333412806
1073	0.06598434403737385	0.9893833333333333	0.6462833333333333
1074	0.06582125334739686	0.9892333333333333	0.6516666666666666
1075	0.0666129024386406	0.98935	0.6368833333333334
1076	0.06581243553161621	0.9894000000635783	0.64275
1077	0.06620163142681122	0.9894500000635783	0.6486666666746139
1078	0.0669814378062884	0.989516666730245	0.6444333333412806
1079	0.06629337640603383	0.9895333333651225	0.6360166666706403
1080	0.06744899491469065	0.988366666730245	0.6400666666666667
1081	0.06650257716973623	0.9884666666666667	0.6435500000158946
1082	0.0661045297463735	0.9894666666666667	0.6425666666666666
1083	0.06723518346945445	0.9892666666666666	0.6341833333412806
1084	0.06625244895617168	0.9893833333333333	0.6524666666666666
1085	0.06634550209840138	0.98915	0.6509333333492279
1086	0.0666179142634074	0.9891000000317891	0.6424500000158946
1087	0.06637314465840657	0.9895	0.64015
1088	0.06782524700959523	0.9883666666666666	0.6398000000019868
1089	0.06703452705144883	0.9887666666666667	0.6373333333412806
1090	0.06670631048679351	0.9890666667302449	0.6402166666706403
1091	0.06738743508656819	0.9886333333651225	0.6365666666825612
1092	0.0666176110982895	0.9885833333333334	0.6460500000079473
1093	0.06720451254844666	0.9883833333333333	0.6465666666746139
1094	0.06582072514692942	0.9892666666666666	0.64935
1095	0.0662972551981608	0.9890333333333333	0.6429333333492279
1096	0.06638742083708445	0.9889000000635783	0.6412500000079473
1097	0.06649809130032858	0.9895166666984558	0.6463833333333333
1098	0.06674905196825663	0.9891166666666666	0.6407666666706403
1099	0.06664827588399251	0.9890166666666667	0.6435000000039737
1100	0.06613915462493897	0.990116666730245	0.6400666666666667
1101	0.06651975416342418	0.9894833333651225	0.644783333337307
1102	0.06656327507495881	0.9892833333333333	0.6352166666666667
1103	0.06680296541452407	0.98915	0.6394166666666666
1104	0.06663274508317311	0.9893000000635783	0.64625
1105	0.06711942168076833	0.9887333333651225	0.6349666666706403
1106	0.06737391367355983	0.9883500000635783	0.6421500000079473
1107	0.06699714692433675	0.9888833333969116	0.6338833333492279
1108	0.06702207256952922	0.9888500000317891	0.6454166666706403
1109	0.06687093578179677	0.9886	0.6351666666666667
1110	0.0673784385283788	0.9892166666666666	0.6406333333333334
1111	0.0667349292198817	0.9887333333651225	0.6440500000079473
1112	0.06687254093488057	0.98895	0.6367333333412806
1113	0.06672193494637807	0.9890666667302449	0.6319166666706403
1114	0.06749285293420156	0.9890666667302449	0.6277333333412806
1115	0.06606207713286082	0.9895666666666667	0.641633333337307
1116	0.06696758627096812	0.9889333333651225	0.6408666666706403
1117	0.06687235283851624	0.9888333333969116	0.6398
1118	0.06695143582026164	0.9890166666666667	0.6385500000079473
1119	0.06698790890375773	0.989666666730245	0.6352166666706404
1120	0.06698167181015015	0.9892666666666666	0.640983333337307
1121	0.0671320587237676	0.9888	0.6338333333333334
1122	0.06739552982250849	0.9888166666666667	0.6319333333412807
1123	0.06666951005458832	0.9889333333333333	0.6379000000039736
1124	0.0666675929069519	0.9892833333333333	0.6425666666746139
1125	0.06672994194030761	0.9893833333651225	0.6426666666706403
1126	0.06735241654316584	0.9884833333333334	0.639366666674614
1127	0.06687729532718659	0.9890666667302449	0.6319
1128	0.06645168220996857	0.9890833333333333	0.6447666666746139
1129	0.06692808594703674	0.9893166666984559	0.6338500000039736
1130	0.06642849555412929	0.98875	0.6456166666666666
1131	0.06755604406197865	0.9890500000635782	0.6302666666706404
1132	0.06774651528994242	0.9881666666984558	0.6431166666706403
1133	0.06671278002262115	0.9888666666984558	0.6409333333333334
1134	0.06849120915730794	0.9883500000635783	0.6150666666666667
1135	0.06716065386931101	0.9884333333333334	0.6398166666686534
1136	0.0669706109046936	0.9890833333651224	0.6349166666825612
1137	0.06707473622957866	0.9891000000635782	0.6361333333333333
1138	0.06742903930346171	0.989316666730245	0.6287
1139	0.06734034070968628	0.9890000000317891	0.6295833333412806
1140	0.06743981188933054	0.988616666730245	0.6301000000009934
1141	0.06760349442958832	0.9884833333333334	0.6362833333333333
1142	0.0690024435043335	0.987616666730245	0.62675
1143	0.06711684586207071	0.9888000000317891	0.6369666666666667
1144	0.0667744617621104	0.9891	0.6385833333333333
1145	0.06664252223968506	0.98855	0.6458500000079472
1146	0.06745761358737945	0.9895166666666667	0.6295166666666666
1147	0.06843321014245352	0.9893333333969117	0.622333333337307
1148	0.0666743374745051	0.9892833333969117	0.6374833333333333
1149	0.0673585603237152	0.9886000000317892	0.6310333333333333
1150	0.06694649471441905	0.9893333333333333	0.6333000000079473
1151	0.06742003596623738	0.9888000000635783	0.6336333333333334
1152	0.06648220493793487	0.989316666730245	0.6404333333492279
1153	0.0667985957702001	0.9888666666666667	0.6346833333412806
1154	0.06799985105991363	0.9885166666666667	0.6281500000039737
1155	0.06763246604601542	0.9888	0.6317833333353201
1156	0.06746249454816182	0.9889000000635783	0.6350833333412806
1157	0.06712008730570475	0.9888333333333333	0.6381000000039736
1158	0.06687378570238749	0.9889333333333333	0.633083333349228
1159	0.06751378504832585	0.9892333333651224	0.6292
1160	0.06762386208375296	0.9889666666984558	0.6299833333412806
1161	0.0671336364030838	0.9890000000635782	0.6339666666825612
1162	0.06840669324398041	0.98915	0.6209166666686535
1163	0.06698260601361593	0.9888000000317891	0.6382166666666667
1164	0.06779489941596985	0.9892666666666666	0.6261000000039736
1165	0.06721384959220886	0.989166666730245	0.634916666674614
1166	0.06745660211245219	0.9893833333969116	0.639316666674614
1167	0.06745677905877431	0.9891166666666666	0.6352833333492279
1168	0.06765745474497477	0.9893166666666666	0.6352
1169	0.06782363482316335	0.9892166666666666	0.6198166666666667
1170	0.067433003616333	0.98915	0.6327833333353201
1171	0.06751260894139607	0.9892833333333333	0.6289333333412807
1172	0.06820006210803986	0.9886833333651225	0.621983333349228
1173	0.06832754526933034	0.9888500000317891	0.6226166666746139
1174	0.06759827826023102	0.9890500000635782	0.633866666674614
1175	0.06745587896505992	0.9882	0.6324333333333333
1176	0.06794001903533936	0.9882333333333333	0.6294000000039737
1177	0.06712764923572541	0.9892833333333333	0.639
1178	0.06897576466401419	0.9877166666984558	0.6219166666706403
1179	0.06754375787576039	0.9885666666984558	0.628916666674614
1180	0.0671466249704361	0.9892333333651224	0.6349500000079473
1181	0.06810306499799093	0.9888333333333333	0.629233333337307
1182	0.06708947997093201	0.9890333333333333	0.6412000000079473
1183	0.06902104958693187	0.9883333333651225	0.6254833333412806
1184	0.0686320908943812	0.9883166666666666	0.6301666666666667
1185	0.06942768234411875	0.9884666666666667	0.621116666674614
1186	0.06793583703438441	0.98855	0.6284166666746139
1187	0.06881043972969055	0.9890166667302449	0.6179666666666667
1188	0.06791633276939392	0.9889000000635783	0.6279166666825612
1189	0.06756351075172425	0.9893500000317892	0.6240666666706403
1190	0.06707047650814056	0.9887833333969116	0.6382000000158946
1191	0.06789005306561788	0.98865	0.6333333333353202
1192	0.06758350423574448	0.9894500000635783	0.6261666666706404
1193	0.06773630621433258	0.9891833333969117	0.6318666666666667
1194	0.06846690215269724	0.9885166666984558	0.6244166666686535
1195	0.0684449150721232	0.9888166667302449	0.6215333333492279
1196	0.06784860663414001	0.9889666666666667	0.6311833333333333
1197	0.06746465310255687	0.989266666730245	0.62845
1198	0.06879216113885243	0.9885166666666667	0.6286166666686535
1199	0.06721476764678955	0.9889666667302449	0.6333333333492279
1200	0.0678902839422226	0.9888833333333333	0.6197000000039736
1201	0.06862011626561483	0.9883000000317892	0.62665
1202	0.06831069964567821	0.98855	0.6182166666706403
1203	0.06766180997292201	0.9888	0.6326166666825612
1204	0.06742818870147069	0.9888666666666667	0.6338666666666667
1205	0.06710474277337392	0.9889	0.6309833333412806
1206	0.06823947734832764	0.988366666730245	0.6292
1207	0.06847833262284597	0.9893500000317892	0.6231500000079473
1208	0.06818155756791433	0.9891333333651224	0.6229
1209	0.06733003240426381	0.98885	0.630433333337307
1210	0.06820781103769938	0.98875	0.6250666666676601
1211	0.06769237361749013	0.9886	0.62955
1212	0.0674008377313614	0.9886666666984558	0.6349500000039736
1213	0.06837807734012603	0.9883666666984559	0.6292166666666666
1214	0.06772309787273408	0.989616666730245	0.6203833333333333
1215	0.06800676982402802	0.9889666666666667	0.6241666666706404
1216	0.06882317981719971	0.9879333333333333	0.6288666666825612
1217	0.0678382429599762	0.9887666666984558	0.6271166666686535
1218	0.06822093029816946	0.9882	0.6244000000019868
1219	0.06847402001221975	0.9889166667302449	0.6184500000039737
1220	0.06775065316359202	0.9893833333651225	0.6259166666706403
1221	0.06847480314572651	0.9888833333969116	0.6270666666666667
1222	0.0694183102607727	0.9879000000635783	0.6227333333353201
1223	0.06873297934532166	0.9881500000317891	0.6192333333333333
1224	0.06757365464369455	0.9891000000635782	0.6258166666686535
1225	0.06812599956989289	0.9888833333969116	0.6305500000158946
1226	0.06835567546685536	0.9888833333333333	0.622633333337307
1227	0.06758185322284699	0.9887333333969116	0.6258833333412807
1228	0.06794084357420603	0.9890333333969116	0.6264500000039737
1229	0.06797688196500143	0.9888166666666667	0.6243000000079473
1230	0.0676903174440066	0.9888833333333333	0.6316000000079472
1231	0.06816185970306396	0.9891166666984558	0.6301333333412806
1232	0.06736688738663991	0.9891166666984558	0.6293666666825612
1233	0.06779813320636749	0.9888833333333333	0.6163166666706403
1234	0.06825018433729807	0.9890333333969116	0.6159166666825613
1235	0.06878374368349711	0.988516666730245	0.6220166666706403
1236	0.06851837917168935	0.9888333333969116	0.6148833333333333
1237	0.06756129548549653	0.9890333333651224	0.6348666666666667
1238	0.0676664104382197	0.9889666667302449	0.619783333337307
1239	0.06894296887715658	0.9889333333969116	0.6166833333412807
1240	0.06690031543572744	0.989166666730245	0.6333500000039737
1241	0.06900532457033794	0.9884833333969116	0.61345
1242	0.06822114353179931	0.9885333333333334	0.6266666666666667
1243	0.0693686883687973	0.9885333333651225	0.6211500000079473
1244	0.06912143861452738	0.9886333333651225	0.6187166666666667
1245	0.06843682006200155	0.9896	0.6183166666746139
1246	0.06951962535381317	0.9882333333333333	0.6175500000079472
1247	0.06883710452715555	0.9888833333333333	0.6225000000039737
1248	0.06828501420815786	0.9887833333969116	0.6217666666666667
1249	0.06916912983258565	0.9890333333969116	0.6097833333412807
1250	0.06897223955790202	0.9885500000635783	0.6239500000004967
1251	0.06941691094239553	0.9879333333333333	0.6201666666676601
1252	0.06839901914596558	0.9891500000635783	0.6135666666686534
1253	0.06800098890463512	0.9887833333333333	0.6258833333353202
1254	0.0687347278436025	0.9885500000635783	0.61946666666766
1255	0.06756546501318614	0.9893666666666666	0.6265333333333334
1256	0.0681169413725535	0.9887166667302449	0.617966666674614
1257	0.06746965696016947	0.9888333333969116	0.6331833333492279
1258	0.06912971494992574	0.9889166667302449	0.6065833333353201
1259	0.0684413822889328	0.9886833333333334	0.6195333333412806
1260	0.06870886912345886	0.9895333333651225	0.6119833333333333
1261	0.06872344703674316	0.9889666667302449	0.6227666666686534
1262	0.06787676958243052	0.9891666666666666	0.618383333337307
1263	0.06839536008834839	0.9887666666666667	0.624233333337307
1264	0.06832748367786408	0.988616666730245	0.6135
1265	0.06822617380619049	0.9889166666666667	0.6251166666666667
1266	0.06951588993072509	0.9885	0.6073500000079473
1267	0.06957664465109507	0.9881166666666666	0.6168500000039736
1268	0.0698203284184138	0.9887666666984558	0.5993333333412806
1269	0.06980803045431773	0.9879833333651225	0.6176666666706403
1270	0.0678354204416275	0.9888666667302449	0.6219166666825613
1271	0.06836932666301727	0.9887833333333333	0.6270833333333333
1272	0.06926105017662049	0.9883833333333333	0.6184666666666667
1273	0.06804036476612091	0.989216666730245	0.6169833333333333
1274	0.06816224753061931	0.9887000000635783	0.624483333337307
1275	0.06862709511121114	0.9890500000317891	0.6084000000039737
1276	0.06859941447575887	0.9891166666666666	0.6194
1277	0.06779510022004445	0.9886000000635783	0.6234333333333333
1278	0.06892433070341746	0.9890833333969116	0.6117500000079473
1279	0.06897209552129109	0.9888166667302449	0.60825
1280	0.06847147300243378	0.9888833333651225	0.62275
1281	0.06918810550371805	0.9884333333333334	0.6139166666706403
1282	0.06865384695529937	0.9884000000635783	0.611433333337307
1283	0.06836842305660248	0.9884000000635783	0.6162666666706403
1284	0.06811363118489583	0.9889833333651225	0.6219833333333333
1285	0.06908643685976665	0.9890666667302449	0.6158666666686535
1286	0.06941630333264669	0.988316666730245	0.6065333333412806
1287	0.06865770839850108	0.988566666730245	0.6210500000019868
1288	0.0690981394370397	0.98875	0.6089000000019869
1289	0.06874020131429036	0.9887500000317891	0.6206500000009935
1290	0.0699526892344157	0.9881833333651224	0.613966666674614
1291	0.06838431301911672	0.9887666666984558	0.619133333337307
1292	0.06913344172636668	0.9890666667302449	0.6217666666706403
1293	0.06803140817483266	0.9887	0.6205333333343267
1294	0.06923973356088002	0.9886000000317892	0.6133500000079473
1295	0.06807137313683828	0.9884000000317892	0.6230666666676601
1296	0.06923394984404246	0.98915	0.6045833333333334
1297	0.06908382229804992	0.9886333333651225	0.6192500000039737
1298	0.06966965555349985	0.9884000000317892	0.6160000000039736
1299	0.06936725118160247	0.9885666666666667	0.6044000000019868
1300	0.06875208800633749	0.9885333333969116	0.6122333333412806
1301	0.06919043955008189	0.9889500000635782	0.614666666674614
1302	0.06821536741256713	0.9888833333333333	0.6195
1303	0.06865885844230651	0.9890666666984558	0.6143666666686535
1304	0.06954771018822987	0.9883166666666666	0.6119166666706403
1305	0.06840150105158488	0.989316666730245	0.61835
1306	0.06800554095904032	0.9892166666984558	0.6203166666746139
1307	0.06886449864705403	0.9887333333333334	0.6229
1308	0.06818888009389242	0.9893000000635783	0.6158333333333333
1309	0.06904451382954915	0.9883833333969116	0.6126000000079472
1310	0.06825815223852794	0.9886166666984558	0.6132500000158946
1311	0.06878690295219421	0.9879666667302449	0.623266666674614
1312	0.0685749708890915	0.9890166666666667	0.6224333333333333
1313	0.06846561623414357	0.98825	0.6175500000079472
1314	0.06820371898810068	0.9888666667302449	0.6155833333353201
1315	0.0685131510814031	0.9890333333651224	0.610616666674614
1316	0.06836373026371002	0.9889500000635782	0.6193000000079473
1317	0.06881541644732157	0.9886666666984558	0.6105833333412806
1318	0.07044567364851634	0.9884166666666667	0.6005833333333334
1319	0.06919114264647167	0.9881666666666666	0.613433333337307
1320	0.06912753796577453	0.9888166667302449	0.6094166666706403
1321	0.06867248147328694	0.9890166667302449	0.6163333333333333
1322	0.06827619779109954	0.9888666667302449	0.62205
1323	0.0686982050816218	0.9884666666984558	0.6150500000039737
1324	0.06936798671086629	0.9888166666984558	0.6026666666706403
1325	0.06920993956724802	0.9889833333333333	0.5971500000004967
1326	0.06806016586224238	0.9890333333969116	0.6285500000079473
1327	0.06936060321331024	0.9882166666666666	0.6093000000079473
1328	0.06870089810689291	0.9888	0.6204333333412806
1329	0.06827666147549948	0.9887833333969116	0.6113666666706403
1330	0.0696994442542394	0.98895	0.6037500000039736
1331	0.06858487772941589	0.9891333333651224	0.6189000000019869
1332	0.06940757131576539	0.9887500000635783	0.5970000000039737
1333	0.07044421116511027	0.9883500000317892	0.60565
1334	0.06855397833983104	0.9887000000635783	0.5965000000079473
1335	0.06873386398156484	0.9885166666984558	0.6161666666666666
1336	0.06858268498579662	0.988466666730245	0.6146000000039736
1337	0.06884631983439128	0.9893000000635783	0.6036
1338	0.0690857119957606	0.9890333333333333	0.6112166666686535
1339	0.06918230306307475	0.9889166667302449	0.6015833333412807
1340	0.068195765209198	0.9888	0.6118000000039736
1341	0.06808047604560852	0.988666666730245	0.6141000000079473
1342	0.06908685479958852	0.9886333333969116	0.6070000000079473
1343	0.06986937739054362	0.9883500000317892	0.6076166666686534
1344	0.06805271535714467	0.9894	0.6070000000079473
1345	0.06917651122411092	0.9886666666666667	0.608733333337307
1346	0.06867490283648173	0.9895833333333334	0.6067000000079473
1347	0.06917415060997009	0.9887666666984558	0.613016666674614
1348	0.06892135727405548	0.9887833333651225	0.6110833333333333
1349	0.07075475005308787	0.9876666666666667	0.6070833333412806
1350	0.06795434639453887	0.9889	0.6107500000079473
1351	0.06794350813229878	0.9890833333969116	0.6179333333373069
1352	0.06827516949971517	0.9893333333333333	0.6112166666706403
1353	0.06942005093097686	0.9884833333969116	0.6090166666686535
1354	0.06898259658018747	0.9884166666984558	0.6124833333333334
1355	0.06845115541617075	0.989116666730245	0.608233333337307
1356	0.06789533807436625	0.9890666667302449	0.6178166666706403
1357	0.06880645767052969	0.9889333333651225	0.6116666666666667
1358	0.06903261722723643	0.9888333333969116	0.6000166666671634
1359	0.0690188001314799	0.9892500000635783	0.6058500000079473
1360	0.06880155951976775	0.9887666666666667	0.6099666666706403
1361	0.06898170091311137	0.9888	0.5986
1362	0.06856789028644562	0.989416666730245	0.6048500000079473
1363	0.06871994897524515	0.9890500000635782	0.6109833333373069
1364	0.06944478759765625	0.9890000000635782	0.6060000000019868
1365	0.06976460203329722	0.9888000000635783	0.5951833333333333
1366	0.06953138648668925	0.9885833333333334	0.60638333333383
1367	0.06939249323209126	0.9892	0.6047833333373069
1368	0.06938318113485972	0.9888166666984558	0.5982666666706403
1369	0.06915490191777547	0.9888000000635783	0.6012000000039737
1370	0.06934837419986725	0.9885166666666667	0.6148833333412806
1371	0.06933732044696808	0.98865	0.5997333333353202
1372	0.06887988398869832	0.9893333333333333	0.6024666666686534
1373	0.06916204128265381	0.988216666730245	0.5977833333353202
1374	0.06869995472431183	0.9890833333333333	0.6148166666686535
1375	0.06895785353183746	0.9889500000635782	0.6063166666666666
1376	0.06920403842528661	0.989	0.6055333333333334
1377	0.06897662476698557	0.988666666730245	0.6143500000039737
1378	0.06884185670216879	0.9888333333333333	0.6041166666686535
1379	0.06875640951792399	0.9885500000635783	0.6103
1380	0.06931792980829875	0.9888	0.5998166666706403
1381	0.06941546785831451	0.9887666666666667	0.6072833333412806
1382	0.07259897300402324	0.98655	0.5943166666746139
1383	0.0700335604429245	0.9885333333651225	0.6005166666666667
1384	0.06893294351100922	0.9884000000635783	0.5986
1385	0.06878741048177084	0.9889333333651225	0.6093666666746139
1386	0.06905790580113728	0.9893000000635783	0.603333333337307
1387	0.06901868869463602	0.9887000000635783	0.6027000000079473
1388	0.07037337297598521	0.988666666730245	0.5984500000019868
1389	0.06987437351544698	0.9887500000317891	0.5969666666666666
1390	0.06896348625818888	0.9883333333651225	0.6123666666706403
1391	0.07001533455848694	0.988216666730245	0.6019166666706403
1392	0.06850099509557088	0.9886	0.6175666666666667
1393	0.06909420499801636	0.989266666730245	0.6074666666666667
1394	0.06920238463083903	0.9890500000317891	0.6020500000079473
1395	0.06842089524269104	0.989316666730245	0.612966666674614
1396	0.06913469437360764	0.9890666666984558	0.6075
1397	0.06851841765244802	0.9888000000635783	0.61835
1398	0.06901752336025238	0.9894000000317892	0.6075333333412806
1399	0.06949013735453288	0.9888166667302449	0.5985166666666667
1400	0.06882255092461904	0.9886833333333334	0.60295
1401	0.06869982790152232	0.9891000000317891	0.6074333333412806
1402	0.06897945737838745	0.9888333333651225	0.6034000000019868
1403	0.06921139635245005	0.9890166667302449	0.6075000000039736
1404	0.06931011072794596	0.9887000000635783	0.6004666666706403
1405	0.06918424106438954	0.9887	0.60941666666766
1406	0.07139082358678182	0.9877666667302449	0.5986333333412807
1407	0.0693381432612737	0.9885500000317892	0.6010333333333333
1408	0.06941062829494477	0.9887000000317892	0.6075
1409	0.0699772074619929	0.9886166666984558	0.5933833333333334
1410	0.07032173352241516	0.988516666730245	0.5959333333412806
1411	0.06889069834550222	0.9890000000317891	0.6046500000019869
1412	0.07012685860395432	0.9885833333333334	0.6018000000039736
1413	0.0698663835922877	0.9880333333969116	0.6056333333333334
1414	0.06921373457113902	0.9892333333651224	0.6025
1415	0.06903372917175293	0.98915	0.5950000000039737
1416	0.06859821805159251	0.9884333333651225	0.6116166666706403
1417	0.068587624557813	0.9889833333333333	0.6056500000019869
1418	0.06865210129419963	0.989266666730245	0.6025500000039736
1419	0.06936286546389261	0.988316666730245	0.5981333333333333
1420	0.06989936497211456	0.9889	0.612733333337307
1421	0.06941932481924692	0.9892500000317891	0.6043166666666666
1422	0.06925711177984874	0.9889000000635783	0.603133333337307
1423	0.06915160351594289	0.9892333333333333	0.6057666666706403
1424	0.06910029745896658	0.9882333333651224	0.6042666666706403
1425	0.06964109746615092	0.9883833333333333	0.5988666666706403
1426	0.06910576179027557	0.9887	0.6064833333412806
1427	0.06974078803857167	0.9886166666984558	0.6007833333412806
1428	0.06896834535996119	0.9888666666666667	0.600766666674614
1429	0.07073863216241201	0.9881833333333333	0.5976500000039736
1430	0.06953376677036285	0.9884166666666667	0.5933
1431	0.06983216234842936	0.98855	0.586983333337307
1432	0.06930115869839987	0.9889	0.6001166666706403
1433	0.06954212125142416	0.9885833333969116	0.6010000000004967
1434	0.06894775589307149	0.9888500000317891	0.6092833333333333
1435	0.07155409586429597	0.988216666730245	0.5909166666666666
1436	0.06977465627193451	0.9888666666984558	0.5917166666706403
1437	0.06984975119431813	0.9889166666666667	0.5903000000039736
1438	0.06924246514638265	0.9888833333651225	0.6063833333333334
1439	0.06926848928133647	0.9889833333969116	0.5991666666686535
1440	0.06954358634154002	0.9889833333333333	0.6025333333333334
1441	0.06892985492547353	0.9889000000635783	0.6051166666706403
1442	0.06941994731426239	0.98825	0.6008166666706403
1443	0.0689423593044281	0.9891333333969117	0.6032166666746139
1444	0.07046804831027985	0.9880000000317891	0.5920000000079473
1445	0.06939650126298269	0.989266666730245	0.5987166666666667
1446	0.07027230638662973	0.98915	0.5893833333338301
1447	0.06934125250975291	0.9891833333333333	0.6038333333333333
1448	0.07022548491160074	0.9885166666666667	0.5917166666706403
1449	0.06985527750651041	0.9888000000317891	0.593383333337307
1450	0.07217980545361836	0.9890166666666667	0.5345333333333333
1451	0.0717143415927887	0.9891000000635782	0.55168333333383
1452	0.07158791426817576	0.989116666730245	0.5423000000009934
1453	0.07260001607735951	0.9887333333969116	0.533583333337307
1454	0.07168053600788117	0.9887666666984558	0.5435833333333333
1455	0.07186562742392222	0.9882833333969117	0.54148333333383
1456	0.07200322869618733	0.9882500000317891	0.5464833333333333
1457	0.07369343373775482	0.9881833333333333	0.5353333333353202
1458	0.07157330355644226	0.9890833333333333	0.5454666666671634
1459	0.07174424039522807	0.9892666666666666	0.5417666666746139
1460	0.07158130412896474	0.9886833333333334	0.5578166666706403
1461	0.07118660148779551	0.9886	0.5570000000039736
1462	0.07252460712591807	0.9886833333333334	0.5465833333343267
1463	0.07159026974042257	0.9887666666984558	0.5450166666686534
1464	0.07143002355893453	0.988566666730245	0.55825
1465	0.07137981123924256	0.988616666730245	0.5489333333343267
1466	0.07170400374730428	0.9886333333651225	0.5588500000004967
1467	0.0713040485461553	0.9885166666666667	0.5636333333343267
1468	0.07075881648858388	0.9888833333969116	0.5588666666666666
1469	0.07214159106413523	0.9885166666666667	0.5517000000019868
1470	0.07160581718285879	0.9887000000317892	0.5408500000039737
1471	0.07276884969075521	0.9887666666666667	0.5355666666666666
1472	0.07179469940662384	0.9888666666666667	0.5447166666706403
1473	0.07151481771469116	0.989	0.5460666666706403
1474	0.07104524041016896	0.9888000000317891	0.5535500000019868
1475	0.07176492319901784	0.9887833333333333	0.5472166666706403
1476	0.07258790749708811	0.9881333333333333	0.53453333333383
1477	0.07132819036642711	0.9882333333969117	0.5627166666666666
1478	0.07202800957361857	0.9887833333969116	0.5446666666686535
1479	0.07136143303712209	0.9888333333333333	0.5513
1480	0.07125985177357992	0.9894500000635783	0.5402833333353202
1481	0.07182359145482381	0.9885666666666667	0.5422333333333333
1482	0.07295969621340434	0.9880166666666667	0.5451666666686535
1483	0.0717469229777654	0.9881666666666666	0.5426333333333333
1484	0.07160810209115347	0.9887000000635783	0.54263333333383
1485	0.07248037445545197	0.9888166666666667	0.5439666666666667
1486	0.07121813883781433	0.9887666666666667	0.5535666666666667
1487	0.07130460206667583	0.9895500000317892	0.5448833333333334
1488	0.07061137283643086	0.9889833333651225	0.56025
1489	0.07112233947912852	0.9886000000317892	0.553083333337307
1490	0.07189922638734182	0.9886333333333334	0.5499666666706403
1491	0.07109096759955089	0.9891666666666666	0.54655
1492	0.0711647842168808	0.989	0.5509166666746139
1493	0.07161855088075002	0.9889000000635783	0.54575
1494	0.07064202219645183	0.9891833333651224	0.5523833333412806
1495	0.07161909983158112	0.9887666667302449	0.5509500000079472
1496	0.0729244293530782	0.9876	0.5473666666666667
1497	0.07167458070119222	0.9889833333333333	0.55085
1498	0.07216740435759227	0.9880333333651224	0.547683333337307
1499	0.07274965411822001	0.9878666666666667	0.5453166666666667
