epoch	loss	acc	certified
0	5.318945485687256	0.00604	0.00604
1	5.226103363647461	0.011880000001192093	0.011880000001192093
2	5.089442075805664	0.019360000002384185	0.019360000002384185
3	4.856795342254639	0.03725000000059605	0.03725000000059605
4	4.717334209289551	0.05070000000357628	0.05070000000357628
5	4.6193725956726075	0.06253	0.06253
6	4.545114631958008	0.07191	0.07191
7	4.482757869110108	0.07989999999880791	0.07989999999880791
8	4.425857969665527	0.08744000000238418	0.08744000000238418
9	4.365765518493652	0.09712	0.09712
10	4.317332914733886	0.10353000000715255	0.10353000000715255
11	4.271459785614014	0.1112	0.1112
12	4.226411188659668	0.11705000000476837	0.11705000000476837
13	4.1878458045959475	0.12297000000476838	0.12297000000476838
14	4.144203486480713	0.12944999999523163	0.12943999999523162
15	4.111803957061768	0.13466000000715256	0.13466000000715256
16	4.081739827575683	0.13966000000476836	0.13966000000476836
17	4.0487450338745115	0.14619999999523162	0.14619999999523162
18	4.020106697845459	0.14990000001430512	0.1498900000143051
19	3.9909408221435547	0.15498000001430512	0.1549700000143051
20	3.970617570800781	0.15925000000953674	0.15924000000953675
21	3.9413043083190917	0.16314000001430512	0.16312000001430513
22	3.9185693949890137	0.1665100000143051	0.16650000001430512
23	3.896891005859375	0.1707	0.17068
24	3.8764899137878417	0.17483000000476837	0.17478000000476837
25	3.8583521448516844	0.17898999999523163	0.17896999999523164
26	3.837703316040039	0.18069000000476837	0.18064000000476838
27	3.8230970704650877	0.1840000000143051	0.18396000001430513
28	3.8070634176635743	0.18797000000476838	0.18789000000476838
29	3.787953410949707	0.18992000000953674	0.18987000000953674
30	3.7748799547576906	0.19260000000476837	0.19255000000476838
31	3.7629152975463867	0.19330000000953673	0.19325000000953674
32	3.751744648284912	0.19545	0.19536
33	3.737099625015259	0.19938000000476838	0.19923000000476837
34	3.7230579333496094	0.20025000000953674	0.20013000000953673
35	3.7162087996673585	0.20172999999523164	0.20156999999523162
36	3.700728253555298	0.2045900000143051	0.20447000001430513
37	3.6928771926879884	0.20667000000476837	0.20650000000476837
38	3.6821385862731932	0.2094	0.20917
39	3.6747754074859618	0.20942999999523162	0.20923999999523163
40	3.6590879083251955	0.21258999999523162	0.21237999999523163
41	3.654098493270874	0.21261000000953675	0.21229000000953674
42	3.639637148742676	0.21598	0.2157
43	3.637415129852295	0.21727999999523162	0.21677999999523162
44	3.6312876536560057	0.21833999999523163	0.21794999999523162
45	3.6234930116271973	0.21818000000953675	0.21773000000953674
46	3.613094938659668	0.22112000000953674	0.22064000000953674
47	3.6076106788635256	0.22165999999523162	0.22116999999523163
48	3.594664379425049	0.22412	0.22362
49	3.5946788999176027	0.22554000000953675	0.22492000000953674
50	3.5835525131225587	0.22659	0.22591
51	3.5842887996673585	0.22694000001430512	0.22622000001430512
52	3.5726935440826417	0.23007000000476838	0.22924000000476838
53	3.564657445831299	0.2309000000143051	0.23027000001430512
54	3.5644943018341064	0.23209000000953675	0.23115999999523162
55	3.556589220504761	0.2325400000143051	0.23150000001430512
56	3.54600202583313	0.2344300000190735	0.2331500000190735
57	3.5407131489562986	0.23530000000953674	0.23407000000953673
58	3.5301691539001463	0.23817000000953675	0.23674000000476836
59	3.5302389001464842	0.23762999999523163	0.23612999999523163
60	3.5243855577850343	0.23891000001907348	0.23730000001907348
61	3.5213015714263918	0.23986000000953675	0.23833999999523162
62	3.5168249280548096	0.23910000002861023	0.23733000002861024
63	3.50869643951416	0.2421400000143051	0.24029
64	3.506408958129883	0.24253000000953676	0.24033999999523162
65	3.498285793914795	0.24360999999523164	0.24158999999523162
66	3.4976935888671874	0.24413000001907348	0.2420900000190735
67	3.495618341140747	0.24633	0.24425000000953676
68	3.4873611825561524	0.24672999999046324	0.24434
69	3.4805963582611086	0.24679000001907347	0.2439200000190735
70	3.479453614959717	0.24799999999523162	0.24502999999523162
71	3.4728427638244628	0.24783000000476837	0.24495000000476838
72	3.4711641107177735	0.24821000000476837	0.2450000000143051
73	3.4638699065399168	0.25033000000476835	0.24714
74	3.4651175806427004	0.25001	0.24595000000953673
75	3.460505465774536	0.25116000000476835	0.2468800000143051
76	3.456102482223511	0.2524800000286102	0.24835999999046326
77	3.4505047931671142	0.2516000000143051	0.24704000001430512
78	3.445755026397705	0.25436000000953674	0.25006000000476836
79	3.4436855863189697	0.25499000000953675	0.25020999999523164
80	3.4385551653289794	0.25515	0.24981000000953674
81	3.435749857788086	0.25662	0.25167
82	3.4363012874603274	0.2567400000190735	0.2508100000286102
83	3.4302716312408448	0.2579700000190735	0.2516400000190735
84	3.421984566421509	0.2579700000286102	0.25146000002861024
85	3.427112880554199	0.25918000001430513	0.25242
86	3.4250902894592286	0.25913000002861025	0.25216999999046324
87	3.4164976656341555	0.26023999999046327	0.25293999999046324
88	3.4150250784301757	0.2619800000143051	0.254
89	3.4113486169433593	0.26186000000953674	0.25394999999046325
90	3.4071868677520754	0.26146	0.25316000000953676
91	3.4078857256317137	0.26327000000476836	0.2544700000047684
92	3.4033124435424806	0.26293	0.2545299999952316
93	3.402492214279175	0.2632500000143051	0.25350000000953676
94	3.3965560594940185	0.2658600000143051	0.2557
95	3.3939316216278077	0.26595000002861025	0.2550299999904633
96	3.3909042268371583	0.26705999999046326	0.2564600000095367
97	3.3855659150695803	0.2671300000143051	0.2552000000143051
98	3.3902369409179687	0.26610000000953676	0.25434000000953677
99	3.380135919494629	0.26720999999046324	0.25497
100	3.368306237792969	0.2676900000286102	0.25489000000953677
101	3.3531812843322752	0.26814000000953675	0.25450000000953676
102	3.334030465774536	0.26916	0.2542300000190735
103	3.3146840449523927	0.26963000000953674	0.25479000002861024
104	3.29120268371582	0.27199	0.25623000002861024
105	3.2801772981262207	0.27363999999523164	0.25701
106	3.2523063072204588	0.2740700000047684	0.2563400000095367
107	3.2347527490997314	0.2727500000143051	0.25437
108	3.221241811981201	0.27334000000953673	0.2547299999952316
109	3.202547813873291	0.2741900000190735	0.25484999999046326
110	3.183645690841675	0.2729599999904633	0.25290000000476837
111	3.167253494796753	0.27469999999046324	0.25423000002861024
112	3.146335469818115	0.27726000000953677	0.25558
113	3.126964688873291	0.2776200000143051	0.25428000000476836
114	3.105468389663696	0.2775800000190735	0.25364999999523163
115	3.090947180557251	0.27831000000953676	0.25334000000476836
116	3.076991531219482	0.2793800000190735	0.25230000002861025
117	3.0560370478057863	0.2789400000095367	0.25231999999523164
118	3.0386517600250245	0.2792899999904633	0.25146
119	3.027033366470337	0.28006999999523163	0.2515
120	3.0092994178771972	0.2805200000190735	0.2508600000190735
121	2.9905067855072023	0.2824500000286102	0.2518700000286102
122	2.9724956147766113	0.2819499999904633	0.25116000000476835
123	2.955573565673828	0.28245000000953674	0.24948
124	2.938994547729492	0.2835099999904633	0.24943000000953675
125	2.9262367617034912	0.28534999999046323	0.24986000000953673
126	2.9104276365661623	0.28503000000953677	0.24927999999523162
127	2.8938636547851564	0.2843700000143051	0.24800000000476838
128	2.8845637018585206	0.28546	0.24768
129	2.863265746459961	0.28709999999046326	0.24689000000476838
130	2.8456719770050047	0.28749000000953673	0.24740000000953674
131	2.828144758834839	0.28884000000953675	0.24624000001430513
132	2.815042109603882	0.2882300000286102	0.24526000001430512
133	2.8024777835845947	0.28917999999046323	0.24468
134	2.7913395950317383	0.28829999999046324	0.24160000000953674
135	2.769466857299805	0.28944000000953674	0.24194999999523162
136	2.757020827178955	0.28975999999046326	0.24109000002861022
137	2.743554998550415	0.29051000000953675	0.2404500000143051
138	2.7248661501312257	0.2896200000286102	0.23903000002861022
139	2.714890654602051	0.29014	0.23831999999523162
140	2.702803141860962	0.2894499999904633	0.23691000001430512
141	2.6880430297088624	0.29242999999046326	0.23655000001907348
142	2.671739418029785	0.29225000000953677	0.23622
143	2.662110884552002	0.29400999999523164	0.2359300000143051
144	2.6470011567687988	0.29431999999046327	0.23430000000476836
145	2.6366225408172608	0.29228	0.23189000001907348
146	2.6187650303649903	0.29400000000953674	0.23263
147	2.6069537132263183	0.2960900000095367	0.23233000001430512
148	2.595291791381836	0.2959400000286102	0.23133000000476836
149	2.581834275817871	0.29550999999046323	0.2303400000143051
150	2.5655556103515624	0.29600000000953675	0.23033000000953674
151	2.556222841796875	0.2975500000047684	0.22868000000476837
152	2.5432661361694335	0.29698999999046327	0.22813000000953673
153	2.5312664085388183	0.29713000001907347	0.22723
154	2.5184757386779784	0.29747	0.22612000000476837
155	2.5088455931854248	0.29769999999046326	0.22362000000476837
156	2.4979492430114747	0.29838000000953674	0.22301000000953675
157	2.4849366257476806	0.2976700000190735	0.22175999999523163
158	2.4746877946472168	0.2986600000286102	0.22179
159	2.4607331016540526	0.30033	0.22176000000476837
160	2.447418561477661	0.3011400000095367	0.22015
161	2.4398333016204834	0.29830999999046326	0.2174500000190735
162	2.4291000327301027	0.30024	0.21729000000953674
163	2.419468758087158	0.30129000000953676	0.21501
164	2.404925939102173	0.30113000002861023	0.21557000000476836
165	2.389676258087158	0.3018199999904633	0.21364
166	2.3810330786895753	0.30163000000953677	0.21277000000476837
167	2.3694161839294434	0.30185000000953677	0.21303000000476838
168	2.3601715298461916	0.30245	0.21142999999523163
169	2.3489378564453127	0.30225999999046327	0.21058000000953675
170	2.3385055151367187	0.3023700000190735	0.20853000000953675
171	2.324529805984497	0.30372999999523165	0.20763000000476836
172	2.3187460011291505	0.3013600000190735	0.20562000000953673
173	2.304535440750122	0.30224999999046326	0.20486
174	2.2944897325897218	0.30406999999046325	0.20559000000953676
175	2.287745473022461	0.30429	0.20342
176	2.278766332626343	0.30495999999046325	0.20207999999523163
177	2.264400549468994	0.3060500000286102	0.20272000000476836
178	2.258581470565796	0.30372000000953675	0.20123000000953675
179	2.2465618629455566	0.30503000000953673	0.19918999999523163
180	2.239458271865845	0.30406999999046325	0.19890000000953675
181	2.229432116088867	0.30323999999046325	0.19665000000715255
182	2.2223345085144044	0.30506000001907346	0.19519000000953673
183	2.2090865741729737	0.30569000002861024	0.19547000000953674
184	2.1997348307800295	0.3044400000047684	0.19435000000953676
185	2.1897287812805177	0.30541999999046326	0.19363000000715255
186	2.179220435256958	0.3063400000286102	0.19350000000953674
187	2.169894601135254	0.30478999999046325	0.19162
188	2.16782459236145	0.30494000000953675	0.19130000000953673
189	2.1542859785461426	0.30607999999046326	0.18836000000715256
190	2.145214163284302	0.30758	0.18832
191	2.133761621398926	0.30581000002861025	0.18597000000953676
192	2.1286748987579345	0.30849999999046324	0.18793999999523162
193	2.1187729177093506	0.3050999999904633	0.18531
194	2.111629244232178	0.3073800000286102	0.18521000000476837
195	2.104325654220581	0.30783999999046324	0.18364999999523163
196	2.0983444313812254	0.30514000002861025	0.18123999999523163
197	2.087327403640747	0.3063300000286102	0.17932000000476836
198	2.0794314376068117	0.3069300000190735	0.18090000000476839
199	2.0682819785308837	0.3064	0.18003000000953676
200	2.0619659230804444	0.30682999999046323	0.17886
201	2.0542241191101076	0.30717000001907346	0.1767300000143051
202	2.0486480724334717	0.3070400000286102	0.17699000000953674
203	2.0343185153198244	0.30639999999046325	0.17491000000953674
204	2.0293644888305664	0.3080500000286102	0.17378000000953675
205	2.021021751785278	0.3064400000286102	0.17309000000953675
206	2.012810191116333	0.30555999999046324	0.17222999999523164
207	2.007427671737671	0.30650999999046324	0.17076999999523162
208	1.999774439315796	0.3081800000190735	0.17032000000953673
209	1.9903008618164062	0.30511000000953675	0.16904999999523163
210	1.9802734141540528	0.3058800000286102	0.16877000001430512
211	1.9778705766296387	0.3065400000286102	0.16692000000953675
212	1.9666123917388916	0.3068000000190735	0.16851
213	1.958507085609436	0.3061000000286102	0.16646
214	1.9514775862884521	0.3051400000190735	0.16542999999523164
215	1.9441228007888793	0.30605000000953675	0.16571000000715255
216	1.9354705159378052	0.30663000002861024	0.16448000000476837
217	1.9299575938415527	0.30676000000953674	0.16610999999523163
218	1.9227793956756591	0.30499999999046323	0.16165
219	1.9102462474060058	0.3048500000190735	0.16306
220	1.904147303352356	0.3047700000190735	0.1616600000143051
221	1.8978401026153564	0.3059400000190735	0.16228000000476836
222	1.8888905459594727	0.3053	0.16029000001430513
223	1.8808616338729858	0.30506	0.15941000000476838
224	1.8779556925964356	0.30760000000953674	0.16164000000476836
225	1.8711602842712403	0.30579	0.16000000000238418
226	1.8621676007461547	0.30639999999046325	0.15817000000953674
227	1.8548132887649535	0.3048700000190735	0.15823999999523164
228	1.8489210823059081	0.3050900000190735	0.15681
229	1.839519153137207	0.3050000000286102	0.15740000001430512
230	1.8346503176879883	0.3050500000286102	0.15682000001430513
231	1.824712103729248	0.30500999999046324	0.15635999999523162
232	1.8176470459747314	0.3036100000286102	0.1563499999976158
233	1.8116379209899902	0.30360000000953674	0.1538600000143051
234	1.8052987420272828	0.3059400000286102	0.15602000000476837
235	1.7962899561309815	0.3029800000190735	0.15322999999523162
236	1.78982023601532	0.30321	0.15340000000715256
237	1.7825513793182373	0.30411	0.15349000000953675
238	1.7747321361923218	0.30286999999046327	0.15270000001430512
239	1.7688417129516603	0.30338	0.15250000000715255
240	1.7637851626205445	0.30358	0.15237000000476836
241	1.7561289656829835	0.30409000000953673	0.15154
242	1.74851962059021	0.3036900000095367	0.1499400000023842
243	1.7396683683395386	0.30252	0.15048
244	1.7354294319152832	0.30329	0.1503
245	1.7282321086883545	0.3018200000286102	0.14902000001430513
246	1.7234131592941284	0.30240999999046325	0.14831
247	1.714160433654785	0.3032000000190735	0.15002
248	1.709446784515381	0.3026600000286102	0.14839
249	1.69958915473938	0.30121	0.14784999999523163
250	1.6953604633712769	0.30245000001907346	0.14726000000238418
251	1.6873630723190307	0.30093000002861026	0.14814000000953675
252	1.6791393110656738	0.3011000000286102	0.14709
253	1.672660184173584	0.30125	0.1463400000143051
254	1.6676127880096436	0.3015300000190735	0.14591000000953674
255	1.6615256385803223	0.30059	0.14525000000715255
256	1.6547259537124634	0.2999400000190735	0.14590000000715256
257	1.6480085235977173	0.30130999999046326	0.14657000000953674
258	1.6406851673126222	0.2998700000190735	0.14550999999523162
259	1.63431501537323	0.30122	0.1457
260	1.629331925354004	0.3020100000286102	0.14552000001430512
261	1.6213995079040526	0.30085000000953677	0.14583000000953675
262	1.6184915594100953	0.30144	0.1433599999976158
263	1.6126276856994628	0.30213000002861023	0.1442099999976158
264	1.6040032671737672	0.29938000000953674	0.14337999999523163
265	1.5967532596588134	0.3004500000143051	0.14492
266	1.590624128074646	0.30082000002861026	0.14456999999761583
267	1.586919651069641	0.29998000002861025	0.14373000000953676
268	1.5806949418258667	0.3017200000190735	0.14285000001430512
269	1.5721251566696166	0.2987100000190735	0.14182999999523163
270	1.5678670168304443	0.2995400000190735	0.14286000000476837
271	1.5602141102981568	0.2993300000286102	0.14244000000476836
272	1.5535342107391357	0.29979000001907347	0.14336000001430513
273	1.5491886366653442	0.29890000001907346	0.1423
274	1.5409984872055054	0.29807999999046325	0.14180000000953674
275	1.5343889957427979	0.29882	0.14197999999761582
276	1.5290587474060058	0.2974399999904633	0.14130000000476836
277	1.5246565806961059	0.29651999999523165	0.14019000000715257
278	1.516488219833374	0.29776	0.14031999999761582
279	1.5117031811523438	0.2975	0.13981
280	1.5055226704025269	0.29726000002861025	0.14112000000476838
281	1.5012164247512818	0.29735000002861023	0.13973000000715255
282	1.4926384796142578	0.29742000002861024	0.14066999999523164
283	1.4895939294815064	0.2983800000190735	0.14063000000715256
284	1.480118759536743	0.29591000000953677	0.14037000000715255
285	1.4755825409317016	0.29891000002861023	0.14041999999523164
286	1.4717179838943482	0.29684999999523165	0.13926000000476838
287	1.467243585510254	0.2977800000190735	0.13968
288	1.4571735708618163	0.29592000002861024	0.13879000000953676
289	1.4494597990417482	0.29320999999046327	0.13802000000953674
290	1.445981339416504	0.2939800000190735	0.13860000000476838
291	1.4388468209075929	0.29421	0.13944000000476836
292	1.4339271096420287	0.29479000001907346	0.13984999999761583
293	1.4293565185928345	0.29479000000953676	0.13791000001430512
294	1.4249048021697999	0.29548	0.13849
295	1.4180086143493653	0.29426	0.13869000000476836
296	1.4128941670608521	0.2951200000286102	0.13948000000715255
297	1.4088693494796753	0.29503	0.13849000000953673
298	1.4023202577972411	0.2929200000095367	0.13782000000476838
299	1.395234948348999	0.29506	0.13979
300	1.3921768716430665	0.29452000000953676	0.13847000000476836
301	1.383725308418274	0.2942500000190735	0.13822000001430512
302	1.3790805700302124	0.29335999999046325	0.1393400000143051
303	1.3739538041305541	0.29415	0.139
304	1.3697983293914795	0.29368000000953676	0.13809000000715255
305	1.3622389743041992	0.29241000002861023	0.13872
306	1.3567750057601928	0.2904600000286102	0.1377600000023842
307	1.3515680036163331	0.29124000001907346	0.1385600000143051
308	1.3450707474136352	0.29039	0.13748000000476837
309	1.3395716368484496	0.29060000000953673	0.13780000000953674
310	1.3349689724731446	0.29097999999046326	0.13900000000476836
311	1.3293635553359986	0.2905900000095367	0.1384800000023842
312	1.3255104179000854	0.29069	0.13790000000476837
313	1.3192121102142333	0.29075000002861023	0.13781
314	1.3154670245361328	0.2906	0.13805000000715256
315	1.3072564199066161	0.2905900000095367	0.13836999999761582
316	1.3046833978652954	0.2917200000286102	0.13889
317	1.2966300107955933	0.2900900000095367	0.13895999999523162
318	1.2947599138641357	0.29096999999046325	0.13742999999523162
319	1.284865270690918	0.29012999999523165	0.1389399999976158
320	1.2839939511489868	0.28968999999046324	0.1378
321	1.2785774547195434	0.2902000000095367	0.13785000000715256
322	1.2743554389572143	0.29042	0.13713999999523163
323	1.2676618581008912	0.28808	0.1383700000143051
324	1.2624017372512817	0.28936000000953677	0.13827
325	1.2582180421066285	0.28952999999046325	0.13787000000476837
326	1.2537524629211425	0.2895400000095367	0.13779
327	1.2470649370956421	0.28682999999046327	0.13656000000476837
328	1.2459440687942505	0.2902300000190735	0.13800999999523164
329	1.2336370250320434	0.2872799999904633	0.13879000000476838
330	1.231991004486084	0.2872	0.13744000000715256
331	1.2283483641052246	0.2880700000190735	0.13750000000953674
332	1.2250271724700927	0.2879100000286102	0.1365900000143051
333	1.2185007830429078	0.2867600000095367	0.13764
334	1.2121703419876098	0.28702999999046325	0.13857
335	1.2102308114242555	0.28756999999523164	0.13717
336	1.2044374061203003	0.28686000000476836	0.13806999999761582
337	1.201294997138977	0.28753999999046326	0.1377600000143051
338	1.1947372005844117	0.2869100000286102	0.13736000000953674
339	1.188838988685608	0.28602000001907346	0.13781000000476837
340	1.183072722015381	0.28607999999046324	0.13917000000476837
341	1.1803058226394654	0.28644	0.13807999999523163
342	1.1747504457473754	0.28605000000953673	0.13813000000476838
343	1.1699368718719483	0.2863200000095367	0.13876
344	1.1645949878692627	0.2841800000190735	0.13767000001430513
345	1.162400775566101	0.28688000000953673	0.13809999999523162
346	1.1537942053222656	0.28227000002861025	0.13844000000715256
347	1.1512432220458984	0.2848299999952316	0.13786000000953674
348	1.146097137184143	0.28419999999046325	0.1378700000143051
349	1.1423547946548462	0.2837400000190735	0.13718000000715255
350	1.137501844329834	0.28465000002861024	0.13805
351	1.1333916052246094	0.2835500000190735	0.13767
352	1.1276552763366698	0.28331000001907347	0.13748999999761582
353	1.1252167249298095	0.28461000002861025	0.13829000000953676
354	1.1178819240570068	0.28256	0.13775000000476836
355	1.1161362237167358	0.2836800000286102	0.13759000000476837
356	1.1090094697189332	0.28320999999046326	0.13775000000476836
357	1.1064941835784912	0.2843200000190735	0.13877000000476838
358	1.1018478882598877	0.28359	0.13808999999523164
359	1.0965728440093994	0.28326000002861024	0.13855
360	1.0945141874313356	0.2835	0.13771000000715256
361	1.0879063412475587	0.28274000000953675	0.13733000001430512
362	1.0847107090759278	0.28238	0.13767
363	1.0807823900985718	0.2822200000190735	0.13802000000476838
364	1.0778296954345703	0.2832100000190735	0.13753000001430513
365	1.0714765507507324	0.28220000000476836	0.13951999999523162
366	1.0677857342529298	0.28226000002861024	0.13796000000953673
367	1.0640307249450685	0.28264	0.1390100000143051
368	1.0610105736541748	0.2814400000047684	0.13789
369	1.053637668876648	0.28140000000953674	0.13892
370	1.0488539168930053	0.27939000000953673	0.13819000000476836
371	1.0466689499664306	0.28093	0.13819
372	1.0408470684432984	0.28062999999046323	0.13938000000715256
373	1.039648229866028	0.28162999999046323	0.1389300000143051
374	1.0330690777206422	0.2815400000190735	0.13995
375	1.0282874811935425	0.28032999999046326	0.13919000001430512
376	1.0248820736312867	0.28031	0.13922000000476836
377	1.0238434910964966	0.2811699999952316	0.1388099999976158
378	1.0172299878311157	0.2801300000286102	0.13897999999761582
379	1.0146929920196532	0.2803700000190735	0.13826000000476837
380	1.0097507129096985	0.28063999999523165	0.13927000000238418
381	1.0082210153579712	0.28108000001907346	0.13872000000476836
382	1.0020689711380004	0.2799600000286102	0.13946
383	0.9974300604248046	0.27948999999046326	0.13984000000715255
384	0.9957637319946289	0.2810099999904633	0.13937999999761583
385	0.991837918434143	0.28080000001907346	0.13932
386	0.9866564408493042	0.27960000002861024	0.13995000000476837
387	0.9823915078544617	0.2796700000190735	0.13947000000953674
388	0.9776973899841308	0.27909999999046325	0.13994000000476836
389	0.9762225827026367	0.2781300000190735	0.13774000000953673
390	0.9704648097991944	0.27841999999046324	0.14044000001430512
391	0.9667180470657348	0.27845000002861026	0.14017999999761582
392	0.9623064010238648	0.27795	0.13943000000476838
393	0.9600802960968018	0.27938999999046327	0.13982000000476838
394	0.9555880588150024	0.2781200000286102	0.14020000000476837
395	0.9506923647117614	0.2783	0.14063999999523163
396	0.9479207844161988	0.27721	0.13897
397	0.9484863552856445	0.2810100000286102	0.14061999999523161
398	0.9391597296333313	0.27683999999046327	0.1395900000143051
399	0.9385155027008056	0.27873999999523164	0.14026000000476838
400	0.9378125768661499	0.27992999999046325	0.13963000000715256
401	0.930454017238617	0.2778299999952316	0.1397799999976158
402	0.9250983116149902	0.27668	0.14048
403	0.9222840615463257	0.2764100000047684	0.14115
404	0.9168205777168273	0.27479	0.14039000001430513
405	0.915134180393219	0.2771300000190735	0.14063999999523163
406	0.911477403717041	0.2771000000095367	0.14123000000953675
407	0.9101938529586792	0.27793000000953677	0.14046
408	0.9059648015594483	0.2775699999904633	0.14050999999761582
409	0.9009647235488891	0.27692000001907346	0.14120999999523162
410	0.8962054098510742	0.27570000000476835	0.14105999999761581
411	0.8955931435012817	0.2770600000190735	0.14046000000476838
412	0.8921096848869323	0.2766800000047684	0.14040000000238417
413	0.8886540833091736	0.27663	0.14040000000953673
414	0.8850778931808472	0.27574000000953675	0.13949999999523163
415	0.8805588798141479	0.27581000000476835	0.14122999999523164
416	0.8765873150253296	0.27509000000953676	0.14037999999523162
417	0.8749545010375976	0.27581000000476835	0.14056000000715255
418	0.8706333674049378	0.2752500000286102	0.14058000001430512
419	0.8678998975372314	0.2761800000286102	0.14044000000476836
420	0.8634038143920898	0.2758300000095367	0.14138000000953674
421	0.8599520322036743	0.27391999999046324	0.14096
422	0.856486561756134	0.27408999999523165	0.14171
423	0.8559190727806091	0.2757500000143051	0.14105000000476836
424	0.8522816273498535	0.2755200000190735	0.14124000001430512
425	0.8490653787231446	0.27537000000953676	0.14181
426	0.8462063873672485	0.2760200000286102	0.14139000001430513
427	0.8406943175697327	0.27359999999046325	0.14083999999523164
428	0.838270709991455	0.2747900000143051	0.14220000000715255
429	0.8351004124450684	0.2747899999904633	0.14140000000476838
430	0.831344166316986	0.27433000002861024	0.14192000000476837
431	0.8304067931747436	0.27564999999046325	0.14240000000476838
432	0.8262894536209107	0.27498000000476835	0.14268000000238418
433	0.8206763278961182	0.27360000000953677	0.14167
434	0.8201145365524292	0.27451	0.14192000000715255
435	0.8145826710510254	0.27349000002861024	0.14275999999523162
436	0.812397792930603	0.2739200000286102	0.14194000000953674
437	0.8087358793258667	0.27251000000953673	0.14182000000953673
438	0.8099751532745362	0.2741	0.1401899999976158
439	0.8041980625152588	0.27275999999046324	0.14146000001430512
440	0.800776578578949	0.27158000000953675	0.14022000000715257
441	0.8000193529510498	0.2745200000190735	0.14253000000953675
442	0.7943840731430054	0.27217	0.14225000000476837
443	0.7940050194358825	0.27422000002861024	0.14201999999523163
444	0.7906502835845948	0.27371000002861023	0.14083000000476836
445	0.785015281867981	0.2722400000286102	0.1417300000143051
446	0.782291262588501	0.27250000002861025	0.1412800000143051
447	0.7811342610168457	0.27286000000953675	0.14226
448	0.7783928194618225	0.27289999999046327	0.14176000000953673
449	0.7724780434417725	0.2713600000190735	0.14252000000476836
450	0.7709913213920593	0.2727899999952316	0.1426299999976158
451	0.7685910651969909	0.2721400000190735	0.14233000000476836
452	0.7650494971466064	0.2728	0.14337000000476838
453	0.763812360534668	0.2742900000286102	0.14421000001430512
454	0.7608425938606262	0.27170000000953676	0.14282
455	0.759018726234436	0.27265000000953676	0.14197
456	0.7551565022277832	0.27252999999046323	0.14345
457	0.7514361071777343	0.27263999999046323	0.14357000001430512
458	0.7498978108215332	0.2719600000190735	0.14243000000476838
459	0.7480380933952332	0.27198000001907346	0.14145999999761583
460	0.7450452068519592	0.27287999999046325	0.14289999999523162
461	0.7373874988174438	0.26857000002861026	0.14229
462	0.7373957690811157	0.27117999999046327	0.14317
463	0.7335947337722778	0.27014	0.14291000000476836
464	0.7324570703125	0.27223000000953673	0.14389999999523162
465	0.7316051124572754	0.2716900000286102	0.14237999999523163
466	0.7268928823471069	0.26989	0.14237000000238417
467	0.7239450785064697	0.2701200000190735	0.14318000000953673
468	0.7226510321807861	0.2706699999952316	0.14151000000476838
469	0.7211134365463256	0.27198999999046325	0.1423400000143051
470	0.7171066821479798	0.27165999999046325	0.14387000000953673
471	0.7133978783035279	0.27032	0.14361000000715254
472	0.7124318128585816	0.27004000001907347	0.1424500000143051
473	0.7093448070716858	0.27004000000476835	0.14296000000953674
474	0.7073936541748047	0.2721600000190735	0.14439000000476837
475	0.7042452703857421	0.27142999999523165	0.14434
476	0.6996703113937378	0.26897999999046324	0.14297000000476837
477	0.6961473795700073	0.26921000002861023	0.14484999999523163
478	0.6986613266181946	0.27206000000953673	0.14399000000476836
479	0.6939734964179992	0.2695599999952316	0.1424899999976158
480	0.6918305269241333	0.27169	0.14525999999523162
481	0.6892824460983277	0.27023	0.14331999999523162
482	0.6878604367828369	0.27155999999046326	0.14422000000715257
483	0.6838014353561401	0.27028	0.14464000000476837
484	0.6827180735778808	0.27093000001907347	0.14427
485	0.6806442291259766	0.2706100000190735	0.14432000000953674
486	0.6773806645011902	0.26952999999046323	0.14437999999523163
487	0.6735273522949219	0.26964000000953675	0.14538000001430512
488	0.6735539920425415	0.27078000002861025	0.14462000000476838
489	0.6687126758956909	0.26903999999046324	0.14454
490	0.6685021407318116	0.2704400000095367	0.14424
491	0.6629514681053161	0.26892000000953675	0.14590000000476838
492	0.6607991653251648	0.2685700000143051	0.14436000000476837
493	0.6611578634643555	0.2704600000047684	0.14479000000953673
494	0.657690747127533	0.26986000000953675	0.14495999999523163
495	0.6543376921844483	0.2697699999952316	0.14646
496	0.6541468334007263	0.2688900000095367	0.14416999999761582
497	0.6506104028129578	0.26958000000953675	0.1450300000143051
498	0.6488758185195923	0.26856	0.14425000000953675
499	0.6463275536346436	0.2688100000143051	0.14426
500	0.6461187337303161	0.26977000000476836	0.14431
501	0.6407553046035767	0.2687500000143051	0.14605999999761582
502	0.6405460663032532	0.27018000000953674	0.1457099999976158
503	0.6353765880203247	0.26758000000953674	0.14542000000476837
504	0.6312216459846497	0.2670499999952316	0.14694
505	0.6317429529190064	0.2689499999952316	0.14606000000476838
506	0.6282619711112976	0.26793000000953676	0.14624000000953674
507	0.6253498460006713	0.26836	0.14736999999523162
508	0.6252922076034546	0.26965000000953676	0.14665000000953674
509	0.6212757733917237	0.2689500000095367	0.14776000000953673
510	0.6196974913024902	0.26909000001907346	0.14758000000476837
511	0.6161327542877197	0.2690700000190735	0.14812999999523163
512	0.6155118022918701	0.26926	0.14809999999523163
513	0.6114863305282593	0.2694500000095367	0.15024999999523164
514	0.6072919391441345	0.26730000000953674	0.14876000000476838
515	0.6066803087806701	0.2680500000190735	0.1489700000143051
516	0.6048300392532349	0.26869	0.14885000000953674
517	0.6028247321128846	0.2686400000190735	0.1500500000143051
518	0.599139778766632	0.26748999999046325	0.15010000001430512
519	0.5987057038497925	0.26926000000953676	0.1499500000143051
520	0.5927450798225403	0.2669000000190735	0.1505300000143051
521	0.5927715522766114	0.26828999999046327	0.15018000000476836
522	0.5899295720100403	0.26851000000953673	0.1517500000143051
523	0.5870537470626831	0.26833999999046326	0.15232000000476836
524	0.5858783892822266	0.2686300000190735	0.15185
525	0.5854803325653076	0.26876999999046325	0.1515500000143051
526	0.5833674730300903	0.27016999999046326	0.15196000000476836
527	0.5801319940567017	0.26796000002861026	0.15122000000476837
528	0.5778055570411682	0.26920000001907346	0.15263000000953675
529	0.5758017593765259	0.26897999999046324	0.15285000000953675
530	0.5735686568641662	0.26876000000953676	0.1523000000143051
531	0.5717289169120788	0.2688600000047684	0.15376000001430512
532	0.5705623631858826	0.2708499999904633	0.15454000000476836
533	0.5689139720535278	0.26898999999046325	0.15262
534	0.565874409866333	0.2694599999952316	0.15395
535	0.5619250820922852	0.2696700000190735	0.15556000001430512
536	0.5613650696563721	0.2689700000190735	0.15464000000476838
537	0.5598914809417724	0.26986	0.15453000000476838
538	0.5578712642478942	0.2698200000143051	0.1554400000143051
539	0.5558737387847901	0.26933	0.15448
540	0.5525458578681945	0.26919000000953675	0.1553900000143051
541	0.5511142276000977	0.2689600000047684	0.15493999999761582
542	0.5469235174751281	0.26777000000476836	0.15599
543	0.5466923326683044	0.26949000000953677	0.1561100000143051
544	0.5449170046806335	0.26938000002861023	0.15632000000953675
545	0.5434814146232605	0.26965	0.15713
546	0.5396267636489868	0.2688700000286102	0.15683000000953673
547	0.5394945585250854	0.27036999999046324	0.15715000001430512
548	0.5364499787521362	0.2697700000190735	0.15781
549	0.5369799611282349	0.27084000002861025	0.15759999999523164
550	0.5339372413635254	0.27005000002861024	0.15763
551	0.5331193419647217	0.27155000000476837	0.15839000000238418
552	0.5282384496688842	0.26932000002861023	0.15804000000953675
553	0.5289006193161011	0.26966999999046326	0.15770000000476836
554	0.5265008161354064	0.2705000000095367	0.1589600000143051
555	0.5224518803215027	0.26871000001907347	0.15923000000953674
556	0.5220379211807251	0.27119999999046324	0.1602400000143051
557	0.5203337127685547	0.27052	0.15960999999523162
558	0.5178740949821472	0.27064	0.16021000000476837
559	0.5164309607887269	0.27075	0.15993999999523162
560	0.5149219421482086	0.27127000000476836	0.16092999999523164
561	0.5119802303123474	0.2698500000190735	0.1610800000143051
562	0.5104780792045593	0.26939000000476837	0.15956000000953674
563	0.5108295797920227	0.27246	0.16136000000953674
564	0.5073140371704101	0.2707600000143051	0.16111000000715256
565	0.5064441695404053	0.27116999999046326	0.16154999999523162
566	0.5032764841651917	0.2702800000190735	0.16113
567	0.5009694230079651	0.2700000000190735	0.16163999999523163
568	0.5008146947097778	0.26988000000953677	0.16039
569	0.5002267946624755	0.27231999999046325	0.16272
570	0.4950616069221497	0.26954000000953676	0.16239000000476836
571	0.4957052992630005	0.27065000001907347	0.16143999999523162
572	0.49152578094482424	0.27018	0.16308
573	0.4935864200973511	0.27204	0.16318
574	0.48967086546897887	0.27082000002861023	0.16289000001430512
575	0.4882358633041382	0.27175000000476834	0.16448
576	0.48786915556907656	0.27226000001907347	0.1637600000143051
577	0.48596516340255735	0.27219	0.16476999999523162
578	0.4835742897796631	0.27203999999046324	0.1646600000143051
579	0.480234802532196	0.27065	0.16417000000476836
580	0.48001946336746215	0.27149	0.16494000000953674
581	0.4783192064666748	0.27168000000953674	0.16508999999523163
582	0.47787823928833006	0.2719500000047684	0.1648700000143051
583	0.4743827229118347	0.27109999999046325	0.16511000001430512
584	0.4758553887176514	0.2733400000047684	0.1657400000143051
585	0.4724273878765106	0.27273000000953673	0.16619000001430512
586	0.47299516832351685	0.27387000000953676	0.1663700000143051
587	0.4699265302181244	0.2732000000286102	0.16628000000953674
588	0.4669122179317474	0.2725000000095367	0.16638
589	0.46633738794326784	0.27218	0.16653000000476836
590	0.46402845870018006	0.2721299999904633	0.16759000000953675
591	0.46418831557273865	0.2735200000143051	0.16777999999523163
592	0.4610131427192688	0.27238000002861024	0.16741999999523163
593	0.45918443119049074	0.2723800000095367	0.16809000000476837
594	0.45941617767333986	0.27335000000953674	0.16735000000953673
595	0.4578123544406891	0.27364999999046324	0.16742
596	0.4560478809547424	0.27275	0.16779000000476837
597	0.45405542575836183	0.27318999999523164	0.16941000000953674
598	0.451707049074173	0.27249000002861024	0.16905000000953674
599	0.4505247030067444	0.2727800000095367	0.16920999999523162
600	0.45047200536727905	0.27344	0.16940999999523162
601	0.44767752487182616	0.27294999999046327	0.17007000000953673
602	0.44797049549102785	0.2746099999952316	0.16913000000953674
603	0.4459580765342712	0.27364	0.16928000000476837
604	0.44195570915222165	0.27245000002861025	0.17021999999523163
605	0.44152050258636477	0.2725600000190735	0.16951999999523162
606	0.441231011800766	0.27481	0.17120000000953675
607	0.4407182541847229	0.27367	0.16983000000476836
608	0.43900561575889585	0.27493000000953677	0.17130000000476836
609	0.4347828628730774	0.27256000000953673	0.17089000000953675
610	0.4356252474212646	0.2740700000047684	0.1715400000143051
611	0.4326613320159912	0.2735000000095367	0.1717300000143051
612	0.431209755525589	0.27317	0.17118999999523163
613	0.4325115446281433	0.2759599999904633	0.17248
614	0.4288120918750763	0.27424	0.17314000000476837
615	0.42856366481781005	0.27439000002861025	0.17250000000953675
616	0.42613317164421083	0.27393	0.17280000001430512
617	0.42411039737701417	0.27392000000476835	0.17280000001430512
618	0.42312208087921144	0.2747300000190735	0.17406999999523162
619	0.42335326461791994	0.27463999999046323	0.17375000001430513
620	0.4233524108505249	0.2759900000095367	0.1734300000143051
621	0.4177635829734802	0.2735600000190735	0.17414
622	0.4198519247627258	0.27559000000953676	0.17396
623	0.4180589107322693	0.2748800000095367	0.17326000000476838
624	0.4158013663482666	0.27458999999046324	0.17429
625	0.4160353618526459	0.27598	0.17461000000476837
626	0.41260567625045774	0.27454000002861023	0.17461999999523162
627	0.41471255235671994	0.27623000000953674	0.1750000000143051
628	0.4099203278923035	0.2752300000190735	0.17646000001430512
629	0.4103177470302582	0.27583999999046327	0.17454999999523163
630	0.4098767577362061	0.2763199999952316	0.1753700000143051
631	0.408039870262146	0.27642000001907346	0.17610000000476836
632	0.407623291683197	0.2766100000095367	0.17575999999523162
633	0.40521233880996704	0.27585999999046323	0.17630999999523164
634	0.4036386572933197	0.27573000000953674	0.17685
635	0.40247226666450503	0.27618000000953674	0.17701000000476838
636	0.40190258812904356	0.27614000000953676	0.17579
637	0.3995520802116394	0.27497999999046324	0.17558
638	0.39985016412734986	0.27653999999046325	0.17642000000953675
639	0.3988132459449768	0.2770700000286102	0.17687999999523163
640	0.39627399307250977	0.2757	0.17681000000953676
641	0.3951088576602936	0.2762300000190735	0.17763000001430512
642	0.39227296767234804	0.2756300000047684	0.17850000000953675
643	0.39428051319122315	0.27779	0.17898999999523163
644	0.39057124256134035	0.27650000000953673	0.1793300000143051
645	0.3872343074226379	0.2749100000190735	0.17958
646	0.3892975967788696	0.2764000000143051	0.17804
647	0.38567813343048096	0.27621	0.18031
648	0.38598404008865356	0.2766400000286102	0.1796900000143051
649	0.3853757055282593	0.27697000000476835	0.1793600000143051
650	0.3818822028064728	0.2762200000095367	0.18056
651	0.38302108660697937	0.27659	0.17880000000476837
652	0.38136558656692504	0.27698000000953676	0.18072000000953675
653	0.3820988665103912	0.2774100000190735	0.18004
654	0.3813992347621918	0.27876000000953677	0.18127999999523162
655	0.37918233392715456	0.27787000002861023	0.18067000000476838
656	0.3779075466632843	0.2776300000047684	0.18106000000476838
657	0.37737899211883547	0.27796000000953675	0.18063000000953675
658	0.3778268349456787	0.27945000002861026	0.18129000001430512
659	0.37492427740097045	0.27901000000953674	0.18179000000953674
660	0.3727965270805359	0.27830000000953675	0.18257999999523164
661	0.37375034042358396	0.27942999999046325	0.18247000000476837
662	0.37152687881469726	0.2781099999952316	0.18171
663	0.371841363363266	0.27918999999046323	0.18223000001430512
664	0.36859530896186826	0.27890999999046323	0.18358
665	0.36827242480278016	0.27909000000953677	0.18301
666	0.3664806484985352	0.2778000000190735	0.18296000000476836
667	0.36582081330299376	0.2786400000286102	0.18341000000953675
668	0.36540752347946165	0.27919	0.18374
669	0.36479692878723147	0.27919000000953675	0.18359000000953674
670	0.3653597682952881	0.2802700000190735	0.18432000000953674
671	0.361938580827713	0.27996000000953675	0.18510000000476837
672	0.36166213616371157	0.28039000002861025	0.18526000001430512
673	0.3595977578544617	0.2795500000095367	0.18489000000953673
674	0.35899188389778136	0.2801300000190735	0.18513000000476837
675	0.3577259675312042	0.2807100000190735	0.18601
676	0.3572874985218048	0.2801799999904633	0.18528000000476838
677	0.3558543166732788	0.27959000002861023	0.18444999999523162
678	0.35602118757247925	0.2805800000286102	0.18601999999523164
679	0.354800614862442	0.2808900000190735	0.18609
680	0.35329889247894286	0.2795	0.18559
681	0.35159384687423706	0.28038000002861024	0.18700000000953673
682	0.34975013082504275	0.27964	0.18674999999523162
683	0.35140509565353395	0.2813	0.18703000000953673
684	0.3509562435340881	0.2816700000190735	0.18735000000476837
685	0.34734427883148195	0.28013	0.18707000000953675
686	0.34795403076171877	0.2805700000286102	0.18693999999761582
687	0.34509692229270933	0.28032000002861024	0.18693
688	0.34540255577087403	0.28012000000953674	0.18619999999523162
689	0.34437829092025757	0.28112999999046323	0.18819000000953676
690	0.342505476436615	0.28102999999046324	0.18951000000953674
691	0.34287818566322326	0.28150000001430514	0.18867000000953674
692	0.3422551585769653	0.28159000000953677	0.18790000000476836
693	0.34047057002067566	0.28142000001907347	0.18837000001430512
694	0.34132972290992736	0.28263000000953675	0.18862999999523164
695	0.3390416203403473	0.2811000000095367	0.18868
696	0.3371033056926727	0.28101999999046323	0.18908000000953673
697	0.33626756265640256	0.2814700000286102	0.18908999999523163
698	0.33559485582351684	0.28204999999046326	0.19027999999523162
699	0.33380806007385255	0.28163	0.19061000000953673
700	0.3346805136680603	0.28289	0.1910099999976158
701	0.33259858915328977	0.28188000002861024	0.19142000000476836
702	0.33282965171813966	0.2814600000190735	0.18945000000953674
703	0.33016406312942503	0.28161000000953673	0.19128
704	0.3322352391242981	0.28321999999046327	0.19048000001430512
705	0.332228354511261	0.28481	0.19157000000953675
706	0.3275824839782715	0.28244000000953673	0.1921000000143051
707	0.32782124514579775	0.28259000000953677	0.19206
708	0.3261661321258545	0.2821900000286102	0.19199999999523162
709	0.32644420902252197	0.28236000000953676	0.19176000000476837
710	0.3252422092628479	0.2827699999952316	0.19251000000476837
711	0.32418160270690916	0.2835600000190735	0.19298
712	0.3239066784286499	0.2838800000095367	0.19286000000953674
713	0.32196274950027465	0.28348000000953677	0.19387000000476837
714	0.3223377283477783	0.2836800000143051	0.19251999999761582
715	0.32025600824356076	0.2825600000190735	0.1932100000143051
716	0.3203275928688049	0.28389000002861026	0.19428999999523164
717	0.3203420320510864	0.28400000000953673	0.19355000000476838
718	0.31888871373176575	0.2838200000190735	0.1938500000143051
719	0.3181522894668579	0.28413000000953675	0.19480000000476838
720	0.31694324810028074	0.28392999999046326	0.19358000000953673
721	0.31568251331329344	0.2839900000095367	0.19510000000953676
722	0.3154786301422119	0.2840600000190735	0.19517
723	0.316459487953186	0.2857100000190735	0.19629
724	0.3136876160812378	0.28453000002861023	0.19552000000476838
725	0.3121370457839966	0.28362999999046323	0.19512000000953675
726	0.31172363662719726	0.2843999999904633	0.19619000001430512
727	0.31286241813659665	0.28614999999046326	0.19719000001430512
728	0.31338040709495546	0.28625999999046325	0.19574999999523163
729	0.3124446618080139	0.2864	0.19635000000476838
730	0.3088363090991974	0.28505	0.19695
731	0.3106602879524231	0.28658999999046325	0.19642999999523164
732	0.30676851354599	0.2849800000190735	0.19721999999523163
733	0.3095474433517456	0.28714000000953677	0.19612000000953675
734	0.30582168752670286	0.28484999999523164	0.1971399999976158
735	0.30509391813278197	0.28467	0.1970400000143051
736	0.30466998836517334	0.28552000000953676	0.19770000000953675
737	0.30433338943481447	0.28684000000953674	0.19852000000476838
738	0.30316245012283327	0.28589	0.19759999999523162
739	0.3048770927810669	0.28761000000953674	0.19892000000476837
740	0.3038969820308685	0.28797	0.19888000000476838
741	0.3017433801364899	0.28615000000476837	0.1986200000143051
742	0.30090315763473513	0.28691000000953676	0.19942000000476837
743	0.29940979296684267	0.28702999999046325	0.20025000000953674
744	0.29943017976760866	0.28706999999046323	0.19999000000476838
745	0.2989040583992004	0.2867400000286102	0.19863000000953673
746	0.29756760515213015	0.28685000001907346	0.19902
747	0.2974436692714691	0.28718999999046324	0.19975000001430512
748	0.2964656066799164	0.28816	0.20180000000476836
749	0.29660966101646424	0.2876800000286102	0.20027999999523163
750	0.29465292680740357	0.28732	0.20029999999523163
751	0.2941919101810455	0.28750000000953674	0.20050000001430512
752	0.2929876884651184	0.28651000000953675	0.20055
753	0.2950766870212555	0.2890500000190735	0.20064000001430513
754	0.2936054306221008	0.28946999999046324	0.2024600000143051
755	0.2923166409301758	0.28897000002861023	0.20147
756	0.2904423527908325	0.2875400000095367	0.20188000001430512
757	0.289444028339386	0.28666000000953673	0.20030999999523164
758	0.2894074285984039	0.28837	0.20271
759	0.28907732469558717	0.28905	0.20319000001430512
760	0.2885302264785767	0.2884900000190735	0.20259
761	0.28788648980140685	0.2893400000190735	0.20374000001430512
762	0.2863606137752533	0.2885000000286102	0.20414000000953675
763	0.28559646171569825	0.28878000000953674	0.20339999999523162
764	0.28324304079055784	0.28769000000953676	0.20360000000953674
765	0.28346051250457766	0.28762999999046324	0.20266
766	0.2838889883995056	0.28914000002861023	0.20383000001430512
767	0.28442356265068053	0.2897	0.20361999999523162
768	0.28375234617233275	0.29008999999046325	0.20423999999523162
769	0.28271785512924197	0.2892200000190735	0.20366000001430512
770	0.2828536359977722	0.2898899999904633	0.20448000000476838
771	0.28245190636634826	0.29072999999523164	0.20487999999523163
772	0.2793350834465027	0.2891300000286102	0.20509000000953675
773	0.27946106429100037	0.28982	0.20584999999523163
774	0.2796574349498749	0.28926	0.20452000000953674
775	0.27870703929901125	0.29008000000953676	0.20483000000476836
776	0.2779247819805145	0.2901100000286102	0.20536
777	0.27665497113227844	0.2898100000190735	0.20577000001430512
778	0.27600966879844663	0.28992000000476836	0.20607000001430512
779	0.27679561000823977	0.29053000002861024	0.20597000000476837
780	0.2764608948659897	0.29074000000953676	0.20589999999523162
781	0.2733551412010193	0.28951999999046324	0.20662000000953673
782	0.2730339682388306	0.29008000000953676	0.20676999999523163
783	0.2737626700115204	0.28979000000953675	0.20555000000476836
784	0.27098407476425174	0.28968000000953675	0.20745
785	0.27287948455810546	0.29177000002861025	0.20884
786	0.27161046085357665	0.29143	0.20834000000476838
787	0.2711669234752655	0.29079999999046324	0.20716000000953674
788	0.27065158354759217	0.29085999999046325	0.20758
789	0.27091957008361817	0.29184000000953675	0.20774000000953674
790	0.26879474548339843	0.29112999999046324	0.20928000000476837
791	0.2675124098968506	0.2904299999952316	0.2089700000143051
792	0.26891274892807004	0.29167000000953675	0.20818000001430512
793	0.2666541876029968	0.2912499999952316	0.20876000000476838
794	0.2677085271835327	0.29219000002861023	0.20923999999523163
795	0.26756054841041566	0.2930300000095367	0.21101999999523163
796	0.2665468690443039	0.2917900000286102	0.20947000000953675
797	0.26460873940467833	0.29132000002861025	0.2092500000143051
798	0.2646089042377472	0.2907100000190735	0.20829000000476838
799	0.2625412098312378	0.2909800000095367	0.20912
800	0.2630977249622345	0.29169000000953677	0.21000999999046327
801	0.2620713697719574	0.2914100000286102	0.20984
802	0.2622801977062225	0.29272	0.21081999999523163
803	0.26114829971313475	0.2918300000190735	0.20974000000476836
804	0.26206679663658144	0.2931500000190735	0.21033999999523162
805	0.26031804996490476	0.2919999999904633	0.21061000000953675
806	0.26035855105400085	0.29231000002861024	0.21062999999523163
807	0.25993595129966734	0.2921600000190735	0.21061999999523162
808	0.2584740993690491	0.29298000002861024	0.21303999999523163
809	0.2570158576488495	0.29171	0.21159000000476838
810	0.2588430118560791	0.2930100000190735	0.21156000000476838
811	0.25808513867378235	0.29391999999046325	0.21300000000476838
812	0.25700901945114135	0.2928900000286102	0.21201
813	0.2576471402168274	0.29307	0.21106999999523163
814	0.25453301228523256	0.2919900000190735	0.2117200000143051
815	0.25676631373405456	0.29341999999046325	0.21250000000476837
816	0.2552033326244354	0.29397999999046326	0.21310000000476836
817	0.2556112221622467	0.29435000000953676	0.21340000000953674
818	0.25458868671417234	0.2944400000190735	0.21390000000953674
819	0.25278355365753175	0.29301999999046324	0.21311000000476837
820	0.25339510929107667	0.2937199999904633	0.21324000000953675
821	0.25177260358810427	0.29330000000953677	0.21382000000476836
822	0.2523270838451385	0.29430000002861023	0.21429000001430512
823	0.25214548671722414	0.29426000002861025	0.21407999999523164
824	0.25307554346084593	0.2944	0.21296000001430512
825	0.24938772332191467	0.2943500000143051	0.21517000000476838
826	0.25062641394138335	0.29386999999046326	0.21288
827	0.2478274601650238	0.29393000000953673	0.21576999999523164
828	0.2499344101524353	0.29447	0.21329000001430512
829	0.2498173115539551	0.29518999999046325	0.21449000001430513
830	0.2479242948436737	0.29457000001907346	0.21533000000953675
831	0.24760231499671936	0.29453	0.21551000000476836
832	0.24740351301193236	0.29492999999046327	0.2164
833	0.24653701698303224	0.29477000000953674	0.21569999999523162
834	0.2472844249010086	0.29562000000953675	0.21506000000476838
835	0.2469873701763153	0.2958800000190735	0.21524
836	0.2449767428970337	0.29435999999046325	0.21587000000476836
837	0.24487007384300233	0.2947300000286102	0.21578999999523163
838	0.24489763053894043	0.2942600000190735	0.21532000001430512
839	0.2438965231895447	0.2946200000190735	0.21527
840	0.24341111785411834	0.29506	0.2162
841	0.24283979291915894	0.2950000000286102	0.2159200000143051
842	0.24346017063140868	0.29674999999046325	0.21849000000476837
843	0.24325061950683594	0.29663000002861023	0.21787000001430512
844	0.24250515362739564	0.29617999999046324	0.21637999999523164
845	0.24222217636108398	0.2962200000047684	0.21722000000476838
846	0.24135823914527893	0.29589	0.21715999999046326
847	0.23907716249465943	0.29442	0.21826
848	0.23844265224456787	0.29486000002861024	0.21837
849	0.24036163587570192	0.29689999999046324	0.21815000001430512
850	0.237037566280365	0.29432000002861025	0.21839
851	0.23808739835739134	0.2962000000095367	0.21909999999523164
852	0.23780305797576903	0.29463000000953676	0.21759000002861023
853	0.2374353477573395	0.29478999999523164	0.21743
854	0.23658384314537048	0.2955399999952316	0.21917000001430512
855	0.2391376286649704	0.29725999999046326	0.2183800000143051
856	0.23780666492462157	0.29752000000953677	0.22012
857	0.23635579245567323	0.29563000001907347	0.21815000001430512
858	0.23648987952232361	0.29717000000953675	0.2198100000190735
859	0.236078949136734	0.29702000000953677	0.21908999999523163
860	0.23454361562728882	0.29651000000953676	0.21969000000953676
861	0.2345933831691742	0.29631	0.21911000000953673
862	0.233866645488739	0.29679000000953676	0.2206600000190735
863	0.23349890072345733	0.29681	0.21874000000953675
864	0.23203505485534667	0.29618000001907346	0.22076999999523164
865	0.23293019325256348	0.29617999999523165	0.21914
866	0.23254077834129333	0.2966699999904633	0.22026000000953674
867	0.23291292638778688	0.29722000000953674	0.21988
868	0.23176833659172058	0.29654000002861025	0.21978000000476838
869	0.23072315850257874	0.2966200000286102	0.22023000001430512
870	0.23137309155464172	0.2972500000095367	0.21990000000476836
871	0.231252105884552	0.2979700000190735	0.22086
872	0.2304912338924408	0.29730000000953677	0.22032000000953675
873	0.2303872929763794	0.2984400000190735	0.22267999999523164
874	0.2278303976583481	0.29702000002861023	0.22111999999523163
875	0.22733158633232117	0.29674000000953676	0.22180999999523163
876	0.22842946300506592	0.29709000002861025	0.22100000000476838
877	0.2267093055343628	0.29663999999046325	0.22132000000476837
878	0.23015884453296662	0.29913000002861023	0.22172
879	0.22806452340602876	0.2986400000190735	0.22224000000953675
880	0.22746408825874329	0.29732000000953673	0.22133000000476838
881	0.22720072635650634	0.29841999999046326	0.2223300000143051
882	0.2281079938030243	0.2987199999904633	0.22193000000476837
883	0.22551932425498963	0.2973100000190735	0.22192
884	0.2240112778902054	0.29693	0.22223
885	0.22551719036102294	0.29832000002861025	0.22309
886	0.22453175242424012	0.2975600000190735	0.22273000000476836
887	0.2246586098384857	0.2976700000286102	0.22238000000953675
888	0.2231248597240448	0.29702000001907347	0.22314000000476839
889	0.2238586298751831	0.29830000002861023	0.22303
890	0.22268033452033997	0.29807000000953676	0.22404
891	0.2234456295108795	0.29835000002861023	0.22312999999046326
892	0.22265966947555543	0.29845000000953675	0.22391000000953673
893	0.22193971791744233	0.29751000000953676	0.22164999999523163
894	0.22123838929176332	0.29804000001430514	0.22351000001430513
895	0.22094913122177123	0.29701000000953676	0.22212999999523164
896	0.22051842450141906	0.2978400000286102	0.22330999999046325
897	0.21952493394374847	0.29716999999046323	0.22313999999046324
898	0.22000502488613127	0.2986700000286102	0.22481000000953674
899	0.21912631768226623	0.29851000001907346	0.22526000001907348
900	0.22130806288719176	0.29900000000953675	0.2228800000143051
901	0.2185530378818512	0.29697	0.22295999999523164
902	0.21904105838775634	0.2985499999904633	0.22435000000476837
903	0.2202461995124817	0.29938000000953674	0.22371000000476837
904	0.21928082891464235	0.2984900000286102	0.22338999999523163
905	0.21944188950538634	0.29895999999046324	0.22380000000953673
906	0.21836523559093476	0.29918000000953676	0.22475000000953674
907	0.2180914915084839	0.2989200000190735	0.2238800000143051
908	0.21701239210605622	0.29765000000953673	0.22413000000476838
909	0.21645229028224944	0.29846	0.22433000000953673
910	0.21766358473777772	0.29935000001907347	0.22451000000953675
911	0.21699969360351562	0.2984700000095367	0.22378000001430512
912	0.21512552178382874	0.2984500000286102	0.22411000000953674
913	0.2144737937927246	0.29833000000953674	0.22531000000476836
914	0.21352713423728942	0.29809	0.22595000000476836
915	0.21457174124717712	0.2990600000286102	0.22631
916	0.21408599058151245	0.29869	0.22607000000476837
917	0.21304958589076997	0.2987200000286102	0.22617
918	0.21417784930229186	0.29848	0.22490000000953675
919	0.2130750986766815	0.29786000002861024	0.22472000000476838
920	0.21450890682220458	0.30002000000953677	0.22595999999523164
921	0.2137705003452301	0.2998200000190735	0.22582000000953675
922	0.21467157799720765	0.30059000000953673	0.22582000000953675
923	0.2128804834651947	0.2994	0.2249900000190735
924	0.21261311265945435	0.2990200000190735	0.22514000000476836
925	0.21273782096862792	0.2985900000190735	0.22458
926	0.21041263407707214	0.29814	0.22555999999523163
927	0.21061725593566893	0.29902000000953677	0.22683000000476838
928	0.21091085981369018	0.2986200000286102	0.22629999999523162
929	0.2103908928871155	0.29917000000953675	0.22651
930	0.2106264892244339	0.29985000001907347	0.2271300000143051
931	0.21063029909133912	0.29898000002861025	0.22506000000476836
932	0.2084190780544281	0.29847	0.22715000000953675
933	0.2092970065021515	0.29896000000953676	0.22609
934	0.2097004095697403	0.2997000000095367	0.22668000002861022
935	0.21005196357727052	0.29934000001907346	0.22595
936	0.20972004907608033	0.29974999999046326	0.22634000000953675
937	0.20958511615753173	0.2996100000286102	0.22542000000476836
938	0.20873772119522094	0.30006000000953675	0.22712999999523162
939	0.20814930947303772	0.2992700000286102	0.22616
940	0.20849460770606995	0.30073	0.2281
941	0.2083559574842453	0.29947	0.22685999999046325
942	0.20850407389163972	0.30024000001907347	0.22679999999523162
943	0.2087935167121887	0.3008299999904633	0.22727000000953673
944	0.20625731940746309	0.29975000001430513	0.22744000000953674
945	0.2046752624940872	0.29837000000953673	0.22727999999523163
946	0.20716071734428407	0.3000900000190735	0.22759000000953675
947	0.20602104045391081	0.29988	0.22744
948	0.20493982999324797	0.29916	0.22795000000476837
949	0.20416623409748078	0.29836999999046326	0.22676999999523162
950	0.20547106546401978	0.29910000000953674	0.22669000000953674
951	0.20727912425041198	0.3003200000190735	0.22633
952	0.20554698689937592	0.29996000000953676	0.22751
953	0.2035331475496292	0.29921	0.22740000002861022
954	0.20540793007850647	0.30041000002861024	0.22694000002861023
955	0.2059752981567383	0.30034000001907346	0.22708000000476838
956	0.20455194369316101	0.29992000002861025	0.22830000000953674
957	0.20310439770698546	0.2996100000286102	0.2277600000143051
958	0.20357667173862457	0.3003000000190735	0.22795
959	0.20443220105171203	0.30055999999523164	0.22805000001430512
960	0.2026823986530304	0.2990800000190735	0.22624000000476838
961	0.2020185451698303	0.2992000000095367	0.22740000000476837
962	0.20263696709632872	0.3002100000190735	0.22848999999523162
963	0.20187866027355195	0.29951000000953676	0.22744
964	0.20220956480026245	0.3000600000190735	0.22803000002861024
965	0.20212433230876922	0.29971000000953674	0.2274100000143051
966	0.20274839383602142	0.3001099999904633	0.2277400000143051
967	0.20257224267959595	0.30101000000953676	0.22836000001430512
968	0.20164018136024475	0.29998000000953673	0.22741000000953673
969	0.20113377498626708	0.2999899999904633	0.22818
970	0.20056483110427856	0.30027000000953674	0.22864000000476836
971	0.19939505255699158	0.29915000002861025	0.22854999999046327
972	0.20156116341114044	0.30083	0.22771000000953676
973	0.2003367395877838	0.29963	0.22732000000953675
974	0.20005209788322448	0.29950000000953675	0.2274100000143051
975	0.2008483020544052	0.30023	0.22797000000953674
976	0.19965071284294128	0.2997500000190735	0.22784
977	0.2002788651418686	0.3011599999904633	0.22910000000476838
978	0.1992352992916107	0.30056000000953675	0.22951999999523162
979	0.20014028118133545	0.30093000000953674	0.22905
980	0.19927328311920167	0.30056000001907346	0.22884000000953675
981	0.19801663084506987	0.29896000002861023	0.22714
982	0.19911356631278992	0.29989000000953675	0.22795000000476837
983	0.19889544061660766	0.29999000000953674	0.2287100000143051
984	0.1995954999256134	0.30088000000953674	0.22886000000953674
985	0.1990851831960678	0.29998000000953673	0.22752999999523163
986	0.19947640305519104	0.2998700000190735	0.22729999999523162
987	0.20006076519966126	0.30005999999046323	0.22709999999523162
988	0.1999594889450073	0.30071	0.22838
989	0.20041449603557587	0.30088000000953674	0.2283
990	0.19966058288574218	0.30004000002861025	0.22711999999523164
991	0.1985243373966217	0.30000999999046324	0.22811000000953674
992	0.20061013319015503	0.30056	0.2274900000143051
993	0.19913551465988158	0.3001600000190735	0.22849000000953673
994	0.1986270773935318	0.29976000000953673	0.22816000001430511
995	0.19860987688064574	0.29981999999046327	0.22774
996	0.19841640209674835	0.2996700000286102	0.22775
997	0.19914485323429107	0.30007000000953676	0.22810000000953673
998	0.1991545989704132	0.30041000002861024	0.22863000000476838
999	0.1996902351284027	0.30059000000953673	0.2283200000143051
