epoch	loss	acc	certified
0	0.9702057025909424	0.43598333339691164	0.05796666667064031
1	0.725764690876007	0.6717	0.13025
2	0.5708334352811177	0.755416666730245	0.2527833333651225
3	0.42924943310419716	0.8018833333333333	0.4345833333651225
4	0.3272976588567098	0.8410333333651224	0.580316666730245
5	0.2562540509621302	0.8713333333333333	0.6801333333969116
6	0.20424652993679046	0.8981166666666667	0.7418166666984558
7	0.16793605361382166	0.9176333333969117	0.7857500000317892
8	0.1412357276280721	0.9319000000317892	0.8148833333333333
9	0.12107618521054586	0.9434833333651225	0.8381
10	0.10679688694477081	0.9492	0.8578333333969116
11	0.09623933284282685	0.9542	0.8694000000317892
12	0.08459770367145539	0.9606166666666667	0.8852666666666666
13	0.07906997087796529	0.9636166666666667	0.8918
14	0.07327805095513662	0.9658500000317891	0.9004333333651224
15	0.0666103327790896	0.9696500000317891	0.90615
16	0.06423991310199102	0.9708166666666667	0.9108333333333334
17	0.05918989013830821	0.9728333333969116	0.9165833333651224
18	0.05672740728457769	0.9739333333651224	0.9210333333651225
19	0.05413138197660446	0.975216666730245	0.9229166666666667
20	0.05150336447954178	0.9771166666666666	0.9264166666666667
21	0.04901585028966268	0.9776333333333334	0.9297500000317891
22	0.047306237788995106	0.9785333333651225	0.9324333333333333
23	0.046305000070730844	0.9792000000635783	0.9335833333333333
24	0.04470525810023149	0.980266666730245	0.9353500000317891
25	0.042944791489839554	0.9809500000635782	0.937216666730245
26	0.0414596748466293	0.98145	0.9395000000317891
27	0.04017734590768814	0.9820166666984558	0.941966666730245
28	0.039404897669951124	0.9822000000317891	0.9433666666984558
29	0.03839210850596428	0.9832500000317892	0.9425666666666667
30	0.036171229962507885	0.98425	0.9461833333333334
31	0.03643682760198911	0.9835500000317892	0.9462333333333334
32	0.03478495868047078	0.9853333333651225	0.9481333333969116
33	0.03469912738204002	0.98495	0.9481500000317892
34	0.03352044500124951	0.9859333333333333	0.9484333333333334
35	0.03324039821426074	0.9858166667302449	0.9504666667302449
36	0.032639478089412054	0.9864333333651225	0.9500833333333333
37	0.03168421073158582	0.9860833333333333	0.9525666666984558
38	0.030613410154978433	0.987216666730245	0.95325
39	0.031058077601591745	0.986616666730245	0.9532333333969116
40	0.029720085366566975	0.9875833333333334	0.9544166666984558
41	0.02988820519298315	0.9876166666666667	0.9533833333651225
42	0.028558647791544597	0.9881833333969117	0.9554833333651225
43	0.028679892754554747	0.9879666666984558	0.9546166667302449
44	0.02849532542725404	0.9885833333333334	0.9551333333333333
45	0.02730097026228905	0.9893166666666666	0.9566333333969116
46	0.026726016772786777	0.9889833333333333	0.9569000000317891
47	0.027121332122882206	0.9884666666984558	0.95765
48	0.026554144899050395	0.9890166667302449	0.958166666730245
49	0.02613256727953752	0.9891666666666666	0.9584333333333334
50	0.026785478899876276	0.9887000000635783	0.9579
51	0.025706022491057714	0.9893500000635783	0.959216666730245
52	0.024782756783564886	0.9897500000635783	0.9610333333651224
53	0.02507628876765569	0.9902833333333333	0.9601333333969116
54	0.024895103991031647	0.9897833333333333	0.9606166666984558
55	0.023857281388839087	0.9907500000317891	0.960366666730245
56	0.02408383048971494	0.9909333333651225	0.9601666666666666
57	0.023715017215410868	0.9905833333333334	0.96195
58	0.023225219670310618	0.9910333333333333	0.9613666666984558
59	0.022985384223858516	0.9906666666984558	0.9635666666666667
60	0.02354816324412823	0.9908500000317891	0.9613833333969116
61	0.022245750008026758	0.991566666730245	0.9626666666666667
62	0.02287272488276164	0.9906000000635783	0.9637
63	0.022117431484162807	0.9914833333333334	0.96265
64	0.022366994993885357	0.99125	0.9631166666984559
65	0.021444016784926256	0.9912166666666666	0.9639666666984558
66	0.02125423593223095	0.991616666730245	0.9639333333969117
67	0.021471216627955435	0.9914833333969116	0.9642333333651225
68	0.02087261140147845	0.9917000000635783	0.964916666730245
69	0.020377250733971595	0.992	0.9652833333333334
70	0.020860089703897636	0.99185	0.9650166666984558
71	0.02033077411254247	0.992466666730245	0.9653666666666667
72	0.01966852034802238	0.9928333333333333	0.9660500000317891
73	0.019799534344673155	0.9925666666984558	0.9654333333651225
74	0.019906933747728665	0.9923666666666666	0.9666166667302449
75	0.019844928056995073	0.9925833333969116	0.9657833333969116
76	0.01940726722084995	0.9930333333333333	0.9656166666666667
77	0.019471520421219368	0.99255	0.9671000000635783
78	0.018525856117904187	0.9932166666666666	0.9676833333651225
79	0.019461218269666035	0.9928833333969116	0.96685
80	0.01875564491674304	0.9928	0.9677666666666667
81	0.018884591909249623	0.9929166666984558	0.9662500000635783
82	0.01945043368736903	0.9928500000635783	0.9666833333969116
83	0.018463945443431537	0.9928500000635783	0.9682500000317892
84	0.01824492236773173	0.9931500000635783	0.9676500000317891
85	0.018766906367242337	0.9931666666666666	0.96675
86	0.01823523353934288	0.9934166666666666	0.9676666666984558
87	0.017743106615543364	0.9937	0.9681333333969117
88	0.01799377043445905	0.9935333333969116	0.9677500000635783
89	0.017293479265272617	0.99375	0.9692833333333334
90	0.01742338860531648	0.9937000000317892	0.9690000000635783
91	0.01758174984951814	0.993666666730245	0.9691000000317892
92	0.016782442990938822	0.9938666667302449	0.9692833333651225
93	0.01729159294962883	0.9936333333333334	0.9690500000317891
94	0.017699120684464772	0.9935166666984558	0.9691666666666666
95	0.016612307361761728	0.9940666667302449	0.9695833333651225
96	0.017166063619653383	0.9938666666666667	0.9697833333969116
97	0.016627417147159575	0.9941500000635783	0.9696833333969116
98	0.016826998338413734	0.9940666666666667	0.9696500000635783
99	0.016875693162282306	0.9939166666984558	0.9692833333969116
100	0.016823082444568475	0.9940666666666667	0.9695333333969116
101	0.016440925826629003	0.994166666730245	0.9698833333969116
102	0.01676788605550925	0.994416666730245	0.9695666667302449
103	0.01654934397339821	0.99405	0.96895
104	0.016657177346448105	0.9944	0.9689166667302449
105	0.016191485772530236	0.9944500000635783	0.9691333333333333
106	0.016502681798736256	0.9944333333969116	0.9682666666984558
107	0.016742683221648135	0.99425	0.9688000000317891
108	0.016794266563653945	0.9943833333969117	0.9678333333333333
109	0.016222940279295047	0.9946166666666667	0.96935
110	0.016670108914375304	0.9946833333969116	0.9680166666984558
111	0.017075473603606225	0.9944000000635783	0.9668500000317891
112	0.01630607834259669	0.9945833333333334	0.9684666666666667
113	0.01664587160348892	0.994366666730245	0.9677833333333333
114	0.016055912272135417	0.9944	0.9691000000635783
115	0.016420154363910356	0.9943166666666666	0.9678666666984558
116	0.01652215528463324	0.9945333333333334	0.9677333333333333
117	0.016167412766814233	0.9945000000635783	0.9677333333651225
118	0.016040176988641422	0.9946000000635783	0.9689166667302449
119	0.016429088748494785	0.9946000000635783	0.9670833333969117
120	0.016641506204009057	0.994566666730245	0.9670500000317891
121	0.0158525506918629	0.9948333333333333	0.968
122	0.016604877861216664	0.9944666666666667	0.9668666666984558
123	0.016176839392383895	0.9948666667302449	0.9664166666984558
124	0.01562713533739249	0.9952000000635783	0.9667833333969116
125	0.016031019435326258	0.9948333333969116	0.9667
126	0.015934111377596854	0.9950333333333333	0.9666333333333333
127	0.015938907592495284	0.9953666666666666	0.9669000000317891
128	0.015677214206258457	0.9952500000635783	0.9669833333333333
129	0.01640374991794427	0.9949333333333333	0.9660333333969117
130	0.016253587777415913	0.99485	0.9664000000317892
131	0.01613415492574374	0.9949333333651225	0.9659166666666666
132	0.016548263508205614	0.9949833333333333	0.965316666730245
133	0.015385932749509812	0.9950333333969116	0.9670666666984558
134	0.01618010555654764	0.9952833333333333	0.9654833333651225
135	0.016132262235879897	0.9949	0.9666333333651225
136	0.015991073916107417	0.9950333333333333	0.9657333333333333
137	0.01616750802944104	0.99535	0.9653500000635783
138	0.015838929467399916	0.995	0.9669333333651224
139	0.0157725057075421	0.9951000000635782	0.9656333333651225
140	0.01564822063744068	0.99565	0.9653666666666667
141	0.016457060098151365	0.995	0.9649333333333333
142	0.01632584440310796	0.9955	0.9640000000635783
143	0.015572949109971524	0.9950833333333333	0.9656500000317891
144	0.015802670254309974	0.9952666666984558	0.9648333333651224
145	0.01553383405605952	0.9957166666666667	0.9648666666666667
146	0.016250419268012045	0.9952166666666666	0.9642833333651225
147	0.01587187134474516	0.9955166666666667	0.9641833333651225
148	0.016337124718228974	0.9951666666666666	0.964366666730245
149	0.01589869597752889	0.9954	0.9645666666984558
150	0.016201689931750297	0.995516666730245	0.9634833333651225
151	0.01601117486556371	0.9953833333651225	0.964266666730245
152	0.016042451226711274	0.9955833333969116	0.9636000000317891
153	0.015926625672976175	0.9953	0.9636833333651225
154	0.01628451827764511	0.9955833333969116	0.9620833333333333
155	0.015781599949300288	0.99565	0.963366666730245
156	0.015110989707708359	0.9960500000635782	0.9647500000317891
157	0.01572507445116838	0.9956666666666667	0.96345
158	0.016077026788393657	0.995316666730245	0.9625166667302449
159	0.015876224348073203	0.9955833333333334	0.963216666730245
160	0.015873534823954105	0.9953833333333333	0.9632833333651225
161	0.015794376732160647	0.9955166666666667	0.963216666730245
162	0.015701238495608172	0.9956	0.9635
163	0.015511993936697641	0.9958000000317891	0.9636166667302449
164	0.015194011775155862	0.9958166666666667	0.9640166666666666
165	0.015768395535151164	0.995416666730245	0.9624333333651225
166	0.015868990181883175	0.9956	0.963066666730245
167	0.015703961567083993	0.9958833333969116	0.9623833333651225
168	0.01617537109553814	0.9955666666666667	0.9615500000635783
169	0.016064375550299884	0.99565	0.9615166667302449
170	0.015861981242895125	0.9960000000317891	0.96205
171	0.016027807958920795	0.9957500000635783	0.9618333333969116
172	0.015750709386666617	0.99595	0.96175
173	0.015675012715657553	0.9957666667302449	0.9615000000635783
174	0.01616879418194294	0.9957500000635783	0.9608000000635782
175	0.015617407449086507	0.9958000000635783	0.962366666730245
176	0.01586012380858883	0.9957666666666667	0.9623000000635783
177	0.015446689966320992	0.9959000000635783	0.96095
178	0.015923373516400656	0.99545	0.9609000000635783
179	0.015770597884058952	0.9958833333969116	0.9619500000317891
180	0.016448000891009968	0.9956166666666667	0.9600333333333333
181	0.016272307272752126	0.9957500000317892	0.9604833333333334
182	0.015796336418390275	0.99585	0.9611666666666666
183	0.016217161253094674	0.9953833333333333	0.9612333333651225
184	0.016100423488517604	0.99575	0.9606000000635783
185	0.015907117036978405	0.9959666666984558	0.9605500000317891
186	0.016074745774269105	0.9961000000635782	0.9605500000317891
187	0.016135002215206622	0.9958833333333333	0.9594333333969116
188	0.015675783654054008	0.9960833333969116	0.9615166667302449
189	0.016348906151453655	0.9963333333333333	0.9589500000635783
190	0.01566718671967586	0.9960666666666667	0.9600000000317891
191	0.016604928703357776	0.99565	0.9585166666666667
192	0.015622309778134029	0.9959000000635783	0.960366666730245
193	0.015690765901406604	0.9960666666984558	0.9595166666666667
194	0.016453202139337857	0.99585	0.9586166666666667
195	0.01629720387905836	0.9959833333333333	0.958916666730245
196	0.016301168838640055	0.99575	0.9586333333333333
197	0.016904450802008312	0.9956166666984558	0.9588833333651224
198	0.015974693739414215	0.9957	0.9590833333333333
199	0.016019761513918637	0.99595	0.9590000000635783
200	0.016445157256225744	0.9959166666666667	0.9583000000317892
201	0.016008261130253474	0.9959833333333333	0.9585833333969116
202	0.016493660873174668	0.9960666666666667	0.9574000000317892
203	0.015759453827142715	0.9959833333969116	0.9586333333333333
204	0.01661451866030693	0.9956333333969116	0.9581
205	0.01623990338643392	0.9958833333969116	0.9585833333969116
206	0.016305338557064532	0.9958166666666667	0.9582
207	0.016445585995912552	0.9958166666666667	0.9582333333651225
208	0.016089698757727942	0.9961833333333333	0.9579000000317891
209	0.01629995086019238	0.9957166666666667	0.9575166666984558
210	0.01636582909822464	0.9959500000317891	0.9571333333969116
211	0.015921133649349214	0.9961166666666667	0.9570833333651225
212	0.016301071873803932	0.9960833333333333	0.9569333333333333
213	0.016410894096891084	0.9959500000635783	0.9579833333969117
214	0.016492156179745993	0.9960666666666667	0.9568000000317891
215	0.016180503037571906	0.9962	0.9567666666666667
216	0.016334006897111734	0.99585	0.9572833333651225
217	0.016281100657085577	0.9962833333333333	0.9563833333333334
218	0.016680548508961994	0.99605	0.9557833333969116
219	0.01648011059053242	0.9959666666666667	0.9562166666666667
220	0.01614359907110532	0.99625	0.9566000000635783
221	0.016392757767438888	0.9960166667302449	0.9566666667302449
222	0.016116732399662336	0.99595	0.956966666730245
223	0.016863112424810728	0.9960000000635783	0.9554166666984558
224	0.016573165080447993	0.9958166666666667	0.9560666666984559
225	0.016590633049607277	0.9960833333333333	0.9553333333651225
226	0.01638853716204564	0.9962666666666666	0.9551166666666666
227	0.01611081011593342	0.9960333333333333	0.9569000000635783
228	0.016323290090759595	0.9958333333969116	0.95635
229	0.016425997812549272	0.99625	0.9545833333651225
230	0.01670404977798462	0.9957666667302449	0.9550333333969117
231	0.016458184248705706	0.9963000000635783	0.9551000000317892
232	0.01646545762022336	0.9957500000635783	0.9558500000317891
233	0.016423832933604717	0.9959666666666667	0.9555833333333333
234	0.016672206621368726	0.9958833333333333	0.9558166666666666
235	0.01660056279351314	0.9961333333333333	0.9540833333969116
236	0.015898686614384254	0.9964666666666666	0.9553500000635783
237	0.01670878335038821	0.9959166667302449	0.9546666666984558
238	0.01658056877553463	0.9961333333333333	0.9542500000317892
239	0.016281312583883604	0.9964833333333334	0.9536000000635783
240	0.01696511166890462	0.996	0.9535500000317891
241	0.01647208538452784	0.9963500000635783	0.9533666666984558
242	0.016785649266342323	0.9958333333333333	0.9546666666666667
243	0.0166051711777846	0.9958166666666667	0.95465
244	0.016687758656342824	0.9961833333333333	0.9538500000317891
245	0.016744520956774554	0.9962833333333333	0.9535666667302449
246	0.01679392594496409	0.9961833333969117	0.9529
247	0.017337654216090837	0.99615	0.9522333333651225
248	0.017137312026321887	0.9959333333333333	0.9534
249	0.01627724516193072	0.9962333333969117	0.9537000000317891
250	0.017131427079439165	0.9958166667302449	0.95345
251	0.016577975696822008	0.9960166667302449	0.953166666730245
252	0.016902350896596908	0.9961500000635782	0.9519
253	0.016921049116551876	0.9958333333333333	0.9531166666984558
254	0.01648700737953186	0.9964000000635783	0.9526833333969116
255	0.017043596865733465	0.996166666730245	0.9515166666984558
256	0.01718799415305257	0.9958666666666667	0.9516500000317891
257	0.017341743718087672	0.9958166666666667	0.9512833333969116
258	0.016721052416165668	0.996216666730245	0.9526000000635783
259	0.01678054923117161	0.99615	0.952
260	0.016895626986026764	0.99625	0.9519833333333333
261	0.016748024825255076	0.9959833333651225	0.9522500000635783
262	0.017174702918964127	0.9959	0.9511000000635783
263	0.017165547461807727	0.9959666666666667	0.951316666730245
264	0.01743360007380446	0.9958666666666667	0.9516166666666667
265	0.016731183312336605	0.9961333333333333	0.9511500000317892
266	0.017354312008619307	0.9963	0.9512666666666667
267	0.017482551535839837	0.9960333333333333	0.9494666666666667
268	0.017434678986668586	0.9960833333969116	0.9501666666666667
269	0.017388686790068945	0.99595	0.9510333333969117
270	0.016885339331626892	0.9962	0.95065
271	0.01691085053384304	0.9962	0.9514166666666667
272	0.0176328124905626	0.9957333333333334	0.9498000000317891
273	0.017318719704945883	0.99625	0.9493333333333334
274	0.017223037832975387	0.9961833333333333	0.9505833333333333
275	0.01737914006114006	0.9961333333333333	0.9498833333969117
276	0.017527240897715093	0.9959666666666667	0.9494666666666667
277	0.017613608016570408	0.9958500000635783	0.9487333333651224
278	0.017027856837709746	0.9964833333333334	0.9500500000317892
279	0.017415141184131306	0.9960833333969116	0.9495166666984558
280	0.01721202440460523	0.9961333333333333	0.9486833333969116
281	0.017627861274406315	0.9958333333333333	0.95005
282	0.017551743318637212	0.9960166666666667	0.9489333333969117
283	0.017551640038688976	0.9959833333333333	0.9490000000635783
284	0.01735076397458712	0.9962833333333333	0.9492166666666667
285	0.01761044797003269	0.9958000000317891	0.9492833333651225
286	0.01730927752753099	0.9960333333333333	0.9489166666984558
287	0.01762153428296248	0.9961500000635782	0.9485666667302449
288	0.017624480789899827	0.99615	0.9476000000317891
289	0.017833477915326756	0.996166666730245	0.9484833333333333
290	0.017814323792854945	0.9963	0.9476666666666667
291	0.01746741261482239	0.9962500000635783	0.9482666666984558
292	0.01754627900123596	0.9961500000317891	0.9484666666666667
293	0.017526963245868683	0.9961333333333333	0.9482000000317892
294	0.017322187461455665	0.9963333333333333	0.9480666666666666
295	0.017853528704245884	0.9961333333333333	0.94735
296	0.017362593444685142	0.9962166666666666	0.9474166666984558
297	0.01740104591747125	0.9961833333969117	0.9486666666666667
298	0.01783312999457121	0.9960833333333333	0.947866666730245
299	0.017652287384867668	0.9962833333333333	0.9477333333969116
300	0.018234511556228003	0.9960500000317891	0.9464000000635783
301	0.01809376425743103	0.9961	0.9461500000635783
302	0.018115468308329583	0.9960333333333333	0.9470000000635783
303	0.01831589146852493	0.9958666666666667	0.9468833333651224
304	0.018170769093434017	0.9959666666666667	0.9457833333969117
305	0.018166945139070353	0.9961	0.9466000000317891
306	0.017532463601231577	0.9962833333333333	0.9473333333969116
307	0.018106596791744232	0.9961500000635782	0.94665
308	0.01837312248547872	0.99605	0.945116666730245
309	0.018435771826903025	0.9958666667302449	0.9448333333969117
310	0.01798683148548007	0.99635	0.9456333333333333
311	0.017890351662536462	0.9961166666666667	0.9457833333333333
312	0.017982628600796063	0.9960666667302449	0.9449333333969117
313	0.018266676605741182	0.9957000000635783	0.9445000000635783
314	0.01806663296818733	0.9961833333333333	0.9462500000635783
315	0.01825500291585922	0.9961000000635782	0.9448500000317891
316	0.018203233125805855	0.9959833333333333	0.9457166666984558
317	0.018219697024424872	0.9962833333333333	0.9449833333969117
318	0.01799499203612407	0.99605	0.9456000000635782
319	0.017869181199123462	0.99605	0.9455833333651225
320	0.01829087187250455	0.9958333333651225	0.9452833333333334
321	0.017875799079736073	0.9960166666666667	0.9455166667302449
322	0.018430659853915374	0.99595	0.9439666666984559
323	0.01840286737481753	0.9962666666666666	0.94365
324	0.018199099684755006	0.99615	0.9440833333651225
325	0.018772933091719946	0.9958500000317891	0.942216666730245
326	0.017996385560433068	0.9961166666984558	0.9446166667302449
327	0.01804658759435018	0.9959	0.9446833333333333
328	0.018165617845455805	0.9962000000635783	0.9436000000317891
329	0.01839456054965655	0.9960000000635783	0.9427666666984558
330	0.018510982845226922	0.9962	0.9437833333969117
331	0.01822343305250009	0.9959666666666667	0.9431333333333334
332	0.018478172568480174	0.9960666666666667	0.9445666667302449
333	0.018371540130674838	0.9959666666666667	0.942816666730245
334	0.01849239105482896	0.9958	0.9445333333969116
335	0.018316196826100348	0.9959166666666667	0.9443666666984558
336	0.018292918081084887	0.9959333333969116	0.9443500000317891
337	0.01887931408882141	0.9955000000317892	0.9426833333969116
338	0.018544400079051653	0.9960166666666667	0.9429000000317892
339	0.018930388595660527	0.99605	0.9419833333651225
340	0.01842762100795905	0.9964166666666666	0.9422666666984558
341	0.018399149443705878	0.9960333333333333	0.9435833333333333
342	0.01840542533795039	0.9959666666666667	0.9435333333969116
343	0.018336357166369756	0.9962833333333333	0.9431333333651225
344	0.018414682575563588	0.996	0.9423000000317892
345	0.01866091510678331	0.9961333333333333	0.9423166666666667
346	0.018571476515134175	0.9961333333333333	0.9415333333969116
347	0.01876509360472361	0.9959666666666667	0.942316666730245
348	0.018713095571597418	0.9959666667302449	0.9420500000635783
349	0.0189106680393219	0.9958333333969116	0.9409333333969117
350	0.01855962044497331	0.9960833333333333	0.9415166666984558
351	0.019088315109411877	0.9959166667302449	0.9411000000635783
352	0.01878719860514005	0.9958666666666667	0.94225
353	0.01896023211379846	0.9963	0.9403833333333333
354	0.018435696217914424	0.9964666666666666	0.9411166666666667
355	0.018981355763971804	0.9963	0.9403833333969116
356	0.018433722346027692	0.9963333333333333	0.9412833333333334
357	0.01901076584259669	0.9960833333333333	0.9401166666666667
358	0.019209244871139525	0.9958666667302449	0.9407166666666666
359	0.018938492209712665	0.9962500000635783	0.9398333333651224
360	0.018837775617837907	0.9959666666666667	0.9412833333651225
361	0.01892727149526278	0.9959333333333333	0.9399000000635783
362	0.018690535606940586	0.99635	0.94005
363	0.019118385775883994	0.9961	0.939166666730245
364	0.0193843603203694	0.99605	0.9389166666666666
365	0.018994017533461253	0.9959666666666667	0.9401833333969116
366	0.018802322958906492	0.9959666667302449	0.9408833333651225
367	0.019802985928455988	0.9956166666666667	0.9384833333333333
368	0.018594710632165272	0.9964833333333334	0.9396166667302449
369	0.018788514260451	0.99635	0.9392333333651225
370	0.019031623365481695	0.996	0.9391833333333334
371	0.01920483636657397	0.9961166666666667	0.938966666730245
372	0.01893618555565675	0.9962333333333333	0.9385666666984558
373	0.018589902293682098	0.9960833333969116	0.9401500000635783
374	0.019178348580002783	0.99585	0.9386333333969116
375	0.01908692393451929	0.99635	0.938816666730245
376	0.01936736586491267	0.9959500000317891	0.93905
377	0.019203981760144234	0.9959	0.9390166666666667
378	0.019211437235275904	0.9961666666666666	0.9381666666666667
379	0.019519119242827097	0.9959000000635783	0.9379666666666666
380	0.019238896349072457	0.9958666667302449	0.9383666666666667
381	0.019029004859924318	0.9962333333969117	0.9382166666984558
382	0.019367856860160827	0.9959833333333333	0.93745
383	0.01929830582141876	0.9958833333651225	0.93825
384	0.01938797004620234	0.9959833333333333	0.9378500000317892
385	0.01938374845981598	0.996266666730245	0.9375333333333333
386	0.019040381999810535	0.9961833333333333	0.9375833333651225
387	0.019704213180144627	0.99585	0.9364833333333333
388	0.019022508759299915	0.9960666667302449	0.9388666666666666
389	0.01980836357275645	0.9956166666666667	0.9363833333969116
390	0.019393493743737538	0.9960666666666667	0.9375833333333333
391	0.019788812072078388	0.9958833333333333	0.9367833333651224
392	0.019222252638141313	0.9961333333333333	0.9374833333333333
393	0.0195636746019125	0.9959666667302449	0.9375166667302449
394	0.019515583005547524	0.99625	0.9356166666666667
395	0.0194934788107872	0.9964333333333333	0.9364500000635783
396	0.019434117392698923	0.9960666666984558	0.9369166666984559
397	0.020086352733771008	0.99565	0.9358666666984559
398	0.020161869323501985	0.9960833333333333	0.934866666730245
399	0.019437390218178432	0.9963500000635783	0.936766666730245
400	0.019849421894550325	0.9959166666666667	0.936116666730245
401	0.01997673971056938	0.9956500000317892	0.936266666730245
402	0.020130250482757885	0.9958833333333333	0.9357666666984558
403	0.019478545700510344	0.9962333333333333	0.9355166666666667
404	0.019503857827186586	0.9960833333333333	0.9367833333969117
405	0.019940795509020486	0.9956500000317892	0.9345
406	0.02034986384709676	0.995566666730245	0.9354833333651225
407	0.01997732485731443	0.9957333333333334	0.9354833333651225
408	0.019333547262350717	0.99595	0.9357166666984558
409	0.01929312106569608	0.9960833333969116	0.9361833333969116
410	0.01962116974393527	0.99585	0.9347666666666666
411	0.019827928638582428	0.9960666666666667	0.9359500000317892
412	0.019433241518338522	0.996166666730245	0.9354333333333333
413	0.019534209485848743	0.9961833333969117	0.9353166666984558
414	0.01951618491411209	0.9958	0.9357666666984558
415	0.019653040754795074	0.9960000000635783	0.9356333333969116
416	0.019597398805618286	0.99585	0.9348666666666666
417	0.01979029393394788	0.99585	0.9343000000635783
418	0.020031993051369986	0.9958833333333333	0.9344500000317891
419	0.019747856501738232	0.9963333333969117	0.93535
420	0.019305527985095976	0.9960666666666667	0.9348166666984558
421	0.019995243308941524	0.9956500000635783	0.9336333333969116
422	0.01981296581228574	0.996266666730245	0.93565
423	0.01993213279048602	0.9957333333651225	0.93545
424	0.020203614821036657	0.9956666666666667	0.9343666666666667
425	0.019427527631322543	0.996216666730245	0.9354666666984558
426	0.02037360079685847	0.9958	0.9337833333651224
427	0.020224036320050556	0.9958166666666667	0.9341833333333334
428	0.01979606805741787	0.9958333333333333	0.9337666666984558
429	0.020261224179466564	0.9958	0.9337666666984558
430	0.02027807500163714	0.9959500000317891	0.93315
431	0.020131973589460055	0.9958666666666667	0.9337833333651224
432	0.01992961422900359	0.99595	0.9345
433	0.01996155888636907	0.99595	0.9340000000635783
434	0.0202108087092638	0.9958	0.9325666666666667
435	0.01974789787431558	0.9959166667302449	0.933916666730245
436	0.020116112869232892	0.9957666666666667	0.9331666666984558
437	0.02011534264286359	0.9957000000635783	0.9325000000635782
438	0.019677454681197803	0.9959333333333333	0.9326500000317891
439	0.02030639575223128	0.9959166666666667	0.9315833333651224
440	0.020316791373491287	0.9960333333333333	0.9331333333651225
441	0.02043643374145031	0.9955	0.9315166666984558
442	0.0200581450988849	0.9959333333333333	0.9323333333651225
443	0.019621036144097645	0.9962000000635783	0.9335666667302449
444	0.02036412756741047	0.9960833333333333	0.9319666666984558
445	0.02025419121980667	0.9958833333969116	0.9339000000635783
446	0.01983044480284055	0.9961833333333333	0.9326333333969116
447	0.020392720407744248	0.99595	0.9313333333969116
448	0.019888559732834498	0.9963500000635783	0.9328833333651225
449	0.020323922432462373	0.9957333333333334	0.9315000000317891
450	0.020450952701767285	0.9959666666666667	0.9317666666984558
451	0.02026307350198428	0.99595	0.93165
452	0.020925413752595583	0.9957500000635783	0.9303333333651225
453	0.02022925914625327	0.99565	0.9319500000635783
454	0.020495027208824953	0.99555	0.9319833333969116
455	0.02000460443596045	0.9959333333333333	0.9320833333651225
456	0.02012594447831313	0.9960666666666667	0.9319666666984558
457	0.0192837808166941	0.9961666666666666	0.9326833333651224
458	0.019999853044748307	0.9961833333333333	0.9318000000635783
459	0.020540348175664743	0.9955333333333334	0.93185
460	0.020540971846381824	0.9959	0.9307333333333333
461	0.020292000485459965	0.9959166666666667	0.9308166666666666
462	0.02037589207192262	0.9958	0.9311833333333334
463	0.020120958920319874	0.996166666730245	0.9307000000635783
464	0.020559659669796625	0.9960666667302449	0.9304166667302449
465	0.02064381504356861	0.9955833333333334	0.9299500000317892
466	0.020172797922293345	0.9960000000635783	0.930716666730245
467	0.02034953678448995	0.9959000000635783	0.9304666666984558
468	0.02016661719630162	0.9957333333333334	0.9299500000635783
469	0.020488523014386494	0.9957500000635783	0.9298500000635783
470	0.02073880254427592	0.9959666667302449	0.9312000000317892
471	0.020158348137140274	0.996216666730245	0.9296833333333333
472	0.020166019995013874	0.996	0.9310500000317892
473	0.02113221188982328	0.9955833333333334	0.9303833333651225
474	0.020494170745213827	0.9960666666666667	0.9303666666666667
475	0.02062760622849067	0.9957333333969116	0.9310166666666667
476	0.020747221300005912	0.9957333333333334	0.9303666667302449
477	0.02056835260093212	0.9956000000635783	0.9298500000635783
478	0.020527309070527553	0.9960833333333333	0.9300000000635783
479	0.020755052724480628	0.9957166666666667	0.9304000000635783
480	0.020505101553102336	0.99585	0.9298166666984559
481	0.02044534198343754	0.9958333333969116	0.9300333333651225
482	0.020549276918172835	0.9957833333333334	0.9305333333333333
483	0.020651029680172604	0.9956666666666667	0.9297333333333333
484	0.020485229800144833	0.9957333333333334	0.92865
485	0.02060720888177554	0.99595	0.92855
486	0.020921207575003306	0.9956666666984558	0.9282500000635783
487	0.020651987927158673	0.9958833333333333	0.9283666666984558
488	0.020901748949289322	0.9954333333333333	0.9283833333969116
489	0.02015179803868135	0.9957833333333334	0.9293833333969116
490	0.02096689711312453	0.9954333333333333	0.9279833333969116
491	0.02102694669763247	0.9957	0.9290833333651225
492	0.02085242114563783	0.9955333333333334	0.9283500000317891
493	0.020695815333724023	0.9961333333333333	0.9280500000317892
494	0.020704918642838795	0.9959166667302449	0.9279500000317892
495	0.02111998001585404	0.9959	0.9283666667302449
496	0.020255596039692562	0.9962	0.9300500000317892
497	0.02022218828300635	0.9960666667302449	0.9285666667302449
498	0.02104841697414716	0.9956166666666667	0.9283666667302449
499	0.020673809333642323	0.9959333333333333	0.9282333333969116
500	0.020395094033082328	0.9960666667302449	0.928116666730245
501	0.020800158246358235	0.9958500000635783	0.9279333333333334
502	0.02041606240471204	0.99585	0.9293166666666667
503	0.020503842552999654	0.9957833333333334	0.9284666666984558
504	0.020558032484849293	0.9957333333333334	0.9285333333333333
505	0.020970100570221743	0.9958333333333333	0.9288833333333333
506	0.02123963899711768	0.9957333333333334	0.9272500000635783
507	0.020793174408872923	0.9956666666666667	0.9273833333651225
508	0.020874571923414867	0.9958833333333333	0.9279833333651225
509	0.020956901806592942	0.9955333333969116	0.9271833333333334
510	0.02109308358033498	0.9958166666984558	0.9275500000317891
511	0.02092187447746595	0.9957666666666667	0.9275500000317891
512	0.021079663904507957	0.9961166666984558	0.9261333333651225
513	0.020403196585178376	0.9961	0.9278666666666666
514	0.020782628281911214	0.9960000000635783	0.927166666730245
515	0.020261364424228667	0.9961333333333333	0.9274666666666667
516	0.021224161901076635	0.9955666666984558	0.9260333333651225
517	0.02098610101938248	0.9955166666666667	0.9271166666984558
518	0.021183597002426783	0.9955	0.9286500000635783
519	0.02070624813636144	0.99605	0.9274833333333333
520	0.020350826700528464	0.9959333333969116	0.9268000000635783
521	0.02065884175201257	0.9958333333333333	0.9271333333969116
522	0.021096184634665647	0.9959666666666667	0.9266166666666666
523	0.021148175888260207	0.9959333333333333	0.9271833333969116
524	0.02063473498225212	0.9959000000635783	0.9264333333333333
525	0.020674469194809596	0.9961500000317891	0.9273500000317891
526	0.02083437259991964	0.99585	0.9245000000635782
527	0.021201985947291058	0.9955333333333334	0.9255666667302449
528	0.021191379298766456	0.9958333333333333	0.9264000000317891
529	0.020868488317728043	0.9958166666666667	0.9271500000317892
530	0.021117138874530792	0.99525	0.9260000000635783
531	0.02089386373658975	0.9959166666666667	0.9258833333333333
532	0.020951423953970275	0.9957833333969116	0.9251166666666667
533	0.021300691145658492	0.9959666666666667	0.9250833333333334
534	0.021058168443044027	0.9958833333969116	0.925
535	0.021022698924938837	0.996	0.9250500000317892
536	0.021073583653072516	0.9955333333333334	0.9260833333969116
537	0.020632528642813366	0.9963333333333333	0.9254
538	0.020706211592753727	0.9957833333333334	0.9251666666666667
539	0.020920355673134328	0.9957333333333334	0.9260833333333334
540	0.020768496267000836	0.9962000000635783	0.9263000000635783
541	0.021057866072654724	0.9955666666666667	0.9247
542	0.020685570062200228	0.9960166667302449	0.9250333333333334
543	0.02066708177526792	0.99625	0.9251166666984558
544	0.02073687254190445	0.9957833333333334	0.92615
545	0.021505420371890068	0.9958166666666667	0.9240666666984558
546	0.021243792923291524	0.9960333333969116	0.9243333333969116
547	0.021198337507247925	0.9956333333333334	0.9254833333333333
548	0.020940266928076743	0.9959	0.9247833333969117
549	0.020352941577633222	0.9962666666666666	0.9247333333333333
550	0.020970048413674038	0.9955833333333334	0.9259500000317892
551	0.020759942747155827	0.9958833333969116	0.9247166666666666
552	0.021051009275515873	0.99575	0.9254
553	0.02021602965493997	0.9963166666666666	0.9259500000317892
554	0.021141668659448623	0.9956333333969116	0.9256000000635783
555	0.021002060466011364	0.9959833333333333	0.9247000000317891
556	0.021214205425481	0.9962666666666666	0.9233666666666667
557	0.020638495725393294	0.9959500000635783	0.9252500000317891
558	0.020681722275416058	0.995566666730245	0.9246333333969117
559	0.02076662239829699	0.9958333333969116	0.9258500000317892
560	0.02101886688073476	0.9963	0.9232500000635783
561	0.020616075325012206	0.9959666666666667	0.9243666666666667
562	0.02059492029050986	0.9960333333333333	0.9258833333651225
563	0.020960587279001873	0.9957500000635783	0.9242333333969116
564	0.020500370714068412	0.9959	0.9256500000317891
565	0.020336161895593008	0.9962666666666666	0.9252166666984558
566	0.0211108212351799	0.9957833333969116	0.9238500000317892
567	0.020737821614742278	0.9956166666666667	0.9244166666984558
568	0.020621816729505856	0.9963	0.924116666730245
569	0.021175737752517066	0.9957833333333334	0.9253833333333333
570	0.02070336180627346	0.996	0.9239000000317892
571	0.021044812363386154	0.9957	0.9242166667302449
572	0.0208931854168574	0.9960000000635783	0.9239833333651225
573	0.020874846094846727	0.9960833333333333	0.923766666730245
574	0.0206887787938118	0.9959333333333333	0.9244500000317891
575	0.020747015816966693	0.9960333333333333	0.9241833333651225
576	0.02124901169538498	0.9957666667302449	0.9239333333969116
577	0.021578008708854516	0.9960333333333333	0.9218166666666666
578	0.02125150426030159	0.9958500000635783	0.9229166666666667
579	0.020966362369060517	0.9958833333333333	0.9244333333333333
580	0.021326466196775435	0.9960500000635782	0.92275
581	0.02148430487513542	0.9956000000317892	0.9226000000635783
582	0.02104467069307963	0.9959833333333333	0.9224833333333333
583	0.02077930800120036	0.9959166666984558	0.9233666666984558
584	0.020623891363541286	0.996216666730245	0.9237833333333333
585	0.02108207512597243	0.9959500000635783	0.9247833333969117
586	0.02153588035305341	0.9957000000317892	0.9227333333651225
587	0.020867750440041223	0.9961	0.9225500000317891
588	0.02108377091884613	0.9956833333333334	0.922
589	0.02134372699757417	0.9953833333333333	0.9241166666666667
590	0.020816524809598922	0.9962500000317891	0.9227166666984558
591	0.0210886891802152	0.9956833333969116	0.9231666666666667
592	0.021130504150688647	0.99585	0.9234000000635783
593	0.0211620290239652	0.9960833333969116	0.9233166667302449
594	0.020741886686285335	0.9957166666666667	0.9241833333651225
595	0.021289376814166705	0.99575	0.9233000000317891
596	0.02133118385374546	0.99565	0.9228500000317892
597	0.021166784075895947	0.99595	0.9223833333651225
598	0.021269877751668293	0.9958500000635783	0.9232166666666667
599	0.021529993534088136	0.9957666666666667	0.9228500000635783
600	0.020417448381582895	0.99615	0.9238833333651225
601	0.0210967727402846	0.9959333333333333	0.9217833333333333
602	0.020557753472030163	0.99605	0.9241500000317892
603	0.02081007052361965	0.9957833333333334	0.9233000000317891
604	0.0213481516400973	0.9959166666666667	0.9231500000317892
605	0.021188976499438284	0.9958333333969116	0.9223333333969116
606	0.021371981433033944	0.9958833333969116	0.9216500000635783
607	0.020922985079884528	0.9963	0.9221666667302449
608	0.021088430005311964	0.9961500000635782	0.9210666666666667
609	0.02146883548895518	0.9956166666666667	0.9214166666666667
610	0.020620093786716462	0.9959833333969116	0.9238500000635783
611	0.0218555948694547	0.9959333333969116	0.9201
612	0.020911974208056926	0.9959166666666667	0.9221833333333334
613	0.021219776397943497	0.9958333333969116	0.9226000000317891
614	0.021358565413951872	0.9960666667302449	0.9211333333969116
615	0.021314910711844763	0.9957	0.9212000000635783
616	0.021555242232481637	0.9954166666666666	0.9208833333651225
617	0.02125164665679137	0.9956833333333334	0.9223500000317891
618	0.021119465543826422	0.9959833333333333	0.9225833333969117
619	0.020870676278074582	0.99595	0.92205
620	0.02049822012782097	0.9962666666666666	0.9222500000317891
621	0.021063619324564933	0.9959166666666667	0.9210500000635783
622	0.020904782885313035	0.9958833333651225	0.9221000000635783
623	0.02139125530521075	0.9962333333651224	0.9211833333651225
624	0.02199490631421407	0.99535	0.9196833333651224
625	0.02124218687415123	0.9959333333333333	0.92155
626	0.02142692878941695	0.9959333333333333	0.9205833333969117
627	0.021378858142097792	0.99565	0.9215166666984558
628	0.02130472488005956	0.9956500000635783	0.92285
629	0.021128504892190297	0.9959500000635783	0.9222333333969116
630	0.0211920024484396	0.9959166667302449	0.921816666730245
631	0.021097396220763523	0.9957666666666667	0.9221666666984558
632	0.020957789693276087	0.9960333333969116	0.9215166666666667
633	0.021314962597688038	0.9959833333969116	0.9215666666984558
634	0.020825780528783797	0.9958333333333333	0.9212666667302449
635	0.020938479008277257	0.9959333333333333	0.9224500000635782
636	0.021138420712947845	0.9960666666666667	0.920916666730245
637	0.021695622503757478	0.9954000000635783	0.921566666730245
638	0.021448394385973613	0.9957666667302449	0.9187500000317892
639	0.020853220997254052	0.9960833333333333	0.922016666730245
640	0.021562638864914576	0.9957666667302449	0.9199833333333334
641	0.02142271835009257	0.9959833333333333	0.9195166666984558
642	0.021209152666727703	0.9957666667302449	0.9214000000635783
643	0.020895908083518346	0.9960666666666667	0.9219666666666667
644	0.020892456567287446	0.9958833333651225	0.9204
645	0.020986816884577274	0.9961	0.9217000000635783
646	0.02136897511680921	0.9956833333969116	0.919766666730245
647	0.021564373046159744	0.9959666666666667	0.9204833333651224
648	0.021387961494922638	0.9959166666666667	0.9193333333969116
649	0.021145643772681553	0.9960833333333333	0.9192166667302449
650	0.021222685547669727	0.9959000000317891	0.9208333333333333
651	0.021119715721408527	0.9955833333333334	0.920766666730245
652	0.021636401361227034	0.9959333333969116	0.9197500000635783
653	0.02107721257805824	0.9960000000635783	0.9204666666984558
654	0.020907773216192922	0.9957833333333334	0.9208833333333334
655	0.02089573965072632	0.9960666666666667	0.922
656	0.02121011825998624	0.9958166666666667	0.9204000000317891
657	0.021234616731603942	0.996	0.9210666666666667
658	0.021715660524368286	0.9958333333333333	0.9197833333333333
659	0.02141998465657234	0.9959	0.9200833333969116
660	0.021201701411604882	0.9957	0.9203000000635783
661	0.021440379105011623	0.9960333333333333	0.9195333333969116
662	0.02157227102915446	0.9959000000635783	0.9200166666666667
663	0.021309976968169213	0.99585	0.9199333333651225
664	0.02125291698674361	0.9960333333969116	0.9205500000317891
665	0.021083498578270278	0.9962	0.9179833333969116
666	0.02119780269364516	0.99605	0.9202
667	0.021237354996800423	0.9957333333333334	0.9189666666984558
668	0.021706697112321854	0.9957	0.9185500000635783
669	0.020904766170183817	0.9960333333969116	0.9204
670	0.02116177621483803	0.9958500000635783	0.9207000000317891
671	0.021169610887765884	0.99585	0.9188833333969116
672	0.021615731652577717	0.9957166666666667	0.9187000000317892
673	0.021196608179807664	0.9956000000635783	0.9218166666984559
674	0.020992578266064325	0.99615	0.9187
675	0.02127930353631576	0.9962666666666666	0.9196833333651224
676	0.021351192925373713	0.9959666666666667	0.9180333333969116
677	0.02126119974454244	0.9960000000635783	0.919116666730245
678	0.02089177399377028	0.9960833333333333	0.91985
679	0.021167119956513245	0.9959	0.9199
680	0.021829035661617913	0.9956333333651225	0.92005
681	0.02130798562268416	0.996	0.9177666666666666
682	0.021130321604013444	0.9961333333969116	0.9204166666666667
683	0.02128051850994428	0.9958333333333333	0.9181333333333334
684	0.02126987759868304	0.9955166666984558	0.9203000000317891
685	0.021320404733220735	0.9956333333333334	0.9203000000635783
686	0.02135000312924385	0.9958666666666667	0.918716666730245
687	0.02112518701851368	0.9959	0.9195666666984558
688	0.021632822692394256	0.9959666667302449	0.9185166666666666
689	0.021466975678503513	0.9955333333333334	0.9194333333333333
690	0.021189925281206768	0.9958666666666667	0.91915
691	0.021865208522478738	0.9955666666666667	0.9179333333333334
692	0.021182291061182818	0.9959666666666667	0.9183333333969116
693	0.021132700130343438	0.9959166666666667	0.9198666666666667
694	0.02124753622810046	0.9959	0.9204500000317891
695	0.02207330661813418	0.9957166666666667	0.9182000000317891
696	0.021373840526739758	0.9962	0.9180166666666667
697	0.021273601640264192	0.9958333333333333	0.9193500000317891
698	0.021605550135175386	0.9961166666666667	0.9180833333651225
699	0.021079457682371138	0.9960833333333333	0.9191
700	0.0214352414727211	0.9955666666666667	0.9191500000317891
701	0.021886459028720856	0.9957166666666667	0.9176166666984558
702	0.02238738188147545	0.995516666730245	0.9186833333969117
703	0.0214050752778848	0.9957666667302449	0.919
704	0.021224283739427724	0.9959833333333333	0.9187333333969117
705	0.02182155995865663	0.9956833333969116	0.91865
706	0.021455169159173965	0.9962833333969117	0.9169166666984558
707	0.02195139971723159	0.99585	0.9174833333969116
708	0.021282296959559122	0.9960333333333333	0.9191000000635783
709	0.021502642800410587	0.9958166666666667	0.918
710	0.021281986343860627	0.9961	0.9173666666984558
711	0.02165559429128965	0.9955333333969116	0.9187000000635783
712	0.02141114295721054	0.9959666667302449	0.9185166667302449
713	0.0218218628992637	0.9955333333333334	0.9174000000317891
714	0.021374685011307397	0.9961333333969116	0.917566666730245
715	0.021614486506581307	0.9961000000635782	0.9174500000317891
716	0.021589011033376057	0.9955500000317892	0.9185666666666666
717	0.021136860200762747	0.9960833333969116	0.9187833333651225
718	0.022039825681845347	0.995316666730245	0.916716666730245
719	0.02121365145345529	0.9960333333333333	0.9180333333651225
720	0.02099555449982484	0.9955500000635783	0.9193833333651225
721	0.021753952061136565	0.995666666730245	0.9169000000635783
722	0.021210162217418352	0.9958833333333333	0.9193666666666667
723	0.021581048792600633	0.99585	0.9173333333651225
724	0.021575726688901585	0.9958833333333333	0.9163833333969116
725	0.021445804572105407	0.9953833333969117	0.9182333333969116
726	0.02160108340382576	0.9957	0.9175666666666666
727	0.02166418797125419	0.99595	0.9181166666984558
728	0.021837856713930764	0.9958500000317891	0.9162833333333333
729	0.02102118425667286	0.9960166666666667	0.9180333333651225
730	0.021486738177140554	0.9959333333333333	0.9180000000635783
731	0.02173703338901202	0.9958166666666667	0.9172333333969116
732	0.02134271515607834	0.996166666730245	0.9182500000635783
733	0.021416655212640762	0.9958666666984558	0.9170833333969116
734	0.022430867121616998	0.9951166666666666	0.9161333333969116
735	0.021958350084225337	0.9958833333333333	0.9175166666984558
736	0.021920596661170324	0.9961333333333333	0.9169833333651225
737	0.021438810988267262	0.99605	0.918566666730245
738	0.021680235201617083	0.99575	0.9171666666666667
739	0.021362578143676123	0.9957166666666667	0.9182166667302449
740	0.021877236167589822	0.9956666666666667	0.9157333333333333
741	0.021286354754368464	0.9960500000635782	0.9167000000317892
742	0.021847123328844708	0.9954166666984559	0.9163666667302449
743	0.021831287670135497	0.9958500000635783	0.9164666667302449
744	0.02149326677719752	0.9958833333333333	0.9172166666984558
745	0.02196166525731484	0.9957	0.9146166666666666
746	0.02172285043299198	0.9959166666666667	0.9167833333969116
747	0.021446408173938593	0.9958333333333333	0.9169833333333334
748	0.021687483964363735	0.99595	0.9167
749	0.021832848140597345	0.99565	0.916966666730245
750	0.022011603194475173	0.9959666666666667	0.9158
751	0.02187555760939916	0.9959333333333333	0.9162000000317891
752	0.02131849966943264	0.9958166666666667	0.9168333333651225
753	0.02134537446697553	0.9962	0.9173333333333333
754	0.021986199302474658	0.9957	0.9173166666984558
755	0.021615518867969512	0.9962	0.9164500000317891
756	0.02169813324014346	0.9963666666666666	0.9153333333651225
757	0.021852072683970134	0.9959333333333333	0.9166833333333333
758	0.021330336099863054	0.99615	0.9146833333333333
759	0.02143795629044374	0.9963333333333333	0.9152333333651225
760	0.0211933191438516	0.9959	0.9151
761	0.021477289233605066	0.9956666666666667	0.9172833333651225
762	0.02184788803656896	0.995716666730245	0.9158833333333334
763	0.02174524817665418	0.9960500000635782	0.9166666666666666
764	0.0219922354499499	0.9959166666666667	0.9159666666984558
765	0.02172582773466905	0.9959333333969116	0.9149666666666667
766	0.022044888416926065	0.9954000000635783	0.9166
767	0.021562284413973492	0.9958333333333333	0.9162333333969116
768	0.021699985376993816	0.9959000000635783	0.9166000000635783
769	0.02199353519678116	0.995566666730245	0.9152333333333333
770	0.021913368880748747	0.9958000000635783	0.9152333333651225
771	0.02190112164815267	0.9962666666666666	0.9144333333333333
772	0.022463923066854477	0.9961	0.9139000000317892
773	0.021442264451583228	0.9959	0.916016666730245
774	0.021816817524035772	0.9961166666666667	0.9163666666666667
775	0.02202232459485531	0.9957833333333334	0.9148000000317892
776	0.021765698325634002	0.9959833333333333	0.915
777	0.02279337460796038	0.9955500000635783	0.9146666666666666
778	0.02134112811287244	0.9961000000635782	0.9167166666666666
779	0.022000903966029484	0.9962666666666666	0.9142333333969116
780	0.02219314948519071	0.9957333333651225	0.9157500000317892
781	0.021852736657857894	0.9954666666984558	0.9148500000317892
782	0.021393283491333327	0.996	0.9155
783	0.021784244139989216	0.9959666667302449	0.9162666666666667
784	0.023086081909636656	0.9952	0.9130666666666667
785	0.02207809239824613	0.9957666667302449	0.9135666666666666
786	0.022026390503843626	0.9961166666666667	0.914916666730245
787	0.02206899129251639	0.99625	0.9141833333651225
788	0.021937655520439147	0.9959166666666667	0.9146333333651224
789	0.02165226171016693	0.9961833333969117	0.9150166666984558
790	0.022442123677333194	0.9955500000635783	0.9145500000635783
791	0.02195564290781816	0.9962166666666666	0.91525
792	0.021829136869311334	0.9960166666666667	0.9153333333333333
793	0.02225488912065824	0.995666666730245	0.9135833333651224
794	0.021791235409180324	0.9958333333333333	0.9154833333969116
795	0.02241055412689845	0.9954166666666666	0.9136166666984558
796	0.021803608640034992	0.9955833333651225	0.9156
797	0.022066167414188386	0.9958333333333333	0.9130833333333334
798	0.02194782021244367	0.9958833333969116	0.9150666666666667
799	0.02181368775765101	0.9961000000635782	0.9151833333969116
800	0.021646170886357625	0.9958333333333333	0.916766666730245
801	0.022895831940571466	0.9955166666666667	0.9132333333333333
802	0.02194891900221507	0.9957666666666667	0.9143666666984558
803	0.021573280449708302	0.9960166667302449	0.9169666666984558
804	0.02245329983830452	0.9952	0.9134000000635782
805	0.021906688569982846	0.996	0.9155166666984558
806	0.022012764569123586	0.9960666666984558	0.9132833333333333
807	0.021710681928197542	0.9961666666666666	0.9144333333969116
808	0.022191608412067094	0.9959	0.9138500000635783
809	0.021528977887829145	0.996166666730245	0.9146333333333333
810	0.021859101607402166	0.9959166666666667	0.91505
811	0.022087063177426657	0.9955833333651225	0.9145166666984558
812	0.02220187651515007	0.99575	0.9148500000635783
813	0.021832053208351136	0.9959666666666667	0.9134833333333333
814	0.02264291339914004	0.9957666667302449	0.9138
815	0.023474333210786184	0.9954333333969116	0.9116500000317892
816	0.022651485848426817	0.9958166667302449	0.9128833333333334
817	0.02192474331855774	0.9960666666666667	0.9136500000635783
818	0.021682398947079976	0.9961833333333333	0.9155333333333333
819	0.02205887955725193	0.99585	0.9140000000635783
820	0.02181315059463183	0.9960500000635782	0.914616666730245
821	0.022395422691106795	0.9957333333333334	0.9126333333969117
822	0.02245198211669922	0.9958500000317891	0.9126166666984558
823	0.022063052690029145	0.9958833333333333	0.9136166666984558
824	0.02210427280664444	0.99585	0.9134833333969116
825	0.022157098684708276	0.99575	0.9139500000317892
826	0.021862256984909376	0.9959	0.9142666666666667
827	0.02250291957060496	0.9957833333651225	0.9141
828	0.021806998469432196	0.9959666666984558	0.9144333333651224
829	0.02261952623128891	0.9955833333333334	0.9130333333969116
830	0.022225022669633228	0.9956166666666667	0.9142000000317891
831	0.02203562938173612	0.9962166666666666	0.9135333333333333
832	0.022172611461083094	0.9963000000635783	0.9120333333333334
833	0.022589065494139988	0.9959666666666667	0.9123
834	0.02260686307301124	0.9957833333333334	0.9127
835	0.02253556770582994	0.9958333333333333	0.9136500000317891
836	0.022094011837244035	0.9960666666666667	0.9133000000317891
837	0.022110797301928203	0.9959666666666667	0.9129000000317892
838	0.02298993565440178	0.99555	0.9124166667302449
839	0.022200967021783192	0.9960166666666667	0.9112666667302449
840	0.02229925066928069	0.9959166666666667	0.913016666730245
841	0.02248744853337606	0.99585	0.9130333333969116
842	0.022122196853160858	0.9960000000635783	0.9134000000317891
843	0.021568587755163512	0.9959166666666667	0.9143333333651225
844	0.022263505313793817	0.9960000000635783	0.9116833333969117
845	0.02178202915887038	0.9963333333333333	0.9147333333651225
846	0.022910222975413005	0.9957833333969116	0.9111333333333334
847	0.022745271521806717	0.9955666666666667	0.911766666730245
848	0.022336056049664814	0.9957666666666667	0.9121666667302449
849	0.02240338293512662	0.9957833333333334	0.9138833333969116
850	0.022056528129180273	0.9960500000635782	0.9127
851	0.02236660173634688	0.9960666666666667	0.9127166666984559
852	0.022147931889692943	0.9960166666666667	0.9130833333333334
853	0.022102502278486886	0.9962000000635783	0.9135666666666666
854	0.022676315565903982	0.995716666730245	0.9121500000317891
855	0.022654109237591424	0.9958166667302449	0.9123166666666667
856	0.022195656923453013	0.9963000000317891	0.9131
857	0.02228113429148992	0.996	0.9128500000317892
858	0.022588932303587595	0.9960666666666667	0.9121166667302449
859	0.02214811177055041	0.9961833333333333	0.9119500000317892
860	0.02260862798889478	0.9961666666666666	0.9108833333333334
861	0.022215554537375767	0.9960500000635782	0.9124333333333333
862	0.02244247194925944	0.9959166666984558	0.9127833333969116
863	0.022593277110656104	0.9958	0.91175
864	0.02244251623551051	0.9958333333651225	0.9122833333333333
865	0.022277348232269286	0.9958666666666667	0.9129
866	0.022596338045597075	0.9960333333333333	0.9124166667302449
867	0.022363875780502956	0.995666666730245	0.9125000000317891
868	0.02270564241409302	0.9960000000635783	0.9108000000317892
869	0.022523830357193946	0.9957166666666667	0.9115833333969117
870	0.022005661670366924	0.9962166666666666	0.913016666730245
871	0.022326284664869307	0.9960666666666667	0.912566666730245
872	0.022337259223063788	0.9957333333333334	0.9123833333651225
873	0.02247717871069908	0.9958833333333333	0.9124833333333333
874	0.02234019140601158	0.9958666666666667	0.9119000000317892
875	0.023121566891670227	0.9954666666984558	0.9118000000635783
876	0.022400765140851337	0.9959166667302449	0.9111833333333333
877	0.02214676152865092	0.996	0.9123333333333333
878	0.022317803410689036	0.9959500000635783	0.9118833333969116
879	0.022770148867368698	0.9958500000635783	0.9115833333651224
880	0.022594353637099267	0.9957000000635783	0.9114666666984558
881	0.022560251794258752	0.9957000000635783	0.9117500000635783
882	0.022982044781247775	0.9955666666666667	0.91065
883	0.02232539011836052	0.9960833333651224	0.91155
884	0.022518002504110336	0.9959333333333333	0.91115
885	0.02321409789820512	0.9953833333333333	0.9114833333651224
886	0.022473893185456593	0.99585	0.9121166666666667
887	0.02299380363325278	0.99565	0.9112833333651225
888	0.02348386400938034	0.9952833333333333	0.9093833333333333
889	0.022901868067185083	0.9955166666666667	0.9105000000317891
890	0.022382217009862263	0.99575	0.9120833333333334
891	0.02254941729704539	0.9959833333969116	0.9117
892	0.02277957572142283	0.9960166666666667	0.9123
893	0.022528276177247366	0.9957333333333334	0.9118000000635783
894	0.02270294960141182	0.9957000000635783	0.9114333333333333
895	0.022493912467360495	0.99605	0.9116333333651224
896	0.02256459176739057	0.9961833333651224	0.9109666666666667
897	0.022977576273679735	0.995666666730245	0.9123333333651225
898	0.022551502281427382	0.9957666667302449	0.9107000000317892
899	0.023352848887940248	0.9953166666666666	0.9093166666666667
900	0.022276319842537244	0.9957	0.9120333333333334
901	0.022289792252580324	0.9961833333333333	0.9113500000635782
902	0.02292714938521385	0.9961166666666667	0.9106166666984558
903	0.022911891011397043	0.9961000000635782	0.9105
904	0.02236988759835561	0.9961	0.9114333333969116
905	0.022989287414153417	0.99565	0.9101333333651225
906	0.022684883294502894	0.9956000000317892	0.9120833333333334
907	0.02240393077333768	0.99625	0.91095
908	0.023386458241939544	0.9954	0.9100500000635783
909	0.02250096732378006	0.9959	0.9109000000635783
910	0.02271962602039178	0.9960000000635783	0.9101666666984558
911	0.022421055016915003	0.9958166666666667	0.9112666667302449
912	0.022653486373027165	0.9957833333333334	0.9100666667302449
913	0.022928465845187505	0.9958166666666667	0.9103500000635782
914	0.02296004837056001	0.9957833333333334	0.9101166667302449
915	0.022657148571809133	0.9959333333333333	0.9108833333651225
916	0.02236278228163719	0.9958	0.9111
917	0.022792161921660104	0.996	0.9097000000635783
918	0.02255479633609454	0.9961333333333333	0.91155
919	0.022448083130518597	0.9958333333333333	0.9115000000317891
920	0.022753079758087793	0.9953666666666666	0.9120500000635783
921	0.022939702842632928	0.9959000000635783	0.9106166666666666
922	0.022749080550670625	0.9959166666666667	0.9095833333651224
923	0.02305436569650968	0.9958833333969116	0.9106333333333333
924	0.022983466291427612	0.9956166666666667	0.9102333333333333
925	0.02300690834323565	0.9956500000635783	0.9101166666666667
926	0.023134442659219105	0.9959333333333333	0.9082666666666667
927	0.023574855794509252	0.9957666666666667	0.9092333333651225
928	0.022959799050291378	0.9956666666666667	0.9111500000635783
929	0.022473204613725345	0.9958666666666667	0.9101000000635783
930	0.022316376002629597	0.9958166666666667	0.9109833333969116
931	0.022585065945982932	0.9961333333333333	0.9093333333333333
932	0.02255682284682989	0.9956666666666667	0.91175
933	0.02342206992805004	0.9957833333333334	0.908916666730245
934	0.023025111923615137	0.9956333333651225	0.9092500000317891
935	0.023054203003644944	0.9957	0.9108833333969116
936	0.023266105117897194	0.9956	0.9094833333969117
937	0.02257834605971972	0.9957833333969116	0.9097333333969116
938	0.02306570152491331	0.9957	0.9097000000635783
939	0.023220568705598514	0.9956	0.9087333333333333
940	0.022397412286202113	0.9961166667302449	0.9110500000317892
941	0.02338908740480741	0.9957833333969116	0.9092333333333333
942	0.02279337986509005	0.9959166666666667	0.9090666667302449
943	0.022821388112505277	0.996	0.9101833333333333
944	0.023079100866119067	0.9957166666666667	0.9101000000317891
945	0.02258694610695044	0.9959333333333333	0.9111666666984558
946	0.0232730930964152	0.99555	0.9088000000635783
947	0.02297020001212756	0.9957333333651225	0.9095666666666666
948	0.022577560555934906	0.9956166666666667	0.9116500000635783
949	0.02287131251891454	0.9957833333333334	0.9097666666984559
950	0.023033988928794862	0.9958	0.9089000000317892
951	0.023005650969346363	0.9960833333969116	0.9111833333651225
952	0.023107605291406312	0.9956166666666667	0.90935
953	0.022832845244805017	0.9959500000635783	0.9112666666666667
954	0.022910520664850872	0.9959666667302449	0.9090333333333334
955	0.023491003481547038	0.9956333333333334	0.9096666666666666
956	0.02304473828872045	0.9959833333651225	0.9087000000317892
957	0.02302752409776052	0.99615	0.9104000000635782
958	0.022905956476926805	0.9958333333969116	0.909916666730245
959	0.022885187092423438	0.9960166667302449	0.908816666730245
960	0.02229119637211164	0.9961333333333333	0.9108333333651225
961	0.023577046877145767	0.9951333333969116	0.909816666730245
962	0.02331826752126217	0.9958833333333333	0.9084833333333333
963	0.023539255621035895	0.9954666666666667	0.9094333333969116
964	0.022543628574411074	0.9958333333333333	0.9105666666666666
965	0.02400657676955064	0.9952	0.9088166666666667
966	0.022983164954185484	0.99575	0.9090166666984558
967	0.022714816316465537	0.99595	0.90995
968	0.0226755731711785	0.9961666666666666	0.9104666666666666
969	0.022668032935261727	0.9956666666666667	0.9088833333333334
970	0.02296592465043068	0.99555	0.9090000000635783
971	0.0225774572322766	0.9957833333333334	0.9094166667302449
972	0.02281416059335073	0.9959333333969116	0.9093666667302449
973	0.023336233272155126	0.9954833333333334	0.9088166666984558
974	0.023510862243175508	0.9955833333969116	0.9080166666666667
975	0.022683071887493134	0.9960000000317891	0.9105
976	0.023145562950273355	0.9958666666666667	0.9093166667302449
977	0.02340786798199018	0.9955333333333334	0.9093000000317891
978	0.02310579575896263	0.9957333333333334	0.9079
979	0.02344785780509313	0.9957	0.9084833333333333
980	0.023122398416201274	0.9957833333333334	0.9096833333969117
981	0.022832489567995072	0.99595	0.9089333333651225
982	0.022921414256095885	0.9959666666666667	0.9064000000635782
983	0.022843739529450735	0.99565	0.9098166666666667
984	0.022924800582726796	0.9959666666666667	0.9091333333969116
985	0.023052498251199722	0.9958666667302449	0.9078833333333334
986	0.023154077398777007	0.9959333333333333	0.9097500000317892
987	0.022853218732277553	0.9961500000635782	0.91055
988	0.02332345413764318	0.9958666666666667	0.9080500000317892
989	0.023461462407310802	0.9955333333333334	0.9092000000317891
990	0.023236550080776214	0.9955166666984558	0.9077166666666666
991	0.023028861406445503	0.9958833333969116	0.9097000000635783
992	0.02308644365866979	0.9960166666666667	0.9082333333969116
993	0.023808206780751545	0.9953000000635783	0.9076500000317892
994	0.022594775825738905	0.9957333333969116	0.9095000000635783
995	0.023113135384519895	0.9959000000635783	0.9075666666666666
996	0.02390581995447477	0.9953833333969117	0.90765
997	0.023054162436227002	0.9958333333333333	0.9095666666984558
998	0.02306098770101865	0.9957	0.9103833333333333
999	0.023042894903818768	0.9957166666666667	0.9083666666984558
1000	0.022953213282426197	0.9956666666666667	0.9104000000635782
1001	0.0237614507128795	0.9950833333333333	0.9091000000635783
1002	0.02333115418155988	0.9953833333333333	0.9102
1003	0.022874376542369526	0.9958166666666667	0.9092500000317891
1004	0.02284077997406324	0.99615	0.9091166667302449
1005	0.022768142041563987	0.9959	0.9101
1006	0.023280824770530065	0.9957333333333334	0.9088833333333334
1007	0.023030230403939884	0.9957666666666667	0.9087333333969116
1008	0.022914809600512186	0.9962166666666666	0.9090833333651225
1009	0.023583391284942627	0.9956833333333334	0.9083666666984558
1010	0.022930518168210984	0.9955166666666667	0.91035
1011	0.022695047317941985	0.9956833333333334	0.909866666730245
1012	0.023009255216519038	0.996	0.90765
1013	0.02335829777419567	0.99565	0.9071833333651225
1014	0.023443726460138956	0.9955500000635783	0.9082
1015	0.022944350054860115	0.9957666666666667	0.9089166666984558
1016	0.02318889472881953	0.9959000000635783	0.907866666730245
1017	0.02289398928284645	0.9955000000635783	0.9100666667302449
1018	0.02310304243763288	0.9960166666666667	0.9075166666984558
1019	0.023326510612169903	0.99525	0.9092
1020	0.023358160582184793	0.9961333333333333	0.9083
1021	0.022886997210979462	0.9959333333333333	0.9096333333651225
1022	0.023405887646476428	0.995616666730245	0.9079000000317892
1023	0.023220241113503775	0.9958	0.90805
1024	0.022897344130277632	0.9957833333333334	0.9092166666984558
1025	0.02310507410466671	0.99585	0.9083833333333333
1026	0.023581292190154392	0.9952333333333333	0.9093333333651225
1027	0.022885716087619464	0.9958166666666667	0.9096333333969117
1028	0.023101540597279868	0.9961166667302449	0.9095
1029	0.02339323792854945	0.9958833333969116	0.9086833333969117
1030	0.02251706897119681	0.9958166666666667	0.9097833333333334
1031	0.02317256249388059	0.9957666666666667	0.9082666667302449
1032	0.022901699471473694	0.9958166667302449	0.90825
1033	0.02311208527088165	0.9956000000635783	0.9102833333651225
1034	0.023040072579185167	0.9961	0.9073333333969116
1035	0.02314618268609047	0.9959666667302449	0.9088166666666667
1036	0.023388011066118874	0.9960500000635782	0.9087833333969116
1037	0.023453487187623977	0.9960166666666667	0.9082666666666667
1038	0.02321662749052048	0.9959000000635783	0.9086333333651225
1039	0.023027367691198983	0.9956000000635783	0.9090166666666667
1040	0.022474296190341313	0.9959166666666667	0.9095333333969117
1041	0.02362172246873379	0.9951166666666666	0.9089333333333334
1042	0.02279089401960373	0.996	0.9095666666666666
1043	0.02293901689449946	0.9960166666666667	0.9089833333969116
1044	0.022839036242167154	0.9960166667302449	0.9082833333651225
1045	0.023688319557905197	0.995566666730245	0.9073666666984558
1046	0.022722989294926325	0.9961000000317891	0.9078000000635783
1047	0.02278313899834951	0.9958166666666667	0.9085000000317891
1048	0.022823937630653383	0.9961833333333333	0.90785
1049	0.022953506341576575	0.9955	0.9083833333333333
1050	0.022985874742269517	0.9957	0.9089166666666667
1051	0.022739914090434712	0.9957333333333334	0.908716666730245
1052	0.02324296478033066	0.9956000000635783	0.9071666666666667
1053	0.023182455225785572	0.9954500000635783	0.9085500000317891
1054	0.02307832917968432	0.9959000000635783	0.9080166666666667
1055	0.023330645652612052	0.9957666666984558	0.9084166667302449
1056	0.023454624259471892	0.9956666666666667	0.9078666666666667
1057	0.023668523412942885	0.9952666666666666	0.9071
1058	0.022744595371683437	0.9959833333333333	0.91015
1059	0.022880599115292232	0.9961	0.9099666666666667
1060	0.023075743619600932	0.9957833333969116	0.9075
1061	0.02271236931681633	0.9958500000635783	0.9091500000635783
1062	0.02343491399685542	0.995666666730245	0.9080333333969116
1063	0.023407895849148434	0.9959333333333333	0.9084000000635782
1064	0.022919614932934443	0.9957666666666667	0.9089166666666667
1065	0.023587962679068247	0.9952166666666666	0.9081500000317891
1066	0.023013950049877167	0.9958666667302449	0.90825
1067	0.023117993179957073	0.9957666666666667	0.90855
1068	0.022606833520531656	0.9958666666666667	0.9088333333651225
1069	0.024071403850118318	0.99505	0.9071833333333333
1070	0.023446446963151298	0.9957666667302449	0.9084833333333333
1071	0.022988848127921423	0.9963	0.9072833333651225
1072	0.02299645761946837	0.9956333333333334	0.9095000000317891
1073	0.02268304577767849	0.9959	0.9088000000317892
1074	0.023131454636653264	0.9956500000635783	0.908766666730245
1075	0.022631530784567196	0.9959333333333333	0.9095000000317891
1076	0.022565760598580044	0.9957500000635783	0.9101500000635783
1077	0.023216086544593176	0.9958333333333333	0.9074833333969117
1078	0.022931545925140382	0.9956166666666667	0.9083333333333333
1079	0.02301329457561175	0.9960500000635782	0.9088
1080	0.023210057505965234	0.9959333333333333	0.9098000000317892
1081	0.023290819517771403	0.9957166666666667	0.9102833333651225
1082	0.02323673320611318	0.9959333333333333	0.9089000000317892
1083	0.023442216392358144	0.995516666730245	0.9073833333651224
1084	0.02328095349520445	0.9959	0.9085166666666666
1085	0.02292887273132801	0.9961166666666667	0.910016666730245
1086	0.022762706240018207	0.9960000000635783	0.908766666730245
1087	0.022812787320216497	0.9958166666666667	0.9087333333969116
1088	0.022771215277910234	0.9959166666666667	0.9094
1089	0.023286907504995662	0.9955166666666667	0.9077500000317892
1090	0.022990632935365043	0.9959	0.9085166666666666
1091	0.02346461610198021	0.9956333333333334	0.9091166667302449
1092	0.02287495468258858	0.9955833333969116	0.9091333333969116
1093	0.023386724758148195	0.9959000000635783	0.9090333333969116
1094	0.022605235599478087	0.9960500000635782	0.9100000000635783
1095	0.0226835802535216	0.99585	0.9106333333969117
1096	0.023693230925003687	0.99535	0.9079666666666667
1097	0.022978613098462424	0.9958000000635783	0.910516666730245
1098	0.02319944482644399	0.9956833333969116	0.90945
1099	0.023456938236951826	0.9954	0.9089
1100	0.022641352425018947	0.9959333333969116	0.9093166666984558
1101	0.02284693767031034	0.9960833333333333	0.9094333333651224
1102	0.022836861983935038	0.9958166667302449	0.90905
1103	0.022381336410840353	0.9960166666666667	0.9099833333969116
1104	0.023053881748517354	0.9958333333333333	0.9084333333333333
1105	0.02312868376374245	0.9957333333651225	0.9078000000317892
1106	0.022781968748569487	0.99575	0.9089
1107	0.022920885850985846	0.9960666666984558	0.9082333333333333
1108	0.022949822509288786	0.9959	0.9089333333969116
1109	0.023115112543106078	0.9957000000635783	0.9098000000635783
1110	0.02351303448478381	0.9954	0.9093166666984558
1111	0.023246474041541416	0.9960000000635783	0.9095833333333333
1112	0.02283416001001994	0.9956833333333334	0.9094833333969117
1113	0.022717399793863297	0.99565	0.9096833333651225
1114	0.022549395046631494	0.9961	0.9096333333969117
1115	0.0234832200328509	0.9952500000635783	0.9088000000317892
1116	0.02320144831240177	0.9956333333333334	0.9084000000635782
1117	0.02302158077955246	0.9959333333333333	0.9078666666666667
1118	0.022831408617893855	0.9959666666666667	0.9097000000635783
1119	0.022759367988506952	0.9961333333333333	0.9093666667302449
1120	0.02396333163579305	0.9949666666666667	0.9092166667302449
1121	0.022538130803902944	0.9957666666666667	0.91055
1122	0.022797326117753983	0.99585	0.9090666666666667
1123	0.022855524500707786	0.9959666666666667	0.9087833333333334
1124	0.02301436314582825	0.9953000000635783	0.9095
1125	0.022323937038580578	0.9960666667302449	0.9097833333969116
1126	0.023360083012779555	0.9956666666666667	0.9088666666984558
1127	0.022473693229754767	0.9954833333333334	0.9112833333651225
1128	0.022568209286530812	0.9958833333333333	0.9115833333969117
1129	0.02242033104300499	0.9962500000635783	0.9092166666984558
1130	0.022295060413082442	0.9961333333333333	0.9110833333651225
1131	0.023009185550610226	0.9960000000635783	0.9097500000635783
1132	0.022603290065129598	0.9957333333969116	0.9101000000317891
1133	0.023044595740238826	0.9956166666666667	0.9103000000317891
1134	0.023028066422541935	0.9959166666666667	0.9094166666666667
1135	0.022707783077160516	0.9956666666666667	0.9088000000317892
1136	0.02300843006372452	0.9956500000635783	0.909766666730245
1137	0.02257591347893079	0.9956333333333334	0.9124166666666667
1138	0.023408855408430098	0.99575	0.9085333333333333
1139	0.02203329923947652	0.9958833333651225	0.9114833333969116
1140	0.023139604820807774	0.995516666730245	0.9090666667302449
1141	0.02288095643520355	0.9953666666666666	0.911
1142	0.022810254021485645	0.9960333333333333	0.9094
1143	0.023187612410386402	0.9956666666984558	0.9096000000317891
1144	0.023297394567728044	0.99505	0.9092666666666667
1145	0.022349486590425172	0.9957333333333334	0.9115833333333333
1146	0.023403493581215542	0.9957833333651225	0.908666666730245
1147	0.023448504080375035	0.99505	0.9098500000635783
1148	0.02272973996400833	0.9958166667302449	0.9101666667302449
1149	0.02267306417822838	0.9957166666984558	0.9098000000635783
1150	0.023178691083192825	0.9956666666666667	0.9101000000635783
1151	0.022509199479222298	0.9956833333333334	0.9110166666984558
1152	0.021911699496706325	0.9959166666666667	0.912066666730245
1153	0.022240007541577022	0.9958666666666667	0.9114333333651224
1154	0.022931665360927583	0.9957666666666667	0.9094333333333333
1155	0.023016035107771556	0.9957333333333334	0.9096500000317892
1156	0.022558752008279163	0.9959	0.9109000000635783
1157	0.022466881134112677	0.9957500000635783	0.9111833333969116
1158	0.02235164981683095	0.99585	0.9108
1159	0.0234233217249314	0.9949333333333333	0.9109666666666667
1160	0.02262479267716408	0.9956666666666667	0.909016666730245
1161	0.02296708979407946	0.9956500000635783	0.9110000000317892
1162	0.02322547538479169	0.9956500000635783	0.9093166666984558
1163	0.023227578769127528	0.99565	0.9093000000317891
1164	0.022546816764275234	0.9959833333333333	0.90985
1165	0.022517487895488738	0.9955	0.9111666666984558
1166	0.02301583344936371	0.9956333333333334	0.9109
1167	0.022497440508008004	0.99605	0.9111000000635783
1168	0.022477850558360418	0.9959833333333333	0.9117000000317892
1169	0.02280970488389333	0.9957666666666667	0.9112000000635783
1170	0.02216180107196172	0.9963666666666666	0.9100500000317892
1171	0.022498305519421894	0.9959833333333333	0.9110833333333334
1172	0.022959381236632666	0.9957500000635783	0.9103833333969116
1173	0.022768622330824533	0.9958	0.9100333333333334
1174	0.022611217216650645	0.99555	0.910866666730245
1175	0.0224078820258379	0.9960166666666667	0.9099166666984558
1176	0.02266470960577329	0.9955833333969116	0.9088
1177	0.023157086948553722	0.99545	0.910816666730245
1178	0.022403622221946716	0.995716666730245	0.9106333333969117
1179	0.022338680456082026	0.9957833333969116	0.9111666666666667
1180	0.021605909409125646	0.9958666667302449	0.9130166666666667
1181	0.02243281531135241	0.9958333333333333	0.9115000000317891
1182	0.022712541557351747	0.9956	0.9111833333969116
1183	0.022790945237874984	0.9956166666666667	0.910666666730245
1184	0.02286663709481557	0.9951166666666666	0.910766666730245
1185	0.02247139812509219	0.9963166666666666	0.9107833333651225
1186	0.022963278486331305	0.9954166666666666	0.9112833333969116
1187	0.02225469019313653	0.9955833333333334	0.9130166666984558
1188	0.022381592933336893	0.9959833333333333	0.9111833333651225
1189	0.022170503281553587	0.9960666666666667	0.9111833333969116
1190	0.02212367020249367	0.9957666666666667	0.9123000000317891
1191	0.022005849052468936	0.9956333333333334	0.9131
1192	0.02323673615058263	0.9957500000635783	0.910716666730245
1193	0.02218115777373314	0.99575	0.9124833333969116
1194	0.023021914321184157	0.9954500000317892	0.9107333333333333
1195	0.022573493553201356	0.9957000000635783	0.909716666730245
1196	0.021651674251755078	0.9960833333333333	0.9128666666984558
1197	0.022714233694473902	0.9955666666666667	0.9110333333651225
1198	0.022044053980708123	0.9958333333333333	0.9125333333333333
1199	0.0221659395078818	0.9957000000317892	0.9122666666666667
1200	0.023317551123102506	0.9950000000635782	0.9104500000635782
1201	0.02270600765546163	0.9960000000635783	0.9118500000317892
1202	0.023079889632264775	0.9957166666666667	0.9099666666666667
1203	0.022054594331979753	0.9957333333333334	0.9127
1204	0.022228256391485533	0.9955666666666667	0.9121833333969116
1205	0.022116579421361287	0.9957833333969116	0.91275
1206	0.02283246050477028	0.9954333333333333	0.911016666730245
1207	0.021722545261184376	0.9956333333969116	0.9134166666984558
1208	0.02228172707358996	0.9957833333969116	0.9129666666984558
1209	0.021935759363571804	0.9957833333969116	0.9127000000635783
1210	0.022454145056009293	0.9958	0.913066666730245
1211	0.022552121449510257	0.9958	0.9118333333333334
1212	0.022436070144176482	0.995566666730245	0.9106000000317891
1213	0.022076941494146983	0.9959000000317891	0.9116166666666666
1214	0.021852234270175297	0.9960666666666667	0.912916666730245
1215	0.02214077013830344	0.9959833333333333	0.9113500000317891
1216	0.02262697739402453	0.9955666666666667	0.9120500000635783
1217	0.022336807002623877	0.995716666730245	0.9104166666666667
1218	0.022474018877744674	0.9958	0.9121500000635783
1219	0.02274314568042755	0.9955333333333334	0.9117666666666666
1220	0.02229763529499372	0.9961333333333333	0.9125166666984558
1221	0.0229380684196949	0.995666666730245	0.909916666730245
1222	0.022568794441223144	0.99575	0.9108833333651225
1223	0.02303457278807958	0.9956000000317892	0.9109000000635783
1224	0.022470969676971434	0.9955500000635783	0.9118666666984558
1225	0.022258883599440258	0.9958	0.9121000000317891
1226	0.02256768571535746	0.9958666666666667	0.9116333333969117
1227	0.0218971004764239	0.9958833333969116	0.9134500000317891
1228	0.0226365170220534	0.9953166666666666	0.9117833333333333
1229	0.021980245665709178	0.9960500000317891	0.9132500000317891
1230	0.022155214293797812	0.9959166666666667	0.913616666730245
1231	0.022313212182124457	0.995666666730245	0.9125666666984558
1232	0.022516165719429652	0.9959166667302449	0.9121833333969116
1233	0.02205371660689513	0.9957166666666667	0.9130166666984558
1234	0.02247194074789683	0.9957000000317892	0.9130833333969116
1235	0.022789811005194983	0.9954833333969116	0.9116333333969117
1236	0.0219387822329998	0.9958500000635783	0.9122833333333333
1237	0.022085674381256103	0.9960333333333333	0.9128000000635783
1238	0.021978434243798257	0.9960166666666667	0.9131166666666667
1239	0.02212074887553851	0.9960666666666667	0.912
1240	0.022380919533967973	0.9952666666666666	0.91425
1241	0.022431389339764914	0.9955833333333334	0.9129166666984558
1242	0.022077787258227666	0.9961	0.9128333333969116
1243	0.02244447995821635	0.9959333333969116	0.9131166667302449
1244	0.022096248308817547	0.9958833333969116	0.9126833333333333
1245	0.02231887067556381	0.9959833333333333	0.9112666666666667
1246	0.02254566386540731	0.9955	0.9120333333651225
1247	0.02200930327574412	0.9958666666666667	0.9133500000317891
1248	0.02180021879474322	0.995716666730245	0.9134666667302449
1249	0.02217282766898473	0.995716666730245	0.9122166666666667
1250	0.021620683721701305	0.9960666666666667	0.9131500000317891
1251	0.021819501706957817	0.9958833333333333	0.9137833333333333
1252	0.02176589649816354	0.9959333333969116	0.9127666666984559
1253	0.022054918215672174	0.9954833333333334	0.9135666666666666
1254	0.022290769410133363	0.99575	0.9130333333969116
1255	0.021559006079037983	0.9958333333651225	0.9130166666666667
1256	0.02249256314833959	0.9953833333969117	0.911766666730245
1257	0.021869661821921668	0.9958833333333333	0.9141333333333334
1258	0.022423034632205963	0.9958333333333333	0.9125333333969117
1259	0.02192902307311694	0.99595	0.9130000000635783
1260	0.022625252978007	0.995616666730245	0.9122166666666667
1261	0.021462448977430663	0.9956333333969116	0.9143166667302449
1262	0.02185080718199412	0.9959333333333333	0.9127333333651225
1263	0.02240767678221067	0.9958333333651225	0.9132333333969116
1264	0.022935018297036487	0.9954666666666667	0.9115833333651224
1265	0.02279511905113856	0.9951	0.9129000000317892
1266	0.021664582791427772	0.99575	0.9137500000635783
1267	0.02206031692822774	0.9957166666666667	0.9128166666666667
1268	0.022139734460910162	0.9960333333651225	0.91245
1269	0.021754498025774956	0.995566666730245	0.9151833333651225
1270	0.021828062278032304	0.99575	0.91395
1271	0.02224476046959559	0.9958166667302449	0.9132666666666667
1272	0.02219096450805664	0.9952833333333333	0.9127833333333333
1273	0.022068131987253825	0.9958166667302449	0.9132666666666667
1274	0.02266740479171276	0.9958333333333333	0.9131666667302449
1275	0.02213653646707535	0.9957833333651225	0.9128
1276	0.022042965297897656	0.9957	0.9129000000317892
1277	0.02216076992849509	0.9956333333333334	0.9131333333333334
1278	0.02190220518708229	0.9958166666666667	0.9122833333333333
1279	0.021799833848079046	0.9956666666666667	0.9132666667302449
1280	0.022058151835203172	0.995566666730245	0.9124833333651224
1281	0.022459625361363093	0.9957833333333334	0.9128500000635783
1282	0.021711128960053127	0.9957833333333334	0.9142666666984558
1283	0.022419342312216758	0.99535	0.9139833333969116
1284	0.022146974839766822	0.9958	0.9138333333969116
1285	0.021935719494024914	0.99575	0.9138833333333334
1286	0.021827995576461156	0.9959833333969116	0.9139166666666667
1287	0.022062910066048304	0.9956333333333334	0.9148666666984558
1288	0.022047772661844888	0.99575	0.915
1289	0.022037160402536393	0.9959500000635783	0.9141666667302449
1290	0.02152482782502969	0.9958	0.9142666666984558
1291	0.02222405054370562	0.9959000000635783	0.91415
1292	0.02268740107814471	0.995616666730245	0.9134333333969116
1293	0.021746907991170884	0.9959666666666667	0.9133166666984558
1294	0.022273656824231148	0.9955500000635783	0.9132500000317891
1295	0.021522369878490766	0.9961	0.9141333333651225
1296	0.02149527202049891	0.9958166666666667	0.9147333333969117
1297	0.02233817065358162	0.9956333333333334	0.91395
1298	0.021844827423493068	0.9955833333651225	0.9147833333969116
1299	0.021814946774641672	0.9957	0.9146166666984558
1300	0.021961550245682398	0.9958833333333333	0.9130833333333334
1301	0.021798478512962658	0.9955833333969116	0.9142166667302449
1302	0.0215828793913126	0.9958666666666667	0.91545
1303	0.02147289650440216	0.9961333333333333	0.9155166666984558
1304	0.021385270528992018	0.9962333333333333	0.9151166666984558
1305	0.02177653329173724	0.9959500000635783	0.9140833333969116
1306	0.021970241989692052	0.9959166666984558	0.9152666667302449
1307	0.021463968606293203	0.9954833333333334	0.9157500000635783
1308	0.02215711383521557	0.9956666666666667	0.9141333333969116
1309	0.022410596905152003	0.9955666666666667	0.9131000000317891
1310	0.021446096750100455	0.99605	0.9149000000635783
1311	0.021989739936590195	0.9958166666666667	0.913566666730245
1312	0.02212014833788077	0.9959166666666667	0.9120500000635783
1313	0.02211411682764689	0.9959333333969116	0.9136500000317891
1314	0.021571101347605388	0.9959166666666667	0.9149166666984558
1315	0.02189071561495463	0.9956833333969116	0.9152000000635783
1316	0.021853222804268203	0.9955666666666667	0.9152000000317891
1317	0.021767713271578153	0.9960000000635783	0.9143666667302449
1318	0.022007063390811283	0.995716666730245	0.9134666666984558
1319	0.021831356081366538	0.99575	0.9136666666666666
1320	0.021925781456629434	0.9957	0.9140166666984558
1321	0.02175301624536514	0.9957333333333334	0.914066666730245
1322	0.021782368358969687	0.9957666666666667	0.915716666730245
1323	0.02196242764790853	0.9960166666984558	0.9150000000317892
1324	0.021491773577531178	0.9957666666666667	0.9145333333651224
1325	0.02153697278300921	0.99595	0.9149666666666667
1326	0.0221243567297856	0.9956166666666667	0.9149333333651225
1327	0.021384179124236107	0.9959166666666667	0.9146000000317891
1328	0.022216223991910616	0.9954333333969116	0.9143166667302449
1329	0.02197385814388593	0.9958000000317891	0.9152500000635783
1330	0.021839627170562745	0.9959	0.9148833333333334
1331	0.022168546372652052	0.9954833333333334	0.9152000000635783
1332	0.022594035218159357	0.9950166666666667	0.9136833333333333
1333	0.021707722079753876	0.9961	0.9139333333969116
1334	0.02182866442600886	0.99575	0.914816666730245
1335	0.02136001036564509	0.9961333333969116	0.915716666730245
1336	0.021690555721521378	0.9960166666666667	0.9139
1337	0.021948590551813443	0.9956166666666667	0.9147500000317892
1338	0.021846706718206405	0.9958	0.9151000000635783
1339	0.02249617673754692	0.9954666666666667	0.91425
1340	0.021776904981335003	0.996	0.9151333333651225
1341	0.022285666735967	0.995366666730245	0.9153666667302449
1342	0.021445386716226738	0.9956166666666667	0.9150000000317892
1343	0.022070835206906	0.9960166666666667	0.9140333333651225
1344	0.02168721759021282	0.9959666666666667	0.9149333333333334
1345	0.02171160967051983	0.9958333333333333	0.9141166666666667
1346	0.021277539687355358	0.9959	0.9171333333333334
1347	0.021594302014509837	0.9957000000635783	0.9157500000635783
1348	0.021723888238271077	0.99585	0.9133500000317891
1349	0.021823638945817948	0.99575	0.9141833333333333
1350	0.021618661996722223	0.9957333333333334	0.91525
1351	0.0222602486371994	0.9955833333969116	0.914816666730245
1352	0.02167276756366094	0.99585	0.9154000000635782
1353	0.022104517669479053	0.9957833333333334	0.9152666666984558
1354	0.022174679366747538	0.9959666666666667	0.9131666666984558
1355	0.022103733243544896	0.9955833333333334	0.9148166666984558
1356	0.0211794711013635	0.9961	0.9161000000635783
1357	0.021838922890027365	0.9961666666984558	0.9144000000317891
1358	0.021530636016527813	0.99585	0.9157833333333333
1359	0.022324127735694248	0.9957166666666667	0.9141333333333334
1360	0.021675151825944584	0.9959166666666667	0.9153166666666667
1361	0.021108857803543407	0.9962	0.9164
1362	0.02132967677315076	0.9959000000635783	0.91725
1363	0.02189944924712181	0.995566666730245	0.9157833333969116
1364	0.021365421387553214	0.9958333333333333	0.9159166666666667
1365	0.021749181991815567	0.9955833333333334	0.9153833333333333
1366	0.021729844417174658	0.9956666666666667	0.9157166666984559
1367	0.021351327747106554	0.9960666666666667	0.9157666666666666
1368	0.02217047615448634	0.9956	0.9140000000635783
1369	0.02224593298236529	0.9955833333333334	0.9132500000317891
1370	0.02176282076239586	0.9956166666666667	0.91435
1371	0.022176485534509023	0.995216666730245	0.9137166666984559
1372	0.021670165586471557	0.9958166666666667	0.9152000000317891
1373	0.021944081968069077	0.9956333333333334	0.9144000000317891
1374	0.021975238978862763	0.9961500000635782	0.9142333333651225
1375	0.021491344998280208	0.9959333333969116	0.9159166666984558
1376	0.021675157659252483	0.99585	0.915566666730245
1377	0.022309311481316884	0.9950000000635782	0.9151166666984558
1378	0.021315345350901287	0.9958166667302449	0.9170333333651225
1379	0.02109294827580452	0.9961	0.915916666730245
1380	0.02239086611966292	0.9954833333333334	0.9147666666984559
1381	0.021234689606229463	0.996	0.9153833333333333
1382	0.021870614349842072	0.9959833333969116	0.91505
1383	0.022022469157973925	0.9952500000635783	0.9146333333651224
1384	0.021861438351869582	0.9959666666666667	0.9156833333969117
1385	0.021874552496274312	0.9957833333333334	0.9151666667302449
1386	0.021722070170442264	0.9955166666666667	0.9155833333333333
1387	0.021472316976388295	0.99585	0.9144000000635782
1388	0.021620887315273285	0.99595	0.9165333333969117
1389	0.021968979618946713	0.9957833333651225	0.9150333333333334
1390	0.02162791371146838	0.9958166666666667	0.9162166667302449
1391	0.021754767205317816	0.9957500000635783	0.9152500000635783
1392	0.021786489542325337	0.9958166666984558	0.9164500000317891
1393	0.021706289275487265	0.9959333333651225	0.9148833333651225
1394	0.02181826665401459	0.9959000000635783	0.9156333333651224
1395	0.022029307905832927	0.9960666666984558	0.9151
1396	0.021674661014477414	0.9958666667302449	0.9145000000317891
1397	0.021596497137347858	0.9959833333333333	0.9162833333651225
1398	0.021015548833211262	0.9959666667302449	0.9152833333333333
1399	0.021720095074176788	0.9955666666666667	0.9160666666984558
1400	0.021859512480099996	0.9954	0.9155166666984558
1401	0.021500727938612303	0.9961666666666666	0.9151833333969116
1402	0.021273806683222454	0.9961833333969117	0.9148333333651225
1403	0.022004604687293372	0.9954500000635783	0.9160333333651225
1404	0.021588774289687473	0.9957666666666667	0.9145500000317891
1405	0.021570432207981747	0.9959833333651225	0.9155833333969117
1406	0.021892109669248264	0.99585	0.9148
1407	0.02202977569301923	0.9954666666666667	0.9146666666666666
1408	0.02125364599029223	0.9958	0.9167666666666666
1409	0.02209183905919393	0.9957000000317892	0.914066666730245
1410	0.02210292204419772	0.9957000000635783	0.9147833333969116
1411	0.02134700970252355	0.9961	0.9162333333333333
1412	0.021554608286420505	0.9959333333333333	0.9159666666666667
1413	0.021587452688813208	0.9957833333333334	0.9156166666984558
1414	0.022069838625192642	0.9959166666666667	0.914
1415	0.02175290230313937	0.9957833333333334	0.914866666730245
1416	0.021687130496899288	0.9958833333969116	0.9140833333969116
1417	0.02156574848294258	0.99585	0.9153333333969116
1418	0.02160386132200559	0.9955	0.9160333333333334
1419	0.02184062639673551	0.9959666667302449	0.9149666666666667
1420	0.021303492322564125	0.9961166666666667	0.9158166666666666
1421	0.021604215053717294	0.9956333333333334	0.91595
1422	0.02155479775071144	0.9956666666666667	0.9157500000635783
1423	0.021689871109525364	0.9955166666666667	0.9159833333969116
1424	0.02196490417122841	0.9957833333651225	0.9144666666666666
1425	0.021867880660295488	0.99575	0.9152166667302449
1426	0.02174636223713557	0.9957333333969116	0.9164833333333333
1427	0.022115900866190592	0.9952833333333333	0.9154333333333333
1428	0.021736752221981685	0.9961	0.9158833333333334
1429	0.022003222159544627	0.99575	0.9148333333969116
1430	0.02228281866312027	0.9952333333333333	0.9158333333969116
1431	0.021820000267028808	0.9958666666666667	0.9146000000317891
1432	0.021754943598310154	0.9956666666666667	0.9166333333333333
1433	0.021887630613644918	0.995616666730245	0.9161
1434	0.021596578939755758	0.9959166666666667	0.9148333333651225
1435	0.021388536156217258	0.9959333333333333	0.9162000000317891
1436	0.021775470046202342	0.9956333333333334	0.9150333333651225
1437	0.02155945696036021	0.9960166666666667	0.9148333333651225
1438	0.022036826437711717	0.995666666730245	0.9148
1439	0.02200348619421323	0.9956500000635783	0.9149666666984558
1440	0.021750141888856888	0.9958	0.9145500000635783
1441	0.021974714548389118	0.9958666667302449	0.9148333333651225
1442	0.021842324888706206	0.995516666730245	0.9144833333969116
1443	0.021804032017787297	0.9957333333333334	0.9152166667302449
1444	0.021444816782077155	0.995666666730245	0.9163
1445	0.021450809986392656	0.9957666666666667	0.9158500000317892
1446	0.021627605237563453	0.9958833333969116	0.9143166667302449
1447	0.020964701396226883	0.9958000000635783	0.9164166667302449
1448	0.02207232675353686	0.9957333333333334	0.9144500000317891
1449	0.022256850602229435	0.9955166666666667	0.9139166666666667
1450	0.021927307478586833	0.99565	0.9138
1451	0.021820301656921705	0.99595	0.9142500000635783
1452	0.021683351655801136	0.9958666666666667	0.9142000000317891
1453	0.022132365413506827	0.9956833333333334	0.9143166666666667
1454	0.02201783835887909	0.9958333333651225	0.914
1455	0.021636734676361083	0.9960000000635783	0.9161
1456	0.021736915262540183	0.9959166666984558	0.9146166666666666
1457	0.02130389876961708	0.99595	0.9165000000635782
1458	0.021726100259025893	0.9958833333333333	0.9161166667302449
1459	0.02164935917655627	0.9956333333333334	0.9147833333333333
1460	0.02206307741602262	0.9959	0.9141500000635783
1461	0.02175373520453771	0.9957833333333334	0.9168333333651225
1462	0.02163863319059213	0.9960666667302449	0.91545
1463	0.021762694450219472	0.9959666667302449	0.9147333333333333
1464	0.022095071232318877	0.9958500000635783	0.9142833333651225
1465	0.022184449593226116	0.9956666666666667	0.9138500000317892
1466	0.021973893042405445	0.9961666666666666	0.9137666666984559
1467	0.022334039016564687	0.9957833333333334	0.9138500000317892
1468	0.02134186614751816	0.9960333333333333	0.9151833333651225
1469	0.021869981811443964	0.9960833333333333	0.9148166666666666
1470	0.022542069999376933	0.9959000000635783	0.9124000000317891
1471	0.02204053531388442	0.9961333333333333	0.9127666666984559
1472	0.021785597798228265	0.9956833333333334	0.913666666730245
1473	0.022157961612939835	0.9954500000635783	0.913916666730245
1474	0.02147668681740761	0.9959666666984558	0.9153666667302449
1475	0.02211304524342219	0.9957000000317892	0.91465
1476	0.021815864502390227	0.9958666666666667	0.91495
1477	0.0218366623322169	0.9958000000635783	0.9151166667302449
1478	0.02194500000178814	0.9959666666666667	0.9148000000635783
1479	0.022177944054206214	0.9959833333333333	0.913766666730245
1480	0.021505438789725304	0.99605	0.9150000000635783
1481	0.022222334408263364	0.9959666666666667	0.9134333333651224
1482	0.021874056269725165	0.99585	0.9144333333969116
1483	0.021812218968073525	0.99595	0.91415
1484	0.02161105748216311	0.9956833333333334	0.914
1485	0.02209030829866727	0.9958333333333333	0.9152500000317891
1486	0.022187120991945267	0.9952166666666666	0.9141666667302449
1487	0.021855372514327367	0.9960166666666667	0.9134666667302449
1488	0.022330182182292144	0.9956666666666667	0.9153833333969116
1489	0.021890254626671473	0.9958833333333333	0.9148500000317892
1490	0.021904310576121012	0.9957166666666667	0.9140166666984558
1491	0.02169879616002242	0.9959166666666667	0.9148333333969116
1492	0.021580878380934396	0.9958833333333333	0.9155
1493	0.02185370208621025	0.9959666666666667	0.913866666730245
1494	0.021317657548189164	0.9958500000635783	0.9145500000635783
1495	0.021971690873305003	0.9959500000635783	0.9152666666984558
1496	0.02172304502328237	0.9958166666666667	0.9152166666666667
1497	0.021806265193223952	0.9956333333333334	0.9145333333969117
1498	0.022048309951027235	0.99575	0.9134666667302449
1499	0.021664968119064966	0.9958666666666667	0.9157333333333333
