epoch	loss	acc	certified
0	5.304055965270996	0.006320000000149012	0.006320000000149012
1	5.1473724949646	0.013850000000298023	0.013850000000298023
2	4.926239999542236	0.028820000001192093	0.028820000001192093
3	4.767259180603028	0.044940000002384184	0.044940000002384184
4	4.643168607330322	0.06023000000238419	0.06023000000238419
5	4.568959548034668	0.06889	0.06889
6	4.508683714447021	0.07620000000715256	0.07620000000715256
7	4.4504685003662106	0.08466	0.08466
8	4.402940616607666	0.09109000000476837	0.09109000000476837
9	4.3507129216003415	0.09769000000715256	0.09769000000715256
10	4.30284948928833	0.10463000000238419	0.10463000000238419
11	4.260444333648682	0.11171000000357628	0.11171000000357628
12	4.217833304138184	0.11623000000238419	0.11623000000238419
13	4.182243135375977	0.12454000001430511	0.12454000001430511
14	4.149352038726807	0.1291699999976158	0.1291699999976158
15	4.115540335083008	0.13366000000715256	0.13366000000715256
16	4.086771561126709	0.13864000000476837	0.13864000000476837
17	4.059366981201172	0.14157000000238418	0.1415600000023842
18	4.02572497680664	0.14573	0.14573
19	3.998105768890381	0.15206000000476838	0.15205000000476837
20	3.9753760647583007	0.15626000000953674	0.15625000000953673
21	3.95316360534668	0.16083000000715256	0.16083000000715256
22	3.92954544921875	0.16340999999523162	0.16339999999523164
23	3.907393090133667	0.16817000000953675	0.16814000000953674
24	3.889028616333008	0.17086	0.17082
25	3.8691862975311277	0.17405999999761582	0.17403999999761582
26	3.85020965133667	0.17701999999523163	0.17700999999523162
27	3.8373337254333495	0.18027000000476837	0.18024000000476836
28	3.8155265760040282	0.18428000000476838	0.18425000000476838
29	3.8061754064178466	0.18583999999523163	0.18579999999523164
30	3.789678952713013	0.18826000000476836	0.18823000000476836
31	3.777656801223755	0.19057000000476837	0.19053000000476839
32	3.7628042320251467	0.19349000000953676	0.19341000000953673
33	3.751389983596802	0.19680000000953674	0.19677000000953673
34	3.7431553262329103	0.1972700000143051	0.19717000001430512
35	3.7267676628112794	0.20088000000953674	0.20078000000953675
36	3.716867666091919	0.20124000000476838	0.20114000000476837
37	3.70629611618042	0.2051099999976158	0.2050299999976158
38	3.696571761474609	0.2042600000143051	0.20413000001430512
39	3.690892176513672	0.20789000000953675	0.20772000000953675
40	3.67846325302124	0.20910000000476836	0.20894000000476837
41	3.6713355451965333	0.21097	0.2108
42	3.661364786682129	0.21286000000476837	0.21267000000476838
43	3.6531959059906005	0.21321000000476836	0.21292000000476838
44	3.643597084503174	0.2163000000143051	0.21609000001430512
45	3.638789172821045	0.21490000001430512	0.2146100000143051
46	3.632670191421509	0.21720000000953674	0.21692000000953673
47	3.620830420074463	0.21842	0.21807
48	3.610727425994873	0.22140000001430513	0.2209900000143051
49	3.6048495835876464	0.2230400000143051	0.2226000000143051
50	3.6017714264678955	0.2239600000143051	0.22336000001430512
51	3.5929846172332764	0.22486	0.22437
52	3.586864753494263	0.2264900000143051	0.2259100000143051
53	3.5796764402008057	0.22827000000476838	0.22768000000476837
54	3.5694871014404295	0.23039000000476836	0.22982000000476838
55	3.56483739692688	0.23075	0.23018
56	3.5580829831695557	0.23210000000476838	0.23164000001430513
57	3.553706441497803	0.23427999999523164	0.23357999999523163
58	3.5469878639221193	0.23431999999523162	0.23352999999523164
59	3.542080101470947	0.23359000000476837	0.23275000000476836
60	3.539686365585327	0.23732000000953674	0.23644000000953674
61	3.5278321141815185	0.23826000000953673	0.23716000000953674
62	3.529544402999878	0.23793000000476838	0.23705000000476836
63	3.5217423766326905	0.23997999999046327	0.23864999999046327
64	3.516343994445801	0.2395100000143051	0.2382600000143051
65	3.5129265352630616	0.24231999999523163	0.24090999999523163
66	3.506957000579834	0.24086000000476837	0.23947000000476837
67	3.4996739415740965	0.24291000000953675	0.24125999999523162
68	3.4997998766326903	0.24416999999046327	0.24230999999046327
69	3.492151751708984	0.24525000000953676	0.24350000000476837
70	3.488230739212036	0.24642999999523163	0.24435000001430512
71	3.486431425857544	0.24599000001907348	0.24393000001907347
72	3.4792684174346924	0.24719999999046327	0.24511999999046324
73	3.472793815612793	0.24719000000953675	0.2450300000190735
74	3.4714584072875976	0.24996000001907348	0.24776000002861023
75	3.4666614000701905	0.25037000000953674	0.24775000000953673
76	3.462695623321533	0.25237	0.24970000000953674
77	3.462783488922119	0.25197	0.24891000000953675
78	3.4508201336669924	0.2538000000047684	0.2510200000047684
79	3.4510905818176267	0.25358000000953673	0.25067000001907347
80	3.444668321380615	0.25342000000953674	0.2501600000286102
81	3.4436003369140624	0.25314	0.24992999999523163
82	3.441062855987549	0.25684	0.25322000000953676
83	3.435686006317139	0.25725	0.25305000000476835
84	3.434071779022217	0.2566999999904633	0.25282
85	3.4300526657104493	0.2574000000190735	0.2533200000190735
86	3.42945422744751	0.2558500000190735	0.2512600000190735
87	3.4185083184051512	0.2591900000190735	0.25417000002861023
88	3.420250340194702	0.25895999999046326	0.25363
89	3.4189484468841553	0.26074000002861025	0.25557000002861024
90	3.412095785293579	0.26116	0.25582000000953675
91	3.406831767883301	0.25929000002861025	0.2537400000095367
92	3.402358913345337	0.26307999999523163	0.2572000000143051
93	3.405402211303711	0.26309999999046324	0.2565899999904633
94	3.4016311273956297	0.26394000002861023	0.25692
95	3.3973716915893553	0.26614999999523165	0.2592399999952316
96	3.3900682271575926	0.2650700000047684	0.25797
97	3.39254428024292	0.2653599999904633	0.25731000000953674
98	3.3887438690185547	0.26576000000953676	0.25732999999523165
99	3.3829230407714843	0.26682	0.2581799999952316
100	3.369639218292236	0.26838999999046326	0.25994
101	3.3527689785003663	0.26925	0.2598999999952316
102	3.336104963684082	0.26793000000953676	0.2576899999952316
103	3.317887699661255	0.26878	0.25892999999523164
104	3.2933532457733152	0.2700000000095367	0.25980000000953674
105	3.274563162689209	0.27194000000476837	0.26027000000476835
106	3.2541232299041747	0.27142000000953675	0.25913
107	3.2378218363952636	0.2727800000095367	0.26061999999046326
108	3.217393861694336	0.2736600000190735	0.2604199999904633
109	3.1978924092102052	0.27448999999046325	0.26099000000953676
110	3.1796122505187987	0.2749900000143051	0.26123
111	3.1660821546173095	0.2745200000190735	0.26032999999046325
112	3.1418071434020995	0.27533999999046327	0.25979
113	3.1248179206085207	0.27672	0.2607900000095367
114	3.10744287109375	0.2764299999952316	0.25948000000953675
115	3.0923567727661134	0.2752799999952316	0.2577700000143051
116	3.0755862190246583	0.27666000002861024	0.25911000001907347
117	3.0556192864227296	0.2785700000286102	0.2601800000095367
118	3.038959450531006	0.27945	0.2599999999952316
119	3.0244746572113037	0.27865	0.2589699999952316
120	3.0003269213867187	0.28080999999046324	0.26066000000953676
121	2.9863270658874512	0.28255	0.2602899999952316
122	2.971397718963623	0.2809400000190735	0.25852000000953673
123	2.955625219039917	0.28184000000953674	0.25786000000953674
124	2.935825414276123	0.28403000001907347	0.2602300000095367
125	2.9203008660888674	0.28374000000953675	0.25832
126	2.9083950531005858	0.28497000000953676	0.25843000000953675
127	2.8914841190338136	0.28335999999046324	0.25577
128	2.872283136444092	0.28390999999046324	0.25660000001907346
129	2.8573993600463865	0.2869900000095367	0.25754
130	2.8364636601257325	0.28696	0.25791999999523163
131	2.8212566619873045	0.28721999999046327	0.25606
132	2.807388992614746	0.28842000000953677	0.25690999999046327
133	2.791572851486206	0.28864000002861023	0.25614999999523164
134	2.7744108911132814	0.28924999999046325	0.25638000001907346
135	2.767980943222046	0.28850999999523164	0.2532800000143051
136	2.7489035763549805	0.28954000002861024	0.2534699999952316
137	2.736753786392212	0.29129999999523165	0.25319
138	2.719943076019287	0.29064999999046326	0.25239
139	2.7058760366058348	0.29164000000953677	0.25272000000476835
140	2.6956617277526855	0.2919000000190735	0.25020000000953674
141	2.679180129776001	0.29267999999046324	0.24987000001907347
142	2.6613650259399413	0.2927700000190735	0.24995
143	2.647505311050415	0.29258000002861023	0.24823999999046326
144	2.629743965911865	0.29585000001907347	0.24987
145	2.6168688191223146	0.29549	0.24864999999523163
146	2.6070536197662353	0.29491000002861023	0.24672000000476838
147	2.5945534815216065	0.29407	0.24532999999523164
148	2.582898886871338	0.2959199999952316	0.24549000000476837
149	2.563955383605957	0.29704	0.24511999999523162
150	2.554375577697754	0.2973100000095367	0.24391000000953675
151	2.539327224731445	0.2990300000190735	0.24520000000476838
152	2.5289144288635255	0.2985499999904633	0.24166000000476837
153	2.5189177100372313	0.29656	0.23887999999523163
154	2.501203830871582	0.29799	0.23962000002861022
155	2.4918943142700196	0.29929000001907347	0.2384800000143051
156	2.476772815322876	0.29875000000476837	0.23804
157	2.4670012551879883	0.30046000001907347	0.23748999999523163
158	2.4502706336975097	0.30044	0.23716
159	2.4405087620544434	0.30227000000953674	0.23694000001430512
160	2.428783026046753	0.30396000002861023	0.23578000000953675
161	2.4182952381896974	0.30146000002861023	0.23295000001907348
162	2.406386033706665	0.30232	0.23208
163	2.397094287185669	0.30196000000476836	0.23003000001430512
164	2.384229454421997	0.3034200000190735	0.23067000000953675
165	2.3702440747833253	0.30285	0.22907000000476838
166	2.359279561767578	0.30336000002861024	0.22773000000953675
167	2.3506209311676027	0.30635	0.22734000002861024
168	2.3400590090179443	0.30241	0.22419000000476838
169	2.3271550790405273	0.30619999999046327	0.22550000000953674
170	2.3180242667388917	0.3076900000095367	0.22441000002861022
171	2.3046573458099364	0.30691000002861024	0.22213000000953675
172	2.2967540399169923	0.30656000000953676	0.22110000000953675
173	2.2840458023834227	0.30651000002861023	0.21986000000953673
174	2.2716969216918947	0.30789999999046325	0.21771
175	2.2609551117706297	0.30727000000953675	0.21774999999523162
176	2.2542495404815672	0.30689000000953676	0.21592000000953673
177	2.245534539489746	0.30711000001907346	0.21401
178	2.237852929382324	0.3066499999904633	0.2109400000143051
179	2.225009725265503	0.30801000001907347	0.21246
180	2.212810974884033	0.30792	0.21094999999523162
181	2.205519867477417	0.31041000002861024	0.21143999999523164
182	2.19832300201416	0.3108100000190735	0.20799000001430512
183	2.186129598464966	0.31051	0.20762000000476838
184	2.1762685234069825	0.3108100000190735	0.20592999999523162
185	2.168034848175049	0.3080300000190735	0.20352000000476836
186	2.1573832304382323	0.30891	0.20220000000953675
187	2.1489553150177003	0.30986	0.20116000000476836
188	2.139287400970459	0.3110500000286102	0.20154000000476838
189	2.1315458571624757	0.3119900000190735	0.20077999999523163
190	2.125003408126831	0.3112000000190735	0.19763000002861023
191	2.116151255645752	0.31208000002861025	0.1969600000143051
192	2.107625487289429	0.30967000000953676	0.19533000000476838
193	2.096933271331787	0.31134	0.19506
194	2.08729384223938	0.31040999999046326	0.19344000000953673
195	2.07932243850708	0.31244000000953676	0.1928
196	2.071205735168457	0.312	0.19025999999523163
197	2.0622189291381834	0.3121999999904633	0.1893200000143051
198	2.0543156880187987	0.3120200000095367	0.18671000000953675
199	2.047017345275879	0.3116000000286102	0.18655000000953675
200	2.0382123028564454	0.3115200000190735	0.18499999999523162
201	2.029290474395752	0.3107	0.1835
202	2.0242657912063597	0.31128	0.18166999999046327
203	2.017608845977783	0.31053	0.18160000001430512
204	2.0057165213775634	0.3121800000095367	0.18210000001430512
205	2.0026520782470705	0.3127400000095367	0.17931000000953673
206	1.9917901386260985	0.31208	0.17823
207	1.9844655031585694	0.3109800000286102	0.17624000000476836
208	1.977459467086792	0.31195	0.1750900000023842
209	1.9701719735336303	0.3133700000190735	0.17591
210	1.9617850130844117	0.31245000002861023	0.17382000000476838
211	1.9537946041107177	0.3121900000190735	0.17221999999523163
212	1.9453426063537598	0.3124900000190735	0.17249000000953674
213	1.9411856748962402	0.31265000000953674	0.17167999999523162
214	1.9318388758850098	0.3111300000095367	0.17027000000953674
215	1.9253816563415527	0.31237	0.16928999999761582
216	1.9196076935195923	0.31328999999046325	0.16658000000953674
217	1.9113450716018676	0.31245999999046326	0.16738000000476838
218	1.9027645636367798	0.3110300000190735	0.16655
219	1.894254690284729	0.3108100000190735	0.16513999999523163
220	1.88812158744812	0.31211	0.16514000000476836
221	1.8834584559249878	0.3131100000286102	0.16381000001430512
222	1.8714666480255127	0.3114400000286102	0.16352000000238417
223	1.8656246012115478	0.31106000002861023	0.16229999999523162
224	1.8595981945800781	0.31159000000953674	0.16053000000476836
225	1.8507434048461915	0.3110200000190735	0.16024000000476837
226	1.845727317199707	0.3114000000190735	0.16051000000476837
227	1.8386016292190552	0.31103000000953673	0.15972999999523163
228	1.829954758758545	0.30866	0.15640000000953674
229	1.8225758365631104	0.31165	0.15858
230	1.8186083002853393	0.31324	0.1575000000143051
231	1.8076593187713623	0.3099400000190735	0.15611000000476838
232	1.8060108995437623	0.31038	0.15537999999523164
233	1.7948949815368653	0.31111000000953676	0.15590000000476836
234	1.7907216271972657	0.31041000002861024	0.1537399999976158
235	1.7847596620559691	0.31078999999046325	0.1532
236	1.7771636666870116	0.3095	0.15302999999761582
237	1.7718733355331422	0.3085200000095367	0.15196000000953674
238	1.764024807357788	0.3082600000190735	0.15066000000953675
239	1.7573059519195557	0.3085700000095367	0.15084000001430511
240	1.749717341003418	0.3097700000190735	0.15081
241	1.7446505157852172	0.31128000000953676	0.14966000001430513
242	1.7376571508789063	0.30983	0.14869000000715255
243	1.7294640240478516	0.30983999999046324	0.14915000000953674
244	1.7227075318908691	0.30676	0.14829000001430512
245	1.717461171798706	0.30767000000953676	0.14801000001430512
246	1.7098295671081543	0.30714000002861025	0.14718
247	1.7040848635864259	0.30784000000953676	0.14708000000476837
248	1.6981424449539184	0.30873000001907347	0.14677000000953674
249	1.6898873558425904	0.3066000000190735	0.1457
250	1.684085031890869	0.30835	0.1463900000143051
251	1.6750552003097534	0.30588	0.14510000000476836
252	1.6735565563201904	0.30699	0.14418000000476838
253	1.6688409172821046	0.30816	0.1444399999976158
254	1.6575005917358399	0.30456	0.14497999999761582
255	1.650855655899048	0.30459000000953673	0.14381000000476837
256	1.646708235168457	0.30694000000953675	0.14166000001430512
257	1.6406055768966674	0.30475	0.14167
258	1.6334640477752687	0.30581000000953673	0.14271000000476838
259	1.6284120973587035	0.30606000000476835	0.1424500000023842
260	1.6219776996994018	0.30425999999046327	0.14082
261	1.6166971897888183	0.30435000002861023	0.14091000001430512
262	1.6087711547088623	0.30522000000953675	0.14244000001430512
263	1.6042826991653443	0.30178000000953675	0.14021000001430511
264	1.595483835296631	0.3039400000286102	0.13982000000476838
265	1.5934972328186034	0.30529000000953677	0.14082000000953673
266	1.585255694847107	0.30323	0.14094999999523164
267	1.5779484859466553	0.3041900000190735	0.14099999999523163
268	1.573437212562561	0.30318000000953677	0.13966000000476836
269	1.5657538389205932	0.30206	0.14039000001430513
270	1.5620002124023438	0.30358999999046327	0.13965
271	1.5548604891967774	0.3017300000286102	0.13779000000238417
272	1.547803032913208	0.3025000000286102	0.13948000000476837
273	1.542325378112793	0.3002099999952316	0.13911000001430512
274	1.5382174832153321	0.30182000000953674	0.1381500000143051
275	1.5316212956237794	0.30078	0.1378100000023842
276	1.5259032152175904	0.29952000000953677	0.13691000000953674
277	1.5185020833969116	0.2987700000286102	0.13739000000476836
278	1.5125437788009644	0.29812999999046325	0.13765000000715255
279	1.5060985554122925	0.29941	0.1377000000143051
280	1.500784580116272	0.29827000000953674	0.13711000000476836
281	1.4945388024139403	0.2982900000143051	0.1381999999976158
282	1.491182829055786	0.2979500000190735	0.13564000000476836
283	1.485781554145813	0.29792000002861024	0.1354300000143051
284	1.4773595774459838	0.29724000002861023	0.13605000001430512
285	1.4717205902481079	0.2969800000190735	0.13741000000715256
286	1.4678677436065675	0.29739	0.1356099999976158
287	1.460937858314514	0.29794000000953674	0.13789000000476836
288	1.4558642361450196	0.29675000002861024	0.13608000001430512
289	1.4505449378967286	0.29686000002861024	0.13593000000476838
290	1.4431068398666382	0.29517999999523165	0.1359
291	1.439119281578064	0.29668000001907346	0.1362
292	1.4317848969268798	0.2958900000190735	0.1365499999976158
293	1.426048433418274	0.2945300000095367	0.13470999999761582
294	1.4224306964492799	0.29603999999046327	0.13570999999523162
295	1.413787384147644	0.29457000000953676	0.13512000000953675
296	1.4105537661361693	0.2932799999904633	0.13475000001430512
297	1.4047625204849243	0.29224000000476835	0.1337799999976158
298	1.3984662812805175	0.29355	0.13626999999761583
299	1.3945721787643433	0.29270000002861024	0.1341199999976158
300	1.3900736964416505	0.29242999999046326	0.13433000000476839
301	1.383694231376648	0.29222000000953674	0.13377
302	1.381211565437317	0.29272999999046323	0.13329000000476837
303	1.3726112450027466	0.2924500000190735	0.13644000000476836
304	1.3641676544570922	0.2910000000143051	0.13563
305	1.3611856688308717	0.2899899999952316	0.1338700000023842
306	1.354704289970398	0.29055000000953674	0.13423000001430513
307	1.3480732843780519	0.28913000001907346	0.13586000000476836
308	1.346162396507263	0.2915600000286102	0.13480000000476838
309	1.3414573638153076	0.2925600000190735	0.1352
310	1.3379226290130615	0.29151000000953675	0.1342300000023842
311	1.3292343438339234	0.29045	0.1347499999976158
312	1.326676219329834	0.29114999999046326	0.13385000000715255
313	1.3185695239257813	0.2894499999904633	0.13461
314	1.3129006882095338	0.28841000000953676	0.13454000000476837
315	1.3079022620391845	0.2895100000143051	0.13537999999761582
316	1.302990486946106	0.28754	0.13455000000238418
317	1.297593468170166	0.2869	0.13514000000715257
318	1.2939122774505616	0.2872000000095367	0.1343099999976158
319	1.2859409938430786	0.28770000002861024	0.13683000000715256
320	1.2811620379257203	0.28571000002861024	0.13429000000476837
321	1.2758702969360352	0.2840900000143051	0.13479999999761583
322	1.2719602848052978	0.28546	0.13448000000476837
323	1.2639806004333496	0.28508000001907347	0.13485
324	1.261787103729248	0.28649999999046327	0.1349900000143051
325	1.2564261682128905	0.28399000001430513	0.13506000000953675
326	1.250133397102356	0.28422000002861025	0.13581999999761582
327	1.2453033542633056	0.2831500000190735	0.13429000000476837
328	1.2413066816329956	0.2833399999904633	0.13479999999523162
329	1.2363858819961548	0.28453000002861023	0.13482000000953676
330	1.2340268301391601	0.28498	0.13475000000238418
331	1.2278774253463745	0.28435999999046324	0.13426
332	1.2206689124679566	0.28380000001907346	0.13640999999523162
333	1.217143272819519	0.28358000001907346	0.13533
334	1.2126215454483031	0.2823400000190735	0.13398999999761582
335	1.2045344876861572	0.28092999999046325	0.13603000000476836
336	1.2029266220855712	0.2821700000143051	0.13478
337	1.19441431930542	0.2811499999952316	0.13641
338	1.192626311454773	0.2822100000095367	0.13591000000476838
339	1.1885698876190185	0.2824499999904633	0.13680000000953674
340	1.1816798191070557	0.28069000000476835	0.13643
341	1.1768676019668578	0.28118	0.1359800000023842
342	1.173736258468628	0.28095	0.13470999999761582
343	1.1666628086853028	0.27903	0.13563999999523163
344	1.1631729918670655	0.27991000000953675	0.13689999999523164
345	1.1599546914672851	0.2802600000143051	0.13549999999523163
346	1.1532915929412841	0.27857000000953674	0.13652000000953673
347	1.1474637686920166	0.27779999999523164	0.13572000000476836
348	1.143920876159668	0.27802000000953675	0.13729
349	1.1409451191329956	0.27981000000953676	0.13679000000715255
350	1.1333632611846924	0.2768300000095367	0.13643
351	1.1295618882751466	0.27849	0.1371000000143051
352	1.1250683780288697	0.27815	0.13662
353	1.1212869409179687	0.27676000000953677	0.13669
354	1.1135962539672852	0.2754	0.13732000000238417
355	1.1131137606048584	0.2772100000095367	0.1368100000023842
356	1.1065735197067261	0.27658000000953675	0.13633
357	1.1018687117385864	0.2749100000286102	0.13545999999761582
358	1.100904447479248	0.27723	0.13629000000715255
359	1.0934741310882568	0.2764500000190735	0.13711000000953674
360	1.0906473765182496	0.27757	0.13758000000476836
361	1.0865117404937745	0.27574999999046323	0.13605000000715256
362	1.0807733879470824	0.27515000001907347	0.13718
363	1.0752333563995362	0.2745900000143051	0.13710000000238418
364	1.0713785962677003	0.27346000000953674	0.13671000000953673
365	1.0679009446716308	0.27510999999046326	0.1383
366	1.063669529724121	0.27469	0.13691000000953674
367	1.0599338243484497	0.2745600000190735	0.13732000000953673
368	1.0570625902557373	0.2741199999952316	0.1367
369	1.04838372341156	0.27325	0.13795999999761582
370	1.0469436918258668	0.27321000002861023	0.13748999999761582
371	1.0424992134094238	0.27318999999523164	0.13726000000476837
372	1.0363893034362792	0.27272000000476837	0.13815
373	1.0334197957611084	0.2735699999904633	0.13858000000476836
374	1.0297852027893066	0.2726	0.13699000000476838
375	1.02667086101532	0.27291999999523164	0.13816000000476839
376	1.0223831663131713	0.27276999999046325	0.13795999999523162
377	1.0197221369171143	0.27281000000953676	0.13769000001430512
378	1.0134551838874817	0.2719599999904633	0.13843000000476838
379	1.0083398781585693	0.2699	0.13704000000476838
380	1.0043698685073852	0.2714600000047684	0.13861000000476836
381	0.9997589507293702	0.2713	0.13937000000715255
382	0.9965762129974365	0.2706599999952316	0.13878
383	0.9933137678909302	0.27121000001907347	0.13805000001430512
384	0.9900940063858032	0.27082000002861023	0.1382499999976158
385	0.984482905254364	0.26976000000953676	0.13802
386	0.9806978540229797	0.2700600000095367	0.13833000000238418
387	0.9775836388397217	0.2694500000095367	0.13797000001430512
388	0.9719980948448181	0.26869	0.13847000001430512
389	0.9706158377456665	0.26879000000953673	0.13646000000715255
390	0.9660046194458007	0.27053	0.14021
391	0.9627832413482666	0.27046000000953674	0.13925000001430513
392	0.958289301738739	0.2687	0.13853999999523162
393	0.9531688268661499	0.26854000001907347	0.13962000000715255
394	0.9510007380867005	0.26827000000953677	0.1378500000143051
395	0.9475362014389038	0.2688000000190735	0.13796000000476838
396	0.9425437948608398	0.26797000000953675	0.13857999999523163
397	0.939008854637146	0.26768	0.13859000000476837
398	0.9365647393417358	0.2687999999904633	0.13916
399	0.9277580781555176	0.26527999999046326	0.13919000001430512
400	0.9269220988464355	0.26731	0.13964000000953675
401	0.9239933628463746	0.26647000000953674	0.13820000000953675
402	0.9213626725387574	0.26781	0.13824
403	0.9164399532890319	0.26707	0.14019999999761582
404	0.9119710371017457	0.26602000000953674	0.13952000001430512
405	0.907776887588501	0.26489999999046326	0.13938000000238418
406	0.9054758871459961	0.2671	0.13997999999523164
407	0.9014376676177979	0.2671600000190735	0.14122999999761582
408	0.8974363330078124	0.2652200000190735	0.1399
409	0.8943852071380616	0.2667300000190735	0.14053000000476837
410	0.8900059938430787	0.26481	0.13905000000715256
411	0.887824104938507	0.26647000000953674	0.14145000000953675
412	0.8821766861152649	0.2637799999952316	0.1404199999976158
413	0.8819986233901977	0.2657600000143051	0.13958999999761582
414	0.876321515045166	0.2644600000190735	0.14020999999523162
415	0.8741964617919922	0.26472	0.13972
416	0.8705319402313232	0.26494000000953677	0.14028000000476837
417	0.8679973663139343	0.26376	0.13914999999523162
418	0.8630438479423523	0.2635600000190735	0.13877
419	0.8596130700683594	0.26395000002861024	0.13982999999523163
420	0.8568688932037354	0.26395000002861024	0.14022000001430512
421	0.8538192288208007	0.26372	0.13973999999761583
422	0.8502821874427795	0.2640200000286102	0.14046000000476838
423	0.8461255278015136	0.26264	0.13973000000953675
424	0.8437126204299926	0.26361	0.14032000000476838
425	0.8371070645141602	0.2621200000095367	0.14044999999761582
426	0.837433726158142	0.26287999999523165	0.13914000001430513
427	0.8326224323654174	0.26311000002861024	0.14046
428	0.8300400443267822	0.2618700000286102	0.14005000000476836
429	0.8259543011665345	0.2611900000143051	0.13986
430	0.823285673828125	0.2626999999904633	0.13987
431	0.8211404515838623	0.26279000001430514	0.14074000000715256
432	0.8187739402198791	0.26249	0.14084
433	0.8144763334465027	0.2611900000047684	0.14057000000476838
434	0.8092998552322388	0.26011	0.14086999999761582
435	0.8072696663093567	0.26152000002861026	0.1407300000143051
436	0.8061293888282776	0.26221999999046325	0.13997000000715257
437	0.8018553533554077	0.26121000000953676	0.1401500000143051
438	0.799738286113739	0.26159	0.14023999999523162
439	0.7964462005996704	0.26138000001907347	0.13935000000953673
440	0.7922863570213318	0.2604700000286102	0.14056000000953675
441	0.7918773161697388	0.26177	0.14053999999523162
442	0.7856986843681335	0.26044	0.14158
443	0.7844442417144776	0.26099000000953676	0.14166000001430512
444	0.7783871772003174	0.25935000002861025	0.1402300000143051
445	0.7754585979270935	0.25891000002861025	0.14078000000476837
446	0.7752506548500061	0.2609800000047684	0.14192
447	0.7712116113471985	0.2597400000047684	0.1405600000023842
448	0.7655788706970215	0.25858	0.14232000000476838
449	0.7654681385421753	0.26002000000953673	0.1408700000023842
450	0.7610598933029175	0.2589599999952316	0.1416
451	0.7591373050689697	0.25972000002861023	0.14160999999523163
452	0.7549900426483155	0.2583900000190735	0.1419800000023842
453	0.7513425951385498	0.2573700000190735	0.14234000000953675
454	0.7499678003692627	0.25785000001430514	0.14086000000953675
455	0.7476970983886718	0.2590000000143051	0.1415
456	0.7454120560264588	0.2602300000095367	0.14247
457	0.7414154755973816	0.25739	0.14064000001430513
458	0.7377750709342956	0.2569000000095367	0.14136000001430513
459	0.7356013092613221	0.2575899999904633	0.14186000000953675
460	0.7341387717247009	0.25811000000953677	0.14061000001430513
461	0.7315784600067139	0.2586300000190735	0.14197999999523161
462	0.7292461514663696	0.25755	0.14084
463	0.7269056641769409	0.25745000002861024	0.13973999999761583
464	0.7225152867126465	0.25774	0.14098000000953675
465	0.7204002658653259	0.25836	0.1421
466	0.7144263550567627	0.25616000001907346	0.14212
467	0.7132161409950256	0.25749	0.14277000001430512
468	0.7102258892822265	0.25577000000953676	0.1410100000143051
469	0.7095070721817016	0.25798000000953675	0.14268000000238418
470	0.7041907310295105	0.25517000000953677	0.1412600000143051
471	0.7022485778427124	0.25620000000953674	0.14217
472	0.6998421843719482	0.25631999999046323	0.14323000000476838
473	0.6973736165618897	0.2558699999904633	0.14205
474	0.6941074396514892	0.25523	0.1420199999976158
475	0.6906507277679443	0.25403999999523164	0.14061000000476837
476	0.6907069798088074	0.25615000000953675	0.1424399999976158
477	0.6875704105567932	0.2557200000143051	0.1419800000023842
478	0.6838251878929138	0.25448	0.14019999999523164
479	0.6820380270957946	0.25437999999046323	0.14154999999523163
480	0.680746771774292	0.2559600000095367	0.14097000000476836
481	0.6770344755172729	0.25478000000953677	0.14171999999523163
482	0.6763549883079529	0.25646000002861025	0.14252000001430512
483	0.6726051622009277	0.25534999999046326	0.14200999999523162
484	0.6719584506607056	0.25598999999523164	0.1417600000143051
485	0.6653037085342407	0.25359	0.14268000000715256
486	0.6651407969474793	0.25437	0.14128999999761582
487	0.6644114656257629	0.2551400000047684	0.1401500000143051
488	0.6596364562606811	0.25352	0.14107000000476838
489	0.65620910238266	0.25296	0.1417300000023842
490	0.653426553478241	0.2536300000095367	0.14275000001430513
491	0.6503500727081298	0.25334	0.14364000000476837
492	0.6492105892562866	0.25367000000953677	0.14289000000476837
493	0.6478132973480225	0.25396999999046327	0.14354000000476838
494	0.6452621916007996	0.25523000000476836	0.1435600000023842
495	0.642418120059967	0.25310999999046324	0.14247000001430513
496	0.6412189075279235	0.25495999999046326	0.14296
497	0.6391407246017456	0.25469	0.14357000000953674
498	0.6346997638893127	0.25304	0.14291
499	0.6334743518447876	0.25247000000953673	0.14171000000953674
500	0.6311055976676941	0.25327999999046324	0.14355000000476836
501	0.6293149966812134	0.25366000000476835	0.14252999999523164
502	0.6244987928771972	0.2525	0.1435400000143051
503	0.6214426651763916	0.25227999999046324	0.14325000000476837
504	0.6190004648208618	0.25239000000953676	0.1436700000143051
505	0.6193154262733459	0.25353000000953674	0.14472000000476837
506	0.6142980270767212	0.25228000000953676	0.14458000000715257
507	0.6132795835494995	0.25218000002861024	0.14424000001430512
508	0.6120987159347534	0.2537400000190735	0.14477999999523164
509	0.6088423953437805	0.2523399999952316	0.14405000000476836
510	0.6062788639640808	0.25247999999523163	0.1443900000143051
511	0.6017132362747193	0.25109000000953674	0.14455999999761582
512	0.6001114497756957	0.2519699999952316	0.14668000000476838
513	0.5973155292320251	0.25192	0.14583000000953675
514	0.5962418678283692	0.25219	0.14608000000715254
515	0.5967168968772888	0.2533800000143051	0.14530000000715257
516	0.5913005435943604	0.25275000000953673	0.14699000000715257
517	0.5893633650779724	0.2531	0.14749999999523164
518	0.5861584211158752	0.25127	0.14590999999523163
519	0.5861450875854493	0.25281	0.14686
520	0.5838240831375122	0.25196999999046327	0.1463199999976158
521	0.5799065241241456	0.2526500000190735	0.14762999999523163
522	0.5787227723693847	0.25237000000953674	0.14713
523	0.577227607307434	0.2525500000286102	0.14714999999523162
524	0.5764127912139893	0.25399000000953675	0.14726000001430511
525	0.5707348368453979	0.2519200000286102	0.14843000000953674
526	0.5700747184371948	0.25087	0.14742000000476838
527	0.5676905569648742	0.25261000000953676	0.14777999999761582
528	0.564767194480896	0.25124000001430513	0.1480800000143051
529	0.562458791923523	0.25074000000476837	0.14854000000476836
530	0.5604243284606933	0.25210000000953675	0.14901
531	0.5591433589744568	0.25336	0.15026000000476838
532	0.5589142046165466	0.25278000000953676	0.14832000000953674
533	0.5538020210075378	0.25221	0.15016000001430513
534	0.5521325051689148	0.25218999999046326	0.1500800000143051
535	0.5517879150390625	0.25212000000476836	0.14933
536	0.5474507298851014	0.25213	0.15099
537	0.5455999914360047	0.25185000000476837	0.15049
538	0.5430398955154419	0.25171	0.15088999999761582
539	0.5420520140838623	0.2533700000047684	0.1520300000143051
540	0.5407015870475769	0.25351999999046326	0.15162000000476838
541	0.5376819920730591	0.2523500000190735	0.15112000000953674
542	0.5359419442367553	0.2528800000286102	0.15287000000715256
543	0.5358709463500977	0.25288000000476835	0.15068000000953674
544	0.5334341805458069	0.2534100000190735	0.15201999999523164
545	0.5301399091339112	0.25202	0.15114999999523163
546	0.5276671778488159	0.25245999999046326	0.15287
547	0.5238644606018067	0.25032000000953675	0.15239000000953673
548	0.5231942277526855	0.25132000000953675	0.152
549	0.5228961660003663	0.25247000000953673	0.15268000001430512
550	0.5199054477119446	0.25286000000953673	0.15352000000476837
551	0.5167012643432617	0.25079999999046326	0.15293
552	0.5171289867591858	0.25234000000953677	0.1531700000143051
553	0.5130272109603882	0.25119000002861025	0.15329000000476836
554	0.5136297164344787	0.25234000002861023	0.15317000000476838
555	0.5115786936378479	0.25277999999523165	0.15382000001430512
556	0.5067169239997864	0.2507800000143051	0.15402
557	0.509036070728302	0.2536199999952316	0.15346
558	0.5042050311660766	0.2519000000095367	0.15493000000715257
559	0.5042451831626892	0.2525899999904633	0.1544400000143051
560	0.5030752896308899	0.25312000000476836	0.15447
561	0.49885921733856203	0.25189999999046325	0.15484000001430512
562	0.5005314127159118	0.25370999999046323	0.15395000000476838
563	0.4961144383239746	0.25260000000953675	0.1564700000143051
564	0.49442777620315553	0.2523500000095367	0.15548000001430512
565	0.49045166385650635	0.2517700000286102	0.15716000000476837
566	0.4904067726802826	0.25179000002861024	0.15500000000476838
567	0.487560944442749	0.25222000000953676	0.15650999999523163
568	0.4873819483184815	0.25281	0.15631999999523163
569	0.4842975102996826	0.25198000000953674	0.15667
570	0.48621135013580324	0.25377999999046325	0.15694000000476838
571	0.48173594818115234	0.25245000002861023	0.15689000001430511
572	0.4797248291397095	0.2517299999952316	0.1559100000143051
573	0.47986002195358274	0.2540500000286102	0.15774000000476837
574	0.4768074159240723	0.2532700000286102	0.15848000000476836
575	0.47587286069869994	0.25379000002861024	0.15793
576	0.47415504985809326	0.25294000001907346	0.15665999999523164
577	0.4730211344337463	0.25378000000476836	0.15818000000476837
578	0.4696882717704773	0.25279000000476837	0.1587100000143051
579	0.4695059748649597	0.25399	0.15837000001430512
580	0.46931223793029786	0.25383999999046325	0.15722000000476838
581	0.4646489589500427	0.25249999999523165	0.15822
582	0.4622870058822632	0.2515399999904633	0.15831000000476836
583	0.463376561050415	0.25285	0.15738999999761583
584	0.46103881331443786	0.2535	0.15891999999523163
585	0.46019902149200437	0.25388000001907346	0.15866999999523163
586	0.45851983662605283	0.25404999999046324	0.15937000001430512
587	0.45672103323936464	0.2537800000143051	0.16036000001430512
588	0.4536040376663208	0.25212	0.15901000000476836
589	0.45009459415435793	0.25156	0.16031
590	0.4499864931297302	0.25301999999046326	0.16074
591	0.44804522422790527	0.25230000002861025	0.15989
592	0.44634670890808104	0.25278000000953676	0.1611300000143051
593	0.4452854828453064	0.25192000000953674	0.16004000000476837
594	0.44352105303764344	0.2523100000143051	0.16046999999523162
595	0.4430501943397522	0.2534600000095367	0.1610400000143051
596	0.4401512915897369	0.2516400000047684	0.16042000000476836
597	0.4390970747947693	0.25222999999046325	0.16006000000476836
598	0.4401265581703186	0.25415000000953675	0.16182000000953675
599	0.4365885800552368	0.2527500000047684	0.16166
600	0.4364972534656525	0.2540299999952316	0.16111000000715256
601	0.4329324243736267	0.25353999999523164	0.16271
602	0.4339921666908264	0.2541399999952316	0.16196999999761583
603	0.4316990666866303	0.25374000001430513	0.16181000000238419
604	0.4291959543800354	0.25291000000953673	0.16264
605	0.4286674658966064	0.2531000000143051	0.16170000000953674
606	0.42715059423446655	0.25395999999046326	0.16365999999523162
607	0.4213760425567627	0.25078	0.16285
608	0.4234748495674133	0.25210999999046324	0.16217000001430512
609	0.42134834482192995	0.25240000000476837	0.1631500000143051
610	0.4215495409679413	0.25304000000953675	0.16286
611	0.42123298159599304	0.25506	0.1637900000143051
612	0.41618948095321656	0.25183000000953676	0.16347
613	0.417871175365448	0.25436000000953674	0.1633500000143051
614	0.416402443447113	0.25578000000953677	0.16522
615	0.4151674568748474	0.2544900000143051	0.16419
616	0.4154147189617157	0.2554200000286102	0.16466000000953673
617	0.41083468559265135	0.2532000000286102	0.16354
618	0.4108344327354431	0.25384999999046326	0.1637900000143051
619	0.4091136800289154	0.2540199999952316	0.16453000000476836
620	0.40668657865524294	0.2536500000047684	0.16607999999523163
621	0.4061439992427826	0.25442000000953674	0.16553000000476836
622	0.405430074596405	0.2552100000190735	0.16625000000953674
623	0.4035241248703003	0.25442000000953674	0.16584000001430513
624	0.4020033154296875	0.25441000001430514	0.16536999999523164
625	0.3991070832824707	0.25244999999523166	0.16431000001430512
626	0.39918338163375855	0.2540899999904633	0.1658800000143051
627	0.39624355701446534	0.25257999999046327	0.16634000000953675
628	0.39750139627456665	0.25369000002861025	0.16532
629	0.3958579169654846	0.25358000002861025	0.16623999999523162
630	0.3926073116111755	0.2516500000190735	0.16506
631	0.39293224493026735	0.25441000002861025	0.16704999999523162
632	0.3920499699115753	0.2551900000047684	0.16754000000476837
633	0.3902592051696777	0.2543000000047684	0.16736
634	0.3892772843360901	0.2537900000095367	0.16635000000476838
635	0.38776818008422853	0.2539600000095367	0.16699
636	0.38749906595230105	0.25487	0.16724000000953673
637	0.3849149848270416	0.2545099999952316	0.16765000000715255
638	0.3848459222602844	0.2549300000143051	0.1678700000143051
639	0.38403395263671875	0.25485000001430513	0.1678899999976158
640	0.38264556325912474	0.25437	0.1667100000143051
641	0.3791905495452881	0.2533399999952316	0.16764000000476836
642	0.38164829160690306	0.25637000000953675	0.16824000000953673
643	0.37870699014663695	0.25534999999046326	0.16951999999523162
644	0.37682724172592164	0.2541200000143051	0.16873000000476837
645	0.37656337354660036	0.2555400000190735	0.16879
646	0.3753940309906006	0.25509000000953674	0.16840999999523162
647	0.3748083722496033	0.25546000002861025	0.16810000000476838
648	0.371967710981369	0.2548400000095367	0.16924999999523163
649	0.3718941788482666	0.25598000000953675	0.16921
650	0.37064765155792234	0.25615000000953675	0.1694000000023842
651	0.37020837739944457	0.25582	0.16951999999523162
652	0.3672899788093567	0.2545300000143051	0.1694000000143051
653	0.36545430017471314	0.2544300000143051	0.16944000000715256
654	0.36705313943862916	0.25667999999046326	0.1704300000143051
655	0.36689593998909	0.25755000000953676	0.17027999999523163
656	0.3633949559593201	0.25543000000953675	0.16996000000476838
657	0.36263684175491334	0.2559699999952316	0.17086000000476836
658	0.3622948268508911	0.2570900000047684	0.17181000000476837
659	0.3627459902477264	0.2570799999952316	0.17019000001430512
660	0.35866147802352905	0.2561799999952316	0.17169000000476836
661	0.35760437397003175	0.2557499999904633	0.17152000000953674
662	0.35875825258255006	0.2569300000143051	0.17124000001430512
663	0.35475179775238036	0.25533999999046325	0.17177
664	0.35367285628318784	0.25597999999523163	0.17260999999523163
665	0.3546675873184204	0.25711999999046325	0.17285000000953674
666	0.35415779005050657	0.25801	0.17281999999523162
667	0.3502643702697754	0.25579	0.17255
668	0.3491094587135315	0.2559200000190735	0.17294999999523164
669	0.3500664687156677	0.2569700000143051	0.17271000000476838
670	0.34878174558639524	0.25683999999046325	0.17312999999523163
671	0.34776812570571897	0.25631	0.17230999999523164
672	0.34520267936706545	0.25617	0.17369
673	0.3442909208011627	0.25607	0.17390999999523163
674	0.34430089728355406	0.25669999999523163	0.17306999999523162
675	0.3430141990947723	0.25666	0.17385000001430512
676	0.3423371558380127	0.2561299999952316	0.17288
677	0.342552504901886	0.25761000000953677	0.17312000000953676
678	0.34151295720100405	0.25784000000476837	0.1738700000143051
679	0.34060312557220457	0.25753	0.17452000001430512
680	0.33784873606681826	0.25710000000953676	0.17442
681	0.3372469431686401	0.2575700000095367	0.17415000000476838
682	0.33771217142105103	0.2584800000190735	0.1754000000143051
683	0.3340939346218109	0.25650000000953677	0.1750100000143051
684	0.33532183760643003	0.2570700000095367	0.17394000001430512
685	0.335061050453186	0.25826	0.17526000000476838
686	0.33185220932006837	0.2564600000190735	0.17470999999523162
687	0.33205720013618467	0.2575400000286102	0.17422000000953675
688	0.33102096332550046	0.2585300000047684	0.17678999999523162
689	0.3291466222858429	0.25708000000953674	0.17560999999523164
690	0.3287831002998352	0.2568599999904633	0.17503999999523162
691	0.32618515396118164	0.25707	0.17665000000476838
692	0.32741377765655516	0.25802000000953673	0.17645000000953676
693	0.32603755637168885	0.2586899999952316	0.1770900000143051
694	0.3265758931732178	0.2587700000286102	0.1761100000143051
695	0.32413173807144163	0.25797	0.17622000001430513
696	0.32098892741203305	0.25676000000953675	0.17714999999523162
697	0.32115990154266355	0.25783000001907347	0.1773900000143051
698	0.32213468269348144	0.2586800000190735	0.17707000001430512
699	0.31991768619537353	0.2581	0.17710000000953674
700	0.32041496970176697	0.2589900000286102	0.17868000001430512
701	0.318440833568573	0.25950999999046326	0.17985000000476836
702	0.31880678646087646	0.2590700000095367	0.17787
703	0.31859406556129455	0.2593899999952316	0.17815000000476838
704	0.31533571387290954	0.2578400000143051	0.17845000000953673
705	0.31376976855278016	0.25829999999046327	0.17837000000953673
706	0.31430101234436036	0.2585000000190735	0.17848999999523163
707	0.31325046984672544	0.25908000000953674	0.17958000000953675
708	0.3118256239700317	0.25853999999523164	0.17827
709	0.31232063398361204	0.2595	0.17946000000476836
710	0.30859406458854677	0.25791000000953673	0.1800999999976158
711	0.3094986424446106	0.25959	0.18076000001430512
712	0.307893756313324	0.25835	0.17905000000953675
713	0.3080687526321411	0.25848	0.17940000000953674
714	0.30698413801193236	0.2594199999904633	0.18063000000953675
715	0.3053273076057434	0.2584400000143051	0.1796400000143051
716	0.30569974348068235	0.2590400000143051	0.18005
717	0.3051241933441162	0.2601700000190735	0.18114
718	0.3049299245071411	0.26048999999046324	0.18063
719	0.3030349297046661	0.26044000000476836	0.18094000000953675
720	0.3033133330535889	0.2606200000095367	0.18170999999523163
721	0.3007715512752533	0.25968999999046327	0.18091000000476837
722	0.30030632444381716	0.25988000000953676	0.18125000000476837
723	0.30101581506729125	0.2604700000286102	0.18092000000476838
724	0.2983631070137024	0.25972999999046326	0.18215000000953674
725	0.2986588112640381	0.26056	0.18184000001430511
726	0.2975098929023743	0.25953	0.18145999999523163
727	0.2953900828170776	0.26039000002861024	0.1833900000143051
728	0.29607321729660036	0.26104999999523165	0.1835300000143051
729	0.2932208859539032	0.26002000002861025	0.18341000000476837
730	0.29172947140693667	0.2591500000286102	0.1833300000143051
731	0.2930369610786438	0.26088000000953676	0.18334000000953674
732	0.29174611864089967	0.26053000000953674	0.18397000000953675
733	0.2916944546127319	0.26021000000953676	0.1830500000143051
734	0.2915929263210297	0.26068	0.18252000001430513
735	0.2906625223445892	0.26143999999046325	0.18355000000953675
736	0.2891648221206665	0.26153	0.18534
737	0.2903568033885956	0.2617900000095367	0.18370000001430511
738	0.28615860771179197	0.2591400000190735	0.18358
739	0.28732401496887205	0.26079000001430513	0.18388000000476837
740	0.2865965396499634	0.2610300000190735	0.18384000000476838
741	0.2860256286334991	0.2606899999952316	0.18360999999523162
742	0.2864896605682373	0.2622500000286102	0.18477
743	0.2851213957309723	0.2618400000095367	0.18495000000953674
744	0.2851014425086975	0.26164999999523164	0.18348000001430512
745	0.2828284994125366	0.26120999999523165	0.18448000000476839
746	0.28323888328552244	0.2619700000286102	0.18463
747	0.28015773678779604	0.26079	0.18523000000476836
748	0.2819609213924408	0.26219000000953674	0.18453000000476838
749	0.28166362575531007	0.26261000002861024	0.18512
750	0.27795596462249755	0.26011	0.18510999999523162
751	0.2777485940742493	0.26089	0.18599999999523162
752	0.2770802131652832	0.26140000002861025	0.18571999999523162
753	0.27857411851882935	0.2629000000095367	0.18706000001430512
754	0.27571318402290346	0.26209999999046324	0.18732000000953675
755	0.27705245285987856	0.26270000000953675	0.18693
756	0.2754734992027283	0.26166000000953676	0.1863000000143051
757	0.275410367603302	0.26277000000476836	0.1860800000143051
758	0.2745657493019104	0.2630000000095367	0.18695000000476839
759	0.2755986946582794	0.26410000001907347	0.18653999999523163
760	0.27164121373176575	0.2615900000286102	0.18703
761	0.27368396087646485	0.26425	0.18746
762	0.2703854495716095	0.2621400000190735	0.18748000000476836
763	0.27081967710495	0.26252000002861026	0.18713
764	0.2696929358291626	0.2630199999952316	0.18831000000953674
765	0.26857502319335935	0.26274000000953673	0.18733
766	0.26824764066696166	0.26286999999523164	0.1886999999976158
767	0.26783452790260315	0.2628900000095367	0.18843000000476837
768	0.26728010610580444	0.26292000000953675	0.18868999999523162
769	0.26564990677833555	0.2623099999904633	0.18802000000476837
770	0.2645604211425781	0.26234	0.18819000000476838
771	0.2661931474876404	0.26371	0.18949999999523162
772	0.26511445419311525	0.2642500000190735	0.18968999999523162
773	0.26118161331653594	0.26198	0.18953000000476838
774	0.2626471893119812	0.2628900000143051	0.18957
775	0.26299423127174376	0.26386	0.18977000000953675
776	0.2648071886920929	0.26476	0.18962000001430512
777	0.2618995411491394	0.2641200000095367	0.1895700000143051
778	0.2620034856510162	0.26378	0.18983000000476838
779	0.26096269298553465	0.26378999999046326	0.18935000000476837
780	0.26009564801216123	0.26422999999046326	0.19100000000953674
781	0.2596743421649933	0.26376000001907346	0.18959
782	0.2591195128583908	0.2651100000095367	0.19190000000476837
783	0.25920872604370115	0.26435000001430514	0.19011999999523163
784	0.25664854942798615	0.26365	0.19051
785	0.2584460324192047	0.26582000000953676	0.19158000000953673
786	0.2565819586086273	0.2642499999904633	0.19073000000953674
787	0.25580509779453275	0.26444	0.19096
788	0.2555695716285706	0.26510000000953676	0.19148000000476836
789	0.2560394929409027	0.2656300000190735	0.19145000000953674
790	0.2529206056499481	0.2641300000190735	0.19197999999523163
791	0.25448758324623105	0.26503999999046324	0.19095000000953674
792	0.25327692339897157	0.26553000000953675	0.19184
793	0.2511412096309662	0.26420999999046324	0.19272000000476838
794	0.25228169560432434	0.26582000001907347	0.19324
795	0.25097556144714356	0.2648300000190735	0.19198
796	0.25077647166252137	0.26608999999046323	0.19337999999523162
797	0.25016730297088624	0.26499000002861023	0.1932100000143051
798	0.25017904401779173	0.26550999999046326	0.19283000000953673
799	0.24939608275413513	0.2654099999952316	0.19212000000476837
800	0.24911988069534302	0.26617000001430513	0.19267
801	0.24820008573532104	0.2655600000095367	0.19261000000476838
802	0.24808620030879974	0.26643000001907347	0.19358
803	0.2468632733631134	0.26531999999046324	0.19284
804	0.24566254257678985	0.2656	0.19377
805	0.24593442596435547	0.26615000000476835	0.19373000000476837
806	0.24676152173519134	0.26670999999046324	0.19326000001430513
807	0.24505700812339784	0.2658400000095367	0.19353000001430512
808	0.24460539281845092	0.2669500000190735	0.19466000000476838
809	0.24517797887802123	0.26707	0.19454000000476837
810	0.2428822209739685	0.26613000000953674	0.19549999999523163
811	0.24447838929653168	0.26787	0.19508000000953674
812	0.24284156171798707	0.2665000000095367	0.19453
813	0.24010141722679137	0.26546000000953673	0.19484
814	0.24098414388656617	0.2660400000286102	0.19477
815	0.2400852589416504	0.2658900000095367	0.19599000000953673
816	0.2391217656803131	0.26597	0.19607000002861022
817	0.2396254035949707	0.2672399999904633	0.19567999999523164
818	0.23919536970615388	0.26737	0.19644000000953674
819	0.2396373618221283	0.2675699999952316	0.19572
820	0.23947810863494873	0.26737000000953676	0.19580000001430511
821	0.23849345579147338	0.2673499999952316	0.19613000000476838
822	0.2376804997062683	0.2674099999904633	0.19588000000476838
823	0.2368985163784027	0.2668600000190735	0.1963800000143051
824	0.2370157748222351	0.2678299999952316	0.19730000001430512
825	0.23567790793418883	0.26764999999523165	0.19682000000476838
826	0.23393139874458313	0.2669200000286102	0.19666999999523163
827	0.23438911838531495	0.2675700000047684	0.19708000000953674
828	0.23494247344970703	0.2674599999952316	0.1962900000143051
829	0.23481645831108094	0.26768000002861025	0.1961
830	0.23500859751701356	0.26819000000953674	0.19715000000476837
831	0.2330329770374298	0.26772	0.19797000000476836
832	0.23269381381988524	0.26822000002861024	0.19822000000953674
833	0.2329138418674469	0.2683800000190735	0.19673000000953675
834	0.23233262189865111	0.268	0.19743000000953675
835	0.23223803951263428	0.2678999999952316	0.19772999999523164
836	0.23189822894573212	0.26897000000953675	0.19805000000953674
837	0.23117757043838502	0.2685400000286102	0.19824000000476838
838	0.23169446969985963	0.26967000001430513	0.19812999999523162
839	0.23283648135185242	0.26989000001430513	0.19848000000953675
840	0.22931944730758666	0.2693700000286102	0.19953000000953675
841	0.23022364408493043	0.2689600000190735	0.19761000000953674
842	0.22940836659431457	0.26937	0.1987
843	0.22872712947368623	0.26873000000953673	0.19836000002861023
844	0.22633614260673524	0.2681500000286102	0.1999
845	0.22611805062294008	0.26818999999523163	0.19919999999523164
846	0.2270079936170578	0.26971	0.20024999999523163
847	0.2261435847568512	0.26844999999046326	0.19883000001430512
848	0.2260679730796814	0.26932000000953676	0.19970000000953675
849	0.22523776892662048	0.26857	0.19959000000953675
850	0.22299480291366577	0.26778999999046327	0.2012600000143051
851	0.22264109356880188	0.2681300000286102	0.19948999999523162
852	0.22415161297798156	0.26931	0.19878000000476836
853	0.2250993452310562	0.26974000000953674	0.19967
854	0.22309105904579163	0.26891	0.19970000000953675
855	0.22342075921058654	0.2698499999952316	0.19985000000715256
856	0.22298886659145356	0.26898000000953676	0.19938000000476838
857	0.22200321893692015	0.26918000000953674	0.2007000000143051
858	0.22225739451408386	0.26984000002861025	0.2009
859	0.22053315114974975	0.2687400000047684	0.2007300000143051
860	0.22090848572731017	0.26918000000953674	0.20082000000476838
861	0.2179715144252777	0.26807000002861026	0.20149000000953673
862	0.2198709477996826	0.26911000000476837	0.19976000000953675
863	0.21929284427642823	0.2693	0.20010000002861023
864	0.2186312678527832	0.26899999999046326	0.20002
865	0.21723321242332458	0.26939	0.20152000001430512
866	0.2185851890850067	0.27024	0.20202
867	0.21872276451587677	0.27032000000953676	0.20091000000476839
868	0.21959150051593782	0.27217	0.20289000000476837
869	0.21586855282783507	0.26965000001907347	0.20226999999523163
870	0.216937265086174	0.2695199999904633	0.20219000000953674
871	0.21725283821105956	0.26982000001907347	0.20093000000476838
872	0.21410303175449372	0.26878	0.20172
873	0.2161274285030365	0.2703	0.20197000001430512
874	0.21387741094589233	0.26942999999046324	0.20193999999523163
875	0.21511393482208252	0.27032000000953676	0.20229999999523163
876	0.2148764921951294	0.27028	0.20165000000476838
877	0.2156958870983124	0.2711300000286102	0.20203000001430513
878	0.2133069186782837	0.26952999999046323	0.2020600000143051
879	0.2126274007463455	0.26908999999523164	0.2025700000143051
880	0.21366548455238343	0.2701100000095367	0.20146000000476838
881	0.2142995580482483	0.2714400000190735	0.20303
882	0.2127011755132675	0.2709400000143051	0.203
883	0.21287114483833314	0.27058	0.20252
884	0.21174800684452058	0.27047000000953675	0.20308
885	0.21178360867023469	0.27055000000476837	0.20293000000476838
886	0.2095899557209015	0.2696899999904633	0.20228000000476837
887	0.21106049130439758	0.2709200000286102	0.20320000000476837
888	0.21253887074947359	0.2714599999952316	0.20255000000953674
889	0.20882610934257506	0.27018000002861026	0.20349000001430512
890	0.2088089400100708	0.2705800000286102	0.20405000000476836
891	0.2099406024169922	0.27015999999046325	0.20266
892	0.21030714517116547	0.2719400000095367	0.2034300000143051
893	0.20642377640724183	0.26935000000953674	0.20372999999523164
894	0.2078574694442749	0.27074	0.20408000000476836
895	0.20878563824176788	0.27148999999046325	0.20325000000953675
896	0.20625059910297394	0.27011	0.20455
897	0.20769031578063965	0.2713499999904633	0.20410000000953674
898	0.20779151043891908	0.27161	0.20351000000476838
899	0.20675488924980165	0.2712900000190735	0.20388000002861023
900	0.2076774845123291	0.27143	0.20369000000476836
901	0.20473152086257934	0.2708000000286102	0.20466000000953674
902	0.20547558364391327	0.27109000000953676	0.20355999999523164
903	0.20465238695144652	0.27086	0.20445000000476837
904	0.2055592755317688	0.2717400000286102	0.20398
905	0.20420895854473115	0.2708899999952316	0.20374000001430512
906	0.2053254453754425	0.27177999999046326	0.20391000000476836
907	0.202679016122818	0.2701700000095367	0.20473999999523163
908	0.20270743299484253	0.27036999999046324	0.20441000001430512
909	0.20347119037628175	0.2708999999952316	0.20455000000476836
910	0.20240493702411652	0.27061000002861024	0.20462
911	0.20258422055721284	0.27165000002861023	0.2059800000143051
912	0.20095792018890382	0.2698900000190735	0.20471000001430512
913	0.2021787563085556	0.27176000001907347	0.20519999999523164
914	0.20253055218219757	0.2721700000190735	0.20494
915	0.20112663393974303	0.2710000000095367	0.20502
916	0.20146549018859863	0.2720700000286102	0.20508000001430512
917	0.1999166377735138	0.2709499999952316	0.20565999999523163
918	0.19963411496162414	0.27084	0.20549000000476836
919	0.19985317760944366	0.27115000001907347	0.20538000000953674
920	0.20067277950286866	0.27210000000953677	0.20501
921	0.1988066192150116	0.27083000002861024	0.20527
922	0.19854509236335754	0.2712200000095367	0.20674000000476836
923	0.2019149139547348	0.2736600000190735	0.20616
924	0.19986507499694825	0.2725300000286102	0.20527000000953674
925	0.1990000618028641	0.27225000000953675	0.20563000001430512
926	0.19916357459068298	0.27234	0.20611999999523162
927	0.19829047378540038	0.27178	0.20649999999523164
928	0.1970742456007004	0.27134000000953673	0.2060300000143051
929	0.19804859561920166	0.27146000000953674	0.20506000000953675
930	0.19701691385746004	0.27213	0.20574000000476836
931	0.19527091723442078	0.27081000000953676	0.2067000000143051
932	0.19773679117679596	0.27225999999523165	0.20574000000476836
933	0.19660157160282135	0.2720599999952316	0.20616000000476836
934	0.1963433239507675	0.27242999999523165	0.20656999999523162
935	0.1948553664112091	0.27183999999046327	0.20696000001430512
936	0.1940230639743805	0.2711800000143051	0.20758000001430513
937	0.19401472393512725	0.27070999999046325	0.20658000000476837
938	0.19388846754074096	0.27097000000953675	0.2058700000190735
939	0.1947246002292633	0.27209000000953676	0.20620999999523162
940	0.19365747794628144	0.27242999999046325	0.20761000000476837
941	0.19509953885555267	0.27297000000953675	0.20761
942	0.19408103692531586	0.2719	0.20664
943	0.19408612307548523	0.27159999999523166	0.20623000000953676
944	0.19286795993328096	0.27165000000476835	0.20645000000953675
945	0.19233991118907928	0.27184000002861025	0.20665999999523163
946	0.19313184063434602	0.2723800000190735	0.20728999999046327
947	0.19314343780994414	0.2723800000095367	0.20677
948	0.19255423092842103	0.27259999999046325	0.20704000002861023
949	0.1917178704404831	0.2720500000095367	0.20726000000476838
950	0.19208501918792725	0.27202000000953674	0.20569000000476836
951	0.1904347461271286	0.272	0.20827
952	0.19114649483203888	0.27154000002861023	0.20676
953	0.1901961240005493	0.27183	0.20712999999523163
954	0.1910227588891983	0.27226000000953676	0.20754
955	0.1906192286157608	0.27189999999046327	0.20636000000476837
956	0.18928969162940978	0.27104	0.20731
957	0.19005245094299317	0.27218999999523164	0.20755000000476836
958	0.18976753403663635	0.2717999999904633	0.20676
959	0.1882866788482666	0.27136000000953675	0.2072
960	0.1891921930360794	0.27117999999046327	0.2061400000143051
961	0.18926218103408812	0.27171000001907347	0.20714999999523162
962	0.1896697165775299	0.27218	0.20668
963	0.18839348635673522	0.272	0.20772
964	0.18856657823085785	0.2719600000190735	0.20686
965	0.1876149153327942	0.27104999999046325	0.2061700000143051
966	0.18752902949810027	0.27169999999046324	0.2077
967	0.1880095360994339	0.27155999999046326	0.20649000000953674
968	0.1868748729801178	0.27135	0.20683999999046326
969	0.18810997212409974	0.27245	0.2078
970	0.18719449893951415	0.2718500000143051	0.20705000000476836
971	0.1874977282190323	0.27202000000953674	0.20694000000953675
972	0.18730319193840028	0.2724800000143051	0.20721999999523164
973	0.1877232342720032	0.27266000002861024	0.20652999999046326
974	0.1872372937440872	0.27234	0.20721
975	0.18707169480800628	0.27236999999523165	0.20722999999523162
976	0.1861207239818573	0.272	0.20720000000953676
977	0.18631895312786104	0.27234	0.20760000000953674
978	0.18572269378185272	0.27182	0.20712999999523163
979	0.18596487710952758	0.27259000000476835	0.20725
980	0.18588409351348878	0.2724700000286102	0.2069500000143051
981	0.18499748752117157	0.27181	0.2077
982	0.1839166570520401	0.2713700000286102	0.20770000000953676
983	0.18455252571582795	0.27214000000953675	0.20802000001430512
984	0.1853567531299591	0.2722400000190735	0.20718000000476838
985	0.18548565822124483	0.27286	0.20796000000476836
986	0.1848411819934845	0.27183	0.20733000001430513
987	0.1847771819972992	0.27237999999046325	0.20753000000476837
988	0.1843059484577179	0.2716700000047684	0.20762999999523163
989	0.1850171051454544	0.27191000000953675	0.20725000000476837
990	0.18436094343185425	0.27071000000953677	0.20743
991	0.18552906492710114	0.27242000000476835	0.20852
992	0.18663513139724733	0.2729599999904633	0.2079500000143051
993	0.18510547163009644	0.27233	0.20715
994	0.18566499254703522	0.27251000000953673	0.2075300000143051
995	0.18487837133407592	0.27153999999523165	0.2076
996	0.18645686688423158	0.27233999999046327	0.20729000000953673
997	0.18456508985042572	0.2713900000095367	0.20744000001430513
998	0.1864821368741989	0.2729600000047684	0.20844000001430513
999	0.18539494663238526	0.2722900000047684	0.2081200000143051
