epoch	loss	acc	certified
0	0.9702056969960531	0.43598333339691164	0.05796666667064031
1	0.725764678478241	0.6717	0.13025
2	0.5708334126154582	0.755416666730245	0.2527833333651225
3	0.42924942665100096	0.8018833333333333	0.4345833333651225
4	0.32729769700368244	0.8410333333651224	0.580316666730245
5	0.2562540606737137	0.8713333333333333	0.6801333333969116
6	0.20424654155572255	0.8981166666666667	0.7418166666984558
7	0.16794590802987416	0.917666666730245	0.7858166666984558
8	0.14127120871543886	0.9316333333651224	0.81525
9	0.1209606530825297	0.9433333333651225	0.83815
10	0.10664896077315013	0.9492333333333334	0.8576333333333334
11	0.09619392789999644	0.9542166666666667	0.8695
12	0.08452573707898457	0.9605	0.88475
13	0.07916115369995436	0.96375	0.8918
14	0.07327074758609135	0.9660333333651224	0.9004666666984558
15	0.0663491347014904	0.9695166666666667	0.906466666730245
16	0.06408767252763112	0.9708166666666667	0.9110166666984558
17	0.059170055170853934	0.9727833333969116	0.9166000000317891
18	0.056689393252134325	0.9740833333651224	0.9213833333969116
19	0.05412851349711418	0.975316666730245	0.9230833333969116
20	0.05131400732596715	0.9769833333651224	0.9268833333333333
21	0.049165574049949645	0.9774166666666667	0.9296666666666666
22	0.04744055265982946	0.9784000000317892	0.9322833333651225
23	0.046352971227963766	0.979166666730245	0.9337666666666666
24	0.04471682644287745	0.9800333333969116	0.9351000000317892
25	0.04299163335164388	0.9810833333969117	0.9374333333333333
26	0.0417081361869971	0.9815833333333334	0.9399500000635783
27	0.040382281071941056	0.9822000000317891	0.9407333333333333
28	0.03934183467825254	0.9823500000317892	0.9433833333333334
29	0.03824150378704071	0.9834833333969116	0.9427333333333333
30	0.0361811890343825	0.9842333333333333	0.9460333333333333
31	0.03664037382602692	0.9837333333651225	0.94545
32	0.03487211265762647	0.9851166666666666	0.9480000000317892
33	0.03488730220397313	0.9847500000317891	0.9478666666984558
34	0.033542675400773686	0.9858666666666667	0.9484333333651225
35	0.03336668533682823	0.9858000000635783	0.9500000000317892
36	0.03265647896329562	0.9866500000317892	0.9503333333651225
37	0.03170122010409832	0.9858500000635783	0.9519833333969117
38	0.030700962841510773	0.9870166667302449	0.9529833333969117
39	0.030956577245394388	0.9866333333969116	0.9530833333969116
40	0.029699509421736003	0.9875333333333334	0.9542166666666667
41	0.030174759880204995	0.9876166666666667	0.9529833333651225
42	0.028279115827878315	0.9883000000635783	0.9559833333969117
43	0.028500923742850622	0.9878833333651225	0.9550333333333333
44	0.028334460406502088	0.9885	0.9552333333333334
45	0.027436535450816153	0.989216666730245	0.9567333333333333
46	0.026733457654714583	0.9891166666666666	0.9574333333969116
47	0.027037928505738575	0.9886833333969116	0.9576166666666667
48	0.026732796758413314	0.9886666666984558	0.9585333333969116
49	0.02603087713023027	0.989166666730245	0.9587333333333333
50	0.02659434694647789	0.9888833333651225	0.9578166666666666
51	0.02588899043003718	0.989316666730245	0.9588333333969116
52	0.02505391989648342	0.9897666667302449	0.9607666666984558
53	0.024719400292634964	0.9903000000635783	0.9598166667302449
54	0.025013164154688516	0.9899000000635783	0.9601
55	0.023768019653360048	0.9904000000317892	0.9608833333969117
56	0.023892152406771977	0.9906166666984558	0.9606833333333333
57	0.0237212863723437	0.9907166666666667	0.9615333333333334
58	0.02314514980514844	0.9909166666666667	0.9617666667302449
59	0.023375327398379643	0.990366666730245	0.963366666730245
60	0.02341475342611472	0.9909000000635783	0.961416666730245
61	0.022198433103164036	0.9912833333969117	0.9623333333333334
62	0.022639291814963023	0.9907666667302449	0.9638833333333333
63	0.022189071026444435	0.991366666730245	0.9626666666984558
64	0.022335343287388485	0.9913333333333333	0.9625333333651225
65	0.02147196514805158	0.99175	0.9643833333333334
66	0.02138199166158835	0.9914000000635783	0.96425
67	0.021294503192106882	0.9915000000635783	0.9639500000317891
68	0.020961648227771124	0.9918166666666667	0.9653166666984558
69	0.020515228046973547	0.9919333333333333	0.9652666666984558
70	0.02099402215133111	0.9915166666666667	0.9641666666984559
71	0.020284126530090967	0.992366666730245	0.9652166666666666
72	0.019797302201390265	0.9927666666666667	0.9653333333969116
73	0.01972078563173612	0.9925000000317892	0.9658
74	0.01990181092818578	0.9922333333333333	0.966116666730245
75	0.01982279372413953	0.992416666730245	0.9661000000317892
76	0.019239672655328954	0.9928333333333333	0.9667
77	0.019624714412912726	0.9925833333333334	0.9670333333969117
78	0.018853536252677442	0.9928333333333333	0.9674666666984558
79	0.019470562054713567	0.9925500000635783	0.9670166666666666
80	0.01901572255541881	0.9929	0.9677500000317891
81	0.0189300444483757	0.9928833333651225	0.9665666667302449
82	0.019301810971895855	0.9928000000635783	0.9672166666984559
83	0.018583667385578154	0.9929166667302449	0.9679833333651224
84	0.018287337189912795	0.9930166667302449	0.9680500000635783
85	0.018604757043967645	0.9934333333333333	0.9670666666984558
86	0.01855233504275481	0.9934333333333333	0.9678
87	0.017780924944082895	0.9936666666666667	0.968266666730245
88	0.017588619337479273	0.9934333333969116	0.9687000000317891
89	0.01727923047244549	0.9938333333333333	0.9692833333969116
90	0.017222220702966053	0.9938000000635783	0.9694000000635783
91	0.017344509180386863	0.9938833333333333	0.9693166666984558
92	0.01682287612160047	0.9938833333651225	0.9698333333969116
93	0.01757256636619568	0.9937333333969116	0.9682166666984559
94	0.017836000382900237	0.9934833333333334	0.9686833333333333
95	0.016827978869279225	0.994	0.9692166666984559
96	0.017233261464163662	0.9937833333333334	0.969466666730245
97	0.01655727898478508	0.9940833333651224	0.9703666666984558
98	0.017216041685516634	0.9937166666666667	0.9689333333651224
99	0.01708802667458852	0.9940000000317891	0.9691333333333333
100	0.016835858649512134	0.99415	0.9697833333651225
101	0.016405627602338792	0.994166666730245	0.970066666730245
102	0.016921998529632887	0.9941000000635782	0.9685333333651225
103	0.016411539215842885	0.99395	0.9696666666984558
104	0.01672250038832426	0.99435	0.9685833333651225
105	0.01651096681455771	0.994316666730245	0.9686166667302449
106	0.016636732228597004	0.9939666667302449	0.9687000000635783
107	0.016424417056143285	0.9941166666666666	0.9689666666666666
108	0.016874404016137122	0.9941666666666666	0.9681333333333333
109	0.016538494821886223	0.99465	0.9682166666984559
110	0.01692988401254018	0.9946833333969116	0.967016666730245
111	0.016896834223469097	0.9945833333651225	0.9672000000317892
112	0.016240928020576636	0.9946333333333334	0.9685833333333334
113	0.016739074995120368	0.9942833333969117	0.9674666666666667
114	0.016051067850987116	0.9944833333969116	0.9688666666984558
115	0.016331612904866538	0.9946	0.9680333333651224
116	0.016501815592994292	0.9944166666666666	0.9674833333333334
117	0.015992905049522717	0.9947166666666667	0.9687500000635783
118	0.01618864069879055	0.9947000000635783	0.9684333333333334
119	0.016621991151571276	0.9951333333969116	0.966066666730245
120	0.016511666711668174	0.9947666667302449	0.9671833333969116
121	0.01570587577621142	0.99475	0.9687500000317891
122	0.016527633191893498	0.99475	0.9666
123	0.016441224857171376	0.9948833333969116	0.9661833333333333
124	0.01581736939648787	0.995216666730245	0.9669166666984558
125	0.016088666769862175	0.9948666667302449	0.9669833333651224
126	0.015896995775898298	0.9951	0.96675
127	0.015809566541512807	0.9953666666666666	0.9659500000317891
128	0.01571064539750417	0.9952833333969117	0.9669833333333333
129	0.016283200999101004	0.9946	0.9667166666984558
130	0.01621001193622748	0.9947666666666667	0.9670833333969117
131	0.01631762135028839	0.9947666666984558	0.9660333333333333
132	0.016375593982140224	0.9948833333333333	0.9652500000635783
133	0.01571212121248245	0.9952833333969117	0.9665666667302449
134	0.01596704919487238	0.9954666666666667	0.9657333333651225
135	0.01626247915327549	0.99505	0.9663833333651225
136	0.016037277172505856	0.9951833333333333	0.965316666730245
137	0.01608474512298902	0.99515	0.9649333333333333
138	0.01602272337973118	0.99495	0.9659166667302449
139	0.015838315867384274	0.9949833333333333	0.9665166667302449
140	0.015585072739919027	0.99555	0.964916666730245
141	0.016709814970692	0.9948333333333333	0.9645833333651225
142	0.016263873491684597	0.9951833333651224	0.9646000000635783
143	0.016031865362326304	0.9951833333333333	0.9653500000317892
144	0.016109617789586386	0.9954500000635783	0.9650666666666666
145	0.015203527583678563	0.9957833333333334	0.9653500000317892
146	0.016289314913749693	0.9950666666666667	0.9640166666666666
147	0.01601283834328254	0.99535	0.9644166666666667
148	0.01616491005420685	0.9951333333333333	0.9643333333333334
149	0.016299028638998667	0.995366666730245	0.9633833333651225
150	0.01626477738817533	0.9952500000635783	0.9642833333651225
151	0.016278960665067038	0.995216666730245	0.9635333333969116
152	0.016348420385519664	0.9954333333969116	0.9638166666984558
153	0.01611420205682516	0.9954166666666666	0.9631333333969117
154	0.01630428302884102	0.995416666730245	0.9627833333969116
155	0.015959051194787025	0.9956166666666667	0.9633666666666667
156	0.015454517928759256	0.9958333333969116	0.9631666666984559
157	0.015795307083924612	0.9954	0.9637166667302449
158	0.016063176124294597	0.9954833333969116	0.963166666730245
159	0.015797635075449942	0.9953833333333333	0.9635500000635783
160	0.016237541487812996	0.99535	0.9631666666666666
161	0.015614607641597588	0.9958	0.9637500000635782
162	0.01578366496662299	0.9958666666666667	0.9631833333969116
163	0.015811647748947142	0.9956000000635783	0.9629500000317891
164	0.015418116073807081	0.9957666666666667	0.9630833333969117
165	0.01592402632534504	0.9953333333969117	0.9619666666984558
166	0.015860607844591142	0.99555	0.9629166666984558
167	0.015848923991123837	0.9954833333333334	0.9627333333651225
168	0.01627112839023272	0.99555	0.9620000000635783
169	0.016359360706806183	0.9955	0.9614333333651225
170	0.016008351262410483	0.9959333333651225	0.9620333333333333
171	0.0160869082848231	0.9956000000317892	0.9621500000635783
172	0.015883397712310156	0.9957666666666667	0.9619500000317891
173	0.0159041917403539	0.9958666667302449	0.961216666730245
174	0.016039537570873896	0.995716666730245	0.96105
175	0.01545811281502247	0.99595	0.9614833333969116
176	0.01592998549323529	0.99585	0.9618000000317891
177	0.01563847596744696	0.9958	0.9608666666666666
178	0.0157830409531792	0.9956666666666667	0.96095
179	0.01610864163239797	0.9956	0.9618666666984558
180	0.016231476286053658	0.9959333333333333	0.9605000000317891
181	0.016322080012162527	0.9958333333969116	0.9601833333969116
182	0.01580721024572849	0.9957833333333334	0.961016666730245
183	0.016134307907025018	0.9953833333333333	0.9607500000635782
184	0.0161047553713123	0.9958	0.9606000000317891
185	0.015703705135981242	0.9958500000317891	0.9605333333333334
186	0.016068929173549015	0.9959666666666667	0.9601833333651225
187	0.01635538097769022	0.9958166666666667	0.9590166666666666
188	0.015656986733277638	0.9961833333333333	0.9608166667302449
189	0.016317673506339392	0.99575	0.9596
190	0.016041761345167955	0.9959166666666667	0.9600333333651225
191	0.01682724111403028	0.9955333333333334	0.95885
192	0.015888568598031998	0.9957000000635783	0.9597666666666667
193	0.01586348867813746	0.9961000000317891	0.9593833333651225
194	0.016440240370233852	0.9960333333333333	0.9583333333651225
195	0.016049984097480773	0.9959833333333333	0.9582833333651225
196	0.016228311423957347	0.99575	0.9591
197	0.01692435354590416	0.99555	0.9579333333333333
198	0.015953827673693497	0.9958833333333333	0.9592166666984558
199	0.01592167546885709	0.99605	0.9584500000635783
200	0.01654388906757037	0.9959166666666667	0.958366666730245
201	0.016174883526563644	0.9958666666666667	0.9589166666984558
202	0.01638999773859978	0.9960166666666667	0.9586500000635783
203	0.01601964518626531	0.9958000000635783	0.958066666730245
204	0.016580281678338846	0.9955	0.9579
205	0.01626917089621226	0.9957000000635783	0.9583333333969116
206	0.016401094269255796	0.9960166666666667	0.9580833333333333
207	0.016151462576786676	0.9957166666666667	0.9580166666984559
208	0.016178172605236373	0.9957166666666667	0.9577000000635782
209	0.01631209124798576	0.9957666666666667	0.9584833333333334
210	0.016578531010945637	0.9958000000317891	0.9574000000317892
211	0.016224680935343107	0.9958166666666667	0.9577333333333333
212	0.016310245822618405	0.9961833333333333	0.9567166666666667
213	0.016112638635436695	0.9958666667302449	0.9569166666666666
214	0.01636420693397522	0.9960666667302449	0.95695
215	0.016220131498078504	0.9962	0.9566166667302449
216	0.016350503717859587	0.99585	0.9570666666666666
217	0.016530966895818712	0.9962	0.9558000000317891
218	0.01669568050603072	0.9959666666666667	0.9559166666666666
219	0.01659284390062094	0.99605	0.9562666666666667
220	0.016041900507112343	0.9960166666666667	0.95645
221	0.016174139898022015	0.9960166667302449	0.9562500000635783
222	0.016544402217616636	0.9959	0.956066666730245
223	0.01700539500117302	0.9959833333333333	0.9551000000635783
224	0.016467761289079983	0.9959833333333333	0.9561000000635783
225	0.016859695383906366	0.9959833333333333	0.9545166667302449
226	0.01657852538228035	0.99625	0.9546666667302449
227	0.016187790766358377	0.9961166666666667	0.9567166666666667
228	0.016543507812420526	0.9960666667302449	0.9559833333651224
229	0.016352146092057228	0.9960000000635783	0.9553666666666667
230	0.01661264266471068	0.996216666730245	0.9545666666666667
231	0.016693427028258642	0.9959833333969116	0.9553000000317892
232	0.01668798881173134	0.995716666730245	0.9559500000317891
233	0.016634716577331225	0.9959333333333333	0.9550333333651225
234	0.016628017652034758	0.99615	0.9550500000635783
235	0.016832387119779985	0.9960666666666667	0.9536333333969116
236	0.016210273413111768	0.9965333333333334	0.9542333333651225
237	0.016637599396705626	0.9960166666666667	0.954966666730245
238	0.016297123794754346	0.996	0.9538833333651224
239	0.016628739473223686	0.9963666666666666	0.9537666666984558
240	0.017080496721963087	0.9958833333333333	0.9529333333333333
241	0.016368019288778304	0.9961500000635782	0.9537666666984558
242	0.017326183927059174	0.9958833333333333	0.9528666666666666
243	0.016578545456628006	0.9962166666666666	0.954
244	0.016536697018146515	0.9961833333333333	0.9539833333651225
245	0.016693133932352066	0.9963	0.953
246	0.016679521117607753	0.996216666730245	0.9534000000317892
247	0.017291892857352893	0.9961666666666666	0.9528333333651224
248	0.01719843090027571	0.9961	0.9523666666984558
249	0.016588012530406315	0.9963333333969117	0.9534666666984558
250	0.016812262438734373	0.9959833333969116	0.9526166667302449
251	0.0164968472669522	0.9958333333969116	0.9539333333969117
252	0.016682239319880804	0.9962833333969117	0.9532500000635783
253	0.017262685081362725	0.9960833333333333	0.9529333333333333
254	0.01662072257399559	0.9962500000635783	0.9513833333969116
255	0.017140825859705607	0.9960666667302449	0.95145
256	0.01733905785853664	0.996	0.951216666730245
257	0.0169894199748834	0.9960166666666667	0.9517500000635782
258	0.01688574153482914	0.9962500000635783	0.9509833333333333
259	0.01692043984979391	0.9961666666666666	0.9522833333969116
260	0.017130598563949266	0.9961166666666667	0.9518
261	0.016764706534147262	0.9963833333333333	0.9515500000635783
262	0.017306220704689623	0.9961166666666667	0.9500166666666666
263	0.01720492515663306	0.996	0.951366666730245
264	0.017355643930410346	0.9961	0.9512
265	0.016751033956805866	0.9961333333333333	0.9508333333333333
266	0.0174443118562301	0.9960833333333333	0.9504833333969116
267	0.017314684292922416	0.9958666666666667	0.9503333333333334
268	0.017420493497451145	0.9958666667302449	0.9502333333969116
269	0.017511044766008853	0.9959333333333333	0.9500500000635783
270	0.017233295436700186	0.9961166666666667	0.95035
271	0.017059785652160646	0.9964	0.9507333333969116
272	0.017693337524682284	0.9960666666666667	0.9499
273	0.01765149970451991	0.996	0.9494166667302449
274	0.017419357763727505	0.9960333333969116	0.9502000000635783
275	0.017608186760544778	0.9963	0.949166666730245
276	0.01751300666530927	0.9960166666666667	0.9496000000635783
277	0.017738233604033787	0.9958833333651225	0.9488166666666666
278	0.017118400873740513	0.99615	0.950116666730245
279	0.01764156177242597	0.9957333333969116	0.9494000000635783
280	0.017275104425350823	0.9960833333333333	0.9491833333333334
281	0.01746154876053333	0.9958166666666667	0.9500833333651225
282	0.01767377281586329	0.99615	0.9491833333969116
283	0.017525242793560027	0.9961333333333333	0.948816666730245
284	0.017363387461503347	0.9962833333333333	0.9488833333969117
285	0.01775764237443606	0.9960666667302449	0.9485666667302449
286	0.01757358796397845	0.99595	0.9474833333969116
287	0.017764549577236177	0.9959833333969116	0.9483000000317892
288	0.017246305074791114	0.99605	0.9490833333651225
289	0.018213199882706005	0.9960333333969116	0.9475666667302449
290	0.017985422217845916	0.9961666666666666	0.9477000000317891
291	0.017504297016064325	0.9961166667302449	0.9490166666666666
292	0.01725333911180496	0.9959666666984558	0.9478333333333333
293	0.017841771717866262	0.99635	0.9475000000635783
294	0.01752536546587944	0.9961166666984558	0.9486000000635783
295	0.017626756463448207	0.9961333333333333	0.9478833333333333
296	0.017565365263819695	0.9963333333333333	0.9475166666666667
297	0.017694425613681477	0.9960000000635783	0.9481500000635783
298	0.018116744575897854	0.995666666730245	0.9467666666666666
299	0.017995342350006105	0.9960833333969116	0.9476333333969116
300	0.018079873234033584	0.9960166667302449	0.9469666666666666
301	0.01871260684976975	0.9956666666666667	0.9455333333969116
302	0.017770279798656703	0.9963333333333333	0.9466833333333333
303	0.01804661049246788	0.9956666666666667	0.9469333333969117
304	0.018010032444198926	0.9959166666666667	0.9462000000317892
305	0.018293631953994433	0.9958833333969116	0.9451000000317892
306	0.01758506839076678	0.99605	0.9465000000317891
307	0.01822963091135025	0.9960666667302449	0.9462500000317892
308	0.01832085570792357	0.9962	0.9449500000317892
309	0.01880931511123975	0.9957000000635783	0.94525
310	0.018672889316578706	0.99635	0.9443166666666667
311	0.017868464762965837	0.99635	0.9445833333651225
312	0.01833709772626559	0.9961166667302449	0.9453833333969116
313	0.018099823701381683	0.9960666667302449	0.9452833333969116
314	0.018102614665031432	0.99615	0.9452833333333334
315	0.01810660280883312	0.9960333333333333	0.9445666666984558
316	0.018351353232065836	0.9961	0.946016666730245
317	0.018252414228518803	0.9962333333333333	0.9452
318	0.01814294650355975	0.9961666666666666	0.9441333333333334
319	0.017845670089498163	0.9961333333333333	0.9457666666984558
320	0.018488499981164933	0.9956333333651225	0.9445333333969116
321	0.018027563409507275	0.9964833333333334	0.9443500000635783
322	0.018449665104349453	0.9959166666666667	0.9438500000317891
323	0.01814444018403689	0.9962000000317891	0.9455666666666667
324	0.018142894347508747	0.9962666666666666	0.943866666730245
325	0.018564571556448937	0.9960666667302449	0.9436666667302449
326	0.0183853276014328	0.9960833333969116	0.9450000000317892
327	0.018178932695587475	0.9961666666666666	0.9441333333333334
328	0.018558441612124443	0.9961166667302449	0.9431333333333334
329	0.018741949623823168	0.9959000000635783	0.9433333333651225
330	0.018733213807145755	0.9959166666666667	0.9437833333969117
331	0.01802570355484883	0.99625	0.9432
332	0.01850623083114624	0.9962166666666666	0.9438666666666666
333	0.018502173158278068	0.9962166666666666	0.9421333333969116
334	0.018802700171868008	0.9957666666666667	0.9429000000317892
335	0.018157860485712687	0.9961333333333333	0.9440333333651225
336	0.018563383543491362	0.9959666667302449	0.9433666666666667
337	0.01933147556781769	0.9956500000317892	0.9416833333333333
338	0.019228395619491735	0.9956666666666667	0.942966666730245
339	0.01886535238822301	0.9961333333333333	0.941966666730245
340	0.01835823074777921	0.9963333333333333	0.942916666730245
341	0.018437209259470302	0.99595	0.9425166666666667
342	0.01884871700257063	0.99555	0.9425666666984558
343	0.018584632423520087	0.9960666666666667	0.9427166666984558
344	0.018880553383131823	0.99585	0.9417333333969117
345	0.018610522648692132	0.9957833333333334	0.9417000000635782
346	0.01882722817659378	0.9958	0.9420000000635783
347	0.019049190080165864	0.9958833333333333	0.9407833333651224
348	0.018934334191679954	0.9958166666666667	0.9418000000635783
349	0.01869297631382942	0.9959166667302449	0.941966666730245
350	0.018843325179815292	0.9962166666666666	0.9407833333651224
351	0.019012819713354112	0.9960166667302449	0.9402500000317892
352	0.01902393692632516	0.99565	0.9414333333651225
353	0.019189426907896996	0.9961	0.94015
354	0.019090224147836368	0.99635	0.9404333333333333
355	0.0189882048924764	0.9966	0.9404333333651225
356	0.019107153646151225	0.99585	0.9404166666984558
357	0.019213857025901476	0.9958333333333333	0.9407333333333333
358	0.018944797553618747	0.9958000000635783	0.9410166666666666
359	0.018971304861704508	0.9957333333969116	0.9408500000635783
360	0.01956686260799567	0.9958	0.9398833333969117
361	0.019161883816123007	0.9958333333333333	0.9397500000635783
362	0.01913842206597328	0.99615	0.9395166667302449
363	0.01917113573650519	0.9960166666666667	0.9391333333651225
364	0.019345155969262125	0.9956	0.9398
365	0.0189890501588583	0.99605	0.94035
366	0.019556030164162318	0.9959833333969116	0.9394333333969116
367	0.019549370633562407	0.9958833333333333	0.9389833333969116
368	0.018533571947117647	0.9959333333333333	0.9407833333333333
369	0.01901551805237929	0.9958833333969116	0.9406
370	0.019360498252511023	0.9958166666666667	0.9395333333651225
371	0.019596687899033228	0.9958166666666667	0.9380500000317892
372	0.019050155823429425	0.9961	0.939166666730245
373	0.01875785347322623	0.996166666730245	0.9399500000317892
374	0.019590116911133132	0.9958333333969116	0.9385666667302449
375	0.019319956973195076	0.9960333333333333	0.9386666666666666
376	0.019568224104245503	0.9961833333969117	0.9377666666984558
377	0.01929418956289689	0.9959	0.9383
378	0.019559854263067247	0.9955833333969116	0.938066666730245
379	0.019816335466504097	0.9958166667302449	0.9374000000317891
380	0.01945462263127168	0.9959333333969116	0.9387
381	0.019274849041303	0.9958833333651225	0.9378833333969117
382	0.019416184904177982	0.9958833333333333	0.9374333333969116
383	0.01959651628335317	0.9956666666666667	0.9375833333969116
384	0.019490360229710738	0.9961333333333333	0.9383333333651225
385	0.01903654801150163	0.9961166667302449	0.9384166667302449
386	0.01894948789278666	0.9961833333333333	0.939
387	0.01971779100894928	0.9959833333333333	0.9370500000317892
388	0.01922820995847384	0.9959666667302449	0.9375500000635782
389	0.020069251082340877	0.9961	0.93565
390	0.019520713475346566	0.9958000000635783	0.9377166666984558
391	0.01980722276965777	0.99605	0.9365333333333333
392	0.01944734625617663	0.9958166666666667	0.9374333333969116
393	0.019577560811738174	0.9956166666666667	0.9370333333333334
394	0.01989641026655833	0.9961166666666667	0.9365
395	0.01966682129204273	0.9960833333333333	0.9360833333651225
396	0.01938186859289805	0.9959333333651225	0.9371833333969116
397	0.02000636094113191	0.9958166666666667	0.935166666730245
398	0.01981434346921742	0.9959833333333333	0.9363000000317891
399	0.01963361178835233	0.9961500000317891	0.9366333333651224
400	0.020024668191870054	0.9958	0.935766666730245
401	0.020175962130228677	0.9957166666984558	0.9351166666666667
402	0.019978740083177883	0.99595	0.9359333333333333
403	0.01958338656226794	0.9959166666666667	0.9358666666666666
404	0.02018198712269465	0.9957333333651225	0.9348166666666666
405	0.019880191693703333	0.9957166666666667	0.9352666667302449
406	0.02032904479900996	0.9956	0.9343833333333333
407	0.02037763807674249	0.9955166666666667	0.9342833333333334
408	0.019711557391285897	0.9959666666666667	0.9355333333333333
409	0.019970784984032312	0.9959833333969116	0.9349833333333334
410	0.02008164154489835	0.99605	0.9343
411	0.020478097632403176	0.9957166666666667	0.9338166666666666
412	0.01907359388768673	0.9960333333333333	0.9361333333969116
413	0.019727213803927102	0.996	0.934066666730245
414	0.019928905030091603	0.9959333333969116	0.9341
415	0.020053086906671524	0.9961166666666667	0.93625
416	0.019827482117215793	0.9957833333969116	0.9351833333969116
417	0.020274526846408843	0.9956166666666667	0.9327
418	0.02006670393546422	0.9956833333333334	0.9347333333969117
419	0.02059711225628853	0.9960500000635782	0.9335000000317891
420	0.019739344967405002	0.99595	0.9342833333969116
421	0.019890863318244616	0.9957833333969116	0.9344166667302449
422	0.019653109335899352	0.9958333333969116	0.9345833333651224
423	0.019836039559046427	0.9959166666984558	0.9360333333333334
424	0.02013274484972159	0.9959166666666667	0.9337000000635783
425	0.02003740964134534	0.9961500000635782	0.93355
426	0.020275671497980752	0.9959666666666667	0.9346166666984558
427	0.020529791551828384	0.995716666730245	0.9340333333333334
428	0.01968886610865593	0.9958833333333333	0.9345833333333333
429	0.02018305259346962	0.9958833333333333	0.9333166666984558
430	0.020346579641103743	0.9957333333969116	0.9330500000317892
431	0.020142328544457754	0.9959666666666667	0.9338833333333333
432	0.020633532066146532	0.9958166666666667	0.93245
433	0.020446955171227455	0.9955166666666667	0.9337500000635783
434	0.020449614674846333	0.996	0.9330833333969116
435	0.020380272156000138	0.9953	0.932866666730245
436	0.020364722795287768	0.99595	0.9323166667302449
437	0.020293401448925337	0.9959166666666667	0.9314666667302449
438	0.019961500218510626	0.99595	0.9342333333969116
439	0.0202749953314662	0.9960333333333333	0.9329833333969116
440	0.020458505139748256	0.9959166666666667	0.9319
441	0.02083267806271712	0.99585	0.9312166666666667
442	0.020044882400830587	0.9960333333333333	0.9314000000635783
443	0.020185640280445418	0.9959500000635783	0.9332000000317892
444	0.02059645412961642	0.99585	0.9315833333333333
445	0.020662745879093804	0.9955000000635783	0.93195
446	0.020613918335239092	0.9958166666666667	0.9323833333969116
447	0.020302513092259566	0.9958	0.9321166666666667
448	0.02035516196389993	0.9956666666984558	0.9327500000635783
449	0.020776132507125535	0.9957666666666667	0.9309666666666667
450	0.020850395953655242	0.9959	0.9304500000635783
451	0.020670362553993862	0.995316666730245	0.9322833333651225
452	0.02113525724709034	0.9953000000635783	0.93015
453	0.020512839513023694	0.9955833333333334	0.9317500000317891
454	0.0206238923723499	0.99555	0.9314166666984558
455	0.020056307581067086	0.99595	0.9317833333969117
456	0.020082046165068944	0.9959666666666667	0.9310833333651225
457	0.02054546523094177	0.9960666666666667	0.9302666666666667
458	0.020763079289595286	0.9957	0.9321833333651225
459	0.02100426265994708	0.9954	0.9307500000635783
460	0.020499614741901557	0.9958	0.9308500000317892
461	0.020786346746484437	0.9956166666666667	0.9303833333333333
462	0.020911412860949833	0.9959333333333333	0.9297500000635783
463	0.02031310184399287	0.9961166667302449	0.9305333333969116
464	0.021064116209745406	0.9957833333969116	0.9296000000635782
465	0.02070868246157964	0.99585	0.9294833333333333
466	0.02048413192629814	0.9957000000635783	0.9300666666666667
467	0.020847553378343583	0.9959833333333333	0.9294500000317891
468	0.020380017761389414	0.996	0.9306333333969116
469	0.020898290274540585	0.9958166667302449	0.9284333333333333
470	0.02094174734155337	0.9957833333969116	0.93065
471	0.020066649457812308	0.9962666666666666	0.9301833333651225
472	0.020741405832767488	0.99575	0.9303666666666667
473	0.02082244621415933	0.9958333333333333	0.9294000000317891
474	0.020883696415026982	0.99575	0.9298666666984559
475	0.02072717716395855	0.995516666730245	0.9305833333333333
476	0.020900325407087802	0.9954166666666666	0.9299333333651225
477	0.02101184304555257	0.9957833333969116	0.9293333333333333
478	0.020594250603516898	0.9956833333333334	0.9301833333651225
479	0.02068600459297498	0.9959333333333333	0.9296166667302449
480	0.020801391153534254	0.9957333333333334	0.9293833333969116
481	0.0205477076848348	0.9955166666666667	0.9296666666984558
482	0.02071173071662585	0.9957333333333334	0.9292166666984558
483	0.02058915654917558	0.9957833333333334	0.9287500000317891
484	0.021010933301846186	0.9958166666666667	0.92785
485	0.02068362657825152	0.9959333333333333	0.9270666666666667
486	0.020946354752779006	0.9959500000635783	0.9274833333333333
487	0.02123064271112283	0.9956166666666667	0.9292333333333334
488	0.021539452785253526	0.9955000000635783	0.927916666730245
489	0.01996200013955434	0.9961333333969116	0.9287
490	0.020813429389397304	0.9956833333333334	0.9288500000317892
491	0.021539047046502433	0.9955666666666667	0.927166666730245
492	0.020907814508676528	0.9957333333333334	0.9290666666984558
493	0.02076414889196555	0.9957666666666667	0.9290666666666667
494	0.020817173260450364	0.9957333333969116	0.9289500000635783
495	0.02111800512125095	0.9958833333333333	0.9282833333969116
496	0.02107170218626658	0.9959666666666667	0.9280666666984558
497	0.020341539918382962	0.9958833333969116	0.9283166666984558
498	0.021126365129152933	0.99575	0.9268666666666666
499	0.020895810104409853	0.9956833333333334	0.92805
500	0.020448358416557313	0.9959000000635783	0.9289166666984559
501	0.021240771035353344	0.9957500000635783	0.9265833333333333
502	0.021125952899456023	0.9959500000635783	0.9268833333333333
503	0.020743096681435903	0.9958833333333333	0.9279000000635783
504	0.020677355377872787	0.9958	0.92895
505	0.021283727154135703	0.9954666666666667	0.9274166667302449
506	0.021189567179977893	0.9958333333333333	0.9271333333333334
507	0.021397543161114058	0.9956833333333334	0.9267333333651224
508	0.02075439175168673	0.9957666667302449	0.9276333333969117
509	0.020980867113669713	0.9958	0.9275333333651224
510	0.02131557648976644	0.9956333333969116	0.9262833333651225
511	0.0208016835719347	0.9955833333969116	0.9271333333969116
512	0.021173570253451665	0.9959666667302449	0.9264166666666667
513	0.020606556357940037	0.996	0.9281833333333334
514	0.020811705881357192	0.9958166666984558	0.9258500000635783
515	0.020841652500629426	0.9959833333333333	0.926966666730245
516	0.021069829448064167	0.9957000000317892	0.9262166666666667
517	0.02097979212005933	0.9959	0.9263500000635783
518	0.02129808358748754	0.9956166666666667	0.9263333333969116
519	0.021026179322600366	0.9959666666666667	0.9253500000317891
520	0.02059801028271516	0.99595	0.9274500000317891
521	0.02120048243800799	0.9958666666666667	0.9253000000635783
522	0.02139745885580778	0.9956333333333334	0.9254666666984558
523	0.02108326314886411	0.99575	0.9258500000317892
524	0.020873817899823188	0.9960833333333333	0.9269333333969116
525	0.02053641750017802	0.9959666666984558	0.9262500000635783
526	0.02098780587116877	0.9959	0.9277500000635783
527	0.02134177251458168	0.996	0.9255833333969116
528	0.020946205300092696	0.9960166666666667	0.9248000000635783
529	0.02099558852960666	0.9958166666666667	0.9258333333333333
530	0.020490096261103947	0.9957666666666667	0.9268833333333333
531	0.021232421960433324	0.9956333333333334	0.9256833333651224
532	0.020935027686754863	0.9961666666984558	0.9257166666666666
533	0.02138091883758704	0.9959333333333333	0.9248833333651225
534	0.021106562612454097	0.9955833333333334	0.9263666667302449
535	0.021290637357036273	0.9956333333333334	0.92545
536	0.021265864777565	0.9957	0.9249
537	0.021148709505796434	0.9955	0.9265333333969116
538	0.020817982165018716	0.9957666666666667	0.9250166666984558
539	0.0214136784200867	0.9956833333333334	0.9253166666666667
540	0.021393739209572476	0.9957000000317892	0.9249833333333334
541	0.021011732010046642	0.9956833333333334	0.9248833333333333
542	0.021687078527609507	0.9955333333969116	0.9248166666666666
543	0.021035047248005867	0.9958666666666667	0.9249000000635783
544	0.02124595183531443	0.9956166666666667	0.9255833333651224
545	0.021333469812572003	0.9956	0.92475
546	0.02153661338041226	0.9957333333333334	0.924866666730245
547	0.0210178626259168	0.9959333333333333	0.9244
548	0.021311905775467554	0.9958666666666667	0.9248500000635783
549	0.02084368375639121	0.9962166666666666	0.9247833333651225
550	0.021185557375351587	0.99575	0.9235833333333333
551	0.02069965085585912	0.9959166667302449	0.92605
552	0.021097376976410547	0.9957833333333334	0.9243666666666667
553	0.020615258250633876	0.9957833333333334	0.9252666667302449
554	0.02096930642426014	0.9956833333969116	0.9249833333333334
555	0.02108402009010315	0.9957333333333334	0.92385
556	0.021315999686717987	0.99575	0.9251333333333334
557	0.02115749000708262	0.9960333333969116	0.9254833333333333
558	0.02100071591337522	0.995666666730245	0.9240000000317892
559	0.021095200660824775	0.9959666667302449	0.9243166667302449
560	0.02059286670088768	0.99635	0.9246333333333333
561	0.020855460660656293	0.9957833333333334	0.9238500000317892
562	0.020726846340298654	0.9959166666666667	0.9243000000635783
563	0.020868354274829228	0.9956333333333334	0.9254500000635782
564	0.02091815342704455	0.99615	0.9240500000635783
565	0.02111933062672615	0.9957833333333334	0.9246666666984558
566	0.021206637334823607	0.9959333333969116	0.9229000000317892
567	0.02078827223877112	0.9960833333333333	0.9240000000635783
568	0.020729590075214705	0.996	0.9236000000317891
569	0.021518915728727977	0.9961166667302449	0.9222333333651225
570	0.02113987485766411	0.9958833333333333	0.9247833333333333
571	0.021091948960224788	0.99575	0.924716666730245
572	0.021067263183991113	0.9958333333969116	0.9244500000635782
573	0.021003742451469104	0.99585	0.9235500000317891
574	0.020445493110020956	0.9963333333969117	0.9238833333969116
575	0.020805605015158653	0.9962833333333333	0.9243833333969116
576	0.021254500740766524	0.9959000000635783	0.9245666666666666
577	0.020878761357069016	0.9959	0.9230000000635783
578	0.021352587885657946	0.9958	0.9221333333969116
579	0.021066538127263387	0.9958333333333333	0.9224666667302449
580	0.020978754738966623	0.9959166666666667	0.92255
581	0.021199114217360815	0.9959500000317891	0.9244833333333333
582	0.02075210904876391	0.996366666730245	0.9228000000317892
583	0.02133256065050761	0.9955833333651225	0.9235333333651224
584	0.020958768303195634	0.9958833333969116	0.9239166666984558
585	0.021232774170239766	0.99565	0.9244500000635782
586	0.021123889480034512	0.9959000000317891	0.92225
587	0.021141632042328516	0.996	0.9234166667302449
588	0.021440967746575675	0.995666666730245	0.9226333333333333
589	0.02133003997604052	0.9958166666666667	0.9222333333969116
590	0.020963510169585545	0.9959166667302449	0.9227833333651225
591	0.021121244432528812	0.9956000000635783	0.9240500000635783
592	0.021796740436553955	0.99575	0.9220333333333334
593	0.02120178435444832	0.99605	0.9225500000635782
594	0.021152591282625994	0.99585	0.9215833333651224
595	0.0212589946269989	0.99605	0.92265
596	0.02107874049047629	0.9956166666666667	0.9214833333651224
597	0.021398309497038522	0.9959166667302449	0.9217666666666666
598	0.02113561201294263	0.9959333333333333	0.9239333333651225
599	0.021367307029167813	0.9958666666666667	0.9228666666984559
600	0.021029831512769062	0.99575	0.9231833333333334
601	0.021020523744821547	0.9960833333969116	0.9223
602	0.020984218402703602	0.9958833333333333	0.9238666666666666
603	0.02081286921997865	0.99575	0.9229
604	0.02162558679978053	0.9955	0.9227333333969117
605	0.022018651847044626	0.9953833333333333	0.9225833333651224
606	0.021584223252534868	0.9959333333969116	0.9212333333333333
607	0.021480503033598265	0.9957333333333334	0.9222833333651225
608	0.021474209318558375	0.9960833333969116	0.9211833333651225
609	0.022269778178135555	0.995416666730245	0.9204166666666667
610	0.02118271041015784	0.9956666666666667	0.9223500000317891
611	0.021531282419959705	0.9959666667302449	0.9216500000635783
612	0.021312434789538384	0.9958666666666667	0.9211500000635783
613	0.02115461739699046	0.9957666666666667	0.9223666667302449
614	0.021236619263887407	0.9957500000635783	0.9218833333333334
615	0.021198221020897228	0.9960833333333333	0.9215166667302449
616	0.021608638923366865	0.9957666666666667	0.9204166667302449
617	0.02169941628376643	0.9958	0.9211000000317892
618	0.021112620999912422	0.9959833333333333	0.9218
619	0.021037361442049346	0.9959333333333333	0.922
620	0.021183531095584233	0.9955833333333334	0.921916666730245
621	0.02141884342531363	0.99615	0.9210000000317892
622	0.021409069101015726	0.9958	0.9217
623	0.020988062059879305	0.9959666667302449	0.9223666666984558
624	0.0213286536415418	0.99595	0.9216333333333333
625	0.02147510681549708	0.9956166666666667	0.9205333333969116
626	0.02103438188036283	0.9960166666666667	0.9217333333333333
627	0.021649658397833508	0.9958833333969116	0.9192666667302449
628	0.021349374814828237	0.9959333333969116	0.9225
629	0.021315885068972907	0.9958833333969116	0.9211833333333334
630	0.021430999073386192	0.995716666730245	0.921866666730245
631	0.02091424149448673	0.9959	0.92235
632	0.021863778041799863	0.9956833333969116	0.92015
633	0.021425453503926595	0.9959000000635783	0.9206500000635783
634	0.021340042621890702	0.9959833333333333	0.9204166667302449
635	0.021659141571323075	0.9960666666666667	0.9197666666984559
636	0.02133469529847304	0.9957333333333334	0.9209833333969116
637	0.02167898606657982	0.995416666730245	0.9213333333333333
638	0.022151655997832618	0.9952500000635783	0.9212333333651225
639	0.02098843828837077	0.9958833333333333	0.9215666666984558
640	0.021353718172510465	0.9960166667302449	0.9197333333651225
641	0.021661629698673884	0.9958833333333333	0.9200666666666667
642	0.021460905049244562	0.9958166666666667	0.9205666666666666
643	0.021066226838032404	0.9959166667302449	0.9200166666984558
644	0.021300638900200525	0.9959000000317891	0.9200500000317892
645	0.021089760197202365	0.9960666666666667	0.9196333333651224
646	0.02173455106417338	0.9958166666666667	0.9197500000635783
647	0.02126487041513125	0.99585	0.9206333333333333
648	0.021720154480139413	0.9960833333333333	0.9200333333333334
649	0.02102291814784209	0.9960666666666667	0.9202166666984558
650	0.021372304554780324	0.9958833333969116	0.9195500000317891
651	0.02141475248634815	0.99575	0.9205166667302449
652	0.02100157611767451	0.9960333333969116	0.9207666666666666
653	0.021563882054885228	0.9960833333969116	0.9191666666984558
654	0.021525102166334787	0.9957166666666667	0.9201166666666667
655	0.021297194627920787	0.9956333333333334	0.9194333333651225
656	0.02172302701274554	0.9957	0.91995
657	0.02138998457590739	0.9951833333333333	0.9209500000317892
658	0.021392855338255565	0.9958833333333333	0.9191333333651225
659	0.022351721970240275	0.9959	0.9187
660	0.021262730654577414	0.9957666666666667	0.9194333333969116
661	0.02161009554664294	0.9957333333969116	0.9189833333969116
662	0.021710154118140538	0.9960333333333333	0.9182000000635783
663	0.021368996993700665	0.9957166666666667	0.9203666666984558
664	0.02201473899781704	0.9956000000635783	0.9184166667302449
665	0.02169108367661635	0.9961666666666666	0.9179500000317892
666	0.022068241089582444	0.9955666666666667	0.9188333333969116
667	0.021452820724248887	0.9963166666666666	0.9186000000317891
668	0.021361760423580806	0.9958	0.9193333333651225
669	0.02129056247472763	0.9957333333969116	0.9191166666666667
670	0.021371446818113326	0.9959000000635783	0.9214833333969116
671	0.021540624582767485	0.9957666667302449	0.91885
672	0.02152103392481804	0.9957	0.9176500000635783
673	0.02149289793173472	0.9959333333969116	0.9193833333651225
674	0.021259919934471447	0.9959333333333333	0.9184833333651224
675	0.02173724791109562	0.9959666666666667	0.9194666666984558
676	0.02089681601524353	0.9962	0.9187666666984559
677	0.021240403966108958	0.9960500000635782	0.9193666666666667
678	0.021186483377714952	0.9958166666666667	0.919716666730245
679	0.021202173191557327	0.99605	0.9195000000635782
680	0.02183102106253306	0.995616666730245	0.9189500000635783
681	0.021530771325031915	0.9962333333333333	0.9188666666666667
682	0.021194736796617507	0.9964333333969116	0.9187166666666666
683	0.020987898045778275	0.9960666667302449	0.9186333333969117
684	0.021598625190059343	0.9958166666666667	0.9181333333333334
685	0.020961128887534142	0.9964	0.9200833333333334
686	0.02155424716571967	0.9957666666666667	0.9176333333333333
687	0.02119595375061035	0.9961	0.9195666666984558
688	0.02151623162329197	0.9957333333969116	0.9184333333651225
689	0.022067103438576062	0.9951833333333333	0.9178833333333334
690	0.02118156134982904	0.9956833333333334	0.9186500000635783
691	0.021828647062182426	0.9957333333333334	0.9184833333969116
692	0.021359267753362655	0.9958833333333333	0.9183166666984558
693	0.021382193775971732	0.996	0.91825
694	0.021319908944765726	0.9958	0.9197
695	0.02122048340936502	0.9961833333333333	0.9189166666666667
696	0.021212816687424977	0.9960666666666667	0.9178166666984559
697	0.02115368496477604	0.99605	0.9185666666984558
698	0.02189282624622186	0.9960166666666667	0.9169166666666667
699	0.021641003038485845	0.9961	0.9176666666666666
700	0.021761730442444484	0.9956833333333334	0.91825
701	0.021963798773288728	0.9955333333333334	0.9169666666984558
702	0.021586494634548824	0.9959	0.9189166666984558
703	0.02173260997136434	0.9957666666984558	0.9158166666666666
704	0.0213426717693607	0.9961	0.9188000000635783
705	0.021289146056771277	0.9959333333969116	0.9173333333969116
706	0.021214552009105683	0.9963333333333333	0.9182500000317891
707	0.021958348943293095	0.9956833333333334	0.917566666730245
708	0.021077320969104765	0.99605	0.9192500000317891
709	0.021458023087183635	0.9959333333333333	0.918066666730245
710	0.021035632624228796	0.9960000000635783	0.9183166666666667
711	0.021660647906859717	0.9955000000635783	0.9184666666984558
712	0.021811749545733134	0.9958833333651225	0.9166
713	0.021961421413222947	0.9956833333333334	0.9166833333651225
714	0.02211742546459039	0.9958666666666667	0.9174000000635782
715	0.021968143183986346	0.9963000000635783	0.9165166666984558
716	0.021235508672396344	0.9959333333651225	0.9179166666666667
717	0.02163878180483977	0.9962833333333333	0.9180166666984558
718	0.021593067172169685	0.9956833333333334	0.9165666666984558
719	0.0210348573833704	0.9960333333333333	0.9184833333651224
720	0.02139754565556844	0.9958000000635783	0.9186000000317891
721	0.021815019616484643	0.9961500000635782	0.9163666666984558
722	0.021248199834426246	0.996	0.917716666730245
723	0.021521102346976597	0.9959833333969116	0.9174333333333333
724	0.021414203585187593	0.9959000000635783	0.9166666666984558
725	0.021053397356470428	0.9961333333969116	0.9183333333333333
726	0.02162578862309456	0.9957666667302449	0.9182
727	0.022131711317102114	0.9956166666666667	0.916566666730245
728	0.021635161165396374	0.9956666666984558	0.9162333333333333
729	0.021303651890158655	0.9960833333333333	0.9166000000635783
730	0.02133358215590318	0.9961666666666666	0.9168500000635783
731	0.02138181948661804	0.9959166666666667	0.9175
732	0.022113942356904347	0.99585	0.9158500000317892
733	0.02239048794110616	0.9948833333651225	0.9168166666984559
734	0.022100501231352487	0.9959	0.9165000000635782
735	0.021956277793645857	0.9956833333333334	0.9161333333651225
736	0.0221800186107556	0.99605	0.9153833333333333
737	0.021556646843751272	0.9959666666666667	0.9168500000317892
738	0.021494480633735658	0.99555	0.9166333333651224
739	0.021913380179802575	0.9956166666666667	0.9175333333333333
740	0.02185017405450344	0.9961166666666667	0.9143000000635783
741	0.0218460669418176	0.995716666730245	0.9158500000317892
742	0.021380883955955506	0.9960500000317891	0.9163000000317891
743	0.022093318384885787	0.9958333333333333	0.91595
744	0.022081370255351066	0.9958000000635783	0.9159666666984558
745	0.021772082227965197	0.9959666666666667	0.9156666666984558
746	0.021299821532766026	0.9961166666666667	0.9162166666984558
747	0.022076318476597467	0.9959833333333333	0.915016666730245
748	0.02171956391731898	0.9957833333333334	0.9166333333969117
749	0.022165639927983285	0.9956333333333334	0.9152000000317891
750	0.02181119022568067	0.99615	0.916066666730245
751	0.021520627531409264	0.9961166666666667	0.9163500000317891
752	0.021694845641652742	0.9962333333333333	0.9160000000317892
753	0.021853214768568673	0.9963333333333333	0.9149000000317892
754	0.02150291881064574	0.9960833333333333	0.9172500000635783
755	0.021991649716099102	0.9959666666666667	0.9144333333651224
756	0.02187132889032364	0.9962666666666666	0.9150333333333334
757	0.02198484446009	0.996166666730245	0.9148000000635783
758	0.02125783695578575	0.9959	0.9159833333651225
759	0.021644894695281983	0.9959000000317891	0.9150833333651225
760	0.02157691529591878	0.99595	0.9157666666666666
761	0.021884594867626825	0.9956666666666667	0.91675
762	0.022265639939904214	0.9959833333333333	0.9138000000635783
763	0.021799897770086923	0.9961166666666667	0.9162666666984558
764	0.021276851111650466	0.9960333333333333	0.9160833333333334
765	0.021893257251381873	0.9958	0.9148333333333334
766	0.0215924813747406	0.9958333333969116	0.9162333333969116
767	0.021879066440463064	0.9958333333969116	0.9153666666666667
768	0.021720602567990622	0.9957333333333334	0.91635
769	0.022164389050006866	0.9955333333969116	0.9151500000317891
770	0.021902316057682038	0.9959166667302449	0.9144000000317891
771	0.0220036539097627	0.9961666666984558	0.9146000000317891
772	0.0225909389257431	0.9954	0.9138666666666667
773	0.02160197680791219	0.99605	0.9161166667302449
774	0.022101524265607197	0.9954666666666667	0.9153833333969116
775	0.022051300605138144	0.9956833333333334	0.9153333333651225
776	0.021941445513566336	0.9962833333651224	0.9137500000317892
777	0.022226561167836188	0.9958500000635783	0.9143666666666667
778	0.021892213839292525	0.9958	0.915666666730245
779	0.022494770242770513	0.9958500000635783	0.9152166666666667
780	0.022537983618179956	0.9956500000317892	0.9148166666666666
781	0.022042611532409984	0.9958333333969116	0.9148333333969116
782	0.022501871109008788	0.9958000000635783	0.9144833333651224
783	0.0220595588495334	0.9961333333969116	0.916066666730245
784	0.022108685996135077	0.9959166666666667	0.9150000000317892
785	0.022241372778018315	0.9958166666984558	0.9149666666666667
786	0.022260998636484147	0.9955333333333334	0.9138333333333334
787	0.021785608259836834	0.9959666666666667	0.9148333333969116
788	0.022483042625586192	0.9954500000635783	0.91475
789	0.021684393147627514	0.9960500000635782	0.9146333333651224
790	0.02264029286603133	0.9956000000317892	0.9141166667302449
791	0.021954862814148268	0.9960333333333333	0.9134666666666666
792	0.02183907210032145	0.9960833333333333	0.9152833333969116
793	0.02236011991202831	0.9960666667302449	0.9141000000317892
794	0.02186256217956543	0.9959833333333333	0.9150833333651225
795	0.022239518615603446	0.9959666666666667	0.9153000000635783
796	0.02140337436000506	0.9962166666984558	0.9172833333651225
797	0.022545243139068284	0.9958666666666667	0.9126500000635783
798	0.02188986679116885	0.9957833333333334	0.9143166666984558
799	0.022029197669029235	0.9961333333333333	0.9137333333651225
800	0.022092021467288336	0.9959166666666667	0.9158666666984558
801	0.022142898390690485	0.9957166666666667	0.9135000000317891
802	0.02188673815826575	0.9959666666666667	0.9144166666666667
803	0.022369247134526572	0.9958166667302449	0.9134666666666666
804	0.022332901836435	0.9957833333333334	0.9132
805	0.02165369166135788	0.9961000000635782	0.9151
806	0.022238574985663097	0.9960333333969116	0.9137500000635783
807	0.02197056465347608	0.99595	0.914066666730245
808	0.022268655879298847	0.9960833333333333	0.9131166666984558
809	0.0217258749127388	0.99605	0.9140333333333334
810	0.022060974591970445	0.996	0.912616666730245
811	0.021758091153701146	0.9960000000317891	0.9133500000635782
812	0.02207923313975334	0.9957	0.9141666666984558
813	0.022437981237967808	0.9960666666666667	0.9132000000635783
814	0.02242229681909084	0.9957833333969116	0.91375
815	0.022389545177419982	0.9959166667302449	0.9133166667302449
816	0.022098510974645616	0.9958000000317891	0.9141
817	0.021490428300698597	0.9961333333333333	0.9154000000635782
818	0.022533457812666892	0.9958833333333333	0.9128833333651225
819	0.022081837813059488	0.9958166666666667	0.9147333333333333
820	0.02190386156042417	0.9962166666666666	0.9144500000317891
821	0.022437649244070053	0.9957333333333334	0.9134666667302449
822	0.02250033496816953	0.9956666666984558	0.9125666666984558
823	0.021980413762728374	0.9960666666666667	0.9135833333333333
824	0.022412422388792038	0.9957833333333334	0.9116333333651224
825	0.02222378518084685	0.9956	0.9151
826	0.02236275916695595	0.9959833333333333	0.9127000000635783
827	0.022577658083041508	0.9959	0.9124500000317891
828	0.02202582008441289	0.9960666667302449	0.9135500000635783
829	0.022471294619639714	0.9956333333969116	0.9133333333333333
830	0.02248047989010811	0.9958666666666667	0.9134166667302449
831	0.022291053195794424	0.9959333333333333	0.911
832	0.022168372456232707	0.9960166667302449	0.9126500000317892
833	0.022802289402484893	0.9957666666666667	0.9119833333651225
834	0.02283581066230933	0.9956833333333334	0.9124333333969116
835	0.021919107912977537	0.9960666666666667	0.9144666667302449
836	0.0221174366692702	0.9959666666666667	0.9126
837	0.02205858443379402	0.9959833333333333	0.9133333333651225
838	0.022471337483326595	0.9958666666666667	0.9125333333651224
839	0.022560022095839183	0.9961666666666666	0.9118166666984558
840	0.022441397593418757	0.9959333333333333	0.9126833333333333
841	0.022438411647081376	0.9959	0.9114
842	0.022181987275679906	0.9958166667302449	0.9120000000635783
843	0.022119085974494617	0.99585	0.9130833333333334
844	0.022605091579755147	0.9960666667302449	0.9113166667302449
845	0.02181693801333507	0.9961666666666666	0.9136333333969117
846	0.022325513198971747	0.9961000000635782	0.9119166666984558
847	0.022986707757910094	0.9957833333333334	0.9113666667302449
848	0.022755808732906977	0.99605	0.910916666730245
849	0.022657901713252066	0.9958833333333333	0.9124833333333333
850	0.02231401738325755	0.9957833333969116	0.9120500000635783
851	0.0223109764551123	0.9960666666666667	0.9118666666666667
852	0.022498717013994852	0.9960166666666667	0.9114833333651224
853	0.022564231328169506	0.9958666667302449	0.9120500000635783
854	0.022394746762514114	0.9957833333333334	0.9132833333651225
855	0.022262042317787806	0.9960000000635783	0.9115333333969117
856	0.02248950779636701	0.9959000000317891	0.9121166667302449
857	0.022439047739903132	0.9959500000635783	0.911816666730245
858	0.02239386667807897	0.9959666666666667	0.91175
859	0.02225810784101486	0.99625	0.9109333333651225
860	0.022386367402474086	0.9959	0.9124500000317891
861	0.0224700772245725	0.9959500000635783	0.9126166666666666
862	0.022515096326669058	0.9959666667302449	0.9109000000317892
863	0.022656158490975697	0.9957500000635783	0.9117833333969116
864	0.0223521326482296	0.9960166667302449	0.9128333333969116
865	0.02227203739186128	0.9957333333333334	0.9125500000635783
866	0.02236261582970619	0.9960166666666667	0.9126666666984559
867	0.022563039004802703	0.9955833333333334	0.9121000000635783
868	0.022595536694924038	0.9956000000635783	0.9115000000317891
869	0.022091205328702925	0.9959666666666667	0.9134666666984558
870	0.022314003447691598	0.9961333333333333	0.9101833333651225
871	0.022542504599690438	0.9959666667302449	0.911666666730245
872	0.02218457783261935	0.9959333333333333	0.9123166667302449
873	0.022878531062602996	0.9960000000635783	0.90985
874	0.022663048191865286	0.99555	0.9100333333969116
875	0.022467454117536544	0.9960500000317891	0.91165
876	0.022712876212596895	0.9958500000317891	0.9105333333333333
877	0.021984236379464468	0.9960666666666667	0.9121833333651225
878	0.022290728350480397	0.9959000000635783	0.9123666666666667
879	0.02286679027279218	0.9959833333969116	0.9107000000317892
880	0.02238037495513757	0.9961000000635782	0.9116166666666666
881	0.0223432182431221	0.9960666667302449	0.9110333333969116
882	0.02277954785823822	0.99575	0.9111500000317891
883	0.022503479301929474	0.9962666666666666	0.9103166667302449
884	0.022350943261384964	0.9958	0.9120500000317892
885	0.022893275368213655	0.9956333333333334	0.9120166666984558
886	0.02235585752526919	0.9959833333333333	0.9111833333969116
887	0.02294575499097506	0.9958666666666667	0.9107333333969116
888	0.023110934446255366	0.9957666666666667	0.9108666666984558
889	0.02331801805496216	0.9956166666666667	0.9110166666666667
890	0.022890636736154556	0.9957833333333334	0.9099833333651225
891	0.022653669855992	0.9962500000635783	0.9098
892	0.022984892029563588	0.9956333333333334	0.9110500000317892
893	0.022831127242247264	0.995566666730245	0.9115833333651224
894	0.022814264090855917	0.9957833333969116	0.9104500000317891
895	0.023093586034576098	0.9960666666666667	0.9105666666666666
896	0.022570297439893087	0.9961833333651224	0.9110000000317892
897	0.022537816927830377	0.9959333333969116	0.911916666730245
898	0.022768333448966345	0.9961166667302449	0.9104666667302449
899	0.022870240349074204	0.9957666666666667	0.91085
900	0.02258451086084048	0.9960333333333333	0.911
901	0.022486339793602626	0.9960833333333333	0.9119666666666667
902	0.022613314918677012	0.9961166666666667	0.9102166666666667
903	0.022948678704102835	0.9959333333969116	0.9093833333651224
904	0.02230114012559255	0.99625	0.910516666730245
905	0.0227183835486571	0.9959333333333333	0.9108333333651225
906	0.02270931460460027	0.9957500000635783	0.91265
907	0.02259200362563133	0.9963333333333333	0.9094833333333333
908	0.022556654607256255	0.9956833333333334	0.91155
909	0.023501931154727936	0.9953333333333333	0.9099666666666667
910	0.022838739278912543	0.99605	0.9096833333651225
911	0.022766663613170385	0.9961666666666666	0.9104833333651224
912	0.022715305441617966	0.9956	0.911666666730245
913	0.02244640435576439	0.9959833333969116	0.9105
914	0.023159983843564987	0.9957500000635783	0.9106166666666666
915	0.022872990789016088	0.996	0.9099166666984558
916	0.023360042001803714	0.9953833333333333	0.9105666666666666
917	0.02308435919682185	0.9960666666666667	0.9095166666984558
918	0.022524105986952783	0.996	0.9108166666984558
919	0.02274907744526863	0.9959333333333333	0.9095833333651224
920	0.02269305031001568	0.9957833333333334	0.911016666730245
921	0.02266412776509921	0.9958833333969116	0.9111833333651225
922	0.0231924082616965	0.9957666666666667	0.9079500000317892
923	0.02317294101814429	0.99545	0.9116333333969117
924	0.023382838785648345	0.9954166666666666	0.9108166666984558
925	0.0224814688483874	0.9956833333969116	0.9102833333651225
926	0.022975020748376845	0.9960166666666667	0.909916666730245
927	0.022786307913064956	0.99565	0.9105500000317891
928	0.022828655274709064	0.9958666666666667	0.9102166666666667
929	0.022558146299918494	0.99585	0.9107833333969116
930	0.022216562676429748	0.9958333333333333	0.9108333333651225
931	0.022925201982259752	0.9958666666666667	0.9097666666666666
932	0.0225795473943154	0.9958	0.9104166667302449
933	0.02316626952489217	0.9957333333333334	0.9100666666666667
934	0.02294867974122365	0.9956500000317892	0.9098333333651225
935	0.022645543124278387	0.9957	0.9098666666984558
936	0.022610256535808244	0.9958333333333333	0.9101166666984558
937	0.022595348968108494	0.9958833333969116	0.9105333333333333
938	0.022930195705095927	0.9957833333333334	0.9101166667302449
939	0.022783513776461282	0.9959666666666667	0.9094833333651224
940	0.022554362866282464	0.99595	0.9103666666984558
941	0.023253477136294047	0.9960166667302449	0.9087666666984558
942	0.023230938227971395	0.9962333333333333	0.9082666667302449
943	0.02269294713139534	0.995716666730245	0.91075
944	0.023367814031243325	0.99595	0.9085333333969117
945	0.022825139193733534	0.9955166666666667	0.9100833333651225
946	0.022648958839972814	0.9962833333333333	0.9091666667302449
947	0.022495835693677267	0.9956833333969116	0.9112500000317891
948	0.02306967951456706	0.9956500000317892	0.91045
949	0.022803626509507496	0.9958333333333333	0.9099333333969116
950	0.023955942293008167	0.9950666666666667	0.9079500000317892
951	0.02347259119550387	0.9953500000635783	0.9082333333333333
952	0.022898578126728533	0.9955166666666667	0.9094166666984558
953	0.022782771968841552	0.9959500000635783	0.9099333333651225
954	0.023192063556114834	0.9961000000635782	0.907666666730245
955	0.023442154105504355	0.99545	0.9085500000635783
956	0.02301970644990603	0.9960666666984558	0.9089500000635783
957	0.02247618478834629	0.9962	0.90965
958	0.02313060289422671	0.995716666730245	0.9079500000317892
959	0.022791451206803322	0.9958500000635783	0.9093666667302449
960	0.022641670054197312	0.9958166666666667	0.9087833333969116
961	0.022694665296872456	0.9959666666666667	0.9088333333333334
962	0.023223869665463765	0.9958166666666667	0.9097333333651225
963	0.0235465630064408	0.9958166666666667	0.9086
964	0.023118119180202484	0.9955833333333334	0.9097333333969116
965	0.02356781493425369	0.99525	0.9089166666984558
966	0.022877728939056395	0.9958666666984558	0.909516666730245
967	0.022731573703388373	0.9962	0.9091833333333333
968	0.022576017011205356	0.9959	0.9097833333651225
969	0.02319405710697174	0.9959	0.9083833333969116
970	0.02294595845391353	0.9955666666666667	0.910016666730245
971	0.022834440712134044	0.9958	0.9098833333651225
972	0.022958171021938326	0.9957333333333334	0.9076000000317891
973	0.023042923226952554	0.99585	0.9102000000317891
974	0.022917457317312557	0.99605	0.9091333333651225
975	0.023254496228694917	0.9958166666984558	0.9091
976	0.023229917616645494	0.9954	0.90885
977	0.023186237070957818	0.9955	0.9095500000635783
978	0.022719101151823996	0.99595	0.9086500000317892
979	0.023136347410082816	0.99555	0.9089500000317892
980	0.023586089513699213	0.9952166666666666	0.9103000000635783
981	0.022533944676319757	0.9957666666666667	0.9090833333969116
982	0.02273676196138064	0.9960666666666667	0.9089666666984558
983	0.02337679710586866	0.9958000000635783	0.9080666666984558
984	0.022794164925813674	0.99595	0.9093166666984558
985	0.023329850163062413	0.9959000000635783	0.9073833333651224
986	0.02289357540210088	0.9960500000635782	0.9080833333651225
987	0.022959929273525873	0.99585	0.90875
988	0.022967474544048308	0.9959	0.9075333333969117
989	0.023001967092355094	0.9958166666666667	0.9093833333333333
990	0.02356080547173818	0.9954000000635783	0.9072000000635783
991	0.023493701629837355	0.9956333333969116	0.907966666730245
992	0.022812871835629144	0.9959666667302449	0.908016666730245
993	0.022838191227118176	0.9957833333333334	0.9090833333969116
994	0.022867077617843946	0.9959166666666667	0.909616666730245
995	0.023237472650408746	0.9960166667302449	0.9088500000635783
996	0.0238610145231088	0.9955500000317892	0.9089833333969116
997	0.023033100868264832	0.9956666666666667	0.9095333333333333
998	0.022755443442861237	0.9959166666666667	0.9096500000635783
999	0.022859384089708328	0.9957833333969116	0.9089500000317892
1000	0.02267715488274892	0.9958833333333333	0.9098166666666667
1001	0.02275841915110747	0.9957333333333334	0.9095833333333333
1002	0.02304351392487685	0.9958666666666667	0.9103833333969116
1003	0.022364157313108445	0.9960333333333333	0.9095500000317891
1004	0.023365506518880527	0.9955	0.9082666666984558
1005	0.022748381398121516	0.9959666666666667	0.9094000000317891
1006	0.023001396731535593	0.9958833333333333	0.9097333333969116
1007	0.023801964269081752	0.9956	0.9085666666984558
1008	0.02294755607644717	0.9957833333333334	0.9082166667302449
1009	0.022675681298971177	0.9957666666666667	0.9086833333969117
1010	0.022750018301606178	0.9960166667302449	0.90955
1011	0.023143975767493247	0.9959	0.9094500000317891
1012	0.023113760618368784	0.9959166666666667	0.9080666666666667
1013	0.02396569826801618	0.9950833333333333	0.908466666730245
1014	0.02336824475725492	0.9955333333969116	0.90775
1015	0.02336431674559911	0.99595	0.9084833333651224
1016	0.023409720079104107	0.9956333333651225	0.906966666730245
1017	0.023296868475278218	0.995566666730245	0.9101500000635783
1018	0.022858474588394163	0.9961500000317891	0.9090666667302449
1019	0.023711201757192612	0.9957166666666667	0.9069000000635783
1020	0.023094997249046963	0.9957500000635783	0.9082500000635783
1021	0.023106142950057983	0.9959333333333333	0.909616666730245
1022	0.023132372988263768	0.9958500000635783	0.9080500000317892
1023	0.02320341703792413	0.9956333333333334	0.908716666730245
1024	0.023459893759091695	0.9958333333969116	0.9083666666666667
1025	0.023064530330896376	0.9958	0.9092500000635783
1026	0.023219538248578708	0.9957500000635783	0.90785
1027	0.022847243810693422	0.9957833333333334	0.9100500000317892
1028	0.022387585886319478	0.9959666667302449	0.9103
1029	0.023186049397786457	0.9957333333969116	0.9080500000635783
1030	0.022733273143569627	0.995716666730245	0.9087
1031	0.022775777171055476	0.9959000000635783	0.9110000000635783
1032	0.022715454310178757	0.9962166666666666	0.9087000000635783
1033	0.022882027724385263	0.9957000000635783	0.9082666666984558
1034	0.023618384501338005	0.9959333333333333	0.9066333333651225
1035	0.02309964839617411	0.9958833333969116	0.9084166666984558
1036	0.023770713279644647	0.9952833333969117	0.9084000000635782
1037	0.02294769817094008	0.99595	0.90965
1038	0.023524290657043458	0.995566666730245	0.9082333333651225
1039	0.02351052810748418	0.9952000000635783	0.9092333333333333
1040	0.02288731212814649	0.9959333333333333	0.9096
1041	0.02325472020904223	0.9956	0.9091
1042	0.02279302085240682	0.9962500000635783	0.9090333333333334
1043	0.023039375734329223	0.9958166666666667	0.90805
1044	0.022918114759524662	0.9956333333333334	0.9073
1045	0.022767937306563058	0.9960000000635783	0.9081166666984558
1046	0.02266286150217056	0.99585	0.9098333333969116
1047	0.023254999295870462	0.9958	0.9084500000635782
1048	0.02274905927280585	0.9956166666666667	0.90865
1049	0.02298929250339667	0.99595	0.9096
1050	0.022703951079646748	0.9961833333333333	0.9099166666666667
1051	0.023422184711694716	0.9958	0.9077
1052	0.02276098871231079	0.9961333333969116	0.9096833333651225
1053	0.023172630935907365	0.9958500000317891	0.909816666730245
1054	0.02302452279627323	0.9960333333333333	0.9084333333333333
1055	0.023537587944666545	0.9954166666984559	0.9082166667302449
1056	0.023117498250802358	0.9957333333333334	0.9094833333969117
1057	0.023281704660256704	0.9958166666666667	0.907616666730245
1058	0.022820098185539244	0.9957333333333334	0.9098833333969116
1059	0.022988734141985576	0.9957166666666667	0.9087333333333333
1060	0.02318610693613688	0.9959333333969116	0.9072833333333333
1061	0.022464442519346872	0.9958	0.909716666730245
1062	0.023454336782296498	0.9956333333969116	0.9078
1063	0.02325905487736066	0.9957833333969116	0.9091166667302449
1064	0.022692135804891586	0.9958666666666667	0.909716666730245
1065	0.022968568525711695	0.9955333333651225	0.9089333333333334
1066	0.023432112050056457	0.9952833333969117	0.9086000000635783
1067	0.023450577652454375	0.995416666730245	0.9081666666666667
1068	0.02252114080687364	0.9960333333333333	0.9084833333651224
1069	0.023152118096748987	0.9957833333333334	0.9078333333651225
1070	0.02286841881473859	0.9955333333651225	0.9097500000317892
1071	0.02299627782702446	0.9958500000635783	0.9093833333969116
1072	0.02340986596941948	0.9954500000635783	0.9086
1073	0.022737947635849316	0.9959833333333333	0.9097666666666666
1074	0.02305662148197492	0.9955833333333334	0.9098
1075	0.022608972909053168	0.9959833333333333	0.9095333333969117
1076	0.022803329334656397	0.9954833333969116	0.9089833333651225
1077	0.023080453952153523	0.9957833333333334	0.90825
1078	0.023867365032434463	0.9954833333969116	0.9081833333969116
1079	0.023709980436166126	0.9957333333969116	0.9081
1080	0.022849851873517037	0.9957333333333334	0.9090833333651225
1081	0.023009496288994947	0.9957833333333334	0.9099333333333334
1082	0.023658198495705923	0.99525	0.9076166666666666
1083	0.023205840902527173	0.99555	0.9081166667302449
1084	0.02306569585998853	0.9956666666666667	0.9101000000635783
1085	0.023517165051897368	0.995	0.9093833333651224
1086	0.022923564914862315	0.9958000000635783	0.9102333333969116
1087	0.022846843615174292	0.99575	0.9081333333651225
1088	0.022999868458509445	0.9958833333333333	0.9081333333969116
1089	0.02281449015935262	0.9958	0.9080500000317892
1090	0.023618167507648467	0.9954666666666667	0.9080166666984558
1091	0.02322350718776385	0.995616666730245	0.9093666666666667
1092	0.023385501499970755	0.9956333333969116	0.9085000000635783
1093	0.023285334422190985	0.99565	0.9086166666984559
1094	0.022435725033283234	0.9957666666666667	0.9110500000635783
1095	0.022384578009446463	0.9959833333333333	0.9111166666984558
1096	0.022920918885866802	0.9958666666666667	0.9096166666984558
1097	0.022862218163410823	0.9957500000635783	0.9092666667302449
1098	0.023093128567934038	0.9958833333333333	0.908616666730245
1099	0.02326826817492644	0.9956666666666667	0.9103333333969116
1100	0.022944034229715665	0.9958166667302449	0.9085
1101	0.024368118472894034	0.9946	0.9077666666666667
1102	0.023094503438472747	0.99565	0.9091666666666667
1103	0.022872739627957345	0.9959666666666667	0.908616666730245
1104	0.02310423613289992	0.9959166666666667	0.908666666730245
1105	0.02288236738840739	0.9956666666984558	0.9086333333651225
1106	0.022757842657963434	0.99555	0.9101000000317891
1107	0.02329396155277888	0.9960333333969116	0.9075666666666666
1108	0.022972537751992542	0.9958000000635783	0.9078166666984558
1109	0.02263552017410596	0.9958666666666667	0.9106666666666666
1110	0.02344613774617513	0.9959	0.9084833333333333
1111	0.022996311233441036	0.9958000000635783	0.9103166666666667
1112	0.022794866638382275	0.996	0.9105333333651224
1113	0.023204972324768702	0.9956166666666667	0.90875
1114	0.022686566628019014	0.9958166666666667	0.9095000000635783
1115	0.022634571199615795	0.9960666667302449	0.9103000000317891
1116	0.022582893940806387	0.9957666666666667	0.9103500000317891
1117	0.022893171962102256	0.9958833333333333	0.90945
1118	0.022526734550793966	0.9961333333333333	0.9093166666984558
1119	0.022512060175339382	0.9957500000635783	0.9117000000317892
1120	0.02265650998353958	0.9955833333969116	0.9109333333651225
1121	0.02306056255896886	0.9955333333333334	0.9092500000317891
1122	0.023438826623559	0.99575	0.9092
1123	0.022535689502954485	0.9956833333333334	0.9099166666666667
1124	0.02300077404777209	0.9955000000635783	0.9095000000635783
1125	0.02325169310569763	0.9957166666666667	0.90905
1126	0.02321604475279649	0.9954333333333333	0.9091333333969116
1127	0.023096562931934992	0.9956166666666667	0.9084166666984558
1128	0.02295307570497195	0.99605	0.90935
1129	0.022640524967511497	0.9961333333333333	0.9100333333333334
1130	0.02304967961808046	0.9956	0.9098500000317892
1131	0.022839488649368286	0.9957833333333334	0.9097333333333333
1132	0.02277460888624191	0.9958666667302449	0.9105333333333333
1133	0.022597860179344814	0.9957500000317892	0.9094166666666667
1134	0.022737122329076133	0.9958666666666667	0.9104666667302449
1135	0.022577472123503684	0.9958166666666667	0.9101666667302449
1136	0.022779332929849624	0.9954000000317892	0.9093833333651224
1137	0.022683458799123764	0.9956	0.9093666667302449
1138	0.022802513668934505	0.9960333333969116	0.9091333333651225
1139	0.02253752545118332	0.9957666666984558	0.9101666667302449
1140	0.02287321740190188	0.9955833333969116	0.9117000000317892
1141	0.023023339557647706	0.9957333333333334	0.9102333333651225
1142	0.022661927153666814	0.9955666666666667	0.9104333333333333
1143	0.022767512567838034	0.9958500000635783	0.9089166666984558
1144	0.02264362383981546	0.9957666666666667	0.91135
1145	0.02263445290029049	0.9960833333333333	0.9104333333333333
1146	0.022672829727331797	0.9957833333969116	0.9095833333333333
1147	0.022545484322309493	0.9957833333969116	0.9100500000635783
1148	0.022555995492140452	0.9957166666666667	0.9102333333333333
1149	0.0229922512114048	0.9955833333969116	0.9088166666666667
1150	0.023121787596742313	0.99585	0.9100666666984558
1151	0.02289378340045611	0.9955666666666667	0.9090666667302449
1152	0.022325639883677164	0.9962	0.9108166666666667
1153	0.02201929955581824	0.9960333333333333	0.9113833333969116
1154	0.0224983846505483	0.99595	0.9094333333333333
1155	0.022224762829144797	0.9958166666666667	0.9106000000317891
1156	0.021922336598237356	0.9959166666666667	0.9129500000635783
1157	0.022538645178079606	0.9958000000317891	0.910766666730245
1158	0.02260178162654241	0.9956833333333334	0.9112500000635783
1159	0.022988633318742117	0.9957833333333334	0.9099166666666667
1160	0.02274001319805781	0.9957666666666667	0.9101666666984558
1161	0.023030456336339315	0.9957000000635783	0.910616666730245
1162	0.02288399055401484	0.9958333333333333	0.9078166666666667
1163	0.022708740961551666	0.9958	0.9108333333969116
1164	0.022341936151186625	0.996	0.9109833333969116
1165	0.02278991697629293	0.9956500000317892	0.9106000000635783
1166	0.022234601986408233	0.9959833333333333	0.910666666730245
1167	0.02275431919892629	0.9960000000635783	0.9105
1168	0.022407383000850677	0.9958166667302449	0.9104166666666667
1169	0.022674104138215384	0.99595	0.90995
1170	0.022353181912501654	0.99595	0.9118166666666667
1171	0.022165751761198043	0.9960833333333333	0.9115500000635783
1172	0.02288889718055725	0.995466666730245	0.9103166667302449
1173	0.022467516742149987	0.9958666666666667	0.9103
1174	0.02233571279744307	0.9958166666666667	0.9118333333333334
1175	0.02316184103190899	0.9952166666666666	0.9107
1176	0.022313548076152802	0.9959000000635783	0.9114666666666666
1177	0.022326341833670934	0.9957	0.9104333333333333
1178	0.02235229674577713	0.9960166667302449	0.9105166666666666
1179	0.022310169835885366	0.9958166666984558	0.9111333333651225
1180	0.022514282717307408	0.9959500000317891	0.9110666666666667
1181	0.022473399524887402	0.9959333333333333	0.9108500000317892
1182	0.022811128388841948	0.9957166666666667	0.9104166667302449
1183	0.022438035847743353	0.9957666666666667	0.9105
1184	0.022617770422498386	0.99565	0.9103000000635783
1185	0.022521841726700464	0.99565	0.9114833333969116
1186	0.022166934750477475	0.9961166666666667	0.9118166666666667
1187	0.02185637027422587	0.9961666666666666	0.9118500000317892
1188	0.022641189334789914	0.9959	0.9114666666984558
1189	0.021862320321798325	0.9958166667302449	0.9120500000317892
1190	0.022846730118989945	0.9954333333333333	0.9108333333651225
1191	0.02264491645892461	0.9953166666666666	0.9109333333333334
1192	0.022450108849008877	0.9961333333333333	0.9102166666984558
1193	0.022408942806720733	0.9958666666666667	0.9120500000317892
1194	0.022533357006311417	0.99555	0.9120333333969116
1195	0.02234398268163204	0.9959666667302449	0.9113333333333333
1196	0.02228487204114596	0.9957833333333334	0.9104500000317891
1197	0.02215169018904368	0.9958166666666667	0.9119666666666667
1198	0.022001184322933357	0.9956833333333334	0.9118333333969116
1199	0.022046234407027562	0.9955833333969116	0.9117000000317892
1200	0.02295928445061048	0.9952166666666666	0.9107333333969116
1201	0.022644778378804523	0.9958000000317891	0.9116000000635783
1202	0.02302509724299113	0.9954666666666667	0.9105166666666666
1203	0.02200743055269122	0.99555	0.9116000000317891
1204	0.022398162431518237	0.9957333333333334	0.9119333333333334
1205	0.022245307342211404	0.9958000000635783	0.9122500000317891
1206	0.02226261468331019	0.9958666667302449	0.9122666667302449
1207	0.02239244332710902	0.9954333333333333	0.9118000000317892
1208	0.02254068636695544	0.9955500000635783	0.9107500000317892
1209	0.022251445343097052	0.9956500000635783	0.913
1210	0.022537250292301178	0.9957833333333334	0.9112500000317891
1211	0.022778537919123966	0.995616666730245	0.9116666666984559
1212	0.021844868574539822	0.995716666730245	0.9140000000317892
1213	0.02216851420799891	0.9957833333651225	0.9114666666984558
1214	0.022430657829840977	0.9957166666666667	0.9115333333969117
1215	0.022133747284611066	0.9957833333333334	0.9125500000635783
1216	0.02236323230266571	0.99565	0.91285
1217	0.022384830725193025	0.9960333333333333	0.9121
1218	0.022416344357530277	0.9953	0.9120833333969116
1219	0.022475835778315863	0.9955333333333334	0.9117000000635783
1220	0.022203070799509683	0.9957833333333334	0.9116000000317891
1221	0.02241698061823845	0.9958666667302449	0.9108833333651225
1222	0.023335735177993776	0.9953666666666666	0.9091166666666667
1223	0.022255960913499195	0.9960333333969116	0.9128000000635783
1224	0.022017523378133775	0.9956500000635783	0.9137666666984559
1225	0.022477822575966516	0.9955333333333334	0.911966666730245
1226	0.02220447537402312	0.99605	0.9134500000635782
1227	0.022473378852009774	0.995666666730245	0.9128000000635783
1228	0.021998282706737517	0.9957833333333334	0.9135500000317891
1229	0.021885109561681746	0.9956333333333334	0.9126666666984559
1230	0.022276472375541926	0.99565	0.9122166667302449
1231	0.022199660058816274	0.9956000000635783	0.911966666730245
1232	0.022180018530289333	0.99575	0.9137500000317892
1233	0.022156992494066555	0.9958	0.9117166666666666
1234	0.022445519361893335	0.9955166666984558	0.9125333333969117
1235	0.022640079160531363	0.9956833333333334	0.9115166666666666
1236	0.022944345251719157	0.9947666666984558	0.9119833333651225
1237	0.022181012534101804	0.9958166666666667	0.9121666666666667
1238	0.022322834179798762	0.995716666730245	0.9130666666984558
1239	0.021773155644039314	0.9964	0.9134666667302449
1240	0.022008804259697597	0.9956666666666667	0.9135000000635782
1241	0.02280509090522925	0.9954	0.91005
1242	0.022430403971672057	0.9957833333333334	0.9122833333969116
1243	0.022503944178422292	0.99515	0.91325
1244	0.022297508349021274	0.9956333333969116	0.9124833333333333
1245	0.021822629364331565	0.9960166666666667	0.9125500000317891
1246	0.022843125347296395	0.99545	0.91235
1247	0.021816289125879604	0.9958833333333333	0.9133333333651225
1248	0.02255201932390531	0.9954000000635783	0.9123000000317891
1249	0.02232206853230794	0.9956500000635783	0.9131833333969116
1250	0.022105289347966513	0.9959833333333333	0.9130166666666667
1251	0.02165713127652804	0.99575	0.9124500000317891
1252	0.022114431803425153	0.9958	0.9124166667302449
1253	0.02172949522137642	0.9957000000635783	0.9131500000317891
1254	0.02217220002015432	0.99605	0.91235
1255	0.021519793778657915	0.9962166666666666	0.9135333333969117
1256	0.022334899526834488	0.9954333333969116	0.9133833333969116
1257	0.021834215318659943	0.9958333333333333	0.9144333333969116
1258	0.02244727314710617	0.9958833333333333	0.9121333333969116
1259	0.02203885864218076	0.9957	0.9142833333969116
1260	0.021821333010991414	0.9957666666666667	0.9131166667302449
1261	0.02169975037276745	0.9960833333969116	0.9129
1262	0.02148082173864047	0.99615	0.9139666666984558
1263	0.022408818360169728	0.9960500000635782	0.9130833333651225
1264	0.022315251350402833	0.99575	0.9124666667302449
1265	0.02240895049373309	0.9955166666666667	0.9124166666666667
1266	0.02178479968458414	0.9957833333333334	0.913966666730245
1267	0.022194152530034383	0.9953666666666666	0.9132666667302449
1268	0.021642307957013447	0.9959000000635783	0.91315
1269	0.02181105786661307	0.9956666666666667	0.9123666666984558
1270	0.02237349116007487	0.9957833333333334	0.9131833333651225
1271	0.02217793856561184	0.9958333333333333	0.9135000000635782
1272	0.022756693157553673	0.9953666666666666	0.9130166666984558
1273	0.021787909680604935	0.9958833333969116	0.9145833333333333
1274	0.022283969696362812	0.9958166666666667	0.9122833333333333
1275	0.02272852511405945	0.9954166666984559	0.9132
1276	0.02169585405687491	0.9956833333333334	0.9146833333969117
1277	0.021754289134343466	0.9957166666666667	0.91365
1278	0.021999215189615885	0.9957	0.913
1279	0.022043018601338067	0.9957666666666667	0.9127333333651225
1280	0.02245708214044571	0.9954833333969116	0.9124833333333333
1281	0.0221822846810023	0.9958333333333333	0.9144166667302449
1282	0.021598378910621007	0.9958666666666667	0.9148833333651225
1283	0.022285124854246774	0.9956166666666667	0.9123000000317891
1284	0.022027735988299053	0.9958666667302449	0.9133333333969116
1285	0.021790367581446965	0.99585	0.9137166666666666
1286	0.021929622795184452	0.9958833333969116	0.9130500000635783
1287	0.022078211797277134	0.9960333333333333	0.9123666666984558
1288	0.0222149248311917	0.9956	0.9140500000635783
1289	0.021707919432719547	0.9956833333969116	0.915766666730245
1290	0.021724795891841252	0.9959000000635783	0.9130833333333334
1291	0.0220040618677934	0.9956333333969116	0.9138333333333334
1292	0.021799664719899494	0.996	0.9149500000317892
1293	0.021965753958622613	0.9960166666666667	0.9124000000317891
1294	0.022163635527094206	0.9958166667302449	0.9131833333651225
1295	0.021660034213463464	0.9959000000635783	0.9136666666666666
1296	0.022133658774693806	0.9955166666666667	0.9140333333969116
1297	0.021841425182422002	0.9959833333651225	0.9140000000635783
1298	0.022569946118195853	0.9954166666984559	0.9141500000317891
1299	0.022656901462872824	0.9953	0.9113333333969116
1300	0.022171480373541514	0.9957166666666667	0.9142833333969116
1301	0.02239792206287384	0.9958833333969116	0.9132666666984558
1302	0.02158293201625347	0.9959666666666667	0.9154666667302449
1303	0.02171819024880727	0.9960166667302449	0.9144666666984558
1304	0.02233808057506879	0.9957833333333334	0.9133333333333333
1305	0.02197582763036092	0.9958833333969116	0.9137166666666666
1306	0.021621931225061418	0.9959333333651225	0.9137833333333333
1307	0.02185070699850718	0.9957833333333334	0.9154333333969116
1308	0.021706366420785585	0.9957	0.9141500000317891
1309	0.021591006980339687	0.9956333333333334	0.9152500000317891
1310	0.021912249265114467	0.9959	0.9134666667302449
1311	0.02200128806034724	0.9958666667302449	0.9137333333651225
1312	0.021545710318287215	0.9960833333333333	0.914016666730245
1313	0.02162559697429339	0.9962000000635783	0.9134166666666667
1314	0.02190757224758466	0.9957500000635783	0.9128666666984558
1315	0.022295780261357624	0.9956666666666667	0.9131666667302449
1316	0.021971165538330874	0.9954666666666667	0.91435
1317	0.022176048159599303	0.9960166667302449	0.9134166667302449
1318	0.021389022864898046	0.9957000000317892	0.9141166667302449
1319	0.02142919348478317	0.9958333333333333	0.9154166666666667
1320	0.021991869209210077	0.9958333333969116	0.9136166666666666
1321	0.021498133011658985	0.9959666666666667	0.9144833333969116
1322	0.022453636295596758	0.9953333333333333	0.9147
1323	0.02181235199570656	0.9957500000317892	0.9151000000635783
1324	0.02206155525545279	0.9958	0.9167
1325	0.021666770136356355	0.9959333333333333	0.9140166666984558
1326	0.021577049028873443	0.9959333333333333	0.9140333333333334
1327	0.021945808589458465	0.9958333333333333	0.9142166666984558
1328	0.021713439854979515	0.9960666667302449	0.914066666730245
1329	0.021815446424484252	0.9961333333969116	0.9130666666666667
1330	0.02204845382074515	0.9957833333333334	0.9152166667302449
1331	0.022004487800598143	0.9954833333969116	0.9135333333969117
1332	0.022098996763428053	0.9956333333969116	0.914616666730245
1333	0.0221850555708011	0.9958333333969116	0.91275
1334	0.021470562467972437	0.9955666666666667	0.9148500000317892
1335	0.02197442603111267	0.9957333333969116	0.9147500000317892
1336	0.021453977062304813	0.9958666666666667	0.9158
1337	0.02158850595851739	0.9957833333333334	0.9147333333333333
1338	0.021797767293453216	0.99595	0.9141166667302449
1339	0.022052272397279738	0.99575	0.9144500000317891
1340	0.02142120720346769	0.9958333333333333	0.9154333333333333
1341	0.022421528536081314	0.9951500000635782	0.9120666666984558
1342	0.021561944941679637	0.9958333333333333	0.9148166666666666
1343	0.021644408936301866	0.9957833333333334	0.9149000000635783
1344	0.0218010993907849	0.9959833333333333	0.9152500000635783
1345	0.021685052819053332	0.9960833333333333	0.915716666730245
1346	0.021263695618013542	0.9959	0.9168833333333334
1347	0.02156139749288559	0.9957333333969116	0.9152500000635783
1348	0.021701359802484513	0.9958166666666667	0.9149333333333334
1349	0.022088663915793103	0.9959333333333333	0.9139333333969116
1350	0.022002594411373137	0.9956166666984558	0.9142333333333333
1351	0.02172618168791135	0.9959833333969116	0.9142666666984558
1352	0.021807532823085785	0.9958666666666667	0.9141166666666667
1353	0.021805620253582795	0.9955833333333334	0.9153166666984558
1354	0.022277536902825038	0.9957	0.9123666666666667
1355	0.02194541985889276	0.9956	0.9145000000317891
1356	0.021521362945437432	0.99635	0.9151666666984558
1357	0.02201091586748759	0.9957166666666667	0.913816666730245
1358	0.021453352586428324	0.9958666666666667	0.916016666730245
1359	0.02200282595952352	0.9956833333333334	0.9144000000317891
1360	0.021697918938597044	0.9959	0.9156500000635783
1361	0.021362532870471476	0.9959833333333333	0.9145333333969117
1362	0.02091183081269264	0.9962500000635783	0.9156500000317891
1363	0.021510007067521413	0.9959833333651225	0.915066666730245
1364	0.02135523393303156	0.9958166666666667	0.91585
1365	0.021253878037134806	0.9959666666666667	0.9160000000635783
1366	0.02181169871687889	0.99595	0.9154166667302449
1367	0.02136247389614582	0.996	0.9159833333969116
1368	0.021672056379914283	0.9957833333333334	0.9146666666666666
1369	0.021744780637820562	0.9956666666666667	0.9144500000317891
1370	0.021804323373238246	0.9958833333333333	0.9143666666666667
1371	0.021663388472795485	0.99585	0.9144166667302449
1372	0.02112912834684054	0.9961166666666667	0.9162333333333333
1373	0.02149256617029508	0.9956833333333334	0.9157333333651225
1374	0.0213050990263621	0.9958666667302449	0.9160833333969116
1375	0.022330902060866357	0.9954833333333334	0.91445
1376	0.021447815126677355	0.9959166666666667	0.9161333333333334
1377	0.02179435244599978	0.9956833333969116	0.9153666667302449
1378	0.021614188301563263	0.9959166666666667	0.9151333333333334
1379	0.021666860701640447	0.99585	0.9159666666666667
1380	0.0216933212240537	0.9958833333333333	0.9153666666984558
1381	0.021448394969105722	0.9958	0.9165833333651224
1382	0.02212379412353039	0.9958333333969116	0.9146166666984558
1383	0.021398949082692464	0.9956833333333334	0.91565
1384	0.021488509753346444	0.9959666666666667	0.9154833333969116
1385	0.02177999390264352	0.9960166666666667	0.9153166666666667
1386	0.021848787428935368	0.99585	0.9138333333333334
1387	0.021337436264753342	0.99595	0.9149000000317892
1388	0.021416923187176386	0.9959333333333333	0.9161000000317892
1389	0.021444686564803122	0.9957333333651225	0.9151
1390	0.02178476288119952	0.9955666666666667	0.914966666730245
1391	0.021920083264509838	0.9955666666984558	0.9157000000317892
1392	0.021512080786625545	0.9957166666984558	0.9153166666984558
1393	0.021729753045241038	0.9961833333333333	0.9156500000317891
1394	0.021548900113503137	0.9960666667302449	0.9155000000635782
1395	0.021992170973618826	0.9959500000317891	0.9147000000317892
1396	0.02206023779809475	0.9958333333969116	0.913666666730245
1397	0.02145890439848105	0.9963166666666666	0.9155
1398	0.021410244864225388	0.9961333333651224	0.9156833333969117
1399	0.02151584427158038	0.9956166666666667	0.9157500000635783
1400	0.022043923383951187	0.9955333333333334	0.9145833333969117
1401	0.021118082186579703	0.9961833333333333	0.9165000000317891
1402	0.021441118089358013	0.9959000000635783	0.9157500000317892
1403	0.02156600954135259	0.9960000000635783	0.9151500000635783
1404	0.022162060473362603	0.9957833333333334	0.9147
1405	0.02142026789188385	0.9958833333651225	0.9159
1406	0.021696857085327308	0.9959	0.9146
1407	0.022227017534772554	0.9953	0.916066666730245
1408	0.02115598530670007	0.99625	0.9153833333651225
1409	0.02168761566678683	0.9961333333651224	0.9155166667302449
1410	0.021747537112236023	0.9956000000317892	0.9151833333333333
1411	0.021612105971574782	0.9959833333969116	0.9149166666666667
1412	0.021762581957379977	0.99565	0.9150333333969116
1413	0.021450382866462073	0.995666666730245	0.9159500000635783
1414	0.021595299339294435	0.9956333333333334	0.9152000000317891
1415	0.022074426879485447	0.9957166666666667	0.9142500000317891
1416	0.021770091259479523	0.9957666667302449	0.9151166666666667
1417	0.021748446554938954	0.9956666666666667	0.9163666667302449
1418	0.021418808072805405	0.9958333333333333	0.9161500000635783
1419	0.02188737814426422	0.9959333333969116	0.9142333333969116
1420	0.021468100147445997	0.9958833333333333	0.915666666730245
1421	0.021989640657107037	0.9955833333333334	0.9137333333969117
1422	0.021749340015649796	0.9957166666666667	0.9151500000635783
1423	0.021725046758850414	0.9957666666666667	0.915966666730245
1424	0.02149004123409589	0.9958666666984558	0.91535
1425	0.021730796964963276	0.9961666666666666	0.9158666666984558
1426	0.021556292603413265	0.9958666666984558	0.9162666666666667
1427	0.021787355426947277	0.995616666730245	0.9151833333651225
1428	0.021528428399562836	0.9958166666666667	0.9153166667302449
1429	0.02189458339512348	0.9957666666666667	0.9146333333969117
1430	0.021851466550429664	0.99585	0.9139
1431	0.021501116557916006	0.9955666666666667	0.9151
1432	0.022041543605923652	0.9956	0.9146500000635783
1433	0.0212980426967144	0.9960500000635782	0.9156166666666666
1434	0.021339303642511367	0.9960166667302449	0.9148833333969116
1435	0.02188058624068896	0.9955333333333334	0.9156666666666666
1436	0.021405362657705942	0.9962	0.913816666730245
1437	0.02167814919948578	0.9959166666666667	0.915
1438	0.021431295988957086	0.9960000000635783	0.9153166666666667
1439	0.022272263795137404	0.9956833333969116	0.914066666730245
1440	0.021992909416556357	0.9956833333333334	0.9142666667302449
1441	0.02130884323815505	0.9959333333969116	0.9146333333651224
1442	0.02197752994100253	0.9954500000635783	0.9129666666984558
1443	0.02170166881084442	0.9960833333333333	0.9159000000317892
1444	0.02231533457438151	0.9954333333969116	0.9151333333333334
1445	0.021600096171100935	0.9959166666666667	0.9154333333333333
1446	0.02172564168771108	0.995666666730245	0.9156833333969117
1447	0.021367404035727185	0.9958666667302449	0.9151166666984558
1448	0.02201162969271342	0.9958666666666667	0.9142000000635783
1449	0.02130844270189603	0.9960500000635782	0.9165000000635782
1450	0.021593124677737555	0.9954166666666666	0.9143333333651225
1451	0.02282338082989057	0.9952166666666666	0.9133666667302449
1452	0.021503440419832865	0.9963666666666666	0.9134833333333333
1453	0.02186447431842486	0.99555	0.914816666730245
1454	0.02177694304784139	0.9960166667302449	0.912716666730245
1455	0.022745060521364213	0.9952833333969117	0.913866666730245
1456	0.02218190375963847	0.9956333333651225	0.9148166666984558
1457	0.021772825134793918	0.9957333333333334	0.913766666730245
1458	0.021536201726396878	0.99565	0.9159000000635783
1459	0.021691928347945214	0.99595	0.9137500000317892
1460	0.022287547467152276	0.9954	0.9129833333651225
1461	0.021920213946700098	0.9953166666666666	0.9156833333333333
1462	0.021954322861631712	0.9960833333333333	0.9147333333333333
1463	0.022107629372676213	0.9955333333969116	0.9140833333333334
1464	0.02232529471317927	0.9956333333651225	0.9152333333969116
1465	0.02208749185403188	0.9955833333333334	0.9134833333333333
1466	0.021965030721823375	0.99575	0.9135666666984558
1467	0.021723914795120557	0.9954666666666667	0.9151000000317892
1468	0.02193237090508143	0.9958500000635783	0.9124333333333333
1469	0.021723764645059904	0.9957166666666667	0.9147666666666666
1470	0.021691447377204895	0.9963500000317892	0.9126000000317891
1471	0.021491277529795964	0.9958	0.9133000000635783
1472	0.021634867107868196	0.9956333333333334	0.9139666666666667
1473	0.021774840692679088	0.9957833333969116	0.9144166667302449
1474	0.02187144767443339	0.9958333333651225	0.9148000000635783
1475	0.02201281131307284	0.9958666667302449	0.9124166666984558
1476	0.021975236889719963	0.9958333333333333	0.9142166666666667
1477	0.02179103129506111	0.9957833333969116	0.914866666730245
1478	0.021843858820199968	0.9957333333969116	0.9142333333333333
1479	0.022167937473456065	0.9955666666666667	0.9140333333333334
1480	0.021365027834971746	0.9959833333333333	0.9162
1481	0.021495106306672097	0.9959666666666667	0.9146500000635783
1482	0.021887314688165984	0.9959333333333333	0.9142500000317891
1483	0.021457102358341217	0.9957666666666667	0.9140333333333334
1484	0.022158546030521392	0.99565	0.9143833333333333
1485	0.0221940099020799	0.9954666666666667	0.9142833333333333
1486	0.021777152682840823	0.9959166666666667	0.91465
1487	0.021656409549713134	0.99625	0.9143166666666667
1488	0.02267269224524498	0.995416666730245	0.9133333333651225
1489	0.022243042198816936	0.9956333333333334	0.9143333333969116
1490	0.02222060476342837	0.9957333333333334	0.913966666730245
1491	0.02158246455689271	0.9958	0.9162666667302449
1492	0.02164728864232699	0.9961166666666667	0.9138333333333334
1493	0.022041111594438553	0.9958666667302449	0.9142333333969116
1494	0.021131163502732912	0.9959833333333333	0.9143666667302449
1495	0.022240010539690654	0.9958333333333333	0.9134333333651224
1496	0.021840835813681285	0.9960833333333333	0.9144666667302449
1497	0.02173763464689255	0.9960000000635783	0.9145666666984558
1498	0.0216483689169089	0.9961	0.9145333333333333
1499	0.021833115661144258	0.9960666666666667	0.9148833333333334
