epoch	loss	acc	certified
0	0.9008800525665284	0.1945833333412806	0.09401666666666667
1	0.8474782656033834	0.20385000001589457	0.17190000001589456
2	0.8009163973490397	0.32001666666666667	0.14135
3	0.5986675344785054	0.63155	0.21993333333333334
4	0.4492448015054067	0.71605	0.39763333336512247
5	0.35459153248469033	0.76255	0.5364333333333333
6	0.26343633737564087	0.8456833333969116	0.6306000000635783
7	0.18793987814585367	0.8899166667302449	0.7291666666666666
8	0.1534587096532186	0.9112166666666667	0.7760500000635783
9	0.1301321200768153	0.9256833333969117	0.8069500000317892
10	0.11457767463922501	0.9345833333651224	0.8292333333651225
11	0.10261094869772593	0.9426	0.844116666730245
12	0.0901575367172559	0.9511833333333334	0.8603166666984559
13	0.08320100206136703	0.9547500000317891	0.871666666730245
14	0.07736651007731755	0.9583000000317892	0.8797000000317892
15	0.07041282094120979	0.9630166666984558	0.8882166667302449
16	0.06708005956013997	0.9636333333333333	0.8946333333333333
17	0.06245782723228137	0.9670333333333333	0.9010000000635783
18	0.05932961874405543	0.9688166667302449	0.9051833333969116
19	0.057083321995536486	0.9697	0.9086666666984559
20	0.054348578198750816	0.9719833333651224	0.9125166666984558
21	0.05217813161214193	0.9730833333651224	0.9148333333969116
22	0.04998974450826645	0.97395	0.9173000000317891
23	0.04890594076315562	0.9749666666666666	0.9187166666984559
24	0.04678553340832392	0.97575	0.9236833333333333
25	0.04543800360361735	0.9771666666666666	0.9246666666666666
26	0.043982779386639595	0.9779333333333333	0.92615
27	0.042495102728406585	0.9788166666666667	0.9280166666666667
28	0.04143308493097623	0.9788166666984558	0.9314666667302449
29	0.04036324583292007	0.9800166667302449	0.9318833333969117
30	0.03921121559143066	0.9809500000317891	0.9321500000317892
31	0.03825992726683616	0.9808000000317891	0.9344166666666667
32	0.03741852114200592	0.9814166666666667	0.9365333333333333
33	0.03637261603275935	0.9816333333969116	0.9377000000635783
34	0.03587968766391277	0.9820833333969117	0.9379333333651225
35	0.03551670028567314	0.98205	0.9386166666984558
36	0.034612990633646645	0.9828666666984558	0.9405500000317891
37	0.03359992261429628	0.9837500000635783	0.9413500000317891
38	0.03268268388112386	0.9834833333651225	0.94275
39	0.03256765636205673	0.9840333333969116	0.9435500000635783
40	0.031848328473170595	0.9843666666666666	0.9442000000635783
41	0.03169443105657895	0.98395	0.9453666667302449
42	0.031417847323417666	0.9846500000317892	0.9448666666984558
43	0.030832076851526898	0.9846833333969116	0.9454000000317891
44	0.03078756832232078	0.9844000000635783	0.9471333333969116
45	0.029985935220619042	0.9856333333333334	0.947066666730245
46	0.029472784316539765	0.9856500000635783	0.9478333333969117
47	0.029625829394658406	0.9852500000635783	0.9476166667302449
48	0.02934199837446213	0.9853500000317892	0.9487166666984558
49	0.028425143531958262	0.9864000000317892	0.9494500000635783
50	0.02859518521428108	0.9860166667302449	0.9490333333651225
51	0.02784664610425631	0.9865666666984558	0.9508333333651224
52	0.027117327306667962	0.987266666730245	0.9504500000317891
53	0.026861662287513414	0.9872	0.9516833333651225
54	0.027127696617444356	0.9868166666984558	0.9514333333969116
55	0.026701697591940562	0.987266666730245	0.952216666730245
56	0.026164662045240403	0.9876833333651225	0.9521333333969116
57	0.02588000258207321	0.9873833333969116	0.9528333333969117
58	0.02587143706033627	0.98755	0.95325
59	0.02523221249183019	0.9874000000317892	0.954966666730245
60	0.025488775610923768	0.9875166666984558	0.9536666666984558
61	0.024634343074758848	0.9882000000635783	0.9546666666666667
62	0.024595598521828653	0.9881000000635783	0.9555166666984558
63	0.02459541304409504	0.988666666730245	0.9539
64	0.02431821851034959	0.9882666666984559	0.9554666666984558
65	0.02395186843474706	0.9889500000635782	0.9556333333333333
66	0.023904422362645467	0.9887000000635783	0.9560666666984559
67	0.023214876808722813	0.9888500000635783	0.9569500000317891
68	0.024138954079151155	0.9883666666984559	0.955916666730245
69	0.023772656801342964	0.9890000000635782	0.9560166666984559
70	0.023553384157518547	0.9887833333333333	0.9566333333333333
71	0.02261416141986847	0.9894166666984558	0.9577166666666667
72	0.022325618187586466	0.990116666730245	0.9581500000317892
73	0.022490217953920363	0.98975	0.95735
74	0.022510594047109287	0.9899833333969116	0.957416666730245
75	0.02184382066428661	0.9896833333969116	0.9582500000317892
76	0.022231962317802632	0.9901166666666666	0.9587666666666667
77	0.021848419656852882	0.9899166666666667	0.9583000000317892
78	0.020823875637352468	0.9900333333969116	0.9598500000317891
79	0.021905004318555195	0.9898500000635783	0.9587166667302449
80	0.021268559140960375	0.9899	0.9590833333333333
81	0.02162723823785782	0.9903833333651225	0.9586000000317891
82	0.021606083534161248	0.9906333333969116	0.9583500000635783
83	0.02081246982117494	0.9904000000317892	0.9606000000317891
84	0.020509605743487674	0.9904500000317892	0.9607333333333333
85	0.021097395819425584	0.9903	0.9595666666984558
86	0.021088447481393813	0.990516666730245	0.9606500000317891
87	0.020610651242733	0.9910333333969116	0.9598833333969117
88	0.020182813281814257	0.9911000000635782	0.9611000000635783
89	0.0203145845413208	0.9910833333333333	0.9603166666984558
90	0.020341320276260375	0.9904500000635783	0.9617500000635782
91	0.019410924075047176	0.9910166667302449	0.9616833333333333
92	0.019226772159337997	0.9911166666984558	0.9630500000317891
93	0.020405100180705387	0.9910833333333333	0.9607500000317891
94	0.01998561443289121	0.9910500000317891	0.9617833333969116
95	0.019385372602939606	0.9913	0.96195
96	0.019412765623877445	0.9912	0.9621333333651225
97	0.01964997686743736	0.9910333333651224	0.9622
98	0.018776754923475285	0.9916833333333334	0.9637666667302449
99	0.01930030890305837	0.9914333333969116	0.9618166666984558
100	0.01898192523320516	0.99175	0.9629333333651224
101	0.019088930102189382	0.9915500000317892	0.9622000000317892
102	0.018946321741739908	0.991366666730245	0.9628166666984558
103	0.01883386956801017	0.9917	0.9625500000317891
104	0.019035055025666953	0.9917333333333334	0.9610500000635783
105	0.018902039126555126	0.9918666667302449	0.9614833333969116
106	0.01845935513774554	0.9916500000317892	0.9615666667302449
107	0.01888633840183417	0.9919833333333333	0.9614166666984558
108	0.019284481816490492	0.9917500000635783	0.9609166666666666
109	0.01872716826200485	0.9917833333969116	0.96095
110	0.019062074480454126	0.9919333333969116	0.9607666666984558
111	0.019163118970394133	0.9917000000635783	0.9600833333333333
112	0.0192738259802262	0.99205	0.9595666666984558
113	0.01903368440767129	0.9917000000317892	0.9612666666984558
114	0.019150438852111498	0.9916000000635783	0.960266666730245
115	0.018829554840177298	0.99185	0.9606333333969116
116	0.01884231329411268	0.9920666666666667	0.960316666730245
117	0.01864368723630905	0.9923666666984559	0.9600833333333333
118	0.01887255592023333	0.9918666666666667	0.9602000000635783
119	0.0190759356011947	0.9924000000317892	0.959216666730245
120	0.018927856549620627	0.992466666730245	0.9590000000317891
121	0.018649897976219656	0.99215	0.9596833333333333
122	0.019351565258949995	0.9920333333333333	0.9584333333651225
123	0.018852747346957525	0.9919500000635783	0.9593666666666667
124	0.018461077109972635	0.9928500000635783	0.9598833333651224
125	0.018593524575233458	0.9927166666984558	0.9590333333333333
126	0.018995340556899706	0.9925333333969116	0.95865
127	0.01839300852219264	0.9931	0.9575000000635783
128	0.01853405676186085	0.9927333333969116	0.958366666730245
129	0.019442657403151195	0.9920166666984558	0.9573333333333334
130	0.01910943863391876	0.992316666730245	0.957266666730245
131	0.018966997361183166	0.9927500000317891	0.9576
132	0.01954397229962051	0.9924166666666666	0.9566333333651225
133	0.018151053644220035	0.9928333333333333	0.9593000000635783
134	0.018808321109414102	0.9930666666666667	0.9570000000317891
135	0.019056569089988866	0.9928166667302449	0.9565166666666667
136	0.01886070278187593	0.9928333333333333	0.9570333333333333
137	0.019525570058822633	0.9925666666666667	0.9559333333651224
138	0.019358938644329707	0.9926666666984558	0.956016666730245
139	0.019388301648199557	0.9923333333333333	0.9563666666666667
140	0.01893421673178673	0.9930833333969116	0.955066666730245
141	0.01979703205525875	0.99265	0.9545333333333333
142	0.019411054233709972	0.9926166666984558	0.95555
143	0.01933668640057246	0.9926166666666667	0.9550000000635783
144	0.019518558593591053	0.9924166666984559	0.9558000000635782
145	0.01843427839477857	0.993216666730245	0.9569333333969117
146	0.01942391482392947	0.9927000000635783	0.9551500000635783
147	0.018989533562461535	0.99275	0.9560333333651225
148	0.019150455008943877	0.9931666666666666	0.9537333333969116
149	0.019356294403473535	0.9929	0.9546833333969116
150	0.019292613101005555	0.9928166667302449	0.9541333333651225
151	0.019722983435789744	0.9930666666984558	0.9531666666984558
152	0.019559615596135456	0.9929500000635783	0.9533
153	0.019168475033839543	0.9931166666666666	0.9543333333651225
154	0.019516948942343394	0.9931333333969116	0.95315
155	0.01935855345527331	0.9931	0.95365
156	0.019545361458758514	0.9932500000635783	0.9519000000635783
157	0.01954358003437519	0.9927666666666667	0.9532333333651225
158	0.019410587665687005	0.99285	0.9531333333651225
159	0.019631435310840606	0.9925166666666667	0.9533666666984558
160	0.019683786456783613	0.99305	0.9525833333651225
161	0.020012968417877953	0.9926333333333334	0.952066666730245
162	0.019017186445991197	0.9934	0.9531166666984558
163	0.01951251375277837	0.9928000000635783	0.952966666730245
164	0.019287815340360007	0.9933666666984559	0.9525166667302449
165	0.019739690257112186	0.9930500000635782	0.9509500000317891
166	0.019681173933545747	0.9930666666666667	0.9521833333333334
167	0.019499807532628376	0.9932	0.9516166666984558
168	0.01947228000164032	0.9932333333333333	0.9514500000317891
169	0.019595713019371033	0.9929	0.9513333333333334
170	0.019644960751136142	0.9931500000317891	0.9509333333969117
171	0.019861414285500846	0.9930833333651224	0.9503333333969116
172	0.019446690708398818	0.9931166666666666	0.9512000000635783
173	0.019548063770929974	0.9931000000635782	0.9507166666984558
174	0.019533461659153303	0.9929833333969116	0.95135
175	0.019779273548722266	0.9931500000635783	0.9498833333651224
176	0.019894903955856958	0.99305	0.9494833333651225
177	0.019656056035558384	0.993416666730245	0.9501833333651225
178	0.019367717098196346	0.9933	0.9502666666984558
179	0.01967403933008512	0.9934833333333334	0.9495666666984558
180	0.019763730255762738	0.993166666730245	0.9498833333333333
181	0.020209501147270204	0.9932	0.948816666730245
182	0.019580249052246413	0.9934000000635783	0.9495000000317891
183	0.020056495460867883	0.99335	0.94845
184	0.019970667682091395	0.993	0.9475500000635783
185	0.019886235678195953	0.9932000000317891	0.9484833333333333
186	0.02010493589838346	0.9929833333969116	0.9475833333333333
187	0.020514132049431404	0.9931666666666666	0.9475833333651225
188	0.0197631003861626	0.9934333333333333	0.9493166666984558
189	0.020099534313877423	0.9931333333969116	0.9482
190	0.020062281875809034	0.9935333333333334	0.9461333333651225
191	0.02009311636586984	0.9931666666666666	0.9471666666666667
192	0.020472172140081724	0.9937166666666667	0.9466166666984558
193	0.02005477973620097	0.993416666730245	0.9464833333333333
194	0.02019456137319406	0.9935	0.9464833333651225
195	0.020093210357427598	0.993416666730245	0.9453333333969116
196	0.020347963048020997	0.99345	0.9457166667302449
197	0.02061933082342148	0.9930666667302449	0.9466000000317891
198	0.020412062487006187	0.9933000000635783	0.94525
199	0.020250615576903025	0.9934833333333334	0.9463500000635783
200	0.021042333402236303	0.9929333333333333	0.9449500000635783
201	0.020471252704660096	0.9932000000635783	0.9456166667302449
202	0.020516304272413254	0.9937833333969116	0.9436000000635782
203	0.020631931533416113	0.9936000000635783	0.9441500000317892
204	0.02093559739192327	0.99285	0.9444666666984558
205	0.020576594139138857	0.9932000000635783	0.9448666666984558
206	0.020664117081960042	0.99315	0.9450000000635783
207	0.020680001866817475	0.9930000000635782	0.94425
208	0.021002730931341647	0.9933	0.9431833333651225
209	0.020670461868246396	0.9934000000635783	0.944116666730245
210	0.020966695638497672	0.9934833333651225	0.9430833333333334
211	0.021115105028947194	0.993316666730245	0.9428666666984558
212	0.020461959777772428	0.9936	0.9438166666666666
213	0.020778340636690457	0.9938666667302449	0.9420666666666667
214	0.0207258610188961	0.9933833333969116	0.9426
215	0.020906137264768282	0.9933166666666666	0.9420333333651225
216	0.020721416504184405	0.9934333333333333	0.9434833333651225
217	0.02104083361973365	0.9935833333333334	0.9416666667302449
218	0.02147962273756663	0.9932333333333333	0.9415000000635783
219	0.0214394099911054	0.9930833333333333	0.9418500000317891
220	0.021407244005799294	0.9934	0.9419833333651225
221	0.020851498846213023	0.993366666730245	0.9416166666984558
222	0.02058622482717037	0.9934833333333334	0.9419666666666666
223	0.02183027777870496	0.9930833333969116	0.94015
224	0.021064295026659966	0.9934333333333333	0.94125
225	0.02103242346396049	0.9934333333333333	0.9405833333651225
226	0.02131727397441864	0.9935333333333334	0.9398333333969117
227	0.020983284518122675	0.9934333333333333	0.9413166667302449
228	0.021653704092899958	0.993366666730245	0.9397000000635782
229	0.021077116258939106	0.9936833333969116	0.9398666666984559
230	0.021385159344474474	0.9931833333969117	0.9396166666984558
231	0.0213234726468722	0.9935000000635783	0.9390666666984558
232	0.021421121754248935	0.9931166666666666	0.9391333333969116
233	0.021788441690802574	0.9933333333333333	0.9381333333333334
234	0.021791919785737992	0.993216666730245	0.9384500000317891
235	0.02167870872194568	0.9934333333333333	0.9385833333651225
236	0.02140133594075839	0.9937166666666667	0.9383500000317891
237	0.021837399289011954	0.9934833333333334	0.937816666730245
238	0.02171157358090083	0.9935333333333334	0.9379666666984559
239	0.021575939748684565	0.9938166667302449	0.93825
240	0.02205673177142938	0.99335	0.9367333333969117
241	0.02177111623485883	0.993416666730245	0.9376000000317891
242	0.022399307425816854	0.9935166666666667	0.9355833333333333
243	0.021815485424300035	0.9936833333333334	0.9367500000317891
244	0.02194810321331024	0.9935666666984558	0.9362
245	0.022122645366191865	0.9930666666666667	0.9364833333333333
246	0.02176711613535881	0.9935333333969116	0.9360333333969116
247	0.021957144170006115	0.9935666666666667	0.9372333333651225
248	0.02211453736225764	0.9934	0.9365666666666667
249	0.021786126430829365	0.9934333333969116	0.9364166667302449
250	0.022273919558525087	0.9931166667302449	0.9345000000635783
251	0.021956604756911597	0.9933000000635783	0.9352500000635783
252	0.022394569072127342	0.9930833333969116	0.9356000000635782
253	0.022125857041279475	0.9933	0.9360833333651225
254	0.022218244983752567	0.9936333333333334	0.9355833333333333
255	0.02222858146727085	0.993566666730245	0.9341333333333334
256	0.022459129497160515	0.99315	0.9344500000635783
257	0.02250304270039002	0.9933333333333333	0.9338000000635783
258	0.022458892414967218	0.993366666730245	0.933016666730245
259	0.022478027884165447	0.9935666666666667	0.9322
260	0.02268747518956661	0.99365	0.9320333333651225
261	0.022658466976881026	0.9934166666666666	0.93255
262	0.02257612941041589	0.9935	0.9331500000635783
263	0.023041909922162693	0.9933000000635783	0.9319333333651225
264	0.023197857545812925	0.9933	0.9323333333969116
265	0.02281491170922915	0.9932666666984558	0.931716666730245
266	0.022957176098227502	0.99365	0.9309
267	0.023446330532431604	0.9932833333333333	0.9295166666666667
268	0.023090327177445094	0.9932333333969117	0.9309833333651225
269	0.023222576931118965	0.99335	0.931116666730245
270	0.023237898029883703	0.9932666666666666	0.9302333333969116
271	0.02292958056430022	0.9930833333333333	0.9312333333333334
272	0.023298969345291454	0.9930666666666667	0.9296666666666666
273	0.023713855361938478	0.9931	0.9294166666666667
274	0.023379362857341768	0.9933	0.9302000000317892
275	0.02328391676545143	0.9933666666666666	0.9293666666984558
276	0.02359927394539118	0.993	0.9284000000635783
277	0.023560819973548253	0.9930166666984558	0.9289166666666666
278	0.02293355580965678	0.9934166666666666	0.929816666730245
279	0.02356185145378113	0.9932333333651224	0.927916666730245
280	0.023816666098435718	0.9933666666666666	0.9272833333651225
281	0.023069770808021226	0.9932166666666666	0.9291333333969116
282	0.02393735275665919	0.9930166666666667	0.9278666666984559
283	0.02335198293328285	0.9932	0.9285000000635782
284	0.023630879056453703	0.9932	0.9270666666984558
285	0.023187664113442103	0.9931833333969117	0.9277333333969117
286	0.02345380597313245	0.9934333333969116	0.9267500000635783
287	0.02384421136875947	0.9935833333969116	0.9259333333333334
288	0.02378142695079247	0.9931333333969116	0.9267166666666666
289	0.023865325916806856	0.9935000000635783	0.9245166667302449
290	0.023776715936263404	0.9935833333333334	0.9263333333969116
291	0.024254811894893646	0.9936000000635783	0.9250833333969116
292	0.024589108781019848	0.9931166666666666	0.9253000000317891
293	0.024370486112435658	0.9933333333969117	0.9242500000635783
294	0.024473218433062237	0.9933500000317892	0.9249166666666667
295	0.024268763211369514	0.9935	0.9243833333333333
296	0.024839742757876714	0.9929500000635783	0.9243
297	0.023636926170190177	0.9934333333969116	0.9247000000635783
298	0.024111066910624503	0.9932166666666666	0.9249
299	0.024314700535933178	0.9933333333969117	0.9233000000317891
300	0.02463627220193545	0.9933666666666666	0.9228000000317892
301	0.025165315488974254	0.9930666666666667	0.9219333333969116
302	0.02450818121333917	0.9934666666666667	0.9228333333651225
303	0.02517198824286461	0.9932000000635783	0.9218166666666666
304	0.025440349432826043	0.9932666666666666	0.9204333333969116
305	0.024702346618970236	0.9930666666666667	0.9205500000635782
306	0.025128987153371175	0.99345	0.9215500000635782
307	0.02516666539510091	0.9933666666666666	0.9206
308	0.025164372596144676	0.9933666666666666	0.9205500000635782
309	0.025096349944670995	0.9931333333969116	0.9207500000317892
310	0.02542951004107793	0.9934166666666666	0.9203333333651225
311	0.025766958496967952	0.9931500000635783	0.9179000000317892
312	0.02537869515021642	0.9933333333969117	0.9198666666666667
313	0.025376589317123097	0.9929	0.9191333333969116
314	0.025557521463433902	0.9930666666666667	0.9195666666666666
315	0.025639524056514103	0.9932166666666666	0.9195000000635782
316	0.026077196218570072	0.9928666667302449	0.917566666730245
317	0.02548733386794726	0.9931833333333333	0.918816666730245
318	0.025149166118105252	0.9933833333333333	0.9187500000317892
319	0.02551627128124237	0.9931166666666666	0.9180666666666667
320	0.02585468416213989	0.9934166666984559	0.9166500000635783
321	0.02564180566817522	0.99335	0.91735
322	0.026205306761463484	0.9928833333333333	0.9165
323	0.02563875824213028	0.9934333333651225	0.9177833333333333
324	0.02620251489530007	0.9934666666666667	0.9160000000635783
325	0.025810483436783153	0.9929166666984558	0.9166166666984558
326	0.026199884696801505	0.9928666666984558	0.9151333333651225
327	0.02604906903107961	0.9932333333333333	0.9159666666984558
328	0.02605343059102694	0.993466666730245	0.91525
329	0.02604224808216095	0.9931500000635783	0.9149666666666667
330	0.026614534455537797	0.9931333333333333	0.9132833333651225
331	0.026593536561727523	0.9933333333333333	0.9130500000317892
332	0.026056790484984715	0.9928666666984558	0.9151666666984558
333	0.026566520809133846	0.9931833333333333	0.9127666666666666
334	0.02667609210908413	0.9929166666666667	0.9133666667302449
335	0.026589607593417167	0.9930166666666667	0.9137500000317892
336	0.027039219703276954	0.9928666667302449	0.9131333333333334
337	0.026950469489892322	0.9926000000317892	0.9122833333333333
338	0.02757460547486941	0.9927166666666667	0.91175
339	0.027458047840992608	0.9926	0.911766666730245
340	0.0264454560538133	0.99305	0.9124333333333333
341	0.026729841538270314	0.9931166667302449	0.9118000000635783
342	0.027456362586220105	0.9927666666666667	0.9117166666984559
343	0.027302331986029944	0.9929	0.9104166666666667
344	0.02682786895831426	0.9929333333333333	0.9110500000635783
345	0.02758787819246451	0.9930833333333333	0.9095333333333333
346	0.027486162783702216	0.9931	0.9090833333969116
347	0.027260968919595084	0.9931333333651224	0.9092333333651225
348	0.027481371480226516	0.9927500000635783	0.9080333333651225
349	0.027472580166657767	0.9927666667302449	0.9082666667302449
350	0.027541536473234495	0.9932166666666666	0.9089666666984558
351	0.027299366889397304	0.993166666730245	0.9091000000317891
352	0.027401136509577432	0.9933333333969117	0.9079000000635783
353	0.02808838537335396	0.9927666666666667	0.9068500000317892
354	0.027577512216567995	0.9935833333969116	0.9074833333651224
355	0.028078277645508447	0.9926666666666667	0.9062833333969116
356	0.027320066779851913	0.9935	0.9087166666666666
357	0.027979107475280762	0.9929166666666667	0.9062666666666667
358	0.02850269466837247	0.9927333333333334	0.9059333333651225
359	0.02807468775312106	0.9927833333969116	0.9063000000635782
360	0.028767269774278004	0.9925666666666667	0.9039833333333334
361	0.02861581488053004	0.9927333333969116	0.903766666730245
362	0.02855346983075142	0.9930333333333333	0.9023666667302449
363	0.02857144014239311	0.9928166666666667	0.9040166667302449
364	0.028968268374602	0.9925833333333334	0.9039666666666667
365	0.028576647500197092	0.9929333333333333	0.9036666666984559
366	0.02890476307471593	0.9929666666666667	0.902766666730245
367	0.02904587597648303	0.9925833333333334	0.902466666730245
368	0.02855701713860035	0.9927500000635783	0.9031333333651225
369	0.02918446709215641	0.99295	0.902516666730245
370	0.028898166986306508	0.9925333333651225	0.9028833333651225
371	0.029188114619255065	0.9926500000635783	0.90105
372	0.029150320903460186	0.9930666666666667	0.90135
373	0.028880956226587297	0.9926500000635783	0.9018333333651225
374	0.02886730700135231	0.993	0.9006500000635783
375	0.029565437039732932	0.9925166666666667	0.89925
376	0.030010325944423676	0.9923333333651225	0.8983333333651224
377	0.029385821276903153	0.9927833333333334	0.9004500000317891
378	0.02966714355746905	0.9926833333333334	0.8989666666666667
379	0.029722085124254227	0.9925500000635783	0.8986
380	0.029990144246816636	0.9925000000635783	0.8971166666666667
381	0.029728543907403947	0.9928666667302449	0.8981833333651225
382	0.030085654989878335	0.9928666666666667	0.8970833333969116
383	0.030195447421073912	0.9923833333651225	0.8960833333969116
384	0.029877977752685546	0.9931166666666666	0.8967500000317892
385	0.03021061472594738	0.992366666730245	0.8968166666984558
386	0.030068631472190223	0.9927166666666667	0.8960166667302449
387	0.02968175742228826	0.9929833333969116	0.8972833333969116
388	0.029890267117818198	0.9928	0.8956166666666666
389	0.03026029495894909	0.9926333333333334	0.8945166666984559
390	0.029965106219053267	0.9924833333969116	0.89605
391	0.030622570739189784	0.9922666666666666	0.8956333333969116
392	0.030563032233715058	0.9927500000635783	0.8933166666984558
393	0.03066450091600418	0.9923833333333333	0.8953833333969117
394	0.030420804131031036	0.9925166666666667	0.8933000000635782
395	0.030945603797833125	0.9928166666666667	0.8924166666984558
396	0.031034198025862377	0.9925166666984558	0.8915000000635783
397	0.031179823051889738	0.9920333333333333	0.8928500000317892
398	0.03148807996759812	0.9924666666666667	0.8917833333969116
399	0.030645468586683274	0.9928500000635783	0.8926333333651225
400	0.03103122964898745	0.9927166666666667	0.8914666666666666
401	0.030696657502651215	0.9927000000635783	0.89385
402	0.03110403775771459	0.99245	0.8910833333333333
403	0.031810403792063395	0.9927333333969116	0.8895333333969117
404	0.03176269996960958	0.992366666730245	0.8893833333651224
405	0.03169590241511663	0.9922500000635783	0.8891666666984558
406	0.0315930513660113	0.9922666666666666	0.888366666730245
407	0.03104852928320567	0.9924666666666667	0.8899666667302449
408	0.03152469610571861	0.9926000000317892	0.8873666666984558
409	0.0310557219316562	0.9929166667302449	0.8898500000635783
410	0.031717598056793216	0.9928333333969116	0.8882166667302449
411	0.03237655666619539	0.9924166666666666	0.8871666666984558
412	0.03211981183886528	0.9922666666984558	0.8852833333651224
413	0.031675462355216344	0.9924000000635783	0.88615
414	0.03204434088667234	0.9922	0.8847833333651225
415	0.03228987328608831	0.99235	0.8850333333969116
416	0.03224462072054545	0.9923333333651225	0.8839833333651225
417	0.03242792353034019	0.9921500000635783	0.8836166666984558
418	0.03269155958791574	0.9921166666666666	0.8841833333969116
419	0.03298898035287857	0.9918500000635783	0.8851333333651225
420	0.03266938288410505	0.9927333333333334	0.8828333333651225
421	0.032608487713336944	0.9926000000635783	0.8836333333651225
422	0.032965697465340296	0.9923500000635783	0.8840500000635783
423	0.032912057467301685	0.9921833333333333	0.8825500000317892
424	0.03235636200904846	0.9924666666666667	0.8843833333651224
425	0.032776688359181086	0.992616666730245	0.88265
426	0.03319708581169446	0.9926666666666667	0.8809
427	0.03267968383828799	0.992366666730245	0.8831500000635782
428	0.03301909297903379	0.9922833333333333	0.8810666667302449
429	0.03327308365901311	0.9924833333969116	0.879466666730245
430	0.03322938770055771	0.9922333333333333	0.8804000000635783
431	0.033168728707234064	0.992666666730245	0.8791333333651224
432	0.033394037372867266	0.9922166666666666	0.8795333333969116
433	0.033869217058022816	0.9923	0.8786500000317892
434	0.033519703225294746	0.992516666730245	0.8782833333969117
435	0.033560562245051065	0.9921	0.8781
436	0.03384079093933105	0.99215	0.8786166666984558
437	0.03399768351912499	0.9920833333969116	0.8770333333651225
438	0.033673976796865464	0.9924666666666667	0.8761333333969116
439	0.03405209250648816	0.992216666730245	0.875766666730245
440	0.03416602855126063	0.99235	0.8765333333651225
441	0.0347776049276193	0.9918	0.8754333333969117
442	0.03458826400637627	0.9922500000317891	0.8745166666666667
443	0.03392756690780322	0.9922500000635783	0.8764833333333333
444	0.03431670685013135	0.9920666666666667	0.8746833333651225
445	0.034359211581945416	0.9922000000635783	0.8736333333651225
446	0.033871881671746575	0.9926	0.8738833333969116
447	0.03507096059322357	0.9917	0.8731500000635782
448	0.034867824145158134	0.9924333333969116	0.8717833333651225
449	0.03464024853905042	0.9918333333333333	0.8724166666666666
450	0.03431141152183215	0.9924	0.8728000000317891
451	0.034823446385065716	0.9923000000635783	0.8719833333651225
452	0.03461963102221489	0.9923000000635783	0.8718500000635783
453	0.03522776005069415	0.9917666666666667	0.8710166666984558
454	0.03468654384414355	0.9920166666666667	0.8708333333969116
455	0.0350250418027242	0.9921166667302449	0.8699833333969116
456	0.03494530465801557	0.99195	0.8702500000635783
457	0.03508283374706904	0.99235	0.8699166667302449
458	0.035679566911856336	0.9913666666666666	0.8695166666666667
459	0.035922589524587	0.9913333333333333	0.8685666666984558
460	0.03531881997585297	0.9923666666666666	0.8682500000317891
461	0.035304620736837385	0.99215	0.8680166666666667
462	0.03568197886149089	0.991466666730245	0.8689166666666667
463	0.03555737112760544	0.9924500000635783	0.8668833333651225
464	0.036311857479810715	0.9916333333651225	0.8659666666984558
465	0.03589415578643481	0.9922833333333333	0.8675666666666667
466	0.03605053690473239	0.9919500000635783	0.8671333333651224
467	0.03598330902258555	0.9922666666984558	0.8653333333333333
468	0.03624685307145119	0.9918666666666667	0.8662833333333333
469	0.035540528364976245	0.9920666666984558	0.8647333333969116
470	0.035778201458851494	0.9921000000635782	0.8665833333969116
471	0.03599889359474182	0.9919333333969116	0.8637
472	0.03598666197458903	0.9923666666666666	0.8637500000317891
473	0.036353712133566536	0.9920333333969116	0.8635500000635783
474	0.036216572604576745	0.9921333333333333	0.8630666666984558
475	0.03683123239477475	0.9920333333969116	0.8609500000635782
476	0.03707175541122754	0.991666666730245	0.8612333333969117
477	0.03669086140791575	0.9916166666666667	0.8615833333333334
478	0.037059387155373893	0.9919666666666667	0.8604666666984558
479	0.03693630695144336	0.9917500000635783	0.8623000000317892
480	0.036795277110735575	0.9915833333333334	0.8609500000317891
481	0.03726478683948517	0.9921500000317891	0.859416666730245
482	0.037242834120988846	0.9920166667302449	0.8596833333651225
483	0.036843498317400615	0.99185	0.8600333333333333
484	0.03700146953662237	0.9914833333333334	0.8584166666666667
485	0.03748024150133133	0.9917666666666667	0.8579833333969116
486	0.037268940562009814	0.9918500000635783	0.8572500000317892
487	0.03794932062427203	0.9918333333969116	0.8575000000635783
488	0.03771741031010946	0.9916000000635783	0.8580166667302449
489	0.03761411479115486	0.9915833333333334	0.8552666666984559
490	0.03782172988653183	0.99175	0.8560500000635783
491	0.03830144615372022	0.9915833333333334	0.8546666666984558
492	0.03885595091780027	0.9911666666666666	0.8538833333651225
493	0.038187515306472776	0.9917833333969116	0.8539166666666667
494	0.037947838348150256	0.991416666730245	0.8552000000317892
495	0.03849573092659314	0.9914	0.8534833333651225
496	0.038195159395535784	0.9919166666666667	0.8542000000317892
497	0.03806732939481735	0.991716666730245	0.8547833333651225
498	0.03774177730679512	0.9919333333969116	0.8546166666984558
499	0.03795329653024673	0.9916333333333334	0.8543500000317892
500	0.03850224376916885	0.9915333333651225	0.8538166667302449
501	0.03909649671912193	0.9913833333969116	0.8511333333969117
502	0.03802451298236847	0.9920833333333333	0.85165
503	0.03775150364935398	0.9923	0.8516166667302449
504	0.03839418430129687	0.9919000000317891	0.8504833333651225
505	0.0388119382917881	0.9915166666666667	0.8508666666666667
506	0.038997100200255715	0.9919	0.8504166666984558
507	0.03926630844871203	0.9911666666666666	0.8478333333969116
508	0.03866627809604009	0.9915333333333334	0.849366666730245
509	0.038353429583708444	0.9919166666666667	0.8501166666666666
510	0.03985382260084152	0.9920333333651224	0.8471
511	0.03942746804555257	0.9912500000317891	0.8480333333969117
512	0.03923496369520823	0.9917	0.8473666666666667
513	0.03937935353716215	0.9917000000635783	0.8466833333333333
514	0.03952066309849421	0.99185	0.8461000000317891
515	0.03912331204811732	0.9919666666666667	0.8459666666984558
516	0.039909295759598416	0.9917833333651225	0.8436666667302449
517	0.03906416157285372	0.9920833333969116	0.84495
518	0.03945614952246348	0.9918833333333333	0.8437666666666667
519	0.04059844023386637	0.9908833333651225	0.8434500000635783
520	0.039619642406702044	0.991616666730245	0.8440166666984558
521	0.04002567697167397	0.99165	0.8428000000317891
522	0.0402471389790376	0.991366666730245	0.842
523	0.03944064681529999	0.9918000000635783	0.8430833333969117
524	0.04056150604089101	0.9910166667302449	0.8412000000317892
525	0.040637660149733225	0.9914500000635783	0.8400333333651224
526	0.04071375348965327	0.9910500000317891	0.8416000000635783
527	0.04065511763294538	0.9915666666666667	0.8392
528	0.0408710189362367	0.99165	0.8400666666666666
529	0.04119606274366379	0.99185	0.8396166666984558
530	0.040897975927591326	0.9915333333333334	0.8398166666984558
531	0.04074754069248835	0.9916166666666667	0.8385
532	0.040626283943653106	0.9919333333651225	0.8363500000317892
533	0.041006473767757415	0.9913	0.8375
534	0.04132001965045929	0.9917000000635783	0.838
535	0.0414718228161335	0.9911333333969117	0.835416666730245
536	0.040747361266613005	0.99155	0.8369666666666666
537	0.040655798958738644	0.9914	0.83625
538	0.041813524309794105	0.9911333333969117	0.8352666666984558
539	0.041341418236494065	0.9916833333333334	0.834066666730245
540	0.041564686989784244	0.9912333333969117	0.8364000000317892
541	0.041157910120487216	0.9917666666984558	0.8337833333969116
542	0.0414188179731369	0.9914000000635783	0.8350166666666666
543	0.04135409135818482	0.9916333333333334	0.83485
544	0.0416406640291214	0.9913333333333333	0.833866666730245
545	0.04215566554069519	0.99135	0.8308
546	0.04189362024664879	0.9912833333969117	0.8337500000635782
547	0.04185808118979136	0.9914333333651225	0.8328833333333333
548	0.042098676472902295	0.9911666666666666	0.8299666666666666
549	0.041870149676005046	0.9915833333333334	0.8317666666666667
550	0.042250787283976875	0.9911	0.8298333333333333
551	0.04191335864861806	0.9912500000635783	0.8306500000635783
552	0.042516752217213315	0.99135	0.8287166666666667
553	0.04238502399524053	0.9914833333333334	0.8287500000317891
554	0.042090110806624094	0.9909333333969116	0.8295333333333333
555	0.0425699500143528	0.9915	0.8276833333969116
556	0.04242160506049792	0.9916833333333334	0.8264333333969116
557	0.042212498191992444	0.9915166666984558	0.8293833333969116
558	0.042796574199199675	0.9913000000635783	0.828
559	0.04248540426095327	0.9918333333969116	0.8269000000317891
560	0.04250240670442581	0.991716666730245	0.8257500000317891
561	0.04267183721065521	0.9912	0.8257333333333333
562	0.043096076961358386	0.9911833333333333	0.82555
563	0.042895849931240085	0.9910666667302449	0.8266833333333333
564	0.0434391472419103	0.9914	0.8235
565	0.043114299782117206	0.9914000000317892	0.8231166666984558
566	0.04298155105113983	0.9911166666984558	0.8243833333969116
567	0.043451840672890346	0.9913833333333333	0.8232500000635783
568	0.04301778188149134	0.9914666666666667	0.8222333333969116
569	0.044411844672759375	0.9911333333333333	0.8210000000317892
570	0.04389768317937851	0.99065	0.8209833333969117
571	0.04374200744628906	0.9910666666984558	0.8206833333651224
572	0.04411130119164785	0.9907166667302449	0.8200833333651225
573	0.043216924037535985	0.9915166666666667	0.8210333333651225
574	0.044040538779894514	0.9912166666666666	0.8186000000635782
575	0.044035968250036236	0.9914833333333334	0.8201500000317892
576	0.04355220102866491	0.9910333333333333	0.8202333333969116
577	0.045572382271289825	0.9900333333969116	0.8155666666984558
578	0.0444730919778347	0.9911333333333333	0.81685
579	0.04407655503749847	0.99115	0.8176833333333333
580	0.04361484472950299	0.9912500000635783	0.8191000000635783
581	0.04439955224394798	0.9908833333969116	0.8161666666666667
582	0.04371420812606812	0.9909833333969116	0.8171833333969116
583	0.04518350015481313	0.9904000000317892	0.8153000000317892
584	0.04483263288935026	0.9913	0.8158166666666666
585	0.04498104618191719	0.9913333333333333	0.8124
586	0.044998576323191326	0.9915500000317892	0.8156833333969116
587	0.044675716336568194	0.9914333333333334	0.8133166666984558
588	0.04467962255279223	0.9912833333969117	0.8131
589	0.04463321193854014	0.9910000000317891	0.8153
590	0.04463726678689321	0.9910333333333333	0.8149000000635783
591	0.044712921305497484	0.9911166666984558	0.8137166666666666
592	0.04490349847873052	0.9907166667302449	0.81175
593	0.04578032495180766	0.9906833333333334	0.8106666666984558
594	0.0455216045777003	0.9908333333333333	0.8110833333333334
595	0.0460815691947937	0.99045	0.808216666730245
596	0.0460460241874059	0.9904333333333334	0.8093166666984558
597	0.04569258843064308	0.9908	0.808916666730245
598	0.04525243020455043	0.99115	0.8120166666666667
599	0.04459641768137614	0.9911500000635783	0.8084333333651225
600	0.04631094748576482	0.9911333333333333	0.809116666730245
601	0.045827470501263935	0.9907333333651225	0.8089833333969116
602	0.04536200377146403	0.9908666666666667	0.8104833333333333
603	0.045041755797465645	0.9912500000635783	0.8085166666666667
604	0.04587205850481987	0.9910833333333333	0.8073
605	0.046414011609554294	0.990316666730245	0.8043666667302449
606	0.04626707818110784	0.9913333333651225	0.8048666666666666
607	0.04577152837117513	0.991	0.80485
608	0.04616532932519913	0.9913833333969116	0.8062833333969116
609	0.04687841504414876	0.9903666666984559	0.8038166666984559
610	0.04612765249609947	0.9916833333333334	0.8021833333969116
611	0.04633129268884659	0.9909833333333333	0.8020000000635783
612	0.04618026789426804	0.9912666666666666	0.8025500000635782
613	0.04626306939323743	0.9907000000317892	0.8046833333651224
614	0.04593946350812912	0.9908666666984558	0.8047833333651224
615	0.04648784994284312	0.9910833333333333	0.8047333333492279
616	0.04668079071243604	0.9909	0.8022500000635783
617	0.0474727848470211	0.9907833333333333	0.8000500000635783
618	0.04628274675607681	0.9914333333333334	0.8000333333651225
619	0.04677115362882614	0.9912	0.8013833333651225
620	0.046387466295560204	0.9911	0.8015166666984558
621	0.046554207956790924	0.9914000000635783	0.7987666666666666
622	0.04693043495019277	0.9912500000317891	0.7991500000635783
623	0.04780735300381978	0.9907333333969116	0.7955500000317891
624	0.04761733733018239	0.9906500000635783	0.7988166666666666
625	0.04701153020858765	0.9910333333333333	0.7968166666825612
626	0.04764824843009313	0.99125	0.7952333333492279
627	0.04697520070473353	0.9904666666984558	0.7979833333969116
628	0.04683628582557042	0.9909833333651225	0.7972000000317891
629	0.04669903090397517	0.9908000000317891	0.798016666730245
630	0.04795843646526337	0.9908833333651225	0.795966666730245
631	0.04783215591708819	0.9907833333333333	0.7939166666984558
632	0.047353820655743284	0.9911500000635783	0.7952833333651225
633	0.04735764192342758	0.9910333333969116	0.7966333333651224
634	0.0477001107553641	0.9907333333333334	0.7938166666666666
635	0.048084684999783835	0.9909666666666667	0.7942000000317891
636	0.04717419023911158	0.9911500000635783	0.79595
637	0.048359775372346245	0.9898666667302449	0.7928000000317892
638	0.04958855441411336	0.9903166666984559	0.7915500000317891
639	0.047802118345101674	0.9908166666666667	0.7920333333651225
640	0.04788068172534307	0.9907666667302449	0.7927333333651225
641	0.047643144104878105	0.9906833333333334	0.7914000000317891
642	0.04758034645716349	0.9908666666984558	0.7909666666984558
643	0.04856265082359314	0.9899666666666667	0.7921333333492279
644	0.048820575491587324	0.990566666730245	0.7886833333333333
645	0.048227764683961866	0.9909666666666667	0.7873833333969116
646	0.04886315637032191	0.9906333333969116	0.7881500000317891
647	0.048642796198527016	0.9908833333333333	0.7873166666825613
648	0.04860618209441503	0.9904500000635783	0.7871500000317891
649	0.04965694167216619	0.9901500000635783	0.7863166666666667
650	0.0493494687239329	0.9910666666984558	0.7837666666825612
651	0.048899265879392625	0.9907833333333333	0.7843500000635782
652	0.050174354807535806	0.9902833333969117	0.7849833333333334
653	0.048447115329901376	0.9908833333651225	0.7862166667302449
654	0.0496715218881766	0.9904666666666667	0.7846000000317891
655	0.04838227684895197	0.9906166666666667	0.7862666666825613
656	0.04920066259702047	0.9907	0.7845000000317891
657	0.04876993532180786	0.9904666666666667	0.7867333333492279
658	0.04972681374549866	0.9906	0.7833
659	0.05023975986639659	0.9905666666666667	0.78045
660	0.05037510348161062	0.9901833333333333	0.7801833333969116
661	0.04981109098196029	0.9902000000317891	0.7824500000317891
662	0.04970897257725398	0.9904666666984558	0.7819166666984558
663	0.049826088805993395	0.9907000000635783	0.7820666667302449
664	0.05082059314250946	0.9897000000317892	0.7795833333333333
665	0.04997330535252889	0.9904833333969116	0.7796166666984559
666	0.04967596877813339	0.9902000000635783	0.7810500000158945
667	0.04992107439041138	0.9906833333333334	0.77665
668	0.049862467241287234	0.9904166666666666	0.7819000000158945
669	0.050034864779313404	0.9906333333969116	0.7805833333651224
670	0.05006940217018128	0.9907166666984558	0.7795666666666666
671	0.049697552875677745	0.9904666666984558	0.7776
672	0.049976542609930036	0.9908166666666667	0.7781666666666667
673	0.05005883104006449	0.9908500000635783	0.7751833333651225
674	0.05018853392203649	0.9909166667302449	0.7781833333651225
675	0.04995067975918452	0.9910666667302449	0.7769500000317892
676	0.05059405297438303	0.9909333333969116	0.7743500000317891
677	0.05054728208382924	0.9907000000635783	0.7774
678	0.05053650155862172	0.9903666666666666	0.7728666666984558
679	0.05041012372672558	0.9909833333333333	0.7771333333969116
680	0.05142235857248306	0.9896000000635783	0.7731500000317891
681	0.050443325535456336	0.9906500000635783	0.7740333333492279
682	0.050604352686802544	0.9913000000635783	0.770716666730245
683	0.05108778742949168	0.9909000000635783	0.7712333333333333
684	0.05120172600746155	0.9904333333969116	0.7718833333651225
685	0.05166771278778712	0.9898833333969116	0.7713833333651224
686	0.050860929107666014	0.9902500000635783	0.7704166666984558
687	0.05090967223246892	0.9908666666666667	0.771866666730245
688	0.05078646539847056	0.990266666730245	0.7715833333969117
689	0.05135271065036456	0.9902833333333333	0.7716666666984558
690	0.05111506382624308	0.9908166666666667	0.7691166666666667
691	0.051258722496032715	0.9907	0.7690333333969116
692	0.05033921008904775	0.9913666666666666	0.7685833333969116
693	0.051278622589508695	0.9906166666666667	0.7677833333492279
694	0.051465641895929976	0.9903833333333333	0.7675500000158946
695	0.05176845508813858	0.9908666666666667	0.7681333333651225
696	0.05191444172859192	0.9908500000317891	0.7676166666825612
697	0.051421176878611245	0.9902666666666666	0.7674666666666666
698	0.05167122951944669	0.9908	0.7660666666825613
699	0.05106149962345759	0.9909833333333333	0.7664833333333333
700	0.05173595167001088	0.9903333333651225	0.7647000000317892
701	0.05224687547882398	0.9902666666666666	0.7645500000635783
702	0.05151183260281881	0.9902333333651224	0.7674833333492279
703	0.05265351838668188	0.9894000000317892	0.7676333333651225
704	0.051795669281482694	0.9904	0.7656166666825612
705	0.05211303257346153	0.990366666730245	0.7640833333969116
706	0.052954249370098114	0.9905333333969116	0.7605333333333333
707	0.05257342976331711	0.9898166667302449	0.7633000000317891
708	0.051331252400080365	0.9904833333969116	0.7653
709	0.052336868182818096	0.9908666666666667	0.7626
710	0.05255880977710088	0.9900666666984558	0.7623833333492279
711	0.05267689579327901	0.9898166666984558	0.7614666666825612
712	0.05256481166680654	0.9905833333651225	0.7591166666825613
713	0.05251372053225835	0.9902166666666666	0.7616500000317892
714	0.052563611384232836	0.9906500000635783	0.7587166666666667
715	0.05253727970520655	0.9905166666984558	0.7583833333651224
716	0.052478952646255496	0.9901166666666666	0.7605666666666666
717	0.05287987668911616	0.9904500000635783	0.7589666666666667
718	0.05339651050567627	0.9899333333651225	0.7571000000158946
719	0.05265667279958725	0.9902	0.7592166666984558
720	0.05294883533318837	0.990316666730245	0.7566166666984558
721	0.05380793991486232	0.9899000000317891	0.7585333333651225
722	0.05255363334019979	0.9906000000635783	0.7573
723	0.053091947106520335	0.9906333333969116	0.7567000000158945
724	0.05343345157702764	0.99045	0.7532333333333333
725	0.052234502251942955	0.990666666730245	0.7572833333651224
726	0.053519676506519315	0.9901333333969117	0.7569666666825612
727	0.05316203801035881	0.9901333333969117	0.75305
728	0.05291508586804072	0.9904833333333334	0.7549833333651225
729	0.053687136169274646	0.9904	0.7562166666984558
730	0.05336079035600026	0.9904833333333334	0.7526500000158945
731	0.05302124735116959	0.9902666666666666	0.7534000000158946
732	0.05340332204898198	0.9907166667302449	0.7529666666666667
733	0.05343287119070689	0.9902833333651225	0.7541666666666667
734	0.0536613044778506	0.9903833333969116	0.7493500000317892
735	0.05394511162042618	0.9905833333651225	0.7511666666984558
736	0.05395030807256699	0.990466666730245	0.7537833333651225
737	0.05398648358186086	0.990416666730245	0.7521166666825613
738	0.054179949462413786	0.9897833333969116	0.7501333333969116
739	0.053736071356137595	0.9899833333333333	0.7508
740	0.05456838111082713	0.9899833333969116	0.7478666666825612
741	0.0542905261516571	0.9906333333651225	0.7453500000039737
742	0.054420791749159494	0.9904000000317892	0.7483666666984559
743	0.054680669232209524	0.990116666730245	0.7461666666984558
744	0.05389494180083275	0.9902	0.7488666667302449
745	0.053492679067452746	0.9906666666666667	0.7486166666825612
746	0.054121230534712475	0.990516666730245	0.7472500000317891
747	0.05415193574229876	0.9899833333333333	0.7516500000317892
748	0.05474232638279597	0.9902166666666666	0.7416500000317892
749	0.054703837045033774	0.9901666666666666	0.7445833333333334
750	0.05443396111329397	0.9899833333651225	0.7455333333492279
751	0.05476666521231333	0.99	0.744416666730245
752	0.054892288442452745	0.99005	0.7402166666825613
753	0.05581273899873098	0.9897666666666667	0.740766666674614
754	0.05536753609975179	0.9897833333969116	0.7432166666984558
755	0.055465308519204455	0.9900166667302449	0.7431333333651224
756	0.054653504665692645	0.9904	0.74415
757	0.05535399373372396	0.9900666666984558	0.7418833333651225
758	0.05474051327308019	0.9904333333333334	0.7416833333492279
759	0.05487801862557729	0.9906333333969116	0.7430500000158946
760	0.054994271504879	0.9903833333969116	0.7388500000158946
761	0.05583566377560298	0.9894000000635783	0.7382833333333333
762	0.055360257148742674	0.9902666666984558	0.7411500000317891
763	0.05531804957389832	0.9893666666666666	0.7410166666984558
764	0.055118869602680205	0.990216666730245	0.74115
765	0.05483793156345685	0.9899833333333333	0.7386333333651225
766	0.055457552993297576	0.9902333333969117	0.7416333333333334
767	0.05478448571364085	0.990166666730245	0.7386500000317892
768	0.05531705076694488	0.9902666666666666	0.7394000000158946
769	0.056330572724342345	0.9895166666984558	0.7362166666825612
770	0.05631871014436086	0.9900333333651224	0.7392000000079473
771	0.05581092567841212	0.9899833333651225	0.7359833333651224
772	0.05541151914993922	0.99035	0.7357666666666667
773	0.05580913023551305	0.9906833333969116	0.7354333333492279
774	0.055623343241214755	0.9906833333333334	0.7352500000317892
775	0.05574621076981227	0.9895833333651225	0.7379166666825613
776	0.05543899149099986	0.9906500000317892	0.7335166666825612
777	0.05652003024816513	0.9902166666666666	0.7345500000158945
778	0.05551350830992063	0.9897833333969116	0.7347166666666667
779	0.05607767932415009	0.9900333333651224	0.7348333333651225
780	0.05605088756879171	0.9899500000317891	0.7342333333651225
781	0.056313529928525285	0.9897833333333333	0.7326
782	0.05635092372496923	0.9898500000635783	0.7299333333651224
783	0.05637695521513621	0.989566666730245	0.7323166666984559
784	0.056185435577233635	0.9902500000635783	0.73365
785	0.056121445246537525	0.9903166666984559	0.7287666666825613
786	0.0564110529700915	0.9899500000635783	0.7280833333651224
787	0.05646177257696788	0.9903833333333333	0.7311
788	0.05654731516043345	0.9896500000317892	0.7312333333492279
789	0.056561172485351564	0.9897333333969116	0.7290166666825613
790	0.056633000095685324	0.9903000000635783	0.7292666666984559
791	0.05674780011177063	0.98995	0.7314166666746139
792	0.05676939041614532	0.9904833333333334	0.7275833333651225
793	0.057107240919272106	0.9902000000635783	0.7267500000079473
794	0.057883822369575504	0.9893333333333333	0.7251000000317891
795	0.05651206670204798	0.9902333333333333	0.72655
796	0.05693814472754796	0.9901833333651224	0.7265666666825612
797	0.05770836385091146	0.9898666666666667	0.7244833333651225
798	0.05710493806203206	0.9901333333651224	0.725783333349228
799	0.056804201833407085	0.9895666666666667	0.7261666666984559
800	0.0573779579838117	0.990166666730245	0.7252166666825612
801	0.05692500036160151	0.9902	0.7247
802	0.05750413341522217	0.9899666666666667	0.7242833333412806
803	0.056181402933597566	0.9901000000635782	0.728
804	0.05698845856189728	0.9905000000635783	0.7248833333492279
805	0.05649256956775983	0.9903000000635783	0.7258833333333333
806	0.057410872864723204	0.9901000000317891	0.7206666666666667
807	0.05802297030289968	0.9897	0.7253166666984558
808	0.05717897780736288	0.9900333333333333	0.7263333333412806
809	0.05712862125237783	0.9900333333969116	0.7246166666825612
810	0.05804625159104665	0.9899666666666667	0.7216666666825612
811	0.05701924563248952	0.9901666666984558	0.72075
812	0.05740200637976329	0.9901000000635782	0.720833333349228
813	0.057931947835286456	0.98955	0.7225833333333334
814	0.05785329665342967	0.9900000000635782	0.7212833333651225
815	0.05782602589527766	0.9899333333969116	0.7220000000317891
816	0.05716592759291331	0.9899666666984558	0.7231333333333333
817	0.05787156748771667	0.9897	0.7190166666984558
818	0.05815941959222158	0.9902166666666666	0.7169833333651224
819	0.05881468578974406	0.9895000000635783	0.7185166666825612
820	0.05749520505269368	0.9902500000635783	0.7184166666666667
821	0.058030375870068866	0.9894833333969116	0.7171333333412806
822	0.058465320642789205	0.989616666730245	0.7176666666666667
823	0.05850018005371094	0.9899833333333333	0.7161000000158946
824	0.057728637599945065	0.99055	0.7176000000079473
825	0.05765444621642431	0.9900666666666667	0.7186333333333333
826	0.05755595353841782	0.9902333333333333	0.7165500000317891
827	0.058047078108787536	0.9901666666984558	0.7144
828	0.05785308646361033	0.9899166666984558	0.7163833333492279
829	0.058208253630002336	0.9899000000635783	0.7172166666666666
830	0.05830552399158478	0.9897833333333333	0.7168000000317891
831	0.05827278995513916	0.99025	0.7188833333412806
832	0.058681158868471785	0.9898666667302449	0.7120166666666666
833	0.05936471885442734	0.989466666730245	0.7104166666666667
834	0.05883721361160278	0.9897833333333333	0.7123
835	0.0589926162481308	0.990116666730245	0.7108833333492279
836	0.058283883706728615	0.9900333333651224	0.7148333333412806
837	0.05877113608519236	0.990116666730245	0.7120000000079473
838	0.058847785047690074	0.9896333333969116	0.712
839	0.0589671898762385	0.9900500000635782	0.7123333333333334
840	0.05908724340995153	0.98965	0.71095
841	0.05928966004053752	0.9900166666666667	0.7105333333492279
842	0.059123040040334064	0.989516666730245	0.7064833333412807
843	0.05906568260192871	0.9895	0.7088333333492279
844	0.05897660385767619	0.9899500000635783	0.7075833333492278
845	0.05887847990989685	0.9899	0.71355
846	0.05910568021138509	0.9901500000635783	0.7110333333651224
847	0.05903697710037231	0.9897333333333334	0.708516666674614
848	0.05915519698460897	0.9897833333969116	0.7090333333333333
849	0.05884818690220515	0.9896833333969116	0.7130500000317891
850	0.058554338908195495	0.9902833333969117	0.7109500000317891
851	0.0586579704840978	0.9900833333333333	0.7063500000158945
852	0.05913111897706985	0.9899500000635783	0.7121833333333333
853	0.05911097004016241	0.99	0.7102166666666667
854	0.05928857774734497	0.990166666730245	0.7098333333333333
855	0.059031163342793784	0.9897666667302449	0.7074
856	0.05876716965039571	0.9901333333651224	0.7105500000158945
857	0.06018566187620163	0.9900333333333333	0.7018000000317891
858	0.05963275847434998	0.9900000000317891	0.708566666674614
859	0.059947354332606	0.9899166666666667	0.7032000000079472
860	0.060280224978923796	0.9899000000635783	0.7018666666825613
861	0.05967305086453756	0.9899333333651225	0.7084333333333334
862	0.05977901239792506	0.9898666666984558	0.7007833333412806
863	0.059694882663091024	0.9898333333333333	0.7092666666666667
864	0.059813837877909344	0.9899166666984558	0.6984666666666667
865	0.06011650700966517	0.9895833333333334	0.7016666666825613
866	0.05973370696703593	0.9899166667302449	0.7029666666825612
867	0.06018322025140126	0.9896000000635783	0.7029333333492279
868	0.06007439980109533	0.9890833333651224	0.705716666674614
869	0.05954282100200653	0.9902	0.7047333333651224
870	0.059778706630071	0.9902166666666666	0.7017000000317891
871	0.05980585259993871	0.9900166666666667	0.6987000000079473
872	0.060016322755813596	0.9896500000317892	0.7001
873	0.05977203958034515	0.9899166667302449	0.69925
874	0.061636974624792736	0.9892666666666666	0.6972333333492279
875	0.06085173352559407	0.9897666667302449	0.6962166666706403
876	0.0605717695236206	0.9894833333969116	0.6984500000158945
877	0.06021666502157847	0.9895500000635783	0.6998500000158946
878	0.060226081041495	0.989316666730245	0.70065
879	0.06027835001150767	0.989616666730245	0.6992
880	0.06071613042751948	0.9900166667302449	0.6990833333651225
881	0.06047400401433309	0.9897333333651225	0.6940833333492279
882	0.060706941521167755	0.9897333333969116	0.7
883	0.06103323000272115	0.9895000000635783	0.69735
884	0.06049142642418544	0.98985	0.6987000000158946
885	0.05999706081946691	0.9895166666666667	0.7011833333412806
886	0.06116646311283112	0.9898000000317891	0.693233333337307
887	0.060156320556004846	0.9902166666666666	0.7012500000158945
888	0.06103395989338557	0.989116666730245	0.6950833333492279
889	0.06078992208639781	0.98915	0.6986333333333333
890	0.06115636008580526	0.9899166667302449	0.6930000000079473
891	0.060982873431841535	0.9898000000317891	0.6948500000158946
892	0.06144157103697459	0.9893666666666666	0.691316666674614
893	0.0614520259976387	0.9896666666666667	0.6928833333333333
894	0.061431773686408994	0.989316666730245	0.6967333333651224
895	0.06153610462347667	0.9899333333333333	0.69145
896	0.061971150620778404	0.9897833333969116	0.6926333333412806
897	0.06146358919938406	0.9895000000317892	0.6928666666825612
898	0.06081053467194239	0.9899333333969116	0.6920000000317892
899	0.06128847594261169	0.9894833333333334	0.69045
900	0.06072140848636627	0.9899166667302449	0.6923166666666667
901	0.06099182643890381	0.989216666730245	0.6936833333492279
902	0.061575913043816884	0.9899	0.6922666666666667
903	0.06108303847312927	0.9897833333969116	0.6923833333333334
904	0.061902763644854225	0.9899500000635783	0.6850666666746139
905	0.06091451567808787	0.989616666730245	0.6924166666825612
906	0.061683504875501	0.9899166667302449	0.6908000000079473
907	0.061110395367940266	0.9899500000635783	0.68515
908	0.0619896564245224	0.9892166666666666	0.6859666666825612
909	0.06189204215208689	0.9893166666984559	0.6888833333492279
910	0.06135622827212016	0.9895500000317892	0.6880166666666667
911	0.06093068034450213	0.9899333333969116	0.6910000000635783
912	0.06201698039770126	0.9896166666666667	0.6877166666984558
913	0.06220510328610738	0.9897333333333334	0.686516666674614
914	0.06161224041779836	0.9898166667302449	0.68905
915	0.06254158743222554	0.98875	0.6805166666666667
916	0.06187104789415995	0.98995	0.6851333333333334
917	0.06192760646343231	0.9893833333333333	0.6864000000317891
918	0.06158275425434113	0.9897833333333333	0.6905166666984558
919	0.06222277994155884	0.9896	0.6872166666825612
920	0.06161090537707011	0.98985	0.6887
921	0.06197610574960709	0.9896833333969116	0.6912500000079473
922	0.06279636668364207	0.9895000000635783	0.6807666666666666
923	0.06264590963125229	0.9891833333969117	0.6870333333492279
924	0.06238768851359685	0.9890333333969116	0.6829333333492279
925	0.06267094680070877	0.9897500000635783	0.6842000000079473
926	0.0624557914853096	0.989316666730245	0.67825
927	0.06309717673063278	0.9885333333969116	0.6810000000317892
928	0.062106721250216164	0.98935	0.6783666666984558
929	0.061899279244740806	0.98995	0.6843166666984558
930	0.06219939393202464	0.9893166666666666	0.6848000000079473
931	0.062080243599414824	0.9895833333969116	0.6847
932	0.06215291212797165	0.989266666730245	0.6841833333412806
933	0.06234151934782664	0.989316666730245	0.6858500000079473
934	0.06249468019008637	0.9892666666666666	0.6830000000158946
935	0.06203404572407405	0.9896000000635783	0.6835166666825613
936	0.06270563804308574	0.9896333333333334	0.6789333333333334
937	0.06314130509694417	0.9888333333333333	0.6743833333412806
938	0.0628369323015213	0.989	0.6840666666746139
939	0.06329367181460063	0.989416666730245	0.6789666666666667
940	0.062327444982528686	0.9899666666666667	0.67815
941	0.06238407337665558	0.9896166666666667	0.6793666666825613
942	0.06265721141497294	0.9899833333969116	0.6805833333333333
943	0.06259422710339228	0.9900666666984558	0.6767666666825612
944	0.06310180524190268	0.9892833333969117	0.6772500000158945
945	0.06261227724552154	0.9899333333333333	0.6815333333412806
946	0.0625435674905777	0.9900000000317891	0.6831166666706403
947	0.06229934445619583	0.9899000000317891	0.6778166666666666
948	0.06288795651992161	0.9891666666984558	0.6776333333333333
949	0.06283454991181692	0.9894	0.6809666666825612
950	0.063951700091362	0.9891833333651224	0.6725166666666667
951	0.06296011586189271	0.9893166666666666	0.6794833333373069
952	0.06364987200101217	0.9893000000635783	0.6749333333492279
953	0.06308573050498963	0.9889833333969116	0.6771833333333334
954	0.06371827602386475	0.9897500000317891	0.6716
955	0.06346808195114136	0.9894000000317892	0.6688000000079473
956	0.06268075852394105	0.9897333333651225	0.6797000000079473
957	0.06358885322411854	0.9889833333969116	0.6747666666666666
958	0.06301369845072428	0.9895	0.6744833333333333
959	0.06378122628132503	0.9886666666984558	0.6744666666666667
960	0.06308112913767497	0.9894500000317892	0.6710833333333334
961	0.0629327978293101	0.9900166667302449	0.6763000000158945
962	0.06403420158227285	0.9890666667302449	0.675216666674614
963	0.06352013382911682	0.9892166666666666	0.6738833333412806
964	0.06334688207308452	0.98935	0.6757666666825612
965	0.0639683442791303	0.9888333333969116	0.6701833333333334
966	0.06369658584594727	0.98925	0.6661000000158945
967	0.06341652789910635	0.9893000000635783	0.6748666666666666
968	0.06334083276589711	0.9890666666666666	0.6734666666666667
969	0.06334063931703568	0.9899166666666667	0.6732
970	0.06321137900749842	0.9896666666666667	0.67315
971	0.06340181045134863	0.9897166667302449	0.6750166666825612
972	0.06432023745377859	0.9898833333969116	0.66105
973	0.06365190172990164	0.989366666730245	0.6690833333492279
974	0.06391105639139812	0.9894000000635783	0.6732000000158945
975	0.06284704898198445	0.9896833333333334	0.6770333333412806
976	0.06347566315333049	0.9887333333333334	0.6727166666746139
977	0.06422581024169922	0.9889333333969116	0.6682166666825612
978	0.0644693922996521	0.9894333333969116	0.6585500000079473
979	0.06411841470797856	0.9890666666984558	0.6694000000158946
980	0.06389120831886927	0.989466666730245	0.6707333333492279
981	0.06351633984247844	0.9891166666666666	0.6721833333333334
982	0.06448281106154125	0.9894666666666667	0.6616166666825612
983	0.06340190185705821	0.9896166666984558	0.6674500000158946
984	0.0642998370885849	0.9894666666666667	0.6685500000158946
985	0.06396538832585016	0.9891833333969117	0.6760166666666667
986	0.06425420239766438	0.9898833333651225	0.6687833333492279
987	0.06512213965257009	0.9889666666984558	0.662
988	0.06453077499866486	0.9891333333333333	0.65935
989	0.06358502802848816	0.9894833333651225	0.6700666666825612
990	0.06519859130382538	0.9887000000317892	0.6651333333412807
991	0.06388442085584005	0.9896333333969116	0.668
992	0.06424356191953023	0.9896666666984558	0.6623833333333333
993	0.06423481842676798	0.989166666730245	0.6608666666666667
994	0.06445854048331578	0.9889	0.6671166666825612
995	0.06428905503352483	0.989616666730245	0.6625666666984558
996	0.0644073621114095	0.9895000000635783	0.6677833333492279
997	0.06446985460519791	0.9895833333333334	0.66315
998	0.06548888341585796	0.9885833333969116	0.6638166666706403
999	0.06436216893990834	0.9893333333969117	0.6598333333492279
1000	0.06446104757388432	0.9894	0.6652000000158945
1001	0.06400153213739396	0.9895833333333334	0.6678666666746139
1002	0.06443310277064641	0.9892666666984559	0.660166666674614
1003	0.06367667956352234	0.9899166666666667	0.6637833333333333
1004	0.06477762649854024	0.9893833333969116	0.6584833333333333
1005	0.06421657427151999	0.9892166666666666	0.6624500000158946
1006	0.06395550651550293	0.989466666730245	0.66445
1007	0.06481755247910817	0.9889500000635782	0.6640000000158945
1008	0.06484527927239736	0.9890500000635782	0.66455
1009	0.0648234739859899	0.98935	0.6560166666666667
1010	0.06363304285208385	0.9891333333969117	0.66765
1011	0.06451306613286337	0.9887500000635783	0.6627333333412806
1012	0.06487641824086507	0.9893833333969116	0.6612166666666667
1013	0.06387275990247726	0.98995	0.6613666666825613
1014	0.06494907468557358	0.9890833333969116	0.6618166666666667
1015	0.06568313161532084	0.98925	0.6581333333412807
1016	0.06435690507094065	0.9895833333651225	0.6572833333373069
1017	0.06448519911766053	0.9897000000635783	0.6596500000158946
1018	0.06455204296906789	0.9894	0.6606000000158946
1019	0.06514054839611054	0.9889166666666667	0.6615000000079473
1020	0.064904620885849	0.9895333333333334	0.6593166666666667
1021	0.06449148698647816	0.9889	0.6653833333333333
1022	0.06500655450026194	0.9893333333651225	0.65025
1023	0.06476943406661352	0.9893666666666666	0.66115
1024	0.0665633068561554	0.9880666667302449	0.6506833333333333
1025	0.06626689088344574	0.9886166666666667	0.6472333333333333
1026	0.06525246656735738	0.989316666730245	0.6612166666825613
1027	0.0654009437441826	0.98875	0.6631500000079473
1028	0.06530381243228912	0.9885500000317892	0.6522166666666667
1029	0.065318488184611	0.9891833333651224	0.66275
1030	0.06552323077519735	0.98985	0.6510166666825612
1031	0.06564586876233419	0.98905	0.6516333333412806
1032	0.0644645264228185	0.9894500000317892	0.6529166666666667
1033	0.06511013766527175	0.989216666730245	0.6544000000317891
1034	0.06570033733050029	0.9889166666666667	0.6566500000079473
1035	0.06471904842853546	0.9899833333651225	0.6590500000079473
1036	0.06575126610596975	0.9889333333969116	0.6556500000079473
1037	0.06556514463424683	0.9893	0.65785
1038	0.064606527586778	0.9890833333969116	0.6535500000079473
1039	0.06564112486839295	0.9888333333333333	0.6559833333333334
1040	0.06606762822469076	0.9896333333333334	0.647366666674614
1041	0.06534317673444748	0.9892	0.6551833333412806
1042	0.06666763607660929	0.9882833333969117	0.6517166666706403
1043	0.06446613587538401	0.9895000000635783	0.6581666666666667
1044	0.06532089161078135	0.9891833333651224	0.65045
1045	0.06534388537009557	0.989566666730245	0.6522000000158946
1046	0.06559034759600957	0.9888666667302449	0.6536166666746139
1047	0.06495819897651672	0.9896666666666667	0.6577166666825612
1048	0.06504387663205465	0.9894500000635783	0.6563333333373069
1049	0.06598376588026683	0.9888166666666667	0.6566666666825612
1050	0.06645827307303746	0.9882833333333333	0.645933333337307
1051	0.06569851137797038	0.989	0.6446500000079473
1052	0.06497244919141133	0.9890666666666666	0.6485166666746139
1053	0.06557223627567291	0.9890666667302449	0.6507333333412806
1054	0.06589873997370402	0.9897833333969116	0.64925
1055	0.0658231556336085	0.989466666730245	0.6440166666666667
1056	0.06565752166112264	0.9893833333969116	0.6520500000079473
1057	0.06538926935990652	0.989316666730245	0.6527666666706403
1058	0.06550960536003113	0.9894666666666667	0.6505000000079473
1059	0.06608137693405151	0.9894666666984558	0.6465666666706403
1060	0.06571634786923726	0.9893500000635783	0.6510000000039736
1061	0.06694044620196024	0.9885333333969116	0.64565
1062	0.06676184232234955	0.9895166666984558	0.640733333337307
1063	0.06635011863708497	0.9893500000635783	0.6457333333333334
1064	0.06568391889731089	0.98935	0.6498333333333334
1065	0.0664742798089981	0.9890500000635782	0.6449666666666667
1066	0.06635762091477712	0.9889666666984558	0.6512833333333333
1067	0.06620194828510284	0.9891500000317891	0.6462333333333333
1068	0.06596318482557932	0.9897166667302449	0.6373833333353202
1069	0.06621984903812408	0.9887000000635783	0.6482666666666667
1070	0.06635828064282735	0.9892166666984558	0.6499666666825612
1071	0.06627950971921286	0.9888000000635783	0.6500666666706403
1072	0.0668488329966863	0.9886333333651225	0.64645
1073	0.06590599284569422	0.9894	0.6483000000158946
1074	0.06557875188191732	0.9898000000635783	0.6513833333492279
1075	0.06668349937200546	0.9893666666666666	0.6385000000079473
1076	0.06665383224487305	0.9888833333969116	0.6425166666746139
1077	0.06514796638488769	0.9894833333969116	0.6551000000079473
1078	0.06682605218489965	0.9884000000635783	0.6424333333412806
1079	0.06624876969655355	0.9890333333651224	0.6343333333333333
1080	0.06645631983280181	0.9892666666666666	0.643016666674614
1081	0.06668978639841079	0.9890333333333333	0.6434666666746139
1082	0.0666076930920283	0.9891833333333333	0.6408666666666667
1083	0.06658636746406556	0.989166666730245	0.6347166666746139
1084	0.06620458294550578	0.989266666730245	0.6500333333333334
1085	0.06574017456372579	0.9894333333333334	0.6511500000079473
1086	0.06639680948257447	0.9894333333969116	0.6427500000158946
1087	0.06720662102699279	0.9887833333333333	0.6369666666706403
1088	0.06688654812177022	0.9888833333333333	0.6453166666706404
1089	0.06688364908695221	0.9889833333333333	0.6369
1090	0.06688082942962646	0.9890500000635782	0.6406333333333334
1091	0.06707477389176687	0.9887833333969116	0.6379333333333334
1092	0.06618185462156932	0.9889000000317891	0.6460166666666667
1093	0.06598089118798574	0.9890833333969116	0.6481666666706403
1094	0.06669572069644927	0.9886500000635783	0.6483833333412806
1095	0.06564996104240417	0.989516666730245	0.6444500000039737
1096	0.068236443567276	0.9880000000635782	0.6344
1097	0.06675063889026642	0.9894666666984558	0.6459333333333334
1098	0.06738166015942891	0.9887166666666667	0.6386333333333334
1099	0.0665890691836675	0.9893166666666666	0.6426833333412806
1100	0.06657539387543997	0.9894833333969116	0.6420333333492279
1101	0.06622231849034628	0.9891000000317891	0.6463
1102	0.06730460508664449	0.9887333333333334	0.6352666666706404
1103	0.06688554905255635	0.9892166666666666	0.63995
1104	0.06716350058714549	0.9887	0.64395
1105	0.06629070837497711	0.9889833333333333	0.6383500000039737
1106	0.06590011382500331	0.9894000000635783	0.643966666674614
1107	0.06658926240603129	0.9891333333651224	0.6326666666825612
1108	0.06707162261009217	0.9885833333333334	0.6414333333333333
1109	0.06627918988068898	0.9893166666984559	0.6363333333333333
1110	0.0673707803964615	0.9888166666666667	0.6402
1111	0.06646941786607106	0.9889333333969116	0.6454500000039737
1112	0.06659665069580079	0.9894	0.6359833333333333
1113	0.06766122122605642	0.9891833333333333	0.6290833333373069
1114	0.06717400772571563	0.9885666666666667	0.6293000000039737
1115	0.06675780084133148	0.9891166666666666	0.6379000000158945
1116	0.06698416078885397	0.9890166666666667	0.6419166666666667
1117	0.06684321920871734	0.9893500000635783	0.6403833333333333
1118	0.06671051138242086	0.98935	0.6379000000079473
1119	0.0675458641688029	0.9889000000317891	0.6343833333412806
1120	0.06678567933241526	0.9893833333333333	0.6428166666746139
1121	0.06779451387723287	0.98855	0.6292333333492279
1122	0.0674486604611079	0.9891666666666666	0.6353500000079473
1123	0.06704719235102335	0.9889833333333333	0.6362
1124	0.0672097646077474	0.989	0.6382166666666667
1125	0.06662897143363952	0.9893000000317892	0.6432500000079473
1126	0.06700751852989197	0.9890333333969116	0.6412333333333333
1127	0.06703757836818695	0.9891166666984558	0.6345333333353201
1128	0.06700072645346324	0.9884833333333334	0.6429166666666667
1129	0.067141708167394	0.9894000000317892	0.6329833333412807
1130	0.06697977811892827	0.9885	0.6403333333412806
1131	0.06743890298207601	0.9894166666666667	0.6310666666666667
1132	0.06679803504149119	0.9887500000317891	0.6421833333373069
1133	0.06647778938611348	0.989116666730245	0.64295
1134	0.06916434593995412	0.9881833333969117	0.6129833333412806
1135	0.06771668159961701	0.98895	0.6384
1136	0.06674564460118612	0.9892000000317891	0.6394500000079473
1137	0.06704275061289469	0.9890500000635782	0.6352
1138	0.06791571698188782	0.9887333333969116	0.6264666666746139
1139	0.06611528449058533	0.9895333333651225	0.6345166666666666
1140	0.06694851518472036	0.9893000000635783	0.6286333333343267
1141	0.06651779589653015	0.989366666730245	0.639333333337307
1142	0.06744719563325247	0.9890500000635782	0.6296333333412806
1143	0.06722706560293834	0.9890833333651224	0.6358166666706403
1144	0.0665759550690651	0.9885833333333334	0.6410666666666667
1145	0.06678476205269496	0.9886833333333334	0.6442166666706403
1146	0.06727585016091665	0.9888500000317891	0.6286333333412806
1147	0.06864834751288096	0.989166666730245	0.6190333333412806
1148	0.06733901196320852	0.9887833333969116	0.635116666674614
1149	0.06754324676990509	0.9888166666984558	0.6295000000039737
1150	0.06770349175930024	0.9889333333333333	0.6357166666706403
1151	0.06736795433362325	0.9890166666984558	0.6350166666666667
1152	0.06794675840139389	0.988566666730245	0.6312333333412806
1153	0.06682015732924143	0.9890666666666666	0.6309166666666667
1154	0.06714458462397258	0.9889333333333333	0.634166666674614
1155	0.0676319124619166	0.9888166666984558	0.6321666666706404
1156	0.06737292681535086	0.9890500000635782	0.6371666666706403
1157	0.06817205528418223	0.9886833333333334	0.6319833333373069
1158	0.06854400003353754	0.9880166666666667	0.6217666666666667
1159	0.06728491454124451	0.9893000000635783	0.6291000000158946
1160	0.06737902891635895	0.9889000000317891	0.6324666666746139
1161	0.0670146533091863	0.9890833333969116	0.6307000000158945
1162	0.06893427101771037	0.9883833333969116	0.6198166666686535
1163	0.06661059408982595	0.9895000000317892	0.638266666674614
1164	0.06811525035699209	0.9891333333969117	0.6256500000079472
1165	0.06692764001687368	0.9893000000635783	0.6355000000039737
1166	0.06662907103697459	0.9891	0.63905
1167	0.06747618298530579	0.9889333333333333	0.6361500000039736
1168	0.06761680088043213	0.9891	0.6314666666706403
1169	0.06781125255425771	0.9895166666666667	0.6174000000158946
1170	0.06738881192207337	0.98895	0.6319166666686535
1171	0.06712203155358633	0.98935	0.6305666666706403
1172	0.0681697996298472	0.9884333333651225	0.6199333333333333
1173	0.0680891169945399	0.988466666730245	0.61895
1174	0.06818139073053996	0.989116666730245	0.632683333337307
1175	0.06736357268492381	0.9891333333333333	0.6354500000039737
1176	0.06792090834776561	0.9886333333333334	0.6289333333353202
1177	0.06713589545090994	0.9884666666666667	0.6369000000079473
1178	0.06778622047901153	0.9889833333969116	0.62505
1179	0.06724209814866385	0.9888666666666667	0.6285666666706403
1180	0.0671220104932785	0.9893500000317892	0.6374000000039737
1181	0.06740683397452037	0.9894833333333334	0.6274833333353201
1182	0.06672701396942139	0.989316666730245	0.6421166666666667
1183	0.0683403930981954	0.9884833333333334	0.6256666666666667
1184	0.06862080274422963	0.9883833333333333	0.6301833333412806
1185	0.06744836693207423	0.9896166666666667	0.624716666674614
1186	0.06784110108613968	0.9888833333969116	0.6293333333333333
1187	0.06781988819440206	0.9889333333651225	0.6183166666746139
1188	0.06890905713240306	0.9879833333333333	0.62395
1189	0.06787471638520559	0.9896500000317892	0.6224000000019868
1190	0.0676291107694308	0.9886166666666667	0.6347666666706403
1191	0.06752488762537638	0.9889666666666667	0.634
1192	0.06710859121878941	0.9895333333333334	0.6278666666666667
1193	0.06801065598328908	0.9890333333333333	0.6293333333353202
1194	0.06924751728375753	0.9880500000635782	0.6188333333333333
1195	0.06865703176657359	0.988516666730245	0.6178
1196	0.06838814721107483	0.9887666667302449	0.63165
1197	0.06715857363541922	0.9893000000635783	0.6290833333412806
1198	0.06844169175227482	0.9883166666666666	0.6291333333333333
1199	0.06779983092943827	0.9884833333333334	0.6339833333412807
1200	0.06751766151984533	0.9885833333333334	0.6171333333333333
1201	0.06852117755413055	0.9882833333969117	0.6278166666666667
1202	0.0691731125275294	0.9879833333333333	0.6135666666666667
1203	0.06853960857788721	0.9882833333333333	0.6266666666746139
1204	0.06767804853518804	0.9890833333333333	0.630533333337307
1205	0.06740789494514465	0.9893833333651225	0.6305833333412806
1206	0.06773908376693726	0.9889166666666667	0.628866666674614
1207	0.06726720253626506	0.9890500000635782	0.6221666666706404
1208	0.06880710566838583	0.9883333333651225	0.6177166666666667
1209	0.06787607883612315	0.9891666666666666	0.6267
1210	0.06779805138111114	0.9894166666666667	0.62441666666766
1211	0.06705007421175639	0.989266666730245	0.628233333337307
1212	0.06673553417523702	0.98885	0.6378333333412807
1213	0.06848968640168508	0.9886333333651225	0.6271333333333333
1214	0.0678303192059199	0.989216666730245	0.6186166666666667
1215	0.06779603658517201	0.98915	0.6227666666706403
1216	0.06797518892288208	0.9886	0.6325666666666667
1217	0.06803845969041189	0.9884666666666667	0.6276166666706403
1218	0.06794753191471099	0.9894166666666667	0.6239333333373069
1219	0.06869726922512054	0.9887833333969116	0.616333333337307
1220	0.06765423510869344	0.9891000000317891	0.6287666666686534
1221	0.0685073700507482	0.9891833333969117	0.6250166666706403
1222	0.0689434164683024	0.9887333333969116	0.62125
1223	0.06829354571501414	0.9883666666666666	0.6207
1224	0.06876051251888275	0.988666666730245	0.6191833333333333
1225	0.06809541691144308	0.9885333333969116	0.6304500000079473
1226	0.06909040058453877	0.9887333333333334	0.6199166666706403
1227	0.06812393620014191	0.9885500000635783	0.6242666666706403
1228	0.06802108553250631	0.9892833333333333	0.6223333333353201
1229	0.06781139297485352	0.9891333333333333	0.6276333333412806
1230	0.06787339268922805	0.9887333333969116	0.625916666674614
1231	0.06856806457837422	0.9884000000635783	0.6241500000039737
1232	0.06754275579055151	0.9890333333333333	0.6303333333492279
1233	0.06824650779565175	0.98905	0.6142666666666666
1234	0.06933421907424926	0.9879166666666667	0.6132333333492279
1235	0.06837082231839497	0.9891666666984558	0.620483333337307
1236	0.06892402973175049	0.988566666730245	0.6183000000079473
1237	0.06695806520779927	0.989316666730245	0.6347
1238	0.06856447494029999	0.9885166666666667	0.6140333333492279
1239	0.06871112275123596	0.9891500000635783	0.6157000000039736
1240	0.06713628234068553	0.9891833333969117	0.6347166666666667
1241	0.06907404933770497	0.98825	0.6205166666666667
1242	0.06743588983217876	0.9894666666666667	0.6287166666746139
1243	0.06930004638830821	0.9884333333969116	0.6160333333492279
1244	0.06850120094617208	0.9886666666984558	0.6221000000004967
1245	0.06780608669916789	0.9898166666666667	0.62085
1246	0.06831091938813527	0.9891333333333333	0.6206000000158945
1247	0.06743263566493989	0.9898666667302449	0.624433333337307
1248	0.06839288051128388	0.9891333333969117	0.62225
1249	0.06926001090208689	0.9886333333651225	0.6032666666746139
1250	0.06863573571046193	0.989	0.6235500000019868
1251	0.0690868570168813	0.9887	0.6173000000039737
1252	0.06906734723250071	0.9886333333969116	0.612116666674614
1253	0.06802844358285268	0.9888333333333333	0.6238833333343268
1254	0.0686118780930837	0.9886500000635783	0.6181333333343267
1255	0.06852058581511179	0.9891833333651224	0.6224500000079473
1256	0.06858551316261291	0.9887500000317891	0.6158500000079473
1257	0.06728634085655212	0.9892166666666666	0.632116666674614
1258	0.06900963792006175	0.9892166666666666	0.6032333333333333
1259	0.06844034934838612	0.9891000000635782	0.623966666674614
1260	0.06986838619709015	0.9880166667302449	0.6060666666666666
1261	0.06840674097537994	0.9888333333651225	0.6206000000019868
1262	0.06798167975743612	0.989216666730245	0.6183500000079473
1263	0.06773958490689595	0.9891833333333333	0.6251166666666667
1264	0.0681937246799469	0.9888000000635783	0.6115666666666667
1265	0.06913146946430206	0.9884166666666667	0.62155
1266	0.06893856365680695	0.9887166666666667	0.60995
1267	0.06790565555095672	0.9890833333651224	0.6203333333333333
1268	0.06854345288276673	0.9887333333651225	0.6039666666706404
1269	0.06766467134952545	0.98915	0.622333333337307
1270	0.06827749821345011	0.9889833333333333	0.6224833333333334
1271	0.0681424721956253	0.989116666730245	0.6260333333412806
1272	0.0684997808456421	0.9892	0.6216166666686535
1273	0.06781402594248453	0.989166666730245	0.6184500000039737
1274	0.06845523099104564	0.9888500000317891	0.6193833333333333
1275	0.06897120689551035	0.9890666666984558	0.6089333333412806
1276	0.06880441419283549	0.9890166666666667	0.6148333333333333
1277	0.06833178350130717	0.9886000000635783	0.6202
1278	0.0687438714504242	0.9890333333333333	0.6115166666706403
1279	0.06856185289223989	0.98885	0.609283333337307
1280	0.0683496329943339	0.9890333333969116	0.6217666666666667
1281	0.06829809355735779	0.9888333333333333	0.6111666666706403
1282	0.06836370389461517	0.9890833333651224	0.61495
1283	0.06984622518221538	0.987666666730245	0.6123333333333333
1284	0.06971947548389434	0.9885333333333334	0.6177666666706403
1285	0.06870827109018962	0.9888833333333333	0.6144166666706403
1286	0.0681068575223287	0.9891333333969117	0.614483333337307
1287	0.0678835010846456	0.989516666730245	0.6225500000019868
1288	0.06883127230008443	0.9888833333333333	0.611133333337307
1289	0.06929801133473715	0.988316666730245	0.6176333333338301
1290	0.06987169579664866	0.988116666730245	0.608383333337307
1291	0.06842605051994324	0.9887833333651225	0.6187166666686534
1292	0.06902391492128372	0.9889	0.6198666666666667
1293	0.06841601452032725	0.9888833333969116	0.6230000000039736
1294	0.06842117044130962	0.9893500000635783	0.611716666674614
1295	0.06878324573834738	0.9886833333651225	0.62085
1296	0.06806277485688528	0.98945	0.6120666666686535
1297	0.06865831705729167	0.9890000000635782	0.6148166666666667
1298	0.06888702596823375	0.9886000000635783	0.6152166666746139
1299	0.06951925489902497	0.9890333333969116	0.6054333333333334
1300	0.06923504920005798	0.9880833333969116	0.6086
1301	0.06850400054852168	0.9889833333969116	0.6129
1302	0.06826946917374929	0.98925	0.615866666674614
1303	0.06940614320437113	0.9890333333969116	0.60915
1304	0.06908440274397531	0.9885166666984558	0.6126666666666667
1305	0.06794830179214477	0.9891833333333333	0.6178833333412806
1306	0.06839131321112314	0.9891333333651224	0.6190000000079473
1307	0.06804883310000101	0.9887333333333334	0.62405
1308	0.06796717746257781	0.9892166666666666	0.6180166666706403
1309	0.06835166868368785	0.989166666730245	0.6147166666666667
1310	0.0682511250893275	0.9890500000317891	0.6119000000079473
1311	0.06821583496729533	0.9888166667302449	0.6195333333333334
1312	0.0688621734380722	0.9886833333333334	0.6192166666706403
1313	0.0688631262143453	0.9886000000635783	0.6134500000039737
1314	0.06894646693865458	0.9893500000317892	0.6108833333373069
1315	0.06846713263988495	0.9892833333651225	0.611433333337307
1316	0.0688048448562622	0.9883666666666666	0.61465
1317	0.06888186460336049	0.9889166666984558	0.6111500000158946
1318	0.0691128569761912	0.98885	0.6030833333333333
1319	0.0688430380821228	0.9886166666666667	0.6137833333412807
1320	0.06875106281439464	0.9891833333969117	0.6098000000039736
1321	0.06893310362497966	0.9891333333969117	0.6191333333333333
1322	0.06844036176204682	0.9885333333969116	0.6201166666706404
1323	0.0683620455980301	0.9887000000317892	0.6130166666666667
1324	0.06929170908927917	0.9889000000635783	0.6042166666706403
1325	0.06968572606245677	0.9888833333969116	0.59273333333383
1326	0.06853757623036702	0.9889666666666667	0.6269333333333333
1327	0.06983777111371359	0.9883666666666666	0.6094166666666667
1328	0.06900181056658426	0.98855	0.6162333333333333
1329	0.06859192725817362	0.9890500000635782	0.6114000000039737
1330	0.07023108082214992	0.9887166666666667	0.5975833333333334
1331	0.06848918482462565	0.9894333333969116	0.6197333333333334
1332	0.07004205165704092	0.9883500000635783	0.5954333333412806
1333	0.06929879964192709	0.9885833333969116	0.6075166666746139
1334	0.0687794359922409	0.9885333333333334	0.59925
1335	0.06807455015182495	0.9889166666984558	0.619633333337307
1336	0.0690448435386022	0.9888000000635783	0.6140500000019868
1337	0.0683727418422699	0.9890000000635782	0.6054000000039736
1338	0.06850901282628377	0.9894	0.613283333337307
1339	0.06925497605800629	0.9886333333333334	0.601966666674614
1340	0.06818687875270843	0.9894333333969116	0.60935
1341	0.06916021248499553	0.9888000000635783	0.6100500000039737
1342	0.07005222998460134	0.9879833333969116	0.6006500000039736
1343	0.0688727485179901	0.9893166666666666	0.6108833333412806
1344	0.06896757311820984	0.9885	0.6039166666706403
1345	0.06856625085671743	0.989416666730245	0.6066833333333334
1346	0.0684272018790245	0.9893666666666666	0.6094333333412806
1347	0.06879024529457092	0.9883000000635783	0.612633333337307
1348	0.06872555437088013	0.9887333333651225	0.6136666666686534
1349	0.06893796076774597	0.9887333333333334	0.6128500000079473
1350	0.06797723801930745	0.9890000000635782	0.6123500000079473
1351	0.06813952388763428	0.9891166666666666	0.611016666674614
1352	0.06862739105224609	0.9897333333333334	0.6075333333353201
1353	0.06906794855594635	0.9884333333333334	0.6102833333343267
1354	0.06935580105781555	0.9887666667302449	0.6060000000019868
1355	0.06866327288945516	0.98905	0.6095333333333334
1356	0.06792347279389699	0.9890000000317891	0.6149000000039736
1357	0.06956728250980378	0.9887333333651225	0.6102166666666666
1358	0.06935438880125681	0.9890000000635782	0.6006000000004967
1359	0.06955865590572358	0.989316666730245	0.60495
1360	0.06965129778385162	0.98845	0.6070833333333333
1361	0.06975483756065369	0.9888	0.59115
1362	0.06911785013675689	0.9890666667302449	0.6018000000079473
1363	0.06945050757726033	0.9890000000635782	0.6096166666706403
1364	0.06940634310245514	0.9890166667302449	0.6054333333333334
1365	0.0693301946957906	0.98915	0.5986
1366	0.06909164961179097	0.9889333333333333	0.6116166666666667
1367	0.06885926906267802	0.989	0.6034333333333334
1368	0.0688363617181778	0.9892500000635783	0.6001666666666666
1369	0.06903031583627064	0.98905	0.5996666666706403
1370	0.06885117133458456	0.9889166666666667	0.6122500000079473
1371	0.06979890286127727	0.9888833333651225	0.5973166666706403
1372	0.0694726589679718	0.9890166666666667	0.6063666666706403
1373	0.07033646813233693	0.9886	0.5918833333333333
1374	0.0696473968744278	0.9887333333333334	0.61065
1375	0.06858987965583802	0.9892666666666666	0.6016833333333333
1376	0.0693732319633166	0.9883833333333333	0.6044166666746139
1377	0.06851459341843923	0.989216666730245	0.6154333333412806
1378	0.06865900789101918	0.9888166666666667	0.603383333337307
1379	0.06836434542338053	0.9891500000635783	0.6082666666746139
1380	0.06923940724531809	0.9891333333333333	0.6028666666706403
1381	0.06870692346096038	0.9895	0.60575
1382	0.06916733076572418	0.9883	0.6043500000039737
1383	0.06967828799883524	0.9890166666984558	0.6059166666686535
1384	0.06906107281843821	0.9889333333969116	0.5969500000039737
1385	0.06959150953292846	0.9888333333651225	0.6071166666666666
1386	0.06950772596995036	0.9888500000635783	0.6029833333333333
1387	0.06917224885622661	0.9886500000635783	0.5994000000079472
1388	0.06888810993830363	0.9888500000635783	0.6024333333412806
1389	0.06943009216785431	0.9892833333969117	0.5968333333373069
1390	0.06935573883851369	0.9883833333969116	0.6108333333333333
1391	0.06996888695557912	0.9883833333969116	0.5993666666666667
1392	0.0683991620461146	0.9884000000635783	0.6197333333333334
1393	0.06891492868264516	0.9892833333333333	0.6039833333353202
1394	0.06960174504121144	0.9888333333651225	0.601566666674614
1395	0.06858034453392028	0.9891833333333333	0.6093833333412806
1396	0.06922505848010381	0.9891000000317891	0.605566666674614
1397	0.06841882717609406	0.9890833333333333	0.6153000000158946
1398	0.0694691568215688	0.9884000000317892	0.603616666674614
1399	0.06960399075349172	0.9891333333333333	0.59678333333383
1400	0.06893360397020976	0.98895	0.5984833333333334
1401	0.06935134293238322	0.9885333333333334	0.6061166666666666
1402	0.06917878628571829	0.9886500000317892	0.5982500000039737
1403	0.06962322518825531	0.9892333333969117	0.606283333337307
1404	0.06953009798526764	0.9884833333333334	0.599583333337307
1405	0.0693463787317276	0.9887833333651225	0.6078333333343268
1406	0.0697969580491384	0.988316666730245	0.601333333337307
1407	0.07086326200167338	0.9884333333651225	0.5958333333333333
1408	0.06963073757489523	0.9889000000317891	0.6059000000039736
1409	0.0718847469886144	0.9884000000635783	0.5884333333338301
1410	0.0691050494035085	0.9890500000635782	0.6005166666706403
1411	0.06927116579214732	0.9890166666984558	0.6024166666706403
1412	0.06949271550575892	0.9889833333333333	0.6034333333333334
1413	0.06958840108712515	0.9884000000635783	0.6085333333343268
1414	0.06941922640800476	0.989116666730245	0.6053666666666667
1415	0.06979973736604055	0.9891666666666666	0.5881166666746139
1416	0.06918279001712799	0.9888333333651225	0.6115333333353201
1417	0.0689146297375361	0.9891666666666666	0.6026000000019868
1418	0.06918257461388906	0.9889666666984558	0.6021666666686535
1419	0.06933660106658936	0.9887166666984558	0.6006500000039736
1420	0.06903402434984843	0.9893666666666666	0.6116000000039736
1421	0.06954916533629099	0.9889000000317891	0.6013500000039737
1422	0.07036664289633433	0.9881833333333333	0.5936833333412807
1423	0.06908517064253489	0.9887166666666667	0.6053500000079473
1424	0.06918259227275848	0.9887333333969116	0.6062833333333333
1425	0.06902922163009644	0.9897	0.6060833333333333
1426	0.06889653851191203	0.9886666666984558	0.6096500000039736
1427	0.06966090381145477	0.9883833333651225	0.6003166666825612
1428	0.06921269194285075	0.9887833333969116	0.6004166666666667
1429	0.06959704225858053	0.9883333333969117	0.5988666666706403
1430	0.0695758062084516	0.9885	0.5970500000079473
1431	0.06962380747795105	0.9890666666666666	0.5896333333353202
1432	0.06986758932272594	0.9887	0.600433333337307
1433	0.06967463646729787	0.9884500000317892	0.60183333333383
1434	0.06863080863952636	0.9895333333651225	0.603666666674614
1435	0.06941230367819468	0.9889333333969116	0.5954500000079472
1436	0.06957771322727203	0.9888500000317891	0.5869000000039737
1437	0.06985931768417358	0.9891333333333333	0.5916833333333333
1438	0.06848888324896495	0.9895000000635783	0.6044333333343267
1439	0.06974260535240173	0.9891666666984558	0.59405
1440	0.0692162619749705	0.9887333333333334	0.6025833333343268
1441	0.06997230118115744	0.9889833333969116	0.6020000000039737
1442	0.07093900705178578	0.98805	0.5934333333343268
1443	0.06925418547789255	0.9888166667302449	0.60035
1444	0.06911755096117655	0.9892833333969117	0.5957666666666667
1445	0.06893610672156016	0.9890833333969116	0.59645
1446	0.07030671000480652	0.9889666667302449	0.5806166666666667
1447	0.0689237377246221	0.9893333333651225	0.6039833333412806
1448	0.07051559241612752	0.9883833333333333	0.5843
1449	0.06988959972858429	0.9889500000317891	0.5929666666706404
1450	0.07218512437343598	0.98905	0.527216666674614
1451	0.07133503460884094	0.9889333333969116	0.5506500000019868
1452	0.07177797439098359	0.9887833333651225	0.5375000000009934
1453	0.07150153415203095	0.9886833333969116	0.5321333333333333
1454	0.07226251457532247	0.9885833333651225	0.540733333337307
1455	0.0723089082479477	0.9886166666666667	0.5417833333353201
1456	0.07119033235708873	0.9892000000317891	0.5457166666686535
1457	0.07312613581816356	0.98775	0.533483333337307
1458	0.07122578141689301	0.9894833333333334	0.5442000000004967
1459	0.07134354672431946	0.98935	0.5412833333333333
1460	0.07177756270567576	0.9885166666666667	0.5533666666666667
1461	0.07113291980425517	0.9884500000635783	0.5559
1462	0.0724402953227361	0.9887833333969116	0.5444166666676601
1463	0.0718407033920288	0.9890833333651224	0.537933333337307
1464	0.07158263648351033	0.9888333333969116	0.5549333333353201
1465	0.07165490370591482	0.9893000000635783	0.5452666666676601
1466	0.07187958437601726	0.9890166666984558	0.5537666666706403
1467	0.07141821502844492	0.98885	0.5577333333343267
1468	0.07086309110323588	0.9890166667302449	0.5554666666666667
1469	0.07170745987097422	0.9885666666666667	0.5500166666686535
1470	0.07136916418075562	0.989216666730245	0.5354666666666666
1471	0.07310643208026886	0.9888833333333333	0.52895
1472	0.07165691393216451	0.9891333333969117	0.5450333333412806
1473	0.07240553212165833	0.9888000000635783	0.5407000000019868
1474	0.07278101561069489	0.9883666666984559	0.5514166666666667
1475	0.071787322195371	0.9887833333969116	0.5451166666686534
1476	0.0720775070587794	0.988566666730245	0.5366666666686535
1477	0.07036010597546895	0.9888000000635783	0.564566666674614
1478	0.07195406645933787	0.9894833333969116	0.5420833333333334
1479	0.07210793370405832	0.9894166666666667	0.5436666666706403
1480	0.07191899413267772	0.9890500000635782	0.5365333333333333
1481	0.07187160735925038	0.9888500000635783	0.5373333333353202
1482	0.07222197215557098	0.9889333333969116	0.5442666666666667
1483	0.07299517451922098	0.9877833333969116	0.5375166666686535
1484	0.07246925597985586	0.9889166666984558	0.5380666666671634
1485	0.07200983534653982	0.9886833333333334	0.5389500000019868
1486	0.07154213598569234	0.98835	0.548033333337307
1487	0.0716306231657664	0.989316666730245	0.5406333333333333
1488	0.0709858916203181	0.9887500000317891	0.557733333337307
1489	0.07203732559680939	0.9887833333969116	0.5498
1490	0.07171905985673269	0.9887333333333334	0.5509166666666667
1491	0.07119796753327051	0.989	0.545366666674614
1492	0.07157999246915181	0.9889	0.544683333337307
1493	0.07235257215499878	0.9886333333333334	0.535833333337307
1494	0.07147399481932322	0.988416666730245	0.549183333337307
1495	0.0711471905708313	0.9888166667302449	0.5525166666666667
1496	0.07197607379754384	0.9886166666666667	0.5512000000019868
1497	0.0720501313606898	0.9886833333333334	0.5464
1498	0.07107028187910716	0.9889500000635782	0.5467333333412806
1499	0.07177067544460297	0.9887500000635783	0.5444833333412806
