epoch	loss	acc	certified
0	0.9702238087018331	0.4355666666984558	0.058000000003973644
1	0.725934944152832	0.6715666666666666	0.13011666666666666
2	0.5708853907267253	0.7557833333969116	0.25281666668256125
3	0.4294463976860046	0.8018666666666666	0.43465000001589454
4	0.32758523976008097	0.841166666730245	0.5796666666666667
5	0.25634245274861656	0.8712	0.6795166666666667
6	0.2042663027683894	0.8979833333651225	0.7419000000317891
7	0.16769905685981115	0.9182166666666667	0.7850833333969116
8	0.14059498671690623	0.9321666666984558	0.8165500000317891
9	0.12097438650131226	0.9433000000635783	0.8385666666666667
10	0.10678627947966257	0.9494333333969116	0.8572000000635783
11	0.0961817879875501	0.954066666730245	0.8699833333651225
12	0.08441220212777456	0.9608166667302449	0.8849666666984558
13	0.07907456473906835	0.9634833333333334	0.8916000000317892
14	0.0730674087524414	0.9659500000317891	0.9006000000635783
15	0.06681810156504313	0.9697333333333333	0.9065666666984558
16	0.0642387638092041	0.9706833333969116	0.910566666730245
17	0.05935775084495545	0.9726000000317891	0.9175
18	0.05668188553452492	0.9738333333651225	0.9211500000317892
19	0.05412123604615529	0.9752333333651225	0.9234666666666667
20	0.051337687337398526	0.9766833333651225	0.92625
21	0.048796850101153054	0.9778833333333333	0.9298833333651225
22	0.04718782150745392	0.9783333333651225	0.9327
23	0.04586002325216929	0.9796333333969116	0.9341166666666667
24	0.044781361840168635	0.9797833333969116	0.9360000000317892
25	0.042883124099175135	0.9810000000635782	0.9376333333969116
26	0.04147355712354183	0.9815833333333334	0.9398333333651224
27	0.04031331818898519	0.9815833333651225	0.94225
28	0.03957905126015345	0.9823	0.9428666666666666
29	0.038391092628240586	0.9835333333969116	0.9423833333969116
30	0.03655356300075849	0.9839666666666667	0.9464333333651225
31	0.03679180852373441	0.9836000000317892	0.9458333333333333
32	0.03526317933400472	0.9852333333651225	0.9469833333651225
33	0.03466022268335024	0.9848666666666667	0.9484166667302449
34	0.03369343638097246	0.9859166666666667	0.9488000000317891
35	0.03335066419839859	0.9859333333969116	0.9496166667302449
36	0.03245365492304166	0.9864833333651225	0.9500500000635783
37	0.03190615210433801	0.9859833333969116	0.9520333333651225
38	0.03058252998193105	0.987166666730245	0.9530666666666666
39	0.030766049873828888	0.9869333333969116	0.9533333333333334
40	0.030039011408388615	0.98735	0.9539333333969117
41	0.030014002891878288	0.9874833333333334	0.95415
42	0.02850184966524442	0.9883000000317892	0.9559500000635783
43	0.02858678066333135	0.9880333333651224	0.9551500000317892
44	0.02850469179948171	0.98835	0.9548
45	0.027365087252855302	0.9885833333969116	0.9573000000635783
46	0.026849215545256933	0.9891333333333333	0.9570000000635783
47	0.027346794100602468	0.9884833333969116	0.9567166666666667
48	0.02651721238096555	0.9889333333969116	0.958216666730245
49	0.02568050616880258	0.9895166666984558	0.9588833333333333
50	0.026406337581078212	0.9890166666984558	0.95835
51	0.02582756356994311	0.9889833333651225	0.95935
52	0.024775908016165096	0.9897	0.9601333333333333
53	0.02484685552716255	0.9901666666666666	0.9592333333333334
54	0.02492005488872528	0.9897666666984558	0.9603333333333334
55	0.024151435513297716	0.9903500000317892	0.9607833333969116
56	0.023850852636496226	0.9906666666984558	0.9604000000635783
57	0.023797151803970337	0.9908666666666667	0.9615166667302449
58	0.02309556740621726	0.9907666666666667	0.9617833333333333
59	0.023112171588341394	0.9908333333969116	0.9631500000635783
60	0.0234501058558623	0.9907500000317891	0.9620333333969117
61	0.02222216031352679	0.9913833333969116	0.9626666666666667
62	0.02303062151869138	0.9906166666984558	0.9635000000635783
63	0.022189715935786565	0.991616666730245	0.9622000000317892
64	0.02242000146309535	0.9913166666666666	0.9629000000317891
65	0.021537699602047603	0.9915833333333334	0.9644666666984558
66	0.02122604979177316	0.9916833333969116	0.9642000000317892
67	0.02153648573855559	0.9914000000635783	0.9639833333969117
68	0.02097034960190455	0.9921	0.964416666730245
69	0.020787853919963042	0.9922333333333333	0.9647333333651225
70	0.021249073495467504	0.9918666666666667	0.9646833333651225
71	0.02034397326509158	0.992366666730245	0.9655
72	0.0198699224665761	0.9927833333333334	0.96575
73	0.01974828632672628	0.9926666666666667	0.9653666666984558
74	0.019779638163248698	0.9921500000635783	0.96635
75	0.019749521345893542	0.9925166666984558	0.9657666667302449
76	0.019430536587676035	0.9930666666666667	0.9661333333333333
77	0.019567736830314	0.99265	0.9666833333651225
78	0.01868702059884866	0.9931166666666666	0.967116666730245
79	0.01933146286805471	0.9926166666666667	0.9672000000317892
80	0.018953465526302657	0.9927666666666667	0.9672833333651225
81	0.018829559183120726	0.9931500000317891	0.9666166666666667
82	0.019318387083212533	0.9928500000635783	0.9672166666984559
83	0.018667232860128086	0.9927333333969116	0.9678000000317891
84	0.018284348781903586	0.9931333333969116	0.9674833333651225
85	0.01861752966120839	0.9932666666666666	0.9675666666984558
86	0.018626079097390176	0.9933833333969116	0.9674333333333334
87	0.0178278399348259	0.9936166666666667	0.9683
88	0.017826888155937196	0.9936166666984558	0.9677333333969116
89	0.017507927886645	0.9938166666666667	0.9687333333333333
90	0.01736686584452788	0.9939166667302449	0.969016666730245
91	0.017562289364139238	0.9937833333969116	0.9690166666984558
92	0.01712201334138711	0.9939333333651225	0.968966666730245
93	0.0174502771611015	0.9937	0.9687333333651225
94	0.017599124010403953	0.9936500000317892	0.9689000000635782
95	0.016866500775516033	0.9939333333333333	0.9697500000317891
96	0.01734294110837703	0.9933	0.9695666666666667
97	0.01655126010576884	0.9938666666984558	0.96995
98	0.0168850455628708	0.9941	0.9698833333969116
99	0.017033821358283362	0.9939333333651225	0.9697
100	0.016737784068783124	0.9938	0.9700500000317891
101	0.016337266182899476	0.994266666730245	0.9699500000317891
102	0.016869133780399958	0.9939833333969116	0.9694666666666667
103	0.016741177833577	0.9940666666666667	0.9694500000317892
104	0.016740088007350763	0.9943166666666666	0.9690500000635783
105	0.016509089182813963	0.9944833333969116	0.9688000000635782
106	0.016665803537766137	0.9938500000635783	0.969066666730245
107	0.016449368265271186	0.9942166666666666	0.9691000000317892
108	0.016919931506117186	0.994266666730245	0.9687833333333333
109	0.016790832177797952	0.9942333333333333	0.9677166666666667
110	0.016755610980590186	0.9945833333969116	0.9679666666984558
111	0.016894739445050558	0.9946333333969116	0.9674500000635783
112	0.016215904086331525	0.9947	0.9680333333333333
113	0.01666777198513349	0.9945333333969116	0.9678000000635782
114	0.015865511453151702	0.9947500000635783	0.9686000000317891
115	0.015993747278054554	0.9949333333333333	0.9680000000635783
116	0.016224885783096155	0.9948	0.967166666730245
117	0.016209768426418303	0.9947666666666667	0.9677333333333333
118	0.0161351156031092	0.9947166666666667	0.9678500000317891
119	0.0163028666600585	0.9948500000635783	0.9663833333969116
120	0.01643590700229009	0.9948666667302449	0.9676166667302449
121	0.015846473430097104	0.9946666666666667	0.968
122	0.016315174400495985	0.9944666666666667	0.9675166666666667
123	0.016161395035187404	0.9949000000635783	0.9668666666984558
124	0.01570039726495743	0.9951333333969116	0.96705
125	0.016248607180515923	0.9949333333333333	0.9661
126	0.01594108587404092	0.9951333333333333	0.9666666666984558
127	0.015768193890651067	0.99525	0.9666000000317891
128	0.015981060339013736	0.9950500000635782	0.9665833333969116
129	0.016384108877182006	0.9947000000635783	0.9661166666984559
130	0.016199090605974197	0.9950666666666667	0.9666500000635783
131	0.015917567175626753	0.9950333333651225	0.9667166667302449
132	0.016584277194241683	0.9948	0.9652166666984558
133	0.01592403854529063	0.995316666730245	0.9666166666666667
134	0.016101510164141655	0.9954166666666666	0.9655833333651225
135	0.015982082510987917	0.9950166667302449	0.9664166666984558
136	0.01581568754017353	0.9954	0.9660666666666666
137	0.015923202866812546	0.995	0.96585
138	0.016013718566298484	0.9950333333333333	0.9660000000635783
139	0.015869272553920746	0.9951000000635782	0.9659166666666666
140	0.01576038028895855	0.9954333333333333	0.9654333333969116
141	0.016452962582806745	0.9948833333333333	0.9650666666666666
142	0.016092675077915192	0.9953833333969117	0.9648666666666667
143	0.015611145982146264	0.9955166666666667	0.9648666666984558
144	0.01630817131201426	0.9951500000317891	0.9647
145	0.015560789746046065	0.9955166666666667	0.965966666730245
146	0.01601358260413011	0.99545	0.9644666666666667
147	0.015819677008191743	0.9954333333333333	0.9648166666666667
148	0.01625371198952198	0.9953333333333333	0.9643333333333334
149	0.016267068562904993	0.995366666730245	0.9639333333333333
150	0.01641507404645284	0.9952833333969117	0.9641666666666666
151	0.016113399557272593	0.9954000000635783	0.9637000000635783
152	0.015985946855942408	0.9956000000635783	0.9636166666984558
153	0.01589247245788574	0.9955	0.9644500000317892
154	0.016429412720600764	0.995716666730245	0.9626166666666667
155	0.015895235491295654	0.9956333333333334	0.9631000000317892
156	0.0150749982714653	0.9962833333969117	0.963916666730245
157	0.015793992031613985	0.9956833333333334	0.9636500000635783
158	0.016250989036758742	0.995516666730245	0.9629666666984558
159	0.01572457925155759	0.9956833333333334	0.9633833333969116
160	0.01610101264764865	0.9953166666666666	0.9628000000635782
161	0.015638128445173302	0.99575	0.9636833333969116
162	0.01584323835472266	0.9957833333333334	0.9631
163	0.015635578817129136	0.9958166667302449	0.9631833333969116
164	0.01551181840201219	0.99565	0.9630166666666666
165	0.01577360966602961	0.9959833333969116	0.9617666666984558
166	0.01593481748600801	0.9953666666666666	0.9628166667302449
167	0.01577262866397699	0.9956	0.9621833333333333
168	0.01594200362463792	0.9955000000635783	0.9615000000635783
169	0.016434224187334378	0.9957333333333334	0.962066666730245
170	0.015681671444574993	0.9960333333651225	0.9614666666666667
171	0.015775933225949605	0.9956500000317892	0.9627833333651225
172	0.0157763465265433	0.99595	0.9620666666666666
173	0.01604498647451401	0.9958833333969116	0.9614333333333334
174	0.015845177960395813	0.9958166667302449	0.9613833333969116
175	0.015720756230751674	0.9956166666666667	0.9623500000635783
176	0.01564358662640055	0.9956833333333334	0.962166666730245
177	0.015662205085158348	0.9959666667302449	0.9608500000635782
178	0.01585553523848454	0.99585	0.9610666666984559
179	0.015912317573527495	0.9956	0.9614833333333334
180	0.01644713381032149	0.9957833333969116	0.9603333333969116
181	0.016433776466051736	0.9955500000317892	0.9605166666666667
182	0.015704691114028294	0.9958666666666667	0.9613500000317892
183	0.016383693872888884	0.99535	0.9608333333969116
184	0.01599538774242004	0.99555	0.9600500000317892
185	0.01594151825904846	0.9953500000317892	0.9603500000317892
186	0.016054240694642067	0.9958166667302449	0.9610833333969117
187	0.01616584529876709	0.9961	0.9589333333333333
188	0.015513410622874896	0.996216666730245	0.9601833333333334
189	0.01613727768212557	0.9960833333333333	0.96
190	0.01579994595050812	0.99595	0.9600333333333333
191	0.01667779065221548	0.99545	0.9596333333969116
192	0.015667422128717103	0.9957833333969116	0.9599500000635783
193	0.015672671246528627	0.9960333333969116	0.9601833333651225
194	0.016281450204054516	0.9961	0.9585666667302449
195	0.01582400651226441	0.9960333333333333	0.9592500000635783
196	0.01635760809381803	0.99605	0.9594833333333334
197	0.017161903538306555	0.9956333333969116	0.9571500000635783
198	0.01604707855656743	0.9958833333333333	0.9589333333651224
199	0.015791889149819813	0.9959833333333333	0.959366666730245
200	0.016644909622271855	0.9959333333333333	0.9576000000317891
201	0.015869299053152403	0.9960333333333333	0.9591666666984558
202	0.016255052435398102	0.9962	0.9578166666984558
203	0.015875199981530506	0.9959500000635783	0.9587333333333333
204	0.016405797016620635	0.9959166666666667	0.9579000000317891
205	0.016257158007224402	0.996266666730245	0.9576
206	0.016360901604096093	0.9959666666666667	0.957366666730245
207	0.016272539833684763	0.9957666666666667	0.9575333333333333
208	0.016330462193489076	0.9957666666666667	0.9573833333333334
209	0.01650221586227417	0.99575	0.9581166666984559
210	0.016682517751057942	0.9957666666984558	0.957016666730245
211	0.01622988112370173	0.9961333333969116	0.9569000000635783
212	0.016298304558669527	0.99605	0.9575833333333333
213	0.01611861726939678	0.9960166667302449	0.9574833333333334
214	0.016497993820905686	0.9960000000635783	0.9566
215	0.01622281603117784	0.9961833333333333	0.9567166666984558
216	0.01636988239636024	0.9957166666666667	0.9580500000317892
217	0.0160415212114652	0.9965	0.9565500000317891
218	0.01672940140068531	0.9963166666666666	0.9553666666666667
219	0.016450294183691344	0.9960666666666667	0.9570833333969117
220	0.016413261595368385	0.9958833333333333	0.9569000000635783
221	0.01635984481771787	0.9960000000635783	0.95655
222	0.0164830287506183	0.9959	0.9561333333333333
223	0.017097453562915324	0.9959833333333333	0.9549333333333333
224	0.016412761175632475	0.9960333333333333	0.9560333333333333
225	0.016433692119022212	0.9960166666666667	0.9551833333651225
226	0.01636767261624336	0.9963333333333333	0.9557000000317891
227	0.016142752118905385	0.99625	0.9563333333333334
228	0.016526691016554833	0.9960666667302449	0.9561666666666667
229	0.016390063498417536	0.9964333333969116	0.9546833333969116
230	0.01661722075045109	0.9958500000635783	0.9546500000317891
231	0.016540309697886307	0.99615	0.9555000000635783
232	0.01646986689567566	0.9961166666666667	0.9555833333651225
233	0.016855181937913098	0.9957	0.9541166666666666
234	0.016927073131004968	0.9958666666666667	0.9539833333651225
235	0.01652084228048722	0.9959166666666667	0.9547500000317891
236	0.015742935622235138	0.9964333333333333	0.9552833333651225
237	0.016761993515988192	0.99625	0.9546166666666667
238	0.016494742703437804	0.99615	0.9551000000635783
239	0.016560751404364905	0.9963666666666666	0.95365
240	0.016913476408024628	0.9961833333333333	0.9535166666666667
241	0.016468452556927998	0.996366666730245	0.9536833333969116
242	0.01741728998273611	0.99585	0.9523500000317892
243	0.016778228366871675	0.9962833333333333	0.9523666666666667
244	0.01657255594531695	0.9962666666666666	0.9537833333969116
245	0.016752176087598006	0.99615	0.9526833333333333
246	0.017249457130829492	0.996166666730245	0.9521333333651225
247	0.017003684635957084	0.9961	0.9527666666666667
248	0.01698505605459213	0.99615	0.9526000000317891
249	0.01653292527794838	0.9965000000317892	0.9528
250	0.016840214848518373	0.9958166667302449	0.9531166666666666
251	0.016196165069441	0.9958666667302449	0.9546166666984558
252	0.01636623101135095	0.996316666730245	0.954316666730245
253	0.016915482453505198	0.99605	0.9525666667302449
254	0.016702243586381275	0.9962	0.9511833333969116
255	0.017142339663704237	0.9964000000635783	0.9509666666666666
256	0.017489626741409303	0.9960333333333333	0.9512333333651225
257	0.017096184094250202	0.99585	0.9516166666666667
258	0.016589682269096375	0.9963500000635783	0.9522833333651225
259	0.017088606826836866	0.9960333333333333	0.9515666666984558
260	0.017047014486789705	0.9961833333333333	0.9517333333333333
261	0.016742240299781164	0.9961833333969117	0.9519500000635783
262	0.016995892563462258	0.9959666666666667	0.9510166666984559
263	0.017111757271488507	0.9962	0.9509166666984558
264	0.017541229813794294	0.99575	0.9506833333969116
265	0.01696796290675799	0.99635	0.9497833333969116
266	0.01720698922276497	0.9959666666666667	0.9506
267	0.017596129454672337	0.9959	0.9493
268	0.017370443338155746	0.9957666667302449	0.9505833333651225
269	0.017487758290270963	0.9961666666666666	0.9503666666984558
270	0.016887104610602062	0.99635	0.9508333333969117
271	0.01683216075797876	0.9963	0.9501666666984558
272	0.017866309151550134	0.99615	0.9493666666666667
273	0.017152385783195497	0.9963	0.9495000000317891
274	0.01735726593037446	0.9960666667302449	0.9504666666666667
275	0.017162962387998897	0.9962666666666666	0.9494333333651225
276	0.017482255092263223	0.9959833333333333	0.9504333333651225
277	0.01752495020230611	0.9960333333969116	0.9486666666984558
278	0.016723941414554914	0.9964666666666666	0.9506333333969116
279	0.017409853766361873	0.9958666667302449	0.9506000000317891
280	0.01742542674889167	0.9961666666666666	0.949066666730245
281	0.017458891115510293	0.99605	0.9496333333333333
282	0.017400362967451413	0.9962166666666666	0.9492833333969116
283	0.017456503720084827	0.99635	0.9497000000317891
284	0.01761457235813141	0.9963833333333333	0.9473333333969116
285	0.017374648186564444	0.9959666667302449	0.9489166666984558
286	0.01740442963242531	0.9963666666666666	0.9485166666666667
287	0.017645501352349918	0.9963333333969117	0.9482666666666667
288	0.017722775804499786	0.9961833333333333	0.9475166666984558
289	0.017725502560536066	0.9960000000635783	0.9480833333333333
290	0.01789287799199422	0.99605	0.9471666666984558
291	0.01789477980732918	0.9961333333969116	0.9484833333333333
292	0.0177534330646197	0.9961166666984558	0.9474666667302449
293	0.017524945163726807	0.99635	0.9475833333969116
294	0.01723501780927181	0.99635	0.9484833333969116
295	0.01763656267821789	0.9963333333333333	0.9472833333651225
296	0.01748221313357353	0.9963	0.947216666730245
297	0.017343671453992526	0.9961000000635782	0.9477666667302449
298	0.017788930704196293	0.9962166666666666	0.9487000000317891
299	0.0177895538041989	0.996166666730245	0.9473833333969116
300	0.018278267788887022	0.9964	0.9456333333651225
301	0.018163969095547995	0.9960166666666667	0.9462500000317892
302	0.01786433911273877	0.9963166666666666	0.9455166666666667
303	0.01781554576357206	0.9959833333333333	0.9473166666984558
304	0.018122660482426483	0.99595	0.946916666730245
305	0.017971556705236435	0.9960000000635783	0.9464166666984558
306	0.01747806924978892	0.9965166666666667	0.9476000000635783
307	0.018159372838338215	0.9960166666666667	0.94645
308	0.01807805502911409	0.99625	0.9456500000635782
309	0.018543417809406916	0.995716666730245	0.9457166667302449
310	0.018387913294136523	0.9959333333333333	0.9460500000317892
311	0.018261871655782063	0.9959833333969116	0.9453333333651225
312	0.018021503778298698	0.996266666730245	0.9461166666666667
313	0.018038926470279694	0.9961833333651224	0.9450833333651225
314	0.01777254641652107	0.99635	0.9456666666666667
315	0.017879566942652067	0.996366666730245	0.9445333333333333
316	0.018221382457017897	0.9959333333333333	0.9461
317	0.018298556643724442	0.9962333333333333	0.9442
318	0.017945530731479326	0.9962333333333333	0.9457
319	0.01808348922431469	0.9960166666666667	0.9448666666984558
320	0.01878134243885676	0.9957666666666667	0.9434833333333333
321	0.017910311404863995	0.9964	0.94475
322	0.018302298735578856	0.9960333333333333	0.944316666730245
323	0.017994233842690787	0.9962833333969117	0.9443500000317891
324	0.01815592202146848	0.9961833333333333	0.94375
325	0.018750874584913254	0.9960833333969116	0.9426000000317891
326	0.01839449476003647	0.9959166666984558	0.9438333333651224
327	0.018027257230877877	0.9961166666666667	0.9452166666666667
328	0.018286396289865177	0.996416666730245	0.9435166667302449
329	0.01842659579714139	0.9959000000635783	0.9438166666666666
330	0.01883685716787974	0.9959833333333333	0.9429666666666666
331	0.01802926947971185	0.99605	0.9438333333651224
332	0.018557282788554827	0.99605	0.9440666666666667
333	0.018704355588306982	0.9957833333333334	0.9425333333969116
334	0.01865876431862513	0.9960166666666667	0.94305
335	0.018472121408581732	0.9959333333333333	0.9433500000635783
336	0.018451499410470328	0.996166666730245	0.9428166666984558
337	0.018491332113742827	0.9956166666984558	0.9442500000317892
338	0.018747889653841655	0.9959833333333333	0.9430333333333333
339	0.018980599530537923	0.9958666666666667	0.9418166666984558
340	0.0181737462858359	0.9961666666666666	0.9436000000635782
341	0.018624726974964142	0.9958833333333333	0.9430166666984559
342	0.018464132512609165	0.9959	0.9434500000317891
343	0.01882181122948726	0.9961	0.9423000000635783
344	0.018455657882988453	0.9959166666666667	0.9421833333969116
345	0.01888322572161754	0.9959833333333333	0.9414500000635783
346	0.018613238109151522	0.99585	0.94245
347	0.018979767527182896	0.9960666666666667	0.9416666666984558
348	0.018945630948742232	0.9962	0.9409833333969116
349	0.018660088545084	0.9959333333333333	0.9412
350	0.018695726411541304	0.99635	0.9413666666666667
351	0.018980651859442393	0.99605	0.9407166666984558
352	0.018842823308706284	0.9964666666666666	0.9412333333651225
353	0.01875903223057588	0.9961500000635782	0.94105
354	0.018914722170929113	0.9963000000635783	0.9394833333969116
355	0.01899113611380259	0.9962333333333333	0.940166666730245
356	0.018468593227863313	0.99585	0.9413666666666667
357	0.01885966904759407	0.9959666667302449	0.9413666667302449
358	0.018743697065114976	0.9959500000317891	0.9411666666666667
359	0.0187876695950826	0.9962000000635783	0.9413500000317891
360	0.01909723221063614	0.9958333333333333	0.9411
361	0.01890871543586254	0.9959166666666667	0.9405166666666667
362	0.019157646253705026	0.9963666666666666	0.9394500000635783
363	0.019099670918782553	0.9961	0.9401166666666667
364	0.019041677818695705	0.9959166666666667	0.9406666667302449
365	0.01886544196407	0.99635	0.9398666666666666
366	0.019179193985462188	0.9963000000317891	0.9391500000317892
367	0.019664828808108964	0.99595	0.9391000000635783
368	0.01906014144619306	0.9961333333333333	0.94005
369	0.019279742269714673	0.9959333333969116	0.9383333333969116
370	0.019307899729410806	0.9960333333333333	0.939
371	0.019409334219495457	0.9957666666666667	0.9381666666984558
372	0.018853967792789143	0.9961333333333333	0.9397000000317891
373	0.0191016876945893	0.9960500000317891	0.9383333333333334
374	0.018916981598734856	0.9962666666666666	0.9395833333651225
375	0.01927236662308375	0.9960833333333333	0.9375666667302449
376	0.019608957050244014	0.9960333333651225	0.937766666730245
377	0.01918977569291989	0.99625	0.938116666730245
378	0.01919708789587021	0.9959666666666667	0.9383833333333333
379	0.019466964251796403	0.9960333333969116	0.9376166666984558
380	0.01924940658211708	0.9961500000635782	0.9379833333333333
381	0.019388813467820485	0.9960833333969116	0.9376500000317891
382	0.0188595854083697	0.9962333333333333	0.938966666730245
383	0.01972167538801829	0.99595	0.93705
384	0.019408603649338087	0.9960666666666667	0.9385166666666667
385	0.019394358853499095	0.9960833333969116	0.9367500000317891
386	0.01928304084142049	0.9961833333969117	0.9383
387	0.01950601644317309	0.9960166666666667	0.9370333333333334
388	0.019220771996180216	0.9961333333969116	0.9378166666984558
389	0.019825908233722052	0.9957	0.9376666666984558
390	0.019176742520928384	0.9960333333333333	0.9388166666984558
391	0.019397087264060975	0.99605	0.9367333333969117
392	0.019278964805603028	0.9961833333333333	0.9383833333651225
393	0.019785349639505147	0.9957833333333334	0.9379333333333333
394	0.019929308730363846	0.9960666666666667	0.9355333333969116
395	0.019451517626146476	0.99595	0.9360000000635783
396	0.019709786850214003	0.9960000000317891	0.93575
397	0.019968722116947175	0.9956833333333334	0.9357500000635783
398	0.019827953991418082	0.9959333333333333	0.9365
399	0.01934960497816404	0.9961333333651224	0.9377000000635783
400	0.020095768854022027	0.9961	0.9362333333969116
401	0.01959087555408478	0.9960833333333333	0.9362000000317892
402	0.02012424635787805	0.9960166666666667	0.934916666730245
403	0.019841099723180135	0.9962666666666666	0.9353833333969116
404	0.019824991456667582	0.9957833333333334	0.93515
405	0.019964767841498057	0.9959333333333333	0.934966666730245
406	0.020153195856014886	0.9959000000635783	0.9344166666984558
407	0.020009253839651745	0.99595	0.9352666666984558
408	0.01943783700267474	0.9962666666666666	0.9352666666666667
409	0.019548349417249363	0.9962333333969117	0.9359166666984559
410	0.01952235701084137	0.9961	0.9356666666984558
411	0.020021395299583675	0.9960333333333333	0.9343833333333333
412	0.019445930704474448	0.996	0.93555
413	0.01996117842197418	0.9959666666984558	0.9338500000635783
414	0.01949256776968638	0.9962	0.9359666666984559
415	0.019874485609928768	0.99595	0.9343666666984558
416	0.019623001237710318	0.9961833333333333	0.9354166666666667
417	0.02032435989578565	0.99595	0.9337166666984558
418	0.020267491260170935	0.9960333333333333	0.9328833333651225
419	0.019831125017007192	0.9958833333969116	0.9348000000635783
420	0.019935189785063267	0.9962833333333333	0.9341000000635783
421	0.020122648415962854	0.9956833333969116	0.9337666666984558
422	0.019554610599080723	0.9964000000635783	0.9344666666984558
423	0.01952012670636177	0.9957833333651225	0.9355500000635782
424	0.01994723204523325	0.9958166666666667	0.9354666667302449
425	0.01992566850880782	0.9961166666666667	0.9336333333651224
426	0.020549014417330425	0.9960666666666667	0.9333166666666667
427	0.01990852153102557	0.9959500000635783	0.9351833333651225
428	0.019604734617471694	0.9965	0.9352500000317892
429	0.020198440673947334	0.9963000000635783	0.9326500000317891
430	0.02009284923275312	0.9961333333969116	0.9340833333651225
431	0.01961691777805487	0.9962	0.9349166666666666
432	0.02025191194117069	0.9961	0.9322666667302449
433	0.02038012852668762	0.9959	0.9332
434	0.02001487157344818	0.99605	0.93405
435	0.020267791029810904	0.9959333333333333	0.93355
436	0.020365655636787414	0.9957666667302449	0.9325666666666667
437	0.020333917904893556	0.99595	0.9323000000317891
438	0.01992053686181704	0.9960500000635782	0.9336166667302449
439	0.01982973692715168	0.9960333333333333	0.9321833333651225
440	0.020850342251857123	0.9953	0.9321333333969116
441	0.020335899937649567	0.9958333333333333	0.9313166667302449
442	0.020251276355981826	0.996	0.93225
443	0.01949267020324866	0.9963500000635783	0.9350500000635783
444	0.020377957774202028	0.99595	0.932016666730245
445	0.02034631637732188	0.9958333333969116	0.9310000000317892
446	0.0200862999300162	0.9959166667302449	0.9324166666984558
447	0.019833285820732516	0.9959666666666667	0.9334500000317891
448	0.020336636438965796	0.9960833333969116	0.9320333333969116
449	0.020206836162010827	0.9956833333333334	0.9320833333651225
450	0.019931898785630862	0.9960833333333333	0.9328000000635783
451	0.020538194692134856	0.99605	0.9321833333969116
452	0.02059586892624696	0.9957000000635783	0.93045
453	0.0201047151217858	0.9958166666666667	0.9322333333333334
454	0.02047716592947642	0.9957	0.93175
455	0.01993893753091494	0.9960500000317891	0.9312833333651225
456	0.02024865099986394	0.9963000000635783	0.9310833333333334
457	0.02026321733693282	0.9958333333333333	0.9311833333969116
458	0.02025000634590785	0.99605	0.9322666666666667
459	0.020235507228970526	0.9959166667302449	0.9307833333969117
460	0.020397797600428265	0.9963166666666666	0.9306500000635783
461	0.02025407958229383	0.9961666666666666	0.9302166666984558
462	0.020440725646416347	0.9961833333333333	0.9312666666666667
463	0.02035481624007225	0.9960666667302449	0.930166666730245
464	0.02078612405061722	0.9960666667302449	0.9293166666666667
465	0.020596861883997918	0.9962	0.9293666666984558
466	0.02026884101231893	0.9960833333651224	0.9311833333651225
467	0.02044932303627332	0.9958166667302449	0.9303
468	0.02032108053465684	0.9959666666666667	0.9297166666666666
469	0.020116209574540456	0.9958333333651225	0.9310000000317892
470	0.02043067446947098	0.9961333333969116	0.9309166666984559
471	0.01984018574853738	0.9964333333333333	0.9302833333333334
472	0.02054994331796964	0.9956666666666667	0.9326
473	0.02061084572970867	0.9958000000635783	0.9300000000317892
474	0.020532748984297116	0.9962	0.9302666666984558
475	0.020546975560983022	0.9956333333333334	0.930716666730245
476	0.020928183806935945	0.9957833333333334	0.9294833333969116
477	0.020085576914747556	0.9959333333969116	0.9305333333969116
478	0.02039396573503812	0.9960833333333333	0.9301000000317892
479	0.020758297063906986	0.9954666666666667	0.9298666666984559
480	0.020915133530149857	0.9957333333333334	0.9287833333651225
481	0.020072592345873514	0.996166666730245	0.9299500000635783
482	0.020737009447813034	0.9959166666666667	0.9295666667302449
483	0.020795587346951167	0.9959166666666667	0.9301333333969116
484	0.020478797098994254	0.99605	0.9299833333333334
485	0.0206206609894832	0.9961	0.9277666666666666
486	0.020552052520712218	0.9960333333969116	0.9278666666666666
487	0.02080191185474396	0.9958666666666667	0.9284500000635783
488	0.021107169912258784	0.9959833333651225	0.9278
489	0.01978598849674066	0.9963166666666666	0.93055
490	0.02072680385708809	0.9959833333969116	0.9280166666666667
491	0.02069662192563216	0.9959	0.9292166666984558
492	0.021010326535006365	0.99605	0.9291166666666667
493	0.02040578402777513	0.9959333333333333	0.9283833333969116
494	0.020700767374038698	0.9959666667302449	0.928666666730245
495	0.021182021021842957	0.9959666666666667	0.9281666666666667
496	0.020070653762420017	0.9964	0.9286166667302449
497	0.020159285926818846	0.9961833333969117	0.9288666666666666
498	0.020950068590044977	0.9959833333333333	0.9284166667302449
499	0.020619695909818013	0.9958166666666667	0.92945
500	0.020104195435841878	0.9962000000635783	0.9292166666666667
501	0.020861788489421208	0.9958500000635783	0.9275833333333333
502	0.02055521663824717	0.9962	0.9285166666666667
503	0.020260131564239663	0.9965	0.9277166666984558
504	0.020242384964227676	0.9959666666666667	0.9281666666984558
505	0.021381768707434336	0.9955833333333334	0.9275833333651224
506	0.020802232846120993	0.9960833333333333	0.9274833333333333
507	0.021001800135771433	0.9958166667302449	0.9269333333969116
508	0.020727305593093236	0.9959833333969116	0.9282833333969116
509	0.020525669666131337	0.99625	0.9271833333651225
510	0.020959870636463165	0.9955333333651225	0.92805
511	0.020670697422822317	0.9959333333333333	0.926666666730245
512	0.02083092731833458	0.9960000000317891	0.9279000000317892
513	0.020237069094677766	0.9961	0.9273500000317891
514	0.020741522390643755	0.9959666667302449	0.9274166666666667
515	0.020060017249981563	0.9960833333333333	0.928816666730245
516	0.020350497219959896	0.9959666667302449	0.9284833333333333
517	0.02106283546288808	0.9959833333333333	0.9255166667302449
518	0.020920654958486558	0.9959333333333333	0.92655
519	0.021397584357857703	0.9956166666666667	0.9261666666666667
520	0.02052584183216095	0.9959833333969116	0.9268333333333333
521	0.020906327550609907	0.9959833333333333	0.926966666730245
522	0.021161095884939033	0.9960666666666667	0.9265666666666666
523	0.020639227457841237	0.9961833333333333	0.92725
524	0.020395189867417018	0.9960666666984558	0.9275833333333333
525	0.02054401780962944	0.995716666730245	0.9272666666984558
526	0.020570271732409794	0.996	0.9272000000317892
527	0.020871301233768465	0.99585	0.9258
528	0.021241317440072696	0.9957166666666667	0.9261333333651225
529	0.020491693029304345	0.996	0.9268
530	0.021189345915118854	0.9960666666666667	0.92535
531	0.020423277640342713	0.9961166666666667	0.9274666666984558
532	0.021073214016358057	0.9959833333969116	0.9264500000317891
533	0.020670096598068875	0.9961333333333333	0.9264333333651225
534	0.020846790741880734	0.9960000000635783	0.9255166667302449
535	0.021159457112352054	0.99575	0.9245666666666666
536	0.02097479210694631	0.9958333333333333	0.926816666730245
537	0.021108146961033344	0.9962	0.9253666666666667
538	0.02096741020977497	0.9957833333333334	0.92765
539	0.020918038289745648	0.9961166666666667	0.9254000000635783
540	0.021044099054733912	0.9959000000635783	0.9251000000635783
541	0.020582743589083352	0.9958833333333333	0.9271333333969116
542	0.020827141708135606	0.9962000000635783	0.9252333333969116
543	0.020654514766236146	0.9959833333333333	0.9257833333333333
544	0.020832048090298972	0.9957833333333334	0.926
545	0.020988836934169135	0.99605	0.9254500000317891
546	0.02080784381230672	0.9958000000635783	0.9259333333969116
547	0.020781919850905738	0.9960333333969116	0.9262333333969116
548	0.02060847382545471	0.9959	0.9261500000635783
549	0.020579352508982022	0.9961833333333333	0.9244500000635782
550	0.020324389869968096	0.9962	0.9259333333651225
551	0.020550599681337673	0.9959166667302449	0.9258833333333333
552	0.02071835612456004	0.9959333333333333	0.9256666666666666
553	0.020574834116299946	0.9963833333333333	0.9255333333333333
554	0.02086324080824852	0.9958000000635783	0.9253833333969116
555	0.021213061275581518	0.9961666666666666	0.9239166666666667
556	0.02116526999672254	0.9959666666666667	0.9247000000317891
557	0.020907276900609333	0.9958500000635783	0.9257000000635783
558	0.020945144691069922	0.9958500000635783	0.9244666666666667
559	0.020649769459168115	0.9964000000635783	0.9249666666666667
560	0.019870482646425564	0.996416666730245	0.9266
561	0.020697806866963705	0.99585	0.9252666666984558
562	0.02043080663383007	0.9959833333333333	0.9261833333333334
563	0.020578658934434255	0.9957833333969116	0.9253666667302449
564	0.02081148342192173	0.9960333333969116	0.9253166666984558
565	0.02067676441868146	0.9959500000635783	0.9248833333969116
566	0.02078418377439181	0.9959000000635783	0.9246666666666666
567	0.020597561157743135	0.9964	0.9242500000635783
568	0.020393462777137758	0.9958666666666667	0.9245
569	0.021065018079678217	0.9962000000635783	0.9238833333969116
570	0.020959845302502313	0.9958166666666667	0.9250333333969116
571	0.020922076016664504	0.9960166667302449	0.9242000000635783
572	0.020977616667747497	0.9959666666666667	0.9241833333333334
573	0.02122493728796641	0.9953666666666666	0.92415
574	0.02019746815363566	0.9960833333333333	0.9261166666666667
575	0.020664674295981726	0.9961666666666666	0.9249333333651225
576	0.02120692000190417	0.9960500000635782	0.9231333333651225
577	0.020945460038880506	0.99585	0.9236500000317891
578	0.0214298396418492	0.9956166666666667	0.9230500000635783
579	0.021097705485423408	0.9957	0.9236833333651224
580	0.020670260192950568	0.9964	0.9240333333969116
581	0.020794994944334032	0.9960666667302449	0.9239666666666667
582	0.02088837122122447	0.9959333333651225	0.92415
583	0.02043778260946274	0.9959000000317891	0.9244666667302449
584	0.02090920616388321	0.9960333333333333	0.9243166667302449
585	0.020979822901884715	0.99615	0.9228666666984559
586	0.021009348767995834	0.9959500000317891	0.9240333333333334
587	0.020883191911379495	0.9964	0.9228500000635783
588	0.021170075709621112	0.9958833333969116	0.9233
589	0.0207419347345829	0.996	0.92385
590	0.020480797300736108	0.9960833333651224	0.9241666666666667
591	0.02110595909754435	0.9958333333969116	0.92225
592	0.02099724256892999	0.99585	0.9235833333651224
593	0.02068590640028318	0.9961333333969116	0.9221833333333334
594	0.020788972484568756	0.9962333333333333	0.9228500000635783
595	0.02093212156196435	0.9960166666666667	0.9231666666984558
596	0.020636042141914366	0.996	0.9226666666984558
597	0.02152433771888415	0.9959166666666667	0.9210666666984558
598	0.020672050080696742	0.9958166666666667	0.9239833333651225
599	0.02098238991300265	0.9962166666666666	0.923966666730245
600	0.020727304336428644	0.9960166667302449	0.9234333333969116
601	0.020845050086577735	0.9962000000635783	0.9224333333651225
602	0.020873391369978588	0.9961	0.9224
603	0.021090098296602567	0.99555	0.9230833333333334
604	0.02116456659932931	0.9956666666666667	0.9236500000635783
605	0.02122147654592991	0.9960666667302449	0.9210500000317892
606	0.0217748211145401	0.9957833333969116	0.92055
607	0.020520895985762278	0.9964166666666666	0.9223333333333333
608	0.02113576358159383	0.9957333333969116	0.9226666666984558
609	0.02112299996217092	0.9960166667302449	0.9217333333969117
610	0.020970226619640986	0.9958666667302449	0.92355
611	0.021235442603627842	0.9961	0.9216333333969117
612	0.021011710274716218	0.9959333333333333	0.9219166666984558
613	0.020657862595717114	0.9961	0.92305
614	0.020821845279137295	0.9962000000635783	0.9222666666984558
615	0.02091171840329965	0.9959833333333333	0.9214666666666667
616	0.021301048858960468	0.9957333333333334	0.9218833333651225
617	0.020985501207907993	0.9961333333333333	0.9219333333969116
618	0.021146969838937123	0.9954833333969116	0.9224333333651225
619	0.021021372210979463	0.99585	0.9220166666666667
620	0.020514288836717607	0.9960333333333333	0.9230333333333334
621	0.021027469690640767	0.9961833333333333	0.9218000000317892
622	0.021012036593755085	0.9959833333651225	0.9222666666984558
623	0.02058854835629463	0.9963333333651225	0.9226833333333333
624	0.02112647674282392	0.9964	0.9212500000635783
625	0.02142724082072576	0.9955166666666667	0.9211833333333334
626	0.02076861456135909	0.9960833333333333	0.9226833333969117
627	0.021170941079656284	0.99575	0.9222833333333333
628	0.020809498741229376	0.9960000000635783	0.9234833333969116
629	0.020720090132951736	0.9959333333333333	0.9210166666984558
630	0.02105455946524938	0.9963333333333333	0.9214
631	0.021309909210105737	0.99625	0.9213
632	0.02107541165749232	0.996166666730245	0.9208833333651225
633	0.020687918843825658	0.9958333333651225	0.9225666667302449
634	0.02174252369105816	0.9953666666666666	0.9210500000317892
635	0.021173495409886042	0.9960166666666667	0.9212500000317891
636	0.021003960193196933	0.9963	0.9221000000635783
637	0.020740381707747776	0.9960500000635782	0.9239333333333334
638	0.021360647239287694	0.9957833333969116	0.9192666666984558
639	0.021152833364407223	0.9958666666666667	0.9205500000635782
640	0.021358467572927475	0.996216666730245	0.9194833333969116
641	0.021445295149087905	0.9959166666666667	0.9190500000635783
642	0.02098946632941564	0.9959000000635783	0.9217666666984559
643	0.02085417189200719	0.9961833333333333	0.9213000000635783
644	0.021233478357394538	0.9961166666984558	0.9210333333969116
645	0.021189833534260592	0.9957166666666667	0.92145
646	0.02149430235226949	0.9959333333969116	0.9194000000635782
647	0.021100022411346436	0.9959833333333333	0.9208166666984559
648	0.021458133840560913	0.9961166666666667	0.9204666666666667
649	0.02105584288239479	0.996316666730245	0.9201000000317892
650	0.0214575865149498	0.9962000000317891	0.91895
651	0.021474412496884664	0.9957	0.9197000000317891
652	0.020900566071271897	0.9959166667302449	0.9209333333969116
653	0.020964823935429255	0.9960833333969116	0.9207833333969117
654	0.02083242514381806	0.9959	0.9219666666666667
655	0.02082434490720431	0.9961166666666667	0.9212000000317891
656	0.021436948866645496	0.9956666666666667	0.9191333333651225
657	0.020998135946194332	0.9959833333333333	0.9212500000635783
658	0.02144614176750183	0.9958833333333333	0.91945
659	0.02167932251393795	0.9957666666666667	0.9192500000635783
660	0.02148761340379715	0.996	0.9198333333969116
661	0.021230978947877885	0.9959333333969116	0.9203666666666667
662	0.021735479468107225	0.996	0.9192333333651225
663	0.020906791189312934	0.9962166666666666	0.9203
664	0.021138417063156764	0.9958333333969116	0.91995
665	0.021195973831415176	0.9962333333333333	0.9188166666984559
666	0.02214080920765797	0.9958333333333333	0.9182500000317891
667	0.020974934009710948	0.9962833333333333	0.9201833333969116
668	0.021174170126517615	0.9958666667302449	0.9205000000635782
669	0.021071406948566438	0.9958500000635783	0.919916666730245
670	0.021079918404420216	0.9960333333969116	0.9213333333969116
671	0.021041556411981584	0.9959333333651225	0.9206166666666666
672	0.021203251961867016	0.9959666666666667	0.9192333333651225
673	0.020947162797053654	0.9961166667302449	0.9199000000635783
674	0.021307781028747558	0.99595	0.9201666667302449
675	0.02101445702413718	0.99625	0.9202666667302449
676	0.020892270922660827	0.9962166666666666	0.9198000000635783
677	0.020934725260734557	0.9959333333651225	0.9198333333333333
678	0.02098891010483106	0.9961333333333333	0.9185333333651224
679	0.020835688480238118	0.9962	0.9206
680	0.02120658219655355	0.9958166667302449	0.9194500000317891
681	0.021429697249333062	0.9962666666666666	0.9183
682	0.02086414902706941	0.9962833333969117	0.9198833333969116
683	0.020902410463492074	0.9962833333333333	0.9189500000317892
684	0.021142192502816518	0.9960333333969116	0.9196833333333333
685	0.02096657163500786	0.9961833333333333	0.9195666666666666
686	0.020941515515744687	0.9961166666666667	0.9183333333651225
687	0.021725483458240828	0.9958333333333333	0.9184500000317891
688	0.021228811820348102	0.9960833333969116	0.91915
689	0.02126267915070057	0.9961666666666666	0.918616666730245
690	0.02177785622179508	0.9958	0.9179833333651225
691	0.021315081735203665	0.9959833333333333	0.9184833333969116
692	0.020988818141818046	0.9964333333333333	0.9188500000317892
693	0.02155972715119521	0.9958	0.9181333333333334
694	0.020834271904826163	0.9960666666666667	0.9201833333969116
695	0.02102019505798817	0.9962166666666666	0.91855
696	0.02135914711157481	0.9958833333333333	0.9183000000635783
697	0.02124835693538189	0.9960166666666667	0.919816666730245
698	0.021518778675794603	0.9960666666666667	0.9170666666666667
699	0.021152747481067977	0.9963166666666666	0.9169500000635783
700	0.020593923527002334	0.9961166666666667	0.9201833333651225
701	0.02188270194331805	0.99565	0.9172833333333333
702	0.021515710616111756	0.9960666667302449	0.9190166666666667
703	0.021374267506599428	0.9961833333651224	0.9179000000635783
704	0.02101859221458435	0.9960000000635783	0.9199500000635783
705	0.02099438257118066	0.9959833333969116	0.91885
706	0.021081108705202738	0.9962333333333333	0.918666666730245
707	0.021605060782035192	0.9958666667302449	0.917666666730245
708	0.02122683177391688	0.9962166666666666	0.9193333333651225
709	0.021065987881024678	0.9961333333333333	0.9200666666984558
710	0.021073604225118954	0.9962666666666666	0.9190833333333334
711	0.021392152182261148	0.9959333333969116	0.9183166666666667
712	0.021945744132995604	0.9959500000635783	0.91825
713	0.02160181554903587	0.9959166666666667	0.9187833333333333
714	0.0212244587769111	0.9961	0.9170666666666667
715	0.021536001910765965	0.9958833333651225	0.9171833333333334
716	0.021594344824552535	0.9959166666984558	0.9189833333969116
717	0.021360352038343747	0.9962833333333333	0.9184666667302449
718	0.02197694213241339	0.9958333333333333	0.9166333333651224
719	0.021508033510049183	0.9959833333333333	0.9179666666666667
720	0.021606443785627684	0.9958333333969116	0.9172666666984558
721	0.022154023230075835	0.9956333333969116	0.9161
722	0.021650439391533535	0.9958833333333333	0.9176333333969117
723	0.02134622696240743	0.9958	0.9182
724	0.021380168482661246	0.996166666730245	0.9164666666666667
725	0.020585713096459707	0.9964333333969116	0.9193
726	0.02167570591568947	0.995666666730245	0.9182833333333333
727	0.021176205639044442	0.99575	0.9165166667302449
728	0.02168046252330144	0.9956000000317892	0.9175166667302449
729	0.02160659219821294	0.996	0.9162666666666667
730	0.021952092322707176	0.9957166666666667	0.9175333333969116
731	0.021495199251174928	0.9959666667302449	0.9165666666666666
732	0.02153943306207657	0.9960000000635783	0.9169500000635783
733	0.02195531398653984	0.9955500000635783	0.9172166666666667
734	0.021437541240950424	0.9960833333333333	0.9170333333333334
735	0.021554556357860567	0.99595	0.9165500000635783
736	0.021760272347927094	0.99605	0.9171666667302449
737	0.021336039050420124	0.9961666666666666	0.916716666730245
738	0.021264657218257585	0.9963166666666666	0.9187000000635783
739	0.02202534480492274	0.9954666666666667	0.9157666666984559
740	0.02149362725218137	0.9961833333333333	0.9156500000317891
741	0.02146376131772995	0.99625	0.9162166666984558
742	0.02132859656214714	0.9962333333969117	0.9163000000317891
743	0.02120546015202999	0.9964	0.9165500000317891
744	0.02134912231663863	0.99595	0.9170500000635783
745	0.021706902555624644	0.9957166666666667	0.916066666730245
746	0.021474266278743742	0.99595	0.9164500000635782
747	0.021464217200875282	0.9959166667302449	0.9170666666666667
748	0.021297963627179464	0.9962	0.9163
749	0.021667369614044824	0.9959666666666667	0.9174
750	0.021814900137980778	0.9960166666666667	0.9175666666666666
751	0.021295098423957826	0.9961333333333333	0.9168500000317892
752	0.021263772975405056	0.9958	0.9176166666666666
753	0.021173760916789373	0.9960833333333333	0.9179666666984558
754	0.021073867918054264	0.9962166666666666	0.9180333333651225
755	0.02237612423102061	0.9959	0.9151000000635783
756	0.021627640999356906	0.99615	0.9161333333969116
757	0.021496459768215816	0.99615	0.9167666666666666
758	0.021516709019740423	0.9961	0.9159500000635783
759	0.021607606754700342	0.9960833333969116	0.9152333333333333
760	0.021888553382953008	0.99605	0.9163500000635783
761	0.021722828951478004	0.9958333333333333	0.9181833333651225
762	0.021491911923885346	0.9960166666666667	0.9158500000635783
763	0.021371122254927953	0.9963666666666666	0.9172833333651225
764	0.02149120790163676	0.99605	0.9167500000635783
765	0.021703279942274094	0.9962833333333333	0.9159666666984558
766	0.021681038234134514	0.9956333333333334	0.9164833333651224
767	0.022205593977371853	0.9958166667302449	0.9142666666666667
768	0.021527443093061448	0.9962500000635783	0.9157
769	0.022023074440161387	0.9962833333651224	0.9166833333333333
770	0.02173176065683365	0.9961500000635782	0.9135833333333333
771	0.02189965361356735	0.9960000000317891	0.9144000000635782
772	0.022319950783252718	0.9957	0.91555
773	0.02148033605615298	0.99595	0.9148833333651225
774	0.02213135556181272	0.9956833333333334	0.9152500000317891
775	0.02151805911064148	0.9958833333333333	0.9160166666984558
776	0.021803279050191242	0.996266666730245	0.9145833333333333
777	0.021762816777825357	0.9962833333969117	0.9146000000317891
778	0.021246543364723522	0.9962333333969117	0.9164666666984558
779	0.021959061914682387	0.9957333333333334	0.9172833333651225
780	0.02226101668278376	0.9957833333651225	0.9150000000635783
781	0.02158672323822975	0.9960833333651224	0.9151333333651225
782	0.02196876082420349	0.9961333333333333	0.9146833333969117
783	0.022205935662984847	0.9959333333969116	0.9149333333651225
784	0.022833808759848275	0.9956833333969116	0.9143833333969116
785	0.0218310771048069	0.9962666666984558	0.9145
786	0.02209401871462663	0.996	0.9147333333651225
787	0.021774801919360955	0.9961333333333333	0.9143833333651225
788	0.021832623825470607	0.996266666730245	0.9153333333969116
789	0.022125065662463507	0.9957666666666667	0.9132333333333333
790	0.02232634989321232	0.9960500000635782	0.9146500000317891
791	0.021844074873129525	0.99575	0.9154333333333333
792	0.02144737630089124	0.99615	0.9161333333969116
793	0.022350789391994478	0.9960000000635783	0.9130166666666667
794	0.021509587593873343	0.9962	0.9160666666666667
795	0.02262928418815136	0.9956	0.9141833333333333
796	0.02157496924996376	0.9959166666984558	0.9159
797	0.021838977747162182	0.99605	0.9129833333333334
798	0.021889557112256687	0.9958333333969116	0.9155166666666666
799	0.021305367304881414	0.9961833333333333	0.91535
800	0.02201133567194144	0.9961666666666666	0.9153666666984558
801	0.0222742288723588	0.9958	0.9145500000317891
802	0.02149208048383395	0.9959333333333333	0.9155333333333333
803	0.021826687318086624	0.996216666730245	0.91615
804	0.022093902504444124	0.9958	0.91375
805	0.021550015539924305	0.9960166666666667	0.9148333333969116
806	0.022073444269100826	0.9961500000635782	0.913966666730245
807	0.022119180460770924	0.9961166666666667	0.9144166667302449
808	0.02176977737545967	0.9963666666666666	0.9150166666984558
809	0.021792558021346727	0.9963333333333333	0.9146333333651224
810	0.022117773832877476	0.9960000000635783	0.9128166666666667
811	0.021662826999028523	0.9959833333969116	0.9144666666984558
812	0.022102221968770028	0.9958333333333333	0.9153833333333333
813	0.02214517004887263	0.9958666666666667	0.9136833333969117
814	0.023101680141687394	0.995666666730245	0.9120500000635783
815	0.022271819786230725	0.99615	0.9139666666984558
816	0.022500959992408753	0.9958833333969116	0.913616666730245
817	0.021706444706519445	0.9959166666666667	0.9154000000317891
818	0.021973050447305045	0.9964333333333333	0.912066666730245
819	0.022403056347370148	0.9957833333333334	0.9137333333333333
820	0.022321664629379907	0.9961833333333333	0.9128000000635783
821	0.022196699196100234	0.99595	0.9122166667302449
822	0.022217535938819248	0.9961166666984558	0.9135000000317891
823	0.021908696456750233	0.9959000000635783	0.912916666730245
824	0.021466337831815084	0.9964833333969116	0.9145833333969117
825	0.02164761422375838	0.9963166666666666	0.9136500000635783
826	0.021652254685759546	0.99625	0.9135000000317891
827	0.022091444532076517	0.9959666666984558	0.913516666730245
828	0.02285817604660988	0.9952666666666666	0.9131666667302449
829	0.02230432238181432	0.9959333333969116	0.9141000000317892
830	0.021795421664913495	0.9958666666666667	0.9134
831	0.022163040580352147	0.9958666666666667	0.9133666666666667
832	0.02208480938076973	0.9959333333333333	0.9125166666666666
833	0.0224269260207812	0.99595	0.9121166667302449
834	0.022698055101931094	0.9954166666666666	0.912966666730245
835	0.022172390194733937	0.9960833333333333	0.9133166666666667
836	0.022149883184830348	0.99605	0.9129666666984558
837	0.022075008382399876	0.9964	0.9125833333651224
838	0.02229226038257281	0.9959666667302449	0.9129166666666667
839	0.021670500711599986	0.9962500000635783	0.9126000000635783
840	0.02179880683918794	0.9962166666666666	0.9123833333333333
841	0.022278694965442023	0.99585	0.9122166666984558
842	0.021967125084002812	0.9961500000635782	0.9140333333333334
843	0.021950957880417506	0.9957666666666667	0.9139333333333334
844	0.02233293908238411	0.9961000000635782	0.9126666666666666
845	0.022213816574215887	0.9960333333333333	0.9128333333969116
846	0.022546386883656185	0.995666666730245	0.912816666730245
847	0.022176538344224294	0.9959	0.9129500000317892
848	0.022793239560723304	0.9957666666666667	0.9122000000317891
849	0.02192583578924338	0.9961833333333333	0.9126666666984559
850	0.022036716238657633	0.9959000000317891	0.91405
851	0.0224952287795643	0.99575	0.9121666666666667
852	0.022450886726379394	0.996216666730245	0.9124000000635782
853	0.0223791113893191	0.9958166666666667	0.9125333333651224
854	0.022841569010416667	0.9957833333333334	0.9117000000635783
855	0.022302809332807857	0.99625	0.9136333333651224
856	0.02235323418577512	0.9961333333651224	0.9118333333333334
857	0.022280158287286758	0.9959166666666667	0.9120166666984558
858	0.021831750152508416	0.996216666730245	0.9137333333333333
859	0.022160375909010568	0.9961	0.9113666666984558
860	0.021988378816843034	0.9959833333333333	0.9127333333651225
861	0.02196471025745074	0.9962833333969117	0.9123166667302449
862	0.02229896660844485	0.9959166667302449	0.9127
863	0.02215202928185463	0.9963333333969117	0.9127
864	0.022113790104786556	0.9958833333651225	0.9132
865	0.022270742737253508	0.9962	0.9126500000317892
866	0.02194066349864006	0.9963666666666666	0.9114833333651224
867	0.022399220488468805	0.9956833333333334	0.9117833333651225
868	0.022377097344398498	0.9960666666666667	0.9116500000635783
869	0.022381857946515083	0.9958666666666667	0.9116166666984558
870	0.02258981516857942	0.9960833333333333	0.9108333333333334
871	0.022808871697386105	0.99595	0.9121333333333334
872	0.02246029387116432	0.996	0.9111833333969116
873	0.02235719412167867	0.9962333333969117	0.9112000000317891
874	0.02251825820207596	0.9958333333333333	0.9118500000635783
875	0.0228907865524292	0.9957666666984558	0.91145
876	0.02235205325782299	0.9959500000635783	0.911766666730245
877	0.021803262492020924	0.9961833333333333	0.91335
878	0.02228481965859731	0.9960833333333333	0.9123666666984558
879	0.022826253457864126	0.9959	0.9114
880	0.022672173181176185	0.9962500000635783	0.910566666730245
881	0.022884001098076503	0.9959500000635783	0.9113000000635783
882	0.02251189933915933	0.9958500000635783	0.9116166666666666
883	0.022607096815109255	0.9960833333969116	0.9122833333969116
884	0.021791455365220706	0.9960666667302449	0.9130500000317892
885	0.02276781274576982	0.99545	0.9127000000317892
886	0.02259396605491638	0.9959166666666667	0.91155
887	0.022433514819542567	0.9958	0.9113833333969116
888	0.022599764531850815	0.9957833333333334	0.9113333333651225
889	0.022170076553026836	0.9960166666666667	0.9132166667302449
890	0.022629288673400878	0.99595	0.9112000000317891
891	0.022543136765559513	0.9960500000635782	0.9119
892	0.023457852379480996	0.9955166666666667	0.9100666666666667
893	0.022543842170635858	0.9957333333333334	0.9111833333651225
894	0.022348803730805715	0.9960166667302449	0.9111000000635783
895	0.022513829676310222	0.9961333333333333	0.9111833333969116
896	0.022132551395893096	0.996616666730245	0.9114000000317891
897	0.022658181022604307	0.9959166667302449	0.9117666666984559
898	0.022633248204986255	0.9961166666666667	0.910816666730245
899	0.022925342787305514	0.99535	0.9125333333969117
900	0.022092678157488506	0.99615	0.911916666730245
901	0.021962382463614146	0.99595	0.912916666730245
902	0.022696282403667768	0.9959500000635783	0.9104666667302449
903	0.022620968866348266	0.9958833333969116	0.9110833333651225
904	0.023024166093269984	0.99555	0.9100500000317892
905	0.022629299797614414	0.9958833333333333	0.9114500000635782
906	0.023098050649960837	0.9960000000635783	0.9103500000635782
907	0.022247456528743107	0.9962	0.9106666666666666
908	0.02242886920074622	0.9959333333333333	0.9107833333651225
909	0.02293101882735888	0.9960666667302449	0.9104166666984558
910	0.023250170584519704	0.995366666730245	0.9109666666666667
911	0.022200122451533875	0.9961166666666667	0.9116000000317891
912	0.02247991285522779	0.9959833333333333	0.9106500000635783
913	0.02237046302954356	0.996	0.9113333333333333
914	0.022719529218475025	0.9960666666666667	0.911016666730245
915	0.022629276225964227	0.996	0.9109833333651225
916	0.022341043545802436	0.9958166666666667	0.91105
917	0.022260965019464493	0.9963166666666666	0.9114833333333333
918	0.02310647518336773	0.9962333333333333	0.9097333333333333
919	0.02236678678194682	0.99575	0.909766666730245
920	0.023034044821560382	0.9954	0.91065
921	0.02266766989628474	0.9958500000635783	0.9110833333333334
922	0.023148511099815368	0.9952833333969117	0.9101333333651225
923	0.023157833272218705	0.99575	0.9117833333969116
924	0.023253363007307053	0.9959666667302449	0.9107333333969116
925	0.0229000712732474	0.9959166667302449	0.9100666666666667
926	0.02296034513115883	0.9959833333333333	0.909966666730245
927	0.02275085741976897	0.9958666666666667	0.9101833333969116
928	0.023170617598295213	0.9957333333333334	0.9096333333333333
929	0.022598080531756083	0.9959333333333333	0.9098166666666667
930	0.02275604610045751	0.9959333333333333	0.91025
931	0.02225802070895831	0.9963	0.9108833333333334
932	0.022202701031168302	0.9957333333333334	0.9121000000317891
933	0.02349089531501134	0.9957166666666667	0.9089666666984558
934	0.022655285416046778	0.9956166666984558	0.9095000000635783
935	0.02235510751903057	0.9960166666666667	0.9111000000635783
936	0.023123397556940716	0.9956833333333334	0.9086500000317892
937	0.0225863533616066	0.9957000000635783	0.9090833333651225
938	0.023028993689020474	0.99565	0.9105500000635783
939	0.02271558259924253	0.99605	0.9096
940	0.022715041641394297	0.9959333333333333	0.9088
941	0.022639243232210476	0.9959500000635783	0.9111333333651225
942	0.022133110962311426	0.9959833333333333	0.9096833333651225
943	0.02265668533643087	0.9957833333969116	0.9101666667302449
944	0.023445261844992637	0.9958333333333333	0.9090166666666667
945	0.023291310922801494	0.9958833333333333	0.9091666666666667
946	0.02284681112766266	0.9960166666666667	0.9104500000317891
947	0.02285274887382984	0.9958666666666667	0.9094166667302449
948	0.022841949679454167	0.9960333333651225	0.9105333333333333
949	0.022709608325362205	0.9954666666666667	0.9096500000635783
950	0.023033787232637406	0.9960333333333333	0.9095500000317891
951	0.022672731588284173	0.9960500000635782	0.9101833333333333
952	0.02266382358173529	0.996	0.9103666666666667
953	0.02260434469183286	0.9960333333651225	0.9104166667302449
954	0.02264935508767764	0.9962333333969117	0.9097666666666666
955	0.02280550754070282	0.99605	0.909766666730245
956	0.02355019303957621	0.9958666666984558	0.9082666666984558
957	0.022705196501811346	0.9959666666666667	0.9101333333333333
958	0.022844230302174886	0.9957000000635783	0.9093833333969116
959	0.02312165836393833	0.995466666730245	0.9083666666666667
960	0.022836748758951822	0.99615	0.91025
961	0.022950692844390868	0.9959166667302449	0.9108500000635783
962	0.023223850255211193	0.9957333333333334	0.9084
963	0.022749627461036048	0.99565	0.9097
964	0.02347341643770536	0.9957166666666667	0.9091833333651225
965	0.022881651084621746	0.9956833333333334	0.9106500000317892
966	0.023538767153024675	0.9957000000317892	0.9099333333651225
967	0.02255785420536995	0.9959666666666667	0.9109500000635783
968	0.022999740662177404	0.995516666730245	0.9101666666984558
969	0.022995463530222575	0.9960333333333333	0.909766666730245
970	0.02314815924068292	0.9959	0.9085333333333333
971	0.02268922517299652	0.9958833333333333	0.9107000000317892
972	0.023407671016454697	0.9961166666666667	0.9077333333333333
973	0.022948371075590453	0.9958333333333333	0.9098000000317892
974	0.0226661891857783	0.9957333333333334	0.9100000000635783
975	0.0227760054787	0.9958166666984558	0.910716666730245
976	0.022788725744436186	0.9962666666666666	0.9087833333651225
977	0.022975371130307516	0.9956166666666667	0.909866666730245
978	0.023219668428103128	0.9957166666666667	0.9083166666984558
979	0.022738953588406247	0.9958666666666667	0.9092166666666667
980	0.02337398398518562	0.9953333333969117	0.9087666666666666
981	0.022990774409969647	0.9958833333333333	0.9093666666984558
982	0.022816126426060995	0.9962166666984558	0.9087166666984559
983	0.02253607305685679	0.9958333333969116	0.9103833333333333
984	0.02266920911471049	0.99605	0.9085500000635783
985	0.023064805134137473	0.9955833333969116	0.9097166666666666
986	0.022740931332111358	0.9962500000635783	0.9084333333651224
987	0.02319784912665685	0.9956000000635783	0.9083333333969116
988	0.023651287957032523	0.9959166666666667	0.9084833333651224
989	0.023124419128894805	0.9956166666666667	0.9094166666984558
990	0.023566262263059617	0.9956833333969116	0.9090666667302449
991	0.02326843112607797	0.9959666667302449	0.9087333333333333
992	0.022844113611181577	0.99615	0.9084000000317891
993	0.022936974942684173	0.99625	0.9082
994	0.022577825980385144	0.9960833333333333	0.9103000000635783
995	0.02328176759382089	0.9957833333969116	0.9085333333969117
996	0.0233517769018809	0.9957000000635783	0.9095000000635783
997	0.022911815107862155	0.9959	0.9101166666666667
998	0.022705392786860467	0.9959333333969116	0.9100000000635783
999	0.022877796725432078	0.9965333333333334	0.9099333333969116
1000	0.022310779323180516	0.9957833333333334	0.9103333333333333
1001	0.022996828245619935	0.9961	0.9084
1002	0.02271787640253703	0.9956666666666667	0.9096833333333333
1003	0.02318632776737213	0.9960333333333333	0.9089333333969116
1004	0.022901725459098816	0.9959833333333333	0.9086166666984559
1005	0.023481116901834805	0.99555	0.9093166666984558
1006	0.022688491022586823	0.9961	0.9091833333969116
1007	0.02291988381346067	0.9961833333333333	0.90935
1008	0.022730173432826996	0.9956833333333334	0.9094333333333333
1009	0.023061386267344157	0.9960166666666667	0.9080666666666667
1010	0.0233792706767718	0.9957333333969116	0.90905
1011	0.02291390673816204	0.9961	0.9087500000635783
1012	0.023623948617776235	0.9955333333333334	0.9071666666666667
1013	0.02324021051923434	0.9960333333333333	0.9084833333651224
1014	0.02316147825320562	0.9959000000317891	0.9092333333969116
1015	0.022947679468989374	0.9956333333333334	0.9095833333333333
1016	0.022958026214440663	0.9961333333969116	0.9082333333333333
1017	0.02252515854537487	0.9958833333333333	0.909866666730245
1018	0.02265258448123932	0.9960833333651224	0.908566666730245
1019	0.023497250179449716	0.9956666666666667	0.9074
1020	0.02303729490786791	0.9958666666666667	0.908666666730245
1021	0.022975154900550843	0.9957166666666667	0.9095333333333333
1022	0.023747536028424897	0.9955000000635783	0.9080833333333334
1023	0.02282197148601214	0.99595	0.9095333333651224
1024	0.023017368437846502	0.9958166666666667	0.90865
1025	0.02286808577378591	0.9960166666666667	0.9100000000317892
1026	0.02307577273050944	0.9957333333333334	0.9091166667302449
1027	0.022608497165640194	0.9958833333333333	0.9084666666666666
1028	0.022960558078686397	0.9958000000635783	0.9089666666666667
1029	0.022731449765960376	0.9960666667302449	0.9096500000317892
1030	0.02355787975092729	0.9957500000635783	0.9087333333969116
1031	0.022979030865430832	0.99595	0.9089500000635783
1032	0.0231833509683609	0.9958	0.9084
1033	0.023000431935489177	0.995716666730245	0.9083666667302449
1034	0.022519431499640148	0.9960166666666667	0.9100000000635783
1035	0.022679236449797947	0.9961833333969117	0.9091666667302449
1036	0.023695889455080034	0.9956333333969116	0.9071666666666667
1037	0.023072522434095542	0.99635	0.907866666730245
1038	0.023030767099062602	0.9958333333969116	0.9096833333651225
1039	0.023053780861695607	0.9956500000317892	0.9091666666984558
1040	0.02258791325688362	0.99595	0.9095500000317891
1041	0.02312442825138569	0.9957833333333334	0.9076166666666666
1042	0.022456273180246355	0.9961	0.9104000000317891
1043	0.02276657697657744	0.9960333333333333	0.9090333333333334
1044	0.023234670784076056	0.9957	0.9075833333969117
1045	0.023097558202346165	0.99565	0.9079500000317892
1046	0.022958249672253926	0.9963333333969117	0.9089833333969116
1047	0.022743096612890562	0.99615	0.9107666666984559
1048	0.02283407246073087	0.9960000000635783	0.9089333333333334
1049	0.022930383106072743	0.9961	0.9088666666666667
1050	0.022482386473814647	0.9961500000635782	0.9089166666666667
1051	0.02261769501368205	0.99585	0.9083666666666667
1052	0.02268271775643031	0.9957666667302449	0.9086833333333333
1053	0.023279695109526315	0.9957666666666667	0.9102
1054	0.02407505260705948	0.99535	0.9072166666984558
1055	0.023065572877724965	0.9961333333969116	0.9095500000635783
1056	0.02323239611585935	0.99565	0.9081000000317891
1057	0.02294935049613317	0.9962	0.9096666666666666
1058	0.022914227333664893	0.99595	0.90975
1059	0.023058819846312206	0.9959333333333333	0.9083833333333333
1060	0.022585877678791683	0.9959666667302449	0.9088500000635783
1061	0.022517555767297744	0.9963333333969117	0.9088500000635783
1062	0.02318262030581633	0.9958833333969116	0.908466666730245
1063	0.023572998309135437	0.9958166666666667	0.9076500000317892
1064	0.022907927415768307	0.9960166666666667	0.9088500000317892
1065	0.02210089911222458	0.9958833333651225	0.9107500000317892
1066	0.022819804201523464	0.9958166667302449	0.9096833333333333
1067	0.023281136347850163	0.9957	0.9084000000317891
1068	0.02269250970482826	0.9961666666666666	0.9088000000635783
1069	0.023009931335846584	0.9959833333333333	0.9090333333651225
1070	0.02306481029589971	0.9956000000635783	0.9093500000317891
1071	0.023049696695804596	0.9960833333333333	0.9095833333333333
1072	0.02335244366923968	0.9955000000635783	0.9085
1073	0.022359946411848068	0.99575	0.9093166666984558
1074	0.022710618511835735	0.9962333333333333	0.9093166667302449
1075	0.022628707545995712	0.9960166666666667	0.9112000000317891
1076	0.02268499960899353	0.9960833333969116	0.9093
1077	0.023199118053913115	0.9959	0.9074500000635782
1078	0.02352431134581566	0.9957000000635783	0.90795
1079	0.022841934007406233	0.9960000000635783	0.9102833333651225
1080	0.02284780897696813	0.9960833333969116	0.9074333333969116
1081	0.02286641005674998	0.9959	0.9093833333651224
1082	0.02271586667895317	0.9960833333333333	0.90835
1083	0.023240436284740765	0.9957833333333334	0.9101
1084	0.022514770918091138	0.9962666666666666	0.9093833333333333
1085	0.02334408267736435	0.9958666666666667	0.9087666666666666
1086	0.022678774723410608	0.9958833333969116	0.9094666666984558
1087	0.02273729398449262	0.9960166667302449	0.9091000000635783
1088	0.022758791958292324	0.99595	0.9106166666984558
1089	0.022290837621688844	0.9961333333333333	0.9101833333969116
1090	0.022933747965097426	0.9956833333333334	0.908966666730245
1091	0.023424813719590504	0.9959666666666667	0.9080333333969116
1092	0.02335104171236356	0.9958000000635783	0.9091166666666667
1093	0.022956392699480056	0.9961000000635782	0.9088666666666667
1094	0.02226999643445015	0.99635	0.9116000000635783
1095	0.022170319461822508	0.9961166666666667	0.9112666666666667
1096	0.023060124748945237	0.9959	0.9093166666984558
1097	0.022565889889001847	0.995666666730245	0.9111666667302449
1098	0.02274093740582466	0.99585	0.9087500000317892
1099	0.022812711532165606	0.9955833333333334	0.9109833333969116
1100	0.022899431613087655	0.9959500000635783	0.9100500000635783
1101	0.02406110950311025	0.9951833333333333	0.90785
1102	0.02283264882961909	0.99555	0.9095000000317891
1103	0.022500551491975784	0.996	0.9101833333969116
1104	0.02286541801293691	0.9962333333969117	0.90905
1105	0.022724567768971124	0.9959166666984558	0.9087666666666666
1106	0.022865537961324057	0.9957333333969116	0.9105333333333333
1107	0.022774165908495587	0.9959000000635783	0.9092333333333333
1108	0.023229873724778492	0.99535	0.9079000000635783
1109	0.02239875769019127	0.99595	0.910666666730245
1110	0.023361225822071233	0.9949833333333333	0.9092166666666667
1111	0.02280841197570165	0.9960500000635782	0.9096
1112	0.022200730300943057	0.9961166666666667	0.9110833333333334
1113	0.02240747685233752	0.99585	0.9098666666984558
1114	0.02305893409748872	0.9957333333333334	0.9093333333969116
1115	0.02278071506222089	0.9958500000635783	0.9104500000317891
1116	0.02246764405866464	0.9957833333333334	0.9104833333333333
1117	0.022933923689524332	0.9961333333333333	0.9087333333651225
1118	0.0224500046869119	0.9960833333333333	0.9094000000317891
1119	0.022926024174690248	0.9957000000635783	0.908716666730245
1120	0.022600529893239338	0.9955333333333334	0.9111166667302449
1121	0.02291719640493393	0.9956833333333334	0.9109833333651225
1122	0.02289856460392475	0.9956833333333334	0.9078166666666667
1123	0.02227876672943433	0.9961	0.9096833333651225
1124	0.022279053260882694	0.9962000000635783	0.9081166666666667
1125	0.022546519805987677	0.9959666666666667	0.9088166666666667
1126	0.02275438494384289	0.9959666667302449	0.9095833333333333
1127	0.022568737296263377	0.9957	0.9110166666984558
1128	0.02267329620718956	0.9961166666666667	0.9093166667302449
1129	0.022381919101874034	0.9958333333333333	0.9107
1130	0.02245865377386411	0.9958166666666667	0.91175
1131	0.023079695638020835	0.9956333333333334	0.9093833333333333
1132	0.02227253914674123	0.9961833333969117	0.9110333333969116
1133	0.022845892697572708	0.9953833333969117	0.9100833333969116
1134	0.022831561201810836	0.9961	0.9111500000317891
1135	0.02257383884390195	0.9959166666666667	0.9104333333333333
1136	0.022642247436443965	0.9959333333651225	0.9098833333333334
1137	0.02245355384349823	0.9958166666666667	0.9110666666666667
1138	0.022971854182084403	0.9963833333333333	0.9085833333651224
1139	0.022481005177895228	0.9960000000635783	0.9099666666984558
1140	0.02285262030363083	0.9953833333969117	0.9108500000317892
1141	0.023013861739635467	0.9956833333333334	0.9100833333969116
1142	0.022452880652745564	0.99575	0.9111333333651225
1143	0.022239109770456948	0.9959666666984558	0.9111166667302449
1144	0.022554279366135598	0.99575	0.9124
1145	0.022255039404829344	0.996	0.9091000000317891
1146	0.022656911391019822	0.9960166666984558	0.909516666730245
1147	0.022119305882851284	0.99595	0.9097833333651225
1148	0.022772017365694047	0.996166666730245	0.9091333333333333
1149	0.02228929791053136	0.9959833333333333	0.9114166666984558
1150	0.022838793681065242	0.9957333333969116	0.9102
1151	0.022411292991538843	0.9959166666666667	0.9112000000635783
1152	0.02210110877553622	0.9962666666666666	0.910716666730245
1153	0.022304349477092426	0.9960166666666667	0.9107500000317892
1154	0.022790229791402817	0.9955	0.910916666730245
1155	0.02260418690443039	0.9957166666666667	0.911066666730245
1156	0.02220650393565496	0.9958666666666667	0.9124166666666667
1157	0.022467196611563364	0.9957000000635783	0.9109000000317892
1158	0.02257475570042928	0.9959166666666667	0.9113666667302449
1159	0.022282340917984644	0.9958166667302449	0.910766666730245
1160	0.022708021476864813	0.99585	0.9118000000317892
1161	0.022876314757267636	0.995566666730245	0.9105
1162	0.022690231897433598	0.9959333333333333	0.90945
1163	0.022379608464241026	0.9961	0.9103666666666667
1164	0.02215921603043874	0.99595	0.9108333333969116
1165	0.022819196969270705	0.99615	0.91005
1166	0.02197919655243556	0.9962833333333333	0.9124166666984558
1167	0.022691804537177087	0.9959333333333333	0.9123000000635783
1168	0.022122101088364918	0.9960333333969116	0.91155
1169	0.022204760140180586	0.9961833333333333	0.9115833333333333
1170	0.022275190975268682	0.9961666666666666	0.9120166666984558
1171	0.02249509095946948	0.9958666666666667	0.9116833333651225
1172	0.022174529027938844	0.9958333333651225	0.9109
1173	0.022264270448684693	0.9961000000635782	0.9106
1174	0.02216942982971668	0.99565	0.9130333333651225
1175	0.022353722153107325	0.9961166666666667	0.9109166666984558
1176	0.022327419833342233	0.9957500000635783	0.9108666666666667
1177	0.022090635733803113	0.9956166666666667	0.9123833333651225
1178	0.022592561141649883	0.9957000000635783	0.9104166667302449
1179	0.02256100280880928	0.9961833333969117	0.9102000000635783
1180	0.02231464932759603	0.9963833333969117	0.9109
1181	0.02216568308075269	0.99585	0.9115833333333333
1182	0.021804342580835023	0.9959333333333333	0.9133166666984558
1183	0.022355219900608063	0.9957666667302449	0.9108166666666667
1184	0.022001472238699596	0.9959666666666667	0.9121333333333334
1185	0.022573057319720587	0.9960166666666667	0.9117
1186	0.022273220751682917	0.9959166666666667	0.9126833333969117
1187	0.0220045181453228	0.9959833333333333	0.9119166666984558
1188	0.022499830702940624	0.9957833333333334	0.912
1189	0.022328137109676998	0.9960833333651224	0.9122166666666667
1190	0.02220943435927232	0.9957833333333334	0.9115833333651224
1191	0.022510128553708396	0.9955333333333334	0.9120666666666667
1192	0.02198453782002131	0.9961666666666666	0.9135833333651224
1193	0.02257254447241624	0.99575	0.9113666666984558
1194	0.022116756836573284	0.9958000000635783	0.9132000000635783
1195	0.021959563040733338	0.996166666730245	0.9111833333651225
1196	0.02200260733763377	0.9959666666666667	0.9124500000635782
1197	0.022511875998973845	0.9958166667302449	0.9109833333969116
1198	0.02205161248842875	0.9960666666666667	0.9125333333969117
1199	0.022541916318734485	0.9956166666984558	0.9126500000317892
1200	0.02224021862645944	0.9957333333333334	0.9126000000317891
1201	0.022228381490707397	0.9961666666666666	0.9119833333651225
1202	0.022319139114022255	0.9960333333333333	0.9124833333333333
1203	0.022294375810523827	0.9957166666666667	0.9122333333333333
1204	0.022188902452339728	0.9957666666666667	0.9135333333333333
1205	0.022552096956968307	0.9960833333333333	0.9109000000317892
1206	0.022315972727537155	0.9959833333969116	0.9113833333333333
1207	0.02164512034455935	0.9960000000317891	0.9125166666666666
1208	0.02193853843609492	0.996166666730245	0.912
1209	0.022293555749456087	0.9957500000635783	0.91315
1210	0.022322624548276264	0.9959	0.9117333333969116
1211	0.0225384863893191	0.995616666730245	0.9130000000635783
1212	0.022131151191393535	0.99605	0.9123333333333333
1213	0.022220085177818934	0.9959500000317891	0.9107333333651225
1214	0.021546553295850753	0.9959666666666667	0.9137333333651225
1215	0.022148958340287208	0.996	0.9124666666666666
1216	0.021828655418753624	0.9960166666666667	0.912866666730245
1217	0.022073537663618723	0.9960166666666667	0.9127166666666666
1218	0.02218362293342749	0.9959666666666667	0.912016666730245
1219	0.022212338676055272	0.9956333333333334	0.9134666666666666
1220	0.022128065103292464	0.99575	0.9123666666984558
1221	0.022538377130031585	0.99585	0.9118000000635783
1222	0.02208675347963969	0.9956666666666667	0.9121333333651225
1223	0.022421385540564855	0.9958000000635783	0.9119500000635783
1224	0.022132909228404364	0.9957833333969116	0.9116833333333333
1225	0.022282224134604137	0.9958166666666667	0.912516666730245
1226	0.02218327280978362	0.9962	0.9121333333651225
1227	0.02188609452843666	0.9961333333969116	0.9123500000317891
1228	0.022076139601071677	0.9961833333333333	0.9126333333969117
1229	0.021553515569369	0.9958333333651225	0.9134166667302449
1230	0.022252791864673296	0.99605	0.9127000000635783
1231	0.022375665920972825	0.995616666730245	0.9130666666666667
1232	0.02197437661488851	0.9956833333969116	0.9134
1233	0.022069901424646376	0.9962833333333333	0.9129833333333334
1234	0.02216402225494385	0.9958000000317891	0.9124833333969116
1235	0.022265437163909278	0.9961666666666666	0.9113500000317891
1236	0.021913035186131795	0.9955166666666667	0.9128166666666667
1237	0.021993820963303247	0.99605	0.9133000000635783
1238	0.022250491394599278	0.9959500000635783	0.912616666730245
1239	0.021847272539138794	0.9959666666666667	0.9128333333333334
1240	0.02188512061436971	0.9957500000635783	0.9143833333651225
1241	0.02173316300312678	0.9958	0.9131333333969116
1242	0.02254810085892677	0.9955000000635783	0.9117666666666666
1243	0.02200361413359642	0.99605	0.9117333333651225
1244	0.02178506643176079	0.9959666667302449	0.9148333333333334
1245	0.021380725800991058	0.9962	0.9144500000635782
1246	0.022063150109847388	0.99555	0.9129500000635783
1247	0.021302569113175074	0.9962	0.914516666730245
1248	0.02161811861594518	0.9958500000635783	0.9150333333651225
1249	0.02191882495880127	0.9959833333333333	0.9123833333333333
1250	0.021788754725456237	0.9962	0.9132000000635783
1251	0.021711253521839776	0.9958	0.9140500000317892
1252	0.022007422824700675	0.9958333333969116	0.9126833333969117
1253	0.022185798317193986	0.9957333333333334	0.9125500000635783
1254	0.022714539657036462	0.9956833333333334	0.9121166666984558
1255	0.021869093251228332	0.9964833333651225	0.9138833333651225
1256	0.02204242654244105	0.99605	0.9135666666984558
1257	0.0214765979886055	0.9958333333333333	0.9149000000317892
1258	0.02257048963109652	0.9959333333333333	0.9121166666666667
1259	0.02177816520134608	0.9956500000635783	0.9134333333651224
1260	0.02145974073211352	0.996	0.9145500000317891
1261	0.021737394114335378	0.9960666667302449	0.9144166666984558
1262	0.02184161347746849	0.9961	0.913
1263	0.022143582902352014	0.9959500000317891	0.9127666666666666
1264	0.022514936790863672	0.9953833333333333	0.9128166666984558
1265	0.02221719810962677	0.9958	0.9137666666666666
1266	0.02169784463047981	0.9960166666666667	0.9137166666666666
1267	0.021864291242758432	0.996	0.9127666666984559
1268	0.02167607019941012	0.9960000000635783	0.9129500000635783
1269	0.02194245379070441	0.9957666667302449	0.9134000000317891
1270	0.0216996980547905	0.9959833333969116	0.9146333333651224
1271	0.021808841274182002	0.996	0.9135833333651224
1272	0.022033977695306142	0.9959166666666667	0.9143333333333333
1273	0.022009114305178323	0.9957833333969116	0.9138833333969116
1274	0.0215879081428051	0.9960333333333333	0.91365
1275	0.02217657007575035	0.9954000000317892	0.9123666666984558
1276	0.021234651606281598	0.9961666666666666	0.9148500000317892
1277	0.021844784512122472	0.995666666730245	0.9154333333333333
1278	0.021350558521350226	0.9961833333333333	0.9151333333969116
1279	0.02230983974337578	0.9959166667302449	0.9129166666666667
1280	0.022002509812513987	0.9960833333969116	0.9130333333969116
1281	0.021520507130026817	0.99625	0.9148166666666666
1282	0.021476322633028032	0.9958833333333333	0.9146500000635783
1283	0.022181881352265675	0.9959333333333333	0.9129833333969116
1284	0.022295949645837147	0.9956000000635783	0.9137666666984559
1285	0.02165311215321223	0.9958833333969116	0.9150166666984558
1286	0.022491464293003083	0.9956500000635783	0.9121500000317891
1287	0.021936032630999882	0.9958333333333333	0.9138000000635783
1288	0.022403179782629012	0.9952333333333333	0.9140000000635783
1289	0.021208413203557333	0.9962000000635783	0.9145666666666666
1290	0.021744068682193755	0.9957166666666667	0.9141000000635783
1291	0.022287707837422687	0.9960166666666667	0.9128833333333334
1292	0.021827883569399516	0.9960666667302449	0.9146833333651225
1293	0.022039537154634792	0.9958166666666667	0.9131166666984558
1294	0.021819589268167815	0.9960833333333333	0.9136666666984559
1295	0.021920093444983163	0.9960333333969116	0.9143166666984558
1296	0.022232764473557473	0.99555	0.9143333333333333
1297	0.02166500767469406	0.9961500000635782	0.9132000000317891
1298	0.021886027185122173	0.9956833333969116	0.9143500000635782
1299	0.02256011755466461	0.9953000000635783	0.9117833333651225
1300	0.022897189768155416	0.9948833333333333	0.9129166666984558
1301	0.02179592072268327	0.9959500000635783	0.9144833333651224
1302	0.021550802119572957	0.9960500000635782	0.9147
1303	0.021773283739884696	0.9960833333333333	0.9139666666984558
1304	0.022142242616415023	0.9959666666666667	0.9142833333969116
1305	0.021496334040164947	0.9959000000635783	0.9155
1306	0.021603414662679038	0.9960000000317891	0.9142166666666667
1307	0.021255560026566186	0.9961833333333333	0.915616666730245
1308	0.02127033925453822	0.9963333333333333	0.91545
1309	0.02152017235358556	0.9957	0.91495
1310	0.021926755195856094	0.9959	0.91285
1311	0.022070312750339507	0.9958	0.9132500000317891
1312	0.022115687402089437	0.9957	0.9132666666666667
1313	0.021659319011370342	0.9962	0.9143833333333333
1314	0.021865798288583756	0.9957833333333334	0.91435
1315	0.021366216458876926	0.9959333333333333	0.9151833333333333
1316	0.021118292663991452	0.99605	0.9164
1317	0.02192037792801857	0.9958833333969116	0.9148833333333334
1318	0.02155910131931305	0.9960500000317891	0.9148333333651225
1319	0.02257099320789178	0.9953	0.91385
1320	0.02181162901123365	0.9959166666984558	0.9147333333333333
1321	0.021572571061054865	0.9962	0.9151
1322	0.02159011222322782	0.9959	0.9152333333651225
1323	0.02121436085899671	0.9960333333333333	0.9161166666666667
1324	0.021224701675772666	0.9961833333333333	0.9168500000635783
1325	0.02141253390908241	0.9959166667302449	0.9144500000317891
1326	0.0216183625549078	0.9959666666666667	0.9141833333333333
1327	0.021929724831382433	0.9958333333333333	0.9140833333969116
1328	0.021527343657612802	0.9959500000635783	0.9151
1329	0.02160288716753324	0.996166666730245	0.9148833333651225
1330	0.021643250419696173	0.9960833333333333	0.9143166667302449
1331	0.021459976001580557	0.9958833333969116	0.9160000000635783
1332	0.02184747012257576	0.9959	0.913666666730245
1333	0.021881594254573186	0.9959666666984558	0.91395
1334	0.02144649099310239	0.9959333333333333	0.9149
1335	0.021348310722907386	0.9960166667302449	0.9155333333651224
1336	0.021859753412008284	0.9958666666666667	0.9134500000635782
1337	0.02142196194032828	0.995616666730245	0.9143333333333333
1338	0.021726722367604572	0.99595	0.9139833333651225
1339	0.022028505220015843	0.9959000000317891	0.9141666666666667
1340	0.021409057033061982	0.9962333333333333	0.9152833333651225
1341	0.02290820580323537	0.995266666730245	0.9145166666984558
1342	0.0214163289124767	0.9959166666666667	0.9143166666984558
1343	0.021262118089199065	0.9958833333333333	0.91635
1344	0.021758530646562576	0.9957333333333334	0.9159833333651225
1345	0.02162796922127406	0.9961166666666667	0.9153333333651225
1346	0.020503505147993564	0.9963666666666666	0.9167333333651225
1347	0.02153918604652087	0.9958833333969116	0.916616666730245
1348	0.021410872157414756	0.9959166666666667	0.9165833333333333
1349	0.02161110966404279	0.9958166666666667	0.9150500000317892
1350	0.02160380219221115	0.9958000000635783	0.9149333333333334
1351	0.021019324485460917	0.9959166666984558	0.91605
1352	0.02129434106349945	0.9962	0.9172
1353	0.0219459350908796	0.996	0.914066666730245
1354	0.02164787318110466	0.9959	0.9139666666666667
1355	0.02202620915969213	0.9956166666666667	0.9153833333969116
1356	0.020828024541338284	0.9963166666666666	0.9170166666666667
1357	0.02201863821943601	0.99605	0.9154166666666667
1358	0.021332901263237	0.9961833333333333	0.9157666666984559
1359	0.02163351763387521	0.9959	0.9147333333651225
1360	0.021467549484968186	0.9963333333333333	0.9156333333969117
1361	0.021666477876901628	0.9959833333333333	0.9151333333969116
1362	0.021276648050546645	0.996166666730245	0.9163166666666667
1363	0.021614520275592804	0.9959	0.9168
1364	0.021767780099312465	0.9960333333333333	0.9160333333333334
1365	0.021164536796013513	0.9961166667302449	0.9156333333969117
1366	0.021368845770756404	0.9957500000635783	0.9153833333651225
1367	0.020999507022897403	0.99595	0.9164666667302449
1368	0.021235490015149117	0.99605	0.916066666730245
1369	0.021362002296249072	0.9960166666666667	0.9155833333969117
1370	0.02089417172173659	0.99635	0.9150833333969116
1371	0.022208516452709832	0.995616666730245	0.91395
1372	0.021700505204002064	0.99615	0.9163
1373	0.02088708753188451	0.9963166666666666	0.9166000000635783
1374	0.02151518212556839	0.9960166667302449	0.9153666666984558
1375	0.021563544116417567	0.9959666666666667	0.9163833333333333
1376	0.02123277342915535	0.9962	0.9161666666984558
1377	0.02212852748731772	0.995466666730245	0.9150000000317892
1378	0.021452034989992777	0.99565	0.9152
1379	0.021130209624767304	0.9959166666666667	0.9166500000635783
1380	0.02150746288597584	0.99585	0.9159833333651225
1381	0.02202291790942351	0.99575	0.9158000000635783
1382	0.02134005966683229	0.9960833333969116	0.9155000000635782
1383	0.021667811674873035	0.9961666666666666	0.9161000000635783
1384	0.020865956528981527	0.9960833333333333	0.9165000000317891
1385	0.02125768760442734	0.99595	0.9181000000317892
1386	0.021232883300383885	0.9959666666666667	0.9147333333333333
1387	0.02116430798570315	0.9962666666666666	0.9156
1388	0.02155594824552536	0.9961	0.9160333333969116
1389	0.0219928988357385	0.9959666666984558	0.9137833333651225
1390	0.021668945185343423	0.9959333333333333	0.9163500000635783
1391	0.02161209244430065	0.9959500000635783	0.915966666730245
1392	0.021628498766819635	0.9957166666984558	0.9151333333969116
1393	0.021945476293563842	0.9960666666666667	0.9141000000635783
1394	0.021587724457184473	0.9959666666666667	0.9163000000317891
1395	0.02125612044930458	0.9962166666984558	0.9165666666984558
1396	0.021946008864045144	0.9956166666666667	0.9145833333333333
1397	0.021311734115084014	0.9959	0.9161500000317891
1398	0.02147481905023257	0.9959333333651225	0.9152500000635783
1399	0.02134190751115481	0.9959166666666667	0.9144166667302449
1400	0.021329452874263126	0.99595	0.9166833333969117
1401	0.02112934298813343	0.9958	0.9166166666984558
1402	0.021026114642620088	0.9959166667302449	0.915866666730245
1403	0.02140458145737648	0.9963333333969117	0.9161833333333333
1404	0.022735760710636776	0.9952666666666666	0.9125000000635783
1405	0.021958407392104466	0.9957000000317892	0.9159166666666667
1406	0.02155364955464999	0.9961166666666667	0.9154166667302449
1407	0.021973434675733247	0.9954166666666666	0.9152500000635783
1408	0.02144294482668241	0.9959166666666667	0.9159166666984558
1409	0.021284110174576442	0.996216666730245	0.9157000000317892
1410	0.021345100023349127	0.9961500000635782	0.9153666666666667
1411	0.021594129621982573	0.9961666666666666	0.9148666666666667
1412	0.02143907720843951	0.9958666666666667	0.9159500000635783
1413	0.021554097028573353	0.9960666666666667	0.91655
1414	0.02153052294055621	0.9957000000635783	0.9163666666666667
1415	0.021436044029394787	0.9958666666666667	0.9148166666984558
1416	0.021276198063294092	0.9960500000635782	0.9157333333651225
1417	0.021378727946678798	0.9958	0.9171166666984558
1418	0.021528629020849864	0.9960666666666667	0.91585
1419	0.021572701096534728	0.9959833333969116	0.9149666666984558
1420	0.021494644291202226	0.9961333333333333	0.9149833333651225
1421	0.021824768569072086	0.9956666666666667	0.9132333333969116
1422	0.021081583638985952	0.9961666666666666	0.915966666730245
1423	0.021469497561454772	0.9958	0.9165166666984558
1424	0.021617648629347484	0.9957	0.9148833333969116
1425	0.021476025089621546	0.9959833333333333	0.9165666666666666
1426	0.020961935784419378	0.9962833333333333	0.9164333333969116
1427	0.021797566965222358	0.9959	0.9161833333333333
1428	0.021486761590838434	0.9962	0.91525
1429	0.02152821164429188	0.9960333333333333	0.9158333333651225
1430	0.022128239144881566	0.9958333333333333	0.9141666667302449
1431	0.021116454406579336	0.996216666730245	0.9158833333651225
1432	0.021803985058267913	0.99605	0.91605
1433	0.02141601352492968	0.9959000000635783	0.9158333333333334
1434	0.021992919979492823	0.9959833333969116	0.9152000000317891
1435	0.021289084039131802	0.9961	0.9167
1436	0.021134076458215714	0.9959666666666667	0.9164666666666667
1437	0.02121542422970136	0.9959	0.9159333333651225
1438	0.021259763687849046	0.9962833333969117	0.9164833333333333
1439	0.02148560113310814	0.9960666667302449	0.9152833333651225
1440	0.0216256898522377	0.9958166666666667	0.9151333333651225
1441	0.02138760235309601	0.996166666730245	0.9151166666984558
1442	0.021191480825344722	0.9959666667302449	0.915616666730245
1443	0.02128989941676458	0.9961	0.9171500000635783
1444	0.02194814414580663	0.995416666730245	0.9150833333969116
1445	0.021255207352836928	0.9958833333333333	0.917
1446	0.022151109751065573	0.9955833333969116	0.911616666730245
1447	0.021427654846509298	0.9960666666666667	0.9152666666666667
1448	0.021716762125492096	0.9960166666666667	0.9148833333969116
1449	0.022106649937232336	0.9954666666666667	0.9157166666984559
1450	0.021358413310845693	0.9960333333333333	0.9155333333969117
1451	0.021783014032244682	0.9958833333333333	0.9140333333651225
1452	0.021599838258822758	0.996	0.9145666666666666
1453	0.021811070801814398	0.9955333333969116	0.914766666730245
1454	0.022650282514095305	0.9954833333333334	0.9146166666984558
1455	0.021274693302313488	0.9961166666984558	0.9156166666666666
1456	0.021307665147384008	0.9958833333333333	0.9159833333969116
1457	0.021416635540624458	0.9960666666666667	0.91515
1458	0.021479639242092768	0.99565	0.9160166666984558
1459	0.021614052181442578	0.9960666666666667	0.9142833333651225
1460	0.021507884498437244	0.9957833333333334	0.9147666666666666
1461	0.0221166654586792	0.9957333333333334	0.9148500000317892
1462	0.02126313322385152	0.9964333333333333	0.9148833333651225
1463	0.021416148960590364	0.9962166666666666	0.9151500000635783
1464	0.021657801036039988	0.9959833333333333	0.9150166666984558
1465	0.021914941052595775	0.9959	0.9145666666666666
1466	0.02187573348681132	0.9960166667302449	0.914866666730245
1467	0.021847945195436477	0.9956	0.9142333333333333
1468	0.021573735398054125	0.9960500000635782	0.915566666730245
1469	0.02165995527903239	0.9960166666666667	0.9147000000635783
1470	0.02197424705227216	0.9955333333969116	0.91415
1471	0.02161569265127182	0.9959166666666667	0.913816666730245
1472	0.021422848067680994	0.9957833333969116	0.9160833333969116
1473	0.02178615817228953	0.9957833333651225	0.9140666666666667
1474	0.021571837371587754	0.9960833333969116	0.913616666730245
1475	0.0212349485596021	0.9959000000635783	0.9163666666666667
1476	0.021918625086545945	0.9960166666666667	0.9147333333969117
1477	0.02149380480448405	0.9962166666984558	0.9141500000317891
1478	0.022279972674449283	0.9958833333969116	0.9134666666666666
1479	0.02176864359776179	0.9960333333333333	0.9142666666666667
1480	0.021491485365231832	0.9961166666666667	0.9141333333969116
1481	0.022004578397174675	0.9961833333333333	0.9141166666666667
1482	0.022171648957331976	0.9955	0.9138000000317892
1483	0.022621961335341136	0.99555	0.9110666666666667
1484	0.021041940448681514	0.9960666666666667	0.9151333333651225
1485	0.022052021656433742	0.9955333333333334	0.9156666666984558
1486	0.021626272996266682	0.9956333333333334	0.9147333333333333
1487	0.0219686819990476	0.9954333333333333	0.9141
1488	0.021499626514315605	0.9957166666666667	0.9155
1489	0.021640969291329384	0.9960166666666667	0.9150833333333334
1490	0.02204356780052185	0.99565	0.9147500000635783
1491	0.02128871488571167	0.9960666666666667	0.9156333333651224
1492	0.021326380026340484	0.9959666666666667	0.9158000000635783
1493	0.021554834189017612	0.9960166666666667	0.915016666730245
1494	0.021084859611590703	0.9959333333333333	0.9166000000635783
1495	0.02144442424972852	0.9959500000635783	0.9140000000317892
1496	0.021683736828962963	0.9957666666666667	0.9149
1497	0.0210922387222449	0.9959333333333333	0.9170500000317892
1498	0.02203911597331365	0.99615	0.9142666666984558
1499	0.022030509173870085	0.9955666666666667	0.915816666730245
