epoch	loss	acc	certified
0	0.9008800501187643	0.1945833333412806	0.09401666666666667
1	0.8474782671292623	0.20385000001589457	0.17190000001589456
2	0.8009164047559102	0.32001666666666667	0.14135
3	0.598667601108551	0.63155	0.21993333333333334
4	0.4492563042163849	0.7160166666666666	0.3977833333492279
5	0.3546563379764557	0.7628666666984558	0.53605
6	0.2643353197256724	0.8448333333333333	0.6296500000635783
7	0.18804479745229086	0.889716666730245	0.7290166666666666
8	0.15351227548122406	0.9111166666984558	0.7757500000317892
9	0.13006460816462834	0.9259500000635783	0.8066500000635783
10	0.11455037043094635	0.9344500000635783	0.8295333333333333
11	0.102557510471344	0.9424166666666667	0.8440166666984558
12	0.09006503116289774	0.95105	0.8608833333651225
13	0.08303043566346169	0.9547833333651224	0.8716333333969116
14	0.07733034038941065	0.9580000000317891	0.8804
15	0.0703797514518102	0.9628000000317891	0.8887833333969116
16	0.066940638478597	0.9640833333333333	0.8952833333333333
17	0.062429939089218775	0.9670666666666666	0.9008833333651225
18	0.0591490600168705	0.9687333333969116	0.9049333333969116
19	0.057073597662647566	0.9694666666666667	0.9093666667302449
20	0.0543054027001063	0.9726333333651225	0.9123000000317891
21	0.05222640092372894	0.9734166666984558	0.9152000000635783
22	0.04980677174727122	0.9743666666984558	0.9174333333333333
23	0.04879099085330963	0.9745166666666667	0.9191333333651225
24	0.04679382708668709	0.9758833333651225	0.9238
25	0.045372915697097775	0.9770000000635782	0.9254000000317891
26	0.044046906303366024	0.97785	0.9260333333969116
27	0.04271872646013895	0.9786333333333334	0.927666666730245
28	0.041386382846037545	0.9789166666984558	0.9314666666984558
29	0.04020378998120626	0.9799166667302449	0.9319500000317892
30	0.03915798066059748	0.9807000000635783	0.9328166666984559
31	0.03828428570826849	0.9809500000317891	0.9345333333333333
32	0.03737246223290761	0.9813666666984558	0.9362833333333334
33	0.036376540239652	0.9814333333333334	0.9376666667302449
34	0.035835594950119655	0.9821333333969117	0.9381000000317892
35	0.035893631166219714	0.9821666666984558	0.9387500000635783
36	0.03483311493595441	0.9825333333651225	0.9405666667302449
37	0.03362382021546364	0.983616666730245	0.9416666667302449
38	0.03273384608427683	0.9837833333969116	0.943166666730245
39	0.032739111677805584	0.9843166666984559	0.9432833333651225
40	0.03197397516618172	0.98445	0.9439833333333333
41	0.031772269252936046	0.9844333333333334	0.9445166666984558
42	0.03138125723600388	0.9843000000317892	0.9452000000317892
43	0.031208447829882306	0.9846333333969116	0.9455333333651225
44	0.030873158594965935	0.984616666730245	0.9463666666666667
45	0.02986516315440337	0.9856333333333334	0.9470000000635783
46	0.029296114643414816	0.9858166666666667	0.9472833333969116
47	0.029648047550519308	0.9856333333969116	0.94775
48	0.029512527096271515	0.9855833333969116	0.9488833333651224
49	0.02833484721382459	0.9865833333651225	0.9492166666666667
50	0.02860136133035024	0.9861500000635783	0.9493833333651225
51	0.027721314805746078	0.9866333333651225	0.9507333333969116
52	0.027196848183870314	0.9871000000635783	0.9502166666984558
53	0.026757705497741698	0.9874	0.951066666730245
54	0.027187104399998982	0.9871833333333333	0.9509333333969117
55	0.026636628281076748	0.987316666730245	0.9526666667302449
56	0.026229927136500675	0.9876333333651225	0.95155
57	0.02601739950577418	0.9873833333969116	0.953
58	0.02590271287659804	0.9874	0.9530333333969117
59	0.02545567012031873	0.9876666666984558	0.9546833333969116
60	0.0254525249004364	0.9879333333651225	0.9537666667302449
61	0.024871383769313495	0.9883500000635783	0.9545000000317891
62	0.02449644892414411	0.9880833333969116	0.9551166666984559
63	0.02438462784588337	0.988466666730245	0.9540666666666666
64	0.024470116144418717	0.988216666730245	0.9545666667302449
65	0.023764358868201572	0.989116666730245	0.9558833333969117
66	0.02403732192516327	0.9888666667302449	0.9553333333333334
67	0.02323813236951828	0.989116666730245	0.9565000000635783
68	0.0243415651957194	0.98845	0.9560333333333333
69	0.02380683441857497	0.9892000000635783	0.9558833333333333
70	0.023390785615642864	0.9889333333333333	0.9562333333333334
71	0.02281082940498988	0.9893166666984559	0.9576500000635783
72	0.02235129422148069	0.9897333333651225	0.9586166666984558
73	0.02251183870236079	0.9894333333333334	0.9572000000317892
74	0.02248368553817272	0.9897666667302449	0.9575833333969116
75	0.02220416191915671	0.9897166667302449	0.95745
76	0.02249229662294189	0.99	0.9584333333969116
77	0.021925128035247324	0.9899333333333333	0.9586666666984558
78	0.020728743635614715	0.9901500000635783	0.9597166666666667
79	0.022002957367897032	0.9896833333333334	0.9589333333651224
80	0.02151137357354164	0.9900333333333333	0.9590333333333333
81	0.021651073026657103	0.9900666666984558	0.9586666666984558
82	0.021703195456663767	0.990466666730245	0.9585500000635783
83	0.02083128772675991	0.9902000000635783	0.9600500000317892
84	0.020898270879189173	0.9900333333651224	0.9607500000317891
85	0.021199497906118633	0.99015	0.9598166666666667
86	0.02097119622925917	0.9905000000635783	0.9605833333651225
87	0.020742541366815567	0.99095	0.9603
88	0.020216395275791485	0.9908166667302449	0.9608
89	0.020373850605885188	0.99095	0.9604
90	0.020463510928551355	0.9903	0.9615666667302449
91	0.019586718035737673	0.9908	0.9618166666984558
92	0.019282600553830465	0.9911833333651224	0.96255
93	0.019993047652641933	0.99125	0.9616666666984558
94	0.020025950573881467	0.9909166667302449	0.9618500000317891
95	0.019602735542257627	0.9915333333333334	0.9614166666984558
96	0.019521337478856246	0.99115	0.9628500000635782
97	0.019490443821748096	0.9914333333651225	0.9619833333969117
98	0.01892305777577955	0.9914333333333334	0.96335
99	0.019364962007602057	0.9912833333969117	0.9622166666984558
100	0.01899813075264295	0.9917166666666667	0.963016666730245
101	0.019024279699722927	0.9916833333651225	0.9627166666666667
102	0.019210215917229653	0.9913500000635783	0.9615166666984558
103	0.018916337526341278	0.9918333333333333	0.9624666666984558
104	0.01909357466797034	0.9918333333333333	0.9617166667302449
105	0.01894966867864132	0.9921333333969117	0.9616333333333333
106	0.01864632372756799	0.9919500000635783	0.9621666666666666
107	0.018881431120385726	0.9918833333333333	0.9612166666984558
108	0.01901413470407327	0.9918166667302449	0.9606833333333333
109	0.018471967909733454	0.992166666730245	0.9617333333333333
110	0.018935920282204945	0.9919333333333333	0.9608166666984558
111	0.01921521799961726	0.9919833333969116	0.9598500000317891
112	0.019002916553616522	0.9920666666666667	0.9601
113	0.019160101783275603	0.991466666730245	0.9608833333969117
114	0.019164973736802735	0.991466666730245	0.960916666730245
115	0.01877702966220677	0.99225	0.9602500000635783
116	0.019175224093099436	0.9920833333333333	0.9593833333333334
117	0.018777060480912527	0.9922500000317891	0.96035
118	0.018791722656041385	0.9922166666666666	0.9592833333969116
119	0.018855281563599904	0.9925333333651225	0.9595000000635783
120	0.019019782984256745	0.9926833333969116	0.9586666666666667
121	0.018694677628576756	0.99235	0.9591000000317892
122	0.0191571496981817	0.9921833333333333	0.9584666666984558
123	0.018785113632678985	0.9924833333969116	0.959316666730245
124	0.01823552307486534	0.9927500000635783	0.95995
125	0.018606181196371713	0.9926666666984558	0.9595
126	0.018901818399628005	0.992616666730245	0.95825
127	0.018288787543773652	0.9932	0.9583000000635783
128	0.018470235201716423	0.992416666730245	0.9590333333651225
129	0.01931892313063145	0.9922000000317891	0.9570333333333333
130	0.019090175167719523	0.9923333333969117	0.9581500000635783
131	0.019078741558392842	0.9927333333969116	0.9581666666666667
132	0.019605342622535923	0.9924166666666666	0.9561166666984559
133	0.018047422736883163	0.9931	0.9588500000317891
134	0.018603222515185674	0.9931666666666666	0.9573
135	0.018990338930487634	0.9928666666666667	0.9566333333333333
136	0.018798316656549772	0.9930666666666667	0.9567833333333333
137	0.019444730124870937	0.9927833333969116	0.9562
138	0.01925418305695057	0.9925333333651225	0.9565166666666667
139	0.019272728812197843	0.9927166666666667	0.9566500000635783
140	0.019158815306425096	0.9931166667302449	0.9550833333969116
141	0.019619482801357904	0.9924	0.955016666730245
142	0.01928044262925784	0.9927333333969116	0.9552500000635783
143	0.019257513010998567	0.9927833333333334	0.955316666730245
144	0.019605472924311956	0.9924666666984558	0.9548833333969117
145	0.018180291296044985	0.9931166666666666	0.9574000000635783
146	0.019269082693258922	0.992716666730245	0.9553166666984558
147	0.0189315977871418	0.9931	0.9553666666666667
148	0.019107203214367232	0.9933166666666666	0.9543666666666667
149	0.019478192553917566	0.9929333333969116	0.95455
150	0.019133327931165695	0.9929333333969116	0.9539333333969117
151	0.01938118977745374	0.9930000000317891	0.9537166667302449
152	0.019622836938500404	0.9928666667302449	0.953366666730245
153	0.01896017779012521	0.9929833333333333	0.9544833333969116
154	0.019228401580452918	0.993166666730245	0.9535500000317891
155	0.018775029085079827	0.9931333333333333	0.9546833333333333
156	0.01928515143295129	0.9932000000635783	0.9530000000635783
157	0.019381384112437568	0.9929	0.9533166666984558
158	0.019399719983836015	0.9930833333333333	0.952966666730245
159	0.019781835963452857	0.9927166666666667	0.9530333333969117
160	0.01954964586297671	0.9934	0.9527833333333333
161	0.01954981558819612	0.9930666666666667	0.9523833333651225
162	0.019166954244176547	0.9934166666666666	0.9521500000635783
163	0.0193549922366937	0.9928333333651225	0.9527833333651224
164	0.019241078007221222	0.9935333333651225	0.9518666666666666
165	0.01940673576792081	0.9927500000635783	0.9522500000635783
166	0.019875609491268795	0.9931000000635782	0.9516666667302449
167	0.019354335256417592	0.9932833333969117	0.9509333333651224
168	0.019331101151307425	0.9932333333333333	0.9518333333969117
169	0.02001800282249848	0.9931166666666666	0.9505666667302449
170	0.019311127571264904	0.9934833333651225	0.9517500000635782
171	0.019866314244270326	0.9930833333651224	0.9501833333969116
172	0.0193228818188111	0.9932	0.9510000000635783
173	0.019432742232084275	0.9932333333969117	0.9509666666666666
174	0.019719477440913517	0.9930333333969116	0.951166666730245
175	0.019548950153589248	0.9932833333969117	0.9499333333969117
176	0.01968660242507855	0.9935166666666667	0.9494666666984558
177	0.019378364674250286	0.9936000000317892	0.9499000000635783
178	0.019511287560065586	0.9930833333333333	0.9505000000317891
179	0.019786942219237488	0.99315	0.9496666666984558
180	0.02002527716457844	0.99295	0.9487666667302449
181	0.020257292892535528	0.9931	0.9488666666666666
182	0.019586876236399015	0.993616666730245	0.9496500000317891
183	0.01990344561338425	0.9932333333333333	0.949
184	0.020068221566081047	0.99335	0.9476833333651224
185	0.019535023200511932	0.9933666666984559	0.9493333333969116
186	0.019975927013158798	0.9930500000635782	0.9478000000635783
187	0.020033768978714943	0.9930666666666667	0.9480333333969116
188	0.019974747397998968	0.9936666666666667	0.9478500000317891
189	0.019793687680363655	0.9934500000635783	0.9479000000317891
190	0.020050086173415183	0.9936833333333334	0.9468166666984558
191	0.019910370456178984	0.9933	0.9474166666666667
192	0.02018742472132047	0.9937333333969116	0.9465
193	0.020332851660251616	0.9931333333333333	0.9460833333651225
194	0.020139787393808364	0.9933166666666666	0.9464333333651225
195	0.01997934905141592	0.9935833333333334	0.9466666666984558
196	0.020263461641470592	0.9937	0.9460333333651225
197	0.02101106428305308	0.9931166667302449	0.9451333333651225
198	0.020142731512586276	0.9935166666666667	0.9452833333651225
199	0.020097264308234056	0.9937833333333334	0.9462
200	0.020883583350976308	0.9930500000635782	0.9454833333651225
201	0.02008906255662441	0.9938333333969116	0.9461666666984558
202	0.02032358609139919	0.9937666667302449	0.9447833333651224
203	0.020303497085968653	0.9934	0.9448833333333333
204	0.02085417280693849	0.9931	0.9444000000317891
205	0.020264527390400567	0.9937333333969116	0.9451833333651225
206	0.02026144850750764	0.9935	0.9446166666666667
207	0.020512601216634115	0.9931166666666666	0.9442500000635783
208	0.021111989738543828	0.9932333333333333	0.9433000000635783
209	0.02051887305577596	0.9933666666666666	0.9446333333969116
210	0.021114580408732098	0.9935	0.9429833333651225
211	0.020848873249689738	0.993516666730245	0.9434500000635783
212	0.020635008299102385	0.9936666666666667	0.9434833333333333
213	0.02046164631843567	0.9940166667302449	0.9435333333969116
214	0.020760401594638826	0.9936500000635783	0.9424166666666667
215	0.02054090728958448	0.9936333333333334	0.9418833333333333
216	0.020624872743089995	0.9936666666666667	0.9429000000317892
217	0.020541999615232148	0.994	0.9415333333651225
218	0.021463671566049256	0.9931333333333333	0.9420166666984559
219	0.021203823844591775	0.9931333333333333	0.9425000000635783
220	0.021301420589288075	0.9934833333333334	0.94145
221	0.020620990213751793	0.993416666730245	0.9422166666666667
222	0.020302700303991637	0.9936	0.9425666666984558
223	0.021763256319363912	0.9931666666984558	0.939766666730245
224	0.021245023531715077	0.9934333333333333	0.94055
225	0.02088405152310928	0.9933833333333333	0.941116666730245
226	0.021554799096783	0.9936833333333334	0.9394333333333333
227	0.021260242958863577	0.9933666666666666	0.9403333333651225
228	0.02163029079635938	0.9932000000635783	0.939266666730245
229	0.020642742092410724	0.993616666730245	0.9406500000635782
230	0.021311193577448526	0.9934000000635783	0.9401666666666667
231	0.021120252918203672	0.993666666730245	0.9389000000317892
232	0.02137292758425077	0.9934833333969116	0.9404000000635783
233	0.021702865516146023	0.9933166666666666	0.9379
234	0.02130869420369466	0.9933833333969116	0.9398166666666666
235	0.021641538100192943	0.9934333333333333	0.9386000000635782
236	0.02134423881371816	0.9938833333333333	0.9380333333651225
237	0.021538589630524317	0.9937666666666667	0.9374500000317891
238	0.021373828851183257	0.99355	0.9376833333333333
239	0.021375931859016418	0.9937333333969116	0.93825
240	0.021561753130952516	0.9934166666666666	0.9384166666666667
241	0.0218490461230278	0.9932333333651224	0.9377500000317891
242	0.022196625795960427	0.9934333333333333	0.9366166666666667
243	0.0214186517983675	0.99385	0.9376666666984558
244	0.022077534528573355	0.9934333333969116	0.9360000000635783
245	0.022219139357407887	0.9934333333333333	0.9359833333333333
246	0.02182327249844869	0.9932500000635783	0.9369333333969116
247	0.022279947807391485	0.99325	0.9367
248	0.022211415831247965	0.9933833333333333	0.9359833333333333
249	0.021607933033506076	0.993516666730245	0.9365500000635782
250	0.02200131114323934	0.9935166666984558	0.9365000000317891
251	0.02181250545531511	0.993616666730245	0.9347833333651224
252	0.0223276807953914	0.9932333333969117	0.9356333333651224
253	0.022340860602259635	0.9933333333333333	0.9350500000635783
254	0.0223586541334788	0.993716666730245	0.9346500000635782
255	0.02244444916745027	0.9936	0.9339500000317892
256	0.022609026456872624	0.9933666666666666	0.9337000000635783
257	0.022628007870912552	0.9932333333333333	0.9336333333333333
258	0.022496693070729573	0.9933833333651225	0.9329500000635783
259	0.022764087161421778	0.9933833333333333	0.93265
260	0.02270656411697467	0.9934333333333333	0.931716666730245
261	0.022416981955369314	0.99345	0.9337500000317891
262	0.022383073803037404	0.9934	0.9330500000317892
263	0.022604601912697156	0.9936333333969116	0.9320000000635783
264	0.022884068820873897	0.9931166666666666	0.9320500000317892
265	0.022439295134941736	0.9935000000317892	0.9335833333651224
266	0.022707187242309253	0.9936833333333334	0.9323666667302449
267	0.0229435505181551	0.99345	0.9311500000317892
268	0.023184172626336416	0.9936000000317892	0.9304666666984558
269	0.023223969409863154	0.9929333333333333	0.9307833333651224
270	0.0227520860850811	0.99345	0.9318166666666666
271	0.022765347627798718	0.9934	0.9314333333333333
272	0.023401970248421035	0.9931	0.9293166667302449
273	0.023508028127749762	0.9931166667302449	0.9292833333969116
274	0.0228698839644591	0.9933166666666666	0.9303000000635783
275	0.023478151096900303	0.9934	0.9299166666666666
276	0.023373962206145127	0.9933166666666666	0.9288333333333333
277	0.02329637897113959	0.9931833333969117	0.9289666666984558
278	0.022678498029708862	0.9937666666666667	0.9298000000317892
279	0.02342508978843689	0.9930666667302449	0.9288833333969116
280	0.023630960571765898	0.9933833333333333	0.9275666666666667
281	0.023359976743658382	0.9934666666666667	0.9279000000635783
282	0.023825153655807178	0.9929333333333333	0.9284166666666667
283	0.02351382676064968	0.9932333333969117	0.9286333333333333
284	0.023822102200984956	0.9932333333333333	0.9272333333651225
285	0.023432742396990457	0.993316666730245	0.9275166667302449
286	0.023799867379665374	0.9936500000635783	0.9256166666984558
287	0.02389911753932635	0.993716666730245	0.926816666730245
288	0.02355994230558475	0.9932333333969117	0.9271500000317892
289	0.024053253477811815	0.9932000000635783	0.9254833333333333
290	0.023820941932996113	0.9933666666666666	0.926866666730245
291	0.024492932322621345	0.993366666730245	0.9252333333969116
292	0.024405514160792032	0.9931333333969116	0.92495
293	0.02423670341571172	0.9935500000635783	0.9250166666984558
294	0.024314023967583975	0.9935333333651225	0.9249333333969116
295	0.02404638470808665	0.99345	0.925116666730245
296	0.024381118176380792	0.9935000000317892	0.92365
297	0.02387318445245425	0.9933500000635783	0.925066666730245
298	0.024104936333497366	0.99345	0.9238833333333333
299	0.024308627527952195	0.993166666730245	0.9233833333651225
300	0.024279033897320428	0.9935833333333334	0.9245666666984558
301	0.024666761879126232	0.9930833333969116	0.9228833333651225
302	0.024489776493112247	0.9933666666666666	0.9232666666984558
303	0.024508569677670795	0.9933833333969116	0.9226833333651224
304	0.024970619683464368	0.9931833333333333	0.9225
305	0.02507512240409851	0.9930000000635782	0.9200166666666667
306	0.024984344294667244	0.9933333333333333	0.921666666730245
307	0.025241959402958553	0.993366666730245	0.9207
308	0.02513476354678472	0.9935166666666667	0.9197333333651225
309	0.025026206465562185	0.9932500000635783	0.9215333333969116
310	0.02506299646546443	0.9931333333333333	0.9203
311	0.025153038575251897	0.993216666730245	0.9196333333651224
312	0.024955106246471404	0.993366666730245	0.91975
313	0.025963898587226867	0.9929	0.9189
314	0.0255281179279089	0.9931	0.9180666666984558
315	0.025130719381570816	0.9932333333969117	0.9194333333969116
316	0.026083079906304676	0.9929166667302449	0.9180833333969116
317	0.025683526510496935	0.9932833333333333	0.9172833333333333
318	0.02571200283964475	0.99325	0.9182166666666667
319	0.02556371058821678	0.9930333333333333	0.9178666666666667
320	0.025923919651905696	0.9934333333969116	0.9171166666666667
321	0.02536726655761401	0.9934000000635783	0.9168666666666667
322	0.026225552242994308	0.9928666666666667	0.9164166666984558
323	0.025546833844979605	0.9939833333651225	0.916066666730245
324	0.025991781543691955	0.9933833333333333	0.9159666666666667
325	0.025737130733331046	0.9930166666984558	0.9176333333969117
326	0.025962852400541307	0.9931500000317891	0.9161333333651225
327	0.026239019989967347	0.9933166666666666	0.9146333333969117
328	0.026310551261901856	0.9935833333651225	0.9147166666984559
329	0.025911780299743017	0.993316666730245	0.9159166666984558
330	0.02659439110159874	0.99325	0.9142500000317891
331	0.026566858021418255	0.9932166666666666	0.9130000000635783
332	0.02626984907190005	0.9928333333969116	0.9158333333969116
333	0.02652160363892714	0.9933666666666666	0.9128833333333334
334	0.02630945131778717	0.99305	0.91295
335	0.02632323942085107	0.99305	0.9138333333333334
336	0.02682083551088969	0.9928833333969116	0.91245
337	0.026817989246050517	0.992716666730245	0.91185
338	0.02707872035106023	0.9929	0.9115166666984558
339	0.026801464569568632	0.9930333333333333	0.9122500000635783
340	0.02639704060057799	0.9932666666666666	0.9111500000317891
341	0.026887043488025664	0.9934000000635783	0.9114166666666667
342	0.027086435520648957	0.9931166666666666	0.9111666666666667
343	0.027061656744281452	0.99315	0.9113000000635783
344	0.027043329924345015	0.9929	0.9111000000635783
345	0.027260254180928072	0.9931	0.90975
346	0.0271506233026584	0.9932	0.9093500000317891
347	0.02692882626056671	0.9930000000635782	0.9103000000317891
348	0.027833705232540765	0.9927000000635783	0.9071833333651225
349	0.02757108741402626	0.9928500000635783	0.907866666730245
350	0.027882541116078696	0.9932333333333333	0.9080333333333334
351	0.027203586920102437	0.9932333333969117	0.908866666730245
352	0.02744686639904976	0.9930500000635782	0.9073666666984558
353	0.02793294402559598	0.99265	0.9077833333333334
354	0.028268899470567703	0.9931500000635783	0.9055166666666666
355	0.02782125580906868	0.9929666666666667	0.9066666666984559
356	0.02787788026233514	0.9934333333333333	0.9066666666984559
357	0.028073151501019796	0.9931666666666666	0.9067166666666666
358	0.02825752068758011	0.9929500000317891	0.9057166666666666
359	0.028132948050896327	0.9931500000317891	0.9049333333333334
360	0.028773002971212068	0.9926333333333334	0.9046333333651225
361	0.028742773739496866	0.9926833333333334	0.9045166666984558
362	0.02844117011030515	0.9932	0.90455
363	0.02801556992928187	0.9931333333333333	0.9040166666984558
364	0.028717078147331872	0.9927833333333334	0.9015833333333333
365	0.02857471987406413	0.9924666666666667	0.9030000000317892
366	0.02878506876428922	0.9926833333333334	0.9024333333333333
367	0.02906022868156433	0.9929	0.9028833333969116
368	0.02902142209013303	0.99255	0.9032500000317891
369	0.028958803925911585	0.9927500000635783	0.9027000000635783
370	0.028762487097581228	0.9930000000635782	0.9021666666666667
371	0.029845625108480454	0.9924166666666666	0.8990833333969116
372	0.029002831757068633	0.9929333333333333	0.9008166666666667
373	0.029250530364116033	0.9927000000635783	0.9004333333969117
374	0.029407679507136346	0.9932333333333333	0.8993166666984558
375	0.02939842186073462	0.9928666666666667	0.899466666730245
376	0.02929953957001368	0.9927666666984558	0.8986333333333333
377	0.02933354990084966	0.99285	0.8995333333651224
378	0.029803648193677267	0.992716666730245	0.8984833333651224
379	0.03014168549378713	0.9930666666666667	0.8969833333651225
380	0.029943929620583853	0.9924000000635783	0.8975000000317891
381	0.02979236120581627	0.9929333333651225	0.8977333333333334
382	0.02994215919971466	0.9925666666666667	0.8969666666984558
383	0.030021060582002004	0.9927833333651225	0.8957
384	0.02988940987785657	0.99325	0.8960000000317891
385	0.030287944529453912	0.9926333333969116	0.8950833333969116
386	0.030033076643943786	0.9930166667302449	0.895516666730245
387	0.03025455904006958	0.9927166666666667	0.8953666666984558
388	0.030134673299392064	0.9928666666984558	0.8956333333969116
389	0.0306806396484375	0.9926166666666667	0.8939333333333334
390	0.030537031825383504	0.9926000000635783	0.8945333333333333
391	0.031101031398773193	0.9923833333333333	0.8928833333651225
392	0.030031739912430445	0.9931	0.8947333333969116
393	0.030335576100150745	0.9929	0.8938833333651225
394	0.030746794801950455	0.9926666666666667	0.8914166666666666
395	0.030926330091555914	0.9928	0.8915
396	0.030821189465125402	0.9926500000317892	0.89275
397	0.031271986122926074	0.99255	0.8912000000317891
398	0.031445876405636466	0.9929333333333333	0.8897166666984558
399	0.030481894441445667	0.9927833333651225	0.8928500000317892
400	0.030988161259889603	0.9929666666666667	0.8904666666984558
401	0.030874749130010606	0.9924333333651225	0.8902666666666667
402	0.031019273233413695	0.9929833333333333	0.8902833333651224
403	0.031761682025591535	0.9926500000635783	0.887866666730245
404	0.03216247315009435	0.9924500000317892	0.8885
405	0.03129876820643743	0.9924000000635783	0.8899333333651225
406	0.03169502143462499	0.9927333333651225	0.8876666666984558
407	0.031796171991030374	0.9925	0.8876000000635783
408	0.03180257676641146	0.9928500000635783	0.8868333333333334
409	0.030662036726872125	0.9927666667302449	0.8891166667302449
410	0.032175457151730855	0.9927166666984558	0.886866666730245
411	0.03202973434527715	0.9924333333333333	0.8867333333969116
412	0.03256628190279007	0.9922833333969117	0.8837333333969116
413	0.0318907300889492	0.9928833333969116	0.884366666730245
414	0.03201101580460866	0.99265	0.8857
415	0.03259316330552101	0.9927	0.8843500000635783
416	0.03244640780289968	0.992716666730245	0.8835166666666666
417	0.03282863794962565	0.9923833333969116	0.8822500000635782
418	0.03252999613185724	0.9924166666666666	0.8835833333651225
419	0.032750583000977836	0.9919333333969116	0.8844000000317891
420	0.032773398919900255	0.99235	0.8830000000317891
421	0.033253207699457804	0.9921333333969117	0.8822666666984558
422	0.03280886284311613	0.9925833333969116	0.8813666666666666
423	0.0325242947101593	0.99255	0.8822333333333333
424	0.03274890218873819	0.9923666666666666	0.8815333333651225
425	0.03286084990501404	0.9927166666666667	0.8819166666984558
426	0.033228350140651064	0.9921833333333333	0.8804333333651225
427	0.032687605061133704	0.9924833333969116	0.8823333333969117
428	0.032662354743480684	0.9923666666666666	0.8814833333333333
429	0.03305115984479586	0.992266666730245	0.8793833333651225
430	0.0336679722170035	0.9924833333651225	0.8784333333333333
431	0.03353981871008873	0.9925166666666667	0.8794333333969117
432	0.03353085740208626	0.9929333333333333	0.8775
433	0.033688243460655215	0.99245	0.8778500000635783
434	0.03376756421923637	0.992166666730245	0.87805
435	0.03423841999570529	0.9919000000635783	0.8764166666984559
436	0.034001055947939555	0.9922833333333333	0.8759166667302449
437	0.03461083754102389	0.9920833333651224	0.8761666666984558
438	0.033963655185699465	0.9926166666666667	0.8749333333651225
439	0.03401227922042211	0.99235	0.8746666666984558
440	0.03412595211863518	0.9920166667302449	0.876516666730245
441	0.03464978697697321	0.9919166666666667	0.8725333333651225
442	0.03432788722117742	0.9921833333969117	0.8727000000635783
443	0.03390975290338198	0.9921500000635783	0.8757833333969116
444	0.034273345869779585	0.9926	0.8749833333969116
445	0.03478249442974726	0.9920666667302449	0.8727333333333334
446	0.03394112993081411	0.9924666666666667	0.8725000000317892
447	0.03489283165136973	0.9920833333333333	0.8727000000317892
448	0.034828492468595505	0.9923833333969116	0.8708000000317891
449	0.03470941568116347	0.9925666666666667	0.8701166666666666
450	0.03498294756611188	0.9922	0.87015
451	0.035228275231520334	0.9920833333333333	0.8719
452	0.03450551660656929	0.992366666730245	0.87085
453	0.03559525815248489	0.9918	0.8693166666666666
454	0.034993447997172675	0.9922	0.8680000000317891
455	0.03483784419298172	0.9922166666666666	0.87
456	0.035612164227167765	0.9922333333333333	0.8689333333969116
457	0.0351600924372673	0.9925	0.8671333333651224
458	0.03520489782293638	0.9921333333333333	0.8688833333651225
459	0.035773137577374776	0.9922	0.8673500000317892
460	0.03515128790338834	0.9926833333969116	0.8662
461	0.03541600781679154	0.9921166666666666	0.8669000000635783
462	0.03584223828514417	0.9920666666666667	0.86605
463	0.035717614535490674	0.992666666730245	0.8644833333333334
464	0.03636923515001933	0.9918166666984558	0.8648500000317891
465	0.036177176101009054	0.99215	0.86565
466	0.03611103037595749	0.9921000000635782	0.8660500000635782
467	0.03676204990943273	0.9918833333651225	0.8630166666984558
468	0.03576423976222674	0.9921	0.8648833333969116
469	0.03591757005055746	0.9918666667302449	0.8628833333651225
470	0.03632484832604726	0.9921833333969117	0.8636000000317892
471	0.03600805866718292	0.992316666730245	0.8635333333333334
472	0.03701963589787483	0.99235	0.8621666666666666
473	0.03651683812340101	0.9920666666984558	0.8629
474	0.03666446305712064	0.99255	0.8608166666984558
475	0.03669299108584722	0.99165	0.8617333333969116
476	0.03698914605776469	0.9919833333969116	0.8595500000317892
477	0.03685006216168404	0.9916333333333334	0.85985
478	0.03730234685341517	0.9917166666666667	0.8590333333651224
479	0.037225818381706875	0.9918000000635783	0.8592000000317891
480	0.037262111024061836	0.9917666666666667	0.8586500000635783
481	0.037039023379484816	0.9918833333651225	0.86145
482	0.037408295967181524	0.9920666667302449	0.8575
483	0.03771369072198868	0.9918333333333333	0.8568333333333333
484	0.03768639527360598	0.9917666666666667	0.85695
485	0.03790905279318492	0.9917833333969116	0.8568166666666667
486	0.03698437242507935	0.9920833333969116	0.8557500000317891
487	0.037565428302685416	0.9917666667302449	0.8563666666984558
488	0.037541844399770104	0.9921166667302449	0.856466666730245
489	0.038030013553301496	0.99155	0.8557000000317891
490	0.03795760464668274	0.9919166666666667	0.854216666730245
491	0.03819510548909505	0.9921	0.8528500000635783
492	0.038210897183418274	0.99175	0.8548166666666667
493	0.038367973858118055	0.99185	0.8531666666666666
494	0.0373444635172685	0.9921833333969117	0.8547666666984558
495	0.03857787031630675	0.99135	0.8537833333651225
496	0.03820303469697634	0.9917166666666667	0.8522166666666666
497	0.037915718998511636	0.9920333333969116	0.8530166666984558
498	0.038743763788541156	0.991466666730245	0.8499833333969116
499	0.038345396049817404	0.9917333333969116	0.851016666730245
500	0.03890249530474345	0.9914666666666667	0.8523333333969116
501	0.039701173386971156	0.9908166667302449	0.8474333333333334
502	0.03849588780005773	0.9925666666666667	0.8505666666984558
503	0.03830340393831332	0.99185	0.8500500000317891
504	0.038923086810112	0.9916666666666667	0.84805
505	0.038708541094263395	0.9918	0.8486500000317891
506	0.039192696225643156	0.9918166667302449	0.8486666666666667
507	0.039460902361075086	0.9915	0.8461500000317892
508	0.03907945239742597	0.9917833333969116	0.8469000000635782
509	0.03924465222756068	0.9919333333333333	0.8486833333969116
510	0.039477969229221345	0.9914500000317892	0.845266666730245
511	0.04008376048405965	0.9913833333969116	0.8451166666984559
512	0.04011416695912679	0.9918166666666667	0.844166666730245
513	0.03925250907739004	0.9916166666666667	0.8463833333969116
514	0.03955696620146434	0.9921333333333333	0.8439166667302449
515	0.03969005179802577	0.9916166666666667	0.8437666666984558
516	0.03981292508443197	0.9915000000317892	0.8419166667302449
517	0.03929923921426137	0.9919333333969116	0.8444333333969116
518	0.03947764361302058	0.9915833333333334	0.8433500000635783
519	0.04001287477612495	0.9914333333969116	0.8426
520	0.039656895812352495	0.9919166667302449	0.8434166666666667
521	0.04039268718163173	0.991316666730245	0.8421500000635783
522	0.03996861430803935	0.9915333333969116	0.84135
523	0.040364182951052985	0.991416666730245	0.8419333333651224
524	0.04055797654986382	0.9911000000635782	0.8402333333333334
525	0.04057757246891658	0.9913833333969116	0.8366000000635783
526	0.04060037850936254	0.99225	0.8394500000635783
527	0.04088148652513822	0.9915833333333334	0.8382666666666667
528	0.04088452607790629	0.9917833333333334	0.8399000000635782
529	0.040831499658028285	0.9916166666666667	0.8392833333969116
530	0.04064270590543747	0.9916000000635783	0.8378833333651224
531	0.04070726512670517	0.9918	0.8379500000635783
532	0.04132276109457016	0.9919500000317891	0.8360833333969117
533	0.04139516836007436	0.9913000000635783	0.8341333333333333
534	0.041725805300474164	0.99165	0.8359333333651224
535	0.04198751790523529	0.99115	0.83365
536	0.04058811238606771	0.9917	0.836216666730245
537	0.040740512149532636	0.9915	0.8357000000635783
538	0.04114438180923462	0.9916333333333334	0.8357333333333333
539	0.041424477277199424	0.99125	0.8336000000317891
540	0.04188982414007187	0.9912333333969117	0.8332833333969116
541	0.041856516289711	0.9920500000635782	0.8327166666666667
542	0.04183294874827067	0.991716666730245	0.8319000000635783
543	0.04162898847858111	0.99175	0.83395
544	0.04187962789138158	0.991416666730245	0.8316666666984558
545	0.04224817868471146	0.9916	0.83015
546	0.042054759736855823	0.9914666666984558	0.8311000000317892
547	0.042244997696081796	0.9909666666984558	0.8305666666984558
548	0.04269262796243032	0.9913833333333333	0.8292
549	0.04171785256663958	0.99155	0.8279333333651224
550	0.04267028790414333	0.9910666666666667	0.8295666666666667
551	0.042620071204503375	0.991466666730245	0.8271666666666667
552	0.04303244620760282	0.9910000000635782	0.8268666666984558
553	0.042518303934733076	0.99205	0.8269166666984558
554	0.04233404480417569	0.9912833333969117	0.8266333333651225
555	0.04335917281707128	0.9912833333333333	0.8255833333969116
556	0.04318098159631093	0.99125	0.8252166666984558
557	0.04222429318428039	0.9917	0.8275833333969116
558	0.04366066029071808	0.9912833333651225	0.82335
559	0.04267865912516912	0.991466666730245	0.8256
560	0.043629430615901944	0.9919166667302449	0.8217500000635782
561	0.0442900424182415	0.9909666666666667	0.8219333333333333
562	0.043463663170735044	0.9909166666666667	0.8239833333333333
563	0.0425814506649971	0.9910500000635782	0.8249500000635783
564	0.04354134916861852	0.9915333333333334	0.8217666666984558
565	0.043311384618282316	0.9914833333651225	0.8222500000317892
566	0.04362879750728607	0.9909166666984558	0.8241000000317892
567	0.043284229409694674	0.9910666667302449	0.8218833333333333
568	0.043748587719599406	0.9914666666666667	0.8201666666666667
569	0.04384157192707062	0.9910166666666667	0.820116666730245
570	0.04424669376413028	0.99115	0.8179000000317892
571	0.04391014177799225	0.9914500000635783	0.8183666666984558
572	0.04389857331116994	0.9916333333969116	0.8200333333333333
573	0.04330642066399256	0.9915166666666667	0.8199
574	0.04376652926603953	0.991316666730245	0.8182666666984558
575	0.043882748077313107	0.9917666666666667	0.8169500000635783
576	0.043879769508043925	0.991366666730245	0.8170333333969116
577	0.044619461019833884	0.9913833333969116	0.8141833333333334
578	0.04493585573832194	0.9907833333969116	0.8167000000635782
579	0.04454389221270879	0.9912666666666666	0.8146833333651224
580	0.04443423643906911	0.991366666730245	0.81495
581	0.04510855361421903	0.9912500000635783	0.8131833333333334
582	0.044683671438694	0.9911833333333333	0.8141166666984558
583	0.0449729909102122	0.9908166666984558	0.8140500000635783
584	0.04466382399002711	0.991266666730245	0.8132833333969116
585	0.0455785424331824	0.9911833333333333	0.8111833333969116
586	0.04502086227337519	0.9913833333651225	0.8122500000317892
587	0.04496829441388448	0.9913000000317892	0.8119666666984559
588	0.04449575518170992	0.9912333333969117	0.8121500000317892
589	0.04554187948306401	0.9904333333651225	0.8125166666984558
590	0.04485755616029104	0.9910166666666667	0.8117833333651224
591	0.04524973172744115	0.9911833333969117	0.8122166666666667
592	0.045457797729969024	0.9905666666666667	0.8099333333333333
593	0.045430276358127596	0.99125	0.8080500000635783
594	0.04530393384695053	0.99125	0.8079666666984558
595	0.04583045881986618	0.9913333333333333	0.8060833333969116
596	0.04559219778776169	0.9913166666666666	0.8082000000158945
597	0.045996810042858126	0.9909	0.8073833333333333
598	0.04542254428863526	0.9912333333333333	0.808166666730245
599	0.04577813527584076	0.99105	0.808016666730245
600	0.04605309544801712	0.9912333333333333	0.80495
601	0.046497833899656935	0.9912833333651225	0.806866666730245
602	0.04577223564783732	0.99085	0.80635
603	0.04583535469969114	0.99145	0.8052166666666667
604	0.04578190979361534	0.9908500000635783	0.8060666666666667
605	0.04600713572502136	0.9913833333969116	0.8015833333969116
606	0.04730617461601893	0.9906666666984558	0.8015000000635782
607	0.04613349065581958	0.9912	0.8029000000635783
608	0.04621052094300588	0.9913500000635783	0.8035166666666667
609	0.04745949189662933	0.9902333333969117	0.8007333333969117
610	0.04636700654228528	0.9915	0.8017166666666666
611	0.04712331760327021	0.9911166666666666	0.7989333333969116
612	0.04702194501161575	0.99075	0.8010833333969116
613	0.04668740467230479	0.990616666730245	0.8024166667302449
614	0.04655291164318721	0.9911333333651224	0.8005666666984558
615	0.04709873423178991	0.9912	0.8007333333492279
616	0.04671983589728673	0.9909166666666667	0.7987833333651225
617	0.04759608150720596	0.9905166666666667	0.7984333333333333
618	0.04714753356575966	0.9909833333969116	0.7975333333333333
619	0.04690022339820862	0.9915666666666667	0.7980000000317892
620	0.04739274871746699	0.9908333333333333	0.7978500000317892
621	0.04733189624945323	0.9915333333333334	0.7963000000635783
622	0.04772093471288681	0.9912166666984558	0.7964833333651224
623	0.04751020117998123	0.9910333333651224	0.7953
624	0.04789236456155777	0.9909000000317891	0.7961833333969116
625	0.04776545689503352	0.9908	0.7950000000158945
626	0.04736125462452571	0.991	0.79265
627	0.047106663413842516	0.9912333333969117	0.79505
628	0.047293388414382936	0.9913500000635783	0.7937666666825612
629	0.046906934797763825	0.9912833333333333	0.7952333333333333
630	0.04818141835927963	0.9910000000317891	0.7944000000635782
631	0.0479173394203186	0.9910833333333333	0.79255
632	0.047881476326783495	0.9918333333969116	0.7921833333333334
633	0.04779451792240143	0.9907333333969116	0.7924333333969116
634	0.04841024279594421	0.9911666666666666	0.7896833333333333
635	0.04872404950062434	0.9902666666666666	0.7911166667302449
636	0.048100384414196014	0.9908500000635783	0.7899333333969116
637	0.04811000169912974	0.9909166667302449	0.7931000000317892
638	0.04894102534453074	0.990666666730245	0.7872166666984558
639	0.048597404209772745	0.9909333333969116	0.7906166666666666
640	0.04850000863869985	0.9909833333969116	0.7894833333651224
641	0.04846494795084	0.9913166666666666	0.7883166667302449
642	0.048472127123673756	0.9908666666984558	0.7878166666666667
643	0.04892019619544347	0.9909000000635783	0.7882833333333333
644	0.048570246934890746	0.9909833333651225	0.7866666666984559
645	0.0484452972193559	0.9909833333333333	0.7851666666666667
646	0.049298635737101235	0.9906833333969116	0.7840166666666667
647	0.048902582069238025	0.9907333333333334	0.78335
648	0.049243779544035596	0.9909333333969116	0.7848166666666667
649	0.04918040359814962	0.9909666666666667	0.7859666666666667
650	0.04970522318681081	0.9910666666666667	0.7818833333651225
651	0.049160120222965877	0.99115	0.7843833333969116
652	0.04974460466702779	0.9907000000635783	0.7838000000317892
653	0.0490649215777715	0.9909333333969116	0.7826333333969117
654	0.049548422759771345	0.9905	0.7833833333651224
655	0.04903330522378286	0.9905833333333334	0.7844666666984558
656	0.050168094557523725	0.9905333333333334	0.7808833333651225
657	0.04931258541345596	0.9907	0.7838333333333334
658	0.049461865866184236	0.991	0.7821
659	0.05055022760629654	0.9905166666666667	0.7787333333333334
660	0.050465523199240366	0.9904666666666667	0.7759333333333334
661	0.049563762748241424	0.9906666666666667	0.7808333333969116
662	0.050252213060855866	0.9908333333651225	0.7783
663	0.05007068660656611	0.99075	0.7790833333651225
664	0.04990403567552566	0.9907833333651225	0.7769166666984558
665	0.05016231910785039	0.9907666666666667	0.7783
666	0.04999719117482503	0.9911500000635783	0.7785333333492279
667	0.050704279416799544	0.99045	0.7741666666984558
668	0.050826117412249246	0.9902666666666666	0.778
669	0.050544195377826694	0.9901500000635783	0.77725
670	0.05024056947231293	0.9909333333969116	0.7758666666825612
671	0.05046375070015589	0.9906333333651225	0.7737333333969116
672	0.05003819615046183	0.9909500000635783	0.7768333333333334
673	0.05083561132351557	0.9907666667302449	0.7730833333333333
674	0.05058195224205653	0.990566666730245	0.77495
675	0.05152045268615087	0.9904000000635783	0.7714333333651224
676	0.050643627882003786	0.9909666667302449	0.7720333333333333
677	0.050597576268513994	0.99025	0.7742666666666667
678	0.051259169832865395	0.9904	0.7700166666984558
679	0.05045518493950367	0.9909666666666667	0.7716333333969116
680	0.05137064601580302	0.990166666730245	0.7725000000158946
681	0.05157096620798111	0.9902500000317891	0.7734833333492279
682	0.05191407358050346	0.990566666730245	0.767466666730245
683	0.05097553796370824	0.9911333333969117	0.7694666666984558
684	0.05096518927017848	0.9907333333651225	0.7694166666984558
685	0.05124510160684585	0.9907166667302449	0.7699166666825612
686	0.05114751834074656	0.9909666667302449	0.7662333333333333
687	0.05113934106429418	0.99095	0.7679333333492279
688	0.05091044296820958	0.9907166667302449	0.7684666666666666
689	0.05258461577892303	0.9894833333333334	0.7676500000317892
690	0.05091509133974711	0.9904166666666666	0.7684000000158946
691	0.05179226576884587	0.9902666666666666	0.7691000000635783
692	0.05096575515866279	0.9910166666666667	0.76655
693	0.05118563253482183	0.9907333333333334	0.7672833333492279
694	0.05222118574778239	0.9903000000635783	0.7655333333651225
695	0.052099527525901794	0.9906833333969116	0.7661166666666667
696	0.05198937099774679	0.9904666666984558	0.7650500000317891
697	0.05170573318401973	0.9903666666666666	0.76645
698	0.05226369049747785	0.9905166666666667	0.7651666666984558
699	0.0518129412094752	0.9910833333333333	0.763466666730245
700	0.05186229957342148	0.9906500000317892	0.7640833333651225
701	0.0530823645512263	0.9899166666666667	0.7583333333492279
702	0.05225306534369786	0.9901500000317891	0.7627166666984558
703	0.05175215046803157	0.9905166666984558	0.7642333333651224
704	0.05150881131092707	0.99055	0.7647833333333334
705	0.05314454380671183	0.9902000000635783	0.7619833333333333
706	0.05299088017145793	0.9907500000635783	0.7588833333651225
707	0.052606183211008704	0.99	0.7623166666666666
708	0.05207679273287455	0.9906500000317892	0.7604
709	0.052817803357044855	0.9904666666666667	0.7606833333333334
710	0.05209035867849986	0.990516666730245	0.7608833333492279
711	0.05268175856669744	0.9905500000635783	0.7577666666984558
712	0.05364858946800232	0.9899166666984558	0.7547666666825612
713	0.05308871020078659	0.9905333333333334	0.7571166666984558
714	0.05230318812529246	0.9909333333651225	0.7576166666984558
715	0.052493863252798714	0.990566666730245	0.7570500000317891
716	0.052374136344591773	0.99055	0.75885
717	0.05276026372909546	0.990416666730245	0.7579333333333333
718	0.053489014184474944	0.9904833333969116	0.7555333333333333
719	0.05333119091192881	0.9901833333333333	0.7562500000158946
720	0.053098069349924726	0.9905833333969116	0.7546
721	0.05356912189324697	0.9904833333651225	0.7551833333651224
722	0.05324201386769613	0.9903000000317892	0.7558500000317891
723	0.053598566710948946	0.9906333333969116	0.7534500000158946
724	0.05379146285851796	0.98985	0.7513833333651225
725	0.0528267630259196	0.9909833333969116	0.7528833333492279
726	0.05315974494218826	0.9905333333969116	0.7525166666984558
727	0.05328525677919388	0.9909500000635783	0.7526000000158946
728	0.05341753307978312	0.9903333333333333	0.7529666666984558
729	0.053547244449456535	0.9902500000635783	0.7540000000317891
730	0.05388597266674042	0.9903	0.7504166666984559
731	0.05339558103084564	0.9910833333969116	0.7502666666984558
732	0.053478282042344415	0.9906333333651225	0.7506166666984558
733	0.05308559379180272	0.9903000000317892	0.7510333333333333
734	0.054175730919837954	0.9904000000635783	0.7464666666825612
735	0.053485137089093526	0.9901833333969117	0.7490833333651225
736	0.05485596373875936	0.9901833333333333	0.7493166666984558
737	0.05371856336196264	0.990166666730245	0.7514666666984559
738	0.054061850374937055	0.99045	0.74805
739	0.053798767145474755	0.9904166666666666	0.7474166666666666
740	0.054635496278603875	0.990466666730245	0.7453166666984559
741	0.05532530709107717	0.9897666667302449	0.7433666666666666
742	0.054869200134277346	0.9900500000317891	0.7472166666825613
743	0.05416357667843501	0.9906	0.7445666666666667
744	0.053963795030117036	0.9905166666666667	0.7467333333333334
745	0.0553070108572642	0.9898166666666667	0.74625
746	0.055367097067832945	0.9902333333333333	0.7422166666825613
747	0.054644691163301465	0.9902666666666666	0.7469333333969116
748	0.054782784612973534	0.9899666666666667	0.7417000000635783
749	0.05465055893262227	0.99055	0.7429666666666667
750	0.05476990608374278	0.9903000000635783	0.7438166666984558
751	0.05414566253821055	0.9904333333333334	0.7444000000635783
752	0.05509661229054133	0.99035	0.7411333333651224
753	0.05552674414316813	0.9899500000635783	0.7396666666825612
754	0.05470712354183197	0.990466666730245	0.7404666666666667
755	0.055308279740810394	0.9898833333969116	0.7421666666825613
756	0.05484128123919169	0.9902000000635783	0.7423166666825612
757	0.055339737776915233	0.9897000000635783	0.7428166666825612
758	0.05530755806763967	0.9902	0.7391666666984558
759	0.05468495666186015	0.9907666667302449	0.7422333333651224
760	0.054989525552590686	0.9907333333969116	0.7386500000158945
761	0.055930173015594484	0.9896666666666667	0.7350166666666667
762	0.055821072312196095	0.9900000000317891	0.7379500000317891
763	0.05516033998330434	0.9899166666666667	0.7386500000635783
764	0.055156486904621126	0.9899833333969116	0.7394166666984558
765	0.0552009383281072	0.9903666666666666	0.7365666666825612
766	0.05580894697904587	0.9903666666984559	0.7389000000317891
767	0.055999020397663114	0.990416666730245	0.7366833333492279
768	0.05518128141562144	0.9903500000635783	0.7350166666984558
769	0.05556080866654714	0.9898833333969116	0.7346666666666667
770	0.056007767979304	0.9901500000317891	0.7381
771	0.05644868714412053	0.9901166666984558	0.7370833333492279
772	0.055890358499685926	0.99045	0.7313833333333334
773	0.05593286323149999	0.99085	0.7330000000317891
774	0.05599079220294952	0.9907166666666667	0.7326833333333334
775	0.056317440660794575	0.9898166666984558	0.7359666666984558
776	0.05560589405695597	0.9900333333969116	0.7319500000158946
777	0.05559423809846242	0.99055	0.7325000000635783
778	0.05590608225266139	0.9900166667302449	0.7330833333333333
779	0.05627687651316325	0.9900333333651224	0.7340333333333333
780	0.05699338691631953	0.9886333333969116	0.730783333349228
781	0.05732331838607788	0.9894166666666667	0.7301500000635783
782	0.05668846396207809	0.99035	0.7285333333651225
783	0.056297600837548575	0.990166666730245	0.72895
784	0.056440485191345216	0.990116666730245	0.7300166666825613
785	0.055677595925331114	0.9904000000317892	0.7284833333333334
786	0.056129778110980987	0.99005	0.7287333333492279
787	0.05652680315971374	0.99045	0.7290000000317891
788	0.05704438885847728	0.9896666666984558	0.7287833333651225
789	0.0567301552494367	0.9898000000317891	0.7280333333492279
790	0.05666345643997192	0.9897166666984558	0.7271666666825612
791	0.05613120215733846	0.9903833333333333	0.72875
792	0.0567093416372935	0.990566666730245	0.7285666666666667
793	0.057101115957895916	0.9901833333969117	0.7227000000317891
794	0.057499766194820404	0.9901333333333333	0.7249333333333333
795	0.05652364592154821	0.9902166666666666	0.7251333333333333
796	0.05661990373929342	0.9902166666984558	0.7252166666984559
797	0.05706384088198344	0.990166666730245	0.7236666666666667
798	0.05717687027851741	0.9906833333333334	0.7246333333492279
799	0.05701526263554891	0.9898166667302449	0.7246333333333334
800	0.05751820110479991	0.9903333333651225	0.7232833333492279
801	0.05715267508824666	0.9899	0.7245000000158945
802	0.0568765494743983	0.9901333333333333	0.7256500000158945
803	0.05720943749348323	0.9894000000635783	0.72435
804	0.05759656931161881	0.98985	0.7224500000317892
805	0.05747057600816091	0.9892333333969117	0.7228000000158946
806	0.057288548882802326	0.9902166666984558	0.7180166666666666
807	0.05746372435887655	0.98955	0.7216
808	0.057516083594163256	0.9894666666666667	0.7231
809	0.057454021084308624	0.9897666667302449	0.7214833333333334
810	0.057234028108914696	0.9900833333969116	0.7218
811	0.05712946165005366	0.9901333333651224	0.7185833333651225
812	0.05877482304175695	0.9891	0.716
813	0.05838633114099503	0.9894166666666667	0.7207500000079473
814	0.05798586146036784	0.9897000000635783	0.72045
815	0.05797511767148972	0.9898833333333333	0.7182166666666666
816	0.05771671539147695	0.9899000000635783	0.7209
817	0.05909773215850194	0.9890333333333333	0.7157166666984558
818	0.058285742199420926	0.9901333333333333	0.7159333333333333
819	0.05788024626970291	0.9895166666984558	0.7176500000158945
820	0.05780815365711848	0.990216666730245	0.7161666666825612
821	0.05812464570999146	0.9900500000635782	0.7168666666666667
822	0.058146591623624164	0.9896666666666667	0.7151833333492279
823	0.05896947373549143	0.989466666730245	0.7149333333333333
824	0.058163965543111165	0.9900333333969116	0.7168
825	0.05767095874945323	0.9897000000635783	0.7193000000158946
826	0.057889269304275515	0.9904500000635783	0.7155500000317891
827	0.0579530016819636	0.9902666666666666	0.7136833333333333
828	0.05849722452163696	0.9895833333969116	0.7139833333651224
829	0.058988377475738527	0.9892166666666666	0.7104333333412807
830	0.05798923108180364	0.99025	0.7169000000158946
831	0.05819665790398915	0.99	0.7176666666666667
832	0.058832430823644005	0.9899000000317891	0.71055
833	0.05923212694724401	0.9898833333651225	0.7079666666984558
834	0.05959977040886879	0.9895	0.7079166666984558
835	0.05895711680253347	0.9899833333333333	0.7103666666984558
836	0.05853503824075063	0.9902500000635783	0.7118833333412806
837	0.05926190912723541	0.9896000000635783	0.7103166666746139
838	0.058851043832302094	0.990116666730245	0.708866666674614
839	0.05855317372481028	0.9901833333651224	0.7103166666666667
840	0.05865234141349793	0.9897833333333333	0.7097000000158946
841	0.05930932943820953	0.9896333333333334	0.70995
842	0.058529466247558594	0.990666666730245	0.7065333333492279
843	0.058552691860993704	0.9901333333333333	0.7088166666666667
844	0.059527111474672954	0.9898333333969116	0.7034833333492279
845	0.05793079461256663	0.99065	0.7133333333651225
846	0.05989850372473399	0.9900000000635782	0.7089500000158946
847	0.059143553670247394	0.9899166667302449	0.7065000000079473
848	0.059257419109344484	0.9898	0.7073
849	0.05966322038968404	0.989366666730245	0.7104666666825612
850	0.05900541760921478	0.99035	0.7073166666825612
851	0.058256727461020154	0.99015	0.7064833333333334
852	0.05930316590070724	0.9899333333333333	0.7084833333333334
853	0.05951275718609492	0.9896833333969116	0.7071666666984558
854	0.05952828821341197	0.9898333333651225	0.7072833333412806
855	0.05884578144550324	0.9898166667302449	0.7065166666666667
856	0.05902493919531504	0.9900500000317891	0.70885
857	0.05991537233193715	0.9895833333333334	0.6992
858	0.06028500621318817	0.9892500000317891	0.704566666674614
859	0.05972515774567922	0.9903	0.7029
860	0.05985750374794006	0.9898666666984558	0.7015000000158945
861	0.05963326906363169	0.9896166666984558	0.7069000000079473
862	0.059606960992018385	0.9900166666984558	0.7051666666666667
863	0.06008431936899821	0.9894500000635783	0.7076500000079473
864	0.05967015659014384	0.9902333333651224	0.6983000000158945
865	0.06033794169425964	0.9896000000635783	0.6994333333492279
866	0.05944012206395467	0.9900333333969116	0.70135
867	0.06017828261057536	0.9893833333333333	0.7005833333333333
868	0.06008288856347402	0.9895833333651225	0.7028666666666666
869	0.06036319151322047	0.9896166666666667	0.70135
870	0.05996505602995555	0.9901333333333333	0.69985
871	0.05967206742366155	0.9902333333333333	0.6986000000158946
872	0.059936266350746156	0.9899166667302449	0.7002666666984558
873	0.05969683621724447	0.9901000000635782	0.69695
874	0.0607747599919637	0.9892833333333333	0.6937166666825613
875	0.06009190138975779	0.9900166667302449	0.6969666666706403
876	0.06068643266359965	0.989516666730245	0.698
877	0.05978527552286784	0.9903333333333333	0.6992333333651225
878	0.05994712425470352	0.9891833333333333	0.6983166666984558
879	0.06082502857446671	0.9894500000635783	0.6984833333492279
880	0.06066148173014323	0.9895500000635783	0.69765
881	0.060622921848297116	0.9897166666666667	0.6931166666746139
882	0.06036985336144765	0.98975	0.6953500000158945
883	0.06145197877486547	0.9891000000317891	0.6927500000317891
884	0.060009386499722796	0.99045	0.6980166666746139
885	0.06078455413182576	0.9890333333333333	0.6984500000079473
886	0.060530254697799685	0.9896833333969116	0.6925333333333333
887	0.0607621129155159	0.98935	0.6971000000158946
888	0.06160910844008128	0.9889666666984558	0.6938166666666666
889	0.060884194354216256	0.9896333333333334	0.6975333333333333
890	0.06153704272111257	0.9890666667302449	0.6890333333412806
891	0.060526425719261166	0.9899166666666667	0.6930500000158946
892	0.061385401542981465	0.98925	0.6882166666746139
893	0.0609678419192632	0.9894000000317892	0.6948333333492279
894	0.06124575675725937	0.9892500000635783	0.6971666666984558
895	0.0608860169172287	0.9900333333333333	0.6893333333333334
896	0.061478525296847025	0.9897833333969116	0.6900333333333334
897	0.06125499436457952	0.9900333333969116	0.6925166666825613
898	0.06063494045337041	0.9900166667302449	0.6917833333651224
899	0.06084354702234268	0.99015	0.6936
900	0.060822604107856754	0.9900333333969116	0.6903333333333334
901	0.06065959597031276	0.9901666666666666	0.6900833333333334
902	0.061505889288584394	0.9895833333333334	0.6894500000158946
903	0.061425212295850115	0.989266666730245	0.6911000000079472
904	0.06146723895867666	0.9899500000635783	0.6857166666666666
905	0.06177036428451538	0.9891500000635783	0.6855500000158946
906	0.06131400384902954	0.9896666666984558	0.6918833333412806
907	0.06119460872014364	0.9898000000635783	0.6859666666825612
908	0.06146864302158356	0.98995	0.6861333333333334
909	0.06240451410611471	0.9888833333651225	0.6890666666984558
910	0.06178180272579193	0.9896333333651225	0.6850666666666667
911	0.06113560733000437	0.9902333333333333	0.6877666666825613
912	0.061398533074061075	0.989416666730245	0.6890666666984558
913	0.061605999898910524	0.9897166667302449	0.6858000000317891
914	0.06120318467617035	0.9895833333969116	0.686716666674614
915	0.06178291144371033	0.989	0.6819500000317892
916	0.06133788025379181	0.9903000000635783	0.6815000000079473
917	0.06208706874450048	0.9893	0.6869500000158946
918	0.06133786997000376	0.98955	0.6879666666984559
919	0.06196678805351257	0.9894666666984558	0.6849500000317892
920	0.061731047336260475	0.9897833333333333	0.6879166666984559
921	0.06193271582921346	0.9898833333969116	0.688616666674614
922	0.06235152350266775	0.988516666730245	0.6782
923	0.06342894053459168	0.9889500000635782	0.6820500000158946
924	0.06205265531142553	0.9890500000635782	0.6840666666666667
925	0.062187645463148755	0.9895333333969116	0.6849
926	0.061783612020810445	0.9899000000635783	0.6815333333651225
927	0.06308689139684041	0.9890833333969116	0.6760333333492279
928	0.06256722325881323	0.9887500000635783	0.6773000000158945
929	0.062432405416170754	0.9894666666666667	0.6822166666825612
930	0.061591333572069806	0.9895666666666667	0.6831500000079472
931	0.062064987711111706	0.9894	0.6840666666825612
932	0.061662459723154706	0.9899166666666667	0.6815166666825613
933	0.0627455842892329	0.9892500000635783	0.6843000000079473
934	0.06177484153111776	0.9893666666666666	0.6860666666825612
935	0.062426440234978994	0.98955	0.6807666666825613
936	0.06265379055738449	0.9892500000635783	0.6799833333492279
937	0.06252778119246165	0.9893666666984559	0.6780666666666667
938	0.06295594461361567	0.9888000000635783	0.6805000000079473
939	0.06254094714721044	0.9895833333969116	0.6804666666984558
940	0.06267275643348694	0.9899833333969116	0.6773333333651225
941	0.06315415359735489	0.9890166667302449	0.6751833333333334
942	0.06230985360145569	0.9899166667302449	0.6786833333412806
943	0.06232778339783351	0.9897333333969116	0.6781000000158945
944	0.06308625643650691	0.9892833333333333	0.6742500000158945
945	0.06232929546435674	0.9896333333333334	0.6819333333333333
946	0.06246928001244863	0.9899333333651225	0.6814000000158946
947	0.06270856902599335	0.989366666730245	0.676166666674614
948	0.0626363250652949	0.9890166666666667	0.679483333349228
949	0.06348051114877065	0.98885	0.6772
950	0.06383776964346567	0.989166666730245	0.6746166666666666
951	0.06273495792547862	0.9892000000317891	0.6770333333412806
952	0.06285127407709758	0.9895666666666667	0.674466666674614
953	0.06224689106941223	0.9896666666984558	0.6753166666666667
954	0.06342508734067281	0.989566666730245	0.6711500000039736
955	0.06348965374628703	0.9895000000635783	0.6698833333492279
956	0.0624444705247879	0.9897833333333333	0.6790000000039736
957	0.06285881370703379	0.9895833333651225	0.6748666666706403
958	0.06340814324220022	0.9895166666666667	0.6719833333333334
959	0.06464601451953252	0.989516666730245	0.66655
960	0.06291814456780752	0.9897500000635783	0.6736333333333333
961	0.06337661377588907	0.9892000000317891	0.6741833333651225
962	0.06341616106033325	0.9894333333969116	0.675616666674614
963	0.06366667632261912	0.9894833333333334	0.6710000000158945
964	0.06353876883188883	0.9895833333333334	0.6764
965	0.06285770514806112	0.989566666730245	0.6734500000079473
966	0.0638758363087972	0.9890500000635782	0.6684000000079473
967	0.06316225015719731	0.9895000000635783	0.6750500000158945
968	0.06320208937724431	0.9895166666666667	0.6745833333333333
969	0.06307120378017425	0.98975	0.6745666666666666
970	0.0632291920741399	0.9897166666666667	0.6698833333412806
971	0.06328379616340002	0.9893166666666666	0.6737833333333333
972	0.06444201479752859	0.9886833333969116	0.659433333337307
973	0.06339135399659475	0.9896833333333334	0.6683500000079473
974	0.06376291341384252	0.9896666666666667	0.6750833333492279
975	0.06252241732676823	0.9894666666666667	0.6758500000158946
976	0.06360038743813833	0.98925	0.671
977	0.06412790522575379	0.9888666667302449	0.668116666674614
978	0.06350466202894847	0.9896000000635783	0.6599333333412806
979	0.06320404981772106	0.9898666667302449	0.6701000000158945
980	0.06429776773850122	0.9885833333333334	0.6689666666666667
981	0.0636462705453237	0.9896000000635783	0.6714500000079473
982	0.06392838089466095	0.9893333333333333	0.6612000000079473
983	0.06338767343362173	0.989316666730245	0.6664333333651224
984	0.06392552150885264	0.9895333333969116	0.6676
985	0.06334554907480876	0.9896833333969116	0.6735333333333333
986	0.06305351150035858	0.9896500000317892	0.6697333333492279
987	0.06435084323485692	0.9889833333651225	0.6652000000158945
988	0.06457304453055064	0.9893	0.6579166666746139
989	0.06346088785330455	0.9893500000317892	0.6707833333412806
990	0.06421502595742544	0.98885	0.6689500000158946
991	0.06347040834029516	0.9889666666984558	0.668066666674614
992	0.06399816634654999	0.9893333333969117	0.6629500000079472
993	0.06384729201396307	0.9894500000635783	0.6631166666825612
994	0.06359484235445659	0.9893833333651225	0.66595
995	0.06424652550617854	0.9896333333969116	0.6629833333492279
996	0.06362141886552175	0.9897833333333333	0.666216666674614
997	0.06556023186047871	0.98915	0.6609833333492279
998	0.06364443200031916	0.9894833333333334	0.6657833333492279
999	0.06486573967138926	0.9888833333969116	0.6594333333412806
1000	0.06434055414597194	0.9890833333333333	0.6651
1001	0.06396481349468232	0.9895333333333334	0.6685333333333333
1002	0.06414150921901067	0.9894000000317892	0.66365
1003	0.0638821300148964	0.99015	0.6635833333333333
1004	0.0646572292804718	0.9896833333651225	0.6570000000039736
1005	0.06402782041231792	0.9895833333333334	0.6623166666666667
1006	0.06366232091585795	0.989366666730245	0.66395
1007	0.06428647438685099	0.9893333333969117	0.6648
1008	0.06449104208151499	0.9892666666666666	0.6654333333333333
1009	0.06468740915457408	0.98935	0.654683333337307
1010	0.06438351003726324	0.9883833333651225	0.6654500000317891
1011	0.06400879542827606	0.9892666666984559	0.66165
1012	0.06459333717823029	0.9891833333333333	0.6598666666666667
1013	0.06439062960545222	0.9893333333333333	0.6611
1014	0.0647709256807963	0.989	0.6628833333333334
1015	0.06382098727623621	0.9898666666666667	0.6637666666825612
1016	0.06501415830453237	0.9892666666666666	0.6556500000158946
1017	0.0647822336713473	0.9892833333651225	0.6583500000158946
1018	0.06420789532661438	0.9889333333333333	0.661483333337307
1019	0.0651909771045049	0.9896333333333334	0.6592833333373069
1020	0.06447259982426962	0.9897333333333334	0.6588666666825612
1021	0.06493938212394715	0.9887333333333334	0.6620833333333334
1022	0.06499834837118784	0.9890000000317891	0.6503333333333333
1023	0.06409969815015792	0.9889666666666667	0.6631833333333333
1024	0.06520841333071391	0.9891000000635782	0.6566000000317892
1025	0.06679857598145802	0.9881333333333333	0.6497166666666667
1026	0.06434240160783132	0.9893000000317892	0.661883333337307
1027	0.06462269846200942	0.9888833333333333	0.6653500000158946
1028	0.06426172709465026	0.989116666730245	0.6581
1029	0.06451198776563008	0.9894333333651225	0.6573666666825613
1030	0.06579762739340464	0.9890166667302449	0.6482166666666667
1031	0.06594889584382375	0.9890833333969116	0.6487166666666667
1032	0.06512760466734568	0.9890666667302449	0.6538833333492279
1033	0.06513184557358424	0.989316666730245	0.6544333333412806
1034	0.06484980065425237	0.9892000000635783	0.6564500000158946
1035	0.06515964183807373	0.9887166666984558	0.6558000000079472
1036	0.0655724707365036	0.9890333333969116	0.6591833333412807
1037	0.06516337184508642	0.9894833333333334	0.6579166666746139
1038	0.06500342868169148	0.9889666666984558	0.6521000000079473
1039	0.06481607744693756	0.9895666666984558	0.6549666666706403
1040	0.06479334406852723	0.9893166666666666	0.6506000000079473
1041	0.06557561348676681	0.9885666666666667	0.6536166666825612
1042	0.06513757998943329	0.9893833333333333	0.654733333337307
1043	0.06428307069937388	0.9894333333651225	0.6572833333333333
1044	0.06530565373102824	0.98965	0.6517333333492279
1045	0.06625943220456441	0.9886500000635783	0.6471500000079473
1046	0.06522809245586396	0.9887666666984558	0.6516666666825612
1047	0.06477128643194835	0.9890666666666666	0.6586500000158946
1048	0.06455390486717225	0.9893333333969117	0.6572000000079473
1049	0.06554274577697118	0.98935	0.6581333333333333
1050	0.0648580837170283	0.9892833333333333	0.6524166666706404
1051	0.06596124013264974	0.9884833333333334	0.6471666666686535
1052	0.06557637575467427	0.9886333333333334	0.6462
1053	0.06555104706287385	0.9890333333969116	0.6502333333333333
1054	0.06508898092905681	0.9896	0.6511166666825612
1055	0.06551386763254802	0.9890333333969116	0.6472000000158946
1056	0.06529983375072479	0.9892500000635783	0.6521833333412806
1057	0.06566187375386556	0.9892	0.649466666674614
1058	0.06488965428670247	0.9897166667302449	0.6539333333333334
1059	0.0653416486899058	0.989516666730245	0.647416666674614
1060	0.06562922856807708	0.989366666730245	0.6535000000039737
1061	0.06616094215710958	0.9892833333651225	0.6443833333412806
1062	0.06557434474627177	0.9895833333333334	0.6436166666746139
1063	0.06563969311714173	0.9888500000635783	0.6503166666825613
1064	0.06561579655011494	0.9895333333969116	0.6486666666666666
1065	0.06635223402182261	0.9886000000635783	0.6458000000079472
1066	0.06553236399491628	0.9893500000635783	0.6516666666706403
1067	0.0654919269879659	0.9888500000635783	0.6483666666686535
1068	0.0660026078859965	0.989316666730245	0.6403000000079473
1069	0.06602704482873281	0.9889333333969116	0.6475
1070	0.06551541423002878	0.9888833333969116	0.6513333333492279
1071	0.06556549685001373	0.9894333333969116	0.6569
1072	0.06574760841528575	0.989516666730245	0.6489666666666667
1073	0.0661588673233986	0.9883833333333333	0.6479833333333334
1074	0.06561997708479564	0.9891333333969117	0.6527833333333334
1075	0.06600964725812276	0.989416666730245	0.6412333333412806
1076	0.06594400912125906	0.9895166666984558	0.6449666666666667
1077	0.0653559584458669	0.9892333333969117	0.6532833333333333
1078	0.0668483237584432	0.989216666730245	0.641016666674614
1079	0.06594767741362254	0.9895833333333334	0.63915
1080	0.06579191986719768	0.9889833333651225	0.6465333333412806
1081	0.06527252581516901	0.98885	0.6473666666666666
1082	0.06587201677163441	0.9891833333333333	0.6455000000039737
1083	0.06615309363206227	0.9894000000635783	0.6393166666825613
1084	0.06584112575054168	0.9890666666666666	0.6505333333333333
1085	0.06557224106788635	0.9893166666666666	0.6534666666825613
1086	0.06579220861196518	0.9896000000635783	0.6445
1087	0.06647184801101684	0.9893333333969117	0.6415500000039737
1088	0.06692978466351827	0.9893166666666666	0.646433333337307
1089	0.0661087199052175	0.98895	0.6352333333492279
1090	0.0666483199040095	0.9891833333969117	0.639283333337307
1091	0.06705240258375804	0.9883500000317892	0.6383833333492279
1092	0.06655207242965698	0.9886666666666667	0.6466833333412806
1093	0.06605007734298705	0.9893000000635783	0.6470666666706403
1094	0.06601565140088399	0.9890333333333333	0.6477333333412806
1095	0.06574312879244487	0.9889666667302449	0.6458333333492279
1096	0.06621785975297292	0.9893333333333333	0.64385
1097	0.06555474144617716	0.989366666730245	0.6490666666825612
1098	0.06643676501512527	0.9893333333333333	0.6415833333412806
1099	0.06579432867368062	0.9891666666666666	0.6453666666686535
1100	0.06540266490777334	0.9896500000635783	0.6416166666666666
1101	0.06659847424030305	0.9889500000317891	0.6425000000079473
1102	0.06715388782024384	0.9884166666666667	0.6326
1103	0.06613057493766149	0.9891166666666666	0.6426666666825612
1104	0.06682914046843846	0.98845	0.64345
1105	0.06611787642637888	0.98925	0.6407666666746139
1106	0.06661528153419495	0.9887333333969116	0.6482666666666667
1107	0.06663840852578481	0.9890833333651224	0.6367
1108	0.0668192059914271	0.9888833333969116	0.64315
1109	0.06629107086658478	0.988666666730245	0.6343000000079473
1110	0.06678547692298889	0.9892833333333333	0.6425833333412806
1111	0.0657401302019755	0.9890000000317891	0.6453833333333333
1112	0.06628760821819306	0.9888833333333333	0.6394333333333333
1113	0.06661282153924306	0.9891	0.6345333333353201
1114	0.06693729988733928	0.9883166666666666	0.6308333333333334
1115	0.0662107834815979	0.9892000000635783	0.6427166666666667
1116	0.06708811044692993	0.9887500000317891	0.6376833333333334
1117	0.0667096453110377	0.9892833333969117	0.6412
1118	0.06659453271230062	0.9889166667302449	0.6395000000039737
1119	0.06633771742979686	0.9894833333333334	0.639483333337307
1120	0.06599202823638917	0.9891666666666666	0.643116666674614
1121	0.06734927384058634	0.98845	0.6321833333412806
1122	0.067100599471728	0.9889166666666667	0.6357833333412806
1123	0.06698423960208892	0.9883833333333333	0.6354500000039737
1124	0.06669572404225667	0.989366666730245	0.6406000000158946
1125	0.06569423611958822	0.9896666666984558	0.6457000000039737
1126	0.06651280438899994	0.98895	0.6424833333333333
1127	0.06670216816266378	0.9890333333651224	0.6390333333373069
1128	0.06634149380524954	0.9891500000635783	0.6446666666746139
1129	0.06629543229738871	0.9890666667302449	0.6376
1130	0.0661108477195104	0.9892	0.64565
1131	0.06693694732983907	0.98945	0.633316666674614
1132	0.06675135435263316	0.9891500000317891	0.6465
1133	0.06555491371949514	0.9889666666984558	0.6426333333412806
1134	0.06755370412667593	0.9894333333969116	0.6181500000039737
1135	0.06680695312817891	0.98925	0.6417666666686535
1136	0.06615441215833028	0.9890500000317891	0.63795
1137	0.06709181005160014	0.9888500000635783	0.6362000000079473
1138	0.06728824699719747	0.9888	0.6307833333333334
1139	0.06574634788036346	0.9891833333651224	0.6396666666666667
1140	0.06761732631524404	0.9887166667302449	0.6306000000009934
1141	0.06783373301029205	0.9881333333333333	0.6400500000079473
1142	0.06799636501868565	0.9881666666666666	0.6335500000079473
1143	0.06766895661354065	0.9883000000317892	0.632866666674614
1144	0.06706151234706242	0.9883833333333333	0.6396666666825612
1145	0.06649436515172323	0.9883166666666666	0.6468833333412806
1146	0.06706982050736746	0.9891333333333333	0.6278
1147	0.06866594501336416	0.9884000000635783	0.6213166666706403
1148	0.06674921020666759	0.9891500000635783	0.641016666674614
1149	0.06679694771766663	0.9887333333969116	0.6329333333412807
1150	0.06740383292039236	0.9886500000635783	0.6326666666666667
1151	0.0670277860959371	0.9886333333969116	0.635933333337307
1152	0.06638541861772537	0.9894333333651225	0.6375166666666666
1153	0.06709439454873403	0.98855	0.6302333333412806
1154	0.0675823338429133	0.9888833333333333	0.632733333337307
1155	0.06726423018773396	0.9886833333969116	0.6336166666671633
1156	0.0671763592004776	0.9891833333333333	0.6376166666706403
1157	0.06664185194969177	0.9892	0.6405833333333333
1158	0.06677296117941539	0.9889666666984558	0.632683333337307
1159	0.06763579246997833	0.9891166666984558	0.63095
1160	0.06848815255959828	0.9884333333651225	0.6281500000039737
1161	0.067079412428538	0.9886333333969116	0.63415
1162	0.06755602068901062	0.9889666666984558	0.6250833333373069
1163	0.0666352527777354	0.9892000000317891	0.6420000000079473
1164	0.06788550523916881	0.98915	0.6265333333492279
1165	0.06700201512972513	0.9891166666666666	0.6361166666706403
1166	0.06646875586509704	0.9891666666666666	0.6430333333333333
1167	0.06706521407763164	0.98885	0.6361166666706403
1168	0.0678162880897522	0.9890166666984558	0.6352
1169	0.06689096948305766	0.98945	0.6230666666825613
1170	0.06721398233572642	0.9888166666666667	0.6343666666686535
1171	0.06848095916112264	0.9886166666984558	0.6281666666706404
1172	0.0671965848048528	0.9893166666666666	0.6269166666825612
1173	0.06740927877426148	0.9892333333969117	0.621333333337307
1174	0.06707714072068532	0.989266666730245	0.634533333337307
1175	0.06697622637748718	0.9890666666666666	0.6356333333412806
1176	0.06771946517626444	0.988616666730245	0.6320166666666667
1177	0.06666861806710561	0.9886	0.6387333333412806
1178	0.06770148803393046	0.9892000000635783	0.6254666666666666
1179	0.06729785233338674	0.9890500000317891	0.630216666674614
1180	0.06704886751969655	0.9892666666666666	0.6366166666706403
1181	0.06747171817620595	0.9894333333333334	0.6277333333333334
1182	0.06661979455153147	0.9895333333333334	0.6446
1183	0.06910370794932047	0.9879	0.6198666666706403
1184	0.06838203307787577	0.9883666666666666	0.6296833333333334
1185	0.06899931140343349	0.9890333333333333	0.6218333333492279
1186	0.06763514607747396	0.9884833333333334	0.63015
1187	0.06653557328383128	0.9898500000635783	0.6227333333333334
1188	0.06798948154846828	0.9888166667302449	0.6284833333333333
1189	0.06725917795499166	0.9892833333333333	0.6263500000079473
1190	0.06679452673196792	0.989316666730245	0.636366666674614
1191	0.06789297707080841	0.98865	0.6312500000019868
1192	0.06808358052571614	0.9884333333969116	0.6270333333333333
1193	0.06694420312245687	0.98905	0.6370500000039736
1194	0.06828526287873586	0.9887500000317891	0.62825
1195	0.06766129058202108	0.9890500000635782	0.624816666674614
1196	0.06756857548554739	0.9889500000635782	0.63675
1197	0.06680005491574606	0.9891500000317891	0.6312000000079473
1198	0.06790025407075882	0.9884666666666667	0.6357666666666667
1199	0.06713675221602122	0.9890166666984558	0.6361500000079473
1200	0.06767368870973588	0.98905	0.6227000000079473
1201	0.06706105494499207	0.9889333333969116	0.6319500000039736
1202	0.06839462425708771	0.98795	0.6190166666706403
1203	0.06710577008724213	0.9889833333333333	0.6307333333492279
1204	0.06798378022909164	0.9885833333333334	0.6330833333373069
1205	0.066581312084198	0.9891	0.6311833333492279
1206	0.06791846621036529	0.9887500000317891	0.6307500000079472
1207	0.06828198904196421	0.9883666666984559	0.6255166666706403
1208	0.06806902530988057	0.9895500000317892	0.6223166666706403
1209	0.06823792361418406	0.98845	0.6267666666666667
1210	0.06703298380374909	0.989	0.6267833333353201
1211	0.06716312096118927	0.9889333333969116	0.6301166666706403
1212	0.06745243906974792	0.9887	0.636
1213	0.06811906181971232	0.9891666666984558	0.6251666666706404
1214	0.06779432071050008	0.9890833333333333	0.6225166666706403
1215	0.06747684922218322	0.98935	0.6269833333333333
1216	0.06763923246065776	0.9887166667302449	0.6333000000079473
1217	0.06843848520914714	0.9885333333969116	0.624483333337307
1218	0.06757903997103373	0.9886166666666667	0.6255666666666667
1219	0.06847874377568562	0.9880666667302449	0.6200166666706403
1220	0.06703121415774027	0.9891000000635782	0.628633333337307
1221	0.06874335459868113	0.9889000000317891	0.6264166666706403
1222	0.06848590451876323	0.9885000000635783	0.6227500000009935
1223	0.06868139406840007	0.9882333333333333	0.619016666674614
1224	0.06728799975713094	0.9888666667302449	0.6257666666686534
1225	0.0675106007496516	0.9885333333969116	0.6348833333492279
1226	0.06996074852943421	0.9879333333333333	0.6165500000039736
1227	0.06890270326932271	0.9883666666666666	0.622833333337307
1228	0.06796719040870666	0.9891	0.6259000000019869
1229	0.06784387966791788	0.9887166666666667	0.6244666666666666
1230	0.06743008350928624	0.9890333333651224	0.6315166666825612
1231	0.06788979572455088	0.9887000000635783	0.6277166666825612
1232	0.06735425854523977	0.9890500000317891	0.6312833333333333
1233	0.06843806587060293	0.9882333333333333	0.6145833333353201
1234	0.06780076897144317	0.9887666667302449	0.6165333333412806
1235	0.06785106232166291	0.9893166666984559	0.6245666666706403
1236	0.068093643561999	0.9891833333651224	0.6162833333333333
1237	0.067017116133372	0.9892333333651224	0.6348
1238	0.0679885794321696	0.9882833333333333	0.6228166666666667
1239	0.06857638363043467	0.9888333333969116	0.614683333337307
1240	0.06645404419104259	0.9892333333969117	0.635783333337307
1241	0.06794875936508178	0.9891833333969117	0.6195500000039736
1242	0.06751466987133026	0.9890166667302449	0.6285333333412806
1243	0.06707046533028285	0.989216666730245	0.6255166666825612
1244	0.06764566707611085	0.9891000000635782	0.6250000000004967
1245	0.06726129554112752	0.9893333333333333	0.6254500000079473
1246	0.06755837830702464	0.9890166666666667	0.6246
1247	0.06719142891565959	0.9891333333333333	0.627533333337307
1248	0.0681240992307663	0.9886666666984558	0.6258500000039736
1249	0.06850894487698873	0.9890833333651224	0.6095833333333334
1250	0.06856210905710856	0.9890666666666666	0.6265666666666667
1251	0.06805081792672475	0.9887333333969116	0.6230666666676601
1252	0.06845863752365113	0.9891	0.6162333333412806
1253	0.06758440653483073	0.989216666730245	0.62775
1254	0.0679287599960963	0.9890000000635782	0.6214000000009934
1255	0.06743448496659597	0.9887166666984558	0.6280666666706403
1256	0.06821855819225311	0.9884000000635783	0.6181666666706404
1257	0.0681992697318395	0.98835	0.6363333333492279
1258	0.06892920348644256	0.9888166666984558	0.604183333337307
1259	0.06747518021265665	0.9890666666666666	0.6255500000039736
1260	0.0684093414068222	0.9889666667302449	0.6138666666671634
1261	0.06774108002185822	0.9885333333969116	0.62346666666766
1262	0.0680538080851237	0.9891000000635782	0.6175500000039736
1263	0.06763603567282359	0.9884666666666667	0.6281166666706403
1264	0.06809716915289561	0.98885	0.6138333333373069
1265	0.06777105837663015	0.9888333333969116	0.6252000000039737
1266	0.06775875072479248	0.9894333333333334	0.616983333349228
1267	0.06900791312853495	0.9879833333969116	0.6227000000009935
1268	0.06815008447170258	0.9890833333651224	0.604233333337307
1269	0.06805634214083353	0.9887666667302449	0.6198333333333333
1270	0.06770905696551005	0.9882666666666666	0.6246666666746139
1271	0.06819941759904226	0.9888333333333333	0.6287000000039736
1272	0.06758112514813741	0.9886833333333334	0.6239166666706403
1273	0.06754080967903137	0.9894833333651225	0.6223166666706403
1274	0.06803664418856303	0.9888166667302449	0.6269000000039736
1275	0.06782586006323496	0.9891833333333333	0.6133000000019868
1276	0.06769779850641887	0.9889666666666667	0.6193500000039737
1277	0.06768987607955933	0.9884833333651225	0.6248000000079473
1278	0.06743235077857972	0.9892666666666666	0.6179833333333333
1279	0.06876976088682811	0.9886500000635783	0.613583333337307
1280	0.06828288586934407	0.9888000000635783	0.6250500000079473
1281	0.06842314962546031	0.9892	0.6144333333333334
1282	0.067806298772494	0.9889166666984558	0.6163166666666666
1283	0.06888715560038884	0.988416666730245	0.6184833333333334
1284	0.0673922216574351	0.989166666730245	0.6273666666706403
1285	0.06849062830607096	0.9885500000317892	0.6157333333353202
1286	0.06875745828946432	0.9884500000317892	0.6139000000039736
1287	0.0678508235613505	0.9887666666666667	0.6285166666666666
1288	0.06936141504446665	0.9884	0.6135166666746139
1289	0.06830922444661458	0.9886166666984558	0.6198000000009934
1290	0.06895865969657898	0.988416666730245	0.6153666666706403
1291	0.06819502062002818	0.9886333333969116	0.6227000000039736
1292	0.06933929649194082	0.9888333333333333	0.6228000000039736
1293	0.06771199748516082	0.989216666730245	0.6218333333353202
1294	0.06914583727518718	0.9881333333651224	0.6174000000039737
1295	0.06789917675654093	0.9889166666984558	0.6267
1296	0.06867971858978271	0.9891666666666666	0.6062333333333333
1297	0.06794954295158387	0.9886500000317892	0.6220166666666667
1298	0.06769516628583272	0.989116666730245	0.6213000000039737
1299	0.0687794855594635	0.9887	0.6085166666706403
1300	0.0684846479733785	0.9890500000317891	0.61445
1301	0.06808157295385997	0.9888666667302449	0.6168333333333333
1302	0.06765281546910604	0.9891	0.6203666666686535
1303	0.06800112205346426	0.9890833333651224	0.6161
1304	0.06815243202845256	0.98885	0.6131833333333333
1305	0.06879520986874899	0.98885	0.6162666666746139
1306	0.06753357172807058	0.9890166666984558	0.6209333333412806
1307	0.0675024948477745	0.9892	0.6273000000039737
1308	0.06790114411513011	0.98925	0.61735
1309	0.06875207889874776	0.9888666667302449	0.6177166666666667
1310	0.06747253006299336	0.9888833333651225	0.6158500000039736
1311	0.06815816949208578	0.9883333333651225	0.6214166666746139
1312	0.06831500987211864	0.9891166666666666	0.624866666674614
1313	0.06839237175782521	0.9886833333969116	0.6184
1314	0.06849953798453014	0.9891000000635782	0.6166000000039736
1315	0.06755460720856984	0.9893833333651225	0.6141000000079473
1316	0.06828480853239695	0.9891833333969117	0.6198500000079473
1317	0.06823851428429285	0.9888666667302449	0.6180000000079473
1318	0.06901271877288818	0.9895333333651225	0.6074000000019868
1319	0.06802055441538493	0.9893500000635783	0.6148500000039736
1320	0.06904596832593282	0.9889333333651225	0.6090166666686535
1321	0.0680763599316279	0.9894500000635783	0.6193166666706403
1322	0.0687007956981659	0.9880333333969116	0.6191166666706404
1323	0.0684264320453008	0.9884333333651225	0.6177666666666667
1324	0.06847513055801392	0.9888500000317891	0.609183333337307
1325	0.06863774488766988	0.9887500000317891	0.6014333333338301
1326	0.06877833429177602	0.98885	0.6238166666666667
1327	0.06850163234472274	0.9888333333333333	0.6140500000079473
1328	0.06847067340612412	0.9886	0.6204833333333334
1329	0.06759251736799876	0.9893333333651225	0.616483333337307
1330	0.06835891842444737	0.9892333333333333	0.6094000000039737
1331	0.06828947054545084	0.989266666730245	0.62335
1332	0.06876377685864767	0.9886833333969116	0.6022333333412806
1333	0.06849928506215414	0.9887666667302449	0.61325
1334	0.06960051758289337	0.988566666730245	0.5958166666666667
1335	0.06715869971116384	0.9888166666666667	0.6237500000079473
1336	0.06830861243406931	0.9888500000635783	0.6143666666666666
1337	0.06814871812661488	0.9893000000635783	0.6080166666666666
1338	0.06792872432072958	0.9894333333333334	0.6164666666746139
1339	0.06957788745562235	0.9885833333651225	0.6015333333412807
1340	0.06773322127660115	0.9893833333651225	0.6118333333333333
1341	0.0680256810983022	0.9892166666984558	0.6166166666825612
1342	0.06817965161800385	0.9887666666984558	0.6092333333333333
1343	0.06898732953866323	0.9889500000317891	0.6122666666686535
1344	0.06860149753888448	0.98875	0.6103166666746139
1345	0.06823476237456004	0.9890500000635782	0.6110666666706404
1346	0.0677976070245107	0.9891166666666666	0.6168833333333333
1347	0.06787605894406637	0.9889333333651225	0.6140666666706404
1348	0.06851114599704743	0.988566666730245	0.6153500000009934
1349	0.06861746633052826	0.9889666667302449	0.6177833333333334
1350	0.06790378523667653	0.98925	0.6101166666686535
1351	0.06806759936014811	0.9889000000317891	0.6113666666706403
1352	0.06792026844819386	0.9891333333969117	0.616966666674614
1353	0.06909436785380045	0.9885833333969116	0.6122666666706403
1354	0.06855482268333435	0.9893333333969117	0.6120000000009934
1355	0.06849967900117239	0.989316666730245	0.6104500000019868
1356	0.06809821564356486	0.9886833333333334	0.6175666666666667
1357	0.06881410032113393	0.9883333333969117	0.6124000000019868
1358	0.06854393839041392	0.9884500000317892	0.6073666666671633
1359	0.06882462020715077	0.9892333333969117	0.611233333337307
1360	0.06776783830324809	0.9892333333333333	0.6127166666706403
1361	0.06868901742299398	0.9889500000635782	0.6022166666686535
1362	0.06792153134346009	0.9893333333651225	0.6098333333373069
1363	0.06841234804789226	0.9885166666984558	0.6138500000039736
1364	0.06896365276177724	0.989166666730245	0.6102666666706403
1365	0.06874447331428528	0.9892000000635783	0.6016333333333334
1366	0.0682225820382436	0.988616666730245	0.6133166666671633
1367	0.06946562542120616	0.98845	0.6023500000039737
1368	0.06855421025753021	0.9888666667302449	0.605983333337307
1369	0.06887818669478099	0.9890666666666666	0.605683333337307
1370	0.06853515450954437	0.9892666666666666	0.6172000000079473
1371	0.06942001576423645	0.988366666730245	0.6047333333373069
1372	0.06915176321665446	0.9887	0.605116666674614
1373	0.06836931178569794	0.9886000000635783	0.6007166666686535
1374	0.06844354272683462	0.9890833333651224	0.6168333333353202
1375	0.06877973351478577	0.9887166667302449	0.6053166666746139
1376	0.06839708322286606	0.9892	0.610716666674614
1377	0.06800115367571513	0.9885333333969116	0.6184166666706403
1378	0.06794946183363597	0.9888833333333333	0.61045
1379	0.06804197270075481	0.9891333333969117	0.6147166666706403
1380	0.06807800920804341	0.9890833333333333	0.6106333333412807
1381	0.06782544284661611	0.9892333333969117	0.613133333337307
1382	0.06823123901685078	0.9890166666666667	0.6099166666706403
1383	0.06982630211512247	0.9880500000317891	0.6067166666686535
1384	0.06932784495353699	0.9885500000317892	0.598516666674614
1385	0.06817031404177348	0.9887833333651225	0.611083333337307
1386	0.0686531529267629	0.9890333333969116	0.6078333333373069
1387	0.06820635631084442	0.9893000000635783	0.6010833333412806
1388	0.06960627528826396	0.9886333333333334	0.602433333337307
1389	0.06929708315531413	0.9884666666984558	0.60265
1390	0.0682349737962087	0.988216666730245	0.6158666666666667
1391	0.07021527027289072	0.9884666666984558	0.5985000000039736
1392	0.06801055021286011	0.98905	0.6193666666686535
1393	0.06868240952491761	0.9897000000635783	0.6120000000039736
1394	0.06960786222616831	0.9888333333651225	0.6009500000039737
1395	0.06806894592444102	0.9892666666666666	0.61525
1396	0.06905518636306127	0.9889500000317891	0.6061666666706403
1397	0.06762108448346456	0.9887333333333334	0.6217000000158945
1398	0.06832519470850626	0.9893666666984559	0.611116666674614
1399	0.068900612616539	0.9891166666666666	0.6043500000019868
1400	0.06920469137032827	0.9885333333333334	0.605433333337307
1401	0.06841114153464635	0.989	0.6104166666746139
1402	0.06808615563710531	0.9891000000635782	0.6111833333333333
1403	0.06955989783604939	0.988416666730245	0.6068333333412806
1404	0.06984732004801432	0.9884333333969116	0.60285
1405	0.06885391775767008	0.9888666666984558	0.6131166666666666
1406	0.06825813704331717	0.9888833333969116	0.6127166666706403
1407	0.06923319230079651	0.988416666730245	0.6063333333333333
1408	0.07031427996953328	0.9880666666984558	0.6092000000039737
1409	0.06997411290009817	0.9887833333969116	0.5963166666666667
1410	0.06890717051823934	0.9889833333969116	0.60465
1411	0.06861261336803437	0.9888000000317891	0.6051000000019868
1412	0.06923343561887742	0.9891	0.6044333333333334
1413	0.06879234107335408	0.9888000000635783	0.6126333333333334
1414	0.06875057631333668	0.9889666666666667	0.6064833333343267
1415	0.0696131056467692	0.9889333333333333	0.592483333337307
1416	0.06893798104127248	0.9887166667302449	0.6116833333353201
1417	0.06829834792613983	0.9892	0.6033166666686535
1418	0.06885409186681112	0.9888166667302449	0.59785
1419	0.06884190068244934	0.9891	0.604
1420	0.06893131566842398	0.9889333333333333	0.609683333337307
1421	0.06885561052958171	0.9890833333969116	0.6048
1422	0.06937339834372203	0.9892833333969117	0.60185
1423	0.06839381973743439	0.9889833333333333	0.6093333333412806
1424	0.06825056091149648	0.9888000000317891	0.6073000000039737
1425	0.0693237810532252	0.9888	0.6085666666746139
1426	0.0686499473810196	0.98905	0.612283333337307
1427	0.06878841194311777	0.9887833333333333	0.6046833333492279
1428	0.06844111506938934	0.98905	0.606866666674614
1429	0.06971184027989705	0.9889333333969116	0.6012666666666666
1430	0.06952074131965637	0.98815	0.5987500000039736
1431	0.06928603393236796	0.9889166666666667	0.590933333337307
1432	0.06933906654516855	0.9888666666666667	0.6032333333333333
1433	0.0687683468580246	0.9890166667302449	0.6066833333343268
1434	0.06843269486427307	0.9890666666984558	0.609133333337307
1435	0.06867382558186849	0.9890500000317891	0.6058833333333333
1436	0.06954529041449228	0.989166666730245	0.5929500000039737
1437	0.06886988977591196	0.9891833333333333	0.5952333333343267
1438	0.06894043457508087	0.988616666730245	0.609433333337307
1439	0.06947235797246297	0.9886500000317892	0.5995333333333334
1440	0.06913445652325947	0.9886833333333334	0.6067000000019869
1441	0.06896987920602163	0.988616666730245	0.6065500000079472
1442	0.06993288385868072	0.9880500000635782	0.6026500000019869
1443	0.06923162283102671	0.9887833333333333	0.6008833333412806
1444	0.06878865465323131	0.9890333333651224	0.6011500000079473
1445	0.06887584884166717	0.9892333333333333	0.60425
1446	0.07050630176067352	0.988416666730245	0.5869166666666666
1447	0.06872797968387603	0.9888666666984558	0.6058833333373069
1448	0.06975391442775726	0.9886500000635783	0.5944000000079472
1449	0.06976168909867604	0.9888833333333333	0.5980666666686535
1450	0.07223555657863617	0.9885833333333334	0.5347333333333333
1451	0.07136108819643656	0.9888166667302449	0.5556666666676601
1452	0.07086630747318268	0.989616666730245	0.5403000000009934
1453	0.07164302793343862	0.9889166667302449	0.5375500000079473
1454	0.07177265859444937	0.9884500000317892	0.5475833333333333
1455	0.07117874219417572	0.9890333333969116	0.5451666666666667
1456	0.07409536946614584	0.9879166666984558	0.5402833333333333
1457	0.07216418747901916	0.9882833333333333	0.5414500000039737
1458	0.07083126157919566	0.9889833333333333	0.5488500000009934
1459	0.07112975347042083	0.9896	0.5465666666666666
1460	0.07198321987787883	0.9880333333333333	0.5610000000039737
1461	0.07113339023590087	0.9882833333969117	0.5594666666706403
1462	0.07086817656358083	0.9888333333651225	0.5551500000009935
1463	0.07220967191855113	0.9889500000635782	0.542083333337307
1464	0.07193209804693858	0.9877666667302449	0.5576500000039737
1465	0.07085302129586538	0.9891833333651224	0.5556000000019868
1466	0.0704807718038559	0.9886833333651225	0.5626833333343267
1467	0.07074582272370657	0.9886166666666667	0.5651833333353201
1468	0.0707242889881134	0.9887500000635783	0.5599000000009934
1469	0.07114498544534048	0.98845	0.5553333333333333
1470	0.07090651846726735	0.9884833333651225	0.543216666674614
1471	0.0716143726905187	0.989166666730245	0.53585
1472	0.07159862701892852	0.9888666666666667	0.5517666666666666
1473	0.0719452933470408	0.9883833333969116	0.5465666666686535
1474	0.07040382281939189	0.9886500000317892	0.5605166666666667
1475	0.07189600386619568	0.9883	0.5486833333343267
1476	0.07110192023913066	0.98905	0.5389000000039736
1477	0.07016218813260397	0.9890000000317891	0.5650000000039737
1478	0.07086946202119192	0.9894833333333334	0.5501166666706403
1479	0.07103458458582561	0.989266666730245	0.5537333333333333
1480	0.07126573424339294	0.9891500000317891	0.5420166666686534
1481	0.07155915060838064	0.988666666730245	0.5465166666666667
1482	0.07187833539644876	0.9883500000635783	0.55185
1483	0.07162097060680389	0.9887166666666667	0.5433666666686535
1484	0.0722583533525467	0.9884166666984558	0.5434666666671634
1485	0.0715556658188502	0.9890833333333333	0.5470833333333334
1486	0.07102254555225372	0.9887333333333334	0.5542333333412807
1487	0.07132118856906891	0.9895500000635783	0.5448000000009934
1488	0.0705120536406835	0.9889666667302449	0.5619000000079473
1489	0.07059656308492025	0.9886833333969116	0.5545666666666667
1490	0.07120420497258505	0.9883666666666666	0.5540666666686535
1491	0.07026186088720958	0.98945	0.5528166666666666
1492	0.07052808113892874	0.9891666666666666	0.5517500000039737
1493	0.07180281527042388	0.9885000000635783	0.5464833333343267
1494	0.07059800485769907	0.9891500000635783	0.5547666666666666
1495	0.07104835313161215	0.9889500000635782	0.5556166666666666
1496	0.0714797562678655	0.9882666666666666	0.5515
1497	0.07149672969977061	0.9887500000635783	0.548183333337307
1498	0.07089474793275197	0.9888666666666667	0.5514166666706403
1499	0.07100802251497905	0.9886833333969116	0.5524166666666667
