epoch	loss	acc	certified
0	5.304205459594726	0.0060300000002980235	0.0060300000002980235
1	5.131062348022461	0.015400000002384185	0.015400000002384185
2	4.920438774871826	0.029690000000298023	0.029690000000298023
3	4.782879725494385	0.04373000000119209	0.04373000000119209
4	4.6498818814086915	0.058810000002384184	0.058810000002384184
5	4.574925942077637	0.06660000000715256	0.06660000000715256
6	4.513594871368408	0.0751100000011921	0.0751100000011921
7	4.452076348724365	0.08416000000238419	0.08416000000238419
8	4.401896786804199	0.09102	0.09102
9	4.349741292877197	0.09902	0.09902
10	4.300456350402832	0.10593999999761582	0.10593999999761582
11	4.257795375366211	0.11156000000238418	0.11156000000238418
12	4.215347425994873	0.11744000000476837	0.11743000000476837
13	4.181266866455078	0.12399999999523163	0.12399999999523163
14	4.150338766937256	0.12940000000715254	0.12940000000715254
15	4.115660626983643	0.13471000000476838	0.13470000000476837
16	4.085800882720947	0.13933999999523164	0.13931999999523162
17	4.05695333984375	0.14247000000476837	0.14247000000476837
18	4.024627186279297	0.14830000001430513	0.14830000001430513
19	3.9950480741882326	0.15271999999761582	0.15271999999761582
20	3.9741835368347167	0.15600999999523163	0.15599999999523162
21	3.9504910972595213	0.16019	0.16019
22	3.9311616134643557	0.1637599999976158	0.16373999999761582
23	3.907110497970581	0.16897000000953674	0.16896000000953673
24	3.892436299209595	0.16986000000953674	0.16985000000953673
25	3.8712821783447264	0.17380000000715257	0.17377000000715256
26	3.852575909347534	0.17722000000476837	0.17720000000476838
27	3.8379475071716307	0.17883000000715255	0.17880000000715257
28	3.824063992614746	0.18302	0.18298
29	3.8126513609313966	0.18509	0.18508
30	3.791601558609009	0.1878300000143051	0.18779000001430513
31	3.7810369176483154	0.1899	0.18983
32	3.769950617828369	0.19240000000953675	0.19235000000953675
33	3.7569610473632813	0.19504	0.19495
34	3.7437053617858886	0.19666000001430511	0.1966000000143051
35	3.729329990310669	0.19981000000953675	0.19973000000953675
36	3.719135068283081	0.20194000000476836	0.20179000000476838
37	3.710254654998779	0.20273000000715255	0.20260000000715256
38	3.700233125	0.20460000000476838	0.20456000000476837
39	3.6970053520965576	0.20611999999523162	0.20588999999523164
40	3.683791862106323	0.20770000000476838	0.20754000000476838
41	3.6778389693450926	0.20955000000953675	0.20937000000953673
42	3.6670607151031493	0.21133999999523162	0.21113999999523164
43	3.6613467097473142	0.21205000000953675	0.21178000000953676
44	3.6486282572174074	0.21486	0.2147
45	3.6486198077392578	0.21642999999523163	0.21620999999523163
46	3.6318995375823975	0.21682000000953675	0.21650000000953673
47	3.628201572570801	0.21772000000953673	0.21733000000953676
48	3.617927774810791	0.21789999999523163	0.21759999999523164
49	3.615018045501709	0.22015999999523164	0.21972999999523163
50	3.6093996602630614	0.22327000000953676	0.22279000000953675
51	3.596345530014038	0.2245200000143051	0.22397000001430512
52	3.5952002727508545	0.22617000000476836	0.22568000000476837
53	3.586694981918335	0.22667000002861024	0.22610000002861022
54	3.5785506455993654	0.2287100000190735	0.22817000001907348
55	3.5765930379486086	0.22931000000476837	0.22861000001430512
56	3.5672828871917726	0.23008000001430512	0.22944000001430512
57	3.5646607347106936	0.23212999999523162	0.23121999999523163
58	3.557863120651245	0.23272000000953674	0.23193000000953673
59	3.5494959663391112	0.23308	0.23201
60	3.5485330841827394	0.23435999999046325	0.23330999999046326
61	3.535536378555298	0.23579	0.23494
62	3.535138703994751	0.23598000000953676	0.23499000000953674
63	3.5303100184631346	0.23820999999046324	0.23686999999046326
64	3.5270452633666993	0.23911000000953675	0.23779000000953673
65	3.5200379357910156	0.23988000000476836	0.23840000000476838
66	3.516542476501465	0.23947000000953675	0.23817000000953675
67	3.5114952312469483	0.24031000000476838	0.23884000000476838
68	3.5048239846801756	0.24287000000953674	0.24127000001907348
69	3.502637144165039	0.24150000000953675	0.23964000000953675
70	3.4947447355651855	0.24375999999523162	0.24172000000476837
71	3.4910743826293946	0.2466700000190735	0.2442900000190735
72	3.4866737448120118	0.24696999999523161	0.24484999999523163
73	3.4824429137420654	0.24735999999046326	0.24492999999046325
74	3.4750149032592774	0.24919999999046324	0.24660999999046326
75	3.4754310125732424	0.24795000000953674	0.24549000000953675
76	3.4716800091552735	0.25083000000953676	0.24811000000953673
77	3.466492126922607	0.2508100000286102	0.24748000000953674
78	3.4588978172302247	0.25219	0.24929000000953674
79	3.461327571487427	0.25226999999046323	0.24872
80	3.4563056925201416	0.25386999999523163	0.25044999999523165
81	3.448315776824951	0.25397999999523163	0.2504599999952316
82	3.4518831188964842	0.25449000000953675	0.2511800000095367
83	3.4427859870910646	0.25545	0.25146
84	3.4416214655303956	0.25511000000476836	0.2507900000143051
85	3.4384849993133546	0.25514	0.25075000000953673
86	3.436493150177002	0.25624000000953673	0.25136000000953673
87	3.428502399749756	0.25864	0.2538500000095367
88	3.4288072265625	0.25883000000953676	0.25373000002861024
89	3.4222189487457277	0.26063000002861025	0.25528000002861023
90	3.419342745437622	0.26148000000953675	0.25598000000953675
91	3.4118459494781495	0.25981	0.25389000002861023
92	3.414420456237793	0.26151000001430513	0.2555900000143051
93	3.4094266202545165	0.26306	0.25625999999523164
94	3.4095476133728027	0.2622499999904633	0.25576
95	3.403579239501953	0.26214000000953674	0.2550300000047684
96	3.4024875135040284	0.26436999999523164	0.2570699999952316
97	3.397406181488037	0.2649699999904633	0.2576200000095367
98	3.3945898734283446	0.26506000000476837	0.2565800000143051
99	3.3906257527160646	0.26627999999046326	0.25820999999523164
100	3.3828369202423096	0.2679800000286102	0.25881999999046323
101	3.3596053490448	0.2674800000143051	0.25861000000953677
102	3.3433427265167235	0.2672399999952316	0.25732999999523165
103	3.323694687347412	0.26851000001430514	0.2583600000143051
104	3.3003166198730467	0.26808	0.25804999999523165
105	3.2813909436798094	0.27142999999046324	0.26057
106	3.263200961227417	0.26947999999523164	0.2580900000143051
107	3.2422220492553713	0.2703800000190735	0.25869000002861026
108	3.224500749206543	0.27299000000953677	0.26032000000953676
109	3.2041449894714353	0.27279999999523163	0.25905
110	3.1900274012756347	0.2740200000047684	0.2601500000143051
111	3.171426113357544	0.27262	0.2593599999904633
112	3.149000353088379	0.27435999999046323	0.25932999999046324
113	3.138242708282471	0.27332999999046326	0.25720999999046323
114	3.1168777787780764	0.27545000001430514	0.25949000000953676
115	3.10099857963562	0.27769	0.26063000000953673
116	3.0848755561065673	0.27673	0.2591200000190735
117	3.06734423576355	0.2761800000286102	0.25759999999046324
118	3.0500795140075683	0.2783299999952316	0.25899999999523166
119	3.0313221633148193	0.27844000001430513	0.2584000000095367
120	3.010638471832275	0.28008000000953676	0.25901
121	2.9946441274261475	0.2799600000047684	0.25780999999523163
122	2.9752712647247312	0.28007	0.2575500000286102
123	2.9659628030395506	0.28028	0.25719
124	2.946526149902344	0.2813999999904633	0.2576
125	2.926157056350708	0.28335	0.25852999999523163
126	2.9091743479156493	0.28269000000953676	0.25632999999523165
127	2.896786102600098	0.28440000000953675	0.25758
128	2.881220567398071	0.28393	0.2561
129	2.863153895111084	0.28369000000476835	0.25551
130	2.8445167601776125	0.28441	0.25358000000953673
131	2.82984437538147	0.28464000002861023	0.25484000002861024
132	2.8157290801239014	0.2856200000190735	0.25422000000476835
133	2.8045213457489013	0.2871500000095367	0.25406
134	2.7853380683135986	0.2874900000190735	0.2537300000190735
135	2.7725085724639893	0.2893699999952316	0.2541199999952316
136	2.755797584915161	0.2878800000190735	0.2531600000143051
137	2.743747774810791	0.29058	0.25372
138	2.726686390457153	0.2889000000286102	0.25148999999523164
139	2.7112068762207033	0.28944000002861026	0.25065000000953674
140	2.7021557864379884	0.2914	0.25065
141	2.6864945625305174	0.2907799999904633	0.24966
142	2.6709380584716795	0.29137000002861024	0.24742000000953673
143	2.6536448818969727	0.29172000000953674	0.24756999999046325
144	2.639661493988037	0.29241000000953676	0.24768999999046326
145	2.6300564977264402	0.29383000000953674	0.24776999999046326
146	2.6143748302459717	0.29324000000953676	0.24539
147	2.605646467285156	0.29198000001430513	0.24332999999523164
148	2.590088310775757	0.29277000000953673	0.2436400000143051
149	2.5729074773406984	0.29488	0.24344999999523162
150	2.562754124984741	0.29611999999046323	0.24379000001430512
151	2.5493684475708007	0.29418999999046325	0.24098000000953673
152	2.537042876434326	0.2971700000286102	0.24224000001907348
153	2.5272687900543214	0.29476000002861025	0.23803000000953675
154	2.5126250239562986	0.29581000002861024	0.23804999999046325
155	2.5009638202667235	0.2982900000286102	0.23888000001430512
156	2.4853094441223145	0.2980600000286102	0.23768000001430512
157	2.4764995251464845	0.29882999999523163	0.23748000000953676
158	2.4618125881958006	0.30103999999046327	0.23726999999523163
159	2.4482280059051513	0.3002700000286102	0.2350900000143051
160	2.437112774505615	0.30076	0.23431
161	2.428241141357422	0.2980800000095367	0.23164999999523161
162	2.4143166314697266	0.30134000000953676	0.23220000000953675
163	2.4052508978271483	0.2995000000047684	0.22936000001430512
164	2.396812735443115	0.30192999999046327	0.22832999999523163
165	2.377817590942383	0.2999700000190735	0.22725000000953674
166	2.3698684885406496	0.29974000000953677	0.22583
167	2.35842998588562	0.30319999999046326	0.2257100000190735
168	2.349137010650635	0.30305000000953675	0.2249900000143051
169	2.3395513917541506	0.3017800000143051	0.22322000000715256
170	2.3249116862487793	0.3021300000190735	0.2221800000143051
171	2.314951255645752	0.30374000000953677	0.22205000000476838
172	2.3061625262451173	0.30183999999046324	0.2188300000143051
173	2.296016803741455	0.30275	0.21895000000476836
174	2.2817178997039793	0.3043300000286102	0.21802
175	2.2722763090515135	0.30427	0.21662000001430512
176	2.266080435562134	0.3038600000095367	0.21479
177	2.253931026916504	0.30373000000953676	0.21351
178	2.245508046722412	0.3042100000190735	0.21312999999523163
179	2.2342353833770754	0.3056400000095367	0.2111400000143051
180	2.224549078140259	0.3057	0.2099700000143051
181	2.214761325531006	0.30490000000953676	0.21011999999523162
182	2.2063157456207274	0.30732	0.20843000000476838
183	2.194676123123169	0.30534999999046325	0.20571000001430512
184	2.1868236125183107	0.30659000000953673	0.20516
185	2.1792127490234376	0.30738999999046324	0.20425000000476837
186	2.1686113150024413	0.30568999999046326	0.20274000000953674
187	2.1610044530487063	0.30583	0.19977000000476838
188	2.151793904495239	0.3075500000286102	0.20005
189	2.1413046200561525	0.30782	0.19866000000953674
190	2.135232094116211	0.30705999999046324	0.19764
191	2.1251362130737306	0.3086600000190735	0.19707
192	2.1154939823150634	0.30619000002861024	0.19513999999523163
193	2.1075736605834963	0.3084600000095367	0.19453
194	2.0968325257873537	0.30657000002861023	0.1929600000143051
195	2.0875550052642824	0.30956000001907347	0.19246000000476837
196	2.080674264755249	0.30734000001907347	0.1895500000143051
197	2.0715228977966307	0.30866000000953675	0.18952000000476837
198	2.066341445236206	0.30790000000953677	0.18720000000476839
199	2.05760009765625	0.30962000001907347	0.18676
200	2.050238376464844	0.3065200000190735	0.18318000001430512
201	2.040610312423706	0.30645000000953676	0.1824100000143051
202	2.0332924938964845	0.3084600000190735	0.18083000000953675
203	2.0249995177459716	0.30716	0.18074999999523164
204	2.016816280288696	0.30958	0.18068000000953674
205	2.0094599601745604	0.30872000000953675	0.17874000000953674
206	2.0008909829711916	0.30727999999046324	0.17884
207	1.9922891209411622	0.30761000000953675	0.17645999999523163
208	1.9843325746917724	0.30691000001430513	0.17652000001430512
209	1.9782003272628783	0.30937000000953674	0.17500000000476837
210	1.9684539373397827	0.30895	0.1746400000143051
211	1.9635295113372804	0.31051000000953677	0.17253000000953675
212	1.9537881646347046	0.3090300000190735	0.1725600000143051
213	1.946516404800415	0.30825	0.17021000000715256
214	1.9401955839538574	0.3078500000095367	0.16848000000476837
215	1.9322935501861571	0.3093700000190735	0.16968
216	1.9251084463882446	0.30768999999046326	0.1672
217	1.9187999006652832	0.3100800000095367	0.16750999999523164
218	1.909225429649353	0.30861000001907346	0.16628000000953674
219	1.9023196435546874	0.30679999999046326	0.16502999999523163
220	1.898042328414917	0.3089899999904633	0.16533999999523163
221	1.8901939826202392	0.30942000002861025	0.16388
222	1.880943882675171	0.30834000000953676	0.16263
223	1.8727710122680663	0.30790000000953677	0.16301000000953675
224	1.865886174926758	0.3064900000190735	0.16137000001430513
225	1.8590901736450196	0.30629000002861023	0.15982999999523162
226	1.8511951234817505	0.3087400000095367	0.1608800000023842
227	1.8443789105224608	0.30830000002861024	0.1596
228	1.8372373600769043	0.3054700000190735	0.15711000000476838
229	1.8282165167617799	0.30810000000953675	0.1579600000023842
230	1.823508524246216	0.30845999999046325	0.15758000000476838
231	1.8153912995529176	0.3048	0.15601999999523164
232	1.8132861570739747	0.30873000002861023	0.15539999999523163
233	1.8020906734848023	0.30862000002861023	0.1559
234	1.7974742316436767	0.3071300000095367	0.15437000000476836
235	1.791380039176941	0.30739000000953676	0.15315999999523164
236	1.7836144158935547	0.3054900000190735	0.15352000000953675
237	1.775497760696411	0.30600999999046324	0.15381000000953673
238	1.7704151469421388	0.30497	0.1526400000143051
239	1.7630567935943604	0.30578	0.1515
240	1.7565391275787354	0.3068300000190735	0.15160000000953675
241	1.7483099073410033	0.3065399999904633	0.15056000000715256
242	1.7429642335128783	0.3067599999904633	0.15028
243	1.7367125518798827	0.30665	0.15046999999523164
244	1.7314788775253296	0.3050000000190735	0.14745000000476838
245	1.7218729468536378	0.3034299999904633	0.14900999999523162
246	1.7157554986190795	0.3049	0.14696000000476836
247	1.7072601065826416	0.30406	0.14780999999761582
248	1.700825727005005	0.30339	0.14671999999523164
249	1.6951565549468994	0.30408999999046327	0.14601000000715256
250	1.68819739112854	0.30352999999046326	0.14705999999761582
251	1.6844220248031616	0.30361000000953675	0.14457000000476838
252	1.6783062507629394	0.30418	0.14409000000715255
253	1.6695742934417726	0.30466999999046324	0.14516999999761582
254	1.6638554191589356	0.30481000000953673	0.14544000001430513
255	1.6583292785263062	0.3041400000095367	0.1442500000143051
256	1.6476411530303956	0.30153000002861025	0.1432
257	1.6438441722106933	0.3022800000190735	0.14318000001430511
258	1.6391688702392577	0.30278999999046324	0.14167000000715255
259	1.6317991665649414	0.3025300000190735	0.14260000000715256
260	1.6255012237930297	0.3012800000286102	0.14157000000953673
261	1.6191937474060059	0.30164999999046327	0.14096000000476838
262	1.613650627670288	0.30280000002861024	0.13966000000476836
263	1.6065541919708253	0.29974000001907347	0.13959
264	1.5995118952941894	0.30108	0.13989000000476837
265	1.5940419960021972	0.3009399999904633	0.1408700000143051
266	1.5891065021514892	0.3004300000190735	0.14064000000953675
267	1.5822654665756226	0.30159	0.14106999999523162
268	1.5750435453796388	0.29916000000953674	0.13903999999523162
269	1.570226236076355	0.2995000000286102	0.13793
270	1.5635757961273193	0.29909999999046327	0.13847000000953674
271	1.5584291106414796	0.29917999999523165	0.13908999999761582
272	1.5525735219573975	0.30050000000953675	0.1376000000143051
273	1.5459553770065309	0.29777000000953674	0.13783999999761581
274	1.540272987060547	0.29989999999046324	0.13817999999761582
275	1.5314033605194093	0.29761999999046324	0.13792999999761582
276	1.5311407280731202	0.30000000000953675	0.13650000000953674
277	1.5210251779174804	0.2978900000047684	0.13720000000715254
278	1.514553233795166	0.29674000000953676	0.13716
279	1.5093463246154786	0.29829000000953676	0.1367000000023842
280	1.504866652984619	0.2989700000190735	0.13660000000238418
281	1.497446925354004	0.2962	0.13589
282	1.4921076955032349	0.2952500000095367	0.1368500000143051
283	1.487842978286743	0.29711000000953675	0.13602
284	1.4805342821884155	0.2960499999904633	0.13639999999523164
285	1.4769723459243775	0.29558000002861023	0.13515
286	1.4692996348953247	0.29514000002861024	0.1341399999976158
287	1.4628801165008545	0.2944000000286102	0.1352300000143051
288	1.4579488004684449	0.2948600000190735	0.13497999999523164
289	1.4532728418731689	0.29630999999046326	0.13452999999523163
290	1.4468063534545899	0.29571999999523163	0.1352499999976158
291	1.4409908797454833	0.29500000000953674	0.13483000000476836
292	1.43371321308136	0.2936700000190735	0.13523000000715255
293	1.4287033835601806	0.2933099999952316	0.13359
294	1.4252119966888428	0.2939900000190735	0.13489000000476836
295	1.4182852628707885	0.29293	0.13446
296	1.413491954727173	0.2930700000286102	0.13419000000953674
297	1.4055478865814208	0.2910900000190735	0.13355000000476838
298	1.4010432461547853	0.29297000000953677	0.13443999999761583
299	1.3929633546066285	0.28998000002861024	0.1347
300	1.3917453552246093	0.29108000000953677	0.13397000001430512
301	1.3858212525939941	0.2905100000286102	0.1339300000143051
302	1.3800740451431275	0.29105	0.13408999999523163
303	1.3746025926971435	0.29059999999046326	0.13393000000476837
304	1.3684015573120116	0.29078	0.13381000000715257
305	1.363720941925049	0.29036	0.13328000000476836
306	1.3578870885849	0.28985	0.13311000000953674
307	1.3517024402999878	0.2893700000190735	0.13385000000238417
308	1.345923710861206	0.28973	0.1352499999976158
309	1.3416783390045166	0.2903900000286102	0.13432000000476838
310	1.3354208917236328	0.28711000002861026	0.13235000000715255
311	1.3284656182098389	0.28695	0.13299000000715255
312	1.3248745042037964	0.28827000000953673	0.13364000001430512
313	1.3181830870056153	0.2870600000286102	0.13411
314	1.3134721277618409	0.2871800000286102	0.13445000001430513
315	1.3081264319610595	0.28771	0.13403000000715257
316	1.303501944961548	0.2853700000095367	0.13275000000476836
317	1.2984376512908935	0.2861900000286102	0.1329699999976158
318	1.2953810495376588	0.28596999999046324	0.13262000001430513
319	1.2892922660064696	0.2868400000286102	0.13423
320	1.2842295891952515	0.28486	0.13339000000476836
321	1.276187922897339	0.2827900000047684	0.13320999999761582
322	1.2731712897491456	0.2842	0.1329499999976158
323	1.2666351037979127	0.28586	0.13450999999761581
324	1.2652640237808228	0.28524000000953675	0.1334300000143051
325	1.259110979499817	0.28282	0.13260000000715255
326	1.2537807558822631	0.2838800000095367	0.13342999999761582
327	1.247448588027954	0.28239	0.13353
328	1.2408222078704834	0.28185	0.13326
329	1.238337526397705	0.28307	0.13378000000953674
330	1.2320325326538086	0.28189999999523163	0.13358
331	1.2246483363342284	0.28181	0.13447
332	1.223238436050415	0.2837800000190735	0.13452
333	1.2195423295593262	0.2831700000286102	0.13409000000476837
334	1.2148448833465577	0.28242	0.13362999999523162
335	1.2066568369293214	0.28074999999046324	0.13453999999761582
336	1.2038014296722412	0.28146000000953675	0.13325000000238418
337	1.195284352722168	0.27983000001430514	0.13513000000238418
338	1.1948653911209106	0.28170000001907347	0.13489
339	1.1872362957000733	0.2796600000190735	0.1347900000143051
340	1.1828188311767578	0.28009	0.13524999999523163
341	1.1791015015411377	0.28019000000953675	0.1349200000023842
342	1.1745956106567383	0.28020999999046325	0.13529000000953675
343	1.168082894973755	0.27971	0.13486
344	1.1646562760162353	0.27954000002861024	0.13579
345	1.1608119469833373	0.2782800000047684	0.13361
346	1.1546530366516112	0.27766999999046327	0.13453000000953674
347	1.1500410458374024	0.27839	0.13466000000476838
348	1.1476370840072632	0.2784700000286102	0.13466000001430511
349	1.1400197228240967	0.27676000000953677	0.13534
350	1.1389689608764648	0.27887999999046326	0.13369000000715256
351	1.1303218640899657	0.2767099999952316	0.1354000000023842
352	1.1268071574020386	0.27693000000476836	0.1348399999976158
353	1.1234172222900392	0.27675	0.13511000000476836
354	1.1187455868530274	0.27737000002861023	0.13617000000476837
355	1.1127010675048827	0.27583000000476837	0.1356
356	1.107559931793213	0.2749600000190735	0.13537000000953675
357	1.104627158164978	0.2750500000190735	0.1345899999976158
358	1.1021606958007812	0.2764500000047684	0.13429000000476837
359	1.0959027169418334	0.27626999999046326	0.13644000000953674
360	1.0934457048416137	0.27636999999046324	0.13433
361	1.0898564159393311	0.2767699999952316	0.1351
362	1.0813562372970582	0.2741	0.13610000000715256
363	1.078729819984436	0.2752400000143051	0.13537000000476837
364	1.0731543198013305	0.27359000001907346	0.13590000000953675
365	1.0667774069976808	0.27357000000953674	0.13667000001430513
366	1.0644269440078735	0.2737	0.13589999999523164
367	1.0625277699661255	0.27578000002861025	0.13631000001430513
368	1.055965112991333	0.27318	0.13665999999761583
369	1.052349701309204	0.27521000000953677	0.13806
370	1.048299557533264	0.2731700000047684	0.13705000000476839
371	1.0425369872665404	0.2723	0.13601000000476837
372	1.0410683691787719	0.2740199999904633	0.13652999999523163
373	1.0338661417388917	0.27368000000953674	0.13793000000476838
374	1.0298621670532226	0.27112000002861025	0.13609
375	1.0269638807296753	0.2710200000190735	0.13623000000715255
376	1.0242633646392822	0.2723800000190735	0.13666000001430512
377	1.0179885514831544	0.27111	0.13668000000715255
378	1.0131372273254395	0.27041000000953674	0.13705000000953674
379	1.008539986114502	0.27022	0.13661999999523164
380	1.005532880859375	0.2707400000047684	0.13714
381	1.0013218807220459	0.2706700000190735	0.13750000000476836
382	0.9956745824813843	0.26804	0.13664000000953674
383	0.9939126341629029	0.27009	0.13697
384	0.9915000714492798	0.2703600000286102	0.13636000001430512
385	0.9860948107147217	0.26984	0.13644
386	0.983133063583374	0.27061999999046327	0.1380799999976158
387	0.9786040822982788	0.26984	0.1364500000023842
388	0.9758433841323852	0.27001	0.13678000001430513
389	0.9712446262359619	0.26921000000953677	0.13620000000476837
390	0.9673514572143554	0.2696400000286102	0.13839000000476837
391	0.961958818283081	0.26734999999046327	0.13658000000476836
392	0.9595289576339722	0.2691299999904633	0.13815000000476838
393	0.9533824896621704	0.2672800000190735	0.13904000000953673
394	0.9539989376449585	0.26936999999523165	0.1378099999976158
395	0.9470418083763122	0.26803999999046324	0.13829000000476838
396	0.9442572616195679	0.2679400000095367	0.137
397	0.940648696937561	0.2667600000286102	0.1369800000143051
398	0.9351170255088807	0.26664	0.13810000000953673
399	0.9318558406829834	0.2671800000047684	0.13833000000715256
400	0.9274788749694824	0.26643999999046325	0.13871000000476838
401	0.9248850506973266	0.26678	0.13866000000476836
402	0.9231924212646484	0.2678600000143051	0.1386000000143051
403	0.917633581199646	0.2666500000286102	0.13816000000476839
404	0.9119768757247925	0.2659400000190735	0.13939000000953675
405	0.9088103155899048	0.2649200000143051	0.13867000000715254
406	0.9064575469589233	0.2668600000047684	0.1388
407	0.9013190209960937	0.2660600000095367	0.13953
408	0.8973178896141052	0.2652400000190735	0.13937000000953675
409	0.8961672164154053	0.26569000000953674	0.13779000000476838
410	0.8903678533935547	0.2654099999952316	0.13900000000715257
411	0.8852050026512146	0.26418	0.14067000000476837
412	0.8823684391021729	0.26347	0.1399700000023842
413	0.8808239651679992	0.26431000000953675	0.13858
414	0.8787710842704773	0.26508999999046323	0.13849000000953673
415	0.8750566529846191	0.26446999999523163	0.13872000000953674
416	0.8717085797119141	0.26544000000953677	0.14036999999761582
417	0.8669582345962524	0.26323000001430513	0.13835000000715256
418	0.8633748704147339	0.26415999999046325	0.13986000000476836
419	0.8592734103202819	0.26386000000953674	0.14037
420	0.8573068807411194	0.2633	0.13891000000953674
421	0.8570299648475647	0.26579000001430514	0.1395199999976158
422	0.8502380414199829	0.2636000000286102	0.13933000000953674
423	0.8446582871627808	0.2611900000047684	0.13859999999761582
424	0.845253655872345	0.26456999999046327	0.14081
425	0.8417564623832703	0.2645900000190735	0.13972000001430512
426	0.8349710855865479	0.26159999999523165	0.14061999999761582
427	0.8333817021751404	0.26219	0.13962999999523162
428	0.8304718362426757	0.2625200000047684	0.13986000000476836
429	0.8277399868583679	0.26212000000476837	0.14
430	0.8252465112686157	0.26272000002861023	0.13934
431	0.8205493508529663	0.26193000000476835	0.14022000000715257
432	0.8175418486785888	0.26194000002861023	0.14042000000953675
433	0.8148433950996399	0.26124	0.13918000000238417
434	0.8104280799102783	0.26134000000476837	0.14087999999523163
435	0.8069001616859436	0.25988000001907346	0.13963000001430512
436	0.805695739517212	0.26166000002861023	0.13975000000476837
437	0.800546305809021	0.26037000000953675	0.14048000000953675
438	0.7973496599578858	0.26101	0.14136
439	0.7947146966743469	0.26040999999046327	0.14049000001430512
440	0.7915110351753235	0.26079	0.14095999999523162
441	0.789580320968628	0.2600200000190735	0.1399000000143051
442	0.7862221687889099	0.2604700000286102	0.14031000000476837
443	0.7839701448059082	0.25994000000953676	0.14020000000476837
444	0.780714906578064	0.26056000002861024	0.14095
445	0.7766605558776856	0.26012000002861024	0.14156000000476837
446	0.7733246529960632	0.25998000000953675	0.14212
447	0.770592921962738	0.25980000000953674	0.14116000001430512
448	0.7659620776557923	0.25814999999046323	0.14157000001430511
449	0.7645312194061279	0.25966000000953676	0.14138
450	0.7608751804351807	0.2588200000143051	0.14215
451	0.7593933171844482	0.25949	0.14124000001430512
452	0.7558566079139709	0.25859	0.14122999999761582
453	0.7540674321365356	0.26011	0.14165000000953673
454	0.7517836643791199	0.25771000000476835	0.14046
455	0.7475668326187134	0.2585600000095367	0.14179000000476838
456	0.7444581564712525	0.25857000001430513	0.14104
457	0.7427936460113526	0.2593400000095367	0.1412
458	0.7394197415542603	0.2579699999904633	0.14077000001430512
459	0.7368974994659424	0.2583	0.1412399999976158
460	0.7339016020011901	0.25771000000476835	0.13939000000953675
461	0.7302620432472229	0.25728	0.14217999999523162
462	0.7269149558830261	0.2571700000190735	0.14164
463	0.7242927166557313	0.2575700000047684	0.14189000000715254
464	0.7236968732452392	0.25817000000953677	0.14107000000476838
465	0.721051714630127	0.25895000002861024	0.14237999999523163
466	0.7159726005554199	0.2565300000286102	0.14126000000476838
467	0.7144179817962647	0.2573699999904633	0.14181
468	0.7138334594345093	0.25921999999046325	0.14215
469	0.7092207762527466	0.25766000000953676	0.14163
470	0.7068693159103393	0.25722	0.14172999999523161
471	0.7037243210983276	0.2569500000143051	0.14187000000238417
472	0.7028998536300659	0.25759999999046324	0.1419500000143051
473	0.6969680039978028	0.25601	0.14250000000953675
474	0.6936020233154296	0.2545100000095367	0.14090999999523163
475	0.6917893852233886	0.25455999999046325	0.14169999999761582
476	0.691126807937622	0.2567299999952316	0.14242000000476837
477	0.6881177009391785	0.25580999999523163	0.14178000000476837
478	0.6833750506210328	0.2551199999952316	0.14270000000476837
479	0.682338282546997	0.25467999999046326	0.14100000000953675
480	0.6798268076515198	0.25583	0.14221000000476838
481	0.6757722348594666	0.25479	0.14245000000715255
482	0.6748371242904663	0.25584	0.1425600000143051
483	0.6724385076904297	0.25460999999046324	0.14139000001430513
484	0.670197999458313	0.2545099999952316	0.14156000000715255
485	0.668440291595459	0.25512000000476837	0.14160000000715256
486	0.6654559313011169	0.2547000000286102	0.14146000000715256
487	0.6618570119857788	0.25349	0.14119999999761582
488	0.6585657258796692	0.25428000000953677	0.1424800000143051
489	0.6574768929672241	0.25451	0.14203999999761582
490	0.655871868057251	0.2546700000190735	0.14165000000953673
491	0.653750903339386	0.25510000000953675	0.14242
492	0.650092959060669	0.25438000001907346	0.1431400000143051
493	0.6483349310684204	0.25452000000953673	0.14249000000953674
494	0.6469920550918579	0.2556799999952316	0.14257000000238418
495	0.6445145833587647	0.2541000000190735	0.14141000000476836
496	0.6408846239852906	0.25394000000953676	0.14269000000715257
497	0.638727507610321	0.25335000000476837	0.14266999999523164
498	0.6352481465148926	0.25292	0.1423
499	0.6340674165153504	0.25411000000476835	0.1430000000143051
500	0.6315995699691772	0.25370000000953674	0.14294000000953674
501	0.6277774374008178	0.2535199999952316	0.1432900000143051
502	0.6254612503051757	0.2534	0.14425999999761582
503	0.6230369519424438	0.2540900000286102	0.14467
504	0.6209830482292176	0.2539200000190735	0.14406999999761583
505	0.6194883406639099	0.25353	0.14364000000476837
506	0.6154804242706299	0.25290000000476837	0.14331999999761583
507	0.6148643396759034	0.2532400000190735	0.14413000000953674
508	0.6120249449539185	0.25382000000953675	0.14393
509	0.6081756761169433	0.25274	0.14501
510	0.6065497532653809	0.25278	0.1449800000143051
511	0.6055234390449524	0.25426999999523164	0.1446
512	0.6012681802749634	0.25271	0.14522999999523162
513	0.5999411883354187	0.2529900000190735	0.14544999999523162
514	0.5986330764579773	0.2541399999952316	0.14656000000476838
515	0.5956918366241455	0.25361000000953676	0.14522999999761582
516	0.5909641149902344	0.2523999999952316	0.14623000000238418
517	0.5897323491668701	0.25269999999523163	0.1465000000143051
518	0.5852534285736084	0.25073000002861023	0.14637000000953673
519	0.5860529508590698	0.25359000000953674	0.14706
520	0.5803290793037414	0.25062	0.14719000000715254
521	0.5807033442497254	0.2532400000047684	0.14759000000476838
522	0.5805559171485901	0.25302000002861025	0.1464200000143051
523	0.5766584457588195	0.25258	0.14806000000953673
524	0.5736319058227539	0.2524200000143051	0.14733
525	0.572573757762909	0.25353999999523164	0.1488300000143051
526	0.5703866092681885	0.25251	0.14727000000953674
527	0.5690482518577575	0.25402000000953673	0.1490800000143051
528	0.5671522908210754	0.2537499999952316	0.14858000000953675
529	0.5656780024337769	0.25348999999523164	0.14866
530	0.5615381968688965	0.25319	0.14959
531	0.5595651718139648	0.25339000000953676	0.14977999999523162
532	0.5590026732444763	0.2544200000047684	0.14870000000953673
533	0.5555135419273376	0.25309	0.14927000000476837
534	0.5542692570877075	0.25367999999046326	0.14960999999523164
535	0.5513836880111694	0.25334	0.14972999999523162
536	0.5470485642051697	0.2525100000095367	0.15103000000953673
537	0.5457867083549499	0.2520799999952316	0.14968
538	0.5425150972938537	0.2519000000095367	0.15071000001430512
539	0.5425289597892762	0.25387000000953674	0.15174
540	0.5390504525566101	0.2522600000047684	0.15161000000953676
541	0.5389715835189819	0.25317000001907347	0.15019000000476837
542	0.5347663780212403	0.2521800000095367	0.15212999999523164
543	0.5335749855422973	0.25211000000476835	0.15163
544	0.5318792860031127	0.25329000002861024	0.15216000000953675
545	0.5304881324195861	0.25283000001907346	0.15209000000476838
546	0.5282734273910522	0.25289000000953676	0.15252999999523162
547	0.5257298749923706	0.25288999999523165	0.15314000000953673
548	0.5237597833442688	0.2521800000095367	0.15281000001430511
549	0.5218989002609253	0.25255000001907346	0.15338
550	0.521051872177124	0.25415999999046324	0.15446999999523162
551	0.5178357397460938	0.2522300000190735	0.15317999999523163
552	0.5179039024734498	0.25320000000953674	0.1528000000143051
553	0.5153300045776367	0.25377	0.15387000000953674
554	0.5142220440292359	0.2533200000286102	0.15332
555	0.5116173061180115	0.2533200000143051	0.1544100000023842
556	0.5107413403320312	0.2535300000047684	0.15389000000476838
557	0.507959144153595	0.25427000000953676	0.15496
558	0.5038284100532532	0.25239	0.1552400000023842
559	0.5054134134101868	0.2539	0.15430999999523162
560	0.5005559073448181	0.25268	0.15564999999523163
561	0.5009504774856567	0.2539900000286102	0.15522
562	0.4989995594787598	0.25358000000953673	0.15495000000953674
563	0.49573429487228393	0.25242999999523164	0.15663
564	0.4944212076187134	0.25317000000953677	0.15533000000476838
565	0.49268533482551574	0.25309	0.1559700000143051
566	0.4912097240829468	0.25374999999046327	0.15705000000476838
567	0.490048929977417	0.2542300000095367	0.15689000000476838
568	0.48827158851623537	0.2534199999904633	0.15581000000953674
569	0.484405761756897	0.2528199999904633	0.15705999999523163
570	0.4838425267601013	0.25319000001430514	0.15731000001430512
571	0.4790880788898468	0.25134999999046326	0.15769000000476838
572	0.48194056690216064	0.2535800000047684	0.15683
573	0.4793506212043762	0.25382	0.15764000000476838
574	0.4767828204536438	0.2527400000190735	0.15684000000953674
575	0.4758483254623413	0.2541000000190735	0.15821000000476837
576	0.4740632589530945	0.2537100000286102	0.15807999999523162
577	0.47172624987602235	0.25280000000953673	0.15781000000715256
578	0.4697874697303772	0.2529000000143051	0.15830999999523163
579	0.4711964545440674	0.25471999999046324	0.15769
580	0.46850902135849	0.2536300000095367	0.15697999999523163
581	0.46534195958137514	0.25372000000953676	0.15876000001430512
582	0.4639507774734497	0.2524400000286102	0.15779999999523162
583	0.46222100628852847	0.2533999999952316	0.1586699999976158
584	0.45858828300476073	0.25245000000953677	0.15956000000476836
585	0.45934535143852234	0.25376	0.15940000000476837
586	0.4574007372665405	0.25389000001907347	0.16046000000476837
587	0.4549381916427612	0.2537400000095367	0.1601600000143051
588	0.45525801416397094	0.25422000000953676	0.15964000000476838
589	0.453677895526886	0.25539000000476836	0.16134
590	0.4518321332454681	0.25506999999046326	0.16125000000238418
591	0.4495823683166504	0.25382000000953675	0.16058
592	0.44717795072555544	0.25325	0.16041000000476838
593	0.44731666078567506	0.2542000000143051	0.1608000000143051
594	0.44380737823486327	0.25277000000476835	0.16056
595	0.44191488258361816	0.25297	0.16122000000476838
596	0.44231703485488894	0.25442999999523164	0.1607900000143051
597	0.4396217097759247	0.2535500000286102	0.16095
598	0.4394728596496582	0.25420000000953674	0.16153999999523164
599	0.43748518074035647	0.2536400000143051	0.16114
600	0.43713286380767824	0.2552400000047684	0.1623200000143051
601	0.43377656759262084	0.25416999999046325	0.16219
602	0.4327367667102814	0.25380000001430514	0.16271000000715255
603	0.43086671827316286	0.25444000000953676	0.16223000000476837
604	0.4304234748840332	0.2544	0.16244
605	0.42867432525634763	0.25381000000953674	0.16274
606	0.42762692266464236	0.25364000000953674	0.1617
607	0.42479936349868774	0.25361000000953676	0.16307000000476837
608	0.4239891840457916	0.2542900000190735	0.1633800000143051
609	0.4236573231315613	0.25530999999523163	0.16445
610	0.42304072640419005	0.25426	0.16299999999523163
611	0.4177071726322174	0.2527400000095367	0.16339000001430512
612	0.41770013154029845	0.25411	0.16378000000476836
613	0.4189354151916504	0.25566999999523166	0.1635200000143051
614	0.4161087861251831	0.2548800000286102	0.16449000000953673
615	0.41297507018089297	0.2533099999952316	0.16424
616	0.41363303382873534	0.2549200000190735	0.1642700000143051
617	0.41235014533996583	0.2548499999952316	0.16407999999523162
618	0.40940466066360476	0.2540400000190735	0.16513999999523163
619	0.4096775400352478	0.2557600000143051	0.1656800000023842
620	0.4070447096633911	0.25412	0.16463000000476838
621	0.4068298010730743	0.25567000000476836	0.1653200000143051
622	0.40781002707481384	0.25586000000953674	0.16450000000476836
623	0.403776547832489	0.2551399999952316	0.16567000000476836
624	0.401443127822876	0.25475000000953674	0.16638999999523163
625	0.3997466105270386	0.2543200000190735	0.16604000000953675
626	0.3978451986694336	0.25382000000953675	0.16547000000953674
627	0.3988314075374603	0.2550100000143051	0.16573000000476837
628	0.3981816178894043	0.2556	0.16566000000476838
629	0.39484222692489623	0.2545700000095367	0.16746
630	0.39311693517684937	0.25372999999046325	0.16626000000476837
631	0.39487617332458497	0.25615	0.16753000001430512
632	0.39341293823242185	0.25694000000476835	0.16820000000715254
633	0.39141544311523435	0.25558999999523163	0.16696999999523163
634	0.3898799048233032	0.25590999999046327	0.16846999999523163
635	0.3887134511756897	0.25567000000953677	0.16790999999523162
636	0.38942786809921265	0.25629000000476837	0.16705999999523163
637	0.3851681593322754	0.25465	0.16732000000476838
638	0.38471181829452517	0.2562700000286102	0.16827
639	0.3839235278892517	0.2560799999952316	0.16770000000953675
640	0.38086000891685484	0.2542400000095367	0.16755000000476838
641	0.38041023097991944	0.2553500000095367	0.16823
642	0.3788133968257904	0.25487000000953675	0.16867000001430513
643	0.3775130091190338	0.25467	0.16836000000476836
644	0.37792851917266845	0.25577	0.16822
645	0.37723794024467466	0.2554199999904633	0.16730000001430512
646	0.37433144313812255	0.2556500000286102	0.16983999999523164
647	0.37237648915290833	0.25511	0.17006000000715255
648	0.3712113503456116	0.2553600000143051	0.1699500000143051
649	0.3710412099266052	0.25594000000953676	0.16946000000476838
650	0.37054058925628663	0.2570099999952316	0.1704300000143051
651	0.36856806946754456	0.25603	0.17047999999523164
652	0.36741510847091674	0.25610000001907346	0.1711
653	0.36735603498458863	0.25644000000953676	0.17053999999523162
654	0.3650314535522461	0.25532	0.16992000001430513
655	0.3639128478336334	0.25559000000953674	0.1702300000143051
656	0.3622833172607422	0.2550400000190735	0.17077000000953674
657	0.3601033796691894	0.25516000000953676	0.17149000001430512
658	0.35986185731887815	0.2558	0.17092000000715254
659	0.35965465299606325	0.2562499999904633	0.17179999999523163
660	0.36010875653266905	0.2583700000286102	0.17299000000476839
661	0.35761736904144287	0.25659000000953675	0.17165000000953673
662	0.355154362411499	0.25573999999046326	0.17256
663	0.3555819588661194	0.2560500000286102	0.17125000000476837
664	0.35329100503921507	0.25656000000953677	0.17353000000953675
665	0.35250403606414793	0.25631999999046323	0.17269
666	0.35332816650390625	0.25641999999523163	0.17114999999523162
667	0.35049167108535767	0.25540999999046327	0.17158999999523164
668	0.350563271484375	0.25689000000953677	0.17276000000476838
669	0.3472539380073547	0.2560000000143051	0.17415000000953673
670	0.34857599666595457	0.25788999999046325	0.17414999999523162
671	0.3463271409988403	0.2568	0.17375999999523162
672	0.34399670696258544	0.2554700000047684	0.17340000000953673
673	0.3459933693313599	0.25840999999046327	0.17386000000476837
674	0.34400296135902403	0.25743000000953675	0.17417000000476837
675	0.3428910559844971	0.25720000000953674	0.17389
676	0.34177778124809266	0.25671999999523165	0.17344000001430512
677	0.3412007593154907	0.25767000000476836	0.17474
678	0.3390803653335571	0.25669999999523163	0.17384000000476837
679	0.3409567874717712	0.2581999999904633	0.17427000000953674
680	0.3376194633293152	0.25763000000953673	0.17547000000476837
681	0.337540348815918	0.25786999999523164	0.17425000000953675
682	0.3363094404029846	0.25842	0.17541000000476836
683	0.33587709058761595	0.25817000002861024	0.17444000000953674
684	0.33369749614715577	0.25793999999523165	0.17598000000953673
685	0.3338514309120178	0.25813000001430514	0.17541
686	0.3301234292316437	0.25665999999046324	0.17621000000953674
687	0.3315931149864197	0.25815000000953675	0.17566
688	0.33036885084152223	0.25822000000953677	0.17570000000476838
689	0.3299294043636322	0.25903000000953674	0.17649000001430512
690	0.3290548970794678	0.25868	0.17655999999523161
691	0.3286509836196899	0.2584500000190735	0.17582000000953674
692	0.3271386626052856	0.25927	0.17699000001430512
693	0.3276774465274811	0.2599300000143051	0.1768600000143051
694	0.3248468336868286	0.25936	0.17732
695	0.32331051109313963	0.25983000001907347	0.17869000000476837
696	0.3250942733955383	0.26086000000953674	0.17833999999761582
697	0.3220902498149872	0.25849999999046325	0.17651000000476838
698	0.32137284952163697	0.2595600000095367	0.17816
699	0.3199771451950073	0.2588300000143051	0.1779800000143051
700	0.3181791966056824	0.25804000000476834	0.17862000000715256
701	0.3170851745796204	0.25884	0.17816999999523161
702	0.3182566267204285	0.26018	0.17900000000953675
703	0.3175285829925537	0.26019000000953674	0.17913000000953674
704	0.31657133644104	0.2604000000095367	0.17935000000476836
705	0.3157224279880524	0.2601100000190735	0.17935000000953674
706	0.3142704921245575	0.25898999999523165	0.17882
707	0.3111032100486755	0.2585400000286102	0.17992000000476838
708	0.31063560762405396	0.25836000000953674	0.17907000001430512
709	0.31159431186676023	0.2601200000190735	0.17943000000953674
710	0.30994078201293945	0.25941	0.17913000000476836
711	0.31014692778587344	0.26052	0.18039999999523162
712	0.309925213766098	0.2608700000286102	0.18019000000476837
713	0.307443060131073	0.25972999999046326	0.18031000000476838
714	0.30835953793525694	0.26152000002861026	0.18111000000476837
715	0.305166494808197	0.25940000001430513	0.18021999999523164
716	0.3060477286529541	0.2602299999952316	0.18011999999523162
717	0.30699579328536986	0.2623100000286102	0.18158999999523162
718	0.3048192475318909	0.2605299999904633	0.18081000000953673
719	0.3032910189151764	0.2607800000143051	0.18110000001430512
720	0.30237704957962036	0.25992000000953674	0.18117000000476838
721	0.3009559543609619	0.2612500000047684	0.18309999999523163
722	0.3003077655410767	0.2605200000190735	0.18238999999523162
723	0.2983780831336975	0.2595200000047684	0.18168000001430512
724	0.29898493185043334	0.26114999999046323	0.18198000000953674
725	0.29857406083106997	0.2615300000143051	0.1825000000143051
726	0.29696579900741576	0.26072999999046326	0.18317
727	0.29485534009933473	0.26051	0.18305999999523162
728	0.2941784053134918	0.26071000000953676	0.18349999999523162
729	0.29444092835426333	0.26079	0.18216000000953675
730	0.2934367880630493	0.26132000000953676	0.18384000000953674
731	0.2942784359169006	0.2625100000190735	0.18381000000953673
732	0.29295044855117797	0.26203	0.18368000001430512
733	0.29159844707489013	0.26110000000953676	0.18343000000476836
734	0.29219473229408266	0.26224000002861025	0.18404
735	0.29027727608680726	0.26161	0.18412999999523164
736	0.2914912817287445	0.26278000002861024	0.18448000001430512
737	0.2895229280281067	0.2627999999952316	0.18520000000953674
738	0.28916288816452024	0.2625799999904633	0.18515000000953674
739	0.28700342707633975	0.26148000000953675	0.18419
740	0.2862792437839508	0.26144999999046326	0.18420000000953674
741	0.2858991979408264	0.2617700000143051	0.18471000000476837
742	0.28453817165374756	0.26242000000953675	0.18497999999523163
743	0.2848934673881531	0.26232	0.18517999999523163
744	0.28341330152511596	0.26285	0.18612000000953674
745	0.2814836274623871	0.26162000002861024	0.1856300000143051
746	0.28258052289009095	0.26279	0.1863
747	0.28199619537353515	0.2627800000143051	0.18575999999523163
748	0.2819800388908386	0.26294000002861023	0.1857500000143051
749	0.27920846216201783	0.2611700000143051	0.18494999999523162
750	0.278273457775116	0.26151000002861025	0.18581999999523163
751	0.27912465169906614	0.26301000002861025	0.18549
752	0.27999772290229796	0.26433	0.18677000000476837
753	0.2781819584083557	0.2634000000047684	0.18655000000953675
754	0.2768512854671478	0.26264999999046323	0.1863300000143051
755	0.27612607244491577	0.26320000000953675	0.18709999999523164
756	0.27510967445373535	0.2630900000143051	0.18739000000476838
757	0.2743866534614563	0.26346	0.18814000000476838
758	0.2750065295791626	0.2639	0.18751000000953674
759	0.273881322183609	0.26339000002861024	0.18787999999523164
760	0.27276227912902834	0.2634200000190735	0.18831000000476839
761	0.2728632861042023	0.26369000000953674	0.18720999999523164
762	0.2711751995658874	0.2637300000095367	0.18840000000476836
763	0.2708983977985382	0.26378	0.18797
764	0.27025057094573973	0.26362000001430513	0.18895999999523164
765	0.27018833396911623	0.2642500000286102	0.18786
766	0.27031759702682495	0.2650000000143051	0.18906
767	0.26883501932144166	0.26453999999046324	0.18936
768	0.26857449774742126	0.26459	0.18899000000476837
769	0.2668199593544006	0.26496	0.19091000000476838
770	0.2662943489742279	0.26445000000476837	0.18986
771	0.26534793190956113	0.26404000000953676	0.18940000000476837
772	0.26492821280479434	0.2644300000286102	0.18960000000476837
773	0.2634913918209076	0.26386999999046323	0.19004000000953675
774	0.2631690069580078	0.26401000001430514	0.18999000000476837
775	0.2652053312110901	0.26551000000953673	0.18977
776	0.26188736461639406	0.2642499999904633	0.19067
777	0.2626365790939331	0.26523000001430513	0.19047000000953673
778	0.26147039814949036	0.26466000002861023	0.19018999999523162
779	0.26243103957176206	0.26603000000953675	0.19109000000476836
780	0.2585607914352417	0.26384999999046327	0.19085
781	0.25997712545394897	0.26549999999046325	0.19143000000953675
782	0.25881552149772646	0.26527000001907347	0.19103000001430512
783	0.25915272986412047	0.26590000000953673	0.19122999999523163
784	0.2579505033874512	0.26593	0.19183999999523163
785	0.2582863232707977	0.26655	0.19302999999523163
786	0.25755405685424804	0.26532999999046325	0.19144999999523163
787	0.25545542448043823	0.26569999999046323	0.19266
788	0.2545320841026306	0.2658000000190735	0.19284000001430512
789	0.2546457718372345	0.26558000000953674	0.19162000001430513
790	0.25568740649223326	0.2663000000190735	0.1918200000143051
791	0.2542195941257477	0.2661300000286102	0.19305999999523163
792	0.25412924518585206	0.26670000000953675	0.19293000000953675
793	0.2529829874610901	0.2656500000286102	0.19140000001430513
794	0.253322064037323	0.26768000000953673	0.19361999999523163
795	0.25095058975219725	0.26549999999046325	0.19195000000476836
796	0.25073374567985535	0.26664999999046324	0.19314000000953674
797	0.2497822725200653	0.2655700000190735	0.19273999999523164
798	0.2512394188594818	0.2672200000095367	0.19335999999523162
799	0.24972801824569701	0.2667999999904633	0.19430000000476838
800	0.24681815799236298	0.2654399999952316	0.19428999999523164
801	0.2474281011199951	0.26582	0.19357000000953675
802	0.24940612475395202	0.26780000000953674	0.19352000000953673
803	0.24755412726402282	0.2666300000286102	0.1936800000143051
804	0.24741153723716736	0.2676900000190735	0.19425
805	0.24484916652679442	0.26615000000476835	0.19380000000476838
806	0.24545150083065034	0.26642	0.19445000000476836
807	0.24418245121002197	0.26606	0.19342000000476836
808	0.24390538042068483	0.2674700000190735	0.19562000000476837
809	0.24299107556343078	0.2663000000286102	0.19462000000476837
810	0.2432212815952301	0.26726	0.19605
811	0.24395744262695312	0.26833	0.19631000001430512
812	0.24131905297279357	0.2665400000286102	0.1952700000143051
813	0.24330773307800294	0.26832999999046325	0.19579
814	0.2429563666152954	0.26825000000953675	0.19556000000953674
815	0.2414573091316223	0.26837000000953676	0.19595000000476837
816	0.2412165395307541	0.2690200000286102	0.19707000000476838
817	0.2407919450378418	0.2678900000095367	0.19515999999046327
818	0.24024913363456726	0.26813999999046323	0.19593000000476837
819	0.23841721570491792	0.2677799999952316	0.19690000000476837
820	0.2378933545398712	0.2671900000286102	0.19624000000953673
821	0.2383785810470581	0.26791000000953674	0.19601000000953675
822	0.23839586333274843	0.26870999999046324	0.19716000000953673
823	0.23611024421691895	0.2673300000095367	0.1971000000143051
824	0.23553549892425538	0.2675699999952316	0.19714
825	0.23569372572898864	0.26820000000953675	0.19820999999761582
826	0.236476448802948	0.26880999999046323	0.19692999999523164
827	0.2347664863395691	0.2692299999952316	0.19860000000476838
828	0.23544582307338716	0.26903000000953675	0.19817000000953675
829	0.23534773363113404	0.26855000002861024	0.19692
830	0.23442470038414	0.2689300000286102	0.19719000001430512
831	0.23259686910629274	0.26839000001430513	0.19782
832	0.2335058927154541	0.2699700000286102	0.19886999999523164
833	0.23085010341644288	0.2681200000190735	0.19894000001430512
834	0.23182656000614166	0.2693	0.19908000000476836
835	0.23092932139396669	0.2685000000095367	0.19864999999523164
836	0.2307061883211136	0.26915999999046325	0.19959
837	0.2318532899236679	0.27010999999046326	0.19856000000953675
838	0.2293791194629669	0.26849	0.19897000000476836
839	0.23053218702316283	0.2705900000143051	0.20006
840	0.22810119629859923	0.26931	0.19978000000476837
841	0.22858923788070679	0.2693700000286102	0.19927999999523163
842	0.22848688546180726	0.2696	0.19977000001430512
843	0.227794705080986	0.2695600000190735	0.20024
844	0.2279125187397003	0.2698499999904633	0.19917000001430513
845	0.22591348357200622	0.26885	0.19946
846	0.2263583952999115	0.26885000000953674	0.19911999999523164
847	0.22644085650444032	0.2692400000190735	0.19916
848	0.22394600359916686	0.268	0.19940999999523162
849	0.2271148116016388	0.27058000000953675	0.19974000000476838
850	0.22527961965560914	0.26993999999046325	0.20050000000953674
851	0.22362067463874816	0.2700000000095367	0.2006900000190735
852	0.2256988167667389	0.2705200000143051	0.20008000000476836
853	0.22453629620552062	0.2702200000095367	0.1998400000143051
854	0.2240455481338501	0.2707000000286102	0.20132999999523163
855	0.22288409546375273	0.2701900000047684	0.20038000000953674
856	0.2232814963722229	0.27045000000953673	0.20005
857	0.22315600528240204	0.27009	0.20028
858	0.22157397531509399	0.26991999999046323	0.20007000000476838
859	0.220716602268219	0.2701199999952316	0.20171000000476838
860	0.21980142330169677	0.26904999999046325	0.20013000000476838
861	0.22027936117172242	0.2699399999952316	0.20125999999523164
862	0.220333126077652	0.2708499999952316	0.20166999999523164
863	0.21931298983097075	0.27091999999046323	0.20250000000476837
864	0.21782238863945008	0.26945000002861025	0.20172000001430512
865	0.21835771277427674	0.2705700000190735	0.20188
866	0.21802497904777526	0.27099000000953677	0.20212999999523162
867	0.21789280653953552	0.2706500000286102	0.20220000000953675
868	0.21839448902606964	0.27132999999046326	0.20260000001430511
869	0.21600358379364012	0.27048999999046325	0.20263000001430512
870	0.21674824914455415	0.27083000002861024	0.20259999999523162
871	0.21622180018424988	0.27072	0.20257999999523163
872	0.21651271793365479	0.2710000000095367	0.20184999999523162
873	0.21638128098487855	0.27135	0.20248000000953675
874	0.21622548095226288	0.2710800000286102	0.20188000000953674
875	0.21494835203170776	0.27052	0.20175
876	0.2146691867160797	0.27065000000953676	0.20227000000476836
877	0.2149490820455551	0.27148999999046325	0.20310000000476838
878	0.2142072713279724	0.27108000000953675	0.20268
879	0.21425023626327513	0.27239000001430513	0.20455999999523164
880	0.213159938082695	0.27211	0.20432
881	0.21320958652496338	0.27156000000953673	0.20325000000953675
882	0.21473308211803435	0.27306000000953673	0.20406000000953675
883	0.21282574850082397	0.2718400000047684	0.20302000000476836
884	0.21025423840999602	0.27082000002861023	0.20358000000953674
885	0.21102374141693114	0.2711400000143051	0.20286999999523161
886	0.2098982577085495	0.27043	0.20324000000953674
887	0.21061700436115266	0.27120000001907346	0.20344999999523164
888	0.20979835768699645	0.27072999999046327	0.20394
889	0.20975450302124024	0.2716700000095367	0.20363999999523164
890	0.20975317977905272	0.27192999999046324	0.20476999999523163
891	0.2092931807231903	0.2710100000190735	0.20321000000953673
892	0.20862870911598205	0.27187000000953676	0.20511
893	0.20778943433761596	0.27081000000953676	0.20336000001430513
894	0.20936605043888093	0.27270000000953676	0.20467999999523162
895	0.20888319915771483	0.2723499999904633	0.20423000000476838
896	0.20786845682144164	0.2725500000190735	0.20459000000476837
897	0.20710033653736115	0.2721600000190735	0.20455000000476836
898	0.20702649390220643	0.2719000000190735	0.20401999999046325
899	0.20786368262290955	0.2726300000286102	0.20426
900	0.205481058177948	0.2716600000095367	0.20528000000476837
901	0.20570532128334046	0.2721900000190735	0.20562000002861022
902	0.2067454957818985	0.27272999999046327	0.2045400000143051
903	0.20517431134700775	0.27167000002861025	0.20480999999523164
904	0.2056172899723053	0.27228999999046327	0.20537000000953673
905	0.20426780014514923	0.27234000000953673	0.20652999999523164
906	0.2028759441280365	0.27093000000953676	0.20508999999523164
907	0.2043121211051941	0.27065	0.2036800000143051
908	0.20374167757987977	0.2726300000190735	0.20547000001430513
909	0.20318917790412902	0.2718999999952316	0.20517999999523162
910	0.20351129209041596	0.2726900000286102	0.20570000000476837
911	0.2040989651823044	0.27322999999046327	0.20571000001430512
912	0.20292219879150392	0.2716300000286102	0.20498999999523163
913	0.20159155521392821	0.27242999999046325	0.2069000000143051
914	0.203097398352623	0.27313999999046323	0.20593
915	0.2019417918920517	0.2720000000095367	0.20506999999523162
916	0.20238186914920808	0.2733499999904633	0.20569000000476836
917	0.2027467205619812	0.27353999999523165	0.20619
918	0.2010100976037979	0.2727	0.2066500000143051
919	0.20087579251766205	0.2731000000190735	0.20678999999523162
920	0.20017868576526643	0.27246000000953674	0.20585000000953674
921	0.19970328972816467	0.2722900000286102	0.20585999999523164
922	0.19898355682373048	0.27249000000953677	0.20697
923	0.20030249170303344	0.2736600000095367	0.20627000001430512
924	0.198593291015625	0.27238999999046326	0.20715000000476838
925	0.1981302790260315	0.27154000001907347	0.2051200000143051
926	0.19937881226062776	0.2738700000143051	0.20639000000953675
927	0.19807851372241975	0.2729099999904633	0.20663000000953674
928	0.1970768654203415	0.27175	0.20631999999523162
929	0.19738320088863373	0.27285000000953674	0.20699999999523164
930	0.19837901139736175	0.2738400000190735	0.20725000000953675
931	0.19757159289836884	0.27300999999046327	0.20692000000953675
932	0.19807965797424315	0.2733999999952316	0.20673000000476838
933	0.19631463894367218	0.27270000000476835	0.20719000001430513
934	0.1964187067937851	0.2726	0.20611000000476837
935	0.19551129316329957	0.27334	0.20767000000476837
936	0.1951119291114807	0.27219999999523165	0.20661000000953675
937	0.19592664007186888	0.2728100000286102	0.20701000000476838
938	0.19647590845108032	0.2734600000190735	0.20691999999046326
939	0.1947217395067215	0.27308	0.20818000000476838
940	0.19486493468284607	0.27333000002861024	0.20729000000953673
941	0.19534545657157898	0.2740699999904633	0.20768000000953674
942	0.19385714440822602	0.2731400000286102	0.20774
943	0.1930660509634018	0.27267000000953673	0.20815000000953673
944	0.1949246605014801	0.2740499999952316	0.20682000001430512
945	0.19393430186271668	0.27342999999046325	0.20758
946	0.1928653339910507	0.27274999999046323	0.20742
947	0.19386085149765014	0.27399	0.20859999999523163
948	0.1940152684497833	0.2743499999904633	0.20787999999046325
949	0.19313549266815186	0.27424999999523164	0.2085100000143051
950	0.19199606609344483	0.27252999999046323	0.20609000000476838
951	0.1916035915184021	0.273	0.2080600000143051
952	0.1917807894229889	0.27300999999046327	0.20762999999523163
953	0.19111948261260986	0.2729400000095367	0.20795999999523163
954	0.19215084555387496	0.27399000000476836	0.20765
955	0.1911602440261841	0.27314000000953675	0.20801000000476838
956	0.19149450724601746	0.2740800000190735	0.20826
957	0.19141158680915832	0.27356000000953673	0.20791999999523164
958	0.19028347569465637	0.2728400000190735	0.20768999999523163
959	0.1906965204000473	0.27342999999523165	0.20771
960	0.1915800598144531	0.2740100000047684	0.20712000000953673
961	0.19048164110183716	0.2738400000190735	0.20794000000476837
962	0.18906358747959137	0.2733200000143051	0.20776999999523163
963	0.1895746747970581	0.2731800000047684	0.20755
964	0.18973120871067048	0.2739500000190735	0.20880000001430513
965	0.1908559527349472	0.2739000000190735	0.20697000000953675
966	0.18697837944030762	0.27240000000953674	0.20835999999523164
967	0.1875298598766327	0.27265	0.20752000000953674
968	0.1890202925825119	0.2741299999904633	0.20921000000953674
969	0.18711629811286926	0.27310999999046326	0.20791000001430512
970	0.1894650070142746	0.27474999999523164	0.20870000000476838
971	0.18702162192344665	0.27313000000953674	0.20941000001907348
972	0.18713946758270264	0.2733500000047684	0.20855000001430513
973	0.186022887840271	0.27313999999046323	0.20907000000953674
974	0.18627794724464417	0.27299000000953677	0.2081
975	0.18552357085227966	0.27230000000953675	0.20801
976	0.18663358583927153	0.27339	0.20794000000476837
977	0.18822763212680815	0.2743800000095367	0.20826000000476838
978	0.18607238283634187	0.27371000000476836	0.20854000000953674
979	0.18590954730033873	0.2735199999904633	0.20862
980	0.18585623648643493	0.2740900000286102	0.20903000000953675
981	0.18548017421722413	0.27340000000953674	0.20899000002861023
982	0.18598989226341248	0.27282999999046326	0.20699000000953674
983	0.1861146251440048	0.27404000001907347	0.20886000000953675
984	0.18613089559555054	0.27367000000953673	0.20882000001430512
985	0.18463037014961242	0.27280999999046324	0.20854000001430512
986	0.18470172106266022	0.27289000002861025	0.20809999999523163
987	0.18488159271240234	0.27334	0.2093900000143051
988	0.184751287484169	0.27224999999046323	0.20872999999523162
989	0.18699273515701295	0.2743499999904633	0.20821
990	0.18617430106163024	0.27315999999046325	0.20833
991	0.18664762362003326	0.2742899999952316	0.20907
992	0.18750149898529053	0.27494999999046327	0.20798999999523163
993	0.18689178637504578	0.27396000000953674	0.20788000000953674
994	0.18568649903297424	0.27378	0.20866000001430512
995	0.18531535574436186	0.2729300000143051	0.2085199999976158
996	0.18602698544502258	0.27316999999046326	0.2082000000143051
997	0.18570322402000428	0.27338	0.20857999999523164
998	0.18505663310050965	0.2730200000047684	0.20898999999523163
999	0.185558258934021	0.27302	0.20727
