epoch	loss	acc	certified
0	0.9008800505320231	0.1945833333412806	0.09401666666666667
1	0.8474782650947571	0.20385000001589457	0.17190000001589456
2	0.80091638768514	0.32001666666666667	0.14135
3	0.5986675920804342	0.63155	0.21993333333333334
4	0.4492563225428263	0.7160166666666666	0.3977833333492279
5	0.3546563722292582	0.7628666666984558	0.53605
6	0.26433540325164795	0.8448333333333333	0.6296500000635783
7	0.1880448523759842	0.889716666730245	0.7290166666666666
8	0.15351232136885326	0.9111166666984558	0.7757500000317892
9	0.13006468271017074	0.9259500000635783	0.8066500000635783
10	0.11455044496059417	0.9344500000635783	0.8295333333333333
11	0.10255759730339051	0.9424166666666667	0.8440166666984558
12	0.09006510877609253	0.95105	0.8608833333651225
13	0.0830284206867218	0.9547833333651224	0.8716333333969116
14	0.07734353691339493	0.9579666666984558	0.8803666666984558
15	0.07037838271458943	0.9625333333651225	0.8883833333333333
16	0.06684622903664907	0.9639333333333333	0.8955166666666666
17	0.062383646752436954	0.9668166666666667	0.9010166666666667
18	0.05922225633064906	0.968366666730245	0.9050500000635783
19	0.05709009652634462	0.9695666666666667	0.9092666667302449
20	0.05430358380476634	0.9723333333651225	0.9123333333651225
21	0.052167379585901896	0.9734000000317892	0.9148500000635783
22	0.049867972075939175	0.9744833333333334	0.9175333333651224
23	0.04885412098368009	0.9749	0.9191
24	0.04676384863654772	0.9756833333333333	0.92375
25	0.04537920194864273	0.977316666730245	0.9246666666666666
26	0.04396571022768815	0.9781166666666666	0.9258
27	0.042750817440946894	0.9788833333333333	0.9277
28	0.04133473641872406	0.9785000000317892	0.9313833333333333
29	0.04021112893621127	0.9798666667302449	0.9322833333969116
30	0.03914853873650233	0.9809	0.9332833333333334
31	0.038224023524920145	0.9809166666984558	0.9338500000317892
32	0.03753816992441813	0.9808333333651225	0.9365000000635783
33	0.03645131244262059	0.9816166666666667	0.93795
34	0.03590834118723869	0.9817666667302449	0.9378500000317892
35	0.035784763757387796	0.9822000000317891	0.9386666667302449
36	0.03464716209570567	0.9827000000317891	0.9409833333333333
37	0.033629000172019	0.9836500000635783	0.9418
38	0.03262269826730092	0.9836833333969116	0.9429333333969117
39	0.0325998264670372	0.9839000000317891	0.9430166666984559
40	0.03193397152622541	0.9844666666666667	0.94345
41	0.03182725437581539	0.9841333333333333	0.9452500000635783
42	0.03133972668647766	0.9845500000317892	0.9453000000317892
43	0.030965440063675246	0.9848666667302449	0.945766666730245
44	0.030674734977384408	0.9848666666666667	0.9464833333969116
45	0.029900969534615674	0.9857166666666667	0.947216666730245
46	0.029242508624990782	0.98605	0.9474000000635783
47	0.02971368359128634	0.9855833333969116	0.9478666666984558
48	0.029348072600364684	0.9854000000317892	0.94855
49	0.028168252221743267	0.9863333333651225	0.9496333333333333
50	0.028699149918556214	0.986316666730245	0.9493166666984558
51	0.027674936385949454	0.9863666666984559	0.950966666730245
52	0.02722709805369377	0.9870166667302449	0.9502833333969116
53	0.026839010759194693	0.9871	0.9515000000635783
54	0.027156546038389205	0.9868666666666667	0.9513166666666667
55	0.02677977391779423	0.987166666730245	0.9527666667302449
56	0.02631566428144773	0.9878333333651225	0.9519166666984558
57	0.026012837874889373	0.987516666730245	0.9523333333969116
58	0.025794195945064227	0.9876333333333334	0.9529333333651224
59	0.025542143374681473	0.9874500000317892	0.9552833333969116
60	0.025487591230869293	0.9879666666984558	0.9539333333969117
61	0.02486231162548065	0.988316666730245	0.9550000000317892
62	0.02447780346175035	0.9880833333969116	0.9549666666666666
63	0.024299743766585984	0.988366666730245	0.9547
64	0.024508661418159803	0.9880833333651224	0.9551666666666667
65	0.02368888852794965	0.9889166667302449	0.9559333333969117
66	0.02404933746655782	0.9887500000635783	0.9562333333969116
67	0.023196042336026828	0.9891333333969117	0.9565333333969116
68	0.024308238077163695	0.9883833333651225	0.9560333333651225
69	0.023723411393165587	0.9890166667302449	0.9562500000317892
70	0.02358383968969186	0.9887166666666667	0.95585
71	0.022628513876597086	0.9892333333651224	0.9579833333651224
72	0.022302540322144827	0.989566666730245	0.9584666666666667
73	0.022648435336351396	0.98985	0.9570500000635783
74	0.02253963520824909	0.9897833333969116	0.957416666730245
75	0.02236992733379205	0.9897333333969116	0.9576166667302449
76	0.022437160109728575	0.9899666666666667	0.9579333333651224
77	0.022006155849496525	0.9897666666666667	0.958416666730245
78	0.020935491758584977	0.9900000000635782	0.96
79	0.021859692758321763	0.9897333333333334	0.9590333333969117
80	0.02167459859053294	0.9902166666666666	0.95875
81	0.021737738780180614	0.9901500000317891	0.9582500000317892
82	0.021748260488112767	0.990566666730245	0.9587000000317891
83	0.020654879608750343	0.9905333333651225	0.9606833333651225
84	0.021081572939952213	0.9901333333651224	0.9606500000635783
85	0.020994475902120273	0.9903333333333333	0.9600166666666666
86	0.021082217022776604	0.9903333333969117	0.9602166666666667
87	0.020735546670357385	0.9908333333651225	0.95995
88	0.020261385874946913	0.9910000000635782	0.9605833333333333
89	0.02009511774480343	0.9909833333333333	0.9607666667302449
90	0.02065996742248535	0.9901833333333333	0.9614666666984558
91	0.019631669012705483	0.9911166667302449	0.9613833333333334
92	0.019339292961359025	0.9910666666984558	0.962916666730245
93	0.02013819728990396	0.9910833333333333	0.9609500000317891
94	0.02015058858593305	0.990666666730245	0.9610833333969117
95	0.019750666159391403	0.99115	0.9612666666666667
96	0.019230397706478834	0.9911	0.9625166666666667
97	0.019600150285164514	0.9909666666984558	0.9614833333969116
98	0.01898313613740417	0.9915166666666667	0.9625833333333333
99	0.019456901401281358	0.9911000000635782	0.9621
100	0.01919845209370057	0.9915	0.9625166666666667
101	0.018948403426011402	0.9912833333651225	0.9631333333333333
102	0.019235637591282526	0.9911166667302449	0.9625833333651225
103	0.019092563271522523	0.9915	0.9616666666666667
104	0.019338652201990287	0.9913	0.9618333333333333
105	0.01906868217885494	0.9919833333969116	0.9608166666666667
106	0.01868004005352656	0.9918000000317891	0.9619833333651224
107	0.018921164227028688	0.9917166666666667	0.9604833333651225
108	0.019231079523762067	0.9915333333969116	0.9612333333333334
109	0.018504584849377472	0.9918000000635783	0.9616166666984558
110	0.01898003271818161	0.9918	0.9613333333651225
111	0.01907617342074712	0.9919166667302449	0.9604000000317892
112	0.01908437776118517	0.9919	0.960316666730245
113	0.01938926312526067	0.9913000000635783	0.9608
114	0.019177000802755355	0.9916833333969116	0.96055
115	0.018881737379729747	0.9922166666666666	0.9605333333969116
116	0.01921061786264181	0.9922666666666666	0.9594666666666667
117	0.018789114661018055	0.9923500000317892	0.9601166666984559
118	0.01906733620837331	0.9920666666666667	0.9595500000317891
119	0.019263528654972713	0.9923000000317892	0.9589
120	0.019131681820750236	0.9925000000635783	0.9580666666666666
121	0.018564498724540076	0.9923333333333333	0.9595
122	0.019310633389651777	0.9921166666666666	0.9586333333651225
123	0.018814201761285464	0.9922333333969117	0.9593666666666667
124	0.018458616456389427	0.9926000000635783	0.9597
125	0.018973961488405862	0.9924333333651225	0.9594833333651225
126	0.019107820210854214	0.9924500000635783	0.9581666666666667
127	0.018463192534446716	0.9930666666666667	0.9581500000635783
128	0.01862198230624199	0.992716666730245	0.9584333333969116
129	0.019424531466762224	0.9923166666984559	0.9568333333651224
130	0.019059127973516783	0.9924333333969116	0.9575166666666667
131	0.01910724497437477	0.9923000000317892	0.9578500000635782
132	0.019379599358638127	0.9925	0.9568500000635783
133	0.018259478189547856	0.993	0.9582333333969116
134	0.01873202110429605	0.9930166666666667	0.9574000000635783
135	0.018979636070132255	0.992716666730245	0.9570000000317891
136	0.019042371540268263	0.9928166666666667	0.9567666666666667
137	0.019612560158967972	0.9925000000635783	0.9557
138	0.01968947871029377	0.9923333333969117	0.9560500000317892
139	0.01908868761857351	0.9927333333333334	0.9565666666984558
140	0.019322905336817107	0.9930333333333333	0.9552666666666667
141	0.01968672687113285	0.9924666666666667	0.9551666666984558
142	0.01919078279733658	0.9928333333969116	0.9559833333333333
143	0.019245038878917695	0.9926	0.9552500000317892
144	0.019609297696749368	0.9928666667302449	0.9543833333969116
145	0.018521394757429758	0.9931166666666666	0.9569333333333333
146	0.019446666554609936	0.9925833333969116	0.9550833333333333
147	0.01922577433784803	0.9927	0.955366666730245
148	0.01930006515979767	0.9933333333333333	0.9537
149	0.01938148734966914	0.9927166666666667	0.9536333333333333
150	0.019511816676457724	0.9930000000635782	0.9537666666666667
151	0.01954385332663854	0.9930833333651224	0.9535666666984558
152	0.019527146398027738	0.9929333333969116	0.9535833333969116
153	0.01891779906153679	0.99305	0.9547666666984558
154	0.019281206119060517	0.993316666730245	0.9535833333651225
155	0.01902810371518135	0.9931	0.9538166666666666
156	0.019424721969664098	0.9930833333969116	0.9529166666984558
157	0.019499810169140496	0.9929666666666667	0.9534166666984558
158	0.019509751316408315	0.9930833333333333	0.9522833333333334
159	0.019550296811014414	0.9927333333333334	0.9531833333333334
160	0.019643152745564777	0.99315	0.9521333333333334
161	0.01952081882407268	0.9932666666666666	0.9521666666666667
162	0.01919630510956049	0.9932666666666666	0.952366666730245
163	0.01944173759420713	0.9929500000317891	0.9527833333651224
164	0.01932588361899058	0.9935833333969116	0.951816666730245
165	0.019613355292876562	0.9931000000635782	0.9516500000317891
166	0.01962483313679695	0.99305	0.9516000000317891
167	0.01936257431705793	0.9931833333651224	0.9515333333333333
168	0.019552586378653845	0.99325	0.951316666730245
169	0.01984836291472117	0.9931666666666666	0.9504000000635783
170	0.019689436902602515	0.9932166666984558	0.9514666667302449
171	0.020043921146790187	0.9928666667302449	0.9507500000317891
172	0.019412575907011828	0.9932333333333333	0.9508000000635782
173	0.019591141488154728	0.993566666730245	0.9502833333969116
174	0.019617330420017242	0.9932666666666666	0.9512166666984558
175	0.01990100443760554	0.993166666730245	0.9494333333651225
176	0.01987680622637272	0.99345	0.94865
177	0.01941330912709236	0.9932333333651224	0.9506
178	0.019473537822564443	0.9930166667302449	0.950816666730245
179	0.019671525855859122	0.99325	0.94965
180	0.020075041395425798	0.9930166666666667	0.9485166666984558
181	0.020609840122858682	0.9931	0.9481000000635783
182	0.019602506219347317	0.993416666730245	0.9486500000317891
183	0.019793352273106576	0.9933833333333333	0.949316666730245
184	0.01982331564327081	0.9931166666666666	0.94845
185	0.01960208038489024	0.9933833333651225	0.9489
186	0.02020049985249837	0.9930833333969116	0.9476166666666667
187	0.02013818889359633	0.9933	0.9475000000635783
188	0.02008498457868894	0.9934166666666666	0.9481000000317892
189	0.019936316097776095	0.9932833333969117	0.9478333333651224
190	0.020004971945285797	0.9936833333333334	0.9471666666984558
191	0.020119146155317624	0.99315	0.948016666730245
192	0.02021300001144409	0.9936000000635783	0.9465333333333333
193	0.020483846815427146	0.9931666666666666	0.9458000000635783
194	0.02058868041833242	0.9933166666666666	0.9452833333651225
195	0.0201492705732584	0.993516666730245	0.9460333333969116
196	0.0200874932239453	0.9935833333333334	0.9462166666984558
197	0.020779795688390734	0.9932000000317891	0.945316666730245
198	0.020531645116209984	0.9934666666666667	0.9443666666984558
199	0.02030387816702326	0.9933833333333333	0.9465166667302449
200	0.020820475421349207	0.9931166666666666	0.9448666666984558
201	0.020282434581716854	0.9934500000635783	0.9469333333969117
202	0.02039298756023248	0.9937000000635783	0.9440000000635783
203	0.020390443761150043	0.9937666666666667	0.9454166667302449
204	0.021008370627959568	0.9931000000635782	0.9439333333969117
205	0.02040473388036092	0.993316666730245	0.94535
206	0.020431783540546894	0.99355	0.9443333333651225
207	0.02091051135758559	0.9931833333333333	0.9436166667302449
208	0.02103857712248961	0.9929833333333333	0.9437833333333333
209	0.020632846635580064	0.9932000000635783	0.9436000000635782
210	0.021171863853931428	0.9932833333651224	0.9429833333333333
211	0.021168508344888686	0.9931833333969117	0.9421166666666667
212	0.02063677386554579	0.9934833333333334	0.9436833333651224
213	0.020472860882679623	0.9935333333969116	0.9434666667302449
214	0.02071169195572535	0.993566666730245	0.943016666730245
215	0.020992941952496767	0.9934666666666667	0.9420166666666666
216	0.020589551015694936	0.9937	0.9439000000635783
217	0.02077890345255534	0.9937833333333334	0.9409000000317892
218	0.021786958414316177	0.9929833333333333	0.9411
219	0.02151073908607165	0.9931333333333333	0.94125
220	0.021362351499994596	0.9932833333333333	0.9411
221	0.020692918465534844	0.9932833333969117	0.9421333333651225
222	0.020656815353035925	0.9937166666666667	0.9413833333969116
223	0.021657456312576928	0.9931000000635782	0.9397333333333333
224	0.021336760848760603	0.9933166666666666	0.9409
225	0.0210974715128541	0.9934333333333333	0.9408833333651225
226	0.021238368951280912	0.99365	0.9403500000635783
227	0.021350525937477747	0.99325	0.9404
228	0.02172674403389295	0.9931833333969117	0.9399833333651225
229	0.020901021869977315	0.9937333333969116	0.9406833333969116
230	0.021410831210017203	0.993316666730245	0.9395166667302449
231	0.021439006813367207	0.993716666730245	0.9386166666984558
232	0.02168791981736819	0.9934	0.9386000000635782
233	0.021612130557497344	0.9930666666666667	0.9393833333333333
234	0.021623152992129326	0.9931000000635782	0.9398500000317891
235	0.02163262459412217	0.9933333333333333	0.9385333333969116
236	0.021413298019766807	0.9937	0.9372833333333334
237	0.02191531689365705	0.9934666666666667	0.9368666666666666
238	0.021515641699234644	0.99355	0.9386666666666666
239	0.02149660746951898	0.9938500000635783	0.9377000000635783
240	0.0219721597780784	0.9934666666666667	0.9372666666666667
241	0.021763699877262115	0.9936166666984558	0.9375333333333333
242	0.02226517830292384	0.9935333333333334	0.9352833333969116
243	0.021610488219062488	0.9937666666666667	0.93635
244	0.02210725856224696	0.9939500000317891	0.9358333333333333
245	0.02212130421201388	0.9934	0.93665
246	0.02183338535030683	0.9932666666984558	0.93665
247	0.021906323672334353	0.9936	0.9364166666666667
248	0.022258237385749818	0.9934	0.9342666666984558
249	0.021851174714167913	0.9936500000635783	0.9363666666984558
250	0.02230471015572548	0.9931833333651224	0.93565
251	0.02200130107551813	0.9935500000635783	0.9354166667302449
252	0.02228652042746544	0.9934833333969116	0.9361333333969116
253	0.022355891016622383	0.9936333333333334	0.9341166666666667
254	0.022292453789710998	0.9938666666666667	0.9340666666666667
255	0.022577163944641748	0.9936500000635783	0.9331666666984558
256	0.022345582316194972	0.9933666666666666	0.9347666666666666
257	0.022331074918309848	0.9934	0.9336833333651224
258	0.0225660113354524	0.993266666730245	0.9341833333651225
259	0.022637302858630817	0.9936166666666667	0.9326333333969116
260	0.022662962557872136	0.9935666666666667	0.9325166666984558
261	0.022363639309008917	0.9936666666666667	0.9326500000635782
262	0.022703514520823954	0.9933666666666666	0.9326833333969117
263	0.02286701174378395	0.9934333333969116	0.9319333333651225
264	0.022982088102897008	0.9931833333333333	0.9314666667302449
265	0.022765633483727774	0.9934833333969116	0.9314500000635783
266	0.02312445424894492	0.9937833333333334	0.9301000000635783
267	0.02287080140709877	0.9934333333333333	0.9308
268	0.023275637219349544	0.9934333333969116	0.9305833333651224
269	0.0234984380086263	0.9931166666666666	0.9304833333969116
270	0.023040782614549	0.9934	0.9305833333969116
271	0.023136417913436888	0.9934	0.9315333333969116
272	0.023399569712082544	0.9931333333333333	0.9295666667302449
273	0.02370107456545035	0.993166666730245	0.9291500000635783
274	0.02325203294356664	0.9932500000317891	0.9299666666666667
275	0.023615205893913905	0.9933833333333333	0.9293
276	0.02356931718836228	0.9930833333333333	0.9286500000635783
277	0.02326919677555561	0.9933833333969116	0.93005
278	0.022955656057596207	0.9937	0.9287333333651224
279	0.023796319756905236	0.9933000000317892	0.9281666666666667
280	0.02358828328847885	0.9932	0.9287333333333333
281	0.023672411112984022	0.9932833333333333	0.928116666730245
282	0.024213054952025415	0.99325	0.9271500000635783
283	0.023305349750320118	0.9931333333333333	0.928166666730245
284	0.023458207497994106	0.9933166666984559	0.9281500000317892
285	0.023557979476451874	0.9934833333969116	0.9270833333333334
286	0.02369722827275594	0.9936333333969116	0.9253166666666667
287	0.02376277435719967	0.9932333333969117	0.9257500000635783
288	0.02353359768340985	0.9932833333333333	0.9283333333333333
289	0.02441330928107103	0.993366666730245	0.9255666666984558
290	0.024045565458138785	0.9932333333333333	0.9264000000317891
291	0.024668616250157357	0.993366666730245	0.9247000000635783
292	0.02413994550704956	0.9932	0.9259000000317892
293	0.02425421212911606	0.9933500000635783	0.9249833333333334
294	0.024057774406671523	0.9935333333333334	0.9241833333333334
295	0.024174903041124345	0.9932333333333333	0.9252333333333334
296	0.024581319077809652	0.9934000000635783	0.9232
297	0.023905417589346566	0.9934500000635783	0.92485
298	0.024624862428506214	0.9933833333333333	0.9236
299	0.024291848866144817	0.9932500000635783	0.9237666666666666
300	0.02488441642522812	0.9936	0.9227833333651225
301	0.025011634428302447	0.99325	0.9221666667302449
302	0.024663566505908965	0.9933	0.9228500000635783
303	0.025083044548829397	0.9929666666984558	0.921716666730245
304	0.02520970566868782	0.9932166666666666	0.9216833333969117
305	0.025002753434578577	0.9928000000635783	0.9209833333651225
306	0.025177836320797602	0.9933666666666666	0.9222
307	0.0255438330133756	0.99275	0.92055
308	0.025116607238849006	0.9934166666666666	0.919666666730245
309	0.025219596006472906	0.993516666730245	0.9200333333651225
310	0.024794833292563757	0.9933833333333333	0.92145
311	0.025036535408099494	0.9932000000635783	0.9202166666984558
312	0.025333004717032113	0.9933833333969116	0.9187000000317892
313	0.025514446858565014	0.9928500000635783	0.9193166666984558
314	0.025624043299257757	0.99305	0.9177333333651225
315	0.025382364875078202	0.9935666666666667	0.91845
316	0.0260166209290425	0.9932166666666666	0.9182000000317891
317	0.02556722675661246	0.9933000000635783	0.9186833333651224
318	0.02536133568584919	0.9934333333969116	0.9174333333969116
319	0.025891021151343983	0.9928166666666667	0.9179333333333334
320	0.02577287334005038	0.9932500000635783	0.9173166666666667
321	0.02604211171666781	0.9933833333333333	0.9169333333969116
322	0.02665839152534803	0.99295	0.9157500000317892
323	0.025759037391344705	0.9933000000317892	0.915816666730245
324	0.026395184044043223	0.9932333333333333	0.9153666667302449
325	0.02580864197611809	0.9930166666984558	0.91595
326	0.025941089242696763	0.9934333333651225	0.9164166666984558
327	0.025896633483966192	0.9933833333333333	0.9152666667302449
328	0.026400610399246217	0.9935166666984558	0.9153833333333333
329	0.02625826205909252	0.9931833333969117	0.9149500000317892
330	0.02674249898592631	0.9932833333333333	0.9142666666666667
331	0.02638222990632057	0.9931333333333333	0.9129500000317892
332	0.02634834278623263	0.9928333333651225	0.9143666666666667
333	0.026344367813070615	0.9934333333333333	0.9137
334	0.02640529445707798	0.9926000000635783	0.9137
335	0.026212996476391952	0.9933333333333333	0.9139166666984558
336	0.027033574998378752	0.992516666730245	0.91315
337	0.026607877588272096	0.992516666730245	0.9125833333333333
338	0.027204030883312226	0.992616666730245	0.9122166666666667
339	0.026971528988083204	0.99295	0.9125833333969117
340	0.026692072256406147	0.9931166666666666	0.9128666666984558
341	0.026966443584362666	0.9933333333651225	0.9112000000317891
342	0.027158038194974265	0.99325	0.9109000000635783
343	0.027217167509595554	0.9934166666666666	0.9094000000635782
344	0.02706855362256368	0.9930833333333333	0.9106333333333333
345	0.027715889194607733	0.99305	0.9088000000635783
346	0.027267061294118565	0.9931166666666666	0.9097333333969116
347	0.027044362998008727	0.9930333333333333	0.9099333333651225
348	0.027595735428730648	0.9929000000635783	0.9080500000317892
349	0.027758986308177313	0.9927833333969116	0.9079333333969116
350	0.0276445729414622	0.9932166666666666	0.908616666730245
351	0.027896529002984366	0.9929500000635783	0.9067666666984558
352	0.026847874955336252	0.9930500000635782	0.908716666730245
353	0.027798328336079915	0.99305	0.9073500000635782
354	0.027569801187515258	0.9935000000635783	0.90795
355	0.02813462416132291	0.9928666666666667	0.9068666666984558
356	0.028210144706567127	0.9933166666666666	0.9058000000635783
357	0.027958535361289977	0.9930666666666667	0.9071666666984558
358	0.02835423883795738	0.9930666666984558	0.9050666667302449
359	0.028307336872816086	0.9928333333969116	0.9051500000635783
360	0.028923473608493806	0.9924166666666666	0.9047666666984558
361	0.028636990537246068	0.9925500000635783	0.9043166667302449
362	0.028424377461274464	0.9927833333333334	0.9036666666984559
363	0.028230737028519314	0.9934333333333333	0.9034000000635782
364	0.02874740355014801	0.9928166666666667	0.9031833333333333
365	0.028710472311576207	0.9927333333333334	0.9018
366	0.028634640109539033	0.9928	0.90325
367	0.029241532947619758	0.9926333333333334	0.9015833333651225
368	0.028442955895264944	0.9930166666666667	0.9025333333969117
369	0.028816800156235695	0.9928666666666667	0.901866666730245
370	0.028878270161151885	0.9929000000635783	0.9024
371	0.029499177749951682	0.9929	0.89965
372	0.0290352739661932	0.9928333333333333	0.9001833333333333
373	0.02884130620161692	0.9929833333969116	0.9002166666666667
374	0.029073940777778626	0.9929333333333333	0.9006666666666666
375	0.029223201284805933	0.9929333333969116	0.8989666666984558
376	0.029925568157434464	0.9926166666984558	0.8992166666666667
377	0.02947017207245032	0.9925666666666667	0.8998666666984558
378	0.02983568844795227	0.9927833333333334	0.8989333333969116
379	0.030136838841438293	0.9929	0.897866666730245
380	0.029466547724604608	0.9928666666666667	0.898866666730245
381	0.02996115362048149	0.9928666666984558	0.89645
382	0.029820120106140772	0.9926166666666667	0.8966333333651225
383	0.030166668369372686	0.9929333333651225	0.8951833333651225
384	0.03002419071396192	0.9929166666666667	0.895516666730245
385	0.030430914201339084	0.992416666730245	0.8951500000317891
386	0.02954404172897339	0.9926833333969116	0.8971666666984558
387	0.03042184615333875	0.9927666666666667	0.8960166666984558
388	0.030565123001734414	0.9928500000317891	0.8948833333969116
389	0.03055994787812233	0.99265	0.8943166666666666
390	0.03023531054953734	0.9924333333969116	0.8961833333333333
391	0.03090788773794969	0.9921	0.8942166666984558
392	0.030289740441242854	0.9928000000635783	0.8941666667302449
393	0.030338198989629746	0.9927666666666667	0.89425
394	0.030704796369870505	0.9925	0.8936833333333334
395	0.030835202957193057	0.9926666666666667	0.8919666667302449
396	0.030596725596984228	0.9929000000317891	0.8930833333651225
397	0.03100955474227667	0.9924333333333333	0.8923833333969117
398	0.03140171307226022	0.9927	0.8908166666984558
399	0.03083203997214635	0.9925833333651225	0.8928000000317892
400	0.031759538169701895	0.9920666666666667	0.8907000000635783
401	0.030742434553305307	0.992516666730245	0.8933000000635782
402	0.031241019417842228	0.992716666730245	0.8902166666666667
403	0.03130590169231097	0.99275	0.8894000000317891
404	0.03162290809551875	0.9926833333969116	0.889866666730245
405	0.0315131524225076	0.992366666730245	0.8897833333651225
406	0.03157625554601352	0.9925666666666667	0.888466666730245
407	0.0316564961830775	0.9926666666666667	0.8884833333651225
408	0.031684779475132624	0.9927	0.8883166666984558
409	0.031448715434471766	0.9928666667302449	0.8887666666984558
410	0.03212468144893646	0.9927166666666667	0.888316666730245
411	0.03212111059029897	0.9922166666666666	0.8877166666984558
412	0.03231835180918376	0.992316666730245	0.8848
413	0.03192417941490809	0.99305	0.8854833333969117
414	0.03231288428505262	0.9922666666666666	0.8859666666666667
415	0.03194769875804583	0.99245	0.8861666666666667
416	0.03275020757317543	0.9922833333969117	0.8823333333333333
417	0.03265594102144241	0.9921	0.8827666666666667
418	0.03224342872699102	0.9926333333333334	0.8834333333969117
419	0.0325549538175265	0.9919666666984558	0.8844166666984558
420	0.03277489113608996	0.9925333333333334	0.8838833333651225
421	0.033026565420627596	0.9923500000635783	0.8825000000635783
422	0.03250091144045194	0.9926333333969116	0.883316666730245
423	0.032986166272560756	0.9922833333333333	0.8812500000635783
424	0.032956944148739176	0.9925333333333334	0.8829
425	0.0332889870762825	0.9924666666666667	0.8811166667302449
426	0.03289065343340238	0.9925333333333334	0.881616666730245
427	0.032893208140134814	0.9923000000635783	0.8823666666666666
428	0.032695840591192245	0.99235	0.88055
429	0.03354383580088616	0.9920333333969116	0.8801333333651224
430	0.033504300200939176	0.9922500000317891	0.8788833333969116
431	0.033228554743528364	0.9922833333333333	0.8810500000635783
432	0.03369908935626348	0.99275	0.8781666667302449
433	0.03362569318811099	0.9925	0.877566666730245
434	0.0341719920873642	0.992516666730245	0.877466666730245
435	0.033511031166712446	0.9922500000635783	0.8774333333969117
436	0.03407395640810331	0.9918833333333333	0.8788000000317892
437	0.033407289904356	0.9923833333651225	0.8766833333333334
438	0.03413368470072746	0.99255	0.8748
439	0.03370795693298181	0.9925333333333334	0.8755000000317892
440	0.03381934531529744	0.9921833333969117	0.8771000000635782
441	0.03483249083360036	0.991716666730245	0.8746333333333334
442	0.034473403026660285	0.9918333333333333	0.8730166666666667
443	0.03419387083450953	0.9921500000317891	0.8751666666666666
444	0.03427353605230649	0.9920666666666667	0.8759166667302449
445	0.03441351376771927	0.9920000000635782	0.8737166666666667
446	0.0343663711031278	0.9925166666666667	0.8721833333333333
447	0.03477137509187062	0.9919	0.8729500000317891
448	0.034598125483592354	0.9921833333969117	0.8730833333651224
449	0.03461958832740784	0.9919833333969116	0.8715166666984558
450	0.03512530594865481	0.9922	0.8702833333969117
451	0.03477562244931857	0.9920833333969116	0.8724666666984559
452	0.035249069368839266	0.9922500000635783	0.8708833333969116
453	0.03466920080184936	0.9918666666666667	0.8707
454	0.03520521579285463	0.9923	0.8691666666666666
455	0.034757165306806566	0.992	0.8712000000317891
456	0.03538436726331711	0.9923	0.8694833333333334
457	0.035651978568236035	0.9923166666666666	0.8671500000317891
458	0.03532973270614942	0.9916166666666667	0.8689666666666667
459	0.03550305958986282	0.9920666666666667	0.8670166666666667
460	0.03547512824734052	0.9925166666666667	0.8678166666984558
461	0.03554315580328306	0.9921666666666666	0.867266666730245
462	0.03580253565510114	0.9915833333333334	0.8669166667302449
463	0.03541360418399175	0.9927000000635783	0.867716666730245
464	0.036160374641418455	0.9919500000317891	0.8647166667302449
465	0.03617063177426656	0.9918	0.8670333333333333
466	0.0358802120645841	0.9919000000635783	0.8667166666666667
467	0.03618705143531164	0.9920500000635782	0.86415
468	0.03596010309259097	0.9924166666666666	0.8636166666666667
469	0.03628773810863495	0.9919500000317891	0.8638666667302449
470	0.036383314148585	0.9919000000635783	0.8633
471	0.03622963317235311	0.9923500000635783	0.8634333333651225
472	0.03611368392705917	0.9921833333333333	0.8624833333333334
473	0.03636750039656957	0.9919333333333333	0.8625166666984558
474	0.03619652167956034	0.9923166666666666	0.8613333333651225
475	0.037134163151184715	0.9917166666666667	0.8610666667302449
476	0.03670250654617945	0.9925666666666667	0.8601333333969117
477	0.03681714810132981	0.99175	0.8605333333333334
478	0.037122008999188744	0.9918500000635783	0.8612333333651224
479	0.037239706166585285	0.9915500000635783	0.8600500000317891
480	0.037440312244494754	0.9919	0.8571666666984558
481	0.03698256562948227	0.9920666666984558	0.8598166666666667
482	0.03765573052763939	0.9916833333333334	0.8574000000317892
483	0.037561563372612	0.9918333333333333	0.8579166667302449
484	0.03767638559639454	0.9922	0.8578500000635783
485	0.038166190952062605	0.9917666666666667	0.8558
486	0.037717735517024994	0.9920833333969116	0.8558166666666667
487	0.03784309463699659	0.9915833333333334	0.8560166666666666
488	0.03787607255379359	0.9921000000635782	0.8555833333651225
489	0.03753274837334951	0.99235	0.85495
490	0.038296155112981796	0.99135	0.855416666730245
491	0.03851973039507866	0.99165	0.854316666730245
492	0.03861329581737518	0.9916	0.8538833333333333
493	0.03810465600887934	0.9915166666666667	0.85365
494	0.03848140947818756	0.9917333333969116	0.8539333333333333
495	0.03908524482647578	0.9915	0.8519500000317891
496	0.03812299770911535	0.99185	0.8532
497	0.038341060799360276	0.991566666730245	0.8524833333969116
498	0.03859789763291677	0.9918333333651225	0.8506000000317891
499	0.038322291260957715	0.9915	0.8534833333651225
500	0.039100357721249264	0.9915500000317892	0.8508166666666667
501	0.03958706709543864	0.991566666730245	0.8478833333651224
502	0.03821327838897705	0.9922333333333333	0.8497666666984558
503	0.038112178720037145	0.9922333333333333	0.8498333333333333
504	0.03846058343648911	0.9918666666984558	0.8505500000635783
505	0.038902773586908974	0.991566666730245	0.8487666666666667
506	0.03908294528722763	0.9917666666666667	0.8487
507	0.039359094659487406	0.9916833333969116	0.8481666666666666
508	0.03844844590425491	0.99185	0.8488333333333333
509	0.03909314982493718	0.9916333333333334	0.8477666666666667
510	0.03976818472146988	0.9918833333651225	0.8466166667302449
511	0.04006842403411865	0.991516666730245	0.8461833333969117
512	0.039947928194204965	0.9918833333969116	0.8456333333969116
513	0.03950348522265752	0.9918166666666667	0.845
514	0.03944440604050954	0.9917833333333334	0.8463666666666667
515	0.0396469914038976	0.992	0.8434333333333334
516	0.039953545373678206	0.9917666666984558	0.8427500000635783
517	0.0397600289106369	0.991666666730245	0.8438166667302449
518	0.04023213266134262	0.9917	0.8408166666666667
519	0.040640876094500226	0.9913500000635783	0.8425833333651225
520	0.03983166648745537	0.9919000000635783	0.8430166666666666
521	0.03943097407023112	0.9919	0.8442500000635783
522	0.04045167008638382	0.9913833333333333	0.8444833333969116
523	0.040102448060115176	0.9914500000635783	0.8408333333969116
524	0.04050523159305255	0.991716666730245	0.8398666666984558
525	0.040510614621639254	0.9916500000317892	0.8392333333651225
526	0.04095845482349396	0.9920500000317891	0.8377000000317891
527	0.041327822210391364	0.9913833333333333	0.8388
528	0.040974413762489954	0.99125	0.8389833333969117
529	0.040874855709075925	0.9917	0.8392000000317892
530	0.04025025319457054	0.9917666666666667	0.8395000000317892
531	0.04126830103397369	0.9909833333969116	0.8362833333969116
532	0.04106983962257703	0.9916000000317892	0.8346666667302449
533	0.04151003701885541	0.9912500000635783	0.83625
534	0.04190657538175583	0.9914333333969116	0.8366166666984558
535	0.04129568024675052	0.9916166666666667	0.8350500000317892
536	0.04128808835744858	0.9911666666666666	0.8347833333969116
537	0.04093418964942296	0.9914166666666666	0.8367833333651225
538	0.041206531035900114	0.9911000000635782	0.837266666730245
539	0.042365353778998055	0.9913	0.83325
540	0.04263401814699173	0.9912333333969117	0.8337333333651225
541	0.04194160045782725	0.9914	0.8330666666666666
542	0.04153020628094673	0.9914833333969116	0.8334500000635783
543	0.04229031128883362	0.99185	0.8329000000317891
544	0.041726126923163735	0.9915166666666667	0.8331333333969116
545	0.04250062575936318	0.9914333333333334	0.830916666730245
546	0.042190720756848654	0.991366666730245	0.8303333333969116
547	0.04207896331548691	0.9914666666984558	0.8310166666666666
548	0.04226767737269402	0.9912166666666666	0.8289666666666666
549	0.04160145261883735	0.9915833333333334	0.8306333333651225
550	0.04259578658739726	0.9908833333969116	0.8296333333969116
551	0.04236871888836225	0.9912333333333333	0.8296000000635783
552	0.04262374249100685	0.9912333333333333	0.8287333333651224
553	0.04256087539990743	0.9918000000635783	0.8274666666984558
554	0.04247925934990247	0.9914500000635783	0.826316666730245
555	0.043066954600811	0.99155	0.8263333333651225
556	0.04294475630223751	0.9917666666666667	0.8249666666984559
557	0.04261824771165848	0.9915833333651225	0.8277833333333333
558	0.043562072018782295	0.9906666666984558	0.8240166666666666
559	0.04232132630348206	0.9920833333969116	0.8269166666666666
560	0.04360020552873611	0.9915666666984558	0.8240000000317892
561	0.043369602119922634	0.9910333333333333	0.8242333333333334
562	0.04388195312817891	0.9913166666666666	0.8238833333651224
563	0.04267825375398	0.9915833333969116	0.8256500000635782
564	0.043474491572380064	0.991316666730245	0.8226666666984558
565	0.043624689666430155	0.9914833333651225	0.8229666666984559
566	0.04390309926668803	0.9913666666984559	0.8225333333333333
567	0.04335930316448212	0.9908166666666667	0.82275
568	0.04409449360768	0.9912	0.82075
569	0.043965987263123195	0.9913666666666666	0.8229500000317892
570	0.044048222881555556	0.9913	0.8190333333969116
571	0.04420833702882131	0.9913666666984559	0.81755
572	0.04415550838311513	0.9911166666984558	0.8208000000317891
573	0.04324256218870481	0.9915833333333334	0.81985
574	0.0438875262538592	0.9911	0.8186833333969116
575	0.044468301514784495	0.9916666666666667	0.8185000000317891
576	0.04427635399897893	0.9912	0.8188166666984558
577	0.04455571353832881	0.9912000000635783	0.8147833333333333
578	0.04453958592414856	0.9912333333969117	0.8170333333333333
579	0.04501749890247981	0.99115	0.8160166666984559
580	0.044140346988042194	0.9912333333333333	0.8161333333333334
581	0.04523132144808769	0.9906000000635783	0.8135166666984558
582	0.04454481165806452	0.9912333333969117	0.8169666666666666
583	0.044279996478557584	0.9910500000317891	0.8150333333969116
584	0.044424567461013795	0.9910833333969116	0.8153000000635783
585	0.04502182718714078	0.9911666666666666	0.8119666666984559
586	0.04522291607459386	0.9912000000635783	0.8141333333333334
587	0.04481479388078054	0.9913666666666666	0.8120666666984558
588	0.04522169593572616	0.9912500000635783	0.81425
589	0.04513301616509755	0.9907500000317891	0.8139500000317892
590	0.044838287178675336	0.9910000000635782	0.811966666730245
591	0.04506171052853267	0.9906833333651225	0.8129500000317892
592	0.04531234245697657	0.9908333333333333	0.8119333333333333
593	0.04613173818588257	0.9910666667302449	0.8080666666984558
594	0.04568362939755122	0.99095	0.8099
595	0.046262387681007384	0.9907166666666667	0.8073666666666667
596	0.0453242377837499	0.9911833333333333	0.8098166666825612
597	0.046621860684951145	0.9902833333333333	0.8063500000635783
598	0.045624891304969786	0.991	0.8105333333969116
599	0.045587021815776826	0.9911833333333333	0.8083333333969116
600	0.04575651375055313	0.99095	0.8069833333333334
601	0.046312775727113085	0.9907166666666667	0.8075500000635782
602	0.0458118426044782	0.9908	0.8080166666984558
603	0.04576347096761068	0.9914333333969116	0.8061
604	0.04596747757991155	0.9906666666666667	0.8076
605	0.04614373708963394	0.991316666730245	0.8041166666666667
606	0.046553304386138916	0.9913000000317892	0.80345
607	0.046529019649823505	0.99105	0.80255
608	0.04571156083345413	0.9909833333969116	0.8060166666666667
609	0.04682098594506581	0.991216666730245	0.8022666666666667
610	0.04621841527223587	0.99135	0.8020833333333334
611	0.04710135936737061	0.99065	0.801066666730245
612	0.04713639920552572	0.99065	0.8016
613	0.046477125147978464	0.9907333333969116	0.8031500000317892
614	0.046703877568244935	0.9907333333969116	0.8010333333333334
615	0.047183662982781725	0.9909166666666667	0.8022500000317891
616	0.04660314219792684	0.99095	0.8016
617	0.04733611093958219	0.9908333333333333	0.7995000000635782
618	0.04718950010538101	0.9907333333969116	0.80025
619	0.04710668651262919	0.991	0.7984333333969116
620	0.0470285396695137	0.9906	0.7991000000635783
621	0.04706660128434499	0.9911	0.79845
622	0.047331982775529226	0.99115	0.7977666666984559
623	0.04774674967130025	0.9911000000317891	0.794616666730245
624	0.04744368283351262	0.9907000000635783	0.7976500000635783
625	0.04769942129453023	0.9908166666666667	0.7981166666666667
626	0.04794962290128072	0.9905833333333334	0.7938666666984558
627	0.04696455399592717	0.9910000000317891	0.7964000000635783
628	0.047781069386005404	0.9905833333969116	0.7945833333651224
629	0.04739403351545334	0.9905666666666667	0.7954000000635782
630	0.048294533487161	0.9905000000317892	0.7944500000317891
631	0.048319446029265724	0.9906833333333334	0.793766666730245
632	0.04806567019224167	0.9912833333969117	0.7924000000635782
633	0.047990784871578214	0.9907333333333334	0.7936833333969117
634	0.04800681565602621	0.9911666666666666	0.7922333333969116
635	0.04829520915945371	0.9908333333333333	0.7926
636	0.04770145527124405	0.9909833333969116	0.7932666666666667
637	0.04886259040435155	0.990516666730245	0.7923333333969116
638	0.04862121993700663	0.9908333333969116	0.7888000000317892
639	0.04816788654724757	0.9902	0.7920666666984558
640	0.04812578206459681	0.9909500000635783	0.7905500000317891
641	0.04836018543243408	0.9908	0.7889500000317892
642	0.048287310492992404	0.9913000000317892	0.7879333333651225
643	0.04903388170003891	0.99055	0.7905166666666666
644	0.04836766369342804	0.9909666667302449	0.7901166666984558
645	0.04842667758266131	0.9910666666666667	0.7864000000635782
646	0.04904791057507197	0.9907166667302449	0.7856166666825612
647	0.048908098252614336	0.9909666666666667	0.7854166666666667
648	0.049540595436096194	0.9908333333969116	0.7843000000158946
649	0.049115927398204806	0.9912166666666666	0.7852666666666667
650	0.04927304882208506	0.9908166666984558	0.7843333333651225
651	0.048925505608320236	0.9908	0.7847666666984559
652	0.049690304140249886	0.9909000000635783	0.7833166666666667
653	0.048617096499602	0.9909500000635783	0.7859000000635783
654	0.049413231337070464	0.9908333333333333	0.7844000000635782
655	0.05019364235003789	0.9902666666666666	0.7814500000317891
656	0.04997589070002238	0.9905	0.7829666666666667
657	0.049299788069725035	0.9906333333333334	0.7834000000635782
658	0.04932915837367376	0.9905333333333334	0.7828833333651225
659	0.050009994475046796	0.9908333333333333	0.7808000000158946
660	0.05001326158444087	0.9908833333333333	0.7774833333651224
661	0.04935957951148351	0.9905500000317892	0.7814166667302449
662	0.05021541090806325	0.9908333333333333	0.7802166666984558
663	0.050274656983216606	0.9910333333333333	0.7784
664	0.049931877120335894	0.9909666666666667	0.7792666666984558
665	0.05033501038153966	0.9907500000317891	0.7787000000317892
666	0.05032829660177231	0.9904000000635783	0.7773000000317891
667	0.04996410337487857	0.990666666730245	0.7772333333333333
668	0.05074173357486725	0.9901833333333333	0.7787166666666666
669	0.050238537418842315	0.9900833333651224	0.77685
670	0.04998597559134165	0.9906000000317892	0.7788333333651225
671	0.05053057552973429	0.9907166666984558	0.7751166666666667
672	0.05006774359941483	0.9907333333969116	0.7769166666984558
673	0.05099376908540726	0.9908333333969116	0.7744166666666666
674	0.05048366712729136	0.9909000000635783	0.7760500000317891
675	0.05044879887898763	0.9904833333969116	0.7751500000317891
676	0.05067621671358744	0.9906666666984558	0.7739833333651225
677	0.05076994582414627	0.9907833333969116	0.7737166666666667
678	0.051337106120586395	0.9905833333969116	0.7708000000158945
679	0.05021479186415672	0.9910333333333333	0.7743833333969116
680	0.05136530414024989	0.9899666667302449	0.7728333333492279
681	0.05154972806771596	0.9900166667302449	0.7698833333492279
682	0.05060496617158254	0.9909666667302449	0.7712166666666667
683	0.05158185797135035	0.9903000000635783	0.7702
684	0.05142975384791692	0.9906500000635783	0.7707
685	0.05088252761363983	0.9908166666666667	0.7703833333333333
686	0.05182497779925664	0.9897666667302449	0.7687000000317892
687	0.05165435750087102	0.9906166666666667	0.7684500000635783
688	0.051121169420083365	0.990516666730245	0.7693500000635783
689	0.05260861249367396	0.9899166666666667	0.7679000000635783
690	0.05198298681974411	0.9903166666666666	0.7668
691	0.051889145012696584	0.9902333333333333	0.7673333333969117
692	0.050995879336198174	0.9906166666666667	0.7679666666984558
693	0.05145472803513209	0.9905333333333334	0.7680333333492279
694	0.05194184593756994	0.9903333333333333	0.7658166666666667
695	0.05182290480534236	0.9905333333969116	0.7686500000635783
696	0.052071379307905834	0.990666666730245	0.7673333333333333
697	0.05129785945812861	0.9902	0.7685333333651225
698	0.05235508213440577	0.9905666666666667	0.764183333349228
699	0.05117693399588267	0.9909166666666667	0.7652666666825613
700	0.052127885576089224	0.9906166666984558	0.7640166666984558
701	0.0526300093015035	0.98965	0.7611666666666667
702	0.05216532036066055	0.9900333333651224	0.7641333333333333
703	0.05221778416633606	0.9902500000317891	0.7652000000317891
704	0.051965468752384184	0.9909	0.7633500000317891
705	0.0528404934724172	0.9905333333969116	0.7622000000635782
706	0.05300827097098033	0.9903500000635783	0.7588500000317892
707	0.05243484869003296	0.9901000000635782	0.7606666666984558
708	0.0523528516292572	0.9902833333969117	0.7616000000158946
709	0.05351098388433456	0.9898166666666667	0.7602
710	0.05237618446747462	0.9903500000635783	0.75995
711	0.052892365845044455	0.9900166667302449	0.7596333333651225
712	0.05347428940534592	0.9907666666984558	0.7589666666984558
713	0.05308609836498896	0.9902	0.7583833333333333
714	0.05277066356738409	0.9904833333651225	0.7559333333492279
715	0.052642409594853716	0.9905500000317892	0.7580000000317891
716	0.05276047734419505	0.9901666666666666	0.7597166666666667
717	0.05259380933443705	0.9904166666666666	0.757366666730245
718	0.05322286347945531	0.9900000000635782	0.7559333333651225
719	0.05345871090094249	0.9901166666666666	0.7587666666825612
720	0.05403433698018392	0.989616666730245	0.7557333333333334
721	0.05371113268136978	0.9902333333969117	0.7569666667302449
722	0.0529964677810669	0.9904000000635783	0.7555166666825612
723	0.053576837237675985	0.9901833333333333	0.7553666666666666
724	0.05312977758646011	0.9907333333333334	0.752666666730245
725	0.05336050297021866	0.9908000000635783	0.7546333333333334
726	0.05367404350837072	0.9899500000635783	0.7546333333333334
727	0.05328191554148992	0.9906000000635783	0.75345
728	0.053818648115793864	0.9901166666666666	0.7523000000317891
729	0.0534464718858401	0.9902833333969117	0.7544666666825612
730	0.05361089044411977	0.9904666666666667	0.7518666666984558
731	0.05344327253897985	0.9904333333969116	0.7511833333651224
732	0.053594254088401794	0.990216666730245	0.75235
733	0.05369926462968191	0.98995	0.7534833333651225
734	0.054471781158447266	0.9903333333333333	0.7486833333333334
735	0.054182261470953626	0.9904500000635783	0.7493
736	0.054195640484491985	0.9904	0.7513666666666666
737	0.05393750522534053	0.9900666666984558	0.75225
738	0.05373685255050659	0.9907666667302449	0.7494
739	0.053638644576072696	0.99015	0.7497
740	0.054494204338391625	0.9902166666666666	0.7468833333651225
741	0.05469414829413096	0.9900333333651224	0.7465166666666667
742	0.054186976818243665	0.9907	0.7475833333651225
743	0.05429486616055171	0.9902833333969117	0.746566666730245
744	0.0550761977493763	0.9894	0.7481
745	0.054104939158757526	0.99065	0.7476333333492279
746	0.05480097851753235	0.9905	0.74455
747	0.05529643840392431	0.98995	0.7457333333969116
748	0.05489982729355494	0.990116666730245	0.7428333333651225
749	0.05496753978729248	0.9898166666666667	0.7421
750	0.05472877914508184	0.9906333333651225	0.7438333333333333
751	0.054222150417168935	0.990666666730245	0.7435666666666667
752	0.05504868844747543	0.9901666666666666	0.7421833333651224
753	0.05457106057008108	0.9903333333969117	0.7447333333412807
754	0.054717470602194465	0.9905000000635783	0.7412166666825613
755	0.055203426623344425	0.9902333333651224	0.74195
756	0.055132658767700196	0.9906500000635783	0.7410833333333333
757	0.0558271088719368	0.9902000000635783	0.7410000000317891
758	0.054819998900095625	0.9901833333333333	0.7399833333333333
759	0.0547883455991745	0.99055	0.7439166666984558
760	0.054897762946287794	0.9910166666984558	0.73795
761	0.05606961090564728	0.9900666666666667	0.7368333333333333
762	0.05508011927207311	0.990166666730245	0.7391166666825613
763	0.055469305058320366	0.9899166666666667	0.7398000000317891
764	0.05564755295912425	0.9900166667302449	0.7415000000158946
765	0.054904467523097994	0.990616666730245	0.7363833333651225
766	0.05505923068324725	0.9901000000635782	0.7417333333651225
767	0.0551593789656957	0.9898833333333333	0.7377000000158945
768	0.055169947652022044	0.9901333333969117	0.7378666666984558
769	0.056285989864667256	0.9894833333333334	0.7365
770	0.05655207027594249	0.9899333333651225	0.7370500000158946
771	0.05647241196235021	0.9898500000635783	0.7362000000317891
772	0.0553350757877032	0.9908666666666667	0.7326333333651225
773	0.05693248649438222	0.9896833333969116	0.7322833333651225
774	0.05638057197729746	0.9898166667302449	0.7332000000158946
775	0.05577353818416596	0.9899166667302449	0.7355666666984558
776	0.056147461422284446	0.9902166666984558	0.7321666666666666
777	0.05619299649000168	0.9905333333333334	0.72955
778	0.05624662709236145	0.9898166667302449	0.7344166666666667
779	0.05626659052371979	0.9902000000317891	0.7342166666984558
780	0.05607658732732137	0.9899333333333333	0.7331833333492279
781	0.056390141248703	0.9898	0.7304833333492279
782	0.05679351552724838	0.9900333333969116	0.7291000000317891
783	0.05648256840705872	0.9899333333969116	0.73
784	0.05615826732317607	0.9900166667302449	0.7331333333333333
785	0.055962105890115105	0.9897833333651225	0.7299000000158946
786	0.057056077508131665	0.9891833333969117	0.7274333333333334
787	0.05642330847978592	0.9904666666666667	0.7302666666984559
788	0.05645832573970159	0.9897833333651225	0.7316833333333334
789	0.05644028106133143	0.9899333333651225	0.7280000000158946
790	0.057043486511707306	0.9903000000635783	0.7287166666666667
791	0.05726967278321584	0.98965	0.7258333333333333
792	0.057589808066685996	0.9903	0.7266500000317891
793	0.05692696801821391	0.9902500000635783	0.7267000000158945
794	0.05690887747605642	0.9901166666666666	0.72625
795	0.057544095400969185	0.98995	0.7245833333492279
796	0.05690735314687093	0.9899833333651225	0.7248666666666667
797	0.05775967695315679	0.99015	0.7227166666825613
798	0.05743101961215337	0.9897	0.7244666666825612
799	0.0571968473871549	0.9899166667302449	0.7251166666825613
800	0.05741000229120254	0.9898166667302449	0.72135
801	0.05734500067631403	0.98985	0.7236000000079473
802	0.05683132243951162	0.9901333333333333	0.7252500000158946
803	0.056846369981765746	0.9903000000635783	0.7257
804	0.057267854563395185	0.9901833333333333	0.7227333333651225
805	0.057097824517885844	0.9900500000635782	0.7239833333333333
806	0.05774038294951121	0.9901833333969117	0.7185500000158945
807	0.05752199198404948	0.9901500000635783	0.7233500000317892
808	0.05759059208234151	0.9896666666666667	0.7232833333333333
809	0.05765810637871424	0.989666666730245	0.7238166666825613
810	0.057915825533866885	0.9897833333969116	0.7205500000158945
811	0.057752065209547676	0.9900333333969116	0.7180166666825613
812	0.057265688387552895	0.9901833333969117	0.7211333333412806
813	0.05919013927380244	0.9891	0.7217500000158946
814	0.0578128312587738	0.9899833333969116	0.7194500000158945
815	0.05820851330757141	0.989566666730245	0.7161166666984559
816	0.057527806528409324	0.9899166667302449	0.719783333349228
817	0.05782213403383891	0.9901	0.7188166666666667
818	0.0583236426393191	0.98975	0.7161000000158946
819	0.05941095278263092	0.9894500000635783	0.7173500000317892
820	0.05811812680562337	0.9900166667302449	0.7144666666666667
821	0.05846473557949066	0.9895000000635783	0.7156333333412807
822	0.05825230105717977	0.9897166666984558	0.7175166666825612
823	0.05920212779045105	0.9892833333969117	0.7148666666666667
824	0.058397954694430036	0.9906333333651225	0.7181500000158946
825	0.0587525674978892	0.98955	0.7170500000317891
826	0.05824421378771464	0.9904333333651225	0.7154833333492279
827	0.05839917312860489	0.9899666666666667	0.7149333333492279
828	0.05756024702787399	0.9902833333969117	0.7158
829	0.05866637573242187	0.9897166667302449	0.7124833333412807
830	0.05830037811199824	0.99	0.7157
831	0.058683595899740856	0.990166666730245	0.7181166666746139
832	0.05899848335584005	0.9894666666984558	0.7122000000158946
833	0.05904198207060496	0.9898666667302449	0.7102666666984558
834	0.059926878496011096	0.98925	0.7082166666666667
835	0.05862458874384562	0.9898166667302449	0.7105000000158945
836	0.05921383897463481	0.9898833333651225	0.7118333333412806
837	0.059501375301678976	0.9892833333969117	0.7095166666666667
838	0.05931942356030146	0.9896666666984558	0.7079500000158946
839	0.0587196336666743	0.9899000000317891	0.7097166666825613
840	0.0595518942395846	0.9897666666666667	0.7078666666984558
841	0.060217386563618976	0.9895833333333334	0.7093166666746139
842	0.05945752010345459	0.9892000000635783	0.7046666666666667
843	0.058823646998405456	0.9899333333333333	0.7084
844	0.05930893069108327	0.990266666730245	0.7073833333333334
845	0.058510491987069445	0.9901833333333333	0.7127000000317891
846	0.059771230121453606	0.9898666667302449	0.7089666666666666
847	0.05965944635073344	0.9900833333969116	0.7048833333412806
848	0.059408619725704194	0.989416666730245	0.7057500000158946
849	0.05971573744614919	0.9896000000635783	0.7102500000158946
850	0.05949252774715424	0.9899500000635783	0.7085666666825612
851	0.05891187617381414	0.9901333333333333	0.70565
852	0.058802495114008584	0.98965	0.709683333349228
853	0.05939026645421982	0.9898333333969116	0.7070333333651225
854	0.05927626067797343	0.9900166667302449	0.7078333333412806
855	0.05934657511711121	0.9895333333651225	0.7067166666984558
856	0.059231067403157554	0.9900166666984558	0.707616666674614
857	0.060525543518861136	0.9894000000635783	0.6981500000158946
858	0.059819131835301714	0.9896333333651225	0.7064000000158945
859	0.06007204449971517	0.9901333333333333	0.7013833333412807
860	0.06016732662121455	0.989616666730245	0.7015000000158945
861	0.06016386280059814	0.98965	0.7062666666825612
862	0.06040761114358902	0.9899666666984558	0.7013500000079473
863	0.0597139830271403	0.9897666667302449	0.7083166666746139
864	0.05972632001241048	0.9900333333651224	0.6971
865	0.059930223743120827	0.9896333333651225	0.702616666674614
866	0.059747729738553364	0.9898666667302449	0.7035833333333333
867	0.06022339768012365	0.9896666666666667	0.6992166666984558
868	0.06039221975008647	0.9895500000317892	0.7040833333412806
869	0.05980122298002243	0.9898	0.7044666666984558
870	0.06060830939213435	0.9899333333333333	0.6977000000317891
871	0.06003626707394918	0.9898333333333333	0.700633333349228
872	0.059731895462671915	0.9897000000317892	0.7010166666984559
873	0.0603354098478953	0.9898833333651225	0.69725
874	0.06084165217876435	0.9892833333333333	0.6963333333333334
875	0.06090010788440704	0.9898666666666667	0.6950166666746139
876	0.06199642153580984	0.988416666730245	0.6931833333412806
877	0.06013055358727773	0.9900666667302449	0.7012000000158946
878	0.060534096256891885	0.9890500000635782	0.6973833333651225
879	0.060793988792101544	0.9890500000635782	0.6990166666825612
880	0.06101395200888316	0.9895333333969116	0.6966000000158946
881	0.060386711605389914	0.9898000000317891	0.6937166666825613
882	0.060355544062455496	0.989	0.6978833333333333
883	0.06110179156462352	0.9894166666666667	0.6945166666825613
884	0.0600342297633489	0.9901	0.69575
885	0.06077670966784159	0.9893666666666666	0.699666666674614
886	0.06168693962891897	0.9893166666984559	0.6916000000079473
887	0.060560718182722725	0.98995	0.6979500000158946
888	0.061475533560911816	0.9893500000317892	0.6935500000158946
889	0.06099709179798762	0.9896333333333334	0.6948500000079473
890	0.06120902596314748	0.9896666666666667	0.6926666666666667
891	0.061271996863683065	0.9898500000317891	0.6926500000158946
892	0.06074189159075419	0.9898	0.6895
893	0.060518571416536965	0.9897333333969116	0.6945333333651225
894	0.061307208824157716	0.9894666666984558	0.6958666666984558
895	0.06155467286904653	0.98915	0.6869666666746139
896	0.061854599134127296	0.989166666730245	0.6907833333412806
897	0.061322736938794455	0.9897166667302449	0.6933666666666667
898	0.06140784879525502	0.989566666730245	0.6895333333333333
899	0.06078071740865707	0.9895000000635783	0.6918666666984558
900	0.06174913716316223	0.98945	0.68955
901	0.06082725030382474	0.99	0.6929666666984559
902	0.06227381673653921	0.9896333333333334	0.6904166666984558
903	0.06120446813106537	0.9896333333969116	0.6913000000079473
904	0.06238347073396047	0.9894666666666667	0.68275
905	0.06134689481258392	0.990216666730245	0.6884666666825613
906	0.061137841709454854	0.9896166666984558	0.692583333349228
907	0.061485586524009705	0.9894333333333334	0.6864000000079473
908	0.061727276571591695	0.9893666666666666	0.6856333333492279
909	0.062458166964848835	0.9893666666666666	0.6842833333651225
910	0.061720724642276764	0.9890166667302449	0.68515
911	0.06114279998143514	0.9893833333969116	0.6901833333333334
912	0.06164402170976003	0.9894	0.6880333333651225
913	0.06226961443424225	0.9888833333969116	0.6830333333651225
914	0.062051521380742394	0.9895000000635783	0.6883166666666667
915	0.061443729225794476	0.9892833333651225	0.6804
916	0.06151485410928726	0.9902666666666666	0.6818833333412806
917	0.06264856281677882	0.989116666730245	0.6828666666825612
918	0.06185668327013651	0.9896166666666667	0.6890500000317892
919	0.061596083903312684	0.9895666666984558	0.6849333333492279
920	0.061554466088612876	0.9899166666666667	0.6875500000158946
921	0.06176502598126729	0.989516666730245	0.687566666674614
922	0.06272144277890523	0.9894500000635783	0.67835
923	0.0624062592347463	0.9897500000635783	0.6858666666984559
924	0.06204384597539902	0.9894333333969116	0.6818333333412806
925	0.06253817628224691	0.9894333333969116	0.684466666674614
926	0.061937243044376374	0.9895333333333334	0.6790000000317892
927	0.062483961296081546	0.9896833333969116	0.6800333333651225
928	0.06275798485676448	0.98905	0.6748333333333333
929	0.06152254705031713	0.99	0.68425
930	0.06249091879526774	0.9896666666666667	0.682333333337307
931	0.06211667873064677	0.9899	0.6838166666825612
932	0.06212186869382858	0.9897666666666667	0.6815833333492279
933	0.0630945149421692	0.9886000000635783	0.6837166666666666
934	0.062062029512723285	0.9897333333333334	0.6835833333333333
935	0.061906436336040496	0.9897333333333334	0.6830000000079472
936	0.06316553734540939	0.9890666666666666	0.6760833333333334
937	0.062433492143948874	0.9891000000317891	0.6765666666825613
938	0.06291293253103893	0.9892833333969117	0.6802333333333334
939	0.06288232049147288	0.9896333333969116	0.6801000000158945
940	0.0627729910492897	0.9894333333333334	0.6770500000079472
941	0.0627923488577207	0.9893333333969117	0.6748333333333333
942	0.06264779044787089	0.9893000000635783	0.679633333337307
943	0.06284300517638525	0.9900166667302449	0.6757000000158946
944	0.06341676199038823	0.9892500000635783	0.6759833333492279
945	0.062316998545328774	0.9896333333333334	0.6816500000317891
946	0.0636173991203308	0.9894500000317892	0.6776000000158946
947	0.0627871069629987	0.9895666666984558	0.6762666666825612
948	0.06325398960908254	0.9893000000317892	0.6757166666666666
949	0.0635386382818222	0.98895	0.6771166666706403
950	0.06316462381680807	0.9893333333969117	0.6722500000158945
951	0.06330852228005728	0.9891833333333333	0.6757
952	0.06349550527731578	0.989616666730245	0.6741833333492279
953	0.06255438989798227	0.9895666666984558	0.67545
954	0.06389744378725688	0.9895500000635783	0.67105
955	0.06350549237330755	0.9890166667302449	0.6699333333492279
956	0.06353601343631744	0.9891666666984558	0.6763666666706403
957	0.06327653711636862	0.98945	0.6729333333333334
958	0.06438714981079102	0.9892500000635783	0.669833333337307
959	0.06350062781572342	0.9894333333651225	0.6722333333333333
960	0.06355174173514049	0.9895166666666667	0.6688500000158946
961	0.06347376764615377	0.9894333333969116	0.6732333333651225
962	0.06336441264152527	0.9890666667302449	0.6752833333412807
963	0.06376582845846812	0.98975	0.6715833333412806
964	0.0633241738319397	0.98955	0.6754166666666667
965	0.06317777656714121	0.9898333333969116	0.6718
966	0.06304229878584544	0.9895000000635783	0.6687
967	0.06356118700106939	0.9892833333333333	0.6708000000158946
968	0.06322578160365423	0.98985	0.676
969	0.06339344971577326	0.9894333333969116	0.6717000000158946
970	0.06327529021104177	0.9895833333333334	0.6704666666666667
971	0.0630131665388743	0.9896166666666667	0.6739333333651225
972	0.06423801035881042	0.9889333333333333	0.6587333333333333
973	0.0637382390499115	0.9893	0.6679666666825612
974	0.06387544942696889	0.9892333333333333	0.6731000000158945
975	0.06283078634738923	0.9892333333651224	0.6735833333492279
976	0.06327592059373856	0.98915	0.6702166666666667
977	0.06345521440505981	0.9894500000317892	0.666216666674614
978	0.06499279128313065	0.9898166667302449	0.6563833333333333
979	0.06363480483293533	0.9899833333651225	0.6657166666825612
980	0.0636410917520523	0.989266666730245	0.6700166666984558
981	0.06392472406228383	0.9891666666666666	0.668216666674614
982	0.06403487077554067	0.9892000000317891	0.6596333333492279
983	0.0639061812957128	0.9893333333333333	0.6668166666984559
984	0.06357302951812745	0.9894500000635783	0.6661833333333333
985	0.06374191334247589	0.989116666730245	0.6756000000158946
986	0.06425989906787873	0.9894833333333334	0.6645166666825613
987	0.06420875544548035	0.9891	0.6637
988	0.06440452758471171	0.989116666730245	0.6615666666666666
989	0.06425999462604523	0.9890500000635782	0.6667833333412806
990	0.06454691099325816	0.98895	0.6654666666825613
991	0.06405406448046366	0.9896833333651225	0.6667166666746139
992	0.06490439687569936	0.9899166667302449	0.65975
993	0.06429558134078979	0.9896000000317892	0.6592500000079473
994	0.06361148960987727	0.9894500000635783	0.66655
995	0.06462314760287603	0.9892500000635783	0.6605333333333333
996	0.06508622281153997	0.988616666730245	0.6644833333492279
997	0.06500247220198313	0.9887333333333334	0.663366666674614
998	0.06487561809221903	0.9884666666666667	0.6618166666706403
999	0.06460813631216684	0.9898500000635783	0.6579166666666667
1000	0.06411413564284643	0.9895	0.6637500000079473
1001	0.06438111431996027	0.9894666666666667	0.6682333333333333
1002	0.0647467540661494	0.9889500000635782	0.6588333333412806
1003	0.06407608691453934	0.9891666666666666	0.6638500000158946
1004	0.06492620120843251	0.9896166666666667	0.655116666674614
1005	0.06462994154294333	0.9891000000635782	0.6632500000158946
1006	0.06405134674708049	0.9892500000317891	0.6611666666706403
1007	0.06510578178564708	0.9886333333969116	0.6646666666746139
1008	0.06411903086503347	0.9897833333969116	0.667333333349228
1009	0.06480232129891714	0.9891000000317891	0.6539166666666667
1010	0.064016659339269	0.9891333333651224	0.6671333333651225
1011	0.064858973133564	0.9894666666984558	0.66045
1012	0.06492945830027262	0.9894166666666667	0.6591
1013	0.0648681595047315	0.9898333333333333	0.6576166666746139
1014	0.06517300311724344	0.9893166666666666	0.6586666666825612
1015	0.0643888077100118	0.9896833333333334	0.6600500000079473
1016	0.06509345425764719	0.9890833333333333	0.6560333333412807
1017	0.06508066436449687	0.9892500000635783	0.6574000000158946
1018	0.06436743977069855	0.98895	0.6602000000158945
1019	0.06558696490923564	0.9892666666984559	0.6584833333333333
1020	0.0657931593577067	0.989	0.6559666666666667
1021	0.06578593596617381	0.988666666730245	0.6608166666984558
1022	0.06515877605279287	0.9895333333651225	0.64995
1023	0.0653935659925143	0.9893	0.6605833333492279
1024	0.06494605487187703	0.9893000000317892	0.6552333333412806
1025	0.06602762117385864	0.9887666666666667	0.6461000000039736
1026	0.06563492189248403	0.9890500000635782	0.6600833333412807
1027	0.06532316387097041	0.9891833333333333	0.6634000000158946
1028	0.06518904263973237	0.9890666666984558	0.6512333333373069
1029	0.06468156731923422	0.9894333333651225	0.6588833333492279
1030	0.06566268997987111	0.9896333333969116	0.6507333333333334
1031	0.0652336905002594	0.9891333333333333	0.6521666666825613
1032	0.06499164269765217	0.9894500000635783	0.6535833333412806
1033	0.06501055922508239	0.9895333333969116	0.6503833333412806
1034	0.0656175720334053	0.9887166666666667	0.6560166666825612
1035	0.06487666668097178	0.9893500000635783	0.6553166666666667
1036	0.06610663095315297	0.9884833333969116	0.6551
1037	0.06681651644706726	0.9885666666666667	0.6507500000158946
1038	0.06481000724633534	0.9890833333969116	0.6505666666746139
1039	0.06476554276943207	0.9891833333651224	0.6545000000079473
1040	0.06553034683465958	0.9889666667302449	0.6463666666825613
1041	0.06573311901887258	0.98865	0.6519
1042	0.06726756500403086	0.9884000000635783	0.648416666674614
1043	0.06495607194900513	0.9891166666666666	0.6547333333343267
1044	0.06528074951171875	0.9895833333333334	0.64755
1045	0.06620869429906209	0.9889500000635782	0.65
1046	0.0657360816081365	0.9892333333651224	0.6512000000079473
1047	0.06571278040409088	0.9895833333333334	0.6556666666825612
1048	0.06540485127766928	0.9891333333969117	0.6548500000079472
1049	0.06558781648476919	0.9891833333333333	0.6579000000079472
1050	0.06555631051858266	0.9893333333333333	0.646366666674614
1051	0.06610070905685425	0.9890666666666666	0.642533333337307
1052	0.065717355966568	0.9897166666984558	0.6484000000079473
1053	0.06594581763744355	0.9884500000317892	0.6467000000079473
1054	0.06590956395467122	0.9890000000317891	0.6493833333412806
1055	0.06639955466588338	0.9893166666666666	0.6450666666666667
1056	0.06610726737976075	0.9889500000635782	0.6485500000039737
1057	0.0662789949496587	0.9892833333333333	0.6508000000158946
1058	0.06527465952237448	0.9892500000635783	0.6524666666706403
1059	0.06577563507556915	0.989466666730245	0.6444666666706403
1060	0.0659515024026235	0.9890333333969116	0.6524
1061	0.06668380670547486	0.9893500000635783	0.6452666666706403
1062	0.06663266373475393	0.9895833333333334	0.6394666666746139
1063	0.0657305423895518	0.989166666730245	0.6465666666666666
1064	0.06596310931046803	0.98895	0.6462500000079473
1065	0.06635472030639648	0.9890333333969116	0.642633333337307
1066	0.06640507768789927	0.9887666667302449	0.6492000000039736
1067	0.06581754198074341	0.9893833333651225	0.6510500000019869
1068	0.06611796103318532	0.98935	0.6365166666686535
1069	0.06648084212938944	0.9888	0.6465666666825612
1070	0.06572047672271729	0.9887000000317892	0.6481333333333333
1071	0.0661884527762731	0.9888166667302449	0.6536666666666666
1072	0.06595763113498687	0.9888666667302449	0.64885
1073	0.06651744158665339	0.9888500000635783	0.6425333333492279
1074	0.06573536211649576	0.989316666730245	0.6514
1075	0.06678827779690424	0.9888666666666667	0.6321166666825613
1076	0.06628244762420654	0.9896333333651225	0.6448
1077	0.06589320746262868	0.9897166667302449	0.6497833333412806
1078	0.06729724031289419	0.988616666730245	0.6420500000079473
1079	0.06701652422746023	0.989466666730245	0.6357000000039736
1080	0.06674500890175501	0.9889166667302449	0.640983333337307
1081	0.06618144377072652	0.9889	0.6430666666825612
1082	0.06649445775349935	0.9891666666984558	0.6429000000079473
1083	0.06678001495202382	0.9886	0.6352166666706404
1084	0.06658498150904973	0.9890333333333333	0.6483000000079473
1085	0.0658477454662323	0.9890666666666666	0.65
1086	0.06685511923631032	0.9888166667302449	0.6443166666825613
1087	0.06649665179252624	0.9889500000635782	0.636316666674614
1088	0.06702586075464885	0.9891000000635782	0.645016666674614
1089	0.06701975860198339	0.9891166666666666	0.6354333333333333
1090	0.06747090934117635	0.9886666666984558	0.6357333333353201
1091	0.06704751389026642	0.9890333333333333	0.6367
1092	0.06687370238304138	0.9889333333333333	0.6452333333373069
1093	0.0665748151620229	0.9888166666984558	0.64505
1094	0.06540300629933675	0.9894000000635783	0.6486166666746139
1095	0.06700520725250245	0.9890500000635782	0.6419
1096	0.0670606024503708	0.989266666730245	0.6371
1097	0.06638322416941325	0.989166666730245	0.6446666666666667
1098	0.06676931914488475	0.98905	0.6407833333492279
1099	0.06676051816940308	0.9892	0.6414666666706403
1100	0.06643854384422303	0.9896500000635783	0.6392500000079473
1101	0.06681734742323557	0.9892833333651225	0.645416666674614
1102	0.067232408618927	0.98895	0.6353000000039737
1103	0.06694403982559839	0.9890333333333333	0.6411000000158946
1104	0.06672521963914235	0.98895	0.645683333337307
1105	0.06659085414409638	0.9889333333969116	0.6367166666706403
1106	0.06587456261316935	0.98915	0.6437000000079472
1107	0.06807120191256205	0.9882166666984558	0.627766666674614
1108	0.06628537107308706	0.9890500000317891	0.643266666674614
1109	0.06616254629294077	0.9892333333333333	0.6375166666746139
1110	0.06817465354601542	0.9886166666666667	0.6350333333412806
1111	0.0665945226709048	0.9893000000635783	0.642066666674614
1112	0.06709911343256632	0.9888833333333333	0.6357166666666667
1113	0.06716275409062704	0.9890833333333333	0.6278500000039736
1114	0.06683604499499003	0.989566666730245	0.632683333337307
1115	0.06631765526135762	0.9891500000635783	0.63895
1116	0.06695951705773671	0.9886	0.6407333333333334
1117	0.0671587911605835	0.9890333333333333	0.6389500000079473
1118	0.06666980013847351	0.9890666667302449	0.6358000000079473
1119	0.06689287158648173	0.9894500000635783	0.6364833333333333
1120	0.06710037240982056	0.9890166667302449	0.6406000000039737
1121	0.06725376586914063	0.9891666666666666	0.6328833333333334
1122	0.06734670425653458	0.9894166666666667	0.6339
1123	0.06665601534843445	0.9889666666666667	0.6370000000039736
1124	0.06640694195429483	0.9897166667302449	0.6406500000079473
1125	0.06607204677263896	0.9893	0.6423833333412806
1126	0.06684489130179087	0.9888666666666667	0.640083333349228
1127	0.06704219443798065	0.9891833333333333	0.6353000000079473
1128	0.06684119016329447	0.9887000000635783	0.64115
1129	0.06761032937367757	0.9883666666984559	0.632166666674614
1130	0.06638212292194366	0.9890000000635782	0.6434
1131	0.06799955008029938	0.9887666666666667	0.6300500000079473
1132	0.06706215511163076	0.9889000000635783	0.6420333333353202
1133	0.06675442015329996	0.988416666730245	0.64195
1134	0.06743638904889425	0.9889333333969116	0.6174666666666667
1135	0.06701296257972718	0.9888166666666667	0.6388833333343268
1136	0.06754190328915914	0.9883166666666666	0.6326000000158946
1137	0.06776499486764272	0.988516666730245	0.6313000000039737
1138	0.06785569823582967	0.9890666666984558	0.6276000000079472
1139	0.06721620054244995	0.9887166666984558	0.6319666666666667
1140	0.06707621225516001	0.9889500000635782	0.6297000000019868
1141	0.06759904905160267	0.98855	0.6379500000039736
1142	0.0672759134054184	0.9886333333651225	0.6283333333333333
1143	0.06742814514636994	0.9890000000317891	0.6319000000079473
1144	0.06678471326828003	0.9889333333333333	0.6376333333492279
1145	0.06661420604387919	0.9883166666666666	0.6419333333412807
1146	0.06770554756323496	0.9891000000317891	0.6270500000079473
1147	0.06872948906421661	0.9888166667302449	0.6198833333373069
1148	0.06711774119536082	0.9888333333969116	0.637583333337307
1149	0.06818505860169728	0.9888166667302449	0.6291000000158946
1150	0.06730417920748392	0.989216666730245	0.6331166666666667
1151	0.06731044616301854	0.9890333333969116	0.6338166666706403
1152	0.06801105005741119	0.989366666730245	0.6330166666666667
1153	0.06735172030131022	0.9888666666666667	0.6299000000079473
1154	0.06734505220254262	0.9889333333333333	0.6300166666666667
1155	0.06703392391204833	0.9895500000635783	0.6334333333353201
1156	0.0669975708882014	0.9889333333651225	0.6350333333333333
1157	0.06718231253623963	0.9893	0.6369666666666667
1158	0.06710091363588969	0.9893666666666666	0.6266666666666667
1159	0.068226509475708	0.9894166666984558	0.6256666666666667
1160	0.06690624221165975	0.9887500000317891	0.6279666666666667
1161	0.06772926839192708	0.988116666730245	0.6310000000079473
1162	0.06777906074523926	0.9893666666984559	0.6228166666686535
1163	0.06703764046827952	0.9893666666666666	0.6351333333333333
1164	0.06856032887299855	0.98895	0.6207500000079473
1165	0.06684612330595652	0.9892166666984558	0.6335000000079473
1166	0.06747563101450602	0.9887166666666667	0.6364166666706403
1167	0.06712307513554891	0.9888666666666667	0.633816666674614
1168	0.06739860180219015	0.9893000000635783	0.6342333333412806
1169	0.06813728352387746	0.989	0.6179333333412806
1170	0.06766507736047109	0.9889	0.6340666666686535
1171	0.0672773734887441	0.9896166666984558	0.6274833333333333
1172	0.06756456852753957	0.9890666666984558	0.6220500000079473
1173	0.06795855704148611	0.9887333333969116	0.6185833333412806
1174	0.06771605826218922	0.9886500000317892	0.6340333333333333
1175	0.06714735705852509	0.98925	0.6305500000039737
1176	0.06879527955055237	0.9883500000317892	0.6222166666706404
1177	0.06719208852052688	0.9883666666666666	0.63665
1178	0.0680544462521871	0.9891000000635782	0.6225
1179	0.06805801866054535	0.98865	0.6255666666746139
1180	0.06691241238911946	0.9893333333333333	0.637066666674614
1181	0.06767087684472402	0.9889166666666667	0.6276000000039736
1182	0.06729116570154826	0.9888833333333333	0.6373833333333333
1183	0.06886589692433676	0.9881166666984558	0.62405
1184	0.06738208916187287	0.9888333333333333	0.6321500000158946
1185	0.06804270160198211	0.989	0.6226166666825612
1186	0.06808481693665186	0.9886666666666667	0.6281833333333333
1187	0.0675070075750351	0.9890333333969116	0.6171500000039737
1188	0.06821595445871353	0.9887	0.6248000000158945
1189	0.06886176056861877	0.9886166666666667	0.6207166666666667
1190	0.06739157449007034	0.9888833333969116	0.6373166666666666
1191	0.06821241424878438	0.9888166666666667	0.6304833333412806
1192	0.06755481861829758	0.9891000000635782	0.625433333337307
1193	0.0677709422747294	0.9892000000635783	0.6315500000079473
1194	0.06831993969281515	0.9886333333969116	0.6238166666666667
1195	0.06833745569388072	0.9884333333969116	0.6194166666746139
1196	0.06869975567658743	0.9877500000635783	0.6315833333353201
1197	0.06762249569098154	0.9891500000635783	0.6299500000079473
1198	0.0673393610239029	0.9890333333333333	0.6336333333333334
1199	0.06754188888072968	0.9886833333969116	0.6317500000158945
1200	0.06775134044090907	0.9889333333333333	0.6185166666746139
1201	0.0679274911959966	0.9887166667302449	0.6264666666746139
1202	0.06891453043619791	0.9884333333333334	0.6158833333333333
1203	0.06833001499970753	0.9887666667302449	0.6260500000079473
1204	0.0673830528696378	0.9886	0.6326833333412806
1205	0.06758168712457022	0.9891	0.6302500000079473
1206	0.06798900899092357	0.9888000000635783	0.6271833333333333
1207	0.06766879835128785	0.9888333333651225	0.6210000000079473
1208	0.06822018840312957	0.9889333333333333	0.6212666666746139
1209	0.06744216989676158	0.98875	0.6270500000079473
1210	0.06811936377684276	0.9889333333651225	0.6254166666666666
1211	0.06746844336191814	0.9890833333333333	0.627966666674614
1212	0.06727597697575886	0.9886500000317892	0.6353666666706403
1213	0.0682648615439733	0.9888833333333333	0.62761666666766
1214	0.0681427085161209	0.9894333333333334	0.6197666666666667
1215	0.0681075055917104	0.9885333333333334	0.6227333333412807
1216	0.06798298579057058	0.9880666667302449	0.6337500000079472
1217	0.06846015799840291	0.9884166666984558	0.6278500000039736
1218	0.06779854261080424	0.9888	0.6248500000019869
1219	0.0683811369339625	0.9887666666666667	0.6197000000039736
1220	0.0672511767466863	0.989266666730245	0.6267666666706403
1221	0.06815174841086069	0.9887833333969116	0.6262333333353202
1222	0.06912507813771565	0.9876333333651225	0.6194000000019868
1223	0.06872650864919026	0.9885833333333334	0.6210333333333333
1224	0.06844375450611115	0.9884833333969116	0.6212666666666666
1225	0.06789967180093129	0.9890500000635782	0.6304666666746139
1226	0.06902780780792236	0.9889333333969116	0.6214666666746139
1227	0.06827875425815583	0.9887833333651225	0.6223833333412806
1228	0.06821026121775309	0.98935	0.6223166666666666
1229	0.06763008383115132	0.989	0.62635
1230	0.06782692823410034	0.9885333333969116	0.6276833333492279
1231	0.06892144718964895	0.9880166666984558	0.6254666666706403
1232	0.06781108479897181	0.9890500000635782	0.6286666666825612
1233	0.06835702672799428	0.9888833333333333	0.6141833333412806
1234	0.06908900096416473	0.9885500000635783	0.6102
1235	0.06793141237894694	0.989116666730245	0.6240166666706403
1236	0.06862692027886709	0.9887000000635783	0.6132333333333333
1237	0.06808407069047293	0.9884833333969116	0.6305666666706403
1238	0.06899306131998698	0.9892833333651225	0.614066666674614
1239	0.06843869072596231	0.9889666667302449	0.612633333337307
1240	0.06720556020736694	0.9892333333969117	0.632783333337307
1241	0.06860885206063588	0.9882500000635783	0.6160166666666667
1242	0.06767103784879049	0.9890666667302449	0.6239666666666667
1243	0.06823801449934641	0.9888833333969116	0.6217833333333334
1244	0.070245711962382	0.9881833333969117	0.6171833333343267
1245	0.06847575400670369	0.9895833333333334	0.6159500000039736
1246	0.06824725530147553	0.9889166666666667	0.6211000000158946
1247	0.06800618754227956	0.9893	0.62635
1248	0.06821229972839356	0.9892166666984558	0.6212833333333333
1249	0.06833334079583486	0.9891500000635783	0.6094666666666667
1250	0.06871352380116781	0.98915	0.6216666666686534
1251	0.06843390267690022	0.9882833333969117	0.6184500000019868
1252	0.06893707416852315	0.9891	0.6114833333333334
1253	0.06806179359753926	0.9887666667302449	0.6243333333343267
1254	0.0687329612493515	0.9885833333969116	0.6161500000009934
1255	0.06823378895918528	0.9889166666666667	0.6215500000079472
1256	0.0681484206199646	0.9891833333969117	0.6152833333412806
1257	0.06770812038580576	0.9888666666984558	0.6325000000079473
1258	0.06875713667869568	0.9893000000635783	0.6037833333353202
1259	0.06783699275652567	0.9891666666666666	0.6238000000158945
1260	0.06929570719401042	0.9887333333651225	0.6111833333353202
1261	0.0683959270397822	0.9890666666984558	0.6205166666746139
1262	0.06838022933006287	0.9890333333333333	0.6189
1263	0.06943046630223593	0.9884	0.6191666666666666
1264	0.06831377500693003	0.9892166666666666	0.6134000000079473
1265	0.06794620634714763	0.9891000000635782	0.6237500000039736
1266	0.0681196488459905	0.989166666730245	0.6127500000079473
1267	0.06867934353351593	0.9880500000635782	0.6185500000039736
1268	0.06949304316838582	0.9889333333333333	0.6005833333412807
1269	0.06795248453617096	0.9891000000635782	0.6200000000079473
1270	0.06792113215128581	0.9886833333333334	0.6214333333412806
1271	0.06885082716941833	0.9890500000317891	0.62605
1272	0.06796865805784862	0.98915	0.6233500000039737
1273	0.06880761150519053	0.9890166666666667	0.6150833333333333
1274	0.06768928674062093	0.9892833333651225	0.6236
1275	0.06860868195692699	0.9890333333651224	0.6095833333353201
1276	0.06965391737620036	0.9880333333333333	0.6135666666706403
1277	0.06795665211677551	0.9887166666984558	0.624866666674614
1278	0.06924968927701314	0.9888	0.6146500000079473
1279	0.06825874026616414	0.9890166667302449	0.609766666674614
1280	0.06833605841795604	0.9888500000635783	0.6214500000079473
1281	0.06866126199563344	0.9889666666666667	0.6118333333373069
1282	0.06829593164126078	0.9893000000635783	0.6138333333412807
1283	0.06839882343610128	0.988566666730245	0.6150333333353202
1284	0.06834716190497081	0.9888666666984558	0.6238333333412807
1285	0.06876000978946686	0.9891333333969117	0.6181500000039737
1286	0.06860754134654999	0.9887166666666667	0.6098000000039736
1287	0.06877439818382264	0.9884333333969116	0.6215333333412806
1288	0.06888250929514567	0.98905	0.60855
1289	0.06812270829677582	0.9894666666984558	0.6198666666666667
1290	0.0692392791112264	0.9894166666666667	0.6113666666706403
1291	0.0691945986032486	0.9890500000635782	0.6163666666686535
1292	0.06885084684689839	0.989316666730245	0.619583333337307
1293	0.06871712454160055	0.9884833333969116	0.6228666666676601
1294	0.06909651622772217	0.9886833333651225	0.612083333337307
1295	0.06904985593159993	0.9889833333651225	0.6232833333333333
1296	0.06783284887472789	0.9893166666984559	0.6102666666666666
1297	0.06881756410598755	0.9885666666984558	0.6157833333412807
1298	0.06879038778146108	0.9888000000317891	0.614133333337307
1299	0.0688512354850769	0.9889333333333333	0.6048
1300	0.06944538815816244	0.988616666730245	0.6083000000079473
1301	0.06939429421424866	0.988616666730245	0.6126666666666667
1302	0.06823702405293783	0.9891333333333333	0.6180833333333333
1303	0.06892291139761607	0.989316666730245	0.6113833333333333
1304	0.06893729438781739	0.9886833333969116	0.611666666674614
1305	0.06825033348401388	0.989416666730245	0.6172
1306	0.06832311658064524	0.9886833333333334	0.6195666666706403
1307	0.06864211291074752	0.9890166666666667	0.6202666666706403
1308	0.06841515089670817	0.9890166666984558	0.614916666674614
1309	0.06975764082272848	0.9882333333333333	0.6136666666686534
1310	0.0678886331319809	0.9889833333969116	0.6134166666746139
1311	0.06859013076623281	0.9886333333651225	0.6209333333373069
1312	0.0690339549223582	0.9890833333333333	0.620333333337307
1313	0.06898445206483206	0.98855	0.6145833333412806
1314	0.06850741209983825	0.9891833333651224	0.615633333337307
1315	0.06961006673971812	0.9884333333333334	0.6052500000079473
1316	0.06835085838635763	0.9882333333651224	0.6159500000079473
1317	0.06878667968114217	0.9890333333651224	0.6103166666666666
1318	0.0693961548646291	0.98925	0.6002000000009934
1319	0.06876590227286021	0.9889833333969116	0.6128833333412806
1320	0.06888273005485535	0.9886333333333334	0.6068666666706403
1321	0.06895719234148662	0.988566666730245	0.6168666666666667
1322	0.06840572454929351	0.988516666730245	0.6225000000079473
1323	0.06862058973312378	0.9888333333651225	0.612
1324	0.06859412674109142	0.9890000000317891	0.6049666666666667
1325	0.06964885437488556	0.989266666730245	0.59698333333383
1326	0.06915575348933538	0.9894166666666667	0.6255833333412806
1327	0.0694339744091034	0.9887	0.6082
1328	0.06737250574032466	0.9893333333333333	0.6199000000039736
1329	0.06871979891459147	0.989216666730245	0.6095500000009935
1330	0.07013835098743439	0.98905	0.600716666674614
1331	0.068331547276179	0.98895	0.6190833333412806
1332	0.06966956664721172	0.9886500000635783	0.5927166666666667
1333	0.06912139038244883	0.9889000000635783	0.607866666674614
1334	0.06924259204069773	0.989116666730245	0.5986500000079473
1335	0.06816781806151072	0.9888333333333333	0.6199000000079473
1336	0.06853039479255676	0.9883333333969117	0.6139333333343268
1337	0.06919878254731496	0.9885833333969116	0.605816666674614
1338	0.06846983739535013	0.98925	0.6128500000079473
1339	0.06902700904210408	0.9888666666666667	0.6003833333333334
1340	0.068537149087588	0.9888833333333333	0.6100333333412806
1341	0.06850434226195018	0.9890500000635782	0.6140666666666666
1342	0.06867887444496155	0.9888166666666667	0.6043666666746139
1343	0.06829907921950022	0.9892500000317891	0.6119666666666667
1344	0.06898711448907852	0.9894833333333334	0.6045166666666667
1345	0.06986469406286876	0.9883000000635783	0.6050833333333333
1346	0.06928470638593037	0.989	0.6084333333333334
1347	0.06857985451221466	0.9887	0.6127166666686535
1348	0.06904179123242696	0.9885	0.6084500000009934
1349	0.06970601477622985	0.9889666666666667	0.612233333337307
1350	0.06887649505138398	0.9887833333333333	0.6065666666686534
1351	0.0684458962281545	0.9893166666666666	0.6120833333412806
1352	0.06848903956413269	0.9894333333651225	0.612233333337307
1353	0.06986666140556336	0.9881500000635783	0.6088166666666667
1354	0.06934120037555695	0.9889833333969116	0.6096333333343268
1355	0.06895037813186645	0.9884833333969116	0.6058333333333333
1356	0.06819440858364105	0.98915	0.6146666666706403
1357	0.06945973854064941	0.9886166666666667	0.6094333333333334
1358	0.06963566278616587	0.9888500000635783	0.6009666666671634
1359	0.0688970674196879	0.9889833333969116	0.60585
1360	0.06822377688884736	0.9889	0.6121333333412806
1361	0.06871250457763672	0.9889	0.5968833333343267
1362	0.06859926431179046	0.9893500000635783	0.6048333333333333
1363	0.06893619515895844	0.9891166666984558	0.6112166666746139
1364	0.06960428384939829	0.9889833333969116	0.6052833333333333
1365	0.06979386741320293	0.989216666730245	0.5954666666666667
1366	0.06951984186172486	0.9883000000635783	0.6089
1367	0.06917785183588664	0.98885	0.6006000000004967
1368	0.06934103362560272	0.9887666667302449	0.5995833333492279
1369	0.06883789489269257	0.9887333333333334	0.6016333333412807
1370	0.06914834033648173	0.9888166666666667	0.6131166666666666
1371	0.06942146871884664	0.988566666730245	0.5997666666706403
1372	0.06919059875806173	0.9891333333333333	0.6022833333333333
1373	0.0704472934405009	0.98815	0.5943166666706403
1374	0.0688492316643397	0.9890333333333333	0.6168333333373069
1375	0.06942672290007273	0.9889000000317891	0.6030333333333333
1376	0.06885835144519806	0.9893833333333333	0.607766666674614
1377	0.06852201154232025	0.988466666730245	0.613683333337307
1378	0.0693561262289683	0.9887666667302449	0.604133333337307
1379	0.0693674667040507	0.9885500000635783	0.6058666666706403
1380	0.06851897540092468	0.9891333333333333	0.604966666674614
1381	0.0702150729338328	0.9887666666666667	0.6003000000079473
1382	0.06895092255274454	0.98885	0.6042500000158946
1383	0.07004987645149231	0.9881666666984558	0.6019166666666667
1384	0.06926350387732189	0.9886833333333334	0.5975166666666667
1385	0.06926785163879394	0.9890000000635782	0.607583333337307
1386	0.06899527801672617	0.9889666667302449	0.6028500000079473
1387	0.06973939669926961	0.9886833333969116	0.6008000000039736
1388	0.06949654273986816	0.9885666666984558	0.600083333337307
1389	0.06947431796391805	0.9891166666984558	0.5967000000079473
1390	0.06966276887257894	0.9888166667302449	0.6111833333333333
1391	0.07176276435852051	0.9870666667302449	0.593866666674614
1392	0.06854437847137451	0.9887666666666667	0.6177333333343268
1393	0.06920097409089407	0.9894333333333334	0.6056666666686535
1394	0.07059821658929188	0.9888000000317891	0.5973500000079472
1395	0.06867396420637767	0.989	0.6119000000079473
1396	0.0690582533955574	0.9888166667302449	0.6031500000019868
1397	0.06960035543441773	0.9883	0.6103000000079473
1398	0.06975106627941131	0.9886166666984558	0.604
1399	0.06917778979937235	0.9890833333333333	0.5985333333333334
1400	0.07054106274445851	0.9877333333333334	0.5957333333333333
1401	0.06932334141731263	0.9890000000635782	0.6026333333412807
1402	0.06860743005275727	0.9887166667302449	0.6048333333353202
1403	0.06918808078765869	0.988616666730245	0.6051000000019868
1404	0.06930827558835348	0.9885166666666667	0.599633333337307
1405	0.06910847856998444	0.98945	0.60885
1406	0.06931610215504964	0.9886666666666667	0.60575
1407	0.06995500903129577	0.9885333333651225	0.6001166666666666
1408	0.0689362417459488	0.9891000000317891	0.609
1409	0.07083658503691355	0.9883333333969117	0.589
1410	0.0704819546699524	0.988516666730245	0.5938000000039736
1411	0.06924546298980713	0.9890500000635782	0.6021666666671633
1412	0.0701808845559756	0.9891833333333333	0.6012666666746139
1413	0.06897185038725535	0.9886666666666667	0.60926666666766
1414	0.06941705827713013	0.9891000000317891	0.6003500000019868
1415	0.06972523883581161	0.98935	0.591083333337307
1416	0.06929467415809631	0.9887500000317891	0.60895
1417	0.0689578703403473	0.9890166666666667	0.6029166666666667
1418	0.06881938325564066	0.9892833333651225	0.6022500000039737
1419	0.06946103704770407	0.9887666666984558	0.5984166666746139
1420	0.06919803456465404	0.989	0.6086000000039736
1421	0.06878725967407226	0.9894833333969116	0.6025333333353201
1422	0.06928880581855774	0.9890833333333333	0.5986000000039736
1423	0.0699868984858195	0.98825	0.60395
1424	0.06914828326702117	0.9886166666666667	0.6027666666686535
1425	0.06918050028483073	0.9891166666666666	0.6060166666706404
1426	0.06876300398508707	0.98875	0.6116166666686534
1427	0.06933599463303884	0.9888333333651225	0.6034000000158946
1428	0.06913996450503668	0.9886833333333334	0.5981333333492279
1429	0.06963107983271281	0.989	0.6025833333412807
1430	0.06947454593976339	0.98865	0.5935500000039736
1431	0.06897641962369283	0.9894500000635783	0.5906833333333333
1432	0.06980057959556579	0.9885	0.59705
1433	0.06932232731978098	0.98855	0.5996500000004967
1434	0.0693210148413976	0.9889833333969116	0.6049666666666667
1435	0.06965028593540191	0.9888333333969116	0.595233333337307
1436	0.06951801544030507	0.9890500000635782	0.590383333337307
1437	0.07042496540546417	0.98895	0.5876666666666667
1438	0.0690739979426066	0.9887000000635783	0.6028166666686535
1439	0.06953139360745748	0.9891500000317891	0.5983166666666667
1440	0.0702814295689265	0.9880833333969116	0.59823333333383
1441	0.06954218590259552	0.9888000000635783	0.600766666674614
1442	0.07034176820913951	0.98785	0.5976166666666667
1443	0.06973770924409231	0.9893833333969116	0.6022000000079473
1444	0.06995576073328653	0.989116666730245	0.5935666666666667
1445	0.06943823867638906	0.988616666730245	0.5995833333333334
1446	0.07047725338141124	0.9887666666984558	0.5828500000039737
1447	0.0697170193195343	0.9885333333651225	0.599516666674614
1448	0.07073765128453573	0.9884666666666667	0.5861500000079473
1449	0.06945423919359843	0.9889333333969116	0.5951333333333333
1450	0.07257259437243144	0.9886666666666667	0.5296333333412806
1451	0.07149964301586151	0.988466666730245	0.54683333333383
1452	0.07185915774504344	0.9894333333969116	0.5385666666686535
1453	0.07229250636100769	0.9886000000635783	0.53255
1454	0.07215538301467896	0.9890166666984558	0.54435
1455	0.0720902694940567	0.9888333333969116	0.54135
1456	0.0728208624124527	0.9884666666984558	0.5427333333353201
1457	0.07196987605889638	0.9890333333333333	0.53595
1458	0.07125507851441701	0.98925	0.5429666666666667
1459	0.07173505532741546	0.9893833333333333	0.5424833333412806
1460	0.07150233517487843	0.9885166666666667	0.5537333333333333
1461	0.0719634956518809	0.98835	0.5547000000039737
1462	0.07172474831740061	0.989116666730245	0.5461833333343268
1463	0.07220720148086548	0.9889000000635783	0.5436666666666666
1464	0.07189151655832926	0.9887666667302449	0.5557000000039737
1465	0.07200580723285675	0.9886500000317892	0.5497666666671633
1466	0.07264556919733683	0.9883666666666666	0.5520500000009934
1467	0.07182024693489075	0.9878833333333333	0.5635833333343268
1468	0.07150156404177348	0.9891333333969117	0.55086666666766
1469	0.07116644998391469	0.9889	0.55196666666766
1470	0.07132664451599122	0.9893666666984559	0.5358666666706403
1471	0.07228060472806294	0.9891500000635783	0.5306833333333333
1472	0.07225436782836914	0.9885333333333334	0.54325
1473	0.07140580964883168	0.9890333333651224	0.5462666666666667
1474	0.07077889513174693	0.9884500000635783	0.5539000000039737
1475	0.07225601077874502	0.988666666730245	0.5431833333333334
1476	0.07247292280991872	0.98885	0.5327000000019868
1477	0.07050908474127451	0.9890833333969116	0.5646166666706403
1478	0.07203264818191528	0.9893166666666666	0.5416500000039737
1479	0.07136724246342976	0.9894166666666667	0.5510833333353201
1480	0.0719439510345459	0.9890333333969116	0.5360333333343268
1481	0.07242276736895244	0.9887833333333333	0.5414333333353202
1482	0.07259661827087402	0.9885	0.541133333337307
1483	0.07152291906674703	0.9889000000635783	0.5405166666706404
1484	0.07144260183970133	0.9888666666984558	0.54378333333383
1485	0.07239036174615224	0.9887	0.5386833333343267
1486	0.07155642712116242	0.9888333333333333	0.5523333333373069
1487	0.07131322886943817	0.9892333333333333	0.5436500000009934
1488	0.07067720331350963	0.9888833333969116	0.5597500000039737
1489	0.07146182750066121	0.9891500000317891	0.5546000000039737
1490	0.07192523684501648	0.9886666666666667	0.55175
1491	0.07063092543284098	0.98935	0.5466333333333333
1492	0.07138202833334605	0.98905	0.5458333333412806
1493	0.07163229314486186	0.9883333333333333	0.5423
1494	0.07065900189081828	0.9891166666666666	0.5519666666666667
1495	0.07157635258833567	0.9888500000635783	0.5519000000039737
1496	0.07160137240886688	0.9881666666666666	0.54958333333383
1497	0.07170276895364125	0.9887	0.5475000000039737
1498	0.07133706569671631	0.9889166666666667	0.5473333333373069
1499	0.07158866776625315	0.9887833333333333	0.547216666674614
