epoch	loss	acc	certified
0	5.319261033477783	0.006560000000149012	0.006560000000149012
1	5.2024791195678715	0.012650000001192093	0.012650000001192093
2	5.029555633239746	0.022730000000596048	0.022730000000596048
3	4.884688475494385	0.03447999999880791	0.03447999999880791
4	4.755204167480469	0.04648	0.04648
5	4.628492988128662	0.06152000000119209	0.06152000000119209
6	4.550577451324463	0.07083000000357628	0.07083000000357628
7	4.490119033355713	0.0788	0.0788
8	4.429224738616943	0.08699	0.08699
9	4.369065152130127	0.09602000001430512	0.09602000001430512
10	4.308642518157959	0.10517000000476837	0.10517000000476837
11	4.252306683502197	0.11347999999523163	0.11347999999523163
12	4.206666507263184	0.12035000001430511	0.12035000001430511
13	4.169720139312744	0.1267200000143051	0.1267200000143051
14	4.131070344696045	0.13089000001430512	0.1308800000143051
15	4.10232700668335	0.13745000000715255	0.13745000000715255
16	4.069562308654785	0.14313999999523164	0.14313999999523164
17	4.03638654586792	0.14799000000476836	0.14799000000476836
18	4.006621322631836	0.15246	0.15246
19	3.9783365599060057	0.15669000000953676	0.15666000000953675
20	3.9580223109436035	0.16035	0.16034
21	3.933395871658325	0.165	0.16499
22	3.9063025096130373	0.16939000001430513	0.1693500000143051
23	3.882041240081787	0.17126	0.17124
24	3.863099482116699	0.1768799999976158	0.1768499999976158
25	3.849543660964966	0.18066999999523162	0.18061999999523162
26	3.826091428451538	0.18335000000476837	0.18332000000476836
27	3.811334787902832	0.18552	0.18546
28	3.797208104476929	0.18786999999523163	0.18781999999523163
29	3.7816597692108154	0.19169	0.19165
30	3.7625828591918946	0.19318000000953675	0.19310000000953675
31	3.7528534604644777	0.19464000000953674	0.19455000000953673
32	3.741941531982422	0.19772000000953674	0.19751000000953675
33	3.7286962728118898	0.19963000000476838	0.19953000000476837
34	3.7135438246917722	0.20253999999523162	0.20232999999523163
35	3.706358649597168	0.20450000000476837	0.20433000000476836
36	3.6877377334594725	0.20777000000476836	0.20769000000476837
37	3.683347326049805	0.20935000000953674	0.20920000000953673
38	3.6705898402404786	0.2124200000143051	0.21221000001430512
39	3.6603513400268555	0.2118900000143051	0.2116400000143051
40	3.6499074069213866	0.21394000000476837	0.21362000000476838
41	3.6395323442077636	0.2160800000143051	0.2157700000143051
42	3.626814175491333	0.22075000000953673	0.22035000000953675
43	3.622715815963745	0.22069000000476838	0.22029000000476837
44	3.6162886436462403	0.22032000000953675	0.21999000000953675
45	3.6103396392822265	0.22309999999046326	0.22272999999046325
46	3.600009116897583	0.22383000000953673	0.22319000000953673
47	3.5874411210632324	0.22562000001430513	0.22517000001430512
48	3.579977943572998	0.22890999999523162	0.22811999999523164
49	3.576533672103882	0.22694000002861023	0.22632000002861022
50	3.5684591273498536	0.23041	0.22963
51	3.562788151473999	0.23007999999523163	0.22929999999523162
52	3.5549862560272216	0.23384	0.23304
53	3.545433885574341	0.23249000001430511	0.23141000001430512
54	3.545305626678467	0.2338	0.23284
55	3.5374389712524414	0.23415	0.23324
56	3.527347519683838	0.23611000000953675	0.23494000000953674
57	3.5204136338043215	0.23918000000476838	0.23792000000476837
58	3.5148754446411132	0.24031000000953676	0.23899000000953674
59	3.5127379822540283	0.24208999999523162	0.24071999999523164
60	3.5045790494537354	0.24232	0.24097000001907348
61	3.49952068901062	0.24292999999046325	0.24120999999046325
62	3.4960117152404786	0.24409000002861023	0.24228000002861022
63	3.4865455167388917	0.24643	0.2444
64	3.4868850257873536	0.24745	0.24531
65	3.4797926220703124	0.24679999999523164	0.24460999999523164
66	3.4732154959106447	0.2481900000143051	0.24566
67	3.470368601837158	0.24879	0.24617
68	3.46484798500061	0.2503700000286102	0.24773999999046326
69	3.4604963007354734	0.25111000000953676	0.24843999999523164
70	3.453478871002197	0.2527000000047684	0.24985000000476837
71	3.4515741591644287	0.2525299999952316	0.24922999999523163
72	3.447350946273804	0.2543	0.25095
73	3.440066301422119	0.25584000000476836	0.25196000000476837
74	3.4353151927948	0.25506000000476836	0.25144000000476835
75	3.4406782730865477	0.2555699999952316	0.25152000001430513
76	3.433765087966919	0.25642	0.25216000000953676
77	3.4299938429260255	0.2574900000143051	0.25251
78	3.424859927215576	0.25907999999046327	0.25463
79	3.4276562673950197	0.2579000000095367	0.25305000000476835
80	3.4189071018218993	0.25900000000953677	0.25356000000953677
81	3.415092188796997	0.26198	0.25644000000953676
82	3.413118501205444	0.26081000000953675	0.2546500000190735
83	3.409407009124756	0.26153999999046323	0.25561999999046325
84	3.401553168716431	0.26293000000476835	0.2562500000047684
85	3.401795449142456	0.2636400000286102	0.2559799999904633
86	3.4046597730255126	0.26436999999046323	0.2568
87	3.3966007822418214	0.26555000000476836	0.2585700000047684
88	3.3914642631530763	0.26525	0.25742
89	3.3909629963684083	0.2678400000095367	0.2590100000095367
90	3.385665666427612	0.26469000000953674	0.2558099999904633
91	3.3895211862945556	0.26731	0.2580900000143051
92	3.382308076705933	0.26747000000953675	0.2577000000047684
93	3.3789080950927732	0.2681500000143051	0.2580700000095367
94	3.3780379821014406	0.2698599999904633	0.2590600000095367
95	3.3723929792022704	0.26849999999046326	0.25761999999046326
96	3.3661811353302	0.27034000000953673	0.2592399999952316
97	3.3672501974487306	0.2701700000047684	0.25843
98	3.3654576956176756	0.2720000000190735	0.25984999999046327
99	3.3599747874450685	0.27133	0.25864000000953674
100	3.3492868881988525	0.27246999999046323	0.25922000000953677
101	3.336527935638428	0.27383000002861024	0.25952
102	3.3115353715515137	0.27544999999046327	0.25980000000953674
103	3.289840820388794	0.2736900000190735	0.2578
104	3.2737322774505615	0.27606000002861025	0.2592700000286102
105	3.254001107559204	0.27607	0.2592800000143051
106	3.23346467086792	0.27765000000476836	0.25982
107	3.2163548490142824	0.27721	0.25865000000953675
108	3.195705499267578	0.27807999999046323	0.25783000000953676
109	3.1804393029785154	0.2793600000286102	0.25947
110	3.1632768669128417	0.2796300000047684	0.25808000000953674
111	3.14750412399292	0.2795500000095367	0.2573600000286102
112	3.1274303105163574	0.2799899999952316	0.2568900000143051
113	3.1089075970458984	0.2815599999952316	0.25743
114	3.09073275390625	0.28305	0.25756000002861024
115	3.072146837615967	0.28219999999046325	0.2572299999952316
116	3.0545524780273436	0.28348	0.2567499999904633
117	3.0334063186645506	0.28399	0.25637000000953675
118	3.016796610031128	0.28545000000953674	0.2567800000190735
119	3.006749448776245	0.28402999999046324	0.2543600000143051
120	2.985367392578125	0.28508	0.25472999999046325
121	2.9684869884490968	0.28969999999046325	0.2577800000190735
122	2.9536920597839353	0.28780000000476835	0.25378000000953677
123	2.9416480947113035	0.28796000000953675	0.25380000000953673
124	2.918231812210083	0.28943000002861025	0.25315999999046324
125	2.9062721213531493	0.28908	0.25228999999046325
126	2.8905906911468504	0.28981000000476836	0.2519599999952316
127	2.8757700522613527	0.28996	0.25041000001430513
128	2.861238497619629	0.29008000000953676	0.24977
129	2.845366209945679	0.29069000000476836	0.24929999999523164
130	2.8274076348876953	0.29206999999523164	0.2497200000143051
131	2.8120566021728517	0.2927200000286102	0.24854
132	2.7951888137817384	0.29391000002861023	0.24869999999523162
133	2.78338329246521	0.29306999999046324	0.2480200000143051
134	2.771073430786133	0.29503000002861024	0.24724000001907348
135	2.752254599456787	0.29431000002861024	0.24586999999523163
136	2.7405964949035644	0.29493000002861025	0.24508000001907349
137	2.727169600906372	0.29589999999046324	0.24447000000953675
138	2.711028602142334	0.2964500000286102	0.24332999999523164
139	2.696987159576416	0.29619000002861023	0.24241000000476837
140	2.6838516387939455	0.2971599999904633	0.24178000000476838
141	2.6675631970977784	0.29775	0.24096
142	2.6547986596679687	0.29651000000953676	0.23879
143	2.644417477722168	0.29844000000953674	0.23816000000476836
144	2.629896672439575	0.29828000000953675	0.23712000000953673
145	2.619990908660889	0.29925	0.23600999999523162
146	2.6031149307250976	0.2996900000190735	0.23627999999523164
147	2.5875050457763673	0.29837000000953673	0.23464
148	2.577053122634888	0.3010999999904633	0.23458000002861024
149	2.5649797509765624	0.29895000000953675	0.23266999999523164
150	2.555039004898071	0.29994000000953674	0.23208000000953674
151	2.5410565942382815	0.3029399999904633	0.23198999999523162
152	2.5290581719207763	0.30274000000953677	0.22972
153	2.5173889767456057	0.30186999999046327	0.22892000000953674
154	2.505692700881958	0.30124999999046326	0.22772000000476836
155	2.4920501808166504	0.30407	0.22639
156	2.4812467821502686	0.3030800000095367	0.22693
157	2.467070612258911	0.30306000001907346	0.22622000000953674
158	2.4579433863830564	0.30235	0.22345999999523164
159	2.4454353033447265	0.30590000002861023	0.22390999999046327
160	2.432196774597168	0.3052300000286102	0.22245000000953674
161	2.4211072871398924	0.30441000002861024	0.22020999999523164
162	2.4157841273498537	0.30607000002861023	0.2195500000143051
163	2.400345602493286	0.3063200000286102	0.21742999999523163
164	2.388468037338257	0.30575000002861025	0.21808999999523163
165	2.3713236782836913	0.30581	0.2166600000143051
166	2.370993350906372	0.30588999999523164	0.21253999999523163
167	2.35701733833313	0.3075000000286102	0.21404000000953674
168	2.346578496017456	0.3050200000095367	0.21094000000476837
169	2.334478236465454	0.3061500000190735	0.21017000000953676
170	2.3244529627227783	0.30754999999046323	0.2100000000143051
171	2.3173402736663817	0.30854000000953674	0.20974999999523164
172	2.3022705133056642	0.31102	0.21061000000953675
173	2.2910283390808104	0.3099400000190735	0.20921
174	2.2831326037597655	0.3082699999904633	0.20671000000953674
175	2.27582681098938	0.30807	0.20436000001430513
176	2.264315747528076	0.3104299999904633	0.20521000001430512
177	2.2531548262786867	0.31131000000953674	0.2032900000190735
178	2.2467434647369386	0.30828	0.20259
179	2.2374988160705565	0.31022999999046325	0.2008400000143051
180	2.224120353088379	0.30926000000953674	0.19972999999523164
181	2.2177230407714843	0.30985000002861024	0.19830000000476838
182	2.2079037998962403	0.30967	0.19762000000476837
183	2.2015581328582763	0.31137000000953674	0.19691999999523163
184	2.1883556398010255	0.3105399999904633	0.19523
185	2.1814624350738527	0.31292999999523163	0.19476000000476837
186	2.1704709660339354	0.31162999999046326	0.19417000000476836
187	2.161019547729492	0.31286000000953673	0.19286000000953674
188	2.156268098602295	0.3103500000190735	0.19084
189	2.1473988957977297	0.31023	0.18927999999761583
190	2.1352027291870117	0.31284	0.18850999999523163
191	2.1280265939331056	0.31200999999046325	0.18637000000476836
192	2.1199157890319826	0.3119100000095367	0.18772000000953673
193	2.1081141398620606	0.31162000002861023	0.18583
194	2.1054115641784668	0.3113100000190735	0.18415000000953674
195	2.093767075653076	0.3134	0.18487000000476836
196	2.0904081594085695	0.31195000000953677	0.18247000000476837
197	2.0776130904388426	0.3138200000286102	0.18225999999523163
198	2.070062579460144	0.3112700000190735	0.18097
199	2.0592100373840334	0.31238999999046324	0.17924
200	2.051717162399292	0.3123200000286102	0.17958
201	2.043529087753296	0.31140000000953677	0.17730000001430513
202	2.038006891937256	0.3116600000190735	0.17668
203	2.0306962339782717	0.31288999999046324	0.17578
204	2.0235511209869386	0.3143800000286102	0.17497999999523162
205	2.0137708685684204	0.3133699999904633	0.17322000000476837
206	2.006052183685303	0.31405000000953676	0.17414999999523162
207	1.9993662733459472	0.3109100000190735	0.1716
208	1.987351614074707	0.3134200000190735	0.17209000000476837
209	1.982628175125122	0.31153	0.1710100000143051
210	1.971936010131836	0.31195000001907347	0.16977000000476838
211	1.9641111693573	0.3101900000190735	0.16764000001430512
212	1.9582076708984375	0.31196	0.16792
213	1.9510217597961426	0.31151	0.16865000000953675
214	1.9437179386901855	0.3116900000190735	0.1660100000143051
215	1.935478561935425	0.3112900000095367	0.16542999999523164
216	1.9280551135253907	0.3127599999904633	0.16541
217	1.9248765092086793	0.31227999999046324	0.16505000001430511
218	1.9123356507110596	0.3119800000190735	0.1642400000143051
219	1.9063646808624268	0.3110300000190735	0.16361999999523164
220	1.899944130821228	0.31166999999046324	0.16278000001430512
221	1.8887073811721802	0.3114300000190735	0.16206
222	1.881937763519287	0.31082999999046323	0.1617900000143051
223	1.8763277294921874	0.31131000000953674	0.16000000000476838
224	1.8700674452209474	0.3120400000286102	0.16081999999523164
225	1.8625040604782104	0.3100899999952316	0.15862999999761582
226	1.8548380390548707	0.31191	0.15877
227	1.8473181269836425	0.31143	0.15796999999523162
228	1.8424565154647827	0.31094000000953675	0.1580800000143051
229	1.8328848844528198	0.31117000000953676	0.1584900000143051
230	1.8277221371459962	0.3107000000190735	0.15633000000715255
231	1.8184208235168458	0.31066999999046324	0.15776000001430512
232	1.8141654907226563	0.31	0.15559000001430512
233	1.8058694634246826	0.30893000000953674	0.15405
234	1.797930783882141	0.3099300000286102	0.15576
235	1.7901116479492187	0.30962000001907347	0.15428000000476838
236	1.78152983959198	0.30844	0.15516999999761583
237	1.7765772938919067	0.3079100000095367	0.15296000001430513
238	1.7702800103378296	0.30881000002861025	0.15451999999523164
239	1.764271019859314	0.30872999999046324	0.15170000000715256
240	1.7576435836029052	0.3083600000190735	0.15264000000476838
241	1.749374381828308	0.30848	0.15195000000953673
242	1.7448329262161255	0.31103999999523163	0.15035999999761582
243	1.7349527863311767	0.30883	0.1507800000143051
244	1.729060154685974	0.30999	0.15202
245	1.722528353919983	0.30921000000953675	0.1496799999976158
246	1.7151165115737914	0.3081700000286102	0.1495900000143051
247	1.7089699601364137	0.30983000000476835	0.14958000000476837
248	1.7002671993637084	0.3086900000095367	0.14961999999761583
249	1.694306032600403	0.30784	0.14858
250	1.6876027151489257	0.30817999999046325	0.14890000000715256
251	1.6843865927886963	0.30846000002861024	0.14720999999523163
252	1.676251424255371	0.30711999999046324	0.14613000000953674
253	1.6699661058807374	0.3081000000286102	0.14714000000953675
254	1.6641694060516357	0.3067699999904633	0.14564
255	1.658711367340088	0.3074200000190735	0.14616000001430512
256	1.6538773511505127	0.3076500000286102	0.14569999999761582
257	1.6416770022964478	0.30523000000953676	0.14608999999761582
258	1.6372481293106078	0.30832999999046323	0.1466
259	1.6318226693344116	0.30807	0.14500999999523162
260	1.621855855102539	0.30495	0.1457300000143051
261	1.6175452449417114	0.30638000000953675	0.1451899999976158
262	1.6138996016311646	0.30603000002861025	0.14391000000715257
263	1.6042549165725708	0.30649000000953674	0.1443900000023842
264	1.5967735786819457	0.30351000000953676	0.14305
265	1.5930630504608154	0.30631000002861025	0.14408
266	1.5845495193099977	0.3040400000190735	0.14427
267	1.5794367905807496	0.3051500000286102	0.14477000000953674
268	1.575083826675415	0.3052100000286102	0.14261000000476837
269	1.5656744262695312	0.3047400000190735	0.14419000000715257
270	1.5636172597885132	0.30557000002861023	0.14335000000476839
271	1.556293037109375	0.30477000000953675	0.14377000000476836
272	1.5485271377563476	0.303	0.14325999999523162
273	1.5444858158874513	0.30241999999046326	0.14218000000953673
274	1.5396801168060303	0.3027100000286102	0.14062999999523162
275	1.5290535116195678	0.3040400000286102	0.14269
276	1.5249684226989746	0.30334000000953676	0.14147000001430513
277	1.520356210823059	0.3022	0.14186000001430513
278	1.51292186794281	0.30189	0.14257000000715256
279	1.5085250959777832	0.3020200000143051	0.14086999999523162
280	1.5008516952514648	0.3036599999904633	0.14219000000476836
281	1.4966655477142334	0.30230000002861024	0.14157000001430511
282	1.4878352584075927	0.30121000000953674	0.14121000001430511
283	1.485418558731079	0.30354	0.14139000001430513
284	1.4789284956359863	0.30166000000953674	0.14094000000238419
285	1.47203692527771	0.3029300000190735	0.14065999999523163
286	1.4669070262908936	0.3012100000286102	0.14040000000238417
287	1.4631413489151002	0.3023400000286102	0.13975000000476837
288	1.4549076444625855	0.30230999999046326	0.13929000000476838
289	1.450921658935547	0.3031400000190735	0.13920999999523162
290	1.4453299490356446	0.29946	0.13805000000476836
291	1.4361991164016723	0.2990500000286102	0.14001
292	1.4318110466003418	0.30033000000953675	0.13920000000715255
293	1.4274793924331666	0.2997700000190735	0.13868000000953673
294	1.4210107759857178	0.29968000000953676	0.1389500000143051
295	1.4138369601821899	0.29859	0.13911000000715257
296	1.4095615376281738	0.29978000000953675	0.13897000000715257
297	1.4033229107666016	0.29886999999046326	0.1390100000143051
298	1.3958010411453248	0.29670000002861024	0.13835000000476838
299	1.3917076361083984	0.29762000000953676	0.13908000000476836
300	1.387361415901184	0.29845999999046324	0.13886
301	1.3833505165863038	0.2995800000190735	0.13718
302	1.3766063264465331	0.29835999999046325	0.13889000001430513
303	1.369462931022644	0.29634000000953675	0.13802000000476838
304	1.3658421980667115	0.2972500000095367	0.13752000000476838
305	1.3621475219726562	0.2986700000286102	0.13797000000953674
306	1.3567172542953492	0.2969000000286102	0.13631000001430513
307	1.3481478707504273	0.2957200000190735	0.13711999999761582
308	1.344929048461914	0.2948700000095367	0.13665
309	1.34075007396698	0.2958400000286102	0.13616
310	1.335437264328003	0.29540000001907346	0.13649000000476838
311	1.3289783280181884	0.2959200000095367	0.13618000000476838
312	1.3226581791305543	0.2958899999904633	0.13831000000715254
313	1.3193645905303955	0.29641000000953677	0.13716000000476838
314	1.3154923526000977	0.29652000002861023	0.13615999999761583
315	1.3053752502822875	0.29425000002861024	0.13714000000476836
316	1.3041313748550416	0.2960300000190735	0.13793000000476838
317	1.2991197359466553	0.2951500000190735	0.13622000001430512
318	1.292589291381836	0.29445000000953675	0.13723
319	1.2880363020706176	0.29518000001907346	0.13707
320	1.282117364807129	0.29300999999046323	0.13692000001430513
321	1.2771639882659913	0.29348999999046327	0.13683
322	1.2702008767318727	0.29286999999046326	0.13744000000953674
323	1.2654957801055908	0.29125000002861023	0.1373200000143051
324	1.2605702643203736	0.2936100000143051	0.13838000000715256
325	1.2566307285690308	0.29264999999046326	0.13653
326	1.252054301147461	0.2937200000286102	0.13724000000238418
327	1.246573325881958	0.29036999999046326	0.1368299999976158
328	1.2415426536178589	0.2914800000095367	0.13676999999761583
329	1.2361939664840698	0.29214	0.13819000000476836
330	1.232493476409912	0.2918900000190735	0.1366
331	1.229835284576416	0.29334	0.13641999999523163
332	1.2226205029296875	0.29206999999046324	0.13836000001430512
333	1.2165068741226197	0.29059999999046326	0.1371500000143051
334	1.213908582458496	0.2923900000286102	0.1361800000143051
335	1.2074880281448364	0.29058000000476836	0.13755000000238418
336	1.2019507591247558	0.2896999999952316	0.13690999999761583
337	1.1995495376968384	0.2918400000286102	0.13753000001430513
338	1.1944251026535033	0.29167	0.1370299999976158
339	1.1881503475189208	0.28863000000476835	0.1371899999976158
340	1.1820958681488036	0.29011000000953674	0.1385299999976158
341	1.176393235244751	0.2885300000190735	0.13815000000476838
342	1.1734442314529419	0.28927	0.13799000000238418
343	1.1704005326461793	0.28962999999046324	0.13681000001430513
344	1.164481170578003	0.28783	0.13573
345	1.1606988460540772	0.28880000000953676	0.13652
346	1.155128307647705	0.28806000000953674	0.13735000000238418
347	1.1522360060501098	0.28882000002861025	0.1371
348	1.1465829293823242	0.2878399999904633	0.13717999999523162
349	1.1415306889343262	0.28663000001907346	0.13674000000476838
350	1.13628047454834	0.28846999999046324	0.13808000000476836
351	1.1330554061889648	0.2875600000286102	0.13717999999761582
352	1.1276013243103027	0.2872100000095367	0.13729999999523163
353	1.1245419205856324	0.28713000001907346	0.13774999999523163
354	1.1202577685546875	0.28838000002861025	0.13756000000715254
355	1.1140238550567627	0.28571999999046327	0.13708000001430512
356	1.1107302236938477	0.28735999999046324	0.13642999999761582
357	1.1042865294647217	0.28519000000953676	0.13757
358	1.1026839254760743	0.2868399999904633	0.1376
359	1.096878706817627	0.28664000002861023	0.13862
360	1.0951393236160278	0.28695000000953674	0.13683
361	1.0887538766098022	0.28693	0.13793
362	1.0842114984893798	0.2858000000286102	0.13701000000476837
363	1.0810757730102538	0.2857000000190735	0.13739999999761582
364	1.0777499689102172	0.2860500000190735	0.13688000001430511
365	1.072488071708679	0.28649999999046327	0.13834999999523162
366	1.067423033065796	0.2843399999904633	0.13814000000953675
367	1.0615004846572875	0.28331	0.13727999999523163
368	1.059480465812683	0.2834000000047684	0.13742999999761582
369	1.055303200416565	0.2854900000095367	0.13874000000715256
370	1.0512703834533692	0.2841400000143051	0.1374800000143051
371	1.0458870306777954	0.28339000002861026	0.13764999999523164
372	1.0431747999191283	0.2849300000095367	0.13831000000476837
373	1.0378375102233888	0.28335999999046324	0.13851000000476837
374	1.0363481211853027	0.28578	0.13844000000238418
375	1.0298137012290955	0.28502000001907346	0.13955000000476836
376	1.0268423820114136	0.2847100000095367	0.13874000000715256
377	1.0214147442626953	0.28412	0.13944999999761581
378	1.0177470203018188	0.28338000002861025	0.1400700000143051
379	1.0132122699356079	0.2824100000286102	0.13993999999523163
380	1.0087180473327637	0.28159	0.1382300000023842
381	1.0052012841796876	0.28251000000953674	0.13923000000953675
382	1.001182008895874	0.28100000002861025	0.13827000001430512
383	0.9981305462646485	0.2823	0.13873000000715255
384	0.9956917594528198	0.28313999999523165	0.13775000000715257
385	0.9919127709197998	0.2835000000190735	0.13988999999523163
386	0.9865772412681579	0.2823999999904633	0.13954000000476838
387	0.9830810185050964	0.28235999999046324	0.13909
388	0.978071408958435	0.28098000000953677	0.1382
389	0.9737867035484314	0.28089000002861025	0.13986000001430512
390	0.9733144323158264	0.2813300000190735	0.13870000000953675
391	0.9680395578765869	0.28159	0.1392
392	0.962861241645813	0.28127	0.13900000000476836
393	0.9594142828369141	0.28087000000953677	0.14025999999761582
394	0.9568970650100708	0.2814500000190735	0.13912000000476837
395	0.9554933844566346	0.28259000000953677	0.1395
396	0.9501942990875244	0.28184999999523164	0.13914
397	0.9465639230155944	0.2816	0.13903000001430513
398	0.9428754658317566	0.2808299999952316	0.13973000000476837
399	0.9372875551605224	0.2805600000047684	0.1403899999976158
400	0.9351351239395141	0.28036000001907346	0.13971
401	0.9296437265777588	0.27915000000476836	0.14031
402	0.9270179203414917	0.28061000002861025	0.14071000001430511
403	0.9232157088088989	0.27953000000476835	0.14017
404	0.9164696585464478	0.27706000000953673	0.13925
405	0.9178640196609497	0.2808300000190735	0.14113000000476836
406	0.913359867477417	0.28037	0.13972999999523164
407	0.9098504226684571	0.2796800000190735	0.14052000001430512
408	0.9077417634010315	0.28036	0.13967000000715254
409	0.9017693024253846	0.27922000000953673	0.14169000000476836
410	0.8966792750930787	0.27826000000476836	0.14103000000476837
411	0.8934931966781616	0.27853000000953676	0.1419200000143051
412	0.8900770279312133	0.2775100000047684	0.14134000000715255
413	0.8896540481376648	0.27892000000953676	0.14055000000953674
414	0.8845142701911927	0.27733999999046327	0.14072999999523164
415	0.8817464070892334	0.2784500000190735	0.14103000000953675
416	0.8781767327308655	0.27903	0.14178000000476837
417	0.8756892318344116	0.27877	0.14107000000715256
418	0.8750403788185119	0.27948000001907347	0.14090000000476838
419	0.8675425479507446	0.27756	0.14133000000953674
420	0.8636302658462525	0.27754	0.14212000000953676
421	0.8613946173286438	0.27772000002861025	0.1416899999976158
422	0.8585146807098388	0.2781300000286102	0.1412900000143051
423	0.8550494504356384	0.27705	0.14071000000476838
424	0.8518981911468506	0.27701000000953674	0.1410900000143051
425	0.8480288010597229	0.2763	0.13994000000476836
426	0.8423509779167175	0.27578000001430514	0.14193000000476838
427	0.8414230480194091	0.27618999999046323	0.14203000000953675
428	0.8385643253707886	0.27677000000476837	0.14135000001430512
429	0.8356187477874756	0.27691	0.14172999999523161
430	0.8310034254074097	0.2760099999904633	0.14254
431	0.8301737600708008	0.2771299999904633	0.14150999999761582
432	0.8233268403244018	0.27508000000953675	0.14203999999761582
433	0.8212121001243591	0.27673000000953674	0.1436899999976158
434	0.8197695750617982	0.27598000000953676	0.14208000001430512
435	0.8152165813446045	0.27637000001907347	0.14306000000953675
436	0.8127756385040283	0.27587000000953676	0.1430900000143051
437	0.8097536565208435	0.2751800000286102	0.14261999999523162
438	0.8088563695526123	0.2764400000095367	0.14219
439	0.8051977435112	0.27635	0.14274000000953674
440	0.800705474319458	0.27392000000476835	0.1416299999976158
441	0.7966392979049682	0.2748600000190735	0.14320000000953675
442	0.7952882661056518	0.27600000001430514	0.14269999999761582
443	0.7944897561836243	0.2760999999952316	0.14155000001430512
444	0.7874416543579101	0.27524	0.14401999999523163
445	0.7881553132820129	0.27632000002861024	0.1426500000143051
446	0.7827753774261474	0.27401000000953674	0.14261000001430513
447	0.7797103342056274	0.27436000000953675	0.14310000000953674
448	0.7747575352859497	0.27180999999046324	0.14120000000476837
449	0.7741502388381958	0.27463	0.14373
450	0.7714434931373596	0.27507999999523164	0.14352999999761581
451	0.7667295707893371	0.27365000001907347	0.14319000000953674
452	0.7645146524620056	0.2752400000286102	0.14428999999761583
453	0.7638259735107422	0.27521000000953677	0.14373999999523163
454	0.7609906221961975	0.27485999999046323	0.14483000000953675
455	0.757985543384552	0.27464000000953676	0.14386
456	0.7544310032653808	0.27393000000953677	0.14346000000476838
457	0.7508802603530884	0.27372	0.14367999999523162
458	0.7497186389541626	0.27436	0.14314000000476837
459	0.7449994862747192	0.27246999999046323	0.14349
460	0.7414775428962708	0.2726100000190735	0.14337999999523163
461	0.7405422075271606	0.2731300000047684	0.14388000000715256
462	0.7361970687866211	0.27143	0.14302999999523164
463	0.7345690291213989	0.2730800000286102	0.14413
464	0.7311153739929199	0.27304	0.1450000000143051
465	0.729728444519043	0.27308	0.14369000001430512
466	0.7266089355659485	0.2729000000047684	0.14464000000715255
467	0.7260976902198791	0.27310000002861023	0.14275999999523162
468	0.7221842435073853	0.2736900000143051	0.14438999999761581
469	0.7211814287185669	0.2734800000286102	0.14327
470	0.7153754901123047	0.2720200000190735	0.14420999999523162
471	0.7139470048713684	0.27286999999523165	0.14478
472	0.712174709777832	0.2727600000286102	0.1436200000143051
473	0.7074319114494324	0.27127999999046326	0.14458
474	0.7073132211303711	0.27230000000953675	0.14389
475	0.7051456725883484	0.27326000001907347	0.14527999999523164
476	0.7016074584770202	0.27253000001907346	0.14387000000715255
477	0.6977703896713257	0.27131000000953676	0.14469
478	0.6960318807792664	0.27281	0.14532000001430512
479	0.6943416146659851	0.27209999999523166	0.14491000000476836
480	0.6915482733345032	0.27283	0.14595999999523163
481	0.6900310947418213	0.27314000001907346	0.14549
482	0.6860136033630371	0.2711299999904633	0.14421999999523163
483	0.6836960719871521	0.27106000000953673	0.14457000000953674
484	0.6803692062187194	0.27206000000953673	0.14604999999523163
485	0.6782522970199585	0.2710300000190735	0.1453400000143051
486	0.6758366153526306	0.2712200000095367	0.14543000001430512
487	0.6741222366333007	0.2718500000286102	0.14552000000953674
488	0.6721222105026246	0.2718900000095367	0.14537000000476838
489	0.6671571837234497	0.2703100000286102	0.1452600000143051
490	0.6643299557876587	0.26966	0.1459700000023842
491	0.6633483980941772	0.27081000000953676	0.14651
492	0.6626445889091491	0.2705200000143051	0.14433000000476837
493	0.6594223412132263	0.27125000000953675	0.14595000000953676
494	0.6566853742599488	0.27087000000953676	0.14587000000476838
495	0.6555388674545288	0.27131999999523165	0.14609000000476838
496	0.652288258113861	0.2704099999904633	0.14566000000476836
497	0.6483873212623597	0.2694400000095367	0.14608999999523162
498	0.646834726524353	0.26898	0.14458000001430513
499	0.6455360941123962	0.26986999999523165	0.14516999999761582
500	0.6428113087463379	0.2697000000143051	0.14651
501	0.6389915944480896	0.2700400000286102	0.14717000000476838
502	0.6375256184387207	0.2693299999952316	0.14662
503	0.6352207574844361	0.26936999999523165	0.14664000000476837
504	0.6315574193000794	0.2696	0.14714999999523162
505	0.6308132364463807	0.2709999999952316	0.1482400000023842
506	0.6282132245254517	0.2703900000190735	0.14893000000953674
507	0.6250093225479126	0.26952000000953674	0.14794000000953675
508	0.6252700252914428	0.2714600000190735	0.14808999999523162
509	0.6208261036682129	0.27000999999046327	0.14933000000476837
510	0.6181069665908814	0.27051	0.14889
511	0.6156873229980468	0.2708500000286102	0.14944000000953675
512	0.611987936630249	0.26888999999046326	0.14851000000476838
513	0.6114338819313049	0.27011000000476837	0.1498900000143051
514	0.6093514116477966	0.27064	0.14981000000953673
515	0.6053928866958618	0.26912	0.14871000001430512
516	0.6065872956466675	0.2710300000286102	0.14937000000476838
517	0.6026329859733581	0.2712199999952316	0.15174000001430513
518	0.6009387430572509	0.27024999999046323	0.15116000000476837
519	0.5971146118927002	0.27021000001907347	0.15086
520	0.5944691658020019	0.2696	0.15181000000953673
521	0.5958799695396423	0.2707700000190735	0.14995999999523163
522	0.5905591249465942	0.2706	0.15218
523	0.5898700136184692	0.27056	0.1520600000143051
524	0.5843997434997559	0.2688900000190735	0.15259000000953674
525	0.5835610346984863	0.26943999999046325	0.1518900000143051
526	0.5834231705474854	0.27115	0.15238000001430513
527	0.5814573481750488	0.27032000000953676	0.15246999999523164
528	0.5785463465881348	0.27075000000953675	0.15409
529	0.5768244040870667	0.2711800000286102	0.15381999999523163
530	0.5745501267242432	0.2711899999904633	0.1532700000143051
531	0.5724334234809876	0.26990000001430514	0.15245999999523163
532	0.5708334346199035	0.2725500000190735	0.15483
533	0.569264354057312	0.2706800000190735	0.15334000000476838
534	0.5670219220542908	0.27213000000953674	0.1548799999976158
535	0.5635498514938354	0.27093999999046325	0.15468
536	0.5625369121932984	0.27179	0.15584000000953674
537	0.560652954864502	0.27266	0.15553
538	0.5575653305435181	0.27130999999523164	0.15536000000238417
539	0.5545589736938477	0.26993	0.15492000000953673
540	0.5548180767059326	0.2722399999904633	0.1559100000143051
541	0.5514868718338013	0.27119	0.15653
542	0.5511386214447022	0.27257000000953674	0.15607000000715257
543	0.5493415824508667	0.27217000002861025	0.15592999999523163
544	0.5443474174880981	0.27062000000953673	0.15670000000476836
545	0.5443568284797669	0.27187999999046325	0.15789000000953674
546	0.5400366332817078	0.26966	0.15705
547	0.5404525054740906	0.27131999999523165	0.15729000000476837
548	0.5353309352874756	0.27098999999046325	0.15898000000953674
549	0.5341856730270386	0.27039	0.1581300000143051
550	0.5323372511482238	0.27042000000953675	0.15877999999523162
551	0.5324719190216064	0.27178	0.15767
552	0.5293314632797241	0.27152000000953674	0.15855000000476838
553	0.5272558181381226	0.27009	0.15811
554	0.525806066532135	0.2716400000286102	0.15974000000953675
555	0.522079154586792	0.27027999999046326	0.15982000000953675
556	0.5242554731750488	0.2740000000095367	0.1603899999976158
557	0.5194026567077636	0.27133000002861024	0.16039999999523163
558	0.5179802682685852	0.27179000002861026	0.15969
559	0.5168738202667237	0.27241000000953675	0.16150000001430512
560	0.5154051379394531	0.2721100000095367	0.16080999999523163
561	0.5119168014907837	0.27126000000953676	0.1616500000023842
562	0.5122270708751678	0.27304000000476836	0.16196000000476837
563	0.5092636913490295	0.27245000002861025	0.16200999999523163
564	0.5071655698680878	0.2715699999952316	0.16181999999523164
565	0.5053975423526764	0.2722	0.1621300000143051
566	0.5043755493545532	0.2731400000286102	0.16303000001430512
567	0.5013953218269348	0.27219999999046324	0.16418999999523162
568	0.49934613359451296	0.27131000000476835	0.16171000000953675
569	0.4978536902427673	0.2716799999904633	0.16299000000476838
570	0.49786431965827943	0.27303	0.16353000000476836
571	0.497258692779541	0.2727999999904633	0.16322000000476838
572	0.4957964649581909	0.2740100000143051	0.16350999999523164
573	0.49282111484527585	0.27333	0.16380000000953673
574	0.48967575813293457	0.27229000000953674	0.16445
575	0.4880966389846802	0.27289	0.16479000000476837
576	0.48712551359176637	0.27308999999046324	0.16489000000476836
577	0.48899296438217166	0.27468999999523164	0.16412
578	0.48357519693374634	0.2731600000190735	0.16617
579	0.4795807603263855	0.27230000000953675	0.1669
580	0.47901628551483155	0.27225000000953675	0.16556000001430513
581	0.4808236545085907	0.27408	0.16576000000953675
582	0.4753475769329071	0.27305999999046326	0.16716
583	0.47604011238098143	0.27357	0.1661
584	0.4749742606830597	0.27459	0.16657000000476838
585	0.47132377668380737	0.2732399999904633	0.16755000000476838
586	0.47080882764816284	0.27309000001907346	0.16662000000476837
587	0.4677330149269104	0.2739	0.16831999999523162
588	0.4670166394329071	0.2735500000190735	0.1678200000143051
589	0.46485311851501465	0.27405000002861024	0.16891
590	0.4649890702342987	0.2740500000095367	0.16718000000476838
591	0.46423870347976687	0.27509000000476835	0.16848000000476837
592	0.4598407774066925	0.27213	0.16703999999761582
593	0.4585316903686523	0.2731699999952316	0.16846999999523163
594	0.45735721206665036	0.2739600000190735	0.16999000000476838
595	0.45439679154396057	0.27270000000953676	0.16950000000476836
596	0.4531281838226318	0.27232000002861023	0.16802000001430512
597	0.4523473711013794	0.27285999999046323	0.16856
598	0.45217884216308596	0.2743800000095367	0.16906000000953675
599	0.4526552886486053	0.2754099999904633	0.17036999999523164
600	0.4507215858840942	0.27523	0.17031999999523162
601	0.4478975917053223	0.27381999999046325	0.16962000000476837
602	0.44762331007003786	0.2749300000190735	0.16937000000476837
603	0.44497244358062743	0.2751799999904633	0.17158000000476836
604	0.44146040224075317	0.2739100000190735	0.17196
605	0.4403357581138611	0.27379	0.1706800000143051
606	0.44119026924133303	0.2761800000190735	0.17274999999523163
607	0.4413541790390015	0.27659000000953676	0.17135000001430511
608	0.4361996905708313	0.27486000000953675	0.17316000001430512
609	0.43638087280273435	0.27520000001907347	0.1716800000143051
610	0.43522273193359373	0.27604000002861023	0.17233
611	0.43427007551193236	0.27654000000953677	0.17293
612	0.43146744958877564	0.27542999999046325	0.17336000000953675
613	0.43204157955169675	0.27701000000953674	0.17385
614	0.42835079433441164	0.2757100000190735	0.17341000001430512
615	0.4268296502494812	0.27492	0.17347000001430513
616	0.4260115279006958	0.27535999999046323	0.17373000000476838
617	0.424300755443573	0.27542999999046325	0.17411000000953675
618	0.4240200083732605	0.27663000000953675	0.17454000000953673
619	0.42349331089019776	0.2771800000047684	0.17496
620	0.4222357491874695	0.27618	0.17444000000953674
621	0.4191293752670288	0.2756900000190735	0.1759200000143051
622	0.4193797982501984	0.27644	0.17474999999523164
623	0.41545025701522825	0.2746000000095367	0.17463000000953674
624	0.4163497500419617	0.27690000000953674	0.17579000001430511
625	0.4179029082107544	0.27878000000953673	0.17520000000953675
626	0.4115772755622864	0.27603000000953676	0.17659000000476838
627	0.4108834260559082	0.27541000000953675	0.1765000000143051
628	0.41215093108177187	0.2773900000190735	0.1762800000143051
629	0.41034836935043334	0.27753999999046325	0.17657999999523163
630	0.4087180560493469	0.27746	0.17671000000953674
631	0.40869811697006225	0.2784000000286102	0.17745000000953676
632	0.40626750926971433	0.2786000000095367	0.1787200000143051
633	0.405686183719635	0.27734	0.17653
634	0.4013892436313629	0.2767700000190735	0.17838000000476836
635	0.4023382269001007	0.27775000001907346	0.17843
636	0.3987444293403625	0.27583000002861024	0.17835000001430512
637	0.39902719529151914	0.27716999999046327	0.17908
638	0.3980941777420044	0.2775400000190735	0.17919999999523162
639	0.39646560097694394	0.27787000002861023	0.17988000000953674
640	0.39611771535873413	0.27717000002861025	0.17753999999523162
641	0.39390766100883484	0.27747000000953675	0.1788300000143051
642	0.3920693232536316	0.27853000001907346	0.18134
643	0.391475372095108	0.27723999999523163	0.18013000001430512
644	0.39067089517593384	0.27807999999046323	0.18035999999523164
645	0.3913752556991577	0.2789599999904633	0.18001999999523163
646	0.38941979831695556	0.27875000001907346	0.18023
647	0.3886096878814697	0.28002	0.18175000000476838
648	0.385991020526886	0.2783600000286102	0.1808
649	0.38595183780670167	0.27862	0.18070000000715256
650	0.38376609405517575	0.2782399999904633	0.18034
651	0.38442639938354495	0.27897999999046325	0.18056999999523163
652	0.3814372308921814	0.2790300000286102	0.18241
653	0.37804393295288086	0.27697000000953675	0.1814
654	0.3785739177131653	0.2787200000190735	0.18307999999523164
655	0.37817843996047973	0.2792700000190735	0.18297
656	0.37728513012886045	0.27924000000953675	0.18269000000476837
657	0.37581131989479066	0.2789900000095367	0.1834400000143051
658	0.3743111044502258	0.27921999999046326	0.18345000000953673
659	0.37543177292823793	0.2807899999904633	0.18328
660	0.37434918358802793	0.28100000002861025	0.18390000000476836
661	0.37129631294250487	0.27996	0.1842500000143051
662	0.372506439409256	0.28084	0.18429000000953674
663	0.3703880145263672	0.2804900000095367	0.18372000000953675
664	0.36846585384368896	0.2803499999904633	0.18421
665	0.3679380907058716	0.28043	0.18454000000953674
666	0.3674856218719482	0.28083000002861025	0.18481000000953673
667	0.36573562220573425	0.28035000000953675	0.18493000000476836
668	0.365807345123291	0.28065	0.18390999999523164
669	0.3622870289039612	0.27998000000953677	0.18588000000953675
670	0.36316170687675475	0.2799500000286102	0.18411000000953676
671	0.35989746072769163	0.28037000000476836	0.18671000001430513
672	0.3593754719543457	0.28092000001907347	0.18686
673	0.3578864152336121	0.28014000001907347	0.18709
674	0.35851676708221436	0.28138000002861024	0.18795000001430512
675	0.3560043387031555	0.28041	0.18713000000476837
676	0.3577728554534912	0.2823600000286102	0.18689000000476838
677	0.3548081512641907	0.2810600000286102	0.1876
678	0.355354111328125	0.28225000000953676	0.18710999999523162
679	0.35273884479522705	0.2816000000190735	0.18774000000953675
680	0.3518137238502502	0.2807200000190735	0.18686999999523163
681	0.35144310918807986	0.2824400000190735	0.18797000000476838
682	0.3501246633529663	0.2822600000190735	0.18853
683	0.3499413005256653	0.28125	0.18665000000953674
684	0.3485255051898956	0.28196999999046324	0.18893000001430513
685	0.3453896126174927	0.28077000002861024	0.18892
686	0.34736204374313356	0.28237	0.18815999999523164
687	0.3468967471504211	0.2824500000190735	0.1887
688	0.34538150909423826	0.2814500000190735	0.18758000000476838
689	0.34375116073608397	0.28297	0.19094
690	0.3443368573188782	0.2840200000286102	0.19028
691	0.3425626798820496	0.28335	0.19025000000476838
692	0.3415202231025696	0.28316000002861025	0.18989000000953674
693	0.3399217390537262	0.28340999999523164	0.19053999999523163
694	0.3406310010910034	0.2838399999904633	0.19047
695	0.33634031396865843	0.28118	0.19065000001430513
696	0.3378589621639252	0.283	0.19036
697	0.3365216415977478	0.28339000002861026	0.19172000000953673
698	0.33648299827575684	0.28480000001907346	0.1926600000143051
699	0.3358980395889282	0.28426	0.19187000000476837
700	0.33350058660507204	0.2833199999952316	0.1923999999976158
701	0.33156602578163147	0.2836000000190735	0.19340999999523162
702	0.33206892879486083	0.2834600000047684	0.1921000000143051
703	0.33156131757736207	0.28433000000953673	0.19212
704	0.3309546988105774	0.28381000000476836	0.19271000000953675
705	0.3304385643577576	0.2850600000190735	0.19380000000476838
706	0.3291234534072876	0.28497	0.19312000000953675
707	0.3272942059803009	0.2846000000095367	0.19347
708	0.32621938889503477	0.2850400000095367	0.19424000000953676
709	0.32686736389160154	0.2855599999904633	0.19412000000953675
710	0.32391377128601073	0.2841499999952316	0.19461000000476839
711	0.323585755109787	0.28476000002861024	0.19522000000476838
712	0.32285822708129885	0.2851000000190735	0.19520999999523164
713	0.3230982716464996	0.28542	0.19504999999523162
714	0.32034791213989255	0.28375000000953676	0.19471999999523162
715	0.3198232117462158	0.28414000002861023	0.1942
716	0.3190594719219208	0.2855400000190735	0.1962700000143051
717	0.320438442697525	0.2858400000190735	0.19448
718	0.31929469957351686	0.28629	0.19580000001430511
719	0.31929555902481077	0.28655999999523163	0.19547000000476838
720	0.3150504440689087	0.28463	0.19645999999523162
721	0.31607662614822385	0.28583000002861025	0.19700999999523164
722	0.31674243843078614	0.2868900000286102	0.19634
723	0.313936843919754	0.2868100000190735	0.19845000000953675
724	0.31175961981773376	0.2854800000095367	0.19862000000953675
725	0.3133982769680023	0.28623999999046323	0.19629000000476837
726	0.30962543991088864	0.28459000000953677	0.1968700000143051
727	0.31202384506225583	0.28683000000953673	0.19729000000476837
728	0.3112227393913269	0.2875500000190735	0.19792000001430513
729	0.3108166262626648	0.28773999999046324	0.19841000000953674
730	0.3111615410423279	0.28819	0.19917999999523162
731	0.308446300907135	0.2877000000095367	0.19826
732	0.30683489437103273	0.2859600000190735	0.19806000000476837
733	0.3086193955516815	0.28865000002861024	0.19891000001430512
734	0.3068752767276764	0.28738	0.19867000001430513
735	0.30580335656166074	0.28764	0.19907
736	0.30274321979522706	0.2856699999904633	0.19927000000476838
737	0.30127651374816894	0.28652000000953676	0.20054
738	0.30317285088062285	0.28761999999523163	0.19969999999523164
739	0.30190293910980226	0.28823000000953675	0.20102
740	0.3013650110912323	0.2884	0.20143
741	0.3014013808250427	0.28793000000476837	0.19977000000953674
742	0.29879419867515566	0.28808999999046325	0.20242000000476837
743	0.2992878316116333	0.28790999999046324	0.2015700000143051
744	0.2982331322956085	0.28848000002861024	0.20171000000476838
745	0.29836803679466245	0.28792999999046326	0.20079000000953676
746	0.2990237933444977	0.28989999999046323	0.20173999999523162
747	0.2966735078048706	0.28906999999523164	0.20232
748	0.29526872298240664	0.28916000000953673	0.20337000000953676
749	0.2946349712085724	0.28881000002861024	0.20263000000476838
750	0.2931845591068268	0.2883200000190735	0.20238
751	0.29364916500091554	0.2886200000286102	0.20201999999523162
752	0.2927057999515533	0.28875000000953677	0.20226
753	0.2935713556098938	0.28963	0.20260000001430511
754	0.2907312100982666	0.28945	0.20441999999523164
755	0.2921796166229248	0.29019000001907347	0.20336000001430513
756	0.28724679381370544	0.28757999999046324	0.20345000000476837
757	0.2896916906929016	0.28857	0.20249000000476838
758	0.28757506843566893	0.2887	0.20452000000953674
759	0.28903670232772827	0.28994	0.20351
760	0.28980687744140626	0.29136	0.20378000000953675
761	0.28728545946121214	0.29107000001907346	0.20562999999523163
762	0.2860909764099121	0.29037	0.20578000000953675
763	0.2839584023475647	0.28939	0.20537000000953673
764	0.28537515962600707	0.29065999999046327	0.20467
765	0.28392960418701174	0.28958000002861023	0.20389
766	0.28343721476554873	0.29034999999046324	0.20532999999523163
767	0.2819903911209106	0.2897500000190735	0.20562000000476838
768	0.281912089176178	0.2902300000286102	0.20641000000953674
769	0.2804395757675171	0.2896600000190735	0.20614999999523162
770	0.28132188245773315	0.29091999999046325	0.20630000001430512
771	0.28155234940528867	0.2916200000286102	0.20639000000476837
772	0.2798800859260559	0.2907200000190735	0.20663000002861023
773	0.2800210765647888	0.2921600000143051	0.20720000000953676
774	0.2783094041156769	0.2905300000143051	0.20688000000715256
775	0.2776419253540039	0.2908400000286102	0.20689
776	0.276887344493866	0.29192999999046326	0.2088700000143051
777	0.27524993249893187	0.29075	0.20773000000953673
778	0.2774450082778931	0.2928600000190735	0.20827
779	0.2770340516614914	0.29224	0.20789
780	0.27288392014503476	0.29050999999523164	0.20814
781	0.2746759082698822	0.29160000000953673	0.20732000001430512
782	0.2730856137561798	0.29187	0.20931999999523163
783	0.2721217124176025	0.29163999999046325	0.20946000000953674
784	0.2710210323762894	0.29199	0.2104500000143051
785	0.2732879958820343	0.2933299999904633	0.20931000000476838
786	0.27197339120864866	0.2932300000047684	0.21009999999523163
787	0.2712523743915558	0.29340999999046324	0.21054000000953674
788	0.2707711647129059	0.29307	0.21008999999523162
789	0.27022157432556154	0.29350999999046323	0.20966999999523162
790	0.2693775038051605	0.29297000000953677	0.20952000000476836
791	0.2671658038711548	0.29189999999046323	0.21029
792	0.2670741940689087	0.29302	0.21083
793	0.26554003352165223	0.2925400000047684	0.21211999999761583
794	0.26493725019454956	0.2921500000190735	0.21096999999523164
795	0.26639587134361264	0.2942600000047684	0.21138
796	0.26563181803703306	0.2930100000286102	0.21054000000953674
797	0.26406214910507203	0.29301	0.21169999999523162
798	0.2659617450428009	0.2943900000190735	0.21163999999046326
799	0.26418175880432127	0.29352000002861023	0.21151999999523163
800	0.26331548939704896	0.29365	0.21157000001907347
801	0.2615812201452255	0.29388	0.21309
802	0.2617499911212921	0.29388000002861026	0.21289
803	0.26207197306632996	0.2941600000190735	0.21245000000476838
804	0.26126194936752317	0.2948299999904633	0.21281999999523163
805	0.2592259589290619	0.29363	0.21297999999523162
806	0.2601598681354523	0.29374000001907347	0.21279000001430512
807	0.26044569415092467	0.2935900000095367	0.21093000000476836
808	0.25899566834449766	0.29404000002861025	0.21281000000476838
809	0.25672213660240173	0.29380000001907347	0.21364
810	0.25805904443740846	0.29548	0.21496999999523164
811	0.2562298033952713	0.29462000000953675	0.21474000000953675
812	0.25772157120704653	0.29549000000953674	0.21450000000476838
813	0.25696059778213504	0.29523999999046324	0.21398000000953674
814	0.2557558035421372	0.29474000000953676	0.21401000000953674
815	0.25525731310844424	0.29491000002861023	0.2141400000143051
816	0.2546458540534973	0.2952700000286102	0.21489
817	0.2547113769245148	0.2949600000286102	0.21408000000953675
818	0.25295464367866516	0.2940499999952316	0.21433000000953675
819	0.25240645111083987	0.2942200000286102	0.21478000000953673
820	0.2529601279640198	0.29540999999046325	0.2154700000143051
821	0.24932632308006286	0.29473000000953675	0.21643000000953674
822	0.25095303795814516	0.29482000000953673	0.21552
823	0.2499697954750061	0.2948300000190735	0.2163600000143051
824	0.24994559205055236	0.29498000001430513	0.2163499999976158
825	0.2489330029630661	0.29538999999523163	0.21695000000476838
826	0.25195109206199645	0.29726	0.21607999999523164
827	0.2489579888534546	0.29613000000953676	0.21747
828	0.25039589654922484	0.29683000000953674	0.21623000001430512
829	0.2468232927799225	0.2954399999904633	0.21726999999523164
830	0.24707127977371215	0.2961500000190735	0.21699
831	0.24858203144073487	0.29755000000953674	0.21817000000476838
832	0.2468656617450714	0.2970800000190735	0.21765000000476836
833	0.24730887630462647	0.2972200000190735	0.21773999999523164
834	0.24473562814712524	0.2963600000190735	0.21881
835	0.24571128398895264	0.29658	0.21813
836	0.24473186960220336	0.2963700000095367	0.21773000000476836
837	0.24374118122577668	0.2965000000190735	0.21824000000476837
838	0.24396024703025818	0.29571000000953673	0.21729
839	0.24157105435371398	0.29578	0.21860000000953675
840	0.24194928916454314	0.2961599999952316	0.2195000000143051
841	0.24214452783584595	0.29644999999046323	0.21836000000476838
842	0.2429757847261429	0.2977200000047684	0.21873
843	0.24250549406051636	0.29747999999046326	0.21879
844	0.24087679899215697	0.29660000000953674	0.2181000000143051
845	0.2409562735080719	0.29712000001907346	0.2185
846	0.24051529985427855	0.29696999999046325	0.21931000002861023
847	0.23956524024009704	0.2969900000190735	0.21941000000953675
848	0.23837895396232606	0.2966100000190735	0.21960000000953675
849	0.23856218669891358	0.29784000000953675	0.22048000000476836
850	0.23901943954467775	0.2973	0.21976000000953674
851	0.2378643248128891	0.29785000001907347	0.22114999999523163
852	0.23807420922279357	0.29714999999046326	0.21932000000953675
853	0.23868769994735717	0.2984	0.22045000001430512
854	0.2353035821914673	0.29670000001430513	0.22068000000953675
855	0.2365693535041809	0.29778000000953675	0.22100999999523163
856	0.23553397396087647	0.29786000000476837	0.22118
857	0.23533743849754332	0.2975500000190735	0.22083000000476838
858	0.23604438829421998	0.29839	0.22130000002861022
859	0.23442739619255065	0.29764999999046327	0.22071000000476837
860	0.23429485461235047	0.2983800000190735	0.22125000000953673
861	0.23324709879875183	0.2977	0.22285
862	0.23375013257980345	0.2986800000286102	0.22160999999046327
863	0.23281378324985505	0.29861000000953675	0.22244999999046325
864	0.23251804314613342	0.29771000000953673	0.22097999999523163
865	0.23261431580543518	0.2984199999952316	0.22221000000953675
866	0.23126488390922548	0.2985100000286102	0.22223000000953674
867	0.2329896683883667	0.29948000002861025	0.22287000000476836
868	0.22996966672420502	0.29768999999046325	0.2225
869	0.23144992087364197	0.29948000002861025	0.22274
870	0.23003823742866517	0.29807000001907347	0.22157000000476837
871	0.2302939783000946	0.29924000000953677	0.22304999999523162
872	0.22914678599834443	0.29834000001907346	0.22261
873	0.22807493186950684	0.2986599999904633	0.22328
874	0.22902329327106477	0.29955999999046323	0.22360999999523162
875	0.2294735772037506	0.30016	0.22438
876	0.2275453254699707	0.29860000000953674	0.22263000002861022
877	0.22631730777740477	0.2976700000286102	0.22286000000953674
878	0.22633510912418364	0.29778999999046324	0.22190000001430513
879	0.22776015206336975	0.30017	0.22440000000476837
880	0.22603659457206726	0.2987700000286102	0.22375000000476838
881	0.22524611431598662	0.29812000001907346	0.22331999999523164
882	0.22471995151519775	0.29904	0.22518000000476837
883	0.2238845963525772	0.29851	0.22395999999523164
884	0.22418820947647095	0.2989100000190735	0.22353
885	0.22413950891017914	0.29941999999046326	0.22434
886	0.22378829642295836	0.29896000000953676	0.2237
887	0.22389277614116668	0.29969	0.22375000000476838
888	0.2243579042005539	0.30017999999046324	0.2242900000143051
889	0.22545100063800813	0.30143000000953674	0.22476999999523162
890	0.22259923976898194	0.29962	0.22534000000953675
891	0.22253404575347902	0.2995499999904633	0.22445000000953674
892	0.22263547877311707	0.30024000000953677	0.22467000000953674
893	0.219778703956604	0.29850000000953675	0.22453999999523164
894	0.22162172842025757	0.3001100000047684	0.22554000000953675
895	0.21981030161857604	0.2985800000095367	0.22478000000953674
896	0.21947131506443024	0.2991700000286102	0.22484000000476836
897	0.22042080510139464	0.2996800000286102	0.22536
898	0.21902187743186952	0.2996300000190735	0.22636
899	0.21972892008781433	0.30108000002861024	0.22737000002861024
900	0.21921744534015655	0.29976000001430514	0.22481000000953674
901	0.21927648262023927	0.30056000001907346	0.22622
902	0.21952187455177308	0.30024000000953677	0.22568
903	0.2189774700832367	0.30047999999046326	0.22597000001430512
904	0.218451605052948	0.30043	0.22624999999523163
905	0.21801735853672027	0.3004200000190735	0.22659000000953675
906	0.21642846990585327	0.29985999999046326	0.22688999999523163
907	0.21522788278579713	0.29916000000953674	0.22689000000953674
908	0.2165680393743515	0.29961	0.22586
909	0.2161793876361847	0.30028999999046324	0.22689000000953674
910	0.21678818006038666	0.30085999999046326	0.22655000000476838
911	0.2165959046792984	0.29945999999046324	0.22525
912	0.2150063109970093	0.29967	0.22718000001907349
913	0.21642607244491577	0.30196000000953677	0.22769000001430512
914	0.21509273443222046	0.3005500000286102	0.2273500000143051
915	0.21419911274909972	0.30008999999046326	0.22683000000953674
916	0.21248685591220856	0.29966000000953674	0.22766000000476838
917	0.21433442644596098	0.30043000000953674	0.22693000000953675
918	0.21302471829414368	0.3002600000190735	0.22727
919	0.2131393102169037	0.30036000002861024	0.22705000001430511
920	0.2129652301120758	0.3013000000095367	0.22769000000953674
921	0.21113874307632446	0.30007999999046325	0.2277100000143051
922	0.21197510375976564	0.3004399999904633	0.22799000000476838
923	0.21219906737804412	0.30042000002861025	0.22665
924	0.21012644169807435	0.29929000001907347	0.22784000001907348
925	0.21168498229980467	0.30046	0.22678000002861023
926	0.20994855844020843	0.30001000001907346	0.22814
927	0.20865953009605406	0.2997800000286102	0.22819999999523163
928	0.2094933593416214	0.29994	0.22712
929	0.21180422808647156	0.3018600000190735	0.22753000000476836
930	0.21088216489315034	0.30190999999046325	0.2287600000143051
931	0.2119878690958023	0.3019200000095367	0.2275200000143051
932	0.20950805361747743	0.3004700000190735	0.22755000000953673
933	0.20882479381084443	0.30098000000953673	0.22949999999046325
934	0.21011765813350677	0.30262999999046325	0.23013999999046325
935	0.20814203314781188	0.30082000002861026	0.22803999999523164
936	0.20893788987159728	0.30152	0.22825000002861023
937	0.20754136447429658	0.30067	0.22869000000476838
938	0.20796864021778105	0.30162000000953676	0.22937999999046327
939	0.2081345720434189	0.30098000000953673	0.22783999999046325
940	0.20640009005069732	0.30029000001907347	0.22839999999523164
941	0.20669197592735292	0.3009700000095367	0.22931000001907348
942	0.20741947652816772	0.30185	0.22968999999523163
943	0.20853506185531617	0.3022200000190735	0.22881
944	0.20673840918540953	0.30140000000476835	0.22880000000953674
945	0.20770540590763092	0.3026000000190735	0.23014000000953674
946	0.20406640993118286	0.30075	0.22958000001430512
947	0.2054716898918152	0.30149	0.22951000002861022
948	0.20607928917884827	0.30145	0.22875000001430512
949	0.20589884621143342	0.30208999999046326	0.2297900000143051
950	0.20462900125026703	0.30156000000953675	0.23006000001430513
951	0.20378526083946227	0.3002700000286102	0.22916000002861023
952	0.205494247341156	0.3020000000286102	0.2287300000143051
953	0.20440736759662628	0.3017800000190735	0.22939000002861024
954	0.20246415214538574	0.30085000000953677	0.22966000002861023
955	0.2033048335647583	0.3001300000190735	0.22878999999046326
956	0.20203063589096068	0.3002500000190735	0.2300100000143051
957	0.203028296251297	0.3006000000286102	0.22853000000476836
958	0.20215177107810975	0.30128999999046324	0.23029
959	0.20205722229003906	0.3002800000286102	0.22872999999523164
960	0.2010405387353897	0.30044999999046323	0.22984999999523162
961	0.2021507789039612	0.3008100000190735	0.22936000001907347
962	0.2016441639995575	0.30144999999046324	0.23068999999046325
963	0.20176582467556	0.30162000001907346	0.22999999999523163
964	0.20099833077430726	0.3007500000190735	0.22863000000953673
965	0.2023162706756592	0.30217000000953675	0.23008000000476836
966	0.20295470710754396	0.3026900000095367	0.23035000000953673
967	0.19986970514297486	0.30115000002861025	0.22980000000476838
968	0.20004794248104096	0.30140000000953676	0.23000000000953674
969	0.2017899225282669	0.30282000000953674	0.23097000000953674
970	0.19992236145019532	0.30173000001907346	0.23094
971	0.20013927337646484	0.30150999999046324	0.22976000000953675
972	0.20026038866519927	0.30217000000953675	0.23036000000953674
973	0.20024853103637696	0.3019200000190735	0.23006000002861024
974	0.19862054861545564	0.30135000001907347	0.23071000000953673
975	0.19859038776397706	0.30054	0.22902
976	0.19716622540473938	0.29946000002861023	0.22858999999523164
977	0.19788862111091612	0.3010400000190735	0.22965000000476837
978	0.2001989883518219	0.3025800000190735	0.23038
979	0.19897991688728334	0.30172000000953675	0.22952000000476838
980	0.19941036125183106	0.30254000000953674	0.23071999999523163
981	0.1977237457895279	0.30073999999046325	0.22977
982	0.19837123135089874	0.30073	0.22838999999046325
983	0.19844615170955657	0.30235000002861023	0.23013000000476838
984	0.19829166823387145	0.30220000000953673	0.23060000000953673
985	0.1982621950340271	0.30192	0.2297300000143051
986	0.19817014528274537	0.3010499999904633	0.22993000000953676
987	0.19901974301338196	0.30150999999046324	0.22918000000476837
988	0.1981142269897461	0.30085	0.22930999999523163
989	0.19731994453430177	0.30027000000953674	0.22990999999523162
990	0.19736251342773437	0.3011900000095367	0.23095000000953675
991	0.19785260038852692	0.30142	0.2304900000143051
992	0.19809859769821167	0.30080000000476836	0.22878000001430512
993	0.19829962044715882	0.30142999999046327	0.22981000001430513
994	0.19877396011352538	0.30152000002861024	0.22948000000476837
995	0.198623764667511	0.30208999999046326	0.23041999999523163
996	0.198763728222847	0.30144999999046324	0.23004000000476837
997	0.19897738268852233	0.3018000000190735	0.23000999999523164
998	0.1981980291748047	0.30138999999046323	0.23000999999523164
999	0.19777130259513856	0.30084999999046325	0.22981
