epoch	loss	acc	certified
0	5.305127487792968	0.005980000000149012	0.005980000000149012
1	5.1628079344177245	0.014300000000298024	0.014300000000298024
2	4.950017664947509	0.027390000000298023	0.027390000000298023
3	4.794027039642334	0.042540000000596045	0.042540000000596045
4	4.661585299072265	0.057790000002384184	0.057790000002384184
5	4.58247392868042	0.06648000000476838	0.06648000000476838
6	4.524068969116211	0.07543	0.07543
7	4.4626137672424315	0.08271000000238418	0.08271000000238418
8	4.409377385101318	0.09002000000238418	0.09002000000238418
9	4.356235079498291	0.09700000000238418	0.09699000000238418
10	4.3077271562194825	0.10398000000715256	0.10398000000715256
11	4.265769296722412	0.11145000000238418	0.11145000000238418
12	4.224689685211182	0.11725000000715256	0.11725000000715256
13	4.18634784072876	0.12258000000476837	0.12258000000476837
14	4.15536149307251	0.12795000000715256	0.12794000000715255
15	4.117458358917236	0.13376	0.13376
16	4.093786372070313	0.13775	0.13775
17	4.061459098358155	0.14175000000476837	0.14175000000476837
18	4.0330643367004395	0.14707000000476836	0.14706000000476838
19	4.006605003662109	0.15180000000715255	0.15180000000715255
20	3.984850790557861	0.15467000001430511	0.1546600000143051
21	3.9616509490966796	0.15918000001430513	0.1591600000143051
22	3.9375165646362307	0.16212000000476837	0.16212000000476837
23	3.9168789627075196	0.1664000000143051	0.16639000001430512
24	3.899587214050293	0.16910000000953673	0.16906000000953675
25	3.8823874143981936	0.17295000000476837	0.17294000000476836
26	3.8593232231903074	0.1757	0.17568
27	3.844491894683838	0.17773	0.17769
28	3.825477047729492	0.18314000000476838	0.18307000000476836
29	3.8164343893432617	0.18469000000476837	0.18466000000476837
30	3.7955857804107667	0.18716000000953675	0.18710000000953675
31	3.7830617574310303	0.18926000000953674	0.18920000000953674
32	3.769371047210693	0.19140000000476837	0.19132000000476837
33	3.760406805267334	0.19496000000953675	0.19493000000953675
34	3.7515381079101564	0.19724000000953673	0.19720000000953675
35	3.733349281768799	0.19909000000476837	0.19898000000476837
36	3.7214073362731934	0.20039	0.20022
37	3.71672518409729	0.20227000000476836	0.20222000000476836
38	3.7055835723876953	0.2035700000143051	0.2034800000143051
39	3.699989326629639	0.20553999999523162	0.20543999999523163
40	3.6879925588989257	0.20546	0.20534
41	3.6810249604797365	0.20879000002861023	0.20861000002861024
42	3.6690074725341795	0.2106700000143051	0.21051000001430512
43	3.6598251057434084	0.21182999999523164	0.21153999999523163
44	3.6522597386169435	0.21372	0.21348000000953674
45	3.6464789298248292	0.21491999999523162	0.21470999999523163
46	3.6386525735473634	0.21670999999523163	0.21641999999523162
47	3.6289024504089356	0.21675000000953673	0.21644000000953675
48	3.622483439025879	0.21878000000476838	0.21834000000476836
49	3.6162881855773925	0.22010000000953675	0.21973000000953674
50	3.61525123046875	0.22131000000476836	0.22100000000476838
51	3.603259349899292	0.22429999999523162	0.22375999999523163
52	3.59348319480896	0.22471000000953675	0.22419000000953673
53	3.5901140228271484	0.22540000001907348	0.2247400000190735
54	3.585285708312988	0.22791000002861023	0.22726999999046327
55	3.574571171798706	0.22968000000476838	0.22898000000476837
56	3.567368456802368	0.22926	0.22868
57	3.571231163482666	0.23100000001430512	0.2301500000143051
58	3.5630156367492676	0.23208000000953674	0.23120000000953675
59	3.5551317816925048	0.23298000000476837	0.23198000000476837
60	3.5507575774383544	0.23300999999523161	0.23201999999523162
61	3.5390857358551027	0.23335	0.23232
62	3.539572821884155	0.23572000000953675	0.23471999999523163
63	3.536245640411377	0.23666000002861023	0.23551999999046325
64	3.5304641537475585	0.23726000000476838	0.23595000000476837
65	3.527838850860596	0.23818999999523163	0.23694999999523164
66	3.5248872372436524	0.23863999999523164	0.23737999999523163
67	3.5150663440704344	0.23953	0.23791
68	3.5142616902923582	0.24145999999046325	0.24002999999046326
69	3.50926876121521	0.24083000000476837	0.23908000000476837
70	3.5045258742523195	0.24343	0.24142
71	3.500812096405029	0.24188000002861024	0.23976000002861023
72	3.497714838027954	0.24431000000953673	0.24228000000953676
73	3.486685602264404	0.24555	0.24359
74	3.484866328277588	0.24789000000953673	0.2457300000190735
75	3.4814676639556885	0.24565	0.24310999999523164
76	3.478442446746826	0.24840000002861023	0.24582000002861024
77	3.4752270366668703	0.2483000000143051	0.24570000001430511
78	3.4686017236328124	0.24945000000953674	0.24665000000953674
79	3.4709670887756348	0.24862999999046326	0.24576999999046326
80	3.460278830566406	0.2502500000190735	0.24672000002861022
81	3.4615530197143554	0.25231	0.24864000000953673
82	3.45672903175354	0.2526500000190735	0.24914000002861023
83	3.454258882446289	0.25286000001430514	0.24883
84	3.451910130996704	0.2537100000286102	0.24925000002861022
85	3.450286654510498	0.2532600000190735	0.24941000001907349
86	3.44402563041687	0.25459	0.25001
87	3.4377332949829102	0.2557499999952316	0.25095000000476836
88	3.4401989096832275	0.2547900000190735	0.2500500000286102
89	3.431096548233032	0.25756000002861024	0.25239000002861023
90	3.427078071136475	0.25852000001430514	0.25336000000953673
91	3.426171304321289	0.25710999999523165	0.2515799999952316
92	3.42413840965271	0.26060999999523166	0.25440000000476837
93	3.4215120875549316	0.26038000000953676	0.25397000000953673
94	3.42083653213501	0.2595899999904633	0.25372999999046325
95	3.4189680079650877	0.26016	0.2532
96	3.413912546081543	0.26194000002861023	0.25477999999046325
97	3.4112551364135744	0.26107000000953673	0.25359999999523164
98	3.408088419189453	0.2635900000143051	0.2553100000143051
99	3.4059552932739257	0.263	0.25438000000953676
100	3.395092845458984	0.2646900000190735	0.25582999999046324
101	3.374844533691406	0.2651300000143051	0.2559000000095367
102	3.355528734741211	0.26360000000953676	0.2540400000047684
103	3.334728367462158	0.2633900000143051	0.25337999999523164
104	3.315973624343872	0.26646999999523163	0.25539000000953677
105	3.2951255785369873	0.2676299999904633	0.25630000001430514
106	3.2727982316589355	0.26709999999523165	0.2554200000047684
107	3.2559337658691407	0.26912	0.2571400000286102
108	3.238122486190796	0.26971000000953677	0.25681000000953674
109	3.2207595362091066	0.2693500000190735	0.25608000000953673
110	3.2033040354156492	0.27022999999046327	0.2566799999952316
111	3.187035288696289	0.2694099999904633	0.2554
112	3.165197794570923	0.27059	0.2564500000095367
113	3.146113543777466	0.27071000001907347	0.2552900000095367
114	3.1273896562194823	0.27183	0.25610999999523165
115	3.1130462941741945	0.2726800000286102	0.25634999999046326
116	3.0948358903503417	0.2717500000286102	0.2547000000190735
117	3.0768741149902343	0.2734099999904633	0.2556400000143051
118	3.0597785909271242	0.27465000000476836	0.25517000000476836
119	3.0424566400146484	0.27458	0.25479000001430513
120	3.021986429748535	0.27552000000953675	0.25574
121	3.0053348113250733	0.27619000000953675	0.25573
122	2.9931982789611817	0.27565000002861023	0.2542999999952316
123	2.9761868509674074	0.27697000000476835	0.25445000000476836
124	2.9580072763061525	0.27690000000953674	0.2536400000143051
125	2.9389111531829832	0.27772999999046327	0.25403000000953674
126	2.9287369287109377	0.27909	0.2538200000286102
127	2.9117515297698975	0.27963	0.2531300000190735
128	2.893778671646118	0.2804000000190735	0.25388
129	2.8749050596618653	0.2800100000143051	0.25254999999523164
130	2.8613833661651613	0.28168000000953675	0.25206000000953677
131	2.845750085296631	0.2830599999904633	0.2519300000190735
132	2.8265522885894776	0.28251999999046323	0.25163
133	2.8172281632995606	0.28386	0.2520299999952316
134	2.7994127003479004	0.28182000002861024	0.24948999999046326
135	2.7863237042236326	0.28381	0.24899
136	2.7692697059631346	0.28509000002861024	0.24995000002861023
137	2.7545280630493165	0.2841799999904633	0.2491
138	2.7407570945739748	0.28456000000953674	0.24843999999523164
139	2.723486414794922	0.2866700000190735	0.24865000000953674
140	2.7086253742980957	0.2861000000095367	0.24775000002861022
141	2.6971676051330564	0.28755	0.2465100000190735
142	2.681263624420166	0.28642999999046326	0.24500999999523163
143	2.666598320159912	0.2892300000286102	0.24548000000953674
144	2.6518441844940184	0.28981	0.24482999999046326
145	2.6387302164459228	0.28914	0.24407999999523164
146	2.627237335205078	0.28991	0.2415
147	2.611713551940918	0.2890599999904633	0.24227000000476837
148	2.6049647665405273	0.29057999999046324	0.24064000000476837
149	2.5837910371398927	0.2907700000190735	0.24105999999523162
150	2.572033462524414	0.29219000000953677	0.24013000000476836
151	2.560060534591675	0.2927000000095367	0.24046999999523164
152	2.5450838899230956	0.29285000001907346	0.23961000001907348
153	2.5368151556396485	0.2938800000047684	0.23763999999523164
154	2.5245065529632567	0.29481000002861024	0.2368200000190735
155	2.511531416091919	0.29427	0.23494000000476836
156	2.4983375006866457	0.29378	0.23563000001430512
157	2.484979724807739	0.2960100000286102	0.23375000000476837
158	2.4738429887390136	0.29559999999046327	0.23375
159	2.4612802713012694	0.29662000001907346	0.23240000000953676
160	2.443736989517212	0.29592000002861024	0.23142000001430513
161	2.436735208282471	0.29596000000953676	0.22946999999046325
162	2.429068138885498	0.2965300000190735	0.22879
163	2.415615760192871	0.2953800000143051	0.22769000001430512
164	2.4017621333312986	0.29730000000953677	0.22799
165	2.39182481010437	0.2983299999904633	0.22658999999523163
166	2.3786683374023436	0.29814999999046327	0.22364
167	2.3658937047576902	0.29929	0.22421000001907349
168	2.356982513961792	0.29834	0.22126000000476836
169	2.3424778143310547	0.29708	0.21925
170	2.335409806060791	0.30052000000953677	0.21953999999523163
171	2.32138947555542	0.29947999999046326	0.21861999999523163
172	2.312832553100586	0.29948000000953673	0.21777999999523162
173	2.30252020652771	0.29922999999046324	0.21687000001430512
174	2.2911776928710936	0.30086999999046327	0.21630000000953675
175	2.2826873184967043	0.30250000000953675	0.2144700000143051
176	2.2711817079162597	0.3012400000190735	0.21427000000476837
177	2.2594768635559084	0.3017800000286102	0.21328000000476838
178	2.252353786392212	0.3016900000190735	0.21183000000953675
179	2.241903352584839	0.3017800000190735	0.20968999999523164
180	2.2306351539611815	0.3006200000286102	0.20758000000476837
181	2.222465501098633	0.30328999999523165	0.20779000000476838
182	2.210807643508911	0.3045500000286102	0.20808000001430513
183	2.2018095350646973	0.30411999999046324	0.20663000000476836
184	2.1937657792663576	0.30423000001907347	0.20459000000953675
185	2.183651448059082	0.3042100000286102	0.20275000001430513
186	2.1736877291107177	0.3047699999904633	0.20177999999523163
187	2.1645750100708008	0.30518999999046326	0.20225000000953675
188	2.1560570373535155	0.30448999999523163	0.19855999999523163
189	2.144921669921875	0.3053799999904633	0.19873000000953675
190	2.1372465550994875	0.30440000002861023	0.19794
191	2.126462944717407	0.30541000002861024	0.19623999999761582
192	2.1172977448272703	0.3026600000286102	0.19381000000476836
193	2.1094244395446777	0.30485	0.19431000001430512
194	2.1021016342926027	0.30487000002861026	0.1923500000143051
195	2.0912343241882323	0.30508	0.1932100000143051
196	2.0863273905944824	0.30602	0.18963000000953675
197	2.075388455810547	0.30608	0.18839000000953673
198	2.0676987836456298	0.30631	0.18691999999523162
199	2.0629965488433837	0.30565	0.1846100000143051
200	2.05068344078064	0.30573000000953676	0.18398
201	2.0458028185272217	0.3053400000286102	0.18219
202	2.0340080965423586	0.3048199999904633	0.18123000001430511
203	2.0296083058929444	0.30621000000953674	0.1801700000143051
204	2.0182260987091065	0.30544999999046324	0.18130999999523162
205	2.012689070663452	0.30575000002861025	0.17993000001430512
206	2.0055448224639894	0.3071	0.17766
207	1.9953333813858032	0.30616999999046324	0.17756000000953676
208	1.9876928880310059	0.3054900000143051	0.17625
209	1.9785980569458008	0.30616999999046324	0.17542
210	1.972352644805908	0.30611	0.17309
211	1.9653087153244018	0.30711000000953675	0.17269
212	1.9569713933944701	0.3059900000190735	0.17179000000953673
213	1.9490633974456788	0.3067599999904633	0.17110999999523163
214	1.9403118383026123	0.30496999999046326	0.17052000001430512
215	1.9324488347244262	0.3072	0.1705499999976158
216	1.9247205408096313	0.3060200000190735	0.16853000001430513
217	1.9200819927215576	0.30640000002861023	0.16753000000953674
218	1.9140262822723388	0.30766000000953675	0.16758000001430512
219	1.902573299598694	0.30447000002861024	0.16591999999523163
220	1.8964230966949462	0.3066000000286102	0.16536999999523164
221	1.8894004048156738	0.30569000000476837	0.16558000000715256
222	1.8814233087921142	0.3074700000190735	0.16473999999761582
223	1.8752521524429322	0.3057700000286102	0.16251
224	1.8680760667037963	0.30743	0.1619300000023842
225	1.8597007292175294	0.30583	0.16164000000476836
226	1.849018897819519	0.30561	0.16179000000715255
227	1.8438522580337524	0.3050499999904633	0.16038999999523162
228	1.8404448389816284	0.30671000000953674	0.15858999999523163
229	1.829973448562622	0.30671999999046323	0.16069000000715256
230	1.8233765217971802	0.30517000001907346	0.15832
231	1.8127654610443116	0.30367000000953676	0.15779000001430513
232	1.8107053308868408	0.3057500000190735	0.15754
233	1.8024535717391967	0.30736000002861025	0.1585800000143051
234	1.7964247806549072	0.30537000000953674	0.15513999999761582
235	1.7901364288711548	0.3058799999904633	0.15473000000476836
236	1.7792543677902222	0.30321999999046323	0.15528
237	1.7777331880187988	0.30509000000953673	0.15360000000953675
238	1.768293147239685	0.30240000001907347	0.15295000000476838
239	1.762889481086731	0.30414000002861025	0.1531799999976158
240	1.7537550066757202	0.30403	0.15223000000953674
241	1.7488700050354005	0.3042800000286102	0.15112000000238418
242	1.7398695046234132	0.30331000000953673	0.1508000000023842
243	1.735721660079956	0.3054700000095367	0.15049999999761582
244	1.7306623337554932	0.30456000000953676	0.1493100000143051
245	1.7195675970458983	0.3028000000095367	0.15061999999761583
246	1.7156285633850097	0.30333999999046324	0.14890000000715256
247	1.7087862965774536	0.30523	0.14911
248	1.702870170211792	0.3035	0.14761000000476837
249	1.6925366494750977	0.30200999999046324	0.14850000000476837
250	1.688087091445923	0.3030800000190735	0.14751000000476838
251	1.6810986892700195	0.3019900000047684	0.1475300000023842
252	1.6747445512008667	0.30229000000953676	0.14679000000238418
253	1.6681163132476806	0.3018300000190735	0.14648999999523163
254	1.6618940701293945	0.30194999999046324	0.1471100000143051
255	1.6564240243530273	0.3028600000190735	0.1468000000023842
256	1.6470572484588624	0.3016900000190735	0.14520999999523163
257	1.6423479243850707	0.3001100000286102	0.14423000000953673
258	1.6376904251861573	0.3025200000095367	0.14485000000715256
259	1.6318331631088256	0.30202000000476836	0.14510000000476836
260	1.625894165763855	0.30151000001907347	0.1432900000143051
261	1.6192617832183838	0.30066000000953674	0.14372000000715257
262	1.6107899304580688	0.3008	0.1435900000143051
263	1.607722730331421	0.3001100000190735	0.14279
264	1.597507406349182	0.29993	0.14321000000953674
265	1.5911384196472167	0.3009200000190735	0.14391000000476836
266	1.5865932027435303	0.29996999999046325	0.14373999999523163
267	1.5803808389282226	0.3006900000190735	0.14276000000953673
268	1.5718183757781983	0.29730000002861023	0.14153
269	1.568716569633484	0.29894000000953674	0.14132000000715256
270	1.560814080734253	0.29904000002861025	0.14238000000953674
271	1.556319619102478	0.30079000000953676	0.14237000000238417
272	1.5512654566574096	0.3006600000190735	0.14190999999523163
273	1.5453762475585937	0.29786999999046326	0.14096999999523163
274	1.535511848449707	0.29805000000953674	0.14198
275	1.5286740656280517	0.2959800000095367	0.14078000000476837
276	1.5257797128295898	0.2979800000190735	0.13976000000476838
277	1.518958797607422	0.29667999999523165	0.14064000000476837
278	1.5149243467712403	0.29714	0.13971000000953673
279	1.5079596384048461	0.29706000000953675	0.14009
280	1.5020205103683473	0.29609	0.1386
281	1.4955761392593383	0.29688000000953674	0.13967
282	1.4901383100891112	0.29625999999046326	0.13954000000476838
283	1.4847593730545043	0.29547000002861024	0.13809000000476837
284	1.4782091272354125	0.29568000000953676	0.13861000000476836
285	1.471372215309143	0.29466000000953674	0.13813000000238418
286	1.4652288191986085	0.2939999999904633	0.13886
287	1.4596560566711425	0.29397999999046326	0.13972
288	1.455352942276001	0.2947799999904633	0.13856000000476837
289	1.4495437958908082	0.29505	0.1377000000143051
290	1.4453204201507568	0.29528000000953675	0.13827000000476838
291	1.4367107740783691	0.2937600000190735	0.13791999999523163
292	1.4319056998443604	0.29372	0.13766000000476838
293	1.426155389213562	0.292	0.13691
294	1.4223270989990235	0.29373	0.13770999999761582
295	1.4163904924774169	0.2924600000286102	0.13775000001430512
296	1.4105489247131349	0.29229000000953675	0.13668999999523163
297	1.4023001132965087	0.29089999999046323	0.1367199999976158
298	1.3981934036254884	0.29207000001907346	0.13822000001430512
299	1.3924793808364868	0.29034999999046324	0.13704
300	1.3864318793106079	0.2899600000143051	0.13626999999761583
301	1.380275682258606	0.2899000000190735	0.13784999999523162
302	1.3785926970672608	0.2904499999904633	0.13705000000476839
303	1.3691006317520142	0.28987999999046327	0.13882999999523163
304	1.366193338432312	0.2904900000047684	0.1377500000023842
305	1.3604143339538575	0.2882800000190735	0.13594000000715256
306	1.3554423810577392	0.28934	0.13620000000715254
307	1.3484638710021972	0.2884500000190735	0.13663000000476838
308	1.3448389085006713	0.29009000002861024	0.13787000000476837
309	1.3370922585296632	0.2876199999904633	0.13753999999761582
310	1.3338347987365722	0.28786000001907347	0.13607000000715255
311	1.326960212135315	0.28644000002861025	0.13616000000476838
312	1.3229684337615968	0.28811999999523163	0.13624
313	1.318823078918457	0.2876300000286102	0.13583999999523164
314	1.3118821340179443	0.2877300000286102	0.1361200000143051
315	1.3042522755432129	0.28625999999046325	0.13697000001430512
316	1.3032633214569092	0.2871000000190735	0.13620000000476837
317	1.2973935176849365	0.28557000000953675	0.13671000000715255
318	1.292170146484375	0.28705000000953673	0.13757000000476838
319	1.2863775475311279	0.28650999999523163	0.13729000000715255
320	1.2809689995956421	0.2836800000286102	0.13469
321	1.2749104634857178	0.28300000000953673	0.1365899999976158
322	1.2676457695007324	0.2834800000143051	0.13743000000238417
323	1.2629954362487792	0.28402000001907346	0.13617
324	1.2592450807952882	0.28415000002861024	0.13727000000476838
325	1.2544597609710693	0.2819600000143051	0.1362300000143051
326	1.2491070133590698	0.28222000001430514	0.1364000000023842
327	1.2454373588943481	0.28409000000476836	0.13731999999761582
328	1.2421488270950318	0.2839499999904633	0.1364300000143051
329	1.2353643774414063	0.28276999999046326	0.13662999999761583
330	1.2301544045257569	0.28287000000476836	0.1369699999976158
331	1.2246542621612548	0.28266000002861025	0.13764999999523164
332	1.2191663467788696	0.28212999999046323	0.13669000000715256
333	1.2130947151947022	0.28073000000953674	0.1373599999976158
334	1.2088229843902587	0.28068999999046323	0.13723000000715255
335	1.2040973287200927	0.2804600000286102	0.13682000000476838
336	1.2011460587310792	0.2823800000047684	0.13723000000476837
337	1.1947951278686524	0.28125000000953676	0.13726999999761583
338	1.1912227544403076	0.28080999999046324	0.13695
339	1.1845800189208984	0.27978000000953673	0.13715000000476837
340	1.1797919123458862	0.27968999999523164	0.13783000000476836
341	1.1755931729125977	0.28000000001430514	0.13788000000476838
342	1.172341809501648	0.28052000000953675	0.13781000001430513
343	1.1645228303146362	0.2790600000047684	0.13775
344	1.163338833465576	0.2793200000190735	0.13797000000953674
345	1.1588988864135743	0.2789599999904633	0.13700000000476836
346	1.1520701609039308	0.27835999999046324	0.13750000000953674
347	1.1484556412506104	0.27850000001430514	0.1379399999976158
348	1.1441859698486327	0.2783	0.13777000000476838
349	1.1380809225845336	0.27706999999523163	0.1370499999976158
350	1.1329132025527955	0.27752999999523165	0.13843
351	1.1286468700408936	0.27677000001430513	0.1376699999976158
352	1.1233122994232179	0.2771199999952316	0.13881999999761582
353	1.1211576555633544	0.2768800000143051	0.13722000000476836
354	1.1170698582839966	0.27778000002861025	0.13797000001430512
355	1.109954758453369	0.27658000000476834	0.1384300000011921
356	1.1085965743637085	0.27676	0.13747999999523164
357	1.1029807342529296	0.27606000000953673	0.1378299999976158
358	1.0975875069046022	0.27610000000476836	0.13847000000715257
359	1.0930958019256591	0.2761600000095367	0.13843999999523163
360	1.089279129486084	0.27645000000953673	0.13793000000953673
361	1.0827400705337524	0.27337	0.13747000000476836
362	1.0792634830093384	0.2748100000286102	0.13909000000476837
363	1.0756090645980836	0.27487000000953676	0.13842000001430513
364	1.0703482679367065	0.27356000002861025	0.13813
365	1.0648901342010497	0.2739600000190735	0.13924000001430512
366	1.0627481407928467	0.27471999999046326	0.13837999999761583
367	1.0581031827163696	0.27412	0.13912999999523162
368	1.0525437044143677	0.27231999999523165	0.13852000000238418
369	1.048344686088562	0.27389000002861025	0.13998000000953675
370	1.0464461878204345	0.27292000000476835	0.13842000000476837
371	1.0385410261535644	0.27126	0.1395299999976158
372	1.0362767078781128	0.27238000002861024	0.13876
373	1.0322217570877075	0.27321999999046326	0.13914000000476837
374	1.02861694896698	0.27251000002861026	0.13849
375	1.0227798803329469	0.27101000000953673	0.13988000000476838
376	1.0196641167449951	0.27199999999046326	0.13992999999761582
377	1.0147295904541016	0.27099000000953677	0.14011000000953674
378	1.0109731856536865	0.2715900000286102	0.14062000000953676
379	1.009692133178711	0.27161000002861024	0.1378400000143051
380	1.003751669960022	0.27068	0.13932
381	0.9975466873550415	0.2706200000190735	0.14054
382	0.994125764503479	0.26983000002861024	0.13978999999523162
383	0.9948088762855529	0.27183000000476837	0.13868
384	0.9884261721801758	0.27018000002861026	0.1399
385	0.9850042419815064	0.2708000000286102	0.13897000000953674
386	0.980487924156189	0.27067999999046327	0.13981000000715255
387	0.9761281326293946	0.26986999999046324	0.13940000000476838
388	0.9737671334457397	0.2704600000190735	0.13920000000476837
389	0.967796917667389	0.2691500000143051	0.14027000000715256
390	0.96317545337677	0.26917	0.14049000000476838
391	0.960828464641571	0.26994	0.13982000000953673
392	0.9585846317100525	0.27028000002861025	0.13989
393	0.9517698551559448	0.26812000002861025	0.14039
394	0.9517152941894531	0.2692200000143051	0.13886
395	0.945475752735138	0.26892000000953675	0.14065999999523163
396	0.9393789844322205	0.26704000001907346	0.14025999999523162
397	0.9382317073059082	0.26813000000953674	0.13924000001430512
398	0.9347843581581116	0.26915000000953676	0.14051
399	0.9287540565872192	0.26715000000953676	0.14056000000476837
400	0.9250559228515625	0.26733000002861024	0.14118000000476838
401	0.9234455746078492	0.26848999999046325	0.14148999999523162
402	0.9177661122703552	0.26631	0.14066000000953674
403	0.9148947516822815	0.2668300000143051	0.14150999999761582
404	0.9121339248275757	0.2675300000190735	0.14076
405	0.9101794240379334	0.26709000000476835	0.1402799999976158
406	0.9028759798812866	0.26645000002861025	0.14141000000476836
407	0.9014157448577881	0.26827000000953677	0.1420300000143051
408	0.8973465295410156	0.26625000000953675	0.14082
409	0.8938543145561219	0.26554999999046325	0.14014000000476837
410	0.8901816835784913	0.2658100000143051	0.14048000000715255
411	0.8848669997596741	0.26517999999046327	0.14163000001430512
412	0.882986315536499	0.2659000000047684	0.14127
413	0.8801179830741882	0.26592999999046324	0.14166000001430512
414	0.875901408958435	0.26479000000953673	0.14163000001430512
415	0.8702037714767457	0.2640299999904633	0.14138999999523164
416	0.8665916350746155	0.2643600000143051	0.14192000000715255
417	0.8639740811538696	0.2632500000190735	0.14230999999761582
418	0.8620221092224121	0.26437	0.14105000000238418
419	0.8588742127037048	0.26515999999523165	0.14174000001430512
420	0.8543954292106628	0.26338999999046325	0.14152000001430512
421	0.852451281414032	0.26491999999523164	0.14285000000715256
422	0.8502410681152344	0.26430999999046323	0.14112999999523163
423	0.8450974665260315	0.26321000000476835	0.14219
424	0.8391205114364624	0.26357000000953673	0.14413000000476836
425	0.8356899565315247	0.26328000002861024	0.14336000000476837
426	0.8372191851043701	0.26400999999046326	0.14038000001430512
427	0.8326591452026367	0.26444000000953677	0.14301999999523163
428	0.8288449429702759	0.26227999999046325	0.14167000000953675
429	0.8257434107589722	0.2631199999952316	0.14198000000715255
430	0.8235852501487732	0.26438000002861023	0.14200999999523162
431	0.8200089749526978	0.26307000000953673	0.1419400000023842
432	0.8158821919441223	0.26275	0.14172000000953675
433	0.8130280262947083	0.2617600000143051	0.14209000000476837
434	0.8076495783233643	0.26073000000476837	0.14209000000953675
435	0.8040786796951294	0.26021000000953676	0.14216000000953674
436	0.8060552488327026	0.26423	0.1428700000143051
437	0.8014282013511658	0.26282000000953676	0.1429700000023842
438	0.7970360536575317	0.26287000000953675	0.14274000000476836
439	0.7924902787399292	0.26035000002861025	0.1425400000143051
440	0.7899351092529296	0.2615100000095367	0.14310999999523163
441	0.788718491191864	0.26174000000953673	0.14185000001430512
442	0.7845168973922729	0.2618100000190735	0.14343000000476838
443	0.7815856137275696	0.26102000002861026	0.14250000001430513
444	0.7796309619522095	0.2613099999904633	0.14249000000476836
445	0.7749147467803955	0.2610799999904633	0.14227000000953674
446	0.7736560570716858	0.2620599999952316	0.14268000001430511
447	0.7708597766494751	0.26105999999046325	0.14165
448	0.7668539706039429	0.25989000002861024	0.14267999999523162
449	0.7647193727874756	0.2598599999952316	0.14187000000715255
450	0.7608180745697022	0.2600900000286102	0.1429000000143051
451	0.7566096586227417	0.2599500000095367	0.14332000001430512
452	0.7526444952201843	0.25763000002861025	0.14294000000953674
453	0.7509945031547547	0.25966000001907347	0.14374000001430512
454	0.7517852202033997	0.2604200000190735	0.1422300000143051
455	0.7464299035644532	0.25877000000953676	0.1427199999976158
456	0.7433335914993286	0.25926999999523165	0.1427200000023842
457	0.7404013216400146	0.25870999999523164	0.14312
458	0.7376187242507934	0.25942	0.14317000000953675
459	0.7331497633171081	0.25788999999523166	0.14364000000953675
460	0.73217724111557	0.25824	0.14299000000715256
461	0.7296147709465027	0.25882000000953675	0.14365000000476838
462	0.7280689441299438	0.2588000000190735	0.14196000001430512
463	0.7246460771942139	0.25828999999046326	0.1423700000143051
464	0.7219382564353943	0.25888000001907346	0.14343000000476838
465	0.7186845572662354	0.2595700000095367	0.1444999999976158
466	0.7143847800254822	0.25823	0.14408
467	0.7126074635314942	0.25877000000953676	0.14345000000953675
468	0.7098602473068237	0.25804999999046324	0.14443
469	0.7076544945526123	0.25848000000953675	0.14379999999523163
470	0.7051601087760925	0.25739000000476836	0.14355000000476836
471	0.7013515902137757	0.2571400000047684	0.14453000000476837
472	0.7010846800041198	0.2584600000190735	0.14338999999523164
473	0.6967828792381286	0.25814000000953674	0.14456000000476837
474	0.6944357081413269	0.2571699999952316	0.14242000000476837
475	0.6917177712440491	0.25683000001907347	0.14327999999761581
476	0.6913118029403686	0.25798999999523164	0.14311000000476837
477	0.6869001503753662	0.2568599999952316	0.14338000000476836
478	0.6830113777923584	0.2560900000047684	0.14327000000953674
479	0.6819178639030457	0.25602	0.14334000000476838
480	0.6790881329536438	0.25610999999046324	0.14285000000953674
481	0.6758007324790954	0.25638000001907346	0.14401
482	0.6746158506965637	0.257	0.1440600000143051
483	0.6716639700889587	0.25689999999046326	0.14464999999523162
484	0.6696638266944885	0.25676	0.14331
485	0.667382241973877	0.25626999999046324	0.14361000000715254
486	0.6651020859718323	0.25658999999523163	0.1436899999976158
487	0.6611949821281433	0.2546	0.14284
488	0.6611367790412903	0.25622000000476836	0.14299000001430512
489	0.6545649408912658	0.2541	0.14405
490	0.6538264903068542	0.25497000002861026	0.14405000000476836
491	0.6515973566246033	0.2554000000095367	0.14369
492	0.6503660018157958	0.25729	0.14487000000476838
493	0.6483211226081849	0.25677000000953676	0.14459999999523163
494	0.6440789260292054	0.2563499999952316	0.14552000000476836
495	0.6424077896118164	0.25439000001907347	0.14416999999523164
496	0.6391760330581665	0.2552600000190735	0.14539000000715255
497	0.6369382132911682	0.25535000001430513	0.14582000000953674
498	0.6335822535324097	0.25373999999046326	0.1448100000143051
499	0.634062610168457	0.2551400000047684	0.14348
500	0.6303763096427918	0.2549200000286102	0.1446400000143051
501	0.6302151644897461	0.25688999999523165	0.14520000000476838
502	0.624371708908081	0.25454000000953675	0.14566999999761582
503	0.621750216217041	0.25458000002861025	0.1459200000143051
504	0.6200548861503601	0.2547300000190735	0.14667
505	0.61687187210083	0.25413	0.14671
506	0.6143711173439026	0.2544200000047684	0.14655000000476837
507	0.6139056714630127	0.25405000000953676	0.14487000000953673
508	0.609643504447937	0.25434	0.14617000000476837
509	0.6094962328529357	0.25454	0.14518
510	0.6034705988311767	0.25278000002861023	0.14810000000953674
511	0.6019314378929138	0.25270999999523164	0.14563000000715257
512	0.6032071466445923	0.2552000000190735	0.14626000000476838
513	0.5983860022354126	0.2548400000095367	0.14717999999523163
514	0.5942352545547486	0.25271000000953675	0.14816000000476837
515	0.5946379035949707	0.2546400000190735	0.14716000000715257
516	0.5886119118499756	0.2532300000143051	0.14941999999761582
517	0.5895021253967285	0.25433999999046325	0.14801000000953674
518	0.5854142790031434	0.25315999999523164	0.14838000000953674
519	0.585655068435669	0.2556	0.14976000001430512
520	0.5821507377433777	0.2543600000047684	0.1497800000143051
521	0.5806632206344604	0.25402000000953673	0.14873
522	0.580054328994751	0.25523000000476836	0.14865999999523163
523	0.5765840600967407	0.2535100000095367	0.14965999999523164
524	0.5730431684494018	0.2541499999904633	0.15058000000953675
525	0.5718592695808411	0.25394000001907346	0.14933000000476837
526	0.5689614350128174	0.25381	0.15077000000476837
527	0.568958507976532	0.25546	0.15019999999761582
528	0.5648280640792847	0.25461000000476836	0.15065000000953674
529	0.5640626880645752	0.2536799999952316	0.14874999999761582
530	0.5594911675834656	0.2527100000143051	0.15073000000476838
531	0.5577431405258179	0.25397	0.15148000001430512
532	0.5586686784744263	0.2551400000047684	0.1508900000143051
533	0.5537808925628662	0.25349000000476835	0.15083999999761583
534	0.5501354503250122	0.2527000000286102	0.15149000001430513
535	0.5513442367553711	0.25507999999046327	0.15252000000953675
536	0.5479754274749756	0.25265	0.15067000000953673
537	0.5452809774208068	0.25380000001430514	0.15298000000953674
538	0.5436325612640381	0.2536399999952316	0.15152999999523162
539	0.5425756883239746	0.25522000000953676	0.1530200000143051
540	0.5381391573905945	0.25295000000476836	0.15186000000953676
541	0.536714587841034	0.25350999999046325	0.15298000000476839
542	0.5359817586708069	0.2541	0.15360999999761582
543	0.533561415348053	0.25389	0.15314000000476838
544	0.5314964434814453	0.2543200000047684	0.15412000001430512
545	0.5293121499061585	0.25305999999523165	0.15309999999523163
546	0.5278810360145569	0.2545600000190735	0.15449
547	0.5274905578804016	0.2546300000047684	0.1537200000143051
548	0.5238426395225525	0.2536200000190735	0.15317999999523163
549	0.5225618204498291	0.25443	0.15434000001430512
550	0.5223029385375977	0.25565999999046324	0.1543900000143051
551	0.5181529312515258	0.25356000000953677	0.15549000000953675
552	0.5181737968444824	0.2550099999952316	0.15397000000238417
553	0.5135635147857666	0.2533200000286102	0.15449999999523162
554	0.5123449301147461	0.25394000000953676	0.15538999999523162
555	0.5099586546516418	0.25398000000953674	0.15637000000238419
556	0.5093033028793335	0.25395000000953677	0.15520000000476838
557	0.5078773219680787	0.25483000000953676	0.15614999999523163
558	0.5044204363632202	0.25449999999523165	0.15599000000476837
559	0.5021543043899536	0.25303000000953674	0.15556000001430512
560	0.4994899075317383	0.25260000000953675	0.1559100000143051
561	0.4997361091423035	0.25486	0.15636999999523163
562	0.49907118167877196	0.2555300000190735	0.15695000001430512
563	0.4963568102264404	0.25474999999046327	0.15673000001430512
564	0.49381363111495974	0.2542700000143051	0.15654999999761582
565	0.49547398836135864	0.25683	0.15813999999523162
566	0.49122587099075316	0.2543000000190735	0.1572400000143051
567	0.4884316249656677	0.2538800000143051	0.1575500000143051
568	0.487258900718689	0.25372000000953676	0.15709000000953674
569	0.48466598125457766	0.25361	0.15662
570	0.4851482807636261	0.2552900000095367	0.15839000000953674
571	0.48086603660583493	0.25361999999046325	0.15897000000953673
572	0.4785570856666565	0.25286000001430514	0.1579900000143051
573	0.4781320015907288	0.25291000000953673	0.1566300000143051
574	0.47518502155303954	0.25291000002861025	0.15854
575	0.47284431888580325	0.25233	0.15847
576	0.4708981384086609	0.25289	0.15981
577	0.4723572402667999	0.2546499999904633	0.15855999999523163
578	0.4691377355861664	0.25454	0.16096000000476837
579	0.46650863256454467	0.25353000000953674	0.1605400000023842
580	0.4675944697570801	0.25477999999523165	0.16011
581	0.4643152900123596	0.25495	0.16095000000476836
582	0.46337173364639284	0.25450000000953676	0.16012
583	0.4627278539657593	0.25528	0.1606300000143051
584	0.4609388441944122	0.2548200000190735	0.15978000000476836
585	0.4575543515396118	0.2537000000047684	0.16001000001430513
586	0.4564367033386231	0.25480000000953673	0.16079000000476837
587	0.4545051642036438	0.2537100000047684	0.16051000000476837
588	0.4548241575050354	0.25547	0.1612400000143051
589	0.4513864839076996	0.25429	0.16125999999523163
590	0.4492459845352173	0.25472000001907347	0.16131
591	0.44779770589828494	0.25448	0.16264999999523164
592	0.4463487152671814	0.2541600000286102	0.16217000000476836
593	0.44587251039505005	0.2542500000143051	0.16147999999523163
594	0.4437514700603485	0.25453	0.16217
595	0.4428912670898438	0.25457999999046327	0.16230000000476838
596	0.4426905980205536	0.2552400000095367	0.16243
597	0.4391444388961792	0.2539199999904633	0.16272000001430512
598	0.44125121017456054	0.2562499999952316	0.16256000000715257
599	0.43700500352859495	0.2548000000047684	0.1626800000143051
600	0.43515182262420654	0.25539000000953677	0.16435000000476838
601	0.4345585144996643	0.25624	0.16411
602	0.433085572013855	0.25561000000476836	0.16338000000476838
603	0.42925969249725343	0.25472000000953676	0.16427000000476838
604	0.4291350939369202	0.25536000002861026	0.16447999999523163
605	0.42707667759895324	0.25398999999046323	0.16381000001430512
606	0.4256003028678894	0.2543699999904633	0.16415
607	0.4250221988868713	0.2553100000286102	0.16472000000953674
608	0.42481949017524717	0.25557	0.1646600000143051
609	0.42319945640563966	0.25531	0.1643
610	0.42149089756011965	0.25554	0.16513
611	0.41909485245704653	0.2552900000095367	0.16494000000953674
612	0.4189492465686798	0.25538000001907346	0.16464
613	0.41651848739624026	0.2547900000095367	0.16572999999523164
614	0.41531445858955385	0.25511000000953676	0.16472000000476839
615	0.41449132051467896	0.2558200000143051	0.16551
616	0.41255526163101197	0.25528000000953677	0.16621000000953676
617	0.4114443564796448	0.2557400000047684	0.16689999999523164
618	0.40847964060783387	0.2547	0.16644
619	0.4089757433128357	0.2557500000143051	0.16584000000715254
620	0.4085089651298523	0.2560699999952316	0.16601999999523162
621	0.4064056953620911	0.25531000000953674	0.16511000000476836
622	0.4062259282112122	0.25693000000953675	0.16694000000476839
623	0.4059512793064117	0.2577600000143051	0.1670400000143051
624	0.40129408263206484	0.2550500000143051	0.16639000000476836
625	0.4013958493614197	0.25659999999046323	0.16784000000953675
626	0.3992805691719055	0.25637999999046324	0.16798000000953675
627	0.3981942624950409	0.2559600000095367	0.16784
628	0.3968666992855072	0.25616	0.16782000000476838
629	0.3956873045158386	0.256	0.16786000001430512
630	0.39349476405143735	0.2553300000286102	0.16684000000476837
631	0.39304660688400267	0.2559700000190735	0.16820000000476837
632	0.3928917379570007	0.2572	0.16864999999761582
633	0.39140082898139955	0.2572900000095367	0.16866000000476838
634	0.38746749106407163	0.2547900000190735	0.16828
635	0.386869828414917	0.2556200000143051	0.16891000000476838
636	0.3866190434455872	0.25585	0.1692600000143051
637	0.3847606820869446	0.25579	0.1685100000143051
638	0.3832581854915619	0.2556600000143051	0.16901000000715255
639	0.383693803768158	0.25558000001430514	0.16857000000953673
640	0.3816628546905518	0.25560000000953675	0.16798999999523162
641	0.3800166010093689	0.2560899999904633	0.16920000000476837
642	0.37821548416137696	0.25580000001430514	0.17019000000953674
643	0.3783760532951355	0.25630000000953673	0.17016999999523164
644	0.37714679954528807	0.25651000001430513	0.16999000001430511
645	0.375614357585907	0.2561900000190735	0.16977000001430512
646	0.3745294355201721	0.25677000001907346	0.17071000000953673
647	0.37308757380485535	0.2569200000047684	0.17092000000715254
648	0.37122306636810304	0.2559099999952316	0.17064000001430513
649	0.3699705465698242	0.25683	0.1716
650	0.36823599327087403	0.25619999999523163	0.17189
651	0.3687145994567871	0.25616000000953676	0.17076000000476838
652	0.3684421989059448	0.25767999999046326	0.17217999999523162
653	0.36732010710716245	0.2576600000143051	0.17202
654	0.36470737809181214	0.25668	0.17156000000476837
655	0.36566251707077024	0.25839000000476836	0.1717900000143051
656	0.36193926261901854	0.25569000002861025	0.17113000000476838
657	0.3617714576911926	0.25644999999046325	0.17152000000953674
658	0.36211797958374026	0.2587900000095367	0.17275000000953675
659	0.3602318733215332	0.25782999999046324	0.17271000000953673
660	0.3575497871112823	0.25686000000953674	0.17296000000953674
661	0.3567704525947571	0.25705	0.17267
662	0.3559083598327637	0.2573100000286102	0.17328000000476837
663	0.35475307502746584	0.2564100000190735	0.173
664	0.3549055336380005	0.25842000000953674	0.17420000000476837
665	0.3546149366092682	0.25882999999523165	0.17344000001430512
666	0.3521577278995514	0.25765999999523165	0.17418000000953673
667	0.35089069036483767	0.2576199999952316	0.17370000000953675
668	0.3503916221904755	0.25814000000953674	0.17385000000953674
669	0.3488136607456207	0.25742	0.17354999999523163
670	0.3468640546131134	0.25752000002861025	0.17398
671	0.3477864668083191	0.25785000002861025	0.17330999999523164
672	0.3445873196220398	0.25811000000476836	0.17522999999523162
673	0.3443061279296875	0.25795999999046326	0.1748700000143051
674	0.3428490964508057	0.2572300000143051	0.17427
675	0.3433358239173889	0.2591500000286102	0.17579000001430511
676	0.34169786069869995	0.2572499999952316	0.17391
677	0.3399677851009369	0.2579599999952316	0.17493
678	0.3376961387062073	0.2570299999904633	0.17471999999523163
679	0.33964000968933106	0.25852999999523163	0.17559000000953676
680	0.33573452238082885	0.2569800000190735	0.17554999999523163
681	0.33415307535171507	0.25620000000953674	0.17515
682	0.3374913004112244	0.25932	0.1763
683	0.3342524393081665	0.25775000000953674	0.1750600000143051
684	0.3345212476539612	0.25857	0.17596000001430512
685	0.3342060641956329	0.2594199999904633	0.17660000001430512
686	0.33293558420181274	0.25959000000953675	0.17709000000953673
687	0.33254020029067993	0.25961000002861023	0.17669000001430513
688	0.32901286460876467	0.25836	0.1770600000143051
689	0.33043812635421754	0.2594200000286102	0.17666000000953674
690	0.3278144096279144	0.25882999999046324	0.17760000001430512
691	0.32721049367904664	0.2588800000286102	0.17681000000476838
692	0.32536184116363526	0.25817	0.17733000000476837
693	0.3246829301261902	0.2592700000143051	0.17819999999523162
694	0.3252210542011261	0.25942	0.17729000000476838
695	0.32465727485656737	0.2599800000190735	0.17931000000476838
696	0.32252819831848145	0.2597000000190735	0.1785000000143051
697	0.32185826595306394	0.26001	0.1792500000143051
698	0.32202662119865416	0.26084000002861024	0.17894999999523162
699	0.3206407771110535	0.2601300000047684	0.17957999999523164
700	0.3187971435546875	0.26004000000953675	0.18019000000476837
701	0.31861503396987917	0.2596399999904633	0.17857000000476836
702	0.31988681785583495	0.26147999999046323	0.17878
703	0.3163770517730713	0.25941	0.17883000000953675
704	0.3150808000087738	0.25941999999523163	0.17962
705	0.31579410795211793	0.26132	0.17988000000476836
706	0.3139221362686157	0.2607700000286102	0.18002999999523162
707	0.3127541799068451	0.26032	0.17929999999523163
708	0.3123109404563904	0.2604799999904633	0.1815800000143051
709	0.31145028485298154	0.26027000001907347	0.18117000000476838
710	0.3091096638584137	0.25993	0.18065000000476839
711	0.30868990743637087	0.2598100000047684	0.18052
712	0.3093247468852997	0.26156999999046326	0.18138
713	0.3087168104171753	0.2617000000190735	0.18131
714	0.3059744169807434	0.25996	0.18161
715	0.3077264011764526	0.26193	0.1813900000143051
716	0.3041607169723511	0.2597800000095367	0.18169999999523162
717	0.30473150787353515	0.26110000000953676	0.18202000000476837
718	0.3035885610771179	0.2608900000095367	0.18226999999523164
719	0.30216816982269284	0.26101000001430513	0.18244000000476837
720	0.3020937405014038	0.26089000002861024	0.18211
721	0.3001990932750702	0.2611699999952316	0.18348999999523163
722	0.2999058267211914	0.26076	0.18224000000953675
723	0.29968278369903567	0.26071	0.18165000000476836
724	0.29744653440475466	0.2609700000190735	0.18305000000476837
725	0.29745448431015015	0.26113	0.18372
726	0.2997513551044464	0.2626400000190735	0.1830600000143051
727	0.29587908378601074	0.26217999999046326	0.18409000001430512
728	0.2956466130495071	0.2617600000143051	0.18393000000476836
729	0.29419418519973756	0.26152	0.18329000000953674
730	0.29513492856025697	0.26247000000953674	0.18341000000476837
731	0.2931775883865356	0.26231000000953675	0.18355
732	0.2930630769634247	0.26188999999046325	0.18307999999523164
733	0.2907578270339966	0.26149000001907347	0.18469
734	0.2891941261291504	0.26111000002861023	0.18508000000953675
735	0.28909304032325744	0.2620100000095367	0.18580000000953675
736	0.2893479986000061	0.2623400000095367	0.18441000000476837
737	0.2898459568119049	0.26237000000476834	0.18435
738	0.2877208192157745	0.2623600000190735	0.18495999999523163
739	0.28557647435188294	0.26076999999523165	0.18531
740	0.28547108989715575	0.26127999999046325	0.18497000000953676
741	0.2848027024745941	0.2618500000047684	0.18449000000953675
742	0.2832957485771179	0.2622600000286102	0.18698
743	0.28314980483055113	0.26244999999046326	0.18701000000953674
744	0.28341721878051757	0.2625800000047684	0.18606000001430512
745	0.28255792781829836	0.2623999999952316	0.1863900000143051
746	0.2811137302303314	0.2624700000047684	0.1867
747	0.28135760493278505	0.26265999999523165	0.18605
748	0.2817640634918213	0.2631100000190735	0.18594
749	0.28144230234146117	0.26353000000953675	0.18592
750	0.28072496141433717	0.26360000000953676	0.18643
751	0.27825975079536436	0.26278999999046326	0.18717000000953674
752	0.2788112699651718	0.2637899999952316	0.18700000000953673
753	0.27706160291671755	0.26373	0.18882000000476837
754	0.2771755596733093	0.26393999999046325	0.18769000000953676
755	0.2769210231399536	0.26338000000953676	0.18754
756	0.2756605510234833	0.26398000000953675	0.18784999999523164
757	0.2745332316207886	0.26392	0.18825999999523163
758	0.2740601987171173	0.26346000002861025	0.18756000001430512
759	0.27319818449020383	0.26332000000953676	0.18796000000953675
760	0.27186661856651306	0.2635600000095367	0.18885
761	0.273591947965622	0.26513000000953674	0.18804
762	0.27102944499969484	0.26300000002861024	0.18732000001430513
763	0.2713950092315674	0.2648999999952316	0.18942000000953674
764	0.2698986443376541	0.2638400000095367	0.1891199999976158
765	0.2709606209373474	0.26499999999046325	0.18915000000953675
766	0.26913550401687625	0.26480999999523164	0.18931000000715256
767	0.2681886679267883	0.2649099999904633	0.19116999999523163
768	0.26774025510787963	0.26456000001430513	0.18934000000953674
769	0.26723981546401976	0.26463	0.19057000000953675
770	0.26550295084953307	0.26414	0.19019
771	0.2669515245056152	0.2660800000190735	0.19013999999523162
772	0.2663420469665527	0.2662	0.19078000000476839
773	0.26547936861991883	0.26552000000953674	0.19077
774	0.26291319709777833	0.2640400000143051	0.18995999999523164
775	0.26299329783439634	0.26464	0.19081
776	0.26237988041877747	0.2642500000190735	0.19007999999523162
777	0.2634212071800232	0.2661300000047684	0.19098000001430512
778	0.26111469745635985	0.26528000002861024	0.19119000000953673
779	0.2606052796363831	0.26536000000953675	0.19175999999523163
780	0.25840623359680176	0.26471000000953676	0.19244000000953673
781	0.2600461747264862	0.26611	0.1923200000143051
782	0.25887939180850983	0.26599000002861023	0.19211000001430512
783	0.25765852174758913	0.26527	0.19208999999523163
784	0.2569842886352539	0.26533000000953677	0.1923300000143051
785	0.2570588330078125	0.26580999999046323	0.19266
786	0.2575573106098175	0.26543000001907346	0.19161000000476838
787	0.25649234318733216	0.2660400000286102	0.19245000001430512
788	0.253515044336319	0.26534	0.19326000000476837
789	0.25526480350494385	0.26703	0.19385
790	0.2531554317378998	0.26599000000476836	0.19344
791	0.25497064846992495	0.2672500000286102	0.1932100000143051
792	0.25302324773788454	0.26739999999046327	0.19475
793	0.2508112724685669	0.2650200000286102	0.19328000000476836
794	0.2513350766658783	0.26676000000953676	0.19404000000953675
795	0.2514391764736176	0.26641999999523164	0.19344000000476838
796	0.25238084092140195	0.2677300000047684	0.1939000000143051
797	0.2515540903043747	0.26759000000953675	0.19457000000953675
798	0.24856497568130492	0.26621	0.19377
799	0.2511372123193741	0.26820000001907346	0.19435999999523162
800	0.24780635208129884	0.26699000000476836	0.19469
801	0.24739441168785095	0.2668900000190735	0.19444000000476838
802	0.24854756338119507	0.26757000000953673	0.19466
803	0.24765084970474244	0.2681299999904633	0.19604999999523162
804	0.24521576223373412	0.2659100000190735	0.19454000000953675
805	0.24665825072765352	0.26835000000953674	0.19570000000476837
806	0.244672778301239	0.26651000002861025	0.19521000000476837
807	0.24399486177444457	0.2664700000143051	0.19506
808	0.2439794052743912	0.2679099999904633	0.19639000001430512
809	0.2451964015388489	0.2683300000095367	0.19632000000476837
810	0.24356259226322174	0.26826999999523166	0.19616000000476838
811	0.2435755049085617	0.26798000001907346	0.19558
812	0.2438027093601227	0.2683000000286102	0.19561000001430512
813	0.24253176588058473	0.2687499999904633	0.19684999999046326
814	0.2408181580352783	0.26784	0.19722000000476836
815	0.24050176192283632	0.2674200000286102	0.19697000001430512
816	0.24087388684749603	0.2677600000286102	0.1962600000143051
817	0.23820968311309815	0.26712000002861025	0.19666000001430511
818	0.23902782520294188	0.26818000002861025	0.1973
819	0.23895955513954162	0.2685700000143051	0.19711
820	0.23787063690185548	0.2675200000190735	0.19701000000953675
821	0.23782390784740448	0.26845000001430513	0.1971800000143051
822	0.23490495705604553	0.26676	0.19778999999523164
823	0.23646539278030396	0.26864	0.1988800000143051
824	0.2361184745168686	0.26855	0.19752000000953673
825	0.2358286990070343	0.26884	0.19767000000953674
826	0.23603658076286316	0.26869999999523164	0.19732000000476838
827	0.23427847168922425	0.26853	0.19809
828	0.2349716219139099	0.26932000000476836	0.19855
829	0.23334731817245483	0.26867999999046327	0.19850000000953674
830	0.23444811367988586	0.26952000000953674	0.19956999999523162
831	0.23315520091056824	0.2691	0.19845000001430513
832	0.23349850979804992	0.26993000002861023	0.19909000000953675
833	0.23317855972290039	0.27026000000953676	0.19981999999523162
834	0.2290962681388855	0.26732000001907347	0.19928
835	0.2320327184677124	0.2699399999952316	0.20023999999523162
836	0.23111288044452669	0.2699000000190735	0.20044
837	0.23080773027420043	0.2694200000190735	0.19903000001430513
838	0.2300513098859787	0.2698799999952316	0.20031000000953675
839	0.22868717903614044	0.26904	0.1993700000143051
840	0.22966794689178466	0.27045000002861025	0.19997
841	0.2288141497516632	0.27040000002861025	0.20053
842	0.22888826118469238	0.27020000000953676	0.20044000000953674
843	0.22912992462158202	0.27012	0.20040000002861022
844	0.22704653808116912	0.27018	0.20077000001430512
845	0.2269096609401703	0.2698400000047684	0.2002600000143051
846	0.22731605666160584	0.27109000000476835	0.20078000000476837
847	0.22568375124931336	0.2694500000190735	0.20017999999523162
848	0.2233202402496338	0.2678999999952316	0.20005
849	0.22506923624038697	0.26982	0.20054000000953676
850	0.22410025856018068	0.27048999999046325	0.20143999999523163
851	0.22317276575088502	0.2692399999904633	0.20061
852	0.2242129149532318	0.2706	0.20139000000953675
853	0.2250110822582245	0.27097000000953675	0.20077999999523163
854	0.22264130842208862	0.27034	0.20154000000953673
855	0.22270782746315002	0.2704099999904633	0.20042
856	0.2230352683544159	0.2705600000190735	0.20064999999046326
857	0.22098889478683473	0.2692299999952316	0.2010100000143051
858	0.22101497422218322	0.27042000000953675	0.20175000001430513
859	0.21978368916511537	0.2702400000143051	0.20223000000953675
860	0.22045908804416656	0.26993999999046325	0.20073000000476837
861	0.22066997042179107	0.2714200000286102	0.20261000000953674
862	0.22149479965209962	0.27206	0.20261000001430512
863	0.2207579284620285	0.2719500000190735	0.20278000002861024
864	0.21888837375164033	0.27107	0.20230000001430512
865	0.21901755280971527	0.27114000000953675	0.20183000001430512
866	0.21794403784275054	0.27097999999046324	0.20256999999523162
867	0.21813392711639404	0.27119000000953675	0.2030300000143051
868	0.21859597896575927	0.2724599999904633	0.20332000000476838
869	0.21652761402130127	0.2711800000286102	0.20244000001907347
870	0.2162628563117981	0.27113999999046323	0.20354000000476838
871	0.21788872252941133	0.27203	0.20340000000953673
872	0.21670249355316162	0.2715500000190735	0.20278
873	0.2158853809928894	0.27165	0.20454999999523163
874	0.21402600828647614	0.27074	0.20436
875	0.2144738909006119	0.27096	0.20277
876	0.2155203579902649	0.27110999999046326	0.20289999999523162
877	0.2142369160413742	0.27126000001907347	0.20320999999523162
878	0.2139110783958435	0.2715500000095367	0.20341999999523164
879	0.2143462652540207	0.2727500000286102	0.20414000000476837
880	0.21398886944293977	0.27231999999046325	0.20365999999523163
881	0.21386141809463502	0.2728499999904633	0.20528000000953675
882	0.2130303338241577	0.27203000000476835	0.20445
883	0.21215719843864442	0.2718299999952316	0.20398999999523162
884	0.2124882056760788	0.2719500000190735	0.20437000000953676
885	0.21077702404499055	0.27203000000953675	0.20447000000953675
886	0.20969030166149139	0.27076000000953676	0.20322000000953674
887	0.20887408713817596	0.27143000002861023	0.20520000000953675
888	0.20998173544883728	0.27241999999046324	0.20542000000476837
889	0.2091440020084381	0.27181999999046325	0.20451999999523163
890	0.21001112685203552	0.27198	0.20388999999523164
891	0.2092604816389084	0.27192999999523165	0.20479
892	0.20912059839248656	0.27255000002861024	0.2057900000143051
893	0.20880313369750977	0.27199000002861023	0.20525000000476837
894	0.20923343707561493	0.27331999999046325	0.20654000000476838
895	0.20747083844184874	0.2719	0.20563999999523164
896	0.20760573932170867	0.2723100000143051	0.20545000000476837
897	0.20762214812755583	0.2725200000190735	0.20578
898	0.20743883294582366	0.2730700000286102	0.20459999999046324
899	0.20698428568840027	0.27251000002861026	0.20545000000476837
900	0.20628742399692535	0.2726900000286102	0.20561
901	0.20629266432762147	0.27317000000953673	0.20571999999046325
902	0.20534467846870422	0.27204000000953676	0.20527000000476836
903	0.2045002139377594	0.27179000000953674	0.20510000000476838
904	0.20622969187259674	0.2742	0.20639000000476837
905	0.20542856485843658	0.27321000000476836	0.20612000000953673
906	0.2030921194267273	0.27116999999046326	0.2060900000143051
907	0.20497658326625823	0.2728800000190735	0.20657
908	0.20457739954948426	0.27357000000953674	0.20668000000476838
909	0.20218244016647338	0.27214000000476835	0.20754999999523163
910	0.2034850604057312	0.27299000002861024	0.20612000000953673
911	0.20279287499904633	0.27293000000953677	0.2065900000143051
912	0.20343989725112915	0.2731899999904633	0.20590999999523163
913	0.2033468080806732	0.27311	0.20663000000953674
914	0.20302434988975526	0.27388999999046326	0.20617000000476837
915	0.20157607120513915	0.27225999999046324	0.20531000000953675
916	0.2009987082004547	0.2731299999904633	0.20706000000476837
917	0.20275258458614348	0.27379000000953674	0.2067300000143051
918	0.20054774745464324	0.27278	0.2072300000143051
919	0.19906379685401918	0.2723499999904633	0.20690000000476838
920	0.2013333878993988	0.2729599999904633	0.20530999999523164
921	0.20082733295440675	0.27313999999046323	0.2059
922	0.19958637080669403	0.27322999999046327	0.20756999999523162
923	0.1989414650630951	0.27302	0.20695999999046324
924	0.19861647222042084	0.2726299999904633	0.20735
925	0.19840214568138123	0.2727200000190735	0.2075100000143051
926	0.1976328033733368	0.2729	0.20785999999523164
927	0.19912955486774445	0.27380999999046324	0.20739
928	0.19884317397117615	0.2733400000190735	0.20599000001430512
929	0.1983822290277481	0.27386999999046324	0.2077000000143051
930	0.19875699840545655	0.27465000001907347	0.20805000000953675
931	0.1977210174226761	0.2734100000286102	0.2070300000143051
932	0.1977080083656311	0.2747600000143051	0.20865000001430511
933	0.1964471596336365	0.2733300000095367	0.20703000000953675
934	0.1960039308977127	0.2724400000095367	0.2071
935	0.19618197531223297	0.27363000000953674	0.2081
936	0.19539993025779723	0.2727800000047684	0.20816999999523164
937	0.1944188011455536	0.27263	0.20751000000953673
938	0.1942146383571625	0.27274	0.20759999999046325
939	0.19466371189117432	0.27345000000953673	0.20768000001430512
940	0.19650030705451965	0.27476	0.20838000000953674
941	0.19414824422836305	0.27410999999046326	0.20904000000953674
942	0.19419037637233735	0.27327999999046326	0.20733000000953675
943	0.19345560737133027	0.27299000000953677	0.20750000000476837
944	0.19285916686534882	0.2734700000047684	0.20868
945	0.19185800779342652	0.2728900000095367	0.20846000000953674
946	0.19215666875362397	0.2725100000190735	0.20783000001430513
947	0.19276214252471924	0.27364999999523165	0.20816000001430512
948	0.1909767579650879	0.2725200000286102	0.20904
949	0.19253244782924653	0.27312000002861025	0.20762000000476838
950	0.1928777879524231	0.2739400000095367	0.20851
951	0.1921628153181076	0.27393999999046326	0.20871000000953674
952	0.18999855201244353	0.27221	0.20788999999523164
953	0.19133515936374665	0.2741900000143051	0.20949000000476836
954	0.1919464496088028	0.27458999999523165	0.20916000000476836
955	0.1926901498889923	0.27505999999046327	0.20876999999523163
956	0.1902046569633484	0.27374999999523164	0.20897000000476837
957	0.190137165350914	0.27296999999523164	0.20861000000953675
958	0.18975441315174102	0.27289999999046327	0.20753999999523162
959	0.18974830795288086	0.27318	0.20792000000953675
960	0.18948211651802063	0.27370000000953676	0.20906000000476838
961	0.19076188642024994	0.27463	0.20911999999523162
962	0.18839750547409057	0.27304000000476836	0.20880000000476837
963	0.1885784793138504	0.27272000002861024	0.20854000000953674
964	0.18872869564056396	0.27368000000953674	0.20929999999523163
965	0.18784244629383087	0.27303999999046324	0.20908000000953675
966	0.1889441165161133	0.2734100000190735	0.20847
967	0.18640483791351317	0.2725799999904633	0.20868000000953674
968	0.18742227052688598	0.2732700000190735	0.20858999999523162
969	0.18738441197395325	0.27367	0.20874
970	0.18733362377166748	0.27339	0.20833000000476837
971	0.18743287959098817	0.2735500000190735	0.20893999999523163
972	0.18805835660934447	0.27413999999523164	0.20872000000953675
973	0.1877336141681671	0.2746000000095367	0.20947000000953675
974	0.18826236716270447	0.27476000002861023	0.20863999999523164
975	0.18615420038223265	0.27363000000953674	0.20883999999523162
976	0.1866514773416519	0.27404999999046326	0.20861999999523162
977	0.18492027610778808	0.2731400000286102	0.20882000001430512
978	0.1861106332731247	0.27363999999046323	0.20938000001430512
979	0.18565175976753234	0.27384000001430514	0.2088600000143051
980	0.18472640053749084	0.27289000002861025	0.20911
981	0.18538954625606538	0.2742399999904633	0.21025000000953675
982	0.1841220201921463	0.2721	0.20877999999046326
983	0.18513664478302003	0.27337999999046325	0.20896000000953674
984	0.18660027705669402	0.27474000000953674	0.20974000001430512
985	0.18524570619106293	0.27359999999046325	0.20862
986	0.18506461072921754	0.27338999999046326	0.20813999999523164
987	0.18570501565933228	0.27452999999523164	0.20929000000953674
988	0.18608403429031373	0.27321999999046326	0.20838000000476836
989	0.18516900185585022	0.27299	0.20856
990	0.1854792762184143	0.27259	0.20726
991	0.18710522930145262	0.27384	0.20885
992	0.1843142355632782	0.27288999999046326	0.20876
993	0.18678253205776216	0.2750800000286102	0.21000000000953675
994	0.18554521188735962	0.27370999999046325	0.20854999999523163
995	0.18789378232955933	0.2752199999952316	0.2090499999976158
996	0.1852268250656128	0.27284000000953673	0.20824
997	0.18563997639656066	0.2733600000286102	0.20849000001430512
998	0.18517116435050965	0.27362999999523163	0.20929000000953674
999	0.18557946474552153	0.2731800000286102	0.20774000000953674
