epoch	loss	acc	certified
0	0.9702056924184164	0.43598333339691164	0.05796666667064031
1	0.7257646663665771	0.6717	0.13025
2	0.5708333852291108	0.755416666730245	0.2527833333651225
3	0.42924937688509623	0.8018833333333333	0.4345833333651225
4	0.3272976386388143	0.8410333333651224	0.580316666730245
5	0.2562485396464666	0.8713166666666666	0.6800000000317892
6	0.20427163764635722	0.8981166666984558	0.7419333333651225
7	0.16802231157223382	0.91785	0.7853333333651225
8	0.14137509667078654	0.9319666666984558	0.8155666666984558
9	0.12109260113835335	0.9432833333651225	0.8382833333969116
10	0.10673108769257864	0.9492666666666667	0.8573833333651225
11	0.09632621758381525	0.9542666666666667	0.8691666666984558
12	0.08440326760609945	0.96065	0.8849000000635783
13	0.07900231452584267	0.9635166666666667	0.8925
14	0.07324907694657644	0.9660000000317891	0.9004333333969117
15	0.06648284994761149	0.9693833333651225	0.9063
16	0.06437238807280858	0.9707166666666667	0.9104166666984558
17	0.05907909359335899	0.9727666666984558	0.91705
18	0.05673889335393906	0.9740000000317891	0.9214500000317891
19	0.054286731187502546	0.9751500000635783	0.9229833333969116
20	0.051457352753480276	0.9769166666666667	0.9268666666666666
21	0.049049985432624815	0.9775666666666667	0.9299166666666666
22	0.04735245387156804	0.9782	0.9319333333969116
23	0.0462593655983607	0.9793500000635783	0.93355
24	0.044642075381676354	0.9800833333969117	0.9352333333333334
25	0.04294868406852086	0.9810000000635782	0.9373166666984558
26	0.041644021196166676	0.98155	0.9398000000635783
27	0.04036791811386744	0.9820000000317891	0.9417000000635782
28	0.039395597807566324	0.9820333333651224	0.9433333333651225
29	0.0382375551700592	0.9834833333969116	0.9427833333651224
30	0.03637575713992119	0.9842666666666666	0.9455833333969116
31	0.03668883229891459	0.9835500000317892	0.9460000000317892
32	0.034850780709584556	0.9851500000317891	0.9477000000317891
33	0.03451192480524381	0.98515	0.9483000000317892
34	0.03361343829234441	0.986	0.9488833333333333
35	0.03312482036352157	0.9855833333333334	0.9496166667302449
36	0.03246662101745605	0.9867833333651225	0.9497500000317891
37	0.03174350381692251	0.9862333333651224	0.9516333333651225
38	0.030634599447250367	0.9871333333969117	0.9532666666666667
39	0.030961219596862793	0.9869833333651225	0.9528000000635782
40	0.029555481436351935	0.9875	0.9541000000317892
41	0.02997645408411821	0.9874333333333334	0.953216666730245
42	0.02833758210539818	0.9880833333969116	0.9556833333969116
43	0.028524489688873292	0.9878500000317891	0.9554833333651225
44	0.028469830605387686	0.9886333333333334	0.95505
45	0.02741344320178032	0.9888333333333333	0.9569500000635783
46	0.026861782961587113	0.989	0.957216666730245
47	0.02722372831106186	0.9886833333969116	0.9576666666666667
48	0.026656176402171453	0.9889166667302449	0.9582333333969116
49	0.02600743295152982	0.9894666666666667	0.9582
50	0.026733189566930136	0.9888000000317891	0.958066666730245
51	0.025430790795882542	0.9893500000317892	0.959316666730245
52	0.024819897694389026	0.9898	0.9608500000317891
53	0.02482863268951575	0.9901500000317891	0.959966666730245
54	0.024962802958488465	0.9902166666666666	0.9603500000317892
55	0.023770031577348708	0.9906000000635783	0.9604666666666667
56	0.02391211193203926	0.9907666666984558	0.9601833333333334
57	0.023626678409179053	0.9901500000635783	0.9620666666984559
58	0.023252719715237617	0.99115	0.9616500000635783
59	0.022999142016967136	0.990566666730245	0.9637833333651225
60	0.023436852275331814	0.9907000000635783	0.9619166666666666
61	0.022521452092130977	0.9913833333969116	0.9624833333333334
62	0.022635025675098102	0.9908333333969116	0.9639333333333333
63	0.02207231531937917	0.9916500000635783	0.9633833333333334
64	0.022424614746371904	0.9911000000635782	0.9628666666984558
65	0.021498017437259355	0.9916833333333334	0.9639166666984558
66	0.021359787328044572	0.9913833333969116	0.9636500000317891
67	0.021243942437569302	0.9916000000635783	0.9638333333651224
68	0.021043727745612462	0.9919500000317891	0.9648833333651224
69	0.020805034974714122	0.9919833333333333	0.9646666666666667
70	0.020957703751822314	0.9918	0.9644000000317892
71	0.02033191307783127	0.992416666730245	0.9654000000317892
72	0.019564513891438644	0.99285	0.9661500000635783
73	0.019641752425829568	0.9926666666666667	0.9657500000317891
74	0.01995575859248638	0.9923166666666666	0.966116666730245
75	0.019719381737709044	0.992416666730245	0.9657666666666667
76	0.019296881589083933	0.9927	0.96625
77	0.019599819287409385	0.9922833333333333	0.967016666730245
78	0.018784448381265004	0.99305	0.9678000000635782
79	0.019204682459433874	0.992716666730245	0.9667666667302449
80	0.018862597544987997	0.9928166666666667	0.9680833333333333
81	0.01895947661995888	0.9930833333651224	0.9666000000635783
82	0.01931929822564125	0.9928666667302449	0.9670500000317891
83	0.018608445207277932	0.9928333333969116	0.9682500000317892
84	0.01861461218794187	0.9931166667302449	0.9672666666984558
85	0.01879145466014743	0.9932166666666666	0.9665333333333334
86	0.018535915933052698	0.993266666730245	0.9671166666666666
87	0.017783894231915474	0.9935	0.9682833333651225
88	0.017954992778102558	0.9934500000635783	0.9681000000635783
89	0.017377189394831658	0.9936833333333334	0.9688000000635782
90	0.017208527157704035	0.9938833333969116	0.9697333333651225
91	0.01755496517419815	0.9936833333969116	0.9689833333651224
92	0.016924872815608977	0.9937333333969116	0.9699000000317891
93	0.017428877866764864	0.9939166666666667	0.9688333333651225
94	0.017615083408355714	0.99355	0.9688000000635782
95	0.0167478413383166	0.9941666666666666	0.969316666730245
96	0.017270863884935775	0.9938666666666667	0.9695666667302449
97	0.016621074320872623	0.9940833333333333	0.9697333333333333
98	0.0171217047823593	0.9941666666666666	0.9689166666666666
99	0.017194021751483282	0.9940333333333333	0.9687500000317891
100	0.01680620185782512	0.9942	0.9698666666984558
101	0.016335546205441157	0.994166666730245	0.97005
102	0.016823139428098998	0.994166666730245	0.9688833333651224
103	0.016525155970454217	0.9943666666666666	0.9694
104	0.016737805528317887	0.9941	0.9680500000317891
105	0.016368503179152807	0.9943500000635783	0.9693666666984558
106	0.016476582406957943	0.994316666730245	0.9686333333651225
107	0.016610910916825136	0.9942	0.9685333333333334
108	0.016918260356783867	0.99425	0.9683333333969116
109	0.016553514162202677	0.9944	0.9688333333333333
110	0.016869063609838485	0.9944333333969116	0.9672000000317892
111	0.01679925628900528	0.9943333333651225	0.9677333333651225
112	0.016129200292627016	0.9947666666666667	0.9681166666984559
113	0.017039262773593265	0.9940666667302449	0.967116666730245
114	0.01598475030263265	0.9947333333969116	0.9681833333969116
115	0.01656863957941532	0.994416666730245	0.96855
116	0.01650979230105877	0.9944	0.9675833333333334
117	0.01602657489279906	0.9948833333969116	0.9681666666984559
118	0.01615367024540901	0.9947000000635783	0.9679666666666666
119	0.01640893999884526	0.9950500000635782	0.9663833333333334
120	0.016692483592033385	0.994666666730245	0.9664333333651225
121	0.015784495842953522	0.9946333333333334	0.9679166666984558
122	0.016630339088042578	0.9945333333333334	0.9662000000317892
123	0.016226197756330173	0.9947000000635783	0.9666333333969116
124	0.015816512276728947	0.9953333333969117	0.9668666666666667
125	0.01611606673995654	0.9948000000635783	0.9665333333969116
126	0.015881690993905066	0.9950833333333333	0.9671333333333333
127	0.015893860972921052	0.995216666730245	0.9665500000317891
128	0.015869599626461665	0.9948666667302449	0.9666833333651225
129	0.01644338482717673	0.9948833333333333	0.9661500000635783
130	0.016239056241512298	0.9948500000635783	0.9664500000317892
131	0.01651374797821045	0.9947166666984558	0.9655166666666667
132	0.0163115234422187	0.99485	0.9661500000635783
133	0.015660902998844782	0.9953333333969117	0.9668833333969116
134	0.016223812516530354	0.99525	0.9658000000317891
135	0.016137131378054618	0.9949	0.9667333333969116
136	0.01592441057910522	0.9952666666666666	0.9658333333969116
137	0.01612864747395118	0.99515	0.9653166666984558
138	0.016078883237640063	0.9948666666666667	0.9660333333333333
139	0.015899912734826407	0.9950833333969116	0.9659833333333333
140	0.015571391217907269	0.9954333333333333	0.965116666730245
141	0.016581358545521896	0.9949166666666667	0.9644
142	0.016224272106091182	0.9951333333651224	0.9641833333969116
143	0.015846262734134992	0.99515	0.9653
144	0.01614304203192393	0.9952666666666666	0.964216666730245
145	0.015256386784712474	0.9954500000635783	0.9652166666984558
146	0.016124125925203164	0.9951833333333333	0.9643666666984558
147	0.015968058873216312	0.9954666666666667	0.9644500000317892
148	0.016194585466384886	0.9952666666666666	0.9643833333969116
149	0.016358536438147227	0.9954833333333334	0.9636666666666667
150	0.016161103943983714	0.9952833333969117	0.9638
151	0.015953997308015822	0.9953	0.9640500000635783
152	0.016322639826933542	0.9954500000635783	0.9633833333333334
153	0.016064734758933386	0.9953166666666666	0.9638333333969116
154	0.01627378525634607	0.995566666730245	0.96325
155	0.016006590072313944	0.99545	0.9632
156	0.015466751909255982	0.9957666667302449	0.9637500000635782
157	0.01579977524181207	0.9954	0.9635000000635783
158	0.015982275287310284	0.9956333333969116	0.9633333333969116
159	0.01585740199023858	0.9955333333333334	0.963216666730245
160	0.016118411478400232	0.9954666666666667	0.963166666730245
161	0.016120269988228877	0.9955	0.9629333333651224
162	0.015673194916546344	0.9954666666666667	0.9636666667302449
163	0.015576708708206813	0.9956333333651225	0.963366666730245
164	0.01556670924325784	0.9958	0.9632833333651225
165	0.015905669989188513	0.995516666730245	0.9620000000317891
166	0.015980646667877834	0.9955166666666667	0.9618666667302449
167	0.01582397120396296	0.99575	0.9619333333651224
168	0.01631235344707966	0.9952833333333333	0.96195
169	0.01638010096102953	0.9953	0.9617000000317891
170	0.016162772421042124	0.9958833333651225	0.9620333333333333
171	0.01590518707036972	0.9957000000317892	0.9621333333651225
172	0.015903874474267166	0.9957	0.9616166667302449
173	0.015980610797802608	0.995616666730245	0.9608666666666666
174	0.016236265051364898	0.9956333333969116	0.9612833333969116
175	0.015499581954876582	0.9958666667302449	0.9619166666984558
176	0.016003638523817063	0.9958166666666667	0.96165
177	0.015861004933714867	0.9956666666666667	0.9619166666666666
178	0.015786001211901504	0.9957166666666667	0.9619333333969117
179	0.016189776719609895	0.9956833333333334	0.9614833333333334
180	0.01626302554110686	0.9955166666666667	0.9607666667302449
181	0.016606636748711268	0.9960500000317891	0.9602000000317892
182	0.015738163736462592	0.9958500000635783	0.9612000000317892
183	0.016231073242425918	0.9955	0.9607500000635782
184	0.016160791991154354	0.99565	0.9610500000317892
185	0.015849420219659804	0.9957166666984558	0.9601666666984559
186	0.01656838071544965	0.9960833333333333	0.9587333333333333
187	0.016315414868791896	0.9959833333333333	0.9597500000635782
188	0.01571383763551712	0.9959833333333333	0.9603666666984558
189	0.016277067303657532	0.9958166667302449	0.9587
190	0.015927792850136756	0.9960166667302449	0.9596333333651225
191	0.016607497265189886	0.9955666666666667	0.9588166667302449
192	0.015858990530172985	0.9958166667302449	0.9592166666984558
193	0.016160353579123814	0.9957000000317892	0.9598166666984558
194	0.016572769199808438	0.9955833333333334	0.9583500000635783
195	0.01609629247834285	0.9957833333333334	0.9586166667302449
196	0.016158967025081315	0.9959	0.9589000000635783
197	0.0171438613653183	0.99545	0.9581833333333334
198	0.016271850469708443	0.9955166666666667	0.9583333333333334
199	0.015989414033293722	0.9959833333333333	0.9586666666666667
200	0.016655450531840324	0.9957833333333334	0.9577666666666667
201	0.015955398046970368	0.9958666666666667	0.9592000000635783
202	0.0165213491131862	0.9959666666666667	0.9581666666984558
203	0.016273153892159463	0.9959833333969116	0.9577666667302449
204	0.01669753581484159	0.9956166666666667	0.9577500000635782
205	0.016401737799247106	0.9960000000635783	0.9581333333969116
206	0.01655608626306057	0.9957833333333334	0.9578333333333333
207	0.016437284500400225	0.9958666666666667	0.9577333333333333
208	0.016450483612219492	0.9959166666666667	0.9573166666984558
209	0.016420901627838613	0.9958	0.958066666730245
210	0.016583532190322877	0.9959333333651225	0.95675
211	0.016621009650826454	0.9958666667302449	0.9572166666984558
212	0.016253174551328024	0.9963833333333333	0.9563333333651225
213	0.016144705174366634	0.9957000000635783	0.9574666667302449
214	0.016249526381492616	0.9960500000635782	0.9575166666984558
215	0.016520459747811158	0.996	0.9569000000317891
216	0.016313648142417272	0.9961	0.9568333333651224
217	0.01635573281745116	0.9962	0.9555166666984558
218	0.016664658283193905	0.9961333333333333	0.9549833333969117
219	0.016798295615116754	0.996	0.9561333333969116
220	0.016269523339470227	0.9961166666666667	0.9561000000317892
221	0.016413643677035968	0.9961000000635782	0.9566333333333333
222	0.01625450307180484	0.9958666666666667	0.9567666666984558
223	0.01706099829574426	0.99605	0.9543000000635783
224	0.01641522261550029	0.9957666666666667	0.9565500000317891
225	0.016589546305934587	0.9961166666666667	0.9552166666984558
226	0.01629429426242908	0.9962833333333333	0.9552000000317892
227	0.016316671003897984	0.9961166666666667	0.9553833333969116
228	0.016782995066046715	0.9958833333969116	0.9551500000317892
229	0.016412673394878705	0.996166666730245	0.9554
230	0.01645683888196945	0.9960000000635783	0.9546166666666667
231	0.01618710084358851	0.9961000000635782	0.9552166666666667
232	0.016537790655096373	0.9959833333333333	0.9564666667302449
233	0.01671716575026512	0.9957166666666667	0.95525
234	0.016761201960841816	0.9956	0.9547833333333333
235	0.016850657827655473	0.996	0.9537000000317891
236	0.016094575572013856	0.9964	0.9545333333333333
237	0.016601491538683573	0.9960333333333333	0.9549500000635783
238	0.016695593266685804	0.9960666666666667	0.9545666666666667
239	0.016841331674655277	0.9963833333333333	0.9534666666666667
240	0.016917168511946995	0.9960333333333333	0.9536833333969116
241	0.016754445270697277	0.9958666667302449	0.9534500000317891
242	0.01744792070190112	0.9958	0.9529166666666666
243	0.016402038938800493	0.99605	0.9542500000635783
244	0.0164959763387839	0.9961333333333333	0.95385
245	0.01662286091397206	0.9961166666666667	0.9533666666984558
246	0.01705427319208781	0.9958500000635783	0.9521666666984558
247	0.017393393787244957	0.996	0.9526833333651225
248	0.017150548883279163	0.9961	0.9526666666666667
249	0.016188950220743816	0.9961833333969117	0.9544
250	0.016966876097520192	0.9958333333969116	0.9530666666666666
251	0.01647474486331145	0.9959000000635783	0.9532666666984558
252	0.016356189747651417	0.9961333333969116	0.9538666666984558
253	0.016700749009350934	0.9958666666666667	0.953866666730245
254	0.016800476509332658	0.996216666730245	0.9516166666984558
255	0.016860828338066736	0.996316666730245	0.9516166666984558
256	0.01716993303348621	0.9959	0.9516333333651225
257	0.017612572437524794	0.9959666666666667	0.9513333333651225
258	0.016955023617545764	0.9962	0.9516000000635783
259	0.017064669765532017	0.9964	0.9519
260	0.01693767647991578	0.9961666666666666	0.9522833333333334
261	0.016916649848222734	0.9960166667302449	0.9522333333333334
262	0.017327227327475946	0.99585	0.9505333333333333
263	0.017217358193794885	0.9958833333333333	0.9515833333651225
264	0.017244583559781312	0.9959833333333333	0.9503833333333334
265	0.01684616475303968	0.9962833333333333	0.951066666730245
266	0.017361874141295752	0.9960666666666667	0.9494666667302449
267	0.01748796161611875	0.9960833333333333	0.9502333333969116
268	0.017335298813382784	0.995716666730245	0.9500666666666666
269	0.01776897113993764	0.9958666666666667	0.9510000000635783
270	0.017191470410426457	0.9961833333333333	0.9498833333969117
271	0.017229181876778604	0.9960833333333333	0.950316666730245
272	0.0173447508657972	0.99585	0.950216666730245
273	0.01757352839211623	0.9961	0.949166666730245
274	0.0174303487042586	0.9962	0.9495833333333333
275	0.017605001138647398	0.9960666666666667	0.9488500000317891
276	0.017990456131100653	0.9958833333333333	0.9497833333333333
277	0.01770333403845628	0.9958833333969116	0.9495666666666667
278	0.016741009614864986	0.9964833333333334	0.95055
279	0.017695986585815747	0.9958500000635783	0.9486333333969116
280	0.017458266143997512	0.9963666666666666	0.9490500000317892
281	0.017623242730274796	0.9961833333333333	0.9500000000317892
282	0.01749462338089943	0.9963166666666666	0.94915
283	0.017322073155641556	0.9961833333333333	0.9482166666666667
284	0.017349816983938216	0.9964166666984559	0.9492833333333334
285	0.017767147237062453	0.9959000000635783	0.9482833333333334
286	0.01739431627790133	0.9964333333333333	0.9484500000635783
287	0.01768967080314954	0.996	0.9486166666984558
288	0.017651329317192238	0.9959333333333333	0.9494833333969116
289	0.018112997258702915	0.996266666730245	0.9474500000635783
290	0.017807010352611542	0.99615	0.9467500000317891
291	0.01748553305864334	0.9963333333333333	0.9490833333651225
292	0.017252865376075108	0.9961000000317891	0.9489000000635783
293	0.017376864761114122	0.9965166666666667	0.9474833333969116
294	0.017553655443588893	0.996216666730245	0.9477
295	0.017504702368875344	0.9962666666666666	0.94675
296	0.017258935183286667	0.9961333333333333	0.9479833333651225
297	0.0176755952278773	0.9960000000635783	0.9474333333969116
298	0.017661149943371614	0.99615	0.9484666666666667
299	0.01773620571096738	0.9961333333333333	0.9480166666984559
300	0.01822827578385671	0.9963333333651225	0.9457333333333333
301	0.01809814760684967	0.9960666666666667	0.9467333333969116
302	0.01805002410536011	0.9957833333333334	0.9462666666666667
303	0.018101262269417447	0.9958166666666667	0.9468666666984558
304	0.018048164583245912	0.9958166666666667	0.9454833333969116
305	0.018160129341483117	0.9959333333969116	0.9454333333969116
306	0.017774454574783643	0.9960666666666667	0.9463833333969116
307	0.01808632982770602	0.9962166666666666	0.9455833333969116
308	0.018163189411660036	0.9963166666666666	0.9448000000317891
309	0.01880929102897644	0.9958500000635783	0.945266666730245
310	0.018495485642552375	0.9961666666666666	0.9456833333651224
311	0.017856875701248647	0.9959	0.9460833333651225
312	0.018151417494813603	0.9961333333969116	0.9462166666666667
313	0.01817226225336393	0.9959333333651225	0.9444833333969116
314	0.018460612028837205	0.9960166666666667	0.9440833333651225
315	0.018043142367402714	0.9962666666666666	0.9449333333333333
316	0.018624053209026655	0.9960666666666667	0.9443666666984558
317	0.018468177036444346	0.9959833333333333	0.944166666730245
318	0.017991271162529788	0.9960666666666667	0.9453666666666667
319	0.01785485593825579	0.9961	0.9456333333333333
320	0.01851943371295929	0.9959166667302449	0.9451833333651225
321	0.01796306082655986	0.9965666666666667	0.9446833333969116
322	0.0182664086903135	0.9959166666666667	0.9435166666984558
323	0.017794532467921575	0.9964333333969116	0.9455333333651225
324	0.018141107513507206	0.9959833333333333	0.9435666666666667
325	0.018624090660611787	0.9957666667302449	0.9429000000635783
326	0.018113984433809915	0.9960000000317891	0.9445833333333333
327	0.01822277870376905	0.996266666730245	0.9451333333651225
328	0.01843059779504935	0.996216666730245	0.9431833333651225
329	0.018842078813910486	0.9960666667302449	0.9421166666984558
330	0.018736378557483356	0.9961666666666666	0.9439833333969117
331	0.01794472709149122	0.9961333333333333	0.9441833333333334
332	0.01839127511680126	0.9960833333333333	0.9443166666666667
333	0.018429481320331495	0.9960833333333333	0.9417833333969117
334	0.018949700318773587	0.9957833333333334	0.943
335	0.017982722481588522	0.9962	0.9434666667302449
336	0.01878432882428169	0.9959000000635783	0.94265
337	0.01892328949769338	0.9956666666984558	0.9428333333651224
338	0.01905836792389552	0.9957666666666667	0.9421833333969116
339	0.019465263257424037	0.99585	0.94035
340	0.0182514220337073	0.9962833333333333	0.9429333333333333
341	0.018585696716109913	0.99605	0.9424166667302449
342	0.01852639900992314	0.9960166666666667	0.9425833333969116
343	0.018384436430533727	0.99625	0.9425
344	0.0187139931956927	0.9959333333333333	0.9423666667302449
345	0.01917778397798538	0.99615	0.9408500000635783
346	0.018457699589927993	0.9960666666666667	0.9423333333333334
347	0.018635966138044992	0.9960166666666667	0.9424333333333333
348	0.018644168985883395	0.9960666666666667	0.9428000000317891
349	0.018824468898773192	0.9961	0.9418333333969117
350	0.018977406190832456	0.9962666666666666	0.9400333333333334
351	0.01932807139356931	0.9961000000635782	0.9403500000317891
352	0.018503481910626094	0.9962333333333333	0.9412833333651225
353	0.018719348128636678	0.9963166666666666	0.940816666730245
354	0.01882668655514717	0.9963833333333333	0.9404000000317891
355	0.018915750716626645	0.9961166666666667	0.9401833333969116
356	0.01863649131655693	0.9960666666666667	0.9408166666984558
357	0.019019413872559867	0.9959	0.9404166666984558
358	0.018959709443648658	0.9960500000317891	0.9403333333969116
359	0.01911439187526703	0.9959500000635783	0.9406666666984558
360	0.019449681613842647	0.9958	0.93935
361	0.018949757010738054	0.9962	0.9400500000635783
362	0.019304517930746078	0.9959833333333333	0.9395333333333333
363	0.019078291193644206	0.9961	0.9391333333969116
364	0.019310654871662458	0.9957666666666667	0.9391333333969116
365	0.019302795952558516	0.9960333333333333	0.9397500000317891
366	0.019258450424671173	0.9958666666984558	0.9393500000317891
367	0.019315304160118105	0.9958666666666667	0.9399666666666666
368	0.018543436933557193	0.9964333333969116	0.9405666667302449
369	0.0187740327835083	0.996216666730245	0.939916666730245
370	0.01946305588285128	0.9959333333969116	0.9384333333651225
371	0.01947952047785123	0.9957666666666667	0.9386666666666666
372	0.01907373635073503	0.9960166666666667	0.9391333333969116
373	0.018616865663727125	0.996216666730245	0.9407666666666666
374	0.018902185847361884	0.9959166666666667	0.9399166666984559
375	0.01945838351448377	0.9962666666666666	0.9366166666666667
376	0.019622453546524046	0.996316666730245	0.9377666666666666
377	0.01963284816990296	0.9957666666666667	0.93835
378	0.019229294069608053	0.9959500000635783	0.9382333333969116
379	0.019692077763875326	0.9961333333969116	0.9376
380	0.01945776308774948	0.9960166667302449	0.9392666666666667
381	0.019339561712741853	0.9960333333333333	0.9373333333969116
382	0.01949130454659462	0.9959833333333333	0.9379833333969116
383	0.019564508229494095	0.9959500000317891	0.93765
384	0.01976876192788283	0.9962666666666666	0.9380833333969116
385	0.019103387989600498	0.996266666730245	0.9370833333651225
386	0.019060311955213547	0.9959833333333333	0.9383000000317891
387	0.019731388851006827	0.9962	0.9366000000635782
388	0.019444147433837256	0.9959666666666667	0.9381666666984558
389	0.01984792251487573	0.99615	0.9372333333651225
390	0.01932495984733105	0.9960500000635782	0.9376500000317891
391	0.01931511128147443	0.99605	0.9374333333969116
392	0.01955261398255825	0.9959833333333333	0.9368333333651224
393	0.019538314781089625	0.99565	0.9367000000635783
394	0.019743178114295004	0.9960166666666667	0.9353833333651225
395	0.01979989187270403	0.9962	0.9354000000317891
396	0.0197216216246287	0.9958666666984558	0.936966666730245
397	0.019944055673976738	0.9959833333333333	0.935766666730245
398	0.020070972301935157	0.99615	0.9352666666666667
399	0.019729785245656967	0.9960333333969116	0.9374
400	0.020112379217147827	0.9960833333333333	0.9357333333651224
401	0.01974965105851491	0.9959500000317891	0.9358000000635783
402	0.020490803044041	0.9956166666666667	0.9361500000317892
403	0.019659229439496995	0.9960166667302449	0.9363666667302449
404	0.019947114153703052	0.9958333333969116	0.93555
405	0.020230008812745413	0.9957333333969116	0.9354333333969116
406	0.020630730698506038	0.9957500000317892	0.93465
407	0.020241963628927866	0.9960166666666667	0.934916666730245
408	0.01968443836371104	0.9961166667302449	0.9356333333969116
409	0.01954282865722974	0.996266666730245	0.9359333333651225
410	0.020235491651296615	0.9959000000635783	0.9344833333651225
411	0.02006843489607175	0.9961333333333333	0.9334666666666667
412	0.019328067510326702	0.9962166666666666	0.9358500000317892
413	0.019851315210262933	0.9961166666666667	0.9343000000317891
414	0.01968286819855372	0.9961666666666666	0.933916666730245
415	0.020125347977876663	0.9958166667302449	0.9346166666666667
416	0.01983147483964761	0.9960333333333333	0.9343000000635783
417	0.02065822595556577	0.9954833333333334	0.9334500000317891
418	0.01985014390796423	0.9957166666666667	0.9346666666984558
419	0.020442197571198147	0.9958333333969116	0.9338833333333333
420	0.01975002286185821	0.9960833333333333	0.9348333333651225
421	0.02046989439626535	0.9959000000635783	0.9318500000635783
422	0.01985336691637834	0.9961000000635782	0.9342833333651225
423	0.019708473738034565	0.9957333333651225	0.9354
424	0.01977956713438034	0.9959333333333333	0.93405
425	0.019848902428150177	0.9963500000635783	0.9346166667302449
426	0.020247540192802747	0.9957333333333334	0.9337
427	0.020235656102498372	0.9958333333333333	0.9340166666984558
428	0.019835725748538972	0.9959666666666667	0.9345666667302449
429	0.01987369170486927	0.9959666667302449	0.9351500000635783
430	0.020178358024358748	0.9959166666984558	0.9330333333969116
431	0.01990812568962574	0.996	0.9336333333969116
432	0.020120416467885177	0.9961	0.9325666666666667
433	0.020154576713840168	0.9957666666666667	0.9331333333969116
434	0.020054980929692587	0.99625	0.932966666730245
435	0.020278020550807317	0.9959	0.9337000000635783
436	0.020436547833681106	0.99585	0.9323833333333333
437	0.020135431940853595	0.9960166666666667	0.9331
438	0.020008233405152957	0.9961000000635782	0.9331000000317892
439	0.020035564692815144	0.9960666666666667	0.933166666730245
440	0.020119531626502672	0.9958166667302449	0.9343333333333333
441	0.020634855038921037	0.9959666666666667	0.931716666730245
442	0.020344619218508404	0.9959000000635783	0.9318000000317891
443	0.020132541649540266	0.9960166667302449	0.9325500000317891
444	0.020640167687336605	0.99565	0.9319000000635783
445	0.02037894393801689	0.995666666730245	0.932066666730245
446	0.019884927327434222	0.9960166666666667	0.9326333333651224
447	0.020380284698804218	0.9956	0.9334
448	0.020590304536620776	0.9955500000317892	0.93195
449	0.020650858403245608	0.9957166666666667	0.9314166666984558
450	0.020391039311885833	0.9957833333333334	0.9317500000635783
451	0.020268627693255742	0.9961500000635782	0.9311
452	0.02096406109929085	0.9959333333969116	0.9304166666984558
453	0.020559375763932863	0.99575	0.9310833333333334
454	0.020724263022343318	0.9955833333333334	0.9303833333969116
455	0.02009825202723344	0.9961666666666666	0.9320833333333334
456	0.020493119100729623	0.9961166666666667	0.9306333333333333
457	0.02047171773612499	0.9958333333333333	0.9311000000317892
458	0.020199015567700068	0.9959	0.932216666730245
459	0.020932579984267553	0.9955	0.9292500000635783
460	0.020435331425070764	0.9959833333333333	0.9312666666984558
461	0.020527112984657286	0.99575	0.9307333333651224
462	0.020617515469590824	0.9960166666666667	0.9297833333333333
463	0.020009777134656907	0.996266666730245	0.9308
464	0.020626232305169107	0.9959000000635783	0.92965
465	0.020943846713006496	0.9959166666666667	0.9293833333969116
466	0.020354281105597814	0.9962333333969117	0.9300000000317892
467	0.020349478618303933	0.9958166666666667	0.9315
468	0.020249355362852415	0.9957666666666667	0.9302166666984558
469	0.020464966193834942	0.9960333333333333	0.9302333333969116
470	0.02120107098221779	0.995616666730245	0.9292500000317891
471	0.019871130752563478	0.9961	0.930966666730245
472	0.020174218584100404	0.99605	0.931
473	0.020409492045640944	0.995516666730245	0.9305500000635782
474	0.02032573525508245	0.99615	0.9301333333333334
475	0.020570581869284312	0.9959166667302449	0.9289666666666667
476	0.021184624797602494	0.9959166666666667	0.9291000000635783
477	0.020447828070322673	0.9959000000635783	0.93045
478	0.020413030753533047	0.9958	0.9299333333333333
479	0.020558974570035936	0.99595	0.9298666666984559
480	0.020713589062541723	0.9958166666666667	0.9289833333651225
481	0.020318559331695237	0.9958666667302449	0.9299333333969116
482	0.02091141262849172	0.9955166666666667	0.9294166667302449
483	0.02028125002880891	0.9956833333333334	0.9294166666666667
484	0.020608394520481427	0.9957833333333334	0.9279833333651225
485	0.021105024508635203	0.9955	0.9280000000635783
486	0.02039379044274489	0.9961666666666666	0.9288000000635783
487	0.020683740231891474	0.9959333333333333	0.9285
488	0.021154689341783522	0.9957833333651225	0.9291333333333334
489	0.020100008602937064	0.9960833333333333	0.9289166666666666
490	0.02100541914006074	0.9957833333333334	0.9277500000635783
491	0.020750784771641096	0.9959333333333333	0.9291333333969116
492	0.02060044129192829	0.9957333333333334	0.9295166666984558
493	0.020936374108990033	0.9960833333333333	0.9278666666666666
494	0.020578380240996678	0.9961166667302449	0.9285500000635782
495	0.020755112825830778	0.99605	0.9272333333333334
496	0.019971836376190186	0.9962833333333333	0.9291666666666667
497	0.02043525724808375	0.9960833333969116	0.9288333333969117
498	0.02071132057706515	0.9959166666666667	0.9279333333333334
499	0.02081433363457521	0.9959166666666667	0.928016666730245
500	0.02060006304780642	0.9958166667302449	0.9285833333333333
501	0.020704413027564685	0.9960000000635783	0.9278500000317892
502	0.02036645105878512	0.9960666666666667	0.9282833333333333
503	0.02046768090625604	0.99625	0.9276333333969117
504	0.020423577453692755	0.9958333333333333	0.9282833333651225
505	0.02064132655362288	0.9957833333333334	0.9285666666666667
506	0.021161326988538107	0.9961333333333333	0.92725
507	0.020903966340919334	0.9962333333333333	0.9265666667302449
508	0.020706457673509916	0.9959166666666667	0.9278166666666666
509	0.021170199340581893	0.9959166666666667	0.9261166666666667
510	0.021598677974939345	0.9957166666984558	0.9250833333969116
511	0.02103080701828003	0.9957000000635783	0.9272166666984558
512	0.021500185215473176	0.99605	0.9261500000317892
513	0.020360924146076043	0.9958333333333333	0.9270333333969116
514	0.02085599638223648	0.9955333333969116	0.9273166666984558
515	0.020309313358863195	0.9960166667302449	0.9277
516	0.020900126547614733	0.9958166666984558	0.9277833333333333
517	0.02101656104326248	0.9958333333333333	0.9257833333969117
518	0.02081875129540761	0.9961166666666667	0.9276166666984558
519	0.02130610861281554	0.9960666667302449	0.9245333333969116
520	0.02066860677798589	0.9957500000635783	0.9279666666984558
521	0.021167965304851533	0.9960833333969116	0.9258166666666666
522	0.020694528869787853	0.9960000000635783	0.9265500000635782
523	0.020811005989213784	0.99615	0.9272666666984558
524	0.021007062513629597	0.9957833333969116	0.9257333333969117
525	0.02039646886785825	0.9958500000635783	0.9263000000317891
526	0.02105586302081744	0.9958	0.9259500000635783
527	0.021191275265812874	0.9961166666666667	0.9246833333333333
528	0.020524488507707914	0.9959	0.9265833333969116
529	0.020932505097985266	0.9958333333333333	0.9266000000635782
530	0.020505452099442482	0.996	0.927716666730245
531	0.02055205331047376	0.996	0.927166666730245
532	0.021171454523007074	0.9958	0.9258500000635783
533	0.02071559126873811	0.9958833333333333	0.9260500000317892
534	0.021053433847427368	0.9958333333969116	0.9265500000317891
535	0.02129692258834839	0.9958333333333333	0.9250833333651225
536	0.02123104477127393	0.9956666666666667	0.9244166666666667
537	0.020731312655409177	0.9957166666666667	0.9272166667302449
538	0.02080961380501588	0.9957333333333334	0.9261333333333334
539	0.020993239179750284	0.9957166666666667	0.9258500000635783
540	0.020773340678215027	0.9962833333651224	0.92595
541	0.02090468451579412	0.996	0.9248666666984559
542	0.021046155931552252	0.9961333333651224	0.9248
543	0.02094767620166143	0.9961833333333333	0.9240833333969116
544	0.020725777262449264	0.9959333333333333	0.9267500000635783
545	0.021343397012973823	0.9957666666666667	0.924866666730245
546	0.02144212070306142	0.995716666730245	0.9249666666984558
547	0.02106713566382726	0.9959666667302449	0.9251833333651225
548	0.02091642436782519	0.9961833333333333	0.925166666730245
549	0.020866525153319042	0.9958833333333333	0.9255333333333333
550	0.021127408949534097	0.9961333333333333	0.9249166666666667
551	0.020941739062468212	0.9958500000635783	0.9248666666666666
552	0.02074121339917183	0.9959833333333333	0.9256833333969117
553	0.020381575963894526	0.9961166666666667	0.9254
554	0.020808329717318216	0.9959666667302449	0.9244000000635783
555	0.02136519425610701	0.9958833333333333	0.9238333333969116
556	0.021050388220945994	0.9958	0.9254166666666667
557	0.020302283755938212	0.9961000000635782	0.9261333333651225
558	0.02074118167757988	0.9957500000635783	0.9247833333969117
559	0.021140314162770908	0.996166666730245	0.9232
560	0.02033818597396215	0.9965333333333334	0.9241166666666667
561	0.021115404350062213	0.9957333333333334	0.9244833333969116
562	0.020976328354080517	0.99605	0.9249500000635783
563	0.02065093666712443	0.99605	0.92585
564	0.02085709443887075	0.9959000000635783	0.923616666730245
565	0.020881411808729173	0.99595	0.9241
566	0.020733129465579987	0.99595	0.9250333333333334
567	0.020532906664411227	0.99575	0.925
568	0.02078888723750909	0.9961	0.9236166666666666
569	0.02084523100654284	0.9959833333333333	0.9235166667302449
570	0.02104407968223095	0.9958	0.924066666730245
571	0.02095538688103358	0.9957333333651225	0.9236000000635783
572	0.021045988418658575	0.9958333333969116	0.9240833333969116
573	0.020719751464327175	0.9958	0.9240833333651225
574	0.02062208354473114	0.9961666666666666	0.9241833333651225
575	0.02059130679219961	0.9961666666666666	0.9253666666984558
576	0.021541020383437474	0.9957666666666667	0.9239333333969116
577	0.020939880030353863	0.9961	0.9238166666984559
578	0.021425173053145407	0.9958666666666667	0.9235
579	0.02116363142132759	0.9962666666666666	0.92335
580	0.021236020688215892	0.99615	0.9226
581	0.0214427253951629	0.9956333333969116	0.9232500000317891
582	0.02086058518886566	0.9960166666666667	0.9230833333333334
583	0.021246064883470535	0.9957333333651225	0.92335
584	0.021422938605149586	0.9958166667302449	0.92235
585	0.020713674521446228	0.99595	0.9237
586	0.021000986778736113	0.9959833333651225	0.9227666666984559
587	0.020907145881652833	0.9961833333333333	0.92305
588	0.021133376023173334	0.9956500000635783	0.9232166666666667
589	0.021022635303934414	0.9957666666666667	0.9230333333333334
590	0.020837011567751567	0.9959666667302449	0.924016666730245
591	0.020900542102257412	0.9959166667302449	0.9233666666984558
592	0.020960753471652667	0.9956666666666667	0.9249666666666667
593	0.02146708015203476	0.9958500000317891	0.9223500000635783
594	0.021000931263963383	0.9958166666666667	0.9212666666984558
595	0.021939737063646318	0.9959	0.9207500000635783
596	0.021033949170509974	0.996	0.9234333333651225
597	0.02125075201789538	0.9961166666666667	0.9212666667302449
598	0.021109570215145746	0.9958833333333333	0.9239166666666667
599	0.02129458597699801	0.9957666667302449	0.9231500000317892
600	0.021092257524530093	0.9961833333333333	0.9229833333333334
601	0.02120038242340088	0.9959333333969116	0.9216500000635783
602	0.02074309291044871	0.9960166666666667	0.9240333333969116
603	0.02128090932369232	0.9957666666666667	0.9216666666666666
604	0.0213839495887359	0.9960333333333333	0.92285
605	0.021059547830621403	0.9961500000635782	0.922716666730245
606	0.021254810391863187	0.996266666730245	0.9214500000317891
607	0.02058412938217322	0.996	0.923116666730245
608	0.021221515651543937	0.9957833333969116	0.92125
609	0.02137579128742218	0.99585	0.9205666666666666
610	0.021227067325512567	0.9959833333333333	0.92225
611	0.021157281720638275	0.9960333333333333	0.9211500000317892
612	0.021480125390489897	0.9960333333333333	0.9212833333333333
613	0.020916056021054587	0.9959666666666667	0.9217
614	0.021107669951518377	0.9960833333969116	0.9222666666666667
615	0.021130689973632495	0.9959166666666667	0.921766666730245
616	0.021694909901420277	0.9957	0.9210666666984558
617	0.021617949626843134	0.9959166667302449	0.9199833333969116
618	0.02102049073576927	0.9960166666984558	0.9209500000317892
619	0.020829819772640864	0.9961	0.9226166666666666
620	0.020845748790105183	0.9961	0.9217833333333333
621	0.02127380629579226	0.9959833333333333	0.92095
622	0.02128637969493866	0.9962	0.9207833333969117
623	0.020960058148701985	0.9963166666984558	0.9222333333333333
624	0.02118740256925424	0.9958833333333333	0.9212833333651225
625	0.021446786930163702	0.99575	0.920666666730245
626	0.021145986718932787	0.9960666666666667	0.9212666666666667
627	0.021838737378517787	0.9956833333333334	0.920566666730245
628	0.02142418346007665	0.9959500000635783	0.9208000000317892
629	0.020898522440592447	0.9961333333969116	0.9225000000635782
630	0.021253548217813174	0.9960833333969116	0.919966666730245
631	0.021261401244501273	0.9960166666666667	0.9207500000635783
632	0.02133892279565334	0.9958666667302449	0.9200500000317892
633	0.02107508944272995	0.9960000000317891	0.9215333333969116
634	0.021268617975711824	0.9959	0.9204500000317891
635	0.02086239935159683	0.9961333333333333	0.9224166666984558
636	0.02092624743481477	0.9957666666666667	0.92135
637	0.0213180811325709	0.9959666667302449	0.9220333333969116
638	0.02226659109989802	0.9954500000635783	0.91885
639	0.020889264024297395	0.99615	0.9207666666666666
640	0.021122246058781942	0.9960000000635783	0.9207833333651225
641	0.02095762005597353	0.9963666666666666	0.9193833333651225
642	0.021236369655529656	0.9958666666666667	0.9212666667302449
643	0.020677220819393792	0.9960833333651224	0.9206833333969117
644	0.021359647901852925	0.9960500000317891	0.9207833333969117
645	0.020867139742026728	0.99595	0.9211
646	0.021174749072392782	0.9958666666666667	0.9205166667302449
647	0.021294908233483633	0.9960166666666667	0.9190166666666667
648	0.021420834614833194	0.9959833333333333	0.9205166667302449
649	0.02127517281472683	0.9958833333333333	0.9192833333651225
650	0.021430366430679956	0.9960500000317891	0.9199166666984558
651	0.02141943452656269	0.9959833333333333	0.9189000000317892
652	0.020984597365061444	0.9961000000635782	0.9212666667302449
653	0.021076160309712093	0.9961166667302449	0.9195833333969117
654	0.02137269823451837	0.9959666666666667	0.9208166666984559
655	0.021044886630773543	0.9960666666666667	0.9212833333969116
656	0.021893706833322844	0.9956	0.9185833333651224
657	0.02135501326819261	0.99555	0.9203833333969116
658	0.02147295176188151	0.9957666666666667	0.9199833333651225
659	0.021638612033923466	0.9961000000635782	0.9196333333969117
660	0.021219927476843196	0.9959333333333333	0.9197666666666666
661	0.021267707282304763	0.9959500000635783	0.9196166666984558
662	0.0217682031194369	0.9956	0.919
663	0.021792386368910472	0.9957666666666667	0.91925
664	0.02140724860529105	0.9959000000635783	0.9183833333969116
665	0.021118256657322247	0.9964	0.9199000000635783
666	0.021610173598925274	0.9956166666666667	0.9204333333333333
667	0.021312563587725163	0.9961833333333333	0.9194333333969116
668	0.021591306243340175	0.9955833333333334	0.9196000000317891
669	0.0209618359764417	0.9960500000635782	0.9197500000317892
670	0.021626570604244867	0.9957333333651225	0.91925
671	0.021475118509928386	0.9959666667302449	0.9202
672	0.02124019901454449	0.9959666666666667	0.9189666666984558
673	0.021593612559636433	0.9959833333969116	0.9197833333651225
674	0.021131249473492306	0.9963	0.917816666730245
675	0.02173212834397952	0.9957666666666667	0.9184666667302449
676	0.02151266459027926	0.9962166666666666	0.918666666730245
677	0.02157522257566452	0.9961166666666667	0.9191833333333334
678	0.021305757373571398	0.9961166666666667	0.919016666730245
679	0.02111049014205734	0.9962	0.9189
680	0.021729152568181354	0.9957666667302449	0.9184166666666667
681	0.02177524609764417	0.996	0.9184000000635782
682	0.021409523812433082	0.9955500000635783	0.9198833333969116
683	0.021171131745974223	0.9958166666666667	0.9195166666984558
684	0.02127808888455232	0.9959833333333333	0.919766666730245
685	0.02108389872511228	0.99625	0.919116666730245
686	0.021417599872748057	0.9958166666666667	0.9188166666666666
687	0.021235112969080608	0.996	0.9192333333969116
688	0.021943889013926188	0.9956000000635783	0.916916666730245
689	0.022056556179126104	0.9957	0.916916666730245
690	0.0215438369423151	0.9961	0.9176
691	0.021361113793651264	0.9958166666666667	0.9188833333969116
692	0.021438696976999443	0.9962166666666666	0.9185333333333333
693	0.021318541772663593	0.99605	0.9196000000317891
694	0.02133601544102033	0.9958333333333333	0.9195333333333333
695	0.021396836391588053	0.9959	0.9185000000635782
696	0.021388866579532623	0.9959666666666667	0.9192833333333333
697	0.0214930885463953	0.9960666666666667	0.9184333333651225
698	0.021487995234380167	0.99595	0.9178833333333334
699	0.02155832188129425	0.9961166666666667	0.9190166666666667
700	0.02130579924583435	0.9957500000635783	0.9180833333651225
701	0.022001344603300093	0.9956666666666667	0.9174500000317891
702	0.02160731424887975	0.9957500000635783	0.9179333333333334
703	0.021754578761259715	0.9958833333969116	0.9166666666666666
704	0.021280989372730257	0.9959166666666667	0.9178333333969116
705	0.021511084238688152	0.9959666667302449	0.9172166666666667
706	0.021004272278149924	0.9960666666666667	0.9180833333651225
707	0.021621906981865564	0.99585	0.9171500000635783
708	0.021281951026121775	0.9958833333333333	0.9182166667302449
709	0.021501418140530585	0.996	0.9176166666984558
710	0.02085579174955686	0.9959	0.9187333333651225
711	0.021461138486862184	0.9957333333969116	0.9186333333333333
712	0.021705381351709366	0.9959500000635783	0.9174500000317891
713	0.021727233217159907	0.996	0.9171000000317892
714	0.02175500625769297	0.9956666666666667	0.9174333333651224
715	0.02136148990690708	0.996166666730245	0.9174666666984558
716	0.022335085572799045	0.9951333333333333	0.9165000000635782
717	0.021779871026674908	0.9959	0.9188666666984558
718	0.021874986945589384	0.9954666666666667	0.9168833333969116
719	0.021502859526872635	0.99615	0.9169833333651225
720	0.02203645756045977	0.995566666730245	0.9172000000635783
721	0.022243689332405725	0.9959000000635783	0.915066666730245
722	0.02144638476073742	0.9958666666666667	0.9173166666666667
723	0.021130177930990854	0.9960666666666667	0.9184000000635782
724	0.021493555108706156	0.9959166666666667	0.9186000000635783
725	0.021142412613828977	0.9957500000635783	0.9187666666666666
726	0.02172732982635498	0.9957500000635783	0.9159833333333334
727	0.021987435755630336	0.9959166666666667	0.9157000000635783
728	0.021662729322910308	0.9960500000635782	0.9171166666984558
729	0.021364136512080828	0.9958833333333333	0.9161333333333334
730	0.021470102246602375	0.9962666666666666	0.9161500000635783
731	0.021256171836455662	0.9961166666666667	0.9175833333969117
732	0.02157083563407262	0.9959333333651225	0.9183833333651225
733	0.0215475428601106	0.9959333333969116	0.9170500000635783
734	0.02175175637602806	0.99575	0.91495
735	0.02177139959136645	0.9957833333969116	0.9154000000317891
736	0.021831324042876563	0.9961833333333333	0.917116666730245
737	0.021228342847029368	0.9959333333333333	0.9181500000317891
738	0.021768058042724928	0.9958333333333333	0.9170500000317892
739	0.021710243196288746	0.9955	0.9181666667302449
740	0.021698138515154522	0.9960166667302449	0.9162666667302449
741	0.021592946646610895	0.9959166666666667	0.9163833333969116
742	0.021411148846149444	0.9959000000635783	0.9157333333333333
743	0.02166448359787464	0.9961833333333333	0.9180666666666667
744	0.021671821052829426	0.9958	0.9164666667302449
745	0.022014107653001946	0.9959	0.9156833333969117
746	0.021988948477307955	0.9956166666666667	0.9154333333969116
747	0.022133913059035937	0.9956333333333334	0.9161666667302449
748	0.021571441700061162	0.9958	0.9157833333651225
749	0.02173733212252458	0.9957	0.9169833333969116
750	0.022073374103506405	0.9961	0.9155833333333333
751	0.02160818495253722	0.9957333333333334	0.9163500000635783
752	0.021655102755626043	0.9958666666666667	0.9161166666984558
753	0.021843551054596903	0.9959833333333333	0.9168000000635783
754	0.02224190651476383	0.9955666666666667	0.9156500000317891
755	0.02174847952624162	0.9958	0.916766666730245
756	0.021995753654837608	0.996216666730245	0.9154333333969116
757	0.02154056367079417	0.99575	0.9169500000635783
758	0.021868464479843776	0.99595	0.9152500000635783
759	0.02146550534069538	0.99605	0.9162000000635783
760	0.02133435545563698	0.9960666666666667	0.91605
761	0.021392692778507867	0.9959166666666667	0.9168166666666666
762	0.022235690533121428	0.9957833333333334	0.9140666666984558
763	0.021758869024117788	0.9959666666666667	0.9159833333651225
764	0.02199690846999486	0.9955333333333334	0.9151333333333334
765	0.022091232405106225	0.9960333333969116	0.914716666730245
766	0.021161102736989658	0.9959666667302449	0.9174
767	0.02179957134524981	0.9954833333969116	0.9158500000317892
768	0.02214812479217847	0.99595	0.9153833333651225
769	0.02195318483710289	0.9960666666666667	0.91545
770	0.022128820995489757	0.9961166667302449	0.9134166666666667
771	0.021820655500888825	0.9963000000317891	0.9145000000635782
772	0.022027415743470193	0.9955833333333334	0.9145833333969117
773	0.021647922525803248	0.9959666666666667	0.9152666667302449
774	0.021907057867447535	0.9957000000635783	0.9155166667302449
775	0.022092606085538865	0.9956333333969116	0.9152666666666667
776	0.021800331036249797	0.9958500000635783	0.9152000000635783
777	0.022079008252422015	0.9962000000635783	0.9127833333969116
778	0.021933440823356312	0.9954833333333334	0.9150166666984558
779	0.022179461354017257	0.9959333333969116	0.9156333333333333
780	0.02279180720845858	0.9953000000635783	0.9142833333333333
781	0.022158103642861048	0.9958000000635783	0.9138666666666667
782	0.022245504268010457	0.9959	0.9150500000317892
783	0.022075449353456497	0.9959500000635783	0.9145000000317891
784	0.02255540984272957	0.995366666730245	0.9144166666666667
785	0.022409927862882616	0.9956666666984558	0.9131333333969116
786	0.022232383601864178	0.99565	0.9137000000635783
787	0.022756471905112267	0.9957833333333334	0.9131666667302449
788	0.022501535975933074	0.9958	0.9134
789	0.022380734224120777	0.99605	0.9137000000317892
790	0.02224305685957273	0.995616666730245	0.9139000000317892
791	0.0219428100725015	0.9959166666666667	0.9144500000317891
792	0.021619327187538145	0.9960833333333333	0.9142333333969116
793	0.02248773338298003	0.9959333333969116	0.9137000000635783
794	0.022284790586431822	0.9961	0.9129333333333334
795	0.02202719275156657	0.9954333333333333	0.9147
796	0.021901117914915086	0.9954166666984559	0.9169833333969116
797	0.022665007477998735	0.9958833333333333	0.912566666730245
798	0.022469843528668085	0.995516666730245	0.9140000000317892
799	0.022189445142944655	0.9959333333969116	0.9145000000317891
800	0.022135948147376378	0.9960666666666667	0.9140333333333334
801	0.022107368915279705	0.9957666666666667	0.9140166666984558
802	0.022117878766854605	0.9958833333333333	0.9136833333651225
803	0.022115120908617975	0.9959333333969116	0.9135
804	0.021937422279516856	0.99575	0.9149000000317892
805	0.021458402588963508	0.9958833333333333	0.915016666730245
806	0.022241507929563524	0.996166666730245	0.9133666666984558
807	0.02188835344115893	0.9961	0.9135333333651224
808	0.022126309621334075	0.9961666666666666	0.9131833333651225
809	0.022280440160632135	0.99585	0.9126666666984559
810	0.02192241290807724	0.9959	0.9139833333969116
811	0.02254750235279401	0.9956333333651225	0.9127666666984559
812	0.02257133224507173	0.9950833333333333	0.9145000000635782
813	0.02207623141606649	0.9958833333333333	0.9132500000635783
814	0.022876971576611203	0.995666666730245	0.9128
815	0.022771413529912632	0.9959	0.9123000000317891
816	0.02244990299344063	0.9954166666984559	0.9139
817	0.021698054726918537	0.99615	0.9146666666984559
818	0.02205344761411349	0.9958000000635783	0.9133
819	0.02239194819331169	0.99595	0.9133000000317891
820	0.022449371141195298	0.9959833333333333	0.911616666730245
821	0.02207954968214035	0.9959833333969116	0.9135666666984558
822	0.02238622634212176	0.9955500000317892	0.913666666730245
823	0.022305208331346513	0.9960833333333333	0.9127166666666666
824	0.021843074093262353	0.9962166666666666	0.9143166666984558
825	0.021893051946163176	0.9961333333333333	0.9138833333333334
826	0.02229420540332794	0.9961166666666667	0.9129000000635783
827	0.022440858948230745	0.9953333333333333	0.9131833333333333
828	0.021652605283260344	0.9960166667302449	0.9145666666666666
829	0.022187124115228652	0.9960666667302449	0.9134166667302449
830	0.022911605161428452	0.99565	0.911966666730245
831	0.02218231194615364	0.995716666730245	0.9133000000635783
832	0.022252586352825166	0.9961333333969116	0.9124666666666666
833	0.02231237912774086	0.9956666666666667	0.913566666730245
834	0.022019766709705194	0.9956833333333334	0.9144
835	0.02225478758017222	0.9957833333333334	0.9138500000635783
836	0.02233596700032552	0.9957333333333334	0.9121333333969116
837	0.022390979580084482	0.9957166666666667	0.9118833333651225
838	0.02264657766222954	0.995716666730245	0.9116
839	0.022210375861326855	0.99595	0.9125000000635783
840	0.02212613090276718	0.9959	0.9136833333651225
841	0.02217373564441999	0.9959166666666667	0.91375
842	0.022381334549188614	0.9958833333333333	0.9130833333333334
843	0.022143254506091278	0.9958	0.9136166666666666
844	0.02266470236579577	0.9959666667302449	0.9112666666666667
845	0.021941988824804623	0.9958666666666667	0.9123166666984558
846	0.02228646384278933	0.9959333333333333	0.912
847	0.022876904623707135	0.99575	0.9117500000635783
848	0.022420520854989686	0.99595	0.9131
849	0.022546634308993816	0.9958	0.9115333333333333
850	0.02249150453209877	0.9961166666666667	0.9123666666666667
851	0.022120825634896757	0.9961666666666666	0.9112166666666667
852	0.022075818953911464	0.9960666666666667	0.9123000000635783
853	0.022048571711778642	0.9959000000635783	0.9120666666666667
854	0.022664196652173996	0.9958333333333333	0.9121000000317891
855	0.022685684277613957	0.9959166666666667	0.9119833333969116
856	0.022426937985420226	0.9962500000317891	0.9128500000635783
857	0.0223036296804746	0.9959	0.9120500000317892
858	0.02265213146209717	0.9959	0.911966666730245
859	0.022124545405308404	0.99615	0.9111333333651225
860	0.02282766729990641	0.9957166666666667	0.9110666666984558
861	0.022119987336794534	0.9959500000635783	0.9121333333969116
862	0.022656485042969386	0.9958666667302449	0.9113000000317891
863	0.022967193140586217	0.9959000000635783	0.9113166666984558
864	0.022450642559925717	0.9959333333651225	0.9124
865	0.022492780820528666	0.9956166666666667	0.9126666666984559
866	0.022292108952005705	0.9958666666666667	0.9125833333969117
867	0.023107780422767003	0.9951333333333333	0.9108333333651225
868	0.022545211827754975	0.9958666667302449	0.9113333333969116
869	0.022459166943033536	0.9957	0.9135666666666666
870	0.0223388921380043	0.9960833333333333	0.9120333333969116
871	0.022578674060106278	0.9958666667302449	0.9119500000317892
872	0.02218320361773173	0.9960833333333333	0.9127666666984559
873	0.022896175503730774	0.9956833333969116	0.9115666666984558
874	0.02259160021742185	0.9956333333333334	0.9123000000635783
875	0.02248984944621722	0.9961166666666667	0.911616666730245
876	0.022959748888015746	0.9956833333969116	0.9114833333969116
877	0.022492035218079885	0.9958666666666667	0.9113333333651225
878	0.022839832519491513	0.9955833333333334	0.9114166666984558
879	0.022529149397214253	0.996	0.9102333333651225
880	0.022646926424900692	0.9957500000635783	0.9110500000635783
881	0.022450044016043346	0.9956833333969116	0.911966666730245
882	0.022496565807859102	0.9957666666666667	0.9113833333969116
883	0.02253868167599042	0.9960000000635783	0.9111500000317891
884	0.022360595091680684	0.9958	0.9115
885	0.022836248447497685	0.9953333333333333	0.9117500000317892
886	0.022162947787841163	0.9959666667302449	0.9122666666984558
887	0.022514994978904725	0.9961666666666666	0.910966666730245
888	0.023133670012156167	0.9954	0.9105000000635783
889	0.02249150069653988	0.9957833333333334	0.9117333333969116
890	0.02258985467950503	0.9959166666666667	0.9110833333651225
891	0.0227504494090875	0.9959666667302449	0.909916666730245
892	0.02279874187707901	0.9956833333333334	0.9113500000317891
893	0.022464518759648004	0.9956000000635783	0.9123000000635783
894	0.02330736260811488	0.9956500000635783	0.9094833333651224
895	0.022506037540237108	0.9962	0.9109
896	0.02226377922097842	0.996166666730245	0.9105833333651224
897	0.022447152501344683	0.9958666667302449	0.9117333333333333
898	0.022296998882293702	0.9960833333969116	0.9110833333651225
899	0.022889620648821194	0.9954166666666666	0.9109666666984558
900	0.022361723015705746	0.996	0.91155
901	0.022058593270679314	0.9961833333333333	0.9124500000317891
902	0.02267845799823602	0.9956833333333334	0.9107166666984559
903	0.02260182497104009	0.9956666666666667	0.9116833333651225
904	0.022608147263526918	0.9959833333333333	0.9100500000317892
905	0.022941756866375604	0.99615	0.9112333333969116
906	0.02297755582133929	0.9958166667302449	0.9101500000635783
907	0.022569769512613615	0.9959333333333333	0.9106
908	0.02326609475364288	0.9960166666666667	0.9105333333969117
909	0.022975067881743114	0.9956833333333334	0.9108
910	0.02249656584660212	0.9957500000635783	0.9102666666666667
911	0.022409892304241657	0.99595	0.9103500000635782
912	0.022674636549750965	0.9953	0.9113333333969116
913	0.0221606893102328	0.9960833333333333	0.9118333333969116
914	0.02315825538436572	0.9959166666984558	0.9102166666666667
915	0.02282781740228335	0.9958333333333333	0.9106666666666666
916	0.022406143454710644	0.9961000000635782	0.9101166666666667
917	0.02303742861698071	0.9961833333333333	0.9098
918	0.022665943678220113	0.9961	0.9096000000317891
919	0.023126794564723968	0.9954833333969116	0.9101333333969116
920	0.022915127099553744	0.99575	0.9106500000317892
921	0.022358778669436773	0.9958500000635783	0.9119500000635783
922	0.022706212240457536	0.9956666666666667	0.9099166666666667
923	0.02319452837705612	0.9957833333333334	0.9094333333969116
924	0.02307140282889207	0.9954666666666667	0.91035
925	0.022587114037076632	0.9958500000635783	0.9104166667302449
926	0.022799666370948157	0.9960666667302449	0.9098333333651225
927	0.022947004140416782	0.9958166667302449	0.9100833333651225
928	0.02257501136958599	0.99585	0.9110000000317892
929	0.022315814439952373	0.9958	0.9102833333333333
930	0.02232825207412243	0.99565	0.9120333333969116
931	0.022522958608468372	0.9955666666666667	0.9106000000317891
932	0.022666929470499357	0.9961	0.909916666730245
933	0.023000490355491638	0.9955333333333334	0.9104333333333333
934	0.022841760881741842	0.9958333333651225	0.9103500000317891
935	0.02259046402176221	0.9960833333333333	0.9116000000317891
936	0.022847137333949406	0.9957833333333334	0.9094833333969117
937	0.02296606678565343	0.9954000000635783	0.91095
938	0.022686765612165132	0.9959333333333333	0.9099500000317892
939	0.023000457632541656	0.9959	0.90965
940	0.022341103182236352	0.9955166666666667	0.9105833333333333
941	0.024063793794314066	0.9949666667302449	0.9082166667302449
942	0.02310044594605764	0.9959166667302449	0.9097666666984559
943	0.022802429095904034	0.9961833333969117	0.9102333333333333
944	0.024281939015289147	0.9946833333333334	0.9073500000317891
945	0.022435366653402646	0.9959666666666667	0.9109166666666667
946	0.023019028013944627	0.9961333333333333	0.9095
947	0.022851547199487687	0.9959166667302449	0.9097500000317892
948	0.02298313562075297	0.9958333333969116	0.9097666666984559
949	0.023081395602226256	0.9955	0.9106000000635783
950	0.023386774382988612	0.9957500000635783	0.9087333333969116
951	0.022738074533144633	0.9959500000635783	0.9096666666666666
952	0.022796429690718652	0.9959666666666667	0.9104666667302449
953	0.023737152208884556	0.9955833333969116	0.9088833333969116
954	0.0230510287463665	0.9960833333969116	0.9092333333651225
955	0.023101629621783894	0.9962166666666666	0.9095666666984558
956	0.023169512101014453	0.9958166666984558	0.9092500000635783
957	0.0227196146239837	0.99595	0.9107833333651225
958	0.022418447391192118	0.9959833333651225	0.9092666667302449
959	0.023042987309892973	0.9959166667302449	0.9085166666984558
960	0.022838107850154242	0.9959	0.9095500000317891
961	0.022895121398568155	0.99595	0.9091833333651225
962	0.02283141441345215	0.9957833333333334	0.9102
963	0.022884037597974142	0.9960166666666667	0.9103000000317891
964	0.0231001424074173	0.9957333333333334	0.9094666666984558
965	0.023565061285098395	0.9958333333969116	0.9083166666666667
966	0.022670270808537802	0.9960333333333333	0.9102166666984558
967	0.022883843617141245	0.9962166666666666	0.9104000000317891
968	0.023038771663109463	0.9959666666666667	0.9092166666984558
969	0.02274886537194252	0.99605	0.9090833333333334
970	0.022971475950876872	0.9957333333333334	0.9082833333333333
971	0.022636554579933483	0.9958166666666667	0.9104666667302449
972	0.02291554906964302	0.9957833333333334	0.9093333333969116
973	0.023304928372303645	0.9956000000635783	0.9091833333651225
974	0.0233397447069486	0.9955333333333334	0.9085166666666666
975	0.02289807790716489	0.9959333333651225	0.9107166666984559
976	0.02298173792163531	0.9960166666666667	0.9085166666984558
977	0.0227918820977211	0.9956333333333334	0.9094166666984558
978	0.022639644556244214	0.99575	0.9098000000635783
979	0.023248074435194332	0.9958333333333333	0.9085000000317891
980	0.023114018351833025	0.9955166666666667	0.9094833333651224
981	0.022960379790266355	0.9959333333333333	0.9091166667302449
982	0.023313412151734034	0.995616666730245	0.9076500000317892
983	0.02251017346183459	0.9959666666666667	0.9100333333651225
984	0.022836023434003195	0.9959833333333333	0.9096833333333333
985	0.022626606518030168	0.9959000000635783	0.9102333333651225
986	0.023074717781941097	0.9958000000635783	0.9077333333333333
987	0.023164159965515137	0.9956333333333334	0.908916666730245
988	0.022848182326555253	0.9956	0.9104833333651224
989	0.023352601714928947	0.9956	0.9080666666666667
990	0.02305322965780894	0.9955666666666667	0.9093666667302449
991	0.0229887899885575	0.9956333333969116	0.9111166666666667
992	0.022631451306740442	0.9958666666666667	0.9093
993	0.02334618230164051	0.9956000000635783	0.90935
994	0.022414660236239434	0.9958666667302449	0.9109666666666667
995	0.02307117568453153	0.9959500000635783	0.9083333333333333
996	0.023629865423838298	0.9957166666666667	0.9086333333651225
997	0.02307400531967481	0.9955333333333334	0.9088
998	0.02334894315004349	0.9956	0.9097666666984559
999	0.022906186228990554	0.9959166667302449	0.9093666666666667
1000	0.02268488268852234	0.9963666666666666	0.9089166666666667
1001	0.02257406583825747	0.99575	0.9095833333651224
1002	0.02319844415783882	0.995366666730245	0.9101166666984558
1003	0.022856651791433494	0.9958833333333333	0.9087833333651225
1004	0.02300894396305084	0.9956500000635783	0.9088333333333334
1005	0.02273438264131546	0.9959	0.9090333333969116
1006	0.022993487123648324	0.996	0.9089500000635783
1007	0.022883141952753067	0.99585	0.9090833333333334
1008	0.023122747623920442	0.9959333333333333	0.9088
1009	0.023100874775648116	0.9961333333333333	0.9079666666984558
1010	0.02327840721408526	0.9954	0.9098166666666667
1011	0.02295236152211825	0.9958833333333333	0.9090666667302449
1012	0.023036482860644657	0.996	0.9078500000317892
1013	0.023241711703936258	0.9954666666666667	0.9090833333969116
1014	0.02337544702688853	0.9957333333969116	0.9078666666984558
1015	0.022879267515738804	0.9961	0.9089000000635783
1016	0.023684206557273865	0.995616666730245	0.9075000000317891
1017	0.022901229029893874	0.99565	0.9095000000317891
1018	0.02245263214111328	0.9959666666984558	0.9102500000635783
1019	0.02256869521141052	0.99575	0.908666666730245
1020	0.023135852959752082	0.9956333333333334	0.9094166666984558
1021	0.02345673709511757	0.9953666666666666	0.9097
1022	0.023071815677483877	0.9961	0.9092333333969116
1023	0.023118696107963722	0.9957	0.9093833333969116
1024	0.023150975888967515	0.9958000000317891	0.9075833333333333
1025	0.023126682143410047	0.9959666666666667	0.9099833333333334
1026	0.023575042976935703	0.9954166666666666	0.909016666730245
1027	0.022671475357810656	0.9959166666666667	0.9092833333651225
1028	0.02265202596783638	0.9961666666666666	0.9089833333651225
1029	0.023014931213855745	0.9956333333969116	0.9092833333651225
1030	0.022865535442034405	0.9959500000635783	0.9086333333333333
1031	0.02274169467687607	0.9958166666666667	0.9094
1032	0.022585613107681275	0.9959833333333333	0.9097833333969116
1033	0.02283937619527181	0.995566666730245	0.9111333333333334
1034	0.023064401654402416	0.9958833333333333	0.9081500000317891
1035	0.022969882200161617	0.9961833333969117	0.909766666730245
1036	0.023281611639261245	0.995716666730245	0.9087500000317892
1037	0.023141806474824746	0.9958	0.9085500000635783
1038	0.02300040022333463	0.9958166667302449	0.90905
1039	0.022873243846495948	0.995516666730245	0.9097500000317892
1040	0.02287315988143285	0.9960333333333333	0.9095333333651224
1041	0.022982915194829305	0.9956333333333334	0.91
1042	0.022533196552594503	0.9959166666666667	0.9103833333969116
1043	0.022730801606178283	0.9956333333333334	0.9097333333969116
1044	0.02308815385699272	0.9960166666666667	0.90715
1045	0.022991840587059657	0.9954666666666667	0.9093000000317891
1046	0.023350692079464594	0.9957833333969116	0.9098333333333334
1047	0.02293186471958955	0.99595	0.9100500000635783
1048	0.02296381989121437	0.9956166666666667	0.9075833333333333
1049	0.02284350727001826	0.9958166666666667	0.9086500000317892
1050	0.023337200825413067	0.9960000000635783	0.9085833333651224
1051	0.0224588295986255	0.9959166666666667	0.9092166667302449
1052	0.022677016150951385	0.9959333333969116	0.9089
1053	0.02339637901186943	0.9959000000635783	0.9084500000317891
1054	0.023378119546175004	0.9959500000635783	0.9083833333969116
1055	0.023166912770271303	0.9959500000635783	0.9091000000317891
1056	0.022835896968841553	0.9957833333333334	0.9096666666666666
1057	0.023208194369077683	0.99575	0.9074166667302449
1058	0.023133652213215828	0.996	0.9086833333969117
1059	0.023034011548757553	0.99595	0.9087500000317892
1060	0.023362407284975052	0.995566666730245	0.9062333333651225
1061	0.022682281266649566	0.9959333333333333	0.9094833333333333
1062	0.02349566562374433	0.995666666730245	0.9077333333969116
1063	0.02317860955397288	0.9958	0.9078833333333334
1064	0.0229469375650088	0.9954666666666667	0.9104833333969117
1065	0.023200697509447733	0.9955000000317892	0.9098000000635783
1066	0.02312957244515419	0.9960166667302449	0.9092833333969116
1067	0.023491381080945332	0.9954333333333333	0.9076666666984559
1068	0.022806708253423374	0.9960666666666667	0.9082833333333333
1069	0.02302310888369878	0.9959166666666667	0.9099000000317892
1070	0.02298931372364362	0.995616666730245	0.908966666730245
1071	0.022774453206857045	0.9960666667302449	0.908766666730245
1072	0.0225733141819636	0.9958166667302449	0.909516666730245
1073	0.022719424444437027	0.9957166666666667	0.9091166666666667
1074	0.023156878050168354	0.9959666666666667	0.90835
1075	0.022845510852336885	0.9960666666666667	0.9079500000635783
1076	0.022536220570405323	0.9961500000635782	0.9094333333969116
1077	0.022950903356075286	0.99575	0.9092666667302449
1078	0.023516794788837433	0.9955833333969116	0.9089333333651225
1079	0.02292037875056267	0.995566666730245	0.9088166666984558
1080	0.02340830203294754	0.9957333333969116	0.9081000000317891
1081	0.02346262150357167	0.99565	0.909766666730245
1082	0.022666305673122406	0.9961333333333333	0.9098333333969116
1083	0.022869836129744848	0.9956666666666667	0.9091
1084	0.02272881962507963	0.9957	0.9103166666984558
1085	0.02303226821621259	0.9958166666666667	0.9097000000635783
1086	0.022601127592722575	0.99585	0.9095500000635783
1087	0.0229706363260746	0.9958166666666667	0.9090000000635783
1088	0.02302830598652363	0.9959	0.909616666730245
1089	0.023050951141119002	0.9959833333333333	0.9084833333651224
1090	0.023161097435156503	0.9955833333333334	0.9083166666984558
1091	0.022928958997130395	0.9956166666666667	0.9094833333969117
1092	0.02260270546078682	0.9962	0.9099166666666667
1093	0.023666164078315097	0.9956833333651225	0.9082000000635783
1094	0.022347154962023098	0.99605	0.9112000000635783
1095	0.022415975993871688	0.9958333333333333	0.9102333333969116
1096	0.022517621463537217	0.9959333333333333	0.9094333333651224
1097	0.02230836916565895	0.9957500000635783	0.9108333333333334
1098	0.02329682826399803	0.9955333333333334	0.9096
1099	0.022972749854127564	0.9957833333333334	0.9098500000317892
1100	0.02272157436311245	0.9958500000635783	0.9093166667302449
1101	0.024193297052383423	0.9951666666666666	0.9079833333651225
1102	0.022718975291649502	0.9956333333333334	0.9092
1103	0.02271951935191949	0.9960333333333333	0.9100000000317892
1104	0.02248957390189171	0.9958333333333333	0.9108833333333334
1105	0.022996830596526463	0.9954833333651225	0.9085000000635783
1106	0.022327900265653927	0.9960833333969116	0.9113333333969116
1107	0.0226955790857474	0.9960333333651225	0.9100666667302449
1108	0.022684885211785636	0.9961000000635782	0.9086166666984559
1109	0.02238153397142887	0.9957666666666667	0.9108500000317892
1110	0.02293834959367911	0.9956833333333334	0.91035
1111	0.022966047451893488	0.9957333333969116	0.9093333333333333
1112	0.022957132440805435	0.9958166666666667	0.9103833333651224
1113	0.022826469881335895	0.9956166666666667	0.9088000000317892
1114	0.02260550723572572	0.9960666666666667	0.9098833333969116
1115	0.022258894435564676	0.9957333333969116	0.9116000000317891
1116	0.022961156137784322	0.9957833333333334	0.9092166666984558
1117	0.02336214968363444	0.9959166667302449	0.9083500000317891
1118	0.02296852738360564	0.9957666666666667	0.9087333333333333
1119	0.023358781150976816	0.9954333333333333	0.9078666666984558
1120	0.02304849559267362	0.9956666666666667	0.9097833333651225
1121	0.022969444213310878	0.9956333333333334	0.9093166666666667
1122	0.023615689765413603	0.9949	0.9099333333333334
1123	0.02258922075132529	0.9958833333333333	0.9109333333651225
1124	0.022341234970092775	0.9957833333651225	0.9100500000317892
1125	0.023190931844711302	0.9953833333333333	0.9097333333651225
1126	0.023112277777989704	0.9956333333333334	0.9095333333651224
1127	0.022633927690982818	0.9956333333333334	0.9096000000635783
1128	0.022377916198968888	0.99615	0.9103666666984558
1129	0.022194546045859655	0.9961833333333333	0.91065
1130	0.022839221926530203	0.9956833333333334	0.9110333333333334
1131	0.022332812349001568	0.9957833333333334	0.9101500000635783
1132	0.022949225064118704	0.9953500000317892	0.9099000000317892
1133	0.022484707909822464	0.9958666667302449	0.9109833333333334
1134	0.022650835557778675	0.9961333333333333	0.9098833333333334
1135	0.02232689195473989	0.996	0.9105500000317891
1136	0.02254524954756101	0.995616666730245	0.9103666666984558
1137	0.02306371596256892	0.9954500000635783	0.9101666666666667
1138	0.02261336712439855	0.9962	0.9093000000635783
1139	0.022451497880617777	0.995716666730245	0.9102333333333333
1140	0.023322167499860127	0.9954	0.9094
1141	0.02294875298142433	0.9956833333333334	0.9095333333651224
1142	0.023608959139386813	0.9949833333333333	0.9091833333333333
1143	0.022616594765583673	0.9958000000317891	0.910716666730245
1144	0.022759653822580973	0.9958	0.9103333333969116
1145	0.02244229013621807	0.9958333333333333	0.9111166666666667
1146	0.02285746987660726	0.9956000000317892	0.9103833333969116
1147	0.02299619726339976	0.9956333333333334	0.9101333333333333
1148	0.022773927930990853	0.9959000000635783	0.9101500000635783
1149	0.023023636440436045	0.9955000000635783	0.9101333333333333
1150	0.022480598843097686	0.9956500000635783	0.9107500000317892
1151	0.02258483972152074	0.9957333333969116	0.91125
1152	0.022179057285189627	0.9958833333969116	0.9110000000317892
1153	0.022044122419754664	0.9959333333333333	0.9126333333651224
1154	0.02307671717206637	0.9955166666666667	0.9090000000317892
1155	0.02283673226237297	0.9953500000635783	0.9111
1156	0.02271607072552045	0.9958666666666667	0.9098166666984558
1157	0.022498618324597677	0.9954833333651225	0.9112833333651225
1158	0.022245019554098446	0.9959166666666667	0.9108500000635783
1159	0.022709867817163467	0.99605	0.9091166666984558
1160	0.0224496275583903	0.99585	0.911
1161	0.022897178610165915	0.9958166667302449	0.9106833333651225
1162	0.022754842366774875	0.9957	0.9102333333969116
1163	0.02398180026213328	0.9953833333969117	0.9093000000317891
1164	0.022121899523337683	0.9960666666666667	0.9130166666666667
1165	0.022944454437494276	0.99595	0.911
1166	0.021852029841144878	0.9959	0.9123833333969116
1167	0.02297901454369227	0.9959500000635783	0.91015
1168	0.022668340402841568	0.9958500000635783	0.9110333333333334
1169	0.02258826074004173	0.9960333333333333	0.9107
1170	0.022455591583251954	0.9961166666666667	0.9108833333333334
1171	0.02263245506286621	0.99605	0.9106166666984558
1172	0.02270450036327044	0.9955333333651225	0.9110166666666667
1173	0.022163333419958752	0.9959666667302449	0.9114666666666666
1174	0.022779734222094217	0.9957833333651225	0.91065
1175	0.022236989164352416	0.9958333333333333	0.9123666666666667
1176	0.02343358040849368	0.995166666730245	0.9108833333651225
1177	0.022797130156556766	0.9954666666666667	0.9122333333333333
1178	0.022382409236828486	0.995416666730245	0.9113833333333333
1179	0.022202215377489724	0.995616666730245	0.9120666666666667
1180	0.021801299983263016	0.9961833333651224	0.911766666730245
1181	0.022122345019380252	0.9960166666666667	0.9110000000317892
1182	0.022510700859626136	0.9957833333333334	0.9123666666984558
1183	0.022735905154546102	0.9956500000635783	0.910666666730245
1184	0.02297282575368881	0.9957333333333334	0.9096500000635783
1185	0.022007351677616437	0.9959166666666667	0.9116166666984558
1186	0.02326776013970375	0.9955333333333334	0.9092666667302449
1187	0.02225761061310768	0.99565	0.9107166666984559
1188	0.02231169900894165	0.9957666666666667	0.9123000000317891
1189	0.022050803464651107	0.9962166666666666	0.9113833333969116
1190	0.0226071176836888	0.9958166666666667	0.9113000000635783
1191	0.02220599692662557	0.9958666666666667	0.9126333333969117
1192	0.022593857057889303	0.995716666730245	0.91125
1193	0.022297287489970525	0.9957833333333334	0.9111500000635783
1194	0.022423883692423503	0.9958666666666667	0.9116000000317891
1195	0.022133086568117143	0.9959333333969116	0.9112166667302449
1196	0.022028810781240464	0.9957833333333334	0.9112333333969116
1197	0.021991208336750667	0.9963166666666666	0.9117166666666666
1198	0.02184678643643856	0.9958	0.91285
1199	0.02164092804988225	0.9957000000317892	0.9123666667302449
1200	0.022377740190426508	0.9956833333333334	0.9114166666666667
1201	0.02215997234582901	0.9960000000635783	0.9120000000635783
1202	0.022153779049714405	0.9956	0.91115
1203	0.022134732721249262	0.9957333333333334	0.9124666666666666
1204	0.022614597359796366	0.99545	0.9116333333333333
1205	0.02194698941310247	0.9958	0.9137333333651225
1206	0.0219320811967055	0.9957333333969116	0.9114000000317891
1207	0.021870401068528493	0.9959333333651225	0.9125166666984558
1208	0.021925080992778144	0.9958166667302449	0.9132500000317891
1209	0.022842979729175567	0.995466666730245	0.9123166666984558
1210	0.022695718999703726	0.9958	0.9122833333333333
1211	0.02175297045906385	0.9958666667302449	0.9136166666984558
1212	0.02189650391936302	0.9959	0.912666666730245
1213	0.022214494264125823	0.9960166666984558	0.9118333333969116
1214	0.02163369686404864	0.9961333333333333	0.9126000000635783
1215	0.021897873638073603	0.9959333333333333	0.9127833333333333
1216	0.022374831597010293	0.9955666666666667	0.9126833333651225
1217	0.022056370055675508	0.9958666666666667	0.911916666730245
1218	0.02257112014790376	0.9954166666666666	0.9130000000317892
1219	0.022517533592383066	0.9958666666666667	0.9121166667302449
1220	0.022262581034501395	0.9955166666666667	0.9110500000635783
1221	0.022319063222408293	0.9960333333333333	0.9107000000317892
1222	0.022818573220570883	0.9958833333333333	0.9099166666666667
1223	0.02228515437245369	0.9958500000635783	0.9115500000635783
1224	0.022248166724046073	0.9959000000635783	0.9124000000635782
1225	0.022035932445526124	0.9959166666666667	0.913816666730245
1226	0.02219823186000188	0.9958666666666667	0.9118500000635783
1227	0.022573282046119372	0.995366666730245	0.9133666666984558
1228	0.021927161461114883	0.9963166666666666	0.9125
1229	0.021749061916271847	0.9959000000317891	0.9139333333651225
1230	0.022179992050429184	0.99585	0.9129000000635783
1231	0.021980149559179943	0.995566666730245	0.9134
1232	0.023149930810928344	0.9951	0.9114500000317891
1233	0.021931921899318696	0.9957833333333334	0.9131000000317891
1234	0.022980333562692006	0.9950333333969116	0.90975
1235	0.022244108164310456	0.995566666730245	0.9131333333969116
1236	0.02183482754826546	0.9958000000317891	0.9144000000635782
1237	0.021865285593271257	0.9961	0.9149833333651225
1238	0.02268648323218028	0.9954666666666667	0.9133
1239	0.022071500789125762	0.9958833333333333	0.9132166667302449
1240	0.0220386465827624	0.9957666666666667	0.914016666730245
1241	0.02236834268271923	0.9954833333333334	0.9122833333333333
1242	0.022462767124176025	0.9956166666666667	0.9127833333651225
1243	0.021889551106095313	0.9958833333333333	0.9133
1244	0.022120191770792007	0.9953166666666666	0.9128333333333334
1245	0.0219190535902977	0.99585	0.9131833333651225
1246	0.021641086014111837	0.9959500000635783	0.9131
1247	0.02174294806222121	0.9960666666666667	0.9136666666666666
1248	0.021870733344554902	0.9960166667302449	0.9123333333333333
1249	0.021924911518891654	0.9958166667302449	0.9125333333651224
1250	0.021824287168184915	0.9962166666666666	0.9128833333333334
1251	0.02163240816394488	0.9959666667302449	0.91255
1252	0.0220619671245416	0.9959833333333333	0.911766666730245
1253	0.02224535725514094	0.9955666666666667	0.912666666730245
1254	0.02274938202102979	0.9954	0.911666666730245
1255	0.02166581220626831	0.9960333333651225	0.9143
1256	0.022065074855089187	0.9959166667302449	0.9126166666984558
1257	0.021628193196654318	0.9960166667302449	0.9141833333333333
1258	0.02254296708504359	0.99555	0.9127000000635783
1259	0.022100934153795243	0.9958166666666667	0.9141333333651225
1260	0.021424368147055308	0.9961500000635782	0.9131000000317891
1261	0.02254773145020008	0.9953833333969117	0.9132833333651225
1262	0.02167841739257177	0.996	0.9140666666666667
1263	0.02234532796939214	0.9957833333333334	0.9136333333969117
1264	0.021925037174423536	0.9957666666666667	0.9137000000635783
1265	0.02259956866900126	0.99545	0.9121
1266	0.021659850396712622	0.9959166666666667	0.914066666730245
1267	0.021756404570738474	0.9956666666666667	0.9136833333333333
1268	0.02147779910763105	0.9958833333651225	0.9135833333651224
1269	0.021854449730118117	0.99555	0.9135666666984558
1270	0.022218450715144476	0.9957166666666667	0.9137
1271	0.02251492853462696	0.9958333333333333	0.913966666730245
1272	0.02240090062816938	0.9955333333333334	0.9128000000317892
1273	0.02164404636025429	0.99605	0.91355
1274	0.021994858759641647	0.9956166666666667	0.9128333333969116
1275	0.02199341534972191	0.9956333333651225	0.9132500000635783
1276	0.02166972615321477	0.9960666666666667	0.9136833333969117
1277	0.021770606911182405	0.9958166667302449	0.9146333333333333
1278	0.02254957567850749	0.99575	0.9129333333969116
1279	0.02193713745077451	0.9959333333969116	0.9133166667302449
1280	0.022236495341857274	0.9953	0.9134166666984558
1281	0.02146796415746212	0.99595	0.9157833333333333
1282	0.02205119086007277	0.99555	0.9141666666666667
1283	0.02324108435412248	0.9951000000635782	0.9121666667302449
1284	0.021858526118596396	0.9957333333969116	0.9146000000635783
1285	0.021534129026532175	0.99585	0.9150000000635783
1286	0.02218794250488281	0.9953333333333333	0.9134833333333333
1287	0.02194902570048968	0.9961166666666667	0.9145833333333333
1288	0.021906097131967544	0.9958666666666667	0.9144666666666666
1289	0.021861328891913095	0.9957833333969116	0.9125833333333333
1290	0.0217479508548975	0.9956333333333334	0.9142
1291	0.02174892041683197	0.9958166666666667	0.91495
1292	0.02220075884262721	0.9955666666666667	0.9130166666984558
1293	0.021915677048762638	0.996	0.9127000000317892
1294	0.02162720605234305	0.9955833333969116	0.9144
1295	0.02174971060057481	0.9957833333969116	0.9138833333651225
1296	0.021850677114725114	0.9957	0.9141666667302449
1297	0.0218666303396225	0.9958166666984558	0.9124666666984558
1298	0.022016158133745193	0.9958333333651225	0.9142333333969116
1299	0.021953793762127558	0.9958833333969116	0.9138833333969116
1300	0.021764266777038573	0.9957666666666667	0.9135833333651224
1301	0.021968210371335346	0.995616666730245	0.913566666730245
1302	0.02167013871272405	0.9955333333333334	0.9155166666666666
1303	0.021267180051406223	0.9959	0.9150500000317892
1304	0.021922979470094046	0.9959	0.91415
1305	0.02163603702187538	0.9958666667302449	0.9143666667302449
1306	0.02154973920583725	0.9959166666984558	0.9147333333651225
1307	0.021316684774061043	0.99595	0.9158833333651225
1308	0.021450346794724465	0.9958	0.9146500000317891
1309	0.021745699642101924	0.9956833333333334	0.9154166666666667
1310	0.02241451800763607	0.99585	0.912666666730245
1311	0.021252820416291555	0.9961333333969116	0.9136666666984559
1312	0.021487504520018897	0.9959333333333333	0.9148333333969116
1313	0.02201410440802574	0.996	0.9144000000317891
1314	0.021542663955688476	0.9959333333969116	0.9152
1315	0.021214733455578488	0.9961333333969116	0.9144333333969116
1316	0.021636559265851976	0.9956333333333334	0.9150666666666667
1317	0.02151069177190463	0.9960166667302449	0.9154333333969116
1318	0.021698184835910798	0.99575	0.9149166666666667
1319	0.021835897451639174	0.9958666666666667	0.9140000000317892
1320	0.021920838326215743	0.9956833333333334	0.9142
1321	0.021525618926684063	0.9957500000635783	0.9163166667302449
1322	0.021713215015331903	0.9958166666666667	0.9155333333969117
1323	0.022117084401845934	0.9954000000317892	0.9149666666666667
1324	0.022159146557251614	0.9959333333333333	0.914566666730245
1325	0.021132409113645553	0.9959	0.9153833333969116
1326	0.02159520500848691	0.99555	0.9145
1327	0.021838221275806428	0.99575	0.9130000000635783
1328	0.021620123891035715	0.9959833333969116	0.9152500000317891
1329	0.021388309613863628	0.9963000000635783	0.9153166667302449
1330	0.02198668137292067	0.9958166666666667	0.9147333333333333
1331	0.021390202550093333	0.9958	0.9161500000317891
1332	0.022205547372500103	0.9958333333969116	0.9153333333333333
1333	0.021748296596606573	0.9957000000635783	0.9143666667302449
1334	0.0217122665643692	0.9956666666666667	0.9152666667302449
1335	0.021433172019322714	0.9959000000317891	0.9151666666666667
1336	0.021196309373776118	0.9961666666666666	0.9153333333651225
1337	0.021080459492405255	0.99605	0.9145666666666666
1338	0.02139836355149746	0.9958833333333333	0.915616666730245
1339	0.022537663194537164	0.99545	0.9132166666666667
1340	0.021653412439425788	0.99535	0.9164166667302449
1341	0.02216450159152349	0.9955333333333334	0.9140000000635783
1342	0.021563471005360286	0.9959666666666667	0.915
1343	0.02119644851485888	0.9958666667302449	0.9176666666984558
1344	0.022094433044890564	0.9957166666666667	0.914966666730245
1345	0.021479017707705498	0.9958666666666667	0.91565
1346	0.021848373674352963	0.99565	0.9156000000635783
1347	0.021722368186712266	0.9956500000635783	0.9155833333333333
1348	0.02167269028822581	0.9958666666666667	0.9144833333969116
1349	0.021688416055838267	0.9960166666666667	0.91515
1350	0.021566536319255827	0.9956833333969116	0.9157666666984559
1351	0.0213682357609272	0.9959333333651225	0.915966666730245
1352	0.021995644036928812	0.9957166666666667	0.91485
1353	0.022124347523848217	0.9958333333333333	0.9140166666666667
1354	0.0222166823108991	0.99555	0.9143666666666667
1355	0.022141734676559766	0.9955666666666667	0.9138833333333334
1356	0.021217656588554384	0.9961666666666666	0.9165333333333333
1357	0.021827086502313613	0.9959666666666667	0.9164833333651224
1358	0.02156577087243398	0.9960833333969116	0.9153333333651225
1359	0.021356446981430053	0.9960666666666667	0.9150500000317892
1360	0.02199280424565077	0.9956833333333334	0.915766666730245
1361	0.02160507205426693	0.9955833333333334	0.9142833333651225
1362	0.021470762609442074	0.995716666730245	0.9170166666984558
1363	0.022163492725292843	0.9954166666984559	0.9152166666666667
1364	0.022464328246812024	0.9950166666666667	0.9146166666984558
1365	0.021073002851009368	0.99605	0.9165166667302449
1366	0.021915834734837214	0.9954166666666666	0.91585
1367	0.021085365744431813	0.9958333333333333	0.9163500000317891
1368	0.021945581769943236	0.9957500000635783	0.9147833333333333
1369	0.02192334769566854	0.9958333333333333	0.9155333333333333
1370	0.02129364053606987	0.9962166666666666	0.9152833333333333
1371	0.022178007274866105	0.99595	0.9142666666984558
1372	0.021552947290738422	0.9959333333333333	0.9143833333969116
1373	0.02139882592956225	0.9959166666666667	0.9149166666984558
1374	0.021491675345102944	0.996166666730245	0.9153833333969116
1375	0.021692304866512618	0.9960333333333333	0.9143000000635783
1376	0.022034377697606883	0.9954666666666667	0.9153833333651225
1377	0.021730852021773658	0.9959166666666667	0.914066666730245
1378	0.021265092098712923	0.9958333333333333	0.9145333333333333
1379	0.021329252941409745	0.9960666666666667	0.9171
1380	0.02193038646876812	0.9955833333333334	0.915666666730245
1381	0.021659933856129646	0.996	0.9152833333651225
1382	0.0214174984395504	0.9960000000635783	0.9156
1383	0.021609818284710248	0.9958	0.9159666666984558
1384	0.021308923079570136	0.9959500000635783	0.9148666666984558
1385	0.021513403236865996	0.9959666667302449	0.915616666730245
1386	0.02166015813847383	0.9959166666666667	0.9141500000317891
1387	0.021110351826747257	0.9960166666666667	0.9156500000635783
1388	0.021360605559746424	0.9959166666666667	0.9159166666666667
1389	0.021323495690027873	0.9959833333651225	0.9147
1390	0.022356113799413047	0.9956000000635783	0.9144500000635782
1391	0.021655846194426218	0.9961333333651224	0.9140833333969116
1392	0.021922417805592218	0.9952000000635783	0.9146333333333333
1393	0.021343109293778736	0.9962	0.9152666667302449
1394	0.021290982906023662	0.9959666666666667	0.9161833333333333
1395	0.021766605540116626	0.9955666666984558	0.9149833333333334
1396	0.02115455068250497	0.9960833333333333	0.91615
1397	0.02106202849348386	0.9961166666666667	0.9164666666984558
1398	0.0212981161236763	0.9957666667302449	0.9156500000317891
1399	0.02126901326775551	0.9957166666666667	0.9159833333651225
1400	0.02216280994216601	0.9953666666666666	0.9156166666984558
1401	0.021028555091222128	0.9961833333333333	0.9158666666666667
1402	0.021356927182277042	0.9956000000317892	0.9161500000317891
1403	0.021692937966187795	0.9960333333969116	0.913516666730245
1404	0.021532828330993653	0.9956833333333334	0.9154666667302449
1405	0.02138740150729815	0.9960333333969116	0.9165500000317891
1406	0.021470959041515986	0.9959166666666667	0.9162333333651225
1407	0.021753683299819627	0.9953833333333333	0.9163
1408	0.022011210097869237	0.9955666666666667	0.9150333333333334
1409	0.021623496681451797	0.9960333333969116	0.9144166667302449
1410	0.021680155634880065	0.9956333333651225	0.9154833333651224
1411	0.02181626457373301	0.9958833333333333	0.9149166666666667
1412	0.022013611551125845	0.9954333333333333	0.9149166666984558
1413	0.020949636964003246	0.99585	0.917016666730245
1414	0.02172905469139417	0.99595	0.9140333333969116
1415	0.021620160581668216	0.9957166666666667	0.9161166666984558
1416	0.02162382744749387	0.9958833333969116	0.915916666730245
1417	0.021253788977861406	0.9959333333333333	0.9154500000317891
1418	0.021923076301813126	0.9956833333333334	0.9148333333969116
1419	0.022274471243222554	0.9956000000635783	0.9134666666666666
1420	0.02172058731019497	0.9958666666666667	0.9151500000635783
1421	0.021688172229131063	0.9960166666666667	0.9142166667302449
1422	0.02189863280057907	0.9956666666666667	0.9153333333333333
1423	0.02227209918797016	0.9953000000635783	0.9147833333969116
1424	0.02175287358959516	0.996316666730245	0.9142166666666667
1425	0.02145548809270064	0.9959833333333333	0.9174333333651224
1426	0.020951892131567	0.9959833333969116	0.9162833333333333
1427	0.02237923661470413	0.99525	0.9149500000317892
1428	0.021560344663262367	0.99585	0.9163333333969116
1429	0.021793264909585316	0.99605	0.91465
1430	0.021743129093448322	0.9959333333333333	0.9146166666666666
1431	0.020940586600701014	0.9960833333969116	0.9154833333333333
1432	0.02166422429382801	0.9958333333333333	0.9153166666984558
1433	0.02137049004038175	0.9958333333969116	0.9168000000635783
1434	0.021307674256960552	0.9961833333333333	0.9148500000635783
1435	0.021322350845734278	0.9958666667302449	0.9172500000317891
1436	0.02149463623960813	0.9960833333333333	0.9163666666666667
1437	0.021891751922667027	0.9956333333333334	0.9151
1438	0.02166875239710013	0.9960500000635782	0.9157333333651225
1439	0.021955590204397836	0.9956500000635783	0.9168833333333334
1440	0.021698426536719006	0.99595	0.9154333333651224
1441	0.021917255162199337	0.9960333333969116	0.9134333333969116
1442	0.021861059614022574	0.9956333333969116	0.9142500000317891
1443	0.021100654747088752	0.9960833333333333	0.9166333333969117
1444	0.021918671085437137	0.9956333333969116	0.917116666730245
1445	0.021463944860299428	0.9954166666666666	0.9157666666984559
1446	0.02201350640455882	0.995466666730245	0.915016666730245
1447	0.02134204020500183	0.9960333333969116	0.9161666667302449
1448	0.022360269341866176	0.99525	0.9135000000635782
1449	0.02153724644978841	0.9955833333333334	0.9155833333651224
1450	0.021240663223465284	0.9959166666666667	0.9140500000635783
1451	0.021936359347899753	0.99595	0.9133333333333333
1452	0.0217252830127875	0.9960166666666667	0.9132166667302449
1453	0.022152564158042273	0.9954666666666667	0.9129833333969116
1454	0.02210542516907056	0.9956500000635783	0.9151666666984558
1455	0.021502695775032044	0.9959333333969116	0.9146
1456	0.021853549176454545	0.9955666666666667	0.9144333333333333
1457	0.02190293464064598	0.9956	0.9150500000317892
1458	0.021415355108181634	0.9956666666666667	0.9159833333969116
1459	0.021592444202303888	0.9960833333333333	0.9133500000317891
1460	0.022358377306660016	0.9953666666666666	0.9133166666984558
1461	0.021954448892672857	0.99545	0.9156666666666666
1462	0.02165127755999565	0.99595	0.91465
1463	0.021406113603711127	0.9961333333333333	0.914666666730245
1464	0.02186726691921552	0.9959333333969116	0.9147333333651225
1465	0.022167376879851024	0.99555	0.9141166666666667
1466	0.02146762398481369	0.9958166666666667	0.9152833333333333
1467	0.022079733666280906	0.9952333333333333	0.91445
1468	0.02160290657877922	0.9960833333969116	0.9136
1469	0.021796746476491293	0.9956833333333334	0.91505
1470	0.02134779534538587	0.9961500000635782	0.91495
1471	0.02167543186744054	0.9959833333333333	0.9142666666666667
1472	0.021803087732195855	0.9957333333333334	0.9144166666666667
1473	0.02126904697616895	0.9960333333969116	0.9157500000317892
1474	0.02146357909242312	0.9961166666984558	0.9157333333969117
1475	0.021770416289567947	0.9960000000635783	0.9136666666984559
1476	0.022141429895162584	0.9960333333333333	0.9128
1477	0.02161487477024396	0.9957333333969116	0.91495
1478	0.021357924317320188	0.9958166667302449	0.9141833333969116
1479	0.021839605780442556	0.9959166666666667	0.9134666667302449
1480	0.02153411011695862	0.996	0.9151833333969116
1481	0.022054220151901244	0.9953	0.9142500000317891
1482	0.02197099898457527	0.99595	0.9141333333969116
1483	0.021714538776874542	0.9957666666666667	0.9144000000317891
1484	0.02121983763774236	0.9961	0.9151833333969116
1485	0.021925422988335292	0.9957333333333334	0.9137333333333333
1486	0.02181859229207039	0.9955333333333334	0.9143500000635782
1487	0.021814584438006084	0.99555	0.9147666666984559
1488	0.021869041905800503	0.9958166666666667	0.9144166666666667
1489	0.021090732765197753	0.9959833333651225	0.9151000000317892
1490	0.02214989612698555	0.9954833333333334	0.9135
1491	0.021783166871468227	0.99575	0.9156333333969117
1492	0.021638841530680658	0.99595	0.915066666730245
1493	0.021520023826758067	0.99545	0.9154666666984558
1494	0.021332609802484512	0.9960666666666667	0.9145333333651224
1495	0.021916065672039985	0.9956333333969116	0.9149000000635783
1496	0.021472500642140707	0.9958666666666667	0.9159
1497	0.021856679773330688	0.9958833333333333	0.9154833333333333
1498	0.02185734108388424	0.99585	0.9144666666984558
1499	0.021980098563432693	0.9955833333333334	0.9141666667302449
