epoch	loss	acc	certified
0	0.9702056914011638	0.43598333339691164	0.05796666667064031
1	0.7257646791776021	0.6717	0.13025
2	0.5708334351380666	0.755416666730245	0.2527833333651225
3	0.4292494207064311	0.8018833333333333	0.4345833333651225
4	0.32729764974912007	0.8410000000317891	0.5802500000635783
5	0.25626644984086355	0.8711666666666666	0.6800333333969116
6	0.20437009015083313	0.8981500000317891	0.7419333333651225
7	0.1679347318569819	0.9176	0.7858000000317892
8	0.1412653664827347	0.9315666666984558	0.8154333333651225
9	0.12113557839194934	0.9439000000317892	0.8378500000317891
10	0.10671718647877375	0.9491333333333334	0.8578166667302449
11	0.09634435284137725	0.9541833333333334	0.8693833333333333
12	0.08464249690373739	0.96055	0.8851000000317891
13	0.07918939122955004	0.9633166666666667	0.8919666667302449
14	0.07342922361691792	0.9656666666984558	0.9000500000635783
15	0.06651184290051461	0.9694166666984558	0.9061833333333333
16	0.06420654494365056	0.9707333333333333	0.9107500000317892
17	0.05916014466285706	0.9729166667302449	0.9170500000317892
18	0.05677476263244947	0.9739166666984558	0.9212166666984558
19	0.054264812723795575	0.9750000000317891	0.9232
20	0.051396666582425435	0.9769833333651224	0.9263
21	0.049040557877222696	0.97745	0.9297333333651224
22	0.04734055174986521	0.9784333333333334	0.9324833333333333
23	0.04614856414000193	0.9794166666666667	0.9338833333333333
24	0.04484016570250193	0.9801000000635783	0.9360166666666667
25	0.04309351568818092	0.9810833333969117	0.9367666666984558
26	0.04148992243607839	0.9817666666666667	0.9396166666666667
27	0.04024850647648175	0.9821666666984558	0.9414833333969116
28	0.03948275503714879	0.9821500000317891	0.9432333333651225
29	0.038297152936458585	0.9837000000635783	0.9428666666666666
30	0.036429428507884346	0.9841	0.9454666667302449
31	0.03674045973420143	0.9835333333651225	0.9461833333333334
32	0.03493030262788137	0.9852833333651225	0.9478166666984558
33	0.03477186497648557	0.9846333333969116	0.9480500000635783
34	0.03349199595203002	0.9860333333333333	0.9489833333333333
35	0.033310239948829014	0.9858333333969116	0.9493500000317892
36	0.03252338981032372	0.9864000000317892	0.9501833333333334
37	0.03169376488427321	0.9860500000635782	0.9522833333969116
38	0.03072670160929362	0.9868833333969116	0.9534333333651225
39	0.030897541177272798	0.9870666667302449	0.9531833333969116
40	0.029760965323944885	0.98735	0.9541166666984559
41	0.030102518053601184	0.9874333333333334	0.9531500000317892
42	0.028694397939244908	0.988116666730245	0.9554833333969116
43	0.02865670892596245	0.9880666666984558	0.9548500000317891
44	0.028363187889258068	0.98875	0.9550166666666666
45	0.027557411512732506	0.9888	0.9567666666666667
46	0.026920373164614042	0.9890166666666667	0.95695
47	0.027071144922574363	0.988566666730245	0.957366666730245
48	0.026811951541900636	0.9884833333969116	0.9582333333969116
49	0.02610880744655927	0.9894166666666667	0.9582833333333334
50	0.026752454382181167	0.9887333333651225	0.9575666667302449
51	0.025630480418602625	0.9891666666984558	0.9589333333333333
52	0.02469749907453855	0.9896500000635783	0.9613000000317892
53	0.024866908796628315	0.9900000000317891	0.9596833333651225
54	0.02490372415781021	0.9900666666666667	0.9605833333333333
55	0.023857786039511362	0.9906333333651225	0.9602833333333334
56	0.024127422044674555	0.9903500000317892	0.9606166666984558
57	0.0235600954691569	0.9905	0.962066666730245
58	0.02317282338043054	0.9907833333333333	0.9618
59	0.02315621637701988	0.9906333333969116	0.9636333333651225
60	0.023367334162195524	0.9909666666984558	0.9618833333333333
61	0.022258324174086252	0.9915833333969116	0.962016666730245
62	0.022875560955206552	0.9904333333969116	0.9638333333969116
63	0.02210512966910998	0.9915500000635783	0.9627
64	0.022350817226370175	0.9913166666666666	0.9630166666984558
65	0.021445302580793697	0.9915666666666667	0.9648500000317891
66	0.021446384142835936	0.9915000000635783	0.9640000000635783
67	0.02156796841621399	0.991466666730245	0.9642666666984558
68	0.02105248135526975	0.9917666666984558	0.9652333333969116
69	0.0204318426117301	0.9921166666666666	0.9653333333651225
70	0.020930898833771548	0.9918833333333333	0.9644500000317892
71	0.020330007299780847	0.9925500000635783	0.9651666666666666
72	0.019661906209091345	0.9928166666666667	0.9660166666984558
73	0.01968558295170466	0.992616666730245	0.9658833333651224
74	0.020240058455864587	0.9920833333333333	0.9657666667302449
75	0.01995131920178731	0.9922833333969117	0.966066666730245
76	0.019119307799617916	0.99305	0.9659166666666666
77	0.01968468900055935	0.9922833333333333	0.9673833333969116
78	0.0188490213205417	0.993	0.9674500000317892
79	0.019330421036481856	0.9926000000635783	0.96685
80	0.01877449397792419	0.9926666666666667	0.96825
81	0.018710363829135896	0.9930833333651224	0.9667166667302449
82	0.019267995991309485	0.9927500000635783	0.9670166666666666
83	0.0184584824492534	0.9930333333969116	0.9688166666984558
84	0.018554419465859732	0.9929000000635783	0.967266666730245
85	0.018631756063054006	0.9932666666666666	0.9668333333333333
86	0.018436558970312277	0.9931833333333333	0.967316666730245
87	0.017817542590697608	0.9936666666666667	0.9681333333651225
88	0.017806687158346175	0.993516666730245	0.9684000000635783
89	0.01746281576057275	0.99385	0.9688166666666667
90	0.017524419259031615	0.9936833333969116	0.9690166666666666
91	0.017691424294312794	0.993666666730245	0.9690500000317891
92	0.016761857318878175	0.9940666666984558	0.9698166666666667
93	0.017491128565371036	0.9936833333333334	0.9691000000635783
94	0.017801484287778536	0.99365	0.9690666666666666
95	0.017058575470745563	0.9938333333969116	0.9695666666984558
96	0.017415078980475663	0.9937333333333334	0.9694833333651225
97	0.016807096821069716	0.9940666666984558	0.9695166666666667
98	0.01670163293381532	0.99395	0.9696500000635783
99	0.01707571504910787	0.9940833333651224	0.9693333333651225
100	0.016758837096889814	0.9942833333333333	0.9698333333651225
101	0.016238754757245382	0.994366666730245	0.96935
102	0.01685938194791476	0.9941000000635782	0.9690833333969117
103	0.016581374169389408	0.9942	0.9694
104	0.016747341938565176	0.99425	0.9692000000635783
105	0.01643142092227936	0.9945833333969116	0.9687666667302449
106	0.01670522640347481	0.994166666730245	0.96865
107	0.01654634733920296	0.9941166666666666	0.9687500000317891
108	0.01660434924662113	0.9944500000635783	0.9689333333969116
109	0.016696306777000427	0.99465	0.9682166666666666
110	0.01704732145468394	0.994566666730245	0.9670500000635783
111	0.016887710251410802	0.9945500000317892	0.9672
112	0.016167150354385377	0.9944833333333334	0.9688333333651225
113	0.01663971987167994	0.994466666730245	0.9678833333651224
114	0.01619678095181783	0.99485	0.9686833333651225
115	0.016440599590539933	0.994616666730245	0.9681833333969116
116	0.016513956362505754	0.9945166666666667	0.9676000000317891
117	0.015983125576376916	0.9947333333969116	0.9678833333651224
118	0.015952455475429693	0.9946333333969116	0.9689166666666666
119	0.016535278138518333	0.9946333333969116	0.9666666667302449
120	0.016780601804951827	0.9944000000635783	0.9668833333651224
121	0.016018671269714832	0.99475	0.9676833333969116
122	0.016526054258768758	0.99445	0.9668333333651224
123	0.01631615261832873	0.9949166667302449	0.9668166666984558
124	0.01573217584192753	0.9953000000635783	0.9671833333969116
125	0.016039391364653904	0.9948500000635783	0.9665333333333334
126	0.015849619097510974	0.99495	0.9671166666666666
127	0.01596944912870725	0.9951833333969117	0.9659333333651224
128	0.015824226303895315	0.9951166667302449	0.9667333333651225
129	0.01626267964144548	0.9948166667302449	0.966366666730245
130	0.016311230862140657	0.9948666667302449	0.9664166666984558
131	0.016321802765130997	0.9951333333651224	0.9653500000635783
132	0.01648585987885793	0.9948333333333333	0.9655500000635783
133	0.015613256484270095	0.9952833333969117	0.9673833333333334
134	0.01598505308876435	0.9954333333333333	0.9666833333969116
135	0.01637327814300855	0.9947666666666667	0.9668666666666667
136	0.016041609502832094	0.9949833333333333	0.9654166666666667
137	0.016070896170039973	0.9952333333333333	0.9656666666666667
138	0.015845515592892965	0.9949833333969116	0.9666666667302449
139	0.015895010977983473	0.9950166667302449	0.96605
140	0.015765492810805637	0.9953	0.9655666666984558
141	0.01653505960603555	0.99475	0.9646333333333333
142	0.016330883181095122	0.9953000000317891	0.9644833333651225
143	0.015836964532236257	0.9952333333333333	0.9659000000635782
144	0.016109032368659973	0.9952000000317891	0.96445
145	0.015557962904373805	0.9953000000635783	0.9655000000317892
146	0.01597096844216188	0.9951833333333333	0.964166666730245
147	0.015862742823859056	0.99515	0.9644666666666667
148	0.016238288714488347	0.9952333333333333	0.96495
149	0.016087910922368366	0.9954166666666666	0.9634333333333334
150	0.016160270927349726	0.995266666730245	0.9636166667302449
151	0.016217112946510313	0.9952333333333333	0.9631500000635783
152	0.016199464013179142	0.995716666730245	0.96355
153	0.01635629513611396	0.9952833333333333	0.963416666730245
154	0.016100371607144674	0.9956833333969116	0.9637
155	0.015736049468318622	0.99565	0.96345
156	0.015315509215990702	0.9961333333969116	0.9634
157	0.015915562603871027	0.9952333333333333	0.9637500000317891
158	0.016170000144839287	0.995516666730245	0.963016666730245
159	0.015524108453343313	0.9956333333333334	0.9636333333969116
160	0.01592506877432267	0.9953166666666666	0.9625833333969116
161	0.015900484292954205	0.9954833333333334	0.9636500000635783
162	0.015707950765887897	0.9956833333333334	0.9634166666984558
163	0.015606899136304855	0.9957500000317892	0.9635
164	0.01564054262340069	0.9959333333333333	0.9625833333333333
165	0.016064942129453023	0.9955833333969116	0.9614500000317892
166	0.015988821265101434	0.9953166666666666	0.9635166666984558
167	0.016029572123289107	0.9958	0.9613333333969116
168	0.01610125880142053	0.9956166666666667	0.9619166666666666
169	0.01618235182935993	0.9953833333333333	0.9627
170	0.0158807344019413	0.9957666666666667	0.9625666667302449
171	0.015843292927742003	0.9956166666984558	0.9619666666984558
172	0.015800766924520333	0.99565	0.9622333333333334
173	0.016079677604635557	0.9959333333333333	0.9606833333969116
174	0.015902196403344473	0.9956500000635783	0.96115
175	0.015508000915249188	0.9958000000635783	0.9622000000635783
176	0.015744919208499294	0.9959166666666667	0.9617833333969116
177	0.015599617135028044	0.9958333333333333	0.9616666666984558
178	0.01575367719531059	0.9959166666666667	0.9622000000317892
179	0.015913500787814457	0.9957666666666667	0.9614333333651225
180	0.016372817725936573	0.9955000000635783	0.9603000000317892
181	0.01628548754453659	0.9958500000635783	0.9601666666666666
182	0.015717933309078218	0.995616666730245	0.9618333333651224
183	0.016318529010812443	0.9954666666666667	0.9605000000317891
184	0.016206136456131934	0.9957333333333334	0.96055
185	0.01586425279378891	0.9958333333651225	0.9597833333969116
186	0.015877682929237684	0.9959	0.9603166666666667
187	0.016167423222213984	0.9958666666666667	0.9595666667302449
188	0.01564783657193184	0.9961500000635782	0.961116666730245
189	0.01653027070860068	0.9960166666666667	0.9602166666666667
190	0.015580838171889384	0.9960666666666667	0.9606333333333333
191	0.016577355609834196	0.9955666666666667	0.9594666666984558
192	0.01597084977676471	0.9959000000635783	0.9589333333333333
193	0.01568739930589994	0.9960666666984558	0.9597833333969116
194	0.016200290660063427	0.9960166667302449	0.9583333333651225
195	0.016120615788300832	0.99585	0.9585166667302449
196	0.016157936729987464	0.99605	0.9589333333333333
197	0.016728385841846466	0.9958166666984558	0.9584666666666667
198	0.016072887432575227	0.996	0.9589166666666666
199	0.016189749922479194	0.9957666666666667	0.9588833333969117
200	0.016599969973166782	0.9958333333333333	0.9573333333651225
201	0.016011511373519898	0.99605	0.9592
202	0.016107701737682025	0.9962833333333333	0.9581833333651225
203	0.016104901605844497	0.9960166667302449	0.9585500000635783
204	0.01664431784550349	0.9956833333969116	0.9576666666984558
205	0.016450750005245207	0.9958833333969116	0.9576666666666667
206	0.016400033699969452	0.9958	0.9578666666984558
207	0.016197628992299238	0.9958	0.9583833333333334
208	0.016252815814316274	0.99585	0.9573833333969116
209	0.016318147912621497	0.9958166666666667	0.9576666666984558
210	0.016116053132216136	0.9958833333651225	0.9577333333333333
211	0.016188780116041503	0.9961333333333333	0.9569000000317891
212	0.016538018586610755	0.99605	0.956866666730245
213	0.016123011362552644	0.9959000000635783	0.9573166666984558
214	0.016253393118580182	0.9961500000635782	0.9573833333651225
215	0.01627183316598336	0.9963	0.9565500000635783
216	0.01641866528938214	0.99595	0.9564000000317892
217	0.015985026746988297	0.9964166666666666	0.9567666666666667
218	0.01647422435383002	0.9960666666666667	0.9558666666666666
219	0.016585658823077876	0.996	0.95645
220	0.016078321668505667	0.9962333333333333	0.9564166666984558
221	0.016056829769412678	0.9961333333969116	0.9568000000635782
222	0.016495840573807558	0.9956666666666667	0.9565000000317891
223	0.016696737307310104	0.9962333333969117	0.9553833333651225
224	0.016416706715275845	0.9959	0.9561833333651225
225	0.016642519755040604	0.9963	0.9556833333333333
226	0.01647270800669988	0.9965166666666667	0.9550166666666666
227	0.01602938256661097	0.9961	0.9565333333333333
228	0.01636207733054956	0.9962000000635783	0.9558333333969116
229	0.01618972354431947	0.996166666730245	0.9551166666666666
230	0.01690078852971395	0.9958166667302449	0.9538166666984558
231	0.016319557438294094	0.9961000000635782	0.954866666730245
232	0.016631807341178258	0.9960833333969116	0.9550833333333333
233	0.016517269518971443	0.9957833333333334	0.9551166666984559
234	0.01660014840364456	0.9958333333333333	0.9548833333969117
235	0.016584630664313833	0.99625	0.9542166666666667
236	0.01594231274028619	0.9965166666666667	0.9545666667302449
237	0.016819824598232905	0.9958833333333333	0.9545333333651225
238	0.016863026036818822	0.9960666666666667	0.9545166666666667
239	0.016576625142494836	0.9964666666666666	0.9528666666666666
240	0.016960939810673394	0.9959833333333333	0.953016666730245
241	0.016633562811215717	0.9962000000635783	0.9535833333333333
242	0.016932867264995974	0.9958833333333333	0.9538666666984558
243	0.016682707934081553	0.9962	0.9539
244	0.016441116801897686	0.9963333333333333	0.95415
245	0.01670537958542506	0.996	0.9527666666984558
246	0.016745227894186972	0.9961000000635782	0.9526500000317891
247	0.017192730115850766	0.9962333333333333	0.9525333333651225
248	0.017085868467887243	0.9958833333333333	0.9532333333651225
249	0.01648212139805158	0.9963500000635783	0.9539500000635783
250	0.016873339609305062	0.9959	0.9526833333333333
251	0.016358959847688676	0.996166666730245	0.9540166666984559
252	0.016812789687514304	0.9963500000635783	0.95285
253	0.016711913195997477	0.9957666666666667	0.9529666666666666
254	0.016675707079966864	0.9961333333333333	0.9527833333333333
255	0.01695711174607277	0.9960500000635782	0.9514
256	0.01744870692367355	0.9959833333333333	0.951366666730245
257	0.01703134205987056	0.9958166666666667	0.952266666730245
258	0.016637384700775148	0.99605	0.9522333333969116
259	0.017162619573871295	0.9961833333333333	0.951366666730245
260	0.017155184281865757	0.9961833333333333	0.9516
261	0.016791951926549274	0.9961500000635782	0.9511500000317892
262	0.017386541545639435	0.9958666666666667	0.9507500000317891
263	0.017185337079068025	0.9958666666666667	0.9515666666984558
264	0.017229517259914427	0.9960333333333333	0.9511333333969116
265	0.016912303560972213	0.9963166666666666	0.9511333333333334
266	0.017438280526796978	0.9962	0.9503333333333334
267	0.01709115606099367	0.9958333333333333	0.9509500000635783
268	0.017173446693023047	0.9959833333969116	0.9514
269	0.017901644383370878	0.99565	0.9497333333651224
270	0.016781803143024444	0.9961	0.951
271	0.016983589679996174	0.9962666666666666	0.9503666666666667
272	0.01765201596915722	0.9961666666666666	0.9494666667302449
273	0.017417868493000668	0.9961333333333333	0.9489666666984559
274	0.01718531318803628	0.9958333333333333	0.9510333333651225
275	0.017389124091466267	0.9963333333333333	0.9496
276	0.01762373567521572	0.9959333333333333	0.9495833333969116
277	0.01757638444006443	0.9961166667302449	0.9492333333333334
278	0.017110272710522016	0.9963	0.9504833333969116
279	0.01749656398296356	0.9956000000317892	0.9492500000635783
280	0.017504387258489927	0.9960833333333333	0.9490000000317892
281	0.01751509241509096	0.9959666666666667	0.9489500000635783
282	0.017311283883452416	0.9961	0.9495166666984558
283	0.01746897282898426	0.9960833333333333	0.9496500000635782
284	0.017061726687351862	0.9965166666666667	0.9484166667302449
285	0.017391037789980572	0.9960000000635783	0.9491333333651225
286	0.017535327953100203	0.9958166666666667	0.9477
287	0.017388566104571023	0.9961000000635782	0.9492
288	0.017687257039546968	0.9961	0.948316666730245
289	0.01785367463827133	0.9960333333969116	0.9474500000635783
290	0.017856757352749508	0.9958833333333333	0.9474333333651225
291	0.017481546755631766	0.9961333333333333	0.9494666666666667
292	0.017392344224452974	0.9961833333651224	0.9478666666666666
293	0.017694222315152486	0.9961333333333333	0.9465833333969116
294	0.01716093704501788	0.996316666730245	0.948966666730245
295	0.017453851687908174	0.9962666666666666	0.9477833333651224
296	0.017448038584490618	0.99645	0.947266666730245
297	0.017563273870944977	0.9960333333333333	0.9478166666666666
298	0.017896582542608182	0.9959333333333333	0.948266666730245
299	0.01735103839635849	0.9962500000317891	0.9474166667302449
300	0.0179287702302138	0.9962166666984558	0.9464666666984558
301	0.018388757544755937	0.9957666666666667	0.9458333333651224
302	0.017974144858370223	0.9961666666666666	0.9463833333333334
303	0.018044602386156718	0.9959666666666667	0.9470500000317892
304	0.018281898733973505	0.99595	0.9465166667302449
305	0.01812477352420489	0.9961333333333333	0.945966666730245
306	0.01759710368712743	0.9964666666666666	0.9469
307	0.01816831133365631	0.9962500000635783	0.9458500000317891
308	0.018137852990627288	0.9962333333333333	0.9451500000635783
309	0.018181876357396445	0.9961833333969117	0.9458666666984558
310	0.018461710808922848	0.9959833333333333	0.9455833333651225
311	0.017923745620250703	0.9960833333333333	0.9455500000317891
312	0.018240451198816298	0.9963500000635783	0.9464666666666667
313	0.01785369954109192	0.9959666667302449	0.9459833333651225
314	0.017997301047543685	0.9959666666666667	0.9462500000317892
315	0.017931635648012163	0.9964833333333334	0.9444833333333333
316	0.018714054322242737	0.9960333333333333	0.9447833333333333
317	0.018254650243123373	0.9959833333333333	0.9435166667302449
318	0.01759708784520626	0.99625	0.9465500000635783
319	0.017851762667298317	0.9964166666666666	0.9454666666666667
320	0.018476692831516265	0.9959000000635783	0.9447
321	0.01811820820172628	0.9965	0.9436833333969116
322	0.01845194165011247	0.9960166666666667	0.9436666667302449
323	0.018233333696921667	0.9963000000635783	0.9444833333651225
324	0.0182592866341273	0.9962166666666666	0.9437500000635783
325	0.018642443650960922	0.9960333333969116	0.94395
326	0.017932805810372036	0.9962333333651224	0.9444333333333333
327	0.01805174557765325	0.9960166666666667	0.9453166666984558
328	0.018353831685582796	0.996566666730245	0.9434500000317891
329	0.018378903503219288	0.9958833333969116	0.9434833333969116
330	0.01858621350725492	0.9961333333333333	0.943
331	0.018188103543718658	0.9965666666666667	0.942866666730245
332	0.01839407387872537	0.9962	0.9437500000635783
333	0.01843443220804135	0.99595	0.9423666666984558
334	0.018801909185449283	0.99595	0.943216666730245
335	0.018058440462499856	0.9962333333333333	0.9439333333651225
336	0.01834578191637993	0.9960500000635782	0.9437333333333333
337	0.01857455454270045	0.9954833333651225	0.9441333333333334
338	0.018554363679885864	0.996	0.94245
339	0.01852610909938812	0.99625	0.9423666666666667
340	0.018358532905578612	0.9963333333333333	0.9426333333969116
341	0.01847722362279892	0.99635	0.9422833333651225
342	0.018801224162677925	0.9956833333333334	0.9424833333333333
343	0.018343402999639512	0.9962166666666666	0.9430000000317892
344	0.018723320332417887	0.996	0.9414500000635783
345	0.019086536875118812	0.9957666666666667	0.942016666730245
346	0.018523574755092462	0.9959333333333333	0.9419333333969117
347	0.018912952119112016	0.9959333333333333	0.9411333333333334
348	0.01894111621379852	0.9959333333333333	0.9420000000635783
349	0.018973935647805532	0.9960166666984558	0.9414500000317891
350	0.01870040632883708	0.9961666666666666	0.9414333333333333
351	0.018691784467299778	0.9961333333969116	0.9414166667302449
352	0.019006551512082418	0.99585	0.9417166667302449
353	0.0188710086752971	0.99605	0.9412333333969116
354	0.018910474680860836	0.9963666666666666	0.9406333333333333
355	0.019058560429513455	0.9960333333333333	0.9398
356	0.018431789391239486	0.9961166666666667	0.9417500000635783
357	0.019224757519364356	0.9958166666666667	0.9398333333651224
358	0.019117260340849557	0.9957666667302449	0.9408166666984558
359	0.01889838199218114	0.9961000000635782	0.9403166666666667
360	0.019225250365336736	0.9958166666666667	0.9408000000635783
361	0.01884872342646122	0.9961166666666667	0.9408833333969117
362	0.019084004245201746	0.9960166666666667	0.9396333333969116
363	0.01895128748913606	0.9962333333333333	0.9393333333333334
364	0.019142711381117502	0.9959833333651225	0.9397
365	0.0187231825341781	0.9961166666666667	0.940966666730245
366	0.019313789776961007	0.9960833333651224	0.9394833333651225
367	0.019497617956002553	0.9955833333333334	0.9391000000317892
368	0.01870095559855302	0.9963166666666666	0.9402000000317892
369	0.01887988080183665	0.9964000000635783	0.9390833333969116
370	0.019278641591469445	0.9961166666666667	0.9397333333651224
371	0.01911187853415807	0.9960333333333333	0.9387333333333333
372	0.019110169589519502	0.9961666666666666	0.9394000000317891
373	0.019164021854599318	0.9964833333969116	0.9395500000635783
374	0.019049398696422578	0.9961166666666667	0.9392833333969116
375	0.019066432361801465	0.9960833333333333	0.9384666666666667
376	0.019118685813744863	0.9963000000635783	0.9388500000635783
377	0.019213588250676792	0.9961833333333333	0.9394666666666667
378	0.01970566689968109	0.9959333333333333	0.9374000000635783
379	0.019653035825490953	0.9958833333969116	0.9372333333969116
380	0.019249522560834884	0.9959333333969116	0.9391166666666667
381	0.019274556231498718	0.9962666666666666	0.9384000000635783
382	0.019361326344807944	0.9962833333651224	0.9371000000317892
383	0.019222080701589584	0.9960500000635782	0.9370500000635783
384	0.01974371967415015	0.9961833333333333	0.9378000000317891
385	0.018874572583039602	0.9962833333969117	0.9383166666666667
386	0.019065681678056716	0.9963	0.938216666730245
387	0.01960845018128554	0.9960333333333333	0.93715
388	0.019263296650350092	0.9961833333969117	0.937816666730245
389	0.019534305274486543	0.99615	0.9365833333333333
390	0.01979823002020518	0.9962333333969117	0.9368666666984559
391	0.020150883181889852	0.9957833333333334	0.935816666730245
392	0.019324784990151722	0.9963333333333333	0.9371166666984558
393	0.01957521423796813	0.9959666666666667	0.937166666730245
394	0.01947490709622701	0.99625	0.93675
395	0.019607918298244476	0.9964	0.9353166666666667
396	0.019229013069470724	0.9959166666984558	0.9368333333969117
397	0.01945849135220051	0.9959333333333333	0.9364166667302449
398	0.0196706880808187	0.99625	0.9349833333333334
399	0.019869911698500314	0.996366666730245	0.9363833333969116
400	0.019949757161736487	0.9959166666666667	0.9360666666666667
401	0.019768148523569107	0.9958333333651225	0.9360500000635783
402	0.019791721536715826	0.9960666666666667	0.9357333333333333
403	0.019212473516662915	0.9961	0.9364500000635783
404	0.019727797945340474	0.9959500000635783	0.9350166666984558
405	0.019973977037270864	0.9960166666666667	0.934166666730245
406	0.020160342315832774	0.9959500000317891	0.9357000000635783
407	0.019920637544989586	0.99595	0.9345166667302449
408	0.019734024770061174	0.9963666666666666	0.9343
409	0.01948931014537811	0.9962000000635783	0.9361666666666667
410	0.019766502225399017	0.9963000000635783	0.9338833333333333
411	0.01996397017116348	0.99605	0.9348
412	0.019594609885414442	0.9959333333969116	0.9358833333333333
413	0.019612981098890304	0.9961500000635782	0.9350666666666667
414	0.01990012084444364	0.9960833333333333	0.9347333333333333
415	0.02016644473473231	0.9959166667302449	0.9337
416	0.019920390019814174	0.9961	0.9344500000635783
417	0.02037555543879668	0.9959166666666667	0.9339000000635783
418	0.02006456336428722	0.9961333333333333	0.9339666666984558
419	0.020041034152110417	0.9964000000635783	0.93485
420	0.019796006324887275	0.9962833333333333	0.9338666666984559
421	0.01986797657708327	0.9960000000635783	0.9335166666984558
422	0.01964388281305631	0.996416666730245	0.9343666667302449
423	0.019515999988714852	0.9962000000317891	0.9345666666666667
424	0.019886167864501477	0.99585	0.9338166666666666
425	0.019639429918924967	0.9964833333969116	0.9348333333969117
426	0.019846733047564825	0.996	0.9349500000317892
427	0.020186780744791032	0.9957166666666667	0.9332833333333334
428	0.020128550011912983	0.9961166666666667	0.9333500000635783
429	0.020154087543487548	0.9961	0.9332833333969116
430	0.020002090841531754	0.9960500000635782	0.9329666666984558
431	0.01981995841562748	0.99585	0.9347000000635783
432	0.020445837013920148	0.9961166666666667	0.9335666666984558
433	0.020359015280008316	0.99575	0.933116666730245
434	0.019930007893840473	0.9963	0.9328666666666666
435	0.02030496520002683	0.9956333333333334	0.9334833333333333
436	0.020271899369359015	0.9957833333333334	0.9329333333651225
437	0.02022045912742615	0.9960833333333333	0.9338000000317891
438	0.019881078970432283	0.9961833333333333	0.9333166666666667
439	0.019835692465802034	0.9963166666666666	0.9315833333651224
440	0.020324689610799154	0.9959833333333333	0.9335833333333333
441	0.020398581543564796	0.99595	0.9317166666666666
442	0.019780237595240276	0.9960500000635782	0.9316833333651224
443	0.019692895861466726	0.996266666730245	0.933666666730245
444	0.020460659289360045	0.9960333333333333	0.9311833333333334
445	0.02041795946955681	0.9959166667302449	0.9311000000635783
446	0.019855113873879116	0.99605	0.9324000000317891
447	0.020383395955959956	0.9959666666666667	0.9319666666666667
448	0.020209578185280165	0.9958000000635783	0.9320833333333334
449	0.020576254661381244	0.9957333333333334	0.9311333333969116
450	0.020629120975732804	0.99595	0.9305000000635782
451	0.020093837292989095	0.9962	0.9326666666666666
452	0.020917831262946128	0.9957666667302449	0.9314500000635783
453	0.020318082790573438	0.9957666666666667	0.931716666730245
454	0.020337834958483774	0.9959333333333333	0.93155
455	0.020067364593346914	0.9958833333333333	0.9318000000635783
456	0.02032516835828622	0.9962166666666666	0.9311666666984558
457	0.020807556012272833	0.9956666666666667	0.9296833333333333
458	0.020613203061620393	0.9958833333333333	0.931166666730245
459	0.020829506955544155	0.9957	0.9303000000635783
460	0.02044350028783083	0.9958833333333333	0.9305166666984558
461	0.020398542626698813	0.9960666666666667	0.9313833333333333
462	0.020258655999104182	0.996166666730245	0.931766666730245
463	0.02040575393140316	0.9962500000635783	0.9305500000635782
464	0.020779302177826562	0.9959333333969116	0.9296833333651224
465	0.020603348554174106	0.99565	0.9306333333969116
466	0.02046958799858888	0.9958000000635783	0.9309666666666667
467	0.02048409485022227	0.9956833333969116	0.9302500000635783
468	0.02015940626660983	0.9958166666666667	0.9311
469	0.020532898018757503	0.996	0.9294166666984558
470	0.0205061969379584	0.9958666667302449	0.930916666730245
471	0.020315714707970618	0.9965166666666667	0.9299000000635783
472	0.020006213214993476	0.9963166666666666	0.930916666730245
473	0.020564882707595825	0.9959333333333333	0.9302666666666667
474	0.02047833881576856	0.9957833333333334	0.9304666666984558
475	0.020554818083842595	0.99605	0.9290333333969116
476	0.020906349172194798	0.9955833333333334	0.9304500000317891
477	0.0211876100619634	0.9958166666666667	0.9291500000317892
478	0.020593258639176687	0.9957333333333334	0.9295333333969116
479	0.020514099017779033	0.9958833333333333	0.9304666666666667
480	0.02033592956289649	0.996	0.9306166667302449
481	0.020603818002343177	0.9957833333969116	0.9283833333969116
482	0.020561879167954128	0.9959833333333333	0.9287000000317891
483	0.0204842822154363	0.9959833333333333	0.9307
484	0.02094266221721967	0.9958	0.9297666666984558
485	0.02087076386511326	0.99575	0.9286666666984558
486	0.02084973333775997	0.9959833333969116	0.9279000000317892
487	0.02060302054286003	0.9959333333333333	0.9273
488	0.021320655751228334	0.9955500000317892	0.9284166666984558
489	0.020079672463734946	0.9963333333333333	0.9286333333969117
490	0.02039434580306212	0.9958333333333333	0.9286333333651224
491	0.021022834533452987	0.9959	0.9284166666984558
492	0.020696986724436282	0.9961333333333333	0.9280666666984558
493	0.020985563907027244	0.99585	0.9280666666984558
494	0.020866514590382575	0.9962333333969117	0.9274166667302449
495	0.020479262138158084	0.99615	0.9285000000317891
496	0.020377455281217892	0.99625	0.9279500000635783
497	0.020222871271769204	0.99615	0.9286166666666666
498	0.020762611015637717	0.99555	0.9284833333969116
499	0.020941227051615715	0.9955666666666667	0.92785
500	0.02064755083024502	0.9960666667302449	0.9283166666666667
501	0.02068025935689608	0.9955500000635783	0.9281833333333334
502	0.02047395593424638	0.9959	0.92805
503	0.020320769151796897	0.9963666666666666	0.9278833333651225
504	0.020489246403674284	0.996	0.9288166666984559
505	0.02065683618436257	0.9957666666666667	0.9278833333651225
506	0.02028533888111512	0.9962333333333333	0.928666666730245
507	0.0208276329378287	0.9958	0.9276166666984558
508	0.02086867909928163	0.99565	0.9273000000635783
509	0.02059413886765639	0.9959333333333333	0.9273666666666667
510	0.021233816589911778	0.9958333333651225	0.9266500000635783
511	0.020617900110284488	0.9959166666666667	0.9274000000317891
512	0.02082054571310679	0.9958333333333333	0.9274833333333333
513	0.020585079057017962	0.996	0.9277666666984558
514	0.020645404710372288	0.9958666667302449	0.9281000000635783
515	0.020166359506050745	0.9961666666666666	0.9276166666666666
516	0.020808819258213044	0.9959333333651225	0.9266000000635782
517	0.02091772517164548	0.9962333333333333	0.9252833333651225
518	0.021020593972007433	0.9956666666666667	0.927166666730245
519	0.020834325036406517	0.9960666667302449	0.9261
520	0.020111063967148464	0.9962166666666666	0.9281833333969116
521	0.020855136232574782	0.9961666666666666	0.9270333333969116
522	0.02070370767811934	0.9962833333333333	0.926766666730245
523	0.020424630722403525	0.9960333333333333	0.9270000000635783
524	0.020794473590453465	0.996216666730245	0.9266833333333333
525	0.02107340194384257	0.9955500000317892	0.9264166666666667
526	0.020971948568026224	0.9959333333333333	0.9265333333969116
527	0.0213321738054355	0.9959666666666667	0.9248166666666666
528	0.02056748793621858	0.9963	0.9255166666984558
529	0.02061830211331447	0.9958666666666667	0.9268333333333333
530	0.020765569906433422	0.99605	0.9256166666984558
531	0.020388581585884094	0.9961333333333333	0.9265166667302449
532	0.021063970200220744	0.9957833333969116	0.9244666666984558
533	0.020785733286539713	0.9956833333333334	0.9262500000317891
534	0.020712691180904706	0.9959166667302449	0.9267833333969117
535	0.020760524156689643	0.9958	0.9264666666666667
536	0.020957158610224725	0.9957666666666667	0.9252666666984558
537	0.02084510773718357	0.9960666666666667	0.9256500000635783
538	0.021176363102595012	0.9958166667302449	0.9250333333969116
539	0.021045846897363663	0.9959166666666667	0.9254833333651225
540	0.020987127465009688	0.9958500000635783	0.9253833333651225
541	0.020877053991953533	0.9959166666666667	0.9257833333969117
542	0.02093539201815923	0.996166666730245	0.9251833333333334
543	0.020606120549639066	0.9961500000635782	0.9252166666984558
544	0.020621877735853195	0.9959666666666667	0.9263333333333333
545	0.021329715540260075	0.9960333333333333	0.9242666666984558
546	0.02100895741681258	0.9959833333969116	0.9255666666984558
547	0.02066776389380296	0.9959333333333333	0.9256500000317891
548	0.021158929816881816	0.99595	0.9245
549	0.0205800512333711	0.9960333333333333	0.9260666666984558
550	0.02055477517147859	0.99595	0.9258666666984559
551	0.020750383337338765	0.9960000000635783	0.9246833333333333
552	0.020989382645487786	0.9958833333333333	0.9249000000317892
553	0.02051477511326472	0.9961166666666667	0.9254
554	0.021134682930509248	0.995716666730245	0.9241833333333334
555	0.0208680127988259	0.99585	0.9245166667302449
556	0.02115430045624574	0.9959	0.9243166667302449
557	0.020459902336200077	0.9960500000635782	0.9261500000635783
558	0.020774992499748866	0.995716666730245	0.9245
559	0.020956066809097926	0.9962000000317891	0.9241500000317892
560	0.02064079439640045	0.9965	0.9252166666666667
561	0.020806789049506186	0.9958	0.9246000000317891
562	0.0205204593171676	0.99615	0.9257
563	0.020600806772708893	0.9957666667302449	0.924016666730245
564	0.021235246309638023	0.9960333333333333	0.92395
565	0.020822597499688466	0.9955333333333334	0.9253666667302449
566	0.020567539805173875	0.9961500000317891	0.9253833333969116
567	0.020603493614991506	0.9960833333333333	0.9249833333333334
568	0.020810150159398716	0.996	0.9235166666666667
569	0.02080392402013143	0.9960166666666667	0.9254833333969116
570	0.021317091375092665	0.99575	0.9235666667302449
571	0.020997348751624425	0.9958000000635783	0.9243166666984558
572	0.02107729489803314	0.9961166667302449	0.92415
573	0.02062711897989114	0.9958833333333333	0.923766666730245
574	0.02038661707043648	0.9964	0.9243333333333333
575	0.020817390332122643	0.99595	0.9246500000317891
576	0.020958191913366318	0.9959	0.9242500000317891
577	0.020931633028388023	0.9958333333333333	0.9234500000635782
578	0.02115602018237114	0.9958666666666667	0.9240000000317892
579	0.020988654086490473	0.9959833333333333	0.9232500000317891
580	0.02070829790532589	0.9960666667302449	0.9236333333651224
581	0.02080606857140859	0.9958333333651225	0.92415
582	0.020772310123840967	0.9959833333333333	0.9241166666666667
583	0.02154101895689964	0.9962666666984558	0.92295
584	0.02103397903939088	0.9958833333969116	0.923966666730245
585	0.020883061224222184	0.99605	0.9244833333333333
586	0.020668272799253463	0.9961000000317891	0.9237500000635783
587	0.020803438929716745	0.9960000000635783	0.9235166666666667
588	0.021124055362741152	0.9958833333969116	0.9232166667302449
589	0.021277692806720733	0.9957	0.9225333333651224
590	0.020677881838877997	0.9959166666984558	0.9236666666666666
591	0.020588069251179696	0.9959166667302449	0.9242333333651225
592	0.02128231008251508	0.9960666666666667	0.92355
593	0.02082871213754018	0.9961	0.9232833333333333
594	0.02068331349690755	0.9962333333333333	0.9226
595	0.021580641023317974	0.9956166666666667	0.92175
596	0.021133539419372876	0.9959166666666667	0.9225000000635782
597	0.021119884723424912	0.9961666666666666	0.9223333333333333
598	0.021135379468401272	0.99605	0.9219833333969116
599	0.02103748418390751	0.9959666666666667	0.9233333333969116
600	0.020620824631055197	0.9959	0.9228166666666666
601	0.021294100026289623	0.9959333333969116	0.9221000000317892
602	0.020790744623541833	0.9957833333333334	0.9239333333333334
603	0.020642941466967265	0.99585	0.9240666666984558
604	0.021449746064345042	0.9959166666666667	0.9236166666666666
605	0.020984833920995396	0.9959833333333333	0.9222500000635783
606	0.021319739737113316	0.9959833333969116	0.9211500000635783
607	0.020817002019286157	0.9960833333333333	0.9227833333969117
608	0.02098464306394259	0.9957000000317892	0.9221333333333334
609	0.021440987079342208	0.9957666666666667	0.9206833333969117
610	0.020833216991027196	0.9959500000635783	0.9230166666984558
611	0.021261852593223253	0.9959166666666667	0.9214833333333333
612	0.021651347082356612	0.9958166666666667	0.9216833333333333
613	0.021177956840395928	0.9957500000635783	0.923816666730245
614	0.02122527234951655	0.9962333333969117	0.9221833333651225
615	0.021461167816321056	0.9955333333333334	0.9211666667302449
616	0.02131951150546471	0.9957333333333334	0.9211666666666667
617	0.02083318234582742	0.9963	0.9211333333651225
618	0.021299065495530765	0.9959666667302449	0.920766666730245
619	0.02091645641922951	0.9957333333333334	0.9233333333651225
620	0.020650008331735928	0.9961333333333333	0.9222000000317891
621	0.020843640636404356	0.996	0.920916666730245
622	0.021140252391497295	0.9959666666666667	0.9219333333333334
623	0.021315683203935624	0.9962500000635783	0.9210833333333334
624	0.021420614769061406	0.9958166666666667	0.9208833333651225
625	0.021288161166508994	0.9959166666666667	0.9211
626	0.020869700503349305	0.9960333333333333	0.9222
627	0.021715393459796905	0.9958000000635783	0.9218500000317892
628	0.02131715013285478	0.9957500000635783	0.9226833333333333
629	0.020546658247709276	0.99625	0.9216666666984558
630	0.0214488186498483	0.9960833333969116	0.92125
631	0.021404171450932822	0.9960333333969116	0.9204833333333333
632	0.020853216004371643	0.9961000000635782	0.9214666667302449
633	0.021249971584479013	0.9960333333651225	0.9212500000635783
634	0.02103148032228152	0.9956833333333334	0.9218333333969116
635	0.021014639610052108	0.99615	0.9214833333651224
636	0.021857555687427522	0.9955333333333334	0.9201833333651225
637	0.021243473841746647	0.9959333333969116	0.9213833333969116
638	0.02101620864868164	0.9959333333969116	0.9209833333969116
639	0.020958118084073066	0.9958333333333333	0.92115
640	0.02114793100953102	0.9957500000635783	0.9214000000317891
641	0.02120758540928364	0.99575	0.9205833333333333
642	0.021406389035781223	0.9958333333969116	0.9206833333969117
643	0.020748130483428637	0.9959166666666667	0.92185
644	0.02114888801574707	0.9960833333969116	0.9210166666666667
645	0.02119016691595316	0.9957	0.9217833333333333
646	0.02192629299958547	0.9955500000635783	0.9193333333333333
647	0.021081477898359298	0.9961833333333333	0.9214166666666667
648	0.021254129260778427	0.9960666666666667	0.9208333333333333
649	0.02118843504389127	0.9961	0.9193166666984558
650	0.020998003524541856	0.9962000000317891	0.9200166666666667
651	0.02131070715089639	0.9958	0.9203166666666667
652	0.021240418076515197	0.9957000000635783	0.9205000000635782
653	0.021034731628497443	0.9962500000635783	0.9198333333651225
654	0.021241816492875418	0.9959333333333333	0.9199333333969116
655	0.021290081681807835	0.9957166666666667	0.9217833333333333
656	0.021192763742804526	0.9958	0.9205500000635782
657	0.021453343564271928	0.99575	0.9194500000317891
658	0.02140482017795245	0.9956166666666667	0.9209333333969116
659	0.02149975805679957	0.9960333333333333	0.9187833333333333
660	0.020913094048202036	0.9962666666666666	0.9194
661	0.020975510758161543	0.9960333333333333	0.92055
662	0.021263020565112433	0.9961500000635782	0.9199333333651225
663	0.021210676930348078	0.9958666666666667	0.9197166666984559
664	0.021303609372178713	0.9958500000635783	0.9193666666666667
665	0.021356537383794786	0.99625	0.9186333333969117
666	0.02117787453432878	0.9957666666666667	0.9210833333333334
667	0.0216084873025616	0.99605	0.9194500000317891
668	0.021326628350218136	0.9957666666666667	0.9207000000317891
669	0.021025096050898234	0.9959166667302449	0.9205000000317891
670	0.02148910560409228	0.995716666730245	0.9198333333651225
671	0.020943894400199253	0.99585	0.919916666730245
672	0.02183365714152654	0.9955166666666667	0.91825
673	0.021284498035907744	0.9956500000635783	0.9193500000317891
674	0.021090997193257015	0.9961	0.9193333333333333
675	0.02171881582538287	0.9956833333333334	0.91915
676	0.02076217246055603	0.9963166666666666	0.9194666666666667
677	0.021247086840867995	0.9960000000317891	0.9195
678	0.02152232748369376	0.9960333333333333	0.9178833333969116
679	0.021132420123616855	0.9961666666666666	0.9190666666984558
680	0.021570557463169097	0.9958333333333333	0.91945
681	0.021952801202734313	0.995716666730245	0.9170500000317892
682	0.021167853643496833	0.9961166667302449	0.9184833333333333
683	0.020753045306603112	0.99625	0.9200833333651225
684	0.02117268753449122	0.99575	0.9190333333969116
685	0.021006165688236555	0.9961833333333333	0.9209500000635783
686	0.021744742741187414	0.99585	0.9184166667302449
687	0.02098565034866333	0.99605	0.9186833333969117
688	0.02097989631195863	0.9960166667302449	0.9202
689	0.021483912402391434	0.99595	0.918116666730245
690	0.021628662279744942	0.9958	0.9189500000317892
691	0.021516863313068946	0.99595	0.9196000000635783
692	0.02101405203839143	0.9962	0.9191333333333334
693	0.021410363655289016	0.9959333333333333	0.9185500000635783
694	0.02123558042347431	0.9960333333333333	0.9193333333333333
695	0.02092664747138818	0.9961166666666667	0.9191000000317892
696	0.021775177932778993	0.9957	0.9179833333333334
697	0.0217739530702432	0.9958166666666667	0.9182500000635783
698	0.021732071549693744	0.9958166666666667	0.9164333333969116
699	0.02166155606309573	0.99625	0.9182333333651225
700	0.02135495075384776	0.9957333333333334	0.9183500000635783
701	0.02145691579381625	0.9959166666666667	0.9179666666666667
702	0.021676203316450118	0.99595	0.9182666666666667
703	0.02172793737053871	0.9961833333969117	0.9177333333969117
704	0.02092631946802139	0.996166666730245	0.9190333333969116
705	0.021292525865634283	0.9959166667302449	0.92005
706	0.02145859798590342	0.9961333333969116	0.9175833333651224
707	0.021592160068949064	0.9959666666666667	0.9175166666666666
708	0.0215939274340868	0.9960666666666667	0.9186833333333333
709	0.021365392007430394	0.996	0.9173333333651225
710	0.021309569801886877	0.996166666730245	0.9169000000317892
711	0.02233922965725263	0.9954500000635783	0.9171333333969116
712	0.021859565977255503	0.9959666666666667	0.9165000000317891
713	0.021838436830043793	0.9958666666666667	0.9173833333651225
714	0.02156650806168715	0.9959	0.9185666666984558
715	0.0216389362603426	0.996166666730245	0.9168333333651225
716	0.021057804169257482	0.9959333333969116	0.9178833333969116
717	0.02121066040893396	0.996	0.9191000000635783
718	0.021876175358891487	0.9957333333333334	0.9171666666666667
719	0.02113131171365579	0.9958333333333333	0.9171666667302449
720	0.021615730026364327	0.9957833333969116	0.9172500000317891
721	0.021512752670049668	0.9957500000635783	0.9174333333333333
722	0.02143097157975038	0.99575	0.9188
723	0.021665011052290597	0.9957833333333334	0.9182666667302449
724	0.021475534585118295	0.9961166666666667	0.9173333333333333
725	0.021026376355687777	0.9959666667302449	0.9184333333969116
726	0.021296174408992133	0.9960500000635782	0.9174500000317891
727	0.02197356323848168	0.9960166666666667	0.9156
728	0.021251487032572427	0.9960333333651225	0.9164666666666667
729	0.021914311587810518	0.9953500000635783	0.9169833333969116
730	0.021521548236409824	0.996	0.9168666666666667
731	0.021290052850047748	0.9960666666666667	0.91615
732	0.021451627592245736	0.996166666730245	0.9179833333333334
733	0.021525188656648	0.9959666667302449	0.9174833333333333
734	0.021873134659727414	0.9960833333333333	0.9166000000635783
735	0.021570688412586848	0.9960833333333333	0.9171500000635783
736	0.021738011180361113	0.9959166666666667	0.9164333333333333
737	0.020931865217288334	0.99575	0.9174666666984558
738	0.021599878138303757	0.9958166666666667	0.917866666730245
739	0.021806362146139145	0.9955833333333334	0.9171500000317891
740	0.021981070297956467	0.9957000000635783	0.9163333333651225
741	0.02235916841030121	0.9958833333969116	0.9156833333333333
742	0.021327530878782273	0.996166666730245	0.9174166666666667
743	0.022030181474486987	0.9958666667302449	0.9171833333969116
744	0.021269165310263634	0.99595	0.9178666666984558
745	0.021888547284404435	0.9957	0.9158333333969116
746	0.021724706220626833	0.9957166666666667	0.9169000000317892
747	0.022059884574015934	0.9957166666666667	0.9171333333651225
748	0.02127960827300946	0.9956333333333334	0.9171666667302449
749	0.02246411326477925	0.9957	0.9156000000317891
750	0.022274202018976213	0.9958166667302449	0.9153666667302449
751	0.02132634645998478	0.99585	0.9178333333333333
752	0.021271119558811186	0.9960666666666667	0.9175166667302449
753	0.021273986834287644	0.9959333333333333	0.9167333333333333
754	0.02155598573287328	0.9960333333333333	0.9157166666984559
755	0.02155551618138949	0.9961166666666667	0.9144000000635782
756	0.02179427381157875	0.9963833333333333	0.9155
757	0.022096619363625843	0.9959333333969116	0.9150166666984558
758	0.021378267485896746	0.996	0.9155666666666666
759	0.021526465249061585	0.9958333333969116	0.9167500000635783
760	0.021399423431356746	0.99585	0.9161833333333333
761	0.022116077115138372	0.9956666666666667	0.9154833333969116
762	0.02191163727740447	0.9960166667302449	0.9159500000635783
763	0.02195184850394726	0.9958833333333333	0.9155000000317891
764	0.021805175691843034	0.99575	0.9179000000635783
765	0.02165154290695985	0.9956333333333334	0.915616666730245
766	0.021684920580188432	0.9958	0.9153000000317891
767	0.022286162440975508	0.99555	0.9143666667302449
768	0.021925676288207373	0.99595	0.9145833333651224
769	0.02180796131292979	0.996	0.9164500000317891
770	0.02192480736176173	0.9961166666666667	0.9142333333969116
771	0.02200388493736585	0.9961666666984558	0.9134000000635782
772	0.021939204686880112	0.9958833333333333	0.91465
773	0.02188430784344673	0.9958833333333333	0.9144833333969116
774	0.021904501314957938	0.9961666666666666	0.9155333333333333
775	0.022325231619675954	0.9956333333333334	0.9144500000317891
776	0.02191872420310974	0.996	0.9144000000317891
777	0.02182865487039089	0.9960000000635783	0.9142166666666667
778	0.022177806395292283	0.9959666667302449	0.91535
779	0.021982936350504557	0.9958166667302449	0.9158833333333334
780	0.02214757921497027	0.9958000000317891	0.9154166667302449
781	0.02224182507991791	0.9956500000635783	0.91505
782	0.021927515898148217	0.9960333333333333	0.914916666730245
783	0.02188670825958252	0.9958500000635783	0.9153666666984558
784	0.02246299524406592	0.9958166666666667	0.914
785	0.021728557707866032	0.9959666666666667	0.9134333333333333
786	0.022087079737583795	0.99585	0.9139000000317892
787	0.022031117298205692	0.9959666666666667	0.9142500000317891
788	0.021914972362915675	0.9958166666666667	0.9146333333333333
789	0.02191335743665695	0.99595	0.9148833333969116
790	0.02267048961718877	0.9954666666984558	0.9139
791	0.021852369342247643	0.9960333333333333	0.914516666730245
792	0.021900398731231688	0.9961166666666667	0.9153500000317891
793	0.022361105436086656	0.9961833333333333	0.9129166666984558
794	0.02195422059893608	0.996	0.9138500000317892
795	0.02230300184885661	0.99575	0.9141166666984558
796	0.021857674237092336	0.9957500000317892	0.915616666730245
797	0.022373356462518375	0.99585	0.9132166666666667
798	0.021827277640501658	0.9957000000317892	0.91485
799	0.02178839495877425	0.9960333333333333	0.9150333333969116
800	0.021994749116897583	0.9959333333969116	0.9136333333333333
801	0.02245270479420821	0.9955166666666667	0.9136833333333333
802	0.02201761302749316	0.9957833333969116	0.9151166667302449
803	0.022278551811973253	0.9958000000635783	0.9151
804	0.02204676747719447	0.9956833333333334	0.9145833333651224
805	0.02194551446735859	0.9959500000635783	0.9138833333333334
806	0.022100919338067373	0.9959500000635783	0.9144333333969116
807	0.02281494788924853	0.9956333333333334	0.9127333333969117
808	0.021927763504783312	0.9959	0.914766666730245
809	0.021961488073070846	0.996216666730245	0.9137333333969117
810	0.022073976403474808	0.9960833333333333	0.9139833333333334
811	0.02267427543203036	0.9957000000317892	0.9124500000317891
812	0.022157868188619614	0.99575	0.91375
813	0.022145340700944264	0.9959666666666667	0.9145000000635782
814	0.022787235603729885	0.995666666730245	0.912066666730245
815	0.02214935119052728	0.9958166666666667	0.914
816	0.02226062766512235	0.9957500000635783	0.9139666666984558
817	0.021948064611355463	0.9960500000635782	0.9142000000635783
818	0.02190450392564138	0.9958833333333333	0.9145833333651224
819	0.02221312302748362	0.9959333333333333	0.9141000000635783
820	0.022269290244579316	0.9959833333333333	0.9128833333333334
821	0.02199039837916692	0.9959166667302449	0.9132333333333333
822	0.02238230638106664	0.9958666666984558	0.9122166666984558
823	0.022329867964982986	0.9956833333969116	0.91305
824	0.022262970821062725	0.9960666666666667	0.9136166666984558
825	0.021844485066334407	0.9960333333333333	0.9141166666666667
826	0.022201182692249615	0.9959666666666667	0.912
827	0.022865163681904475	0.9955	0.9124666666666666
828	0.022043906299273174	0.9960333333969116	0.9139333333969116
829	0.022540881555279096	0.9958666666666667	0.9118833333969116
830	0.021826850334803263	0.9960666666666667	0.91395
831	0.022063108996550243	0.9958333333969116	0.9130333333969116
832	0.022186191678047182	0.99615	0.9120333333333334
833	0.02247309393286705	0.9955333333333334	0.913
834	0.022322089302539826	0.9956333333333334	0.9137333333969117
835	0.022566342798868815	0.99545	0.9135833333333333
836	0.021977033412456513	0.9959166666666667	0.9129333333651225
837	0.022305334383249283	0.9960166666666667	0.9123833333651225
838	0.02249544387459755	0.9956833333969116	0.9123666667302449
839	0.021954823090632757	0.99615	0.9131500000317891
840	0.02242525539447864	0.9956666666666667	0.9125166666984558
841	0.022494399880369505	0.9959833333333333	0.9127166666666666
842	0.02210312638282776	0.9958166667302449	0.9134333333333333
843	0.021961221744616826	0.995716666730245	0.9128333333333334
844	0.02226031840046247	0.9958166666666667	0.9109833333969116
845	0.021830014967918396	0.9961666666666666	0.9138833333651225
846	0.02223310701151689	0.9960666666984558	0.91135
847	0.022728321786721548	0.99555	0.9117166666666666
848	0.022704571056365967	0.9958000000635783	0.9120333333651225
849	0.0224405494650205	0.99585	0.9123333333651225
850	0.022409740312894184	0.9958333333969116	0.9135000000317891
851	0.023006731773912905	0.9957833333333334	0.9106666666666666
852	0.022117645113666852	0.9960833333333333	0.912016666730245
853	0.022077000939846037	0.9958833333969116	0.9133000000635783
854	0.022456520416339238	0.9959166666666667	0.9122500000317891
855	0.022552377462387085	0.9959000000635783	0.9123166667302449
856	0.02229678385257721	0.9958833333651225	0.9129166666666667
857	0.02259032584130764	0.9957166666666667	0.9127833333969116
858	0.02268091719150543	0.9958666666666667	0.9123666666984558
859	0.02235513647397359	0.9959	0.9115833333651224
860	0.022452092190583545	0.9957666667302449	0.9112666666984558
861	0.02272269668976466	0.9957000000317892	0.911516666730245
862	0.02257265257835388	0.9961666666984558	0.9106
863	0.022651656208435695	0.9957000000635783	0.9124500000317891
864	0.022420893853902817	0.9960500000317891	0.9123333333333333
865	0.02232304235100746	0.9958333333333333	0.9124000000317891
866	0.022384914463758468	0.9957666666666667	0.9120500000317892
867	0.02221351211965084	0.9957166666666667	0.9123
868	0.022933834942181906	0.9956833333969116	0.9117166666984559
869	0.022692174792289733	0.9955833333333334	0.9120166666984558
870	0.02195541522403558	0.9963166666666666	0.9096166666666666
871	0.022582641953229905	0.9958833333969116	0.9107833333333333
872	0.022617979996403057	0.9957166666666667	0.9118333333969116
873	0.022648980698982874	0.9957	0.9124333333969116
874	0.022479494572679202	0.9956833333333334	0.9113166666666667
875	0.02284753632148107	0.9959000000317891	0.9102833333651225
876	0.023030412460366884	0.9954500000635783	0.9104500000317891
877	0.022064523396889368	0.9960666666666667	0.9126666666666666
878	0.022594918851057688	0.9958333333969116	0.9095166666984558
879	0.023040257412195207	0.9952833333333333	0.9120833333333334
880	0.022429632949829102	0.995616666730245	0.9116333333651224
881	0.022713035319248835	0.9960166667302449	0.9098333333651225
882	0.02268728900551796	0.9956166666666667	0.910666666730245
883	0.022641668834288916	0.9961833333969117	0.9104666667302449
884	0.022482767649491628	0.9960666666666667	0.9105166666666666
885	0.022917540033658347	0.9957	0.9115666666666666
886	0.022443611828486126	0.9960833333969116	0.9117000000635783
887	0.022575085192918776	0.996	0.9102666666984558
888	0.023537375165025392	0.9949333333333333	0.9105333333333333
889	0.02273766533434391	0.99575	0.9116833333333333
890	0.023389304014046985	0.9956166666666667	0.9096
891	0.02322630954782168	0.9957000000635783	0.9100833333969116
892	0.023183201626936593	0.9955333333333334	0.9110833333969116
893	0.022668001317977905	0.9957333333969116	0.9115666666984558
894	0.022720673022667566	0.9955000000635783	0.9117833333969116
895	0.022563779528935752	0.9959166666666667	0.9101166667302449
896	0.022152330112457274	0.9959500000317891	0.91105
897	0.02256668994029363	0.995716666730245	0.9114666666984558
898	0.022808264617125193	0.9960833333969116	0.9114000000317891
899	0.023092512543996174	0.99545	0.9105833333969117
900	0.022896189573407173	0.9958833333333333	0.9109333333969116
901	0.02254882727265358	0.9958	0.9112833333333333
902	0.022895249756177266	0.9960333333969116	0.9104833333333333
903	0.023010976721843084	0.9956333333969116	0.9098666666984558
904	0.023012220342954	0.9960166666666667	0.9087500000635783
905	0.02273439535498619	0.9958666666666667	0.9104833333333333
906	0.023479112788041434	0.9954333333969116	0.9098333333651225
907	0.022219572539130848	0.9959166666666667	0.9116500000317892
908	0.02324730515976747	0.9956833333333334	0.9098500000635783
909	0.023568682499726615	0.9950166666666667	0.9099500000317892
910	0.023061031274000804	0.9955500000635783	0.9113333333651225
911	0.022489938174188137	0.9957833333333334	0.9112500000635783
912	0.023510235587755838	0.9954333333333333	0.9101500000317891
913	0.022758374333381653	0.9958166666666667	0.9097500000635783
914	0.022897450897097587	0.99605	0.9099833333333334
915	0.023092638098200162	0.99555	0.9104333333651224
916	0.022799939115842185	0.9958333333333333	0.9111666666666667
917	0.022691530128320057	0.9961333333333333	0.909916666730245
918	0.022839672962824503	0.9958166666666667	0.9107166666984559
919	0.02279464861154556	0.9958833333333333	0.9100666667302449
920	0.022588682083785533	0.9958333333333333	0.9109000000317892
921	0.022772921319802603	0.9958666667302449	0.9103333333969116
922	0.023376740175485612	0.9956166666666667	0.9091333333333333
923	0.0231619109471639	0.9955166666666667	0.9108500000317892
924	0.023199791454275448	0.9954166666666666	0.9103166666666667
925	0.02271392428179582	0.9957333333969116	0.91
926	0.022659649060169856	0.9956833333333334	0.9117166666666666
927	0.023348893755674362	0.9956833333969116	0.9082166666666667
928	0.022843484233816463	0.9955666666666667	0.9100500000635783
929	0.02254541497429212	0.99595	0.9103333333651225
930	0.02303093880911668	0.9956	0.9099333333333334
931	0.022812808763980865	0.9959	0.9102333333969116
932	0.022520853356520334	0.9958333333333333	0.9103333333969116
933	0.023501044991612433	0.9955333333333334	0.9099833333651225
934	0.022784419272343318	0.9953833333651225	0.9105000000635783
935	0.023311690216263135	0.9955	0.9088
936	0.022651783360044163	0.9959	0.9097833333969116
937	0.023316983660062154	0.995316666730245	0.9086666666984559
938	0.02313353443443775	0.9951833333333333	0.9101333333333333
939	0.022815167956550916	0.9960166666666667	0.9095833333651224
940	0.022884853765368463	0.9959166666666667	0.9088333333651225
941	0.02285336334904035	0.9956500000635783	0.9110000000635783
942	0.023004755762219428	0.9961666666666666	0.9079666666984558
943	0.02278205522696177	0.99595	0.9099500000635783
944	0.023059981280565262	0.9958166666666667	0.9092500000635783
945	0.02281971195836862	0.9956	0.9098833333333334
946	0.022814895725250244	0.9960166666666667	0.9101000000317891
947	0.022943997544050215	0.9955833333969116	0.9113166667302449
948	0.023099475544691085	0.9956666666666667	0.9094666666984558
949	0.0229612195422252	0.9957666666666667	0.9101666666666667
950	0.023325002892812093	0.9957833333969116	0.9093000000635783
951	0.02298669127424558	0.9958166667302449	0.9103333333651225
952	0.023121689742803573	0.9957333333333334	0.9089666666666667
953	0.023057567713658016	0.995716666730245	0.9105833333333333
954	0.02334512140353521	0.9958000000635783	0.9094166667302449
955	0.02332132955690225	0.9959833333333333	0.9101500000635783
956	0.023016381694873175	0.9959166666984558	0.9082666667302449
957	0.02276998469233513	0.99575	0.9098333333333334
958	0.02295443577567736	0.995716666730245	0.9086666666984559
959	0.02320233722527822	0.995716666730245	0.9083166666984558
960	0.02281154470642408	0.9957833333969116	0.909966666730245
961	0.023167629997928936	0.9961166666666667	0.9084833333651224
962	0.023186770274241764	0.9957833333969116	0.9093833333651224
963	0.02347148282825947	0.9959166666666667	0.9089333333969116
964	0.023116048274437587	0.9958	0.9097500000317892
965	0.02415640525619189	0.9954166666666666	0.9070666666666667
966	0.023457123053073882	0.9957166666666667	0.9079833333651225
967	0.022627476770679156	0.9959	0.9097666666984559
968	0.022942411404351392	0.9955	0.9101333333969116
969	0.02302075032790502	0.9955166666666667	0.9090166666666667
970	0.023020812577009202	0.99575	0.9084666666984558
971	0.023271861465771992	0.9953333333333333	0.9094333333333333
972	0.02290013456940651	0.9960000000635783	0.90865
973	0.023170621548096338	0.9955833333333334	0.9093000000317891
974	0.023088315387566883	0.9957166666666667	0.9095000000317891
975	0.022809055455525716	0.9957833333651225	0.9097333333651225
976	0.023168710339814425	0.9960166666666667	0.9093666666984558
977	0.023550180133183798	0.9953	0.9090833333969116
978	0.023172879731655122	0.9955333333333334	0.9077833333651225
979	0.02370739495754242	0.9956833333333334	0.9073166667302449
980	0.02316304457585017	0.9956	0.9096166666984558
981	0.023051379895210267	0.9959333333333333	0.9089666666984558
982	0.02278888607819875	0.9957833333969116	0.9086666666666666
983	0.022966610836982728	0.9958166667302449	0.9096166666984558
984	0.02268052696386973	0.9957833333333334	0.9092500000635783
985	0.023204434207081796	0.995666666730245	0.9094500000635782
986	0.02313972111940384	0.996	0.9084833333651224
987	0.023310020073254903	0.9959166666666667	0.9091166666984558
988	0.023429998246828714	0.99545	0.9089166666984558
989	0.02362408618927002	0.9954666666666667	0.9074166666984558
990	0.02326573607524236	0.9954833333969116	0.9086500000635783
991	0.02308457237482071	0.9960000000635783	0.9099666666666667
992	0.023169140573342642	0.995716666730245	0.9083333333333333
993	0.022497601063052812	0.996	0.9103166666984558
994	0.022863667423526447	0.9958166666666667	0.9097333333333333
995	0.02322970792154471	0.9960500000635782	0.9079500000635783
996	0.02350930970509847	0.9957166666666667	0.9077666666984558
997	0.02318967113494873	0.99575	0.9081000000317891
998	0.023477184617519378	0.9951333333333333	0.9095166666984558
999	0.02309034180144469	0.9959833333333333	0.9087333333969116
1000	0.022797992676496504	0.9960666666666667	0.9088666666984558
1001	0.023027778062721094	0.9955666666666667	0.9092333333333333
1002	0.023842714395125707	0.9955000000635783	0.9076000000317891
1003	0.02255674497038126	0.9956833333333334	0.9085000000635783
1004	0.02293695313135783	0.9957	0.9090500000317892
1005	0.023020419305562975	0.9957666666666667	0.9082166666984558
1006	0.023158187131086985	0.9957166666666667	0.9088166666666667
1007	0.02329319494565328	0.9958833333333333	0.9083000000635783
1008	0.02281431647737821	0.9961333333969116	0.90925
1009	0.023199762256940207	0.9959666666666667	0.9073666666666667
1010	0.02346517951687177	0.9956833333969116	0.9094833333969117
1011	0.023414781474073727	0.99585	0.9070666666984558
1012	0.023196889408429462	0.9957666666666667	0.9084500000317891
1013	0.023387330548961957	0.9957333333333334	0.9083666667302449
1014	0.02362966472307841	0.9957500000635783	0.9082833333969116
1015	0.02350499005119006	0.9956166666666667	0.9082833333333333
1016	0.02296624706784884	0.9956000000317892	0.9094166666666667
1017	0.023164445932706196	0.9955666666666667	0.9105
1018	0.0230652930021286	0.9957166666666667	0.9082833333333333
1019	0.023269543043772378	0.9958666666666667	0.9077
1020	0.02329678040643533	0.996	0.9073666667302449
1021	0.022627043664455414	0.9962	0.9095833333969117
1022	0.023565590823690096	0.9958166667302449	0.9068000000317892
1023	0.022977075471480687	0.9956833333333334	0.9095166666666666
1024	0.02299012583096822	0.9956166666666667	0.9081166667302449
1025	0.023154736570517222	0.9959166666666667	0.9082833333333333
1026	0.023591665921608607	0.9957500000635783	0.9082333333333333
1027	0.022707725757360457	0.9958833333333333	0.9087500000317892
1028	0.022774380352099735	0.9959166667302449	0.9084833333651224
1029	0.0234625615020593	0.9954500000635783	0.9076500000317892
1030	0.02305268741250038	0.9959166667302449	0.9078333333333334
1031	0.02322832903067271	0.9957833333333334	0.9081666666666667
1032	0.02369659704963366	0.9953500000317892	0.9072833333333333
1033	0.02318412791788578	0.9957333333969116	0.9088333333969116
1034	0.023373224937915802	0.99585	0.9081166666666667
1035	0.02284199219743411	0.9959000000635783	0.9089500000317892
1036	0.023638803454240163	0.995566666730245	0.9085
1037	0.02322376857101917	0.99545	0.9079
1038	0.022888399813572567	0.9958833333969116	0.90855
1039	0.023583207782109577	0.995166666730245	0.90785
1040	0.0228206597139438	0.9960333333333333	0.9089500000317892
1041	0.023052109876275064	0.9955666666666667	0.9077666666984558
1042	0.023256841711203256	0.9958666666666667	0.908516666730245
1043	0.023738376702864966	0.9952166666666666	0.9088833333651225
1044	0.023818325632810593	0.9959166666666667	0.9062000000635783
1045	0.02276339213848114	0.995616666730245	0.9090333333651225
1046	0.02285858022371928	0.9957166666666667	0.908766666730245
1047	0.023014109221100806	0.9959333333333333	0.9088166666984558
1048	0.023176621372501056	0.9957	0.9088000000317892
1049	0.023512506054838497	0.9955	0.9083166667302449
1050	0.02288863617181778	0.9960166667302449	0.9094833333333333
1051	0.023436691349744798	0.9957	0.9071
1052	0.02311429161230723	0.9954833333651225	0.9081
1053	0.023438812365134558	0.9953500000635783	0.9084166666666667
1054	0.02305445995926857	0.9959	0.9071000000317891
1055	0.023192167794704437	0.9956333333651225	0.9084833333651224
1056	0.02282707475423813	0.9958333333333333	0.9100833333651225
1057	0.023563076519966124	0.9958	0.9073666667302449
1058	0.02271556333700816	0.99615	0.9092666666666667
1059	0.02303807304700216	0.9961166666666667	0.9083666667302449
1060	0.023146495338280997	0.9956500000635783	0.9094000000635782
1061	0.022562742759784062	0.9959166666666667	0.9092333333651225
1062	0.02334974497059981	0.9955500000635783	0.9077166666666666
1063	0.02338559221227964	0.9958	0.9078666666666667
1064	0.02298750348687172	0.9957833333333334	0.9090333333651225
1065	0.023205332986513772	0.9955833333333334	0.9092666666984558
1066	0.023871980847915013	0.9950000000635782	0.9072333333333333
1067	0.02327656302054723	0.9955833333969116	0.90845
1068	0.02272557203869025	0.9959666666666667	0.9101833333651225
1069	0.023246909951170285	0.99575	0.9083000000635783
1070	0.02301777271827062	0.9957166666984558	0.90995
1071	0.02358342141310374	0.9956000000635783	0.9071833333333333
1072	0.023419119358062745	0.9957833333333334	0.9086166666666666
1073	0.02305807851354281	0.99555	0.90935
1074	0.023003244775533675	0.9956666666666667	0.9084666666984558
1075	0.02224908733665943	0.9961	0.9095000000635783
1076	0.02253617898027102	0.9958500000635783	0.9096666666666666
1077	0.02279202179114024	0.9959166666666667	0.9087666666666666
1078	0.023218640089035035	0.9955333333969116	0.90925
1079	0.022856956617037454	0.995466666730245	0.9096166666984558
1080	0.022809530744949978	0.9959833333969116	0.908
1081	0.022735423705975213	0.9957666666666667	0.9092166667302449
1082	0.02284347967704137	0.9958	0.9096333333969117
1083	0.023061417299509047	0.9957166666666667	0.9092666666666667
1084	0.02300521419942379	0.9953833333333333	0.9087333333333333
1085	0.023103010347485544	0.9956333333333334	0.9104333333651224
1086	0.02316390046477318	0.995416666730245	0.9096833333651225
1087	0.02310950732429822	0.99565	0.9083333333333333
1088	0.023275131712357202	0.9956666666666667	0.9091666666666667
1089	0.023264796882867814	0.9954833333333334	0.9087833333969116
1090	0.023038468529780705	0.9956333333333334	0.9077333333651225
1091	0.022671023295323053	0.9960333333333333	0.9091666666984558
1092	0.023427242773771288	0.995616666730245	0.9081833333651225
1093	0.023464335864782332	0.9958500000317891	0.9076000000317891
1094	0.023481187917788825	0.9953166666666666	0.9082666666984558
1095	0.02227556028564771	0.9959	0.9108666666984558
1096	0.0230638076265653	0.9957666666666667	0.90845
1097	0.023928755005200704	0.995166666730245	0.9071
1098	0.023480287025372186	0.9956333333333334	0.9079166666666667
1099	0.023558688896894456	0.9953333333333333	0.9094666666984558
1100	0.022883860328793526	0.9956000000635783	0.9101833333651225
1101	0.02343243817090988	0.9956166666666667	0.9083166667302449
1102	0.022976732023557028	0.99555	0.9089500000317892
1103	0.02260762232442697	0.99575	0.9099666666666667
1104	0.023393561311562856	0.9955833333969116	0.908566666730245
1105	0.022837636603911717	0.9955333333651225	0.910866666730245
1106	0.023067433873812358	0.9958333333333333	0.9089833333969116
1107	0.023002628356218337	0.9957666666984558	0.9078500000635783
1108	0.023128114924828212	0.9955000000635783	0.9075333333651224
1109	0.022864998163779578	0.9956333333333334	0.9098166666666667
1110	0.023370688396692277	0.9954666666666667	0.9094666666984558
1111	0.022903767361243565	0.9961166667302449	0.9090666666984558
1112	0.022692690126101176	0.9957833333333334	0.9112666666666667
1113	0.022787353440125783	0.9955666666666667	0.909566666730245
1114	0.0223335514575243	0.9959	0.9101166666666667
1115	0.022754169475038846	0.9958	0.9107333333333333
1116	0.02291485924522082	0.9955666666666667	0.9089833333333334
1117	0.023701065536340077	0.99545	0.9072666666984558
1118	0.02296762429177761	0.9960333333333333	0.9085833333969117
1119	0.023069768969217936	0.9956833333969116	0.9092000000317891
1120	0.022846451477209727	0.9958	0.9099333333969116
1121	0.02332720088760058	0.9956333333333334	0.90875
1122	0.022948074035843213	0.995716666730245	0.9098666666984558
1123	0.02274767475326856	0.9956833333333334	0.9106166666666666
1124	0.022478899224599204	0.9960000000635783	0.9095166666984558
1125	0.02237180131673813	0.9958333333333333	0.911066666730245
1126	0.022881361597776415	0.9954833333333334	0.9082166667302449
1127	0.02271450739701589	0.9955333333333334	0.9084833333333333
1128	0.022444548816482227	0.9956666666666667	0.9106833333969117
1129	0.022546900165081023	0.9959666667302449	0.9103333333969116
1130	0.02237174831032753	0.99565	0.9120333333333334
1131	0.022904401165246963	0.9958	0.9103166667302449
1132	0.02262869304617246	0.9959000000317891	0.9096166666666666
1133	0.022768747325738272	0.995616666730245	0.9110166666666667
1134	0.02297601536909739	0.9960166666666667	0.9091
1135	0.022708426974217096	0.9958833333333333	0.9095000000635783
1136	0.023055208915472032	0.9957833333651225	0.9102166666666667
1137	0.022846017001072565	0.9952500000635783	0.9102500000317891
1138	0.022812929318348565	0.9960166666666667	0.9090000000317892
1139	0.021863008924325307	0.9961000000635782	0.9123833333333333
1140	0.023203029404083888	0.9955500000635783	0.9104000000635782
1141	0.023549286264181138	0.99535	0.9093333333651225
1142	0.02298035673101743	0.99555	0.9095333333969117
1143	0.02262517495751381	0.9957500000635783	0.910516666730245
1144	0.0224119125276804	0.9957666666666667	0.91115
1145	0.022522142736117044	0.9960166666666667	0.9099833333969116
1146	0.02359682409564654	0.9947666666984558	0.9085500000635783
1147	0.02295286138256391	0.9956833333333334	0.9100333333969116
1148	0.022634039853016534	0.9958500000635783	0.9105500000317891
1149	0.022749868659178416	0.9954833333333334	0.909566666730245
1150	0.022947563169399898	0.9953333333333333	0.9091
1151	0.022715505139033	0.9957166666666667	0.9111333333333334
1152	0.021999425700306892	0.9961333333333333	0.9107000000635783
1153	0.022770873176058134	0.9954	0.9109000000317892
1154	0.022069827061891555	0.9961	0.91085
1155	0.022904399998982746	0.995716666730245	0.9097000000317892
1156	0.022463893345991772	0.9957666666666667	0.9118833333651225
1157	0.022951618160804113	0.9954000000635783	0.910866666730245
1158	0.02288375797967116	0.9959833333333333	0.9107500000317892
1159	0.022360136101643245	0.9956500000635783	0.9116833333651225
1160	0.022961816241343816	0.9956333333333334	0.9112166666666667
1161	0.023001309180259704	0.9955666666984558	0.9096166666666666
1162	0.022954968382914862	0.9959833333333333	0.9103500000635782
1163	0.02264255363345146	0.9955	0.9113666666666667
1164	0.02292623983224233	0.9958	0.909616666730245
1165	0.022435080641508103	0.9954666666666667	0.9115833333651224
1166	0.022146836045384408	0.9958	0.9115333333651224
1167	0.022647657773892084	0.9958833333969116	0.9098000000635783
1168	0.022572888845205308	0.9959833333969116	0.9124500000635782
1169	0.023139803926150004	0.9955833333333334	0.909566666730245
1170	0.02249514062801997	0.99555	0.9110833333651225
1171	0.022780565224091213	0.9957833333333334	0.9083500000317891
1172	0.022582069381078086	0.9955333333969116	0.9104000000317891
1173	0.022460822159051895	0.9959833333969116	0.9111166667302449
1174	0.022607680149873098	0.9958333333969116	0.9118
1175	0.022310668035348258	0.9959166666666667	0.909816666730245
1176	0.02267630189259847	0.995416666730245	0.9112666667302449
1177	0.022428047967950504	0.9957	0.9125500000635783
1178	0.022544012002150216	0.9959166666666667	0.9104833333333333
1179	0.022444899648427965	0.9954833333651225	0.9124666666666666
1180	0.022307690991957983	0.9957333333969116	0.9124333333651224
1181	0.022991444461544355	0.9952333333333333	0.9103000000317891
1182	0.022836824584007265	0.9955333333333334	0.9114
1183	0.022524043182531994	0.9958333333333333	0.9111500000317891
1184	0.02218973540663719	0.9955333333969116	0.9123666667302449
1185	0.022345622835556665	0.9959666666666667	0.9113166667302449
1186	0.022721632137894632	0.9958	0.9107500000317892
1187	0.022070928989847503	0.9958833333333333	0.9120500000635783
1188	0.022450778037309646	0.9957333333333334	0.9116000000635783
1189	0.02250364617705345	0.9958833333333333	0.9114833333333333
1190	0.022694842408100765	0.9956333333333334	0.9112666667302449
1191	0.022529689734180767	0.9960166666666667	0.9123500000635782
1192	0.022348236654202144	0.9961000000635782	0.9118166666984558
1193	0.022565685097376505	0.9955666666666667	0.9112166666984558
1194	0.022730036127567292	0.9957833333969116	0.9110333333651225
1195	0.022073607728878657	0.9960833333969116	0.9100333333651225
1196	0.021953289542595546	0.9957333333333334	0.9125500000317891
1197	0.02198112396200498	0.9959333333969116	0.9123833333969116
1198	0.02219473556081454	0.99565	0.9131833333651225
1199	0.02246206469933192	0.9957166666984558	0.9121166666984558
1200	0.022739283204078673	0.995416666730245	0.9102333333651225
1201	0.022472665917873384	0.9956	0.91125
1202	0.022753120104471843	0.9955333333333334	0.9098166666984558
1203	0.022902837295333545	0.9955	0.9111166666984558
1204	0.022007634424666564	0.9961833333333333	0.9133333333651225
1205	0.02169387423992157	0.9954833333969116	0.9124333333333333
1206	0.021848428356647492	0.9957833333333334	0.9129333333333334
1207	0.02170169717868169	0.9957000000317892	0.9124833333651224
1208	0.021865837808450063	0.9958166666984558	0.9128833333333334
1209	0.02245200100739797	0.9961500000635782	0.9135333333333333
1210	0.02269014353553454	0.9955	0.91125
1211	0.022347923338413237	0.9955500000635783	0.9131833333651225
1212	0.022041259892781575	0.9959666666984558	0.9119333333333334
1213	0.022395745174090067	0.9957666666984558	0.91095
1214	0.021655402028560637	0.9959333333333333	0.9134166666984558
1215	0.0222558578312397	0.9960166666666667	0.9112333333333333
1216	0.022471257952849072	0.9953833333333333	0.9124500000635782
1217	0.0225382127503554	0.9957166666666667	0.912066666730245
1218	0.022512401019533477	0.99565	0.9123166666984558
1219	0.022541310831904412	0.9959833333333333	0.9111500000317891
1220	0.02239411401748657	0.9958333333333333	0.9129833333969116
1221	0.022340908054510753	0.9956333333969116	0.9118333333333334
1222	0.02261072509288788	0.9955166666666667	0.9124833333333333
1223	0.022899285419782003	0.9953666666984559	0.9104500000635782
1224	0.02237251437107722	0.9957666666666667	0.9131500000317891
1225	0.022767603995402654	0.9953333333333333	0.9124333333969116
1226	0.022139739826321603	0.9956	0.9130333333333334
1227	0.02219405890107155	0.9958333333969116	0.9124166667302449
1228	0.022831423085927963	0.9957333333333334	0.9105666666666666
1229	0.02166342574954033	0.9961333333333333	0.9141333333969116
1230	0.022351171487073104	0.99585	0.9127000000317892
1231	0.022058868183692296	0.9959000000635783	0.9127666666666666
1232	0.022450493588050208	0.99575	0.9125666666984558
1233	0.022941321257750193	0.9953333333333333	0.9116833333969117
1234	0.022636751170953116	0.9956000000317892	0.91185
1235	0.0221489300707976	0.9954833333969116	0.9140000000635783
1236	0.02177840868035952	0.9960166667302449	0.9133500000635782
1237	0.021980212916930517	0.99595	0.91315
1238	0.021818826378385225	0.9960333333969116	0.9131166667302449
1239	0.021811097479363283	0.996	0.9132500000317891
1240	0.022172983088095982	0.9954500000635783	0.9147000000317892
1241	0.02253631750444571	0.99555	0.9114333333969116
1242	0.02223290882706642	0.99585	0.9126833333333333
1243	0.021882790545622508	0.99555	0.9121666666984558
1244	0.0220670847594738	0.995666666730245	0.9141333333969116
1245	0.022061178224285445	0.996	0.9141000000635783
1246	0.0214645814259847	0.9959166666666667	0.914
1247	0.021691573957602184	0.9959166667302449	0.9135333333969117
1248	0.021874932098388672	0.9958000000635783	0.9134500000317891
1249	0.0220537735581398	0.9959333333333333	0.9128666666984558
1250	0.022203018577893575	0.99585	0.9129833333651225
1251	0.022015923813978832	0.99575	0.9139333333969116
1252	0.022534447711706162	0.99575	0.9121333333333334
1253	0.022322277794281642	0.99545	0.9128333333333334
1254	0.022349488178888956	0.9956	0.9124666666666666
1255	0.021776205269495648	0.9958166666984558	0.91455
1256	0.021728389008839926	0.9958666667302449	0.9132833333651225
1257	0.021758773457010588	0.9956166666666667	0.9125833333651224
1258	0.022187044940392177	0.9955500000635783	0.9132000000317891
1259	0.022003463738163313	0.9954833333333334	0.913866666730245
1260	0.021658880068858466	0.995716666730245	0.9122666666984558
1261	0.021252685683965683	0.9960333333969116	0.913866666730245
1262	0.021563921933372816	0.9958666666666667	0.9140166666666667
1263	0.02228428912560145	0.9958666666666667	0.913016666730245
1264	0.02192192189494769	0.99565	0.9131833333969116
1265	0.022210577686627705	0.9954	0.914066666730245
1266	0.022083673266569775	0.9958	0.9142
1267	0.02229295519987742	0.99535	0.913866666730245
1268	0.021668819272518156	0.9958000000635783	0.9142000000317891
1269	0.021641134811441105	0.9958833333333333	0.9134833333651224
1270	0.021856167648235957	0.9958666666666667	0.9134166667302449
1271	0.022108746947844822	0.99535	0.9143333333969116
1272	0.022190249832471212	0.9954833333333334	0.9131000000317891
1273	0.021873354295889536	0.9957500000635783	0.9130000000317892
1274	0.02207345399260521	0.9955833333333334	0.9127166666666666
1275	0.022690017022689184	0.9953333333651225	0.9125500000317891
1276	0.021681587223211923	0.9956833333333334	0.9142833333969116
1277	0.021708350263039272	0.9957000000635783	0.9149166666666667
1278	0.022039910292625427	0.9956166666666667	0.9132833333969116
1279	0.022127084489663443	0.9959833333333333	0.9124666666666666
1280	0.022018242607514064	0.9957333333969116	0.9134333333969116
1281	0.021649783765276272	0.9959833333333333	0.91425
1282	0.021696446611483892	0.99585	0.914866666730245
1283	0.021825341192881265	0.9957666667302449	0.9147500000635783
1284	0.021469362684090932	0.9956833333651225	0.9160166666666667
1285	0.022035568340619406	0.9958500000635783	0.9137333333969117
1286	0.02154051314194997	0.9957333333969116	0.9150666666984558
1287	0.022210090829928714	0.996	0.9134500000635782
1288	0.02230958375732104	0.9956833333333334	0.9133666667302449
1289	0.02203258064389229	0.9953333333969117	0.9152333333333333
1290	0.021725574962298076	0.9961166666666667	0.9134666666984558
1291	0.022242322222391763	0.9955833333333334	0.9143833333969116
1292	0.02256360993385315	0.9955833333969116	0.9142833333333333
1293	0.02206166092654069	0.9956666666666667	0.9133333333333333
1294	0.022167712388436	0.99565	0.913666666730245
1295	0.021812841657797497	0.9958166667302449	0.9146000000317891
1296	0.021845961870749792	0.9959	0.915616666730245
1297	0.022472653649250666	0.9958166666666667	0.9130666666984558
1298	0.021790492769082386	0.9954166666984559	0.9143833333333333
1299	0.022519634912411372	0.9958	0.9131666667302449
1300	0.022482348690430323	0.99545	0.9135500000317891
1301	0.022530639306704202	0.9957500000635783	0.9126000000635783
1302	0.02164057168364525	0.9959666666666667	0.9149333333969116
1303	0.02167937675913175	0.9959166666666667	0.9151
1304	0.0216446740458409	0.9958500000635783	0.9141833333333333
1305	0.021911577721436818	0.9956833333969116	0.9139833333651225
1306	0.021984561616182327	0.9957333333651225	0.9131166666666667
1307	0.021444708115855853	0.996166666730245	0.9144333333333333
1308	0.02173442009985447	0.9957666666666667	0.9145
1309	0.02149691100915273	0.9957666666666667	0.9146666666984559
1310	0.021989164859056474	0.99575	0.9131666666984558
1311	0.02187128693461418	0.995716666730245	0.91465
1312	0.021913667021195092	0.9957166666666667	0.9134666667302449
1313	0.02205242883761724	0.9956333333969116	0.9123166666666667
1314	0.021803181380033492	0.9958166667302449	0.9134333333333333
1315	0.02140892145037651	0.9961000000635782	0.914066666730245
1316	0.02200191959540049	0.9957833333333334	0.9144000000635782
1317	0.021444905164837838	0.9959833333969116	0.9137333333969117
1318	0.0219742752969265	0.9957500000635783	0.9139833333651225
1319	0.02139889116982619	0.99595	0.9146833333969117
1320	0.02173955848813057	0.9957333333969116	0.9128500000317892
1321	0.02146805546681086	0.9958666666666667	0.9142666666984558
1322	0.021293052524328233	0.9958833333333333	0.9166666666666666
1323	0.02205876382390658	0.9958000000317891	0.9146666666984559
1324	0.021978922270735106	0.9960166666666667	0.9139000000317892
1325	0.021736093733708065	0.99545	0.914766666730245
1326	0.021477800773580868	0.9960166666666667	0.9145333333333333
1327	0.021858090251684188	0.99555	0.9143500000635782
1328	0.022168917652964592	0.9958833333969116	0.9138166666666667
1329	0.021668433080116907	0.995716666730245	0.915016666730245
1330	0.022296446148554486	0.996	0.9128000000317892
1331	0.02177103493909041	0.9957166666666667	0.9144000000635782
1332	0.022000151331722735	0.99545	0.9151666666984558
1333	0.02163678423364957	0.9958000000635783	0.9148333333333334
1334	0.02155360325972239	0.9957666666666667	0.9155666666984558
1335	0.021308492852250734	0.995716666730245	0.9145666666984558
1336	0.021510252956549326	0.9960333333333333	0.9157833333969116
1337	0.022000387152036033	0.9957	0.9126500000635783
1338	0.021343889862298966	0.9959	0.914716666730245
1339	0.021550557776292164	0.9959166666666667	0.9144833333969116
1340	0.021909922377268472	0.9957	0.9143333333651225
1341	0.022020326671997707	0.9955833333969116	0.9149833333333334
1342	0.02159748801191648	0.9959666666666667	0.9146000000317891
1343	0.02157115901708603	0.9959166666666667	0.9145666666666666
1344	0.021775326056281727	0.9959	0.9148833333333334
1345	0.021344634235898653	0.99575	0.9158666666666667
1346	0.02186203030049801	0.99565	0.9164000000635782
1347	0.02147469381292661	0.9958833333969116	0.9161000000635783
1348	0.021773027167717614	0.9956333333969116	0.9147000000317892
1349	0.021437727628151576	0.99605	0.9153000000317891
1350	0.02150914170742035	0.9959166666666667	0.9156666666666666
1351	0.021951262046893436	0.99575	0.91485
1352	0.022033493546644845	0.9958	0.9143666667302449
1353	0.02218315556595723	0.9959833333333333	0.9134833333651224
1354	0.02174911517103513	0.9956833333969116	0.91495
1355	0.02185013464987278	0.99575	0.9151000000635783
1356	0.021569357111056647	0.9959333333333333	0.9158333333969116
1357	0.02182880561351776	0.9957833333651225	0.9145833333651224
1358	0.0215399907430013	0.996	0.9152166666666667
1359	0.02148028618792693	0.9956833333333334	0.9149666666666667
1360	0.021285850245753923	0.9959666666666667	0.9155166666666666
1361	0.02182321965098381	0.9958166666666667	0.9141333333333334
1362	0.021253990002473196	0.9960666667302449	0.9164500000635782
1363	0.021647329340378444	0.995666666730245	0.9150166666984558
1364	0.021850986219445864	0.99565	0.914516666730245
1365	0.021726287533839542	0.99595	0.9154166666984558
1366	0.022149836911757786	0.9953833333333333	0.9152333333333333
1367	0.02186878954768181	0.99605	0.9151166666666667
1368	0.021843925028045972	0.9960333333333333	0.9154000000635782
1369	0.022270540378491084	0.9955166666666667	0.9136666666984559
1370	0.021490257142980893	0.9957166666666667	0.9148166666984558
1371	0.022080786945422492	0.995716666730245	0.9135833333651224
1372	0.021973242382208505	0.9957333333333334	0.9156666666666666
1373	0.02154926415681839	0.99575	0.9152000000635783
1374	0.021750879482428234	0.99595	0.9141166667302449
1375	0.021759250607093175	0.99565	0.9155166666666666
1376	0.021209794982274374	0.99575	0.9151333333333334
1377	0.02167221004962921	0.995566666730245	0.9161333333333334
1378	0.0212886945048968	0.9957833333333334	0.9155333333333333
1379	0.021228151605526605	0.995716666730245	0.9162
1380	0.021416168122490246	0.9957333333333334	0.9162166666666667
1381	0.02145799238681793	0.9958833333333333	0.9158833333333334
1382	0.021906400036811827	0.9956833333651225	0.9143666666666667
1383	0.02243599237203598	0.9953166666666666	0.9142500000317891
1384	0.021821038097143173	0.9955166666666667	0.9156166666984558
1385	0.021203911276658376	0.9961166666666667	0.9172833333333333
1386	0.021889986011385917	0.9956166666666667	0.9134500000317891
1387	0.021593886083364485	0.9956166666666667	0.9142000000635783
1388	0.02213674190044403	0.9956000000635783	0.9156666666666666
1389	0.02115329507390658	0.9959500000317891	0.9148333333969116
1390	0.021416885801156364	0.9958333333969116	0.9151833333651225
1391	0.021837780153751374	0.9955000000317892	0.9147666666984559
1392	0.021678840269645054	0.9957166666984558	0.9167000000635783
1393	0.021702780973911286	0.9961	0.9135000000317891
1394	0.021568681959311168	0.9957	0.91645
1395	0.021704574124018352	0.9957833333969116	0.9149833333333334
1396	0.02123158357143402	0.9959166667302449	0.91455
1397	0.021300345873832702	0.9962166666666666	0.915716666730245
1398	0.021284110701084137	0.9960666667302449	0.9154666666666667
1399	0.02156840543150902	0.9963166666666666	0.9150333333333334
1400	0.022247672337293623	0.9955833333333334	0.91435
1401	0.021139583918452262	0.9959666667302449	0.9162666666666667
1402	0.020941300493478775	0.9959000000635783	0.9159166666984558
1403	0.0213529636601607	0.9960666666984558	0.91655
1404	0.021954873031377792	0.9957	0.9157333333969117
1405	0.02163041134874026	0.9957500000317892	0.9158666666666667
1406	0.02207428948879242	0.9956666666666667	0.9143000000635783
1407	0.02185949276884397	0.9957000000635783	0.9158500000635783
1408	0.0215036614994208	0.99565	0.9162666667302449
1409	0.021695686837037403	0.9957166666984558	0.9151000000635783
1410	0.02150252402027448	0.9958000000635783	0.91575
1411	0.021445051058133442	0.9959333333333333	0.9153000000635783
1412	0.021378853686650594	0.9957333333333334	0.9157
1413	0.0218885217944781	0.9955	0.9146833333333333
1414	0.021971414583921434	0.99545	0.9160666666984558
1415	0.021070098545153935	0.9962	0.9162166667302449
1416	0.022144448707501093	0.9957000000635783	0.91455
1417	0.021282825608054796	0.9958666666666667	0.9159833333651225
1418	0.02139824812610944	0.995666666730245	0.91635
1419	0.022162761640548707	0.9959500000635783	0.9136000000635783
1420	0.021456251733005048	0.9961833333333333	0.9158666666666667
1421	0.02149242050051689	0.9960666667302449	0.9152000000317891
1422	0.02154335367679596	0.9955833333333334	0.9167000000635783
1423	0.021806953494250773	0.9959166666666667	0.9157333333651225
1424	0.021441400974988936	0.9958500000317891	0.9166333333969117
1425	0.021420749616622926	0.9954333333333333	0.91695
1426	0.021576831954717636	0.9959500000635783	0.9146666666984559
1427	0.021842189584175744	0.9956833333651225	0.9153333333333333
1428	0.02187154264251391	0.9958166666666667	0.9154000000635782
1429	0.021529684884349504	0.9957166666666667	0.91475
1430	0.022258661258220673	0.9955666666666667	0.9139166666984558
1431	0.02137498480876287	0.9958833333969116	0.9156166666984558
1432	0.02191727345486482	0.9956333333333334	0.9149166666666667
1433	0.021874612271785734	0.995566666730245	0.915916666730245
1434	0.021888329895337424	0.995566666730245	0.9158833333333334
1435	0.02144048129717509	0.99565	0.91705
1436	0.02172273883422216	0.9960166666666667	0.91515
1437	0.02129872085750103	0.9959	0.9156000000635783
1438	0.02153034304281076	0.9960166666666667	0.9160000000635783
1439	0.021974203232924143	0.9957333333969116	0.914616666730245
1440	0.02181990373333295	0.99615	0.9144333333333333
1441	0.02212152757545312	0.995666666730245	0.9142333333969116
1442	0.02196700471242269	0.995616666730245	0.9143333333969116
1443	0.0215017688224713	0.9957	0.9150000000317892
1444	0.021617571804920833	0.9958833333969116	0.9157000000317892
1445	0.021740370485186577	0.9956	0.9150666666984558
1446	0.022133653289079666	0.9958833333969116	0.9136333333333333
1447	0.021158775325616202	0.9956833333651225	0.9168333333969116
1448	0.021928226362665493	0.9957666666666667	0.9152166666666667
1449	0.02161016156474749	0.99575	0.9154666666984558
1450	0.021323597574234007	0.9956	0.9154166666666667
1451	0.021911190445224445	0.9958	0.9137500000317892
1452	0.02175101745327314	0.9959166666666667	0.9141333333333334
1453	0.0213924061357975	0.9958666666666667	0.9158833333969116
1454	0.021703402356306713	0.9960500000635782	0.9140833333969116
1455	0.022280245385567346	0.9954000000635783	0.9143166667302449
1456	0.02170997102459272	0.9958666667302449	0.9129333333651225
1457	0.021587115370730558	0.9958833333333333	0.9161333333651225
1458	0.021726310801009337	0.9958	0.9154166666666667
1459	0.021339094825585683	0.99595	0.9136166666666666
1460	0.02168581977983316	0.9956666666666667	0.9152666666984558
1461	0.021841930336753527	0.9955666666666667	0.9145666666666666
1462	0.02192597672243913	0.99575	0.9152833333333333
1463	0.021649693206946055	0.9956833333969116	0.9154000000317891
1464	0.022261913921435676	0.9955000000635783	0.9137166666984559
1465	0.02177173498471578	0.9954333333969116	0.9142333333333333
1466	0.02194469389518102	0.9957833333333334	0.9143833333651225
1467	0.022171749012668926	0.9953166666666666	0.9164000000317891
1468	0.021849899911880494	0.9957333333969116	0.9153166666666667
1469	0.021738660804430644	0.99585	0.9155166666984558
1470	0.02150437050064405	0.9960666666984558	0.9149833333969116
1471	0.02161463221112887	0.9957	0.9152000000317891
1472	0.022142727824052175	0.9953666666666666	0.9146500000317891
1473	0.021481190995375314	0.9961333333969116	0.9148666666666667
1474	0.021388593741257986	0.9960833333969116	0.9149666666666667
1475	0.022101094084978103	0.9957166666984558	0.9134000000635782
1476	0.021747546530763308	0.9959666666666667	0.9139833333333334
1477	0.021587445916732152	0.9957000000317892	0.914666666730245
1478	0.022063295765717823	0.9956000000635783	0.9141666666666667
1479	0.022652327690521876	0.9954	0.9130000000317892
1480	0.021672964310646057	0.9959	0.9153333333651225
1481	0.02201914277225733	0.9959666666666667	0.9141666666984558
1482	0.022285700106620787	0.9958666666666667	0.9129166666984558
1483	0.021322309535741806	0.9956666666666667	0.9153333333651225
1484	0.021573395383358	0.9959	0.9151333333969116
1485	0.02190851511756579	0.9955333333333334	0.9153500000317891
1486	0.021860885382195314	0.9954666666666667	0.9159166666984558
1487	0.021703012545903524	0.9956	0.9141666666984558
1488	0.02168200031121572	0.9955666666666667	0.914566666730245
1489	0.02211849299867948	0.9957333333969116	0.914616666730245
1490	0.021697638179858526	0.9958333333333333	0.9157333333333333
1491	0.02157903914898634	0.9959166666666667	0.9151166666984558
1492	0.021739767558375995	0.99565	0.9141666666666667
1493	0.021768478561441103	0.9955833333333334	0.9143000000317891
1494	0.021275212169686954	0.9957666666666667	0.9161166667302449
1495	0.021912795609235765	0.9957500000635783	0.9144333333969116
1496	0.021710473122199377	0.9957833333333334	0.9153333333969116
1497	0.021608776232600213	0.99595	0.9155166667302449
1498	0.02250697246491909	0.9957833333333334	0.9133666667302449
1499	0.022399154591560364	0.9955333333333334	0.9136000000317891
