epoch	loss	acc	certified
0	5.317686597900391	0.006750000000149012	0.006750000000149012
1	5.151022373352051	0.014910000001192093	0.014910000001192093
2	5.006512670288086	0.023770000002384186	0.023770000002384186
3	4.874056604156494	0.03502000000059605	0.03502000000059605
4	4.743041685943603	0.04690000000119209	0.04690000000119209
5	4.622798295898438	0.06211999999880791	0.06211999999880791
6	4.538625338134765	0.07322000000715256	0.07322000000715256
7	4.467127019348145	0.08355000000357628	0.08355000000357628
8	4.391531937255859	0.09291999999761581	0.09290999999761582
9	4.324309026794434	0.10326000001430512	0.10326000001430512
10	4.2709870932006835	0.11139	0.11139
11	4.224051723175049	0.11862000000476837	0.11862000000476837
12	4.182895867156982	0.12467000000715256	0.12467000000715256
13	4.150364998016357	0.13000000000953674	0.13000000000953674
14	4.112801662292481	0.13569999999523163	0.13568999999523162
15	4.079004070129394	0.14032000000715256	0.14031000000715255
16	4.0519461250305175	0.14601	0.14601
17	4.0186279202270505	0.15061	0.1506
18	3.988751549987793	0.15499999999761582	0.1549899999976158
19	3.9630333151245116	0.1600299999976158	0.1600099999976158
20	3.9434083936309814	0.1635700000143051	0.16353000001430512
21	3.9199597524261476	0.16736999999523164	0.16733999999523164
22	3.896350821838379	0.1708100000143051	0.17080000001430512
23	3.874728345794678	0.17293000000476838	0.17292000000476837
24	3.858763936004639	0.1772800000023842	0.1772500000023842
25	3.840623504180908	0.18013000001430512	0.1801100000143051
26	3.8266362748718263	0.18314000000476838	0.18309000000476838
27	3.8113783926391602	0.18674999999523162	0.18672999999523163
28	3.798127349395752	0.18851000000953674	0.18848000000953674
29	3.782383690109253	0.19124999999523162	0.19120999999523164
30	3.764262554550171	0.19348000001430513	0.19339000001430512
31	3.759861997833252	0.1945500000143051	0.19445000001430512
32	3.7481833042907713	0.19737999999523162	0.19726999999523162
33	3.7312912642669676	0.20071999999523163	0.20060999999523163
34	3.7169797061157226	0.20204000000953673	0.20192000000953675
35	3.709197629547119	0.20272000000953674	0.20263000000953674
36	3.69263504776001	0.20746999999523164	0.20729999999523163
37	3.689110093688965	0.20868	0.20851000000953673
38	3.6778559120178222	0.21001999999523163	0.20976999999523163
39	3.6667655691528322	0.2117500000143051	0.21151000001430512
40	3.6554559661102295	0.21308000000476837	0.21291000000476837
41	3.646510866241455	0.2148300000143051	0.21449000001430513
42	3.6389749854278564	0.21727	0.2169
43	3.628370718231201	0.21785000000953675	0.21745000000953674
44	3.6233756071472167	0.2194900000143051	0.21918000001430513
45	3.6155040377044676	0.22155000000476838	0.22116000000476838
46	3.6047430596923826	0.2229	0.2225
47	3.5990175835418703	0.22324000000953675	0.22270000000953674
48	3.587124544067383	0.22562000000476837	0.22506000000476836
49	3.5858987985229493	0.22731000001907348	0.2267100000190735
50	3.5753487960052492	0.22843000000476837	0.22781000000476836
51	3.572000686569214	0.22968	0.22894000000953674
52	3.559491520843506	0.23098999999523162	0.23009999999523162
53	3.5520680461120606	0.23245000000953675	0.23153000000953675
54	3.5528588381195068	0.23334000002861022	0.23222000002861024
55	3.549587062072754	0.23370999999523162	0.23276999999523162
56	3.5350315463256834	0.23653000000953675	0.23518000000953673
57	3.5324417351531983	0.23781999999523162	0.23664999999523162
58	3.524111893157959	0.2372500000143051	0.23586000001430513
59	3.517590246658325	0.23996000001430512	0.2384000000143051
60	3.5152700595855713	0.24050000001907348	0.23876000002861023
61	3.509677319641113	0.24092999999523163	0.23925999999523162
62	3.501237926635742	0.24363999999046326	0.24207999999046326
63	3.495769576034546	0.24479000000953674	0.24278000000953676
64	3.4930094927215576	0.24514	0.24294
65	3.4868024646759035	0.24703000000953673	0.2447600000190735
66	3.4822740130615233	0.24716999999523162	0.24469999999523162
67	3.4810682524108887	0.24721000000476837	0.24483000000476837
68	3.4707667867279053	0.24996999999046327	0.24749999999046327
69	3.465410932235718	0.25052000002861025	0.24759000002861023
70	3.465773679122925	0.2511999999952316	0.24834999999523164
71	3.4566574297332764	0.2531400000047684	0.24996000000476837
72	3.4570106518554686	0.25264000000953674	0.24923000001430512
73	3.446150196609497	0.25399999999523165	0.2502100000047684
74	3.4460798178100585	0.25383000000476835	0.24978000001430511
75	3.442114796066284	0.25561	0.25164999999523163
76	3.4413300875091553	0.2544000000190735	0.2504300000190735
77	3.4377748818969724	0.2555100000143051	0.25128000000953676
78	3.4287171838378905	0.25731	0.2526899999952316
79	3.4336503985595703	0.2565700000047684	0.2516000000047684
80	3.4257504012298585	0.25937	0.2537900000095367
81	3.42280555847168	0.2591400000286102	0.25407999999046327
82	3.4168028247070312	0.25977000001907347	0.25367
83	3.4168934317779542	0.2610200000190735	0.25490000002861024
84	3.4105623136138914	0.26048999999046324	0.25372000000953676
85	3.409571066970825	0.26383000002861023	0.25704999999046324
86	3.4061361870574953	0.26315	0.25613000000953673
87	3.400840362625122	0.26266	0.25502000002861025
88	3.400730801010132	0.26457000001430514	0.2565600000143051
89	3.397502663497925	0.2646200000190735	0.25663000002861025
90	3.394108253097534	0.2650200000286102	0.25599000001907346
91	3.388456395339966	0.26637000000476835	0.25785000000953673
92	3.3905315769958495	0.2665000000095367	0.25722000000953676
93	3.3858721406555174	0.26607000000953673	0.2563600000047684
94	3.3862804404449465	0.26617	0.25600000000953677
95	3.381697718734741	0.26699	0.2558200000286102
96	3.37477720741272	0.2695500000095367	0.2586400000286102
97	3.373863749923706	0.2697400000143051	0.2577600000143051
98	3.377001478881836	0.26927	0.25700000000953677
99	3.366567445526123	0.2713799999952316	0.2583600000047684
100	3.3532981243133544	0.2701100000190735	0.25726999999046324
101	3.3393453699493407	0.27125	0.2572900000190735
102	3.316476526107788	0.27273999999523163	0.25770999999523164
103	3.2983899409484865	0.27124999999046323	0.2561600000286102
104	3.2811638400268555	0.27406	0.25793000000476834
105	3.2661184966278074	0.27504	0.25791999999523163
106	3.243842788619995	0.27558000000953675	0.25804999999523165
107	3.226655596847534	0.2747299999952316	0.2569200000143051
108	3.206744327545166	0.27691	0.2579500000190735
109	3.190795174636841	0.2780200000286102	0.2574600000095367
110	3.168158443145752	0.27672	0.25677000001907346
111	3.151144037094116	0.27726000000953677	0.25594
112	3.131190748138428	0.27840999999046323	0.25512
113	3.114306786727905	0.28107000000953675	0.25621
114	3.096163360748291	0.28104999999046326	0.2558200000190735
115	3.0770126979064942	0.28034999999523164	0.25516000000476835
116	3.0630490914154054	0.28291	0.25648999999046324
117	3.0421465340423586	0.28195999999523164	0.2546900000047684
118	3.023249999084473	0.28370999999046326	0.2548800000286102
119	3.009959617462158	0.28291000000953676	0.25335999999046327
120	2.9948937869262697	0.28114999999046325	0.25127999999523165
121	2.973913815994263	0.2842200000190735	0.2525700000190735
122	2.9602396268463136	0.28478	0.2521500000143051
123	2.9440561376953127	0.28459999999046326	0.25122000000476835
124	2.929756471557617	0.2862	0.25096000001430513
125	2.909025397415161	0.28637999999046326	0.24986
126	2.8959800257873534	0.2882000000095367	0.25102
127	2.8808315209198	0.2883899999952316	0.2510100000095367
128	2.869384016494751	0.28912999999046324	0.24956
129	2.85019548828125	0.2888500000286102	0.24747
130	2.83642715675354	0.29223000000953675	0.25045000000953677
131	2.819861807861328	0.2898900000286102	0.24701
132	2.8038630628967285	0.29066	0.24791000000476837
133	2.7894830326080324	0.29080000002861023	0.2463100000190735
134	2.773384917373657	0.2921400000190735	0.24487
135	2.756990699005127	0.29264999999046326	0.2439500000143051
136	2.7502060667419435	0.2924900000190735	0.24389
137	2.732998001098633	0.2925300000095367	0.24256
138	2.7176195835113526	0.29376	0.24278000000953676
139	2.7037601124572754	0.2946700000286102	0.24110000002861023
140	2.6943536442565916	0.29501999999046324	0.24104000000476838
141	2.6753606672668457	0.29412999999046324	0.23809999999523163
142	2.668227056274414	0.29481	0.23707999999046325
143	2.65271419631958	0.29659999999046327	0.23809
144	2.639736995315552	0.29564	0.23582000000953673
145	2.62546129486084	0.29673	0.23564999999523162
146	2.609403719100952	0.2969800000190735	0.23479000000476838
147	2.5992157026672364	0.29869000002861024	0.23575999999523162
148	2.583762001800537	0.29804000000953673	0.23380999999523164
149	2.574555023956299	0.29809	0.23065000000953675
150	2.5580469136047363	0.30051999999046325	0.23329000000953673
151	2.5459202895355224	0.3021500000190735	0.23150000000476836
152	2.5362295150756835	0.301	0.2297600000143051
153	2.52350112701416	0.30047000002861024	0.22902000001430511
154	2.5105935852050782	0.30145000000953676	0.22695000001430513
155	2.496456771850586	0.30137	0.22580999999523163
156	2.48777400062561	0.3013100000190735	0.22562999999523162
157	2.476342172622681	0.30071	0.22302000000476838
158	2.4637976476287844	0.30200999999046324	0.22302999999046325
159	2.4479685414886476	0.3032700000286102	0.22248
160	2.439018431777954	0.30363	0.22070999999046326
161	2.4291807903289797	0.3033300000286102	0.21839
162	2.4178629113006593	0.3023599999952316	0.21670000000953674
163	2.405814528503418	0.3048700000190735	0.21912
164	2.3935117488098143	0.30428999999046324	0.21653000000476838
165	2.380080298919678	0.30517000000953676	0.2158300000143051
166	2.3746023147583006	0.3042100000143051	0.21293000000953674
167	2.3661752182006834	0.3046000000286102	0.21371000000953674
168	2.353150442504883	0.30626	0.21272000000476837
169	2.340449730911255	0.3038200000190735	0.21042
170	2.3298312007141115	0.30595000000953676	0.21031000000953673
171	2.3201529364013673	0.30606	0.20957000001430512
172	2.3107843519592284	0.30634	0.20793999999523163
173	2.298221138000488	0.3059299999904633	0.2055400000143051
174	2.289032276763916	0.3099	0.2055000000143051
175	2.280260069961548	0.30793	0.20563000000476836
176	2.272230363616943	0.3080500000190735	0.20295999999523162
177	2.2564432759094237	0.30687000002861026	0.20350999999523162
178	2.2487560069274903	0.3071300000095367	0.20321000001430511
179	2.238854088592529	0.3088700000286102	0.20102000001430512
180	2.2290555404663084	0.3090200000095367	0.19926000000476837
181	2.220554897842407	0.30848000000953674	0.1994
182	2.208875573501587	0.30896999999046326	0.19762000000476837
183	2.2046508592224123	0.31040000000476836	0.19551000000715255
184	2.195484703979492	0.30878999999046325	0.19405000000953673
185	2.185488298416138	0.30766000000953675	0.19312999999761582
186	2.171927950439453	0.3098100000190735	0.19371999999523162
187	2.1644511990356445	0.3100100000190735	0.19199999999523162
188	2.161023295440674	0.30877999999046324	0.18976
189	2.152108682556152	0.3108200000190735	0.18938999999523162
190	2.1370931427001953	0.3100300000190735	0.18947999999523163
191	2.1304736534118653	0.3101900000095367	0.18597000000476838
192	2.1206741972351075	0.31181000002861026	0.1868600000143051
193	2.1115962157440187	0.31012000000953677	0.18584000000476839
194	2.1064638819885255	0.3095200000190735	0.18357000000953674
195	2.0964959530639646	0.31089	0.1840000000143051
196	2.0902686644744874	0.31076000000953674	0.18296000001430512
197	2.081165920562744	0.30951	0.1808
198	2.0722489657974243	0.30988000000953675	0.17959
199	2.0603395000457763	0.31022000000953676	0.1803600000143051
200	2.0559593669891356	0.31132999999046324	0.17992999999523163
201	2.047925051574707	0.31180000002861025	0.17724000001430512
202	2.0416937104034423	0.3101	0.1775
203	2.0320944312286375	0.31092000000953673	0.17470999999523162
204	2.024280293426514	0.31162	0.17437000000953673
205	2.01319159362793	0.3116500000190735	0.17495999999523162
206	2.0075891105651857	0.31180999999046327	0.17403
207	2.003743706665039	0.31212000000953677	0.17132
208	1.989979093017578	0.3098300000286102	0.17161000000476836
209	1.9869958348464967	0.30860999999046324	0.16954000000476838
210	1.9759032928466798	0.30951000000953677	0.16989000000476837
211	1.97257771774292	0.30994000000953675	0.16782000000953673
212	1.9622543267822266	0.31089	0.16823000000715255
213	1.9520683974456787	0.3106800000095367	0.16633000000953674
214	1.945524567527771	0.3095600000286102	0.16563000000476838
215	1.9369300725936889	0.3089700000047684	0.16677000000715256
216	1.931321971092224	0.31188000000953675	0.16439
217	1.9236822175216675	0.3115899999904633	0.16419
218	1.9173343378448486	0.3103900000286102	0.1628200000143051
219	1.9065938986587525	0.3101800000190735	0.16297000000476838
220	1.8974735850906372	0.30822	0.16183000000476838
221	1.8923255436706543	0.31091000002861024	0.16221000000953675
222	1.8840750661087036	0.3087400000190735	0.16125
223	1.8776732077789307	0.3097700000286102	0.15979999999523162
224	1.871893871231079	0.30978999999046325	0.1596000000143051
225	1.8646491510009766	0.30873000000953676	0.1588800000023842
226	1.8588262525558472	0.31079999999046326	0.15853000001430512
227	1.8508935543060303	0.3094800000286102	0.1570800000143051
228	1.8455366703414917	0.31007000002861024	0.15645
229	1.8347829737091064	0.3098600000190735	0.1577700000143051
230	1.8289379643249513	0.30945000001907347	0.15687
231	1.8206287913513184	0.307	0.15467
232	1.8161507651519775	0.30825000002861025	0.15646
233	1.8102717624664306	0.30867000000953676	0.15296000000476837
234	1.8016320835113526	0.30859000002861026	0.15436000000476838
235	1.7924563251495362	0.30837000000953674	0.15438
236	1.7868444734573363	0.30788000000953675	0.15430000000715255
237	1.7818218252563476	0.30818000000953677	0.15165999999523164
238	1.771806813659668	0.30807000000953677	0.15179000000953674
239	1.7658954280471801	0.30862000001907347	0.15176000000476836
240	1.7610770082855225	0.30852999999046327	0.1511400000143051
241	1.7489544344329835	0.30723000001907347	0.15126999999523164
242	1.7452872729873656	0.30790000000953677	0.1489400000023842
243	1.7375130248641968	0.30851000000953677	0.15093000000476836
244	1.7343453157806397	0.3093900000286102	0.15001
245	1.7250975036621095	0.30594	0.14849000000715257
246	1.719949850845337	0.30738999999046324	0.14884000000476838
247	1.7119001457214356	0.30772	0.14981000000476838
248	1.7043001392364503	0.30728000001907346	0.14815
249	1.6994676820373535	0.30661000000953675	0.14628
250	1.6907023420715332	0.3064299999904633	0.1475
251	1.6835740896224975	0.30593999999046323	0.14784000000476838
252	1.6796512715530396	0.30605000000953675	0.14669000000476837
253	1.6722724647521974	0.3069900000190735	0.1467
254	1.6658720985412598	0.30610999999046323	0.14654000000476838
255	1.6618445420837402	0.30797000002861025	0.14532000000953674
256	1.6549481187438966	0.30575	0.14482
257	1.6463252286529542	0.30535000000953677	0.14591000000476836
258	1.6410307624816896	0.3050700000190735	0.14532000000953674
259	1.6337773310089112	0.30668000002861023	0.14524000000476836
260	1.6289831200790406	0.30648000000953673	0.14479000001430511
261	1.6203198878479004	0.30482999999046323	0.14459000000953676
262	1.6150014058303832	0.3051500000286102	0.14371
263	1.6058973308944702	0.3036900000190735	0.14463999999761581
264	1.6015073393249513	0.30478000000953676	0.14380000001430512
265	1.5940449803924561	0.3043599999952316	0.14367000000715255
266	1.5876859110260009	0.30151	0.14269000000715257
267	1.5853809929656983	0.3033400000286102	0.1428700000143051
268	1.5780384672546386	0.3042200000286102	0.14311000001430513
269	1.5687865795898437	0.3041000000190735	0.14445000000953676
270	1.5669568045806885	0.30387	0.1417600000143051
271	1.5568457543563843	0.30355	0.14310999999523163
272	1.5523737648391724	0.30342	0.14135000000953674
273	1.545974185180664	0.3015500000190735	0.14271999999523163
274	1.5416207487106324	0.30144000000953675	0.14090000000953673
275	1.5342388542175294	0.30316	0.14225999999761582
276	1.5288531053924561	0.30229	0.1410900000143051
277	1.5225195043945312	0.30112	0.14021000000238418
278	1.5167977096939087	0.30128000000953675	0.14020999999761583
279	1.5098303190612794	0.2993299999904633	0.14046000000715256
280	1.5038208036422729	0.30031999999046327	0.14155
281	1.4989528253555298	0.3011900000190735	0.13946
282	1.489428752822876	0.29975	0.14029
283	1.4878856972503662	0.30094999999046324	0.14023000000476837
284	1.4799795083999634	0.30045999999523165	0.14152000001430512
285	1.4738563814544678	0.3011900000190735	0.14066000000476836
286	1.4693465839385986	0.3010100000286102	0.14025000000715257
287	1.4623092489242553	0.30014000002861024	0.14065000000476838
288	1.4581139612197875	0.29903	0.13884000000715255
289	1.452464971961975	0.29954	0.13858000000953674
290	1.445504112625122	0.29829999999046325	0.13903000000476837
291	1.4402202698516846	0.29936	0.13937
292	1.4345012716674805	0.2987800000190735	0.13855000000476836
293	1.427297420349121	0.29832000002861025	0.13921
294	1.4232445859527587	0.29816	0.13891000000476836
295	1.4175891415405273	0.2976100000286102	0.13868
296	1.4117747230148316	0.29821000002861026	0.1398900000023842
297	1.4059795204925538	0.29772999999046323	0.13907999999523163
298	1.401003091392517	0.29752999999046326	0.13936000000715257
299	1.3912525995254517	0.29558	0.14003000000476837
300	1.390485022392273	0.29672	0.13894000001430512
301	1.3817870304107667	0.2962200000286102	0.13984000000476837
302	1.3790670373535157	0.2968400000286102	0.1395
303	1.3690131369400025	0.29466	0.14038999999523163
304	1.3687018425369262	0.2964500000143051	0.1385299999976158
305	1.3624869890594482	0.29743000000953673	0.13967999999523162
306	1.3582396799850465	0.29507999999046325	0.13755000000476836
307	1.3490092367172242	0.2930500000286102	0.13926000000715255
308	1.3466898871231079	0.29480000001907347	0.13830999999523164
309	1.3411748155212402	0.29431	0.13829
310	1.334709407119751	0.2928700000095367	0.13778999999761582
311	1.3286247491836547	0.29406000000953675	0.13906000000476837
312	1.3268751183319092	0.29481999999046327	0.13711
313	1.3185251093673707	0.29358000000953677	0.13809999999761582
314	1.315323444442749	0.29340000001907346	0.13761999999761582
315	1.3081887031936645	0.29274000000953676	0.13758
316	1.3059969854354858	0.29389	0.13832000000715255
317	1.3024210691452027	0.29605000000953674	0.13777000001430512
318	1.2947035595321654	0.29270000002861024	0.13647999999761581
319	1.2866024256896973	0.2924800000190735	0.13991000000715256
320	1.2828292547225952	0.2921700000286102	0.13729000000476838
321	1.2779620561218261	0.2921	0.13800000001430512
322	1.2739903704452515	0.29321000002861025	0.13845000000476837
323	1.2684609017181396	0.2920200000286102	0.13795000000476837
324	1.2582601711654664	0.29023000000953675	0.13889
325	1.2588880937194824	0.29242000002861024	0.13843000000476838
326	1.255469246749878	0.29252000000476835	0.13817
327	1.2476552012634277	0.28908999999046325	0.13768000000476838
328	1.2436672777557374	0.29136000000953677	0.13777
329	1.236283263168335	0.29012999999046324	0.13858000000715257
330	1.2334290568923951	0.29049	0.13737
331	1.22939176071167	0.29096000000953676	0.13773000000953675
332	1.2226614752578735	0.2912299999904633	0.14125
333	1.2165589054107666	0.28891000000953676	0.13861000000476836
334	1.211909899291992	0.28949000002861025	0.13912
335	1.204823353805542	0.28666000000953673	0.13715000000715255
336	1.2031139165878295	0.28912000000953675	0.13760000000715256
337	1.1976751755523682	0.28871	0.13900000000953674
338	1.1958358958435058	0.2897600000095367	0.13883000001430512
339	1.1907550869750976	0.28854	0.13733000001430512
340	1.184126120414734	0.28897999999046325	0.13866000000476836
341	1.1799214527511597	0.28932	0.13840999999523163
342	1.1726208919525147	0.2870900000095367	0.13842000001430513
343	1.1699937585449218	0.2877200000190735	0.13773
344	1.1632057775115967	0.2856200000190735	0.13870999999761582
345	1.1615995205307006	0.28805	0.1386500000143051
346	1.1573303230285645	0.2868900000286102	0.13891000000476836
347	1.1513769774627685	0.2872900000286102	0.13908999999761582
348	1.1467582249832153	0.28591000000953676	0.13946
349	1.1416832271957398	0.2854300000190735	0.13817
350	1.138698176498413	0.2870400000190735	0.13827000000953674
351	1.1341474111938477	0.2875900000095367	0.1392000000143051
352	1.1274923031997681	0.2864200000190735	0.13960000000476838
353	1.1234356062316895	0.2861200000190735	0.13932
354	1.1216370360183716	0.28663	0.13816000000715256
355	1.1164166887664795	0.28555	0.13783000000238418
356	1.1091080488204956	0.2851500000190735	0.1395
357	1.1048456092453003	0.28464000002861023	0.14000999999523162
358	1.1017464002990722	0.28499000002861025	0.13859000000476837
359	1.0953600371170045	0.28527	0.13993000000476838
360	1.0924937242126465	0.28432999999046327	0.13918000000238417
361	1.0891300091552734	0.28539000000953674	0.14022000000476836
362	1.0826395914459228	0.2836200000286102	0.13868999999523163
363	1.078762922592163	0.2833300000047684	0.13953999999523162
364	1.0769626837921142	0.28554	0.14046000001430511
365	1.0732831299972534	0.2852900000286102	0.13969999999523164
366	1.067196042060852	0.28375	0.13957000000953673
367	1.0639538341140746	0.2844499999904633	0.14010000000953673
368	1.0586389222717285	0.28263999999523165	0.1398400000023842
369	1.0531121423339844	0.2821799999904633	0.13933000000715257
370	1.0503492676925659	0.28253000000476836	0.14001999999523163
371	1.045888807220459	0.2827800000190735	0.13999
372	1.0406856887817382	0.28229000000953675	0.14002000000238418
373	1.037665523071289	0.2820699999904633	0.13973
374	1.0319257315444947	0.2816600000047684	0.14065
375	1.02773487241745	0.28223	0.14076
376	1.0243061368942261	0.28178000000953674	0.1400299999976158
377	1.0210533003234863	0.28118000000953675	0.13904000000238417
378	1.01723447555542	0.28180000001907346	0.14033000001430512
379	1.0139974921417236	0.28205000002861025	0.14036999999523161
380	1.0089391121673583	0.28052000000953675	0.13979000000715255
381	1.0067297876358032	0.28209000002861023	0.1399600000143051
382	0.999352468032837	0.2795600000190735	0.14007
383	0.9972026058197021	0.28035	0.13943
384	0.9942077094268799	0.2814899999952316	0.14001000000715255
385	0.9919834768676757	0.28292	0.14105
386	0.9853808527755737	0.2803400000190735	0.14019
387	0.9842029263114929	0.28203000001907347	0.13965
388	0.9772580186462403	0.2801900000286102	0.13957000000476838
389	0.977938694858551	0.28086000001907346	0.1387900000143051
390	0.9708464137458801	0.2807899999904633	0.1410700000143051
391	0.9656245817565918	0.2801199999904633	0.14065000000476838
392	0.9633233208656311	0.2799900000095367	0.14009000000953675
393	0.9583490309906005	0.2795100000190735	0.14052000001430512
394	0.9539026010131836	0.2792	0.1410799999976158
395	0.9513355954742432	0.2793199999952316	0.14068999999523163
396	0.9475139415168762	0.27916000002861024	0.14084000000476837
397	0.9443152743530273	0.27915	0.14082999999523163
398	0.9402429344177247	0.27958	0.14146000001430512
399	0.9362190149307251	0.27891999999523165	0.1408299999976158
400	0.9382196326446534	0.28082999999046326	0.13945000000953675
401	0.9288068549728393	0.2793400000143051	0.1426400000023842
402	0.9266293866729737	0.27956000002861026	0.14101999999523163
403	0.924702327041626	0.27941	0.14115000000476838
404	0.9178866058540345	0.2778200000190735	0.14068
405	0.9177108659362793	0.2798200000190735	0.14064000000953675
406	0.9124176058197021	0.27937999999046326	0.14175000001430513
407	0.9080063264083862	0.2785700000190735	0.14182
408	0.9042137183761597	0.27842000001907347	0.14233999999523164
409	0.9008389879226685	0.2770500000095367	0.14234999999523162
410	0.896773639125824	0.27773	0.14196000000238418
411	0.8939790867424011	0.27867	0.14217000000953675
412	0.8915048635864258	0.2779899999952316	0.14245000000476837
413	0.8886916826629638	0.27843	0.14160999999523163
414	0.88465267578125	0.2770000000190735	0.14067000000953675
415	0.878738984298706	0.27568999999046323	0.14141
416	0.8782383240890503	0.2781800000286102	0.14236000000953675
417	0.8751600545120239	0.27793000002861024	0.14236999999761582
418	0.8702229791259766	0.27654000000953677	0.14118999999523163
419	0.8677527699279786	0.27749999999046326	0.14177
420	0.8611363506317139	0.27555000002861024	0.14276
421	0.8597542988967896	0.2765400000190735	0.14231
422	0.8573742638778686	0.27675000000953676	0.14229999999523163
423	0.8538129957962036	0.2757	0.14186
424	0.8510880288696289	0.27582000000953677	0.1415300000143051
425	0.8466810416221618	0.27564000000953676	0.14255000001430512
426	0.8432448048400879	0.27501	0.14232000000476838
427	0.8406506559371948	0.2748800000095367	0.14176000000476838
428	0.8366562421607971	0.27483	0.14322
429	0.8340662740325928	0.2748600000190735	0.14255000000953674
430	0.8301060716438293	0.27528000000953673	0.14395
431	0.8299272786140441	0.27685999999046323	0.14264
432	0.8248903940391541	0.27552000000953675	0.14266000000238419
433	0.8205865036582947	0.2754899999952316	0.14387000000476838
434	0.8191965962219239	0.27555999999046327	0.14278000000715255
435	0.8127194900894165	0.27376000001907347	0.14383999999523162
436	0.8109043265533448	0.27358	0.1420100000143051
437	0.8098835225105285	0.2750200000190735	0.14283999999523161
438	0.8065603536987305	0.2741600000143051	0.14284000000476837
439	0.8011793081283569	0.27278999999046327	0.14260000000476838
440	0.799468276500702	0.2725500000095367	0.14304000000715256
441	0.7970161777496337	0.27482000002861023	0.14445000000953676
442	0.7942022747039795	0.2732700000143051	0.1426700000143051
443	0.7913238260459899	0.27420000000953676	0.14235000001430512
444	0.7858756965637207	0.27413	0.14465999999523163
445	0.7864098401641846	0.2738299999952316	0.14279
446	0.7806310646057129	0.27222	0.14302000000476836
447	0.7786646392440796	0.27246	0.14382000001430512
448	0.7743751806259155	0.2720500000095367	0.14447000000953675
449	0.7737849613761902	0.27480000000953675	0.14368
450	0.7702466857719421	0.2740499999952316	0.1443000000023842
451	0.7679616211128235	0.27263	0.14349
452	0.7642727687454224	0.2730200000143051	0.1436400000143051
453	0.7620871671676636	0.2734100000286102	0.14394
454	0.7590745496368408	0.2724599999904633	0.14374000000476836
455	0.7541344652366638	0.27181000000953676	0.14401
456	0.753205866985321	0.27269	0.14387000000953673
457	0.7499786164855957	0.27236999999523165	0.1451
458	0.7481251124382019	0.27235	0.1434000000143051
459	0.7465181449890137	0.27302000000953675	0.14297000000953675
460	0.7427032594108581	0.27341000000953675	0.14500000000953675
461	0.7394930411338806	0.27169	0.14341
462	0.738769104385376	0.27387999999046325	0.14494999999523162
463	0.7343882941627502	0.27298999999046325	0.14467000000476837
464	0.7302515564727783	0.27218	0.14482999999523163
465	0.7279624593544006	0.27066999999046326	0.14369000000476836
466	0.7300778889846802	0.2738300000095367	0.14383000000476837
467	0.7222473955917358	0.27127999999046326	0.14509
468	0.7211516944503784	0.27088	0.14400000000715255
469	0.7185845240592956	0.27063	0.14373000000953676
470	0.7144756132888794	0.27014000000953675	0.14430000001430512
471	0.7120994132232666	0.27090999999523163	0.14491000001430512
472	0.7088993982505798	0.26999000000953677	0.14484999999523163
473	0.7071205017280578	0.27080999999046323	0.14491999999523164
474	0.705729573059082	0.2716400000143051	0.14494999999523162
475	0.7023256674194336	0.2705300000286102	0.1453
476	0.7003974968338013	0.27116	0.14549
477	0.6989408655548096	0.27172999999046327	0.14445000000953676
478	0.6966666613388062	0.27129000002861026	0.14396000000953674
479	0.6948752452087402	0.27117	0.14447
480	0.6894660599136353	0.27125	0.14662999999523163
481	0.6877161666107178	0.27120000001907346	0.14478
482	0.6844949052429199	0.2704700000286102	0.14579000001430512
483	0.6808356121826172	0.26966	0.14593
484	0.6796832146453857	0.2704699999904633	0.1455100000143051
485	0.6760947072792053	0.26948	0.14639000000476837
486	0.6766149750328064	0.27052999999523164	0.14535000000476836
487	0.6710625707244873	0.26968000000953674	0.1453100000143051
488	0.6725994814491272	0.27128	0.1450199999976158
489	0.6702634077453613	0.27178	0.14643000001430512
490	0.6645697052192688	0.26999	0.14697000000715255
491	0.6618921560668946	0.2691	0.14577000000476836
492	0.6594199285888672	0.2681400000143051	0.14466
493	0.6561753462600708	0.2684999999952316	0.14676000001430511
494	0.6554946164131165	0.26982000000953676	0.14668999999523163
495	0.6523743291664124	0.26879000000953673	0.14701
496	0.6530146364021301	0.27012	0.14588
497	0.6491366633605957	0.2700300000286102	0.14615
498	0.6456296156311035	0.26762000001430514	0.14441
499	0.6422648572921753	0.26798999999046325	0.1469399999976158
500	0.6435421183013916	0.26934000000953673	0.14494
501	0.6384647437286377	0.2679700000286102	0.14640000000476838
502	0.6371140689849853	0.26910000000953677	0.14691000001430513
503	0.6333681559753418	0.26816000002861023	0.14679000000476838
504	0.6319988517379761	0.2696700000047684	0.14822999999761582
505	0.630785380859375	0.26965999999046325	0.14712000000238418
506	0.6293335341453552	0.26958999999046324	0.14657000000476836
507	0.6256746377182006	0.26956000002861025	0.14796999999523164
508	0.6230683702087403	0.26920000001907346	0.14825000000476837
509	0.6178801964378356	0.26789999999046327	0.1489
510	0.6173842074203492	0.26919000000953675	0.14845999999523163
511	0.6170921705245972	0.27117000002861025	0.14911000000476837
512	0.6119555489349365	0.26915	0.15056000000953673
513	0.6078644849777222	0.26809999999046324	0.14982
514	0.6060280224990845	0.26844999999046326	0.15243000001430512
515	0.6060776509475708	0.26816000000953677	0.14941
516	0.605651960220337	0.27069000000953675	0.15109000000953673
517	0.6023934686851502	0.27001000002861025	0.1509100000143051
518	0.597086196937561	0.26853	0.15173000001430512
519	0.5972390937232971	0.26868000000953673	0.15059000001430511
520	0.5928858810424805	0.26872	0.15246999999523164
521	0.5933868361854553	0.2697400000286102	0.15138999999523162
522	0.589523539276123	0.2697800000095367	0.15349000001430513
523	0.5872238731956482	0.2689200000286102	0.15240000001430512
524	0.5840927543640136	0.26860000001907347	0.15275999999523163
525	0.5855219984054565	0.27069999999046324	0.15166000000476837
526	0.5790335113525391	0.26893000001907347	0.15393999999523164
527	0.5775438912200928	0.2687500000286102	0.15426000001430512
528	0.5759138341140747	0.2691700000190735	0.15401000001430512
529	0.5725582483482361	0.26914	0.15532
530	0.5728612383651733	0.2705500000190735	0.15469
531	0.5719154796791077	0.27027000000953677	0.15452000000953675
532	0.5687307223320007	0.2712299999952316	0.15639000000476838
533	0.5665792547607422	0.27063999999046323	0.15534000000476836
534	0.5654154642295838	0.27053000000476835	0.15439000000238418
535	0.561494416179657	0.27031000001907346	0.15623999999523164
536	0.5599818579101562	0.27003000000953675	0.15560000000953675
537	0.5569134332275391	0.26968	0.1555500000143051
538	0.5554370378494262	0.26994000002861024	0.15571000001430513
539	0.5551196687507629	0.2708100000286102	0.15655999999523162
540	0.5558233305549621	0.27242	0.15633000000953676
541	0.5493180473136902	0.27000000002861024	0.15763000000476837
542	0.5493099469947815	0.2712299999952316	0.1583099999976158
543	0.5461910890007019	0.27079999999523163	0.15733000000476838
544	0.544721646156311	0.27069000000953675	0.15727999999523162
545	0.5423188426208496	0.2701400000286102	0.1580500000143051
546	0.5379179399299622	0.2691800000190735	0.15860000000476837
547	0.5381974078941345	0.27084000001430514	0.1584700000143051
548	0.5346285988616943	0.27081000000953676	0.15963000000476837
549	0.5336823107719422	0.2703	0.15961000000953673
550	0.5322140781021119	0.27006999999046327	0.15851999999523164
551	0.5315213346862793	0.27124999999523164	0.1580699999976158
552	0.5291700745773316	0.27166999999046326	0.16030000000953673
553	0.5271049970054626	0.2714900000190735	0.16008000000953673
554	0.5260202021408081	0.27093	0.15940999999523162
555	0.5234337515449524	0.2709699999904633	0.15946000000953675
556	0.5214445672607422	0.2714900000190735	0.16059
557	0.5184071807670593	0.27085	0.16101999999523162
558	0.5163388216018677	0.27079000002861026	0.16117
559	0.5156624056434631	0.27110000002861023	0.16102999999523163
560	0.5158529647350312	0.2727200000095367	0.16197999999523163
561	0.5122841930007934	0.2713299999952316	0.16180999999523163
562	0.5099225622367859	0.2711600000095367	0.16300000000715256
563	0.5063943905258179	0.27062	0.16245
564	0.5050976048851014	0.2708000000047684	0.16335
565	0.5065661234855652	0.27227999999046326	0.16283000000476838
566	0.5023488694000244	0.2711100000095367	0.16291000000715256
567	0.5007900109100342	0.27107	0.16295999999523164
568	0.5026447212600708	0.2731400000286102	0.16317
569	0.4996010986328125	0.27287	0.16364000000476836
570	0.4955504353713989	0.2721400000190735	0.16539000000476836
571	0.4959255355262756	0.27282000001907347	0.16391999999523163
572	0.49250108350753785	0.27243000000476836	0.16498000000476837
573	0.49131309423446656	0.27284000002861025	0.16511000000476836
574	0.4891680227851868	0.27099000000953677	0.16398000000476837
575	0.4881875701236725	0.2719700000143051	0.1646200000143051
576	0.4841929975605011	0.27169000000953675	0.16581000000953675
577	0.4836915256690979	0.27151999999523163	0.16504999999761583
578	0.48306166641235354	0.27304	0.16585000000476838
579	0.4796827609634399	0.27204000000953676	0.16647
580	0.47916963302612303	0.27252	0.16642000000476836
581	0.47805136629104616	0.2722200000190735	0.16608999999523164
582	0.4772527264595032	0.27412000002861026	0.16720000000953675
583	0.4747878368759155	0.27281	0.16693999999523162
584	0.4737533511543274	0.2739499999952316	0.16705000001430512
585	0.47202477239608764	0.2741900000286102	0.16751000000476837
586	0.46909416706085205	0.2731900000286102	0.16863
587	0.46704537594795226	0.27325999999523165	0.16922000001430512
588	0.4655850108909607	0.2728300000095367	0.16877
589	0.46515150886535644	0.27378000002861025	0.16833999999523164
590	0.46177838965415957	0.2733300000095367	0.16986000000953674
591	0.4619132053565979	0.2730900000286102	0.16878999999761582
592	0.4605772042274475	0.27285999999046323	0.1674000000143051
593	0.4572199754238129	0.27242999999523165	0.16948
594	0.45788563247680664	0.2738500000286102	0.1696
595	0.4559143930530548	0.2736100000095367	0.16927999999523163
596	0.4536811729431152	0.27323000000953673	0.16998999999523162
597	0.45285245346069336	0.27395000002861025	0.16991
598	0.4504109585571289	0.2728	0.17049000000953674
599	0.4502140729522705	0.27439000002861025	0.17013000000476838
600	0.4490717244911194	0.27381000001907346	0.17095
601	0.4474616109275818	0.27391999999046324	0.1702900000143051
602	0.447859952583313	0.2756100000190735	0.17063
603	0.44470175298690795	0.27487000000476836	0.17139000001430513
604	0.44229922283172607	0.27436	0.17128999999523162
605	0.439830951461792	0.27404000002861023	0.17237999999523163
606	0.43994592081069944	0.2741100000095367	0.1710400000143051
607	0.4379801266670227	0.27416999999046326	0.17235000001430512
608	0.43699438175201416	0.27531000001907346	0.17252000000953674
609	0.43625780193328856	0.27504000002861023	0.17202000000476836
610	0.4324148834323883	0.2734000000143051	0.1722000000143051
611	0.4321099632740021	0.27504000001907347	0.17346999999523163
612	0.4316223100852966	0.27567000002861025	0.17441
613	0.431614647731781	0.2757900000286102	0.17351000000476838
614	0.4275771615123749	0.27482000000953677	0.17387000000953673
615	0.4275571352005005	0.2755099999904633	0.17364999999523162
616	0.4237493669128418	0.2732899999952316	0.17386000001430513
617	0.4237345303916931	0.27517000000953673	0.17454000000476838
618	0.4219046256828308	0.27484000000953673	0.1751200000143051
619	0.42164024775505066	0.27529000000953674	0.1745900000143051
620	0.4203816491317749	0.27563000000953675	0.17534
621	0.4182555422973633	0.2744	0.17513000000953674
622	0.4163221539878845	0.27488	0.17597
623	0.4180127264022827	0.27701000000953674	0.1762600000143051
624	0.4146972343444824	0.2763499999904633	0.17664000000953675
625	0.41578757265090943	0.27703000000953676	0.17508000000953675
626	0.4129445942687988	0.27631	0.17615999999523163
627	0.41046103189468386	0.27523000002861026	0.17579
628	0.4100010430622101	0.2757200000190735	0.17637000000953673
629	0.4104215167617798	0.27781000001907347	0.17697000000476837
630	0.40708535831451415	0.2759600000047684	0.17700000000476837
631	0.4065547465133667	0.2764200000286102	0.17691
632	0.4074490410041809	0.2785099999904633	0.17814
633	0.40485341686248777	0.2771600000190735	0.17727000000953674
634	0.403861870765686	0.27784000002861026	0.17851000000476838
635	0.4002185890388489	0.27576000000953677	0.17842000000953676
636	0.39978133306503294	0.27569999999046324	0.17754000000953674
637	0.40122511302948	0.27896000000953675	0.17836000000476837
638	0.3994039662742615	0.27826	0.17878
639	0.39648181776046754	0.27715000000476836	0.17894999999761582
640	0.3963050224494934	0.2773500000190735	0.17902000000953674
641	0.3941869599914551	0.2776199999904633	0.1808000000143051
642	0.39118171298980714	0.2761799999904633	0.17917000000476838
643	0.39153551259994507	0.27655	0.17871000000476836
644	0.389692283411026	0.2772900000047684	0.18035999999761582
645	0.3893627276802063	0.27731000000953676	0.18013999999523164
646	0.390176763343811	0.27849999999046327	0.18000000000953675
647	0.3880040902328491	0.2786000000190735	0.18057999999523164
648	0.3853694108963013	0.2779400000095367	0.18081000000476838
649	0.38572203632354735	0.27791000000953675	0.18008000000476837
650	0.3835685937023163	0.2778900000190735	0.18149000000953674
651	0.38102191749572756	0.27689000000953673	0.18109000000476838
652	0.3817300129699707	0.27820999999046325	0.18096999999523164
653	0.3818949571037292	0.27888000002861024	0.18215000001430512
654	0.3795291752529144	0.27809999999046325	0.18153
655	0.37881335947036743	0.27891	0.18232000000476836
656	0.3759957751655579	0.27732000000476836	0.18197
657	0.37471009442329406	0.27812	0.1832
658	0.37252003858566285	0.27666	0.18204000000953674
659	0.37674097658157346	0.28122000002861025	0.183
660	0.3727180013179779	0.27937	0.1830800000143051
661	0.3718305319213867	0.2796500000190735	0.18348000001430512
662	0.37162615234375	0.2800400000190735	0.1838600000143051
663	0.3705087297344208	0.27975	0.18394000000476837
664	0.3675387501144409	0.27848999999046326	0.18331000000476838
665	0.3674589293861389	0.27997	0.18483000000476837
666	0.3680141642189026	0.28028000000953673	0.18360999999523162
667	0.36758409017562865	0.2810600000286102	0.18405000000476837
668	0.3636261497497559	0.27927999999046327	0.18509000001430512
669	0.3627424893093109	0.27921000000476837	0.18415000001430512
670	0.3629053459739685	0.2804000000190735	0.18494999999761583
671	0.36057267562866213	0.27982000000476837	0.18645000000953674
672	0.3596333872318268	0.28078	0.18701000000953674
673	0.3590711143875122	0.2802200000190735	0.1855200000143051
674	0.356899467124939	0.28020999999046325	0.18776000000953674
675	0.3558778971004486	0.2799399999952316	0.18740000000953674
676	0.3559789923477173	0.2811500000095367	0.18723000000476836
677	0.35685216455459595	0.28165999999046326	0.18599000000953675
678	0.3538297323989868	0.2804900000190735	0.18692000000476838
679	0.3533159767627716	0.28073	0.18725000000476838
680	0.35179168756484985	0.28017000002861026	0.18664000000476838
681	0.35033089877128604	0.2811700000190735	0.18844
682	0.35020426063537596	0.2816700000190735	0.18830000000953676
683	0.348305645904541	0.28051	0.18809999999523164
684	0.3484971195793152	0.2817500000286102	0.18890999999523164
685	0.3461233704853058	0.28071000002861024	0.18847000000476838
686	0.34650033146858217	0.28199999999046327	0.18907999999761582
687	0.3449056721496582	0.28105999999046327	0.18947000000953673
688	0.3440108413696289	0.28081000002861023	0.18839000000476838
689	0.3423382174682617	0.2810200000286102	0.18929000000953675
690	0.34331766986846923	0.2834100000286102	0.19074
691	0.34356187561035156	0.28263	0.18917
692	0.3418432731628418	0.28284	0.18912999999523164
693	0.3379411708450317	0.2816800000286102	0.18997000000476838
694	0.3386861705207825	0.2826600000095367	0.19026000000476836
695	0.33804373607635496	0.28180999999046324	0.19053
696	0.33751380986213686	0.28223999999046323	0.19013000000476837
697	0.3357527715873718	0.2831200000190735	0.19204
698	0.33559113406181335	0.2839900000095367	0.19272000000953673
699	0.33351956773757935	0.2822900000286102	0.19127000000953676
700	0.3336306747817993	0.2832100000095367	0.19194
701	0.3314130038070679	0.2821000000095367	0.19203000000476836
702	0.33273339910507205	0.2833400000143051	0.19201
703	0.3308774268722534	0.28375999999046325	0.19229999999523162
704	0.32987832387924193	0.2833699999952316	0.19264000000953674
705	0.3293815542221069	0.28376999999046326	0.19261000000476838
706	0.3294125901699066	0.2845600000190735	0.19289000000953674
707	0.3276268635082245	0.2831500000095367	0.19188999999523162
708	0.3284796823501587	0.28587	0.19437000000476837
709	0.32507268156051633	0.28351	0.19358000000953673
710	0.3256397406864166	0.28456999999523164	0.19367000000476836
711	0.3227353638076782	0.2829500000286102	0.19408000001430512
712	0.3224611836051941	0.28397999999046325	0.19415999999523162
713	0.32093573028564454	0.28418	0.19454000000953675
714	0.32144036107063295	0.28477000000953673	0.19533000000476838
715	0.32141332105636594	0.28492	0.19489000000953674
716	0.32065493646621707	0.2853400000286102	0.19488000000476838
717	0.3172343014907837	0.28358	0.19538999999523163
718	0.3187747592544556	0.28587	0.1959
719	0.31834316195487977	0.2854300000095367	0.19499
720	0.31638643396377564	0.28505000000953673	0.19631999999523164
721	0.3168642529296875	0.2858899999904633	0.19596999999523163
722	0.3128223788738251	0.2836900000286102	0.19567
723	0.3150719044017792	0.2865000000143051	0.19684999999523162
724	0.31237443537712095	0.28535	0.19681000001907348
725	0.3129843502044678	0.28627000000953673	0.19636000001430512
726	0.31082068294525145	0.2848400000047684	0.19665
727	0.3120905194473267	0.28653000002861023	0.1972600000143051
728	0.31090938788414	0.28634999999046323	0.19655000001430512
729	0.309986120223999	0.2867099999952316	0.19803000001430512
730	0.3089805041694641	0.28622000000953673	0.19736000000476836
731	0.30869385013580325	0.28663	0.19757000000476838
732	0.30453269355773926	0.28482000002861024	0.19887000000476837
733	0.3066731948852539	0.2871700000190735	0.19902
734	0.30499638626098635	0.2856100000143051	0.19805999999523163
735	0.30605260635375975	0.28714	0.1982299999976158
736	0.3060368648147583	0.28790000000953675	0.19969999999523164
737	0.30393773604393004	0.2867	0.19920999999523162
738	0.30319632637023924	0.28744000002861025	0.19964000000476836
739	0.30138472929000854	0.28664000000953677	0.20042
740	0.30154203692436216	0.28771999999046327	0.20025000001430512
741	0.3006424000644684	0.28749	0.20039999999523161
742	0.30127119477272035	0.2886700000286102	0.20041000000953674
743	0.3006850475215912	0.2888000000286102	0.20094000000953674
744	0.2975790317440033	0.2875400000095367	0.20040000000476837
745	0.2961645804595947	0.2869900000190735	0.20086
746	0.2956265519237518	0.28736000002861023	0.20147000000953674
747	0.29498047184944154	0.2866500000095367	0.20066000000953674
748	0.29617938067436217	0.28862000000953675	0.2018700000143051
749	0.2958888693237305	0.28855	0.2019200000143051
750	0.2925052268218994	0.28782	0.20315000000953673
751	0.2922312085533142	0.2873900000047684	0.2019600000143051
752	0.2916325158214569	0.28749000001430514	0.20187000000476837
753	0.29084191289901734	0.2879000000286102	0.2026200000143051
754	0.29173383266448977	0.28975999999046326	0.20344999999523164
755	0.29111590660095216	0.2888500000286102	0.20250000000953675
756	0.2905783416938782	0.28925	0.20362000000476838
757	0.28956486192703246	0.2886500000095367	0.20373000000953675
758	0.28749738974571226	0.28790000000953675	0.20341000001430512
759	0.288413835477829	0.2893300000190735	0.20329000000953673
760	0.287338869972229	0.28836	0.2030700000143051
761	0.2875066709899902	0.2899000000286102	0.20354000000476838
762	0.284910786151886	0.28877000000953673	0.2043900000143051
763	0.2848778912258148	0.28973	0.20487999999523163
764	0.2853991547393799	0.2901000000190735	0.20449
765	0.28226141801834104	0.2887800000143051	0.20535
766	0.2823234979248047	0.28926999999046327	0.20540000000476838
767	0.28027818329811094	0.2882900000286102	0.20472000000953675
768	0.2827332373046875	0.29041000000953676	0.20522999999523162
769	0.2792358781814575	0.28879	0.20601000000953673
770	0.27985585105895994	0.28934	0.20511000001430513
771	0.27958444692611695	0.29041000000953676	0.20619999999523164
772	0.2796371267700195	0.2903	0.20673000000476838
773	0.27917742965698245	0.29078	0.20626
774	0.27850444964408877	0.29010000001430514	0.2063
775	0.2778288587856293	0.29064000000953677	0.20704000000953673
776	0.2763009619522095	0.29043999999046327	0.20732000001430512
777	0.27402817490577697	0.28971	0.20747
778	0.27429290884017943	0.2904900000190735	0.20813000000953674
779	0.2750862409210205	0.29072	0.20734
780	0.27462820172309876	0.29173	0.20853
781	0.2744284838294983	0.29138000000953673	0.20731999999523162
782	0.27325331117630003	0.29170000002861024	0.2086100000143051
783	0.2706074243736267	0.2896300000286102	0.20794000000953675
784	0.2720485636329651	0.29146000000953676	0.20824000000953674
785	0.2715145160484314	0.29208000002861023	0.20918000001430512
786	0.2711868949508667	0.2917599999952316	0.20778999999523162
787	0.27068019681930544	0.29179	0.20887000000476838
788	0.2706914609527588	0.29210000000953673	0.20896000000953674
789	0.27025537148952483	0.29241	0.20871000000953674
790	0.26830589807510374	0.29119000002861023	0.20829
791	0.2664872995185852	0.29083	0.20949000000476836
792	0.26730536339759825	0.2915300000190735	0.20885000000953674
793	0.2661820543241501	0.2920899999952316	0.21038
794	0.2659712872982025	0.29245	0.21057
795	0.26516746249198914	0.29275000000953677	0.21103
796	0.2648402046012878	0.2918700000095367	0.21025
797	0.26484956050872804	0.2925100000286102	0.21047999999523162
798	0.2632058393096924	0.29202999999046325	0.21045000000953673
799	0.2632579831123352	0.2923800000190735	0.21126000001430512
800	0.26185204325675965	0.29231000002861024	0.21083999999523162
801	0.2594499266242981	0.29147000002861023	0.21198000000953673
802	0.26236672833442687	0.29393000000953673	0.21251
803	0.2612077348804474	0.2936500000095367	0.21213
804	0.2598860348892212	0.2929900000190735	0.21177000000476837
805	0.25935433240890504	0.29268	0.21213000001430513
806	0.26106616362571716	0.29386	0.21208000000476837
807	0.25912554162979123	0.29342999999046326	0.21251000001430512
808	0.2581492535018921	0.2929399999904633	0.2119
809	0.2596685047626495	0.2950300000095367	0.21337000001430512
810	0.25587025331497193	0.29269000000953677	0.21365000001430512
811	0.25615703969955445	0.29432000000953673	0.21405
812	0.2563876657152176	0.2939200000095367	0.21318000000953674
813	0.2561600574398041	0.29370000002861024	0.21247000002861022
814	0.2558452914142609	0.29389	0.21370000000476838
815	0.25441803236007693	0.29375000002861024	0.21411
816	0.25412107655525207	0.29458000002861023	0.21541000000476837
817	0.2555289373588562	0.2948299999904633	0.21332
818	0.2535761643123627	0.2947600000190735	0.21451999999523164
819	0.2523110842132568	0.2938400000286102	0.21378
820	0.25147307298660276	0.29444999999046323	0.21512999999523164
821	0.25136326283454896	0.29447000000953677	0.21466000000476837
822	0.2510883198928833	0.29437	0.21413999999523162
823	0.25163371013641356	0.29487000002861025	0.21517999999523163
824	0.2504365082550049	0.2942200000143051	0.21473000000953674
825	0.2485097798728943	0.29449000001430514	0.21585000000953675
826	0.24866242250919343	0.2941200000190735	0.21473
827	0.24797447402000428	0.2942500000190735	0.2153300000143051
828	0.24894547618865967	0.29528000000953675	0.21528
829	0.24788532088279724	0.2952000000095367	0.21629000000953674
830	0.24589280870437621	0.29431999999046327	0.21603999999523163
831	0.24707751516342163	0.2959200000190735	0.21735999999523162
832	0.24515358518600464	0.2947600000095367	0.2160500000143051
833	0.24478851328372955	0.2948200000190735	0.21720000000476838
834	0.24664708837509156	0.2966100000190735	0.21772999999523163
835	0.24527862822532653	0.2958900000190735	0.21746999999523162
836	0.2424649589920044	0.29379000001907346	0.2168
837	0.2437902441596985	0.29582	0.21752000000953675
838	0.24225114124298094	0.29456	0.21628999999523163
839	0.24328193830490114	0.29543000000953673	0.21694000000953675
840	0.24253759950637818	0.29599	0.21748000000476836
841	0.24118832082271577	0.29551000000953676	0.21809000000953674
842	0.2418375828409195	0.29567	0.21772000000953673
843	0.24177443851947786	0.29603	0.21699000000476837
844	0.24180568137168884	0.29649999999523163	0.21763000000953675
845	0.24060527616977692	0.29679	0.21833
846	0.24094350177764892	0.29593000002861025	0.21783999999046325
847	0.23978924782276154	0.2959399999904633	0.2183300000143051
848	0.23804955752372742	0.29584999999046324	0.21865999999523164
849	0.2390857474565506	0.2975100000286102	0.21948
850	0.23763648616790772	0.2950000000286102	0.21764000000953673
851	0.2373060623550415	0.2962600000190735	0.21896000001430513
852	0.2380504335975647	0.29701	0.21926999999046326
853	0.2353961974811554	0.2959799999952316	0.21932
854	0.2368617664527893	0.29707000000953676	0.21944999999523163
855	0.23581737562179567	0.29612999999046324	0.21943000001430513
856	0.23546893683433534	0.29663	0.21953000000476838
857	0.23483447494506837	0.29579000001907346	0.21883
858	0.2341276240348816	0.2967700000286102	0.22010000001907348
859	0.23214477989673615	0.29588000000953674	0.22006
860	0.23156280909538268	0.29564999999046326	0.22015000001430512
861	0.2341423519706726	0.29742000002861024	0.22067000000953674
862	0.2337485720539093	0.29785999999046325	0.22071000002861024
863	0.23208495442390442	0.29690000001907346	0.22085000000953675
864	0.23519986001968385	0.29813	0.21893
865	0.2303999480342865	0.2957300000190735	0.21993999999523162
866	0.2315121392917633	0.29752000001907347	0.22107000000953675
867	0.23042640394210814	0.29762	0.2221000000143051
868	0.22941282442092895	0.2961599999904633	0.22103000000953674
869	0.23155060970783234	0.29836	0.22159000001430512
870	0.23066956580162049	0.29793	0.22075000000953673
871	0.2304728358745575	0.2982300000286102	0.22150000001430512
872	0.22875734345912932	0.29763	0.22185
873	0.22877687275409697	0.29791000000953677	0.2227100000143051
874	0.22711060695648194	0.29778	0.2234
875	0.22823209280014037	0.29894999999046323	0.22335000000953675
876	0.22739063761234282	0.2974200000095367	0.22168999999523162
877	0.2274764497232437	0.2981500000190735	0.22303999999523164
878	0.22624295292377472	0.29752000001907347	0.22232999999523162
879	0.22716030919075011	0.2988600000095367	0.22339000001430512
880	0.22438082318305969	0.29698000002861025	0.22321999999046327
881	0.22557853642463685	0.29819999999046326	0.22316000000953673
882	0.22587874650001527	0.2979200000190735	0.22210999999523162
883	0.22583478051662445	0.2989400000190735	0.22333000000953673
884	0.22364872251987458	0.2983799999904633	0.22370000000476836
885	0.2223328955936432	0.2971600000286102	0.22339
886	0.22231606285572053	0.2970900000190735	0.22320000000476836
887	0.22510687142848967	0.2992700000286102	0.22295000001430512
888	0.22321027846336364	0.29802	0.2230200000143051
889	0.22379504546165466	0.2995800000190735	0.22496000000476837
890	0.22295302989959717	0.2985800000190735	0.22320000001430512
891	0.22263552444458007	0.2991700000286102	0.2238500000190735
892	0.22330815576076507	0.2997800000286102	0.22459
893	0.21902069139003755	0.29679000000476835	0.22351999999523162
894	0.22086174976825715	0.29898000001430514	0.22443000000476837
895	0.21954796713829042	0.29773000001907346	0.22413
896	0.21990033867835998	0.29874000002861023	0.22414000001430512
897	0.22025257239341736	0.29869000002861024	0.22421999999046327
898	0.21906508135795594	0.29894999999046323	0.2249900000143051
899	0.2203283271741867	0.30009	0.22513000000953673
900	0.21985737619400025	0.29969	0.22529999999523162
901	0.2192236481809616	0.2995899999952316	0.22517999999523164
902	0.2192636873149872	0.29994	0.22541
903	0.21853129566669463	0.2996099999904633	0.22536000000953674
904	0.21864550209999084	0.29915000002861025	0.22424000000476838
905	0.21898871600151062	0.3004200000095367	0.22546000000953675
906	0.2156937009716034	0.29846	0.22598999999523162
907	0.2169138087272644	0.29952000002861023	0.22606000002861024
908	0.2150486875295639	0.29802000001907347	0.22487000001430513
909	0.21697012369155882	0.2996700000286102	0.22567000000953674
910	0.2158009053516388	0.2991900000190735	0.22574999999523163
911	0.21649986445426941	0.29992	0.22507
912	0.21624468226909638	0.30045000001907346	0.22606000000476836
913	0.21417402326583862	0.29965999999523163	0.22692999999523164
914	0.21416031519412995	0.29972000000953675	0.22616999999523163
915	0.2133549050951004	0.29861	0.22567999999523164
916	0.21390870253562927	0.29961000000953675	0.22676999999523162
917	0.21266845406532286	0.29907000002861023	0.22584000000953675
918	0.2114208800983429	0.2986599999904633	0.22605999999523163
919	0.2127344863128662	0.29902999999046326	0.22598000001430513
920	0.2105408217906952	0.2983799999904633	0.22664000000953674
921	0.21146419707298278	0.29949	0.22706999999523164
922	0.21307873885154724	0.30090000001907347	0.22760000000953676
923	0.21111639898300172	0.29907000000953676	0.22692
924	0.2105424811935425	0.2985900000095367	0.2262500000190735
925	0.20978018698692322	0.29823999999046324	0.22611000000953674
926	0.21141073600292207	0.29946	0.22591000000953673
927	0.2105669386959076	0.30019	0.22717000000476836
928	0.21210106481552124	0.3012600000190735	0.22782999999523162
929	0.20910863497257232	0.29892000002861024	0.22693
930	0.21106745120048523	0.3010500000190735	0.22677000000953673
931	0.2089782012462616	0.29887000000953673	0.22699000000953673
932	0.2077948457813263	0.29808	0.2264600000190735
933	0.2086249088668823	0.2997800000190735	0.22795999999046326
934	0.20858391314029692	0.30004	0.22725000001430512
935	0.20861903415203095	0.29972	0.22648
936	0.20841933101654053	0.30011000000953675	0.22741
937	0.2077500821828842	0.29968000000953676	0.22789999999523164
938	0.20786203499794006	0.30096	0.22897999999046326
939	0.20672668076515197	0.29951	0.22757000002861022
940	0.20746228824615479	0.3003799999904633	0.22765
941	0.20659892957687379	0.30053	0.22865
942	0.20753008722305297	0.30115000002861025	0.22848
943	0.20719928832054138	0.30076000000953673	0.22715
944	0.2065938300561905	0.30044000000953675	0.22777999999523163
945	0.20601906519889832	0.30052000000953677	0.22789000001430512
946	0.205216187915802	0.29979000001907347	0.22752
947	0.20553069457530976	0.30068000001907347	0.22831999999523162
948	0.20412945528507231	0.29956999999046324	0.22772999999523164
949	0.20445024666786193	0.3000000000286102	0.22786000000476836
950	0.20450426975250244	0.2994500000286102	0.22750000002861023
951	0.20423268171787262	0.30003999999046327	0.2283
952	0.2043201490020752	0.3001400000190735	0.2283200000143051
953	0.20420412799358367	0.30093000000953674	0.22974999999046325
954	0.20343588302612306	0.30007000002861023	0.22830999999523163
955	0.20448195127487181	0.3002699999904633	0.22756000000953674
956	0.20272438687324523	0.29976	0.22830000001430512
957	0.2028494346475601	0.2998900000286102	0.22746999999523163
958	0.20317140992164612	0.30102000002861024	0.22920000000476837
959	0.20395219183921814	0.3011500000047684	0.22887
960	0.20258486364364625	0.30076000000953673	0.2286000000190735
961	0.2009814665746689	0.29946000001907347	0.22851999999523162
962	0.2028814824962616	0.3013200000190735	0.22828999999046326
963	0.1983717542743683	0.29887000000953673	0.22919
964	0.20095913990020753	0.29985000000953677	0.22861000000953674
965	0.20071443515300752	0.3003700000190735	0.22920000000476837
966	0.20036964074134828	0.2998400000286102	0.22803000000476836
967	0.20089777896881103	0.3003100000095367	0.22849999999523163
968	0.20056483714580536	0.30096000000953677	0.22933000001430512
969	0.19895038399219514	0.29951000000953676	0.22876000000953675
970	0.19961030525684356	0.29996000001907347	0.22876000000953675
971	0.19972822836875914	0.30041999999046326	0.22867000001430512
972	0.1994014828109741	0.30068	0.22991
973	0.1984298180627823	0.30019000002861024	0.22949
974	0.19841169419288635	0.2998	0.22910999999523163
975	0.1990486984539032	0.2998400000286102	0.22789999999523164
976	0.19741295111179352	0.29876000002861025	0.22784
977	0.19858491042137147	0.3009700000190735	0.22881
978	0.19986436339378358	0.30103	0.22886000001430512
979	0.1969230708360672	0.29954	0.22894
980	0.1975187031555176	0.3005600000286102	0.22901000000953675
981	0.19701320514678955	0.29878	0.22822000002861023
982	0.197618902425766	0.3002700000286102	0.22914000001430512
983	0.19623120758056642	0.29913000001907347	0.22949000000476838
984	0.19974426221847535	0.30220000002861025	0.22967000000953675
985	0.19760750211238862	0.30008000002861024	0.22912
986	0.1978647002363205	0.3000000000190735	0.22849
987	0.19716047230243683	0.2991600000286102	0.22857000000953676
988	0.19628435412406922	0.29898000002861025	0.22900999999523164
989	0.19909132587432862	0.30177999999046323	0.23042000000953675
990	0.1992619512748718	0.3005300000095367	0.22806000000953675
991	0.19661743496418	0.29947000002861024	0.22882000000953676
992	0.19750051973342894	0.29964	0.22867000000476836
993	0.19812120554924012	0.3003000000190735	0.22866000000476838
994	0.1982286986732483	0.3001200000286102	0.22905000001430512
995	0.19785206086158752	0.30057000001907347	0.22911000001430512
996	0.19745909120559693	0.30021	0.22962
997	0.1975658802986145	0.29950000000953675	0.22844999999523163
998	0.19625303679466247	0.29990000001907346	0.23007000000476838
999	0.1973042262649536	0.30015000002861025	0.22950000001430512
