epoch	loss	acc	certified
0	0.9008800479888917	0.1945833333412806	0.09401666666666667
1	0.847478266620636	0.20385000001589457	0.17190000001589456
2	0.8009164120992025	0.32001666666666667	0.14135
3	0.5986676875432332	0.63155	0.21993333333333334
4	0.44925636919339496	0.7160166666666666	0.3977833333492279
5	0.35465634961128234	0.7628666666984558	0.53605
6	0.264335351228714	0.8448333333333333	0.6296500000635783
7	0.18804484497706095	0.889716666730245	0.7290166666666666
8	0.15351233343283335	0.9111166666984558	0.7757500000317892
9	0.130064664765199	0.9259500000635783	0.8066500000635783
10	0.11455043340921402	0.9344500000635783	0.8295333333333333
11	0.10255758543809256	0.9424166666666667	0.8440166666984558
12	0.09005759967565537	0.95105	0.8608166666984558
13	0.08294100296894709	0.9548333333651224	0.8713333333969117
14	0.07737925171057383	0.9578333333651224	0.8801666666984558
15	0.0702955480436484	0.9629166666984558	0.8886833333969116
16	0.06687943512996038	0.9638833333333333	0.8954666666666666
17	0.062374717948834105	0.9668166666666667	0.9009
18	0.05923276335398356	0.9685333333969116	0.9052500000635783
19	0.05700200232664744	0.9698666666666667	0.9087833333969116
20	0.054411535970369976	0.9721833333969117	0.9122166666984558
21	0.05212829292615255	0.9734666666984558	0.914966666730245
22	0.049786115924517316	0.9742333333651225	0.9175333333651224
23	0.04882845264275869	0.9747833333333333	0.9196166666984558
24	0.04687299376130104	0.9756666666984558	0.9233166666666667
25	0.04541586299737294	0.977266666730245	0.9251833333651225
26	0.043983120506008465	0.9782	0.9263
27	0.04273664561609427	0.9786833333333333	0.9276333333651224
28	0.04144736003279686	0.9784500000317892	0.9311166666666667
29	0.04044169430732727	0.9798500000635783	0.9314166666666667
30	0.039165440173943834	0.9808333333651225	0.9328
31	0.03830828934311867	0.9806833333651225	0.9347500000635783
32	0.037345305856068926	0.9812833333969117	0.936716666730245
33	0.036422405938307444	0.9814333333969116	0.9378666666666666
34	0.035853324127197266	0.9822333333969117	0.9379833333651225
35	0.035778888235489525	0.9822666666984559	0.9384833333969116
36	0.034613763932387034	0.9830833333651224	0.9406833333969116
37	0.033610098640124	0.9834000000635783	0.9412500000635783
38	0.032742307460308075	0.983366666730245	0.9430666666984558
39	0.03257162263393402	0.9843500000317892	0.9432833333651225
40	0.032128183109064894	0.98445	0.94355
41	0.03183970603942871	0.984216666730245	0.945166666730245
42	0.031223848708470663	0.9846166666984558	0.9451666666984558
43	0.03094684546391169	0.9848500000635783	0.9459833333651225
44	0.030691178149481614	0.9846833333333334	0.9464166667302449
45	0.02993601001004378	0.9855333333333334	0.9474666667302449
46	0.029282125833630563	0.9859833333333333	0.9477000000317891
47	0.0296687326669693	0.9857000000635783	0.948216666730245
48	0.02922764008641243	0.9856166666984558	0.9487000000317891
49	0.02833770368397236	0.9863000000317892	0.9488833333969117
50	0.028684838112195334	0.986366666730245	0.9488500000635783
51	0.027767448192834856	0.9867000000317891	0.9504833333969116
52	0.027214708113670348	0.987166666730245	0.9506000000635783
53	0.02675639055967331	0.9873166666666666	0.9521500000635783
54	0.027017935236295063	0.9870833333651224	0.9507333333969116
55	0.026708753816286724	0.9872500000635783	0.9522500000317892
56	0.0261762892862161	0.9875666666984558	0.9524000000635783
57	0.02595221425294876	0.9872833333969117	0.9526166667302449
58	0.025893022497991722	0.98755	0.95325
59	0.025515280145406723	0.9871000000317891	0.9547166666984558
60	0.025474580723047258	0.9880333333651224	0.95355
61	0.024761869491140048	0.988216666730245	0.9546333333333333
62	0.024616621413826943	0.9878166667302449	0.9549500000317891
63	0.024346319317817687	0.9883500000635783	0.9547
64	0.02448050064146519	0.9881833333651224	0.9552666666666667
65	0.023836813682317735	0.9888833333969116	0.9559333333333333
66	0.02398811801870664	0.9887000000635783	0.9558000000635782
67	0.023250814230243364	0.9889500000635782	0.9567333333651225
68	0.024122489498058956	0.9885166666984558	0.9564333333651225
69	0.023870398660500846	0.9889000000635783	0.956016666730245
70	0.023189752947787443	0.9892	0.9566833333333333
71	0.02263112440009912	0.9891333333651224	0.9578500000635782
72	0.022310502741734187	0.9896833333651225	0.9585666666666667
73	0.02252814279794693	0.98975	0.9572833333969116
74	0.022393377670645715	0.9898000000635783	0.957866666730245
75	0.02214972103834152	0.989466666730245	0.9581000000317892
76	0.022385240625350463	0.9899	0.9576333333333333
77	0.021988351984818775	0.9897666666666667	0.9584666666984558
78	0.020754102621475857	0.9899166666666667	0.9599
79	0.02191742992599805	0.98975	0.9590333333969117
80	0.02153544941842556	0.9899666666666667	0.9591166666666666
81	0.0215556911667188	0.9902000000317891	0.9591166666984559
82	0.021731639769673346	0.9906333333969116	0.9583333333969116
83	0.020832997183998427	0.9904333333969116	0.9601833333651225
84	0.020975834027926125	0.9902666666984558	0.9602333333333334
85	0.021092846243828536	0.9902333333333333	0.9599666666984558
86	0.021108387968937554	0.990266666730245	0.9607666666984558
87	0.020617524101336798	0.9909833333333333	0.9607166667302449
88	0.020190530378619828	0.9909833333969116	0.961266666730245
89	0.020258571820457778	0.9910166666666667	0.9606000000635783
90	0.020543148934841157	0.9905500000317892	0.9609833333651224
91	0.019538157252470652	0.9909833333969116	0.9614500000317892
92	0.019163555961847305	0.9910333333969116	0.963016666730245
93	0.020040392871697742	0.9910666667302449	0.9611666666984559
94	0.0199914091527462	0.9907333333969116	0.96195
95	0.019631667431195578	0.9913166666666666	0.9617333333333333
96	0.019521165687342485	0.9912666666666666	0.962116666730245
97	0.019567880394061408	0.9912500000317891	0.9618666667302449
98	0.0187512991397758	0.9915	0.9631666666666666
99	0.019528747554620106	0.991166666730245	0.9617666666666667
100	0.01909504887163639	0.99145	0.9633333333333334
101	0.01912071844538053	0.9913833333651225	0.9629666666666666
102	0.0190977121313413	0.991466666730245	0.9613666666984558
103	0.019031842864553134	0.9915833333333334	0.962
104	0.01922690559824308	0.9915	0.9617000000635783
105	0.0190043455461661	0.9920166667302449	0.9616500000635783
106	0.018636964333057403	0.9919333333651225	0.9624833333969116
107	0.019043770018219948	0.9917666666666667	0.9607833333651224
108	0.01908949839671453	0.9918500000635783	0.9614000000635783
109	0.01865497632374366	0.9919666667302449	0.9615500000317891
110	0.01898069212635358	0.9918	0.961466666730245
111	0.01904002498984337	0.9921166667302449	0.9601166666984559
112	0.01898680781722069	0.9920333333333333	0.9602000000317892
113	0.019148262804746626	0.9914333333651225	0.9612
114	0.01895432178179423	0.991616666730245	0.9612333333969116
115	0.01880690707912048	0.99225	0.960266666730245
116	0.019077806577583154	0.9920333333333333	0.9592333333333334
117	0.018741898081700008	0.9924166666984559	0.9597166667302449
118	0.019019734271864097	0.99235	0.9590333333333333
119	0.018958072369297346	0.9921500000317891	0.9592666666984558
120	0.019143007345994313	0.9924833333969116	0.9584000000317892
121	0.018611805219451587	0.9922833333333333	0.9592833333333334
122	0.019279875489448508	0.9921666666666666	0.9585666667302449
123	0.018721237602829933	0.992166666730245	0.9593666666666667
124	0.018536375362674395	0.992466666730245	0.9592833333651225
125	0.01882790113488833	0.9924166666984559	0.9594500000317892
126	0.01896316167910894	0.9926333333969116	0.9581166666984559
127	0.018269137032330036	0.9929833333333333	0.9587333333969116
128	0.018679575726389886	0.9928166667302449	0.9586500000317891
129	0.019561833825707437	0.9922833333651224	0.9567333333969116
130	0.018932261816660564	0.9922333333969117	0.9574166666984558
131	0.01910030324459076	0.9923333333969117	0.9581166666984559
132	0.019255418560653926	0.9927166666666667	0.9566000000635783
133	0.018119180727998417	0.99295	0.9588666666984558
134	0.01865082300802072	0.99305	0.9575166666666667
135	0.01904111429254214	0.9925333333969116	0.9573833333969116
136	0.018976507991552354	0.9929166666666667	0.9567666667302449
137	0.019560716297229132	0.9925833333969116	0.9560000000635783
138	0.019594254779815672	0.992366666730245	0.9558166666666666
139	0.018950773025055725	0.9926833333333334	0.9568500000317891
140	0.019140415035684904	0.9929333333333333	0.9556500000635783
141	0.01972250961512327	0.9923	0.9543000000317892
142	0.019373889589309693	0.9926000000635783	0.9558000000317891
143	0.01923104800482591	0.9925833333333334	0.955866666730245
144	0.019438767128189406	0.9927000000635783	0.9554833333969116
145	0.01848942420085271	0.9932500000635783	0.9566
146	0.019436041510105133	0.9926833333969116	0.9552
147	0.019186346702774366	0.9925666666666667	0.9548
148	0.01923439558148384	0.9928833333333333	0.9545666666984558
149	0.01963805845975876	0.9929166666666667	0.9538166666666666
150	0.019253268599510192	0.9929833333969116	0.9536666667302449
151	0.01941909584502379	0.9929166666984558	0.9539666666666666
152	0.01939529110789299	0.9929833333969116	0.953366666730245
153	0.019119677895804245	0.99315	0.9539333333651224
154	0.01916216067572435	0.9931500000635783	0.9543000000317892
155	0.019016165893276534	0.9931	0.9536333333333333
156	0.019162226192156472	0.993316666730245	0.9533833333969116
157	0.019514426209529243	0.9928333333969116	0.9531500000317892
158	0.019599971571564675	0.9930833333333333	0.952016666730245
159	0.01975905500911176	0.9927	0.9534000000635783
160	0.019897723498940468	0.9930333333333333	0.95165
161	0.019665027104939024	0.9931666666666666	0.9526666666666667
162	0.019356223719815414	0.9933833333333333	0.9522166666666667
163	0.019453220848242442	0.9930333333651225	0.9524333333651225
164	0.019455350170532862	0.9934166666984559	0.9527166666984558
165	0.019669243728121122	0.9930666667302449	0.9514
166	0.019650063180923463	0.9928333333333333	0.9522
167	0.019441185899575553	0.9931833333969117	0.9505500000635783
168	0.019604646077752114	0.99335	0.9511000000635783
169	0.019786567789812883	0.9932	0.9509500000635783
170	0.01945819242596626	0.9932333333651224	0.9519000000635783
171	0.019855668816963833	0.9930000000317891	0.94955
172	0.019508225825428962	0.9931	0.9511500000317892
173	0.019503784946600596	0.9932833333333333	0.9506500000635782
174	0.0199441199918588	0.9931666666666666	0.9505166666666667
175	0.019810288226604463	0.993416666730245	0.9495333333969116
176	0.019718158436318238	0.9933	0.9487666666984558
177	0.019476837248603503	0.9936166666984558	0.9497000000317891
178	0.01963514774988095	0.9930333333333333	0.949966666730245
179	0.020021917912364007	0.9931666666666666	0.9492000000317892
180	0.019996506037314732	0.9932	0.949
181	0.02025043523311615	0.9932333333333333	0.9483500000317892
182	0.019676655691862107	0.993466666730245	0.9490333333969116
183	0.019835312369465827	0.9933	0.9494166666984558
184	0.020125543639063836	0.9932833333333333	0.9474500000317891
185	0.019774186261494953	0.9934333333651225	0.9487666667302449
186	0.02017763474782308	0.9930333333651225	0.9477500000635782
187	0.020185231770326693	0.9933	0.947316666730245
188	0.019955562107761702	0.99365	0.9488
189	0.019965457179148993	0.9933833333969116	0.9484833333333333
190	0.019933017494281134	0.99355	0.9465833333969116
191	0.020149092617630957	0.993266666730245	0.9475000000317891
192	0.020324469286203385	0.9934333333333333	0.9466166666984558
193	0.020666990449031194	0.9932	0.9454166666666667
194	0.020560617772241434	0.9933666666666666	0.9461833333333334
195	0.020119196389615537	0.9933833333969116	0.94575
196	0.020291080630819004	0.99365	0.9459333333333333
197	0.020825691922505697	0.9930166666984558	0.9457166666984558
198	0.020458598811427753	0.9934	0.9443666667302449
199	0.02013831253151099	0.9936833333333334	0.9460000000317892
200	0.02064352863629659	0.99305	0.944766666730245
201	0.02034758558968703	0.9935833333333334	0.9462833333651225
202	0.02040086663365364	0.993616666730245	0.9441500000317892
203	0.020437295645475386	0.99335	0.9460166666984559
204	0.020973730412125587	0.9932	0.9439500000635783
205	0.02031333974202474	0.9935333333969116	0.9443833333333334
206	0.020436064818501472	0.9933166666666666	0.9447000000635782
207	0.02091605834364891	0.99315	0.9434000000317891
208	0.020937799722949665	0.9933333333333333	0.9441500000317892
209	0.020590987717111906	0.9935333333969116	0.9441666666666667
210	0.021260833966732024	0.9933000000317892	0.9424333333969116
211	0.020802492292722068	0.9933333333969117	0.9430166666984559
212	0.020843980819483597	0.9937833333333334	0.9429666666666666
213	0.020711607920130094	0.9938333333969116	0.9430666666666667
214	0.020526379044850666	0.993616666730245	0.9432333333333334
215	0.02065577468574047	0.9934333333333333	0.9419833333969116
216	0.020439935166637103	0.9937333333333334	0.9437333333969116
217	0.020716853108505406	0.9939166666666667	0.9416666666984558
218	0.02156403608719508	0.9930166666666667	0.9419333333969117
219	0.02147553010781606	0.99335	0.9423166666984558
220	0.021492964494228363	0.9933666666666666	0.9409
221	0.02091794382929802	0.9934833333969116	0.9413333333969116
222	0.020387566023071606	0.9936	0.9423833333333334
223	0.021970195613304773	0.9933333333969117	0.9400500000317892
224	0.02129303391079108	0.9931833333333333	0.9407
225	0.021324155402183534	0.9933833333333333	0.9406333333969116
226	0.021547757298747697	0.9935833333333334	0.9395500000317891
227	0.02120237642725309	0.9932166666666666	0.9403833333969116
228	0.02151745361685753	0.9936000000635783	0.9395333333333333
229	0.021005811908841134	0.993616666730245	0.9398666666666666
230	0.021369347688555716	0.9935833333969116	0.9396500000635782
231	0.021275210703412692	0.9937500000635783	0.939066666730245
232	0.02162516892751058	0.99315	0.9386333333333333
233	0.02173832100778818	0.9933833333333333	0.9391333333333334
234	0.021643379326661428	0.9933500000635783	0.9391833333969116
235	0.021769653510550657	0.9935166666666667	0.9372333333333334
236	0.021463889201482136	0.9937333333333334	0.93785
237	0.021621220993995667	0.9933833333969116	0.9373833333333333
238	0.02139249428411325	0.9936166666666667	0.9380666666666667
239	0.021417904673020044	0.9936500000635783	0.9389500000635783
240	0.021915275276700657	0.99355	0.9362
241	0.022014398288726807	0.9934833333969116	0.9365000000635783
242	0.022257297028104465	0.99335	0.9364166666984558
243	0.021441591447095076	0.9934333333333333	0.9376333333333333
244	0.022018286397059758	0.9934333333651225	0.9372000000317892
245	0.0221402361497283	0.9934333333333333	0.9358333333651224
246	0.021966015738248825	0.9933666666666666	0.9358500000635783
247	0.021904041103521982	0.9932833333333333	0.9366333333651224
248	0.022498323785265287	0.9933166666666666	0.93585
249	0.02189284109075864	0.9935500000635783	0.936966666730245
250	0.021946191706260044	0.9935833333651225	0.9363000000317891
251	0.02187687406440576	0.9932833333969117	0.9359666666666666
252	0.022577946918209395	0.993416666730245	0.9355
253	0.02237246590455373	0.99365	0.9343833333651225
254	0.02221146988670031	0.99375	0.9340833333651225
255	0.022565652193625767	0.9938000000635783	0.9346333333651224
256	0.022221741692721845	0.9936	0.9347833333651224
257	0.022606797263026238	0.9933666666666666	0.9334000000635783
258	0.02263815780679385	0.9935000000317892	0.9328166666666666
259	0.022641859648625057	0.9932833333333333	0.9319166666984559
260	0.02288775029083093	0.9935666666666667	0.9324333333651225
261	0.022466363831361136	0.9938166667302449	0.9331500000635783
262	0.02253292727942268	0.99325	0.9338833333333333
263	0.022621228074034053	0.9934833333969116	0.9328000000635783
264	0.023081685815254847	0.9928833333333333	0.9315333333333333
265	0.022797552188237508	0.9934333333333333	0.9322000000635783
266	0.023033928084373476	0.9935166666666667	0.9315666666984558
267	0.02308705206165711	0.99325	0.9298333333651225
268	0.023143199183543524	0.9935500000635783	0.9310500000317892
269	0.02343642839094003	0.99315	0.9304333333651225
270	0.023141707586248717	0.9934166666666666	0.9307333333969117
271	0.02325425814787547	0.9935666666666667	0.9307166666666666
272	0.023159664814174176	0.9933833333333333	0.9295333333333333
273	0.02363452049791813	0.9931166667302449	0.9290833333969116
274	0.023182541106144587	0.9934833333651225	0.9299333333969116
275	0.023669451516866682	0.9935833333333334	0.9299000000317892
276	0.023600237802167735	0.9930833333333333	0.92795
277	0.023514484771092733	0.993216666730245	0.9293166666666667
278	0.023138552059729894	0.9936833333969116	0.92925
279	0.023532144631942115	0.9930833333651224	0.9285166667302449
280	0.02391141993800799	0.9930333333333333	0.92685
281	0.02355562676837047	0.9932666666666666	0.9284333333651225
282	0.023906229084730148	0.9933666666666666	0.9271666666666667
283	0.023435316956043242	0.9931333333969116	0.9279000000635783
284	0.023394357204437256	0.9933500000317892	0.928
285	0.02360957240263621	0.9933500000635783	0.9275500000317891
286	0.023866471441586812	0.993516666730245	0.9259000000317892
287	0.024145969358086584	0.993266666730245	0.9256500000317891
288	0.023653265725572904	0.9933666666666666	0.9275666666666667
289	0.024002731902400654	0.9934000000635783	0.9260833333969116
290	0.02405232687195142	0.9933666666666666	0.9271333333969116
291	0.02474448492129644	0.9933000000635783	0.9250000000635783
292	0.024235318303108214	0.99305	0.9256333333651224
293	0.024344340660174688	0.9934833333969116	0.9240500000635783
294	0.024207298769553503	0.9935000000317892	0.9247500000317892
295	0.024281036906441053	0.99345	0.9240333333333334
296	0.024639929538965225	0.993366666730245	0.9237000000635783
297	0.024206032659610112	0.993366666730245	0.9246000000635783
298	0.024465686649084092	0.9934333333333333	0.9238833333333333
299	0.024485208827257156	0.993166666730245	0.9225833333333333
300	0.024382881367206573	0.9932833333969117	0.9226333333333333
301	0.02477448170383771	0.9930833333333333	0.9228833333333334
302	0.02441002200345198	0.9934666666666667	0.9229000000317892
303	0.02492969870766004	0.9930666666984558	0.9218833333969116
304	0.02515779687166214	0.9934166666666666	0.9218000000635783
305	0.02494688462615013	0.9929666666666667	0.921
306	0.025116627240180968	0.9934833333333334	0.9211000000635783
307	0.025312688253323237	0.9931333333969116	0.9210333333651225
308	0.025083768793940545	0.9934	0.9208833333333334
309	0.02519556398789088	0.9932000000635783	0.9206500000635783
310	0.02491181245247523	0.9931166666666666	0.9221666666984558
311	0.02551926344235738	0.9932000000635783	0.9199166666984558
312	0.02592212961912155	0.9934000000635783	0.9192
313	0.025669181354840597	0.9930000000635782	0.9196000000635783
314	0.025654202206929523	0.99295	0.918566666730245
315	0.025439457046985626	0.993216666730245	0.9197333333651225
316	0.026020032103856405	0.9928833333333333	0.91815
317	0.02596754190325737	0.9930500000635782	0.9169000000317892
318	0.02537907988031705	0.99365	0.9179500000317892
319	0.025788023381431897	0.9931833333333333	0.9179666666666667
320	0.025727945897976556	0.9931333333651224	0.9168500000635783
321	0.02585564437309901	0.99335	0.9164333333333333
322	0.026674681748946508	0.9929666666666667	0.9162333333333333
323	0.025634531211853027	0.9937333333651225	0.9162833333969116
324	0.026118001287182172	0.99345	0.9156166666984558
325	0.025798600002129874	0.9931166667302449	0.9168166666984559
326	0.025795374606053034	0.9934166666984559	0.9164500000317891
327	0.025608642707268398	0.9935666666666667	0.9157333333651225
328	0.026193064244588216	0.9934666666984558	0.914566666730245
329	0.025940528392791748	0.993566666730245	0.915
330	0.026446177958448728	0.9931833333333333	0.9148166666666666
331	0.026386047718922296	0.9931666666666666	0.9147333333333333
332	0.026574222711722058	0.9929666666984558	0.914616666730245
333	0.026386269728342692	0.99355	0.9122833333969116
334	0.026352637535333633	0.99305	0.9136833333333333
335	0.026300145680705708	0.99335	0.9137
336	0.02700855518380801	0.9929833333969116	0.9131000000635783
337	0.02665012810230255	0.9929166667302449	0.9124666666984558
338	0.027390009381373724	0.9929	0.9114333333969116
339	0.027482729025681815	0.9927333333333334	0.9110000000317892
340	0.0264119267364343	0.9932833333333333	0.9127833333333333
341	0.026724658677975337	0.993266666730245	0.9113666666984558
342	0.02742339963912964	0.99285	0.9106833333969117
343	0.027362269574403762	0.9932666666666666	0.9098000000317892
344	0.027228891055782637	0.9927333333333334	0.9107166666984559
345	0.02755423496514559	0.9929333333333333	0.9092666666666667
346	0.027045503848791123	0.9930833333333333	0.9094500000317891
347	0.027674634703000387	0.9929666666666667	0.9095666666984558
348	0.027858117977778117	0.9929500000635783	0.9084833333969117
349	0.027623020964860915	0.9928333333969116	0.9072333333651225
350	0.028273747503757475	0.9933666666666666	0.9070000000317892
351	0.02784669406612714	0.9930500000635782	0.9072000000317891
352	0.027308034737904868	0.9930666667302449	0.9083833333333333
353	0.027913150918483735	0.9928500000635783	0.9074500000317891
354	0.02800367705523968	0.9929833333651225	0.9075
355	0.02832200977007548	0.993	0.9067166666666666
356	0.027874501101175946	0.9934333333333333	0.9072166667302449
357	0.028057769720753033	0.99275	0.9062833333333333
358	0.028351321019728978	0.9927333333969116	0.9059500000635783
359	0.028191425067186356	0.9928500000317891	0.905616666730245
360	0.028588209050893782	0.9928833333333333	0.9051833333333333
361	0.02855970863501231	0.9927833333969116	0.90435
362	0.028681094108025232	0.9929	0.9028833333969116
363	0.028177019474903742	0.9930166666666667	0.9034666666984558
364	0.02862237115104993	0.9928	0.9023333333651224
365	0.02880884627699852	0.9926833333333334	0.902466666730245
366	0.028842140805721284	0.9925666666666667	0.9021333333969116
367	0.029190824913978577	0.9930666666666667	0.9019166666666667
368	0.028781495732069017	0.9925166666666667	0.9017500000317892
369	0.029196971716483434	0.9927	0.9027166666984558
370	0.028576937051614126	0.9925166666984558	0.9033166666984558
371	0.029314231703678768	0.99275	0.9008333333969116
372	0.02903432295322418	0.9927833333333334	0.9007000000635783
373	0.028979428579409917	0.9930666667302449	0.8998666666666667
374	0.029768924802541733	0.9928666666666667	0.899716666730245
375	0.02944744758407275	0.9928333333333333	0.8997000000635783
376	0.029777165498336155	0.9927166666984558	0.8971666666666667
377	0.029349457906683286	0.9924333333333333	0.9004500000317891
378	0.02991859231988589	0.9929666666666667	0.8988666666666667
379	0.029733256862560908	0.9931666666666666	0.8974666666984558
380	0.029827898558974265	0.9923833333333333	0.8984333333969117
381	0.0298487710694472	0.99275	0.89795
382	0.029773115450143814	0.9925833333333334	0.8980333333651225
383	0.02973878046472867	0.9931666666984558	0.8970500000635783
384	0.029877760754028957	0.9928500000635783	0.8977000000635783
385	0.030649698835611344	0.9928000000635783	0.8945166666666666
386	0.029734162704149882	0.9932666666666666	0.8959833333333334
387	0.030877747531731923	0.9927166666666667	0.894766666730245
388	0.029850369548797606	0.9928333333651225	0.8969333333333334
389	0.030472384402155876	0.9925833333333334	0.8949000000635783
390	0.029890464665492375	0.9926500000635783	0.8967833333333334
391	0.031022084354360897	0.9925333333333334	0.8938166666666667
392	0.03011452230811119	0.9930000000635782	0.8964333333333333
393	0.030283724392453828	0.9928333333333333	0.8942166666984558
394	0.030834214399258295	0.993	0.8927666666984558
395	0.031139535683393477	0.9928666666666667	0.8921
396	0.030942729592323304	0.9928833333651225	0.891566666730245
397	0.03143347149143616	0.9923666666666666	0.889816666730245
398	0.03136505754987399	0.9928666666666667	0.8899500000317891
399	0.03104295533100764	0.9927000000317892	0.8924833333969117
400	0.031211287209391595	0.9925666666666667	0.8915000000635783
401	0.030840879774093628	0.9924666666984558	0.8915666666666666
402	0.031131793681780498	0.9928166667302449	0.8906166666666666
403	0.031964463166395826	0.9927666667302449	0.8879
404	0.03160559414227804	0.9926000000635783	0.8901500000317891
405	0.031609344704945884	0.992366666730245	0.8897833333333334
406	0.03231923859914144	0.9922833333651224	0.8876666666666667
407	0.03137076104283333	0.9924666666666667	0.8891833333333333
408	0.03151547435720762	0.9926166666666667	0.8878833333969116
409	0.031179435165723166	0.9928333333969116	0.8890166666984558
410	0.032531215713421505	0.9926666666666667	0.8855
411	0.03231760792185863	0.9924666666666667	0.8872166667302449
412	0.032266743276516595	0.99255	0.88485
413	0.03202879074811935	0.9926500000635783	0.8847000000317892
414	0.031811608242988586	0.9923833333333333	0.8860833333333333
415	0.03249623506069183	0.99225	0.8840333333651225
416	0.032379159228007	0.99255	0.8839666666984558
417	0.03246781983375549	0.9924	0.8842000000317891
418	0.03220347501138846	0.9922666666666666	0.8839666667302449
419	0.03259282493392626	0.9921500000635783	0.8837666666666667
420	0.032717710729440054	0.9926166666666667	0.8824500000317892
421	0.033128811886906626	0.9919833333969116	0.88285
422	0.03256221660176913	0.992366666730245	0.8829833333969116
423	0.03266225514411926	0.992716666730245	0.881816666730245
424	0.0323716742793719	0.9928166666666667	0.8821166667302449
425	0.0328712860862414	0.9924333333333333	0.8821333333651225
426	0.03311777473092079	0.99255	0.8809666666984558
427	0.03281842615207036	0.9922833333969117	0.882466666730245
428	0.03300457599262396	0.9919333333333333	0.8818166666984558
429	0.03331450344721476	0.992366666730245	0.87955
430	0.033757061751683554	0.9924333333651225	0.8797166666666667
431	0.03313666216929754	0.9922833333333333	0.879266666730245
432	0.033353866624832154	0.9923666666666666	0.8795
433	0.03441527693072955	0.99215	0.87715
434	0.0337257285018762	0.9921000000635782	0.8781833333969116
435	0.03378161197900772	0.9921833333333333	0.878416666730245
436	0.03443189664781093	0.99185	0.87645
437	0.03384026805361112	0.9923500000635783	0.8767000000635783
438	0.034424351153771085	0.9924166666666666	0.8747166666984558
439	0.03399433350761732	0.9923333333333333	0.8743833333651225
440	0.03427043777306875	0.9920833333969116	0.8768500000317891
441	0.034765180750687914	0.9920333333969116	0.873466666730245
442	0.0346036316037178	0.9922000000635783	0.8740166667302449
443	0.03417728627324104	0.9920666667302449	0.8758833333333333
444	0.03469579207698504	0.9919666667302449	0.8744666666666666
445	0.03525378441413243	0.9919833333969116	0.87145
446	0.03407735895315806	0.9923	0.8727333333651225
447	0.0347296843379736	0.9921166666666666	0.8727000000317892
448	0.03459545443256696	0.9921500000635783	0.8725333333651225
449	0.03482036051352819	0.9923166666666666	0.8723000000317891
450	0.034793441903591155	0.9924166666666666	0.8709000000317891
451	0.034784231571356454	0.9920333333969116	0.8720166666666667
452	0.03499691305061181	0.9918666667302449	0.8707500000317892
453	0.03476903588573138	0.9923166666666666	0.8701666666984558
454	0.035174050867557524	0.99245	0.8695500000317892
455	0.03484522687395414	0.9920000000635782	0.8713500000317892
456	0.03552363386352857	0.9921666666666666	0.8681833333333333
457	0.034998653334379196	0.9922666666666666	0.8690500000317891
458	0.035096414363384246	0.9920833333333333	0.8700333333651225
459	0.03582397349278132	0.9917833333333334	0.8672833333651224
460	0.03542691145936648	0.992566666730245	0.8682833333969117
461	0.03574625827074051	0.9923	0.8674166666984559
462	0.03555985974272092	0.9920333333333333	0.8670333333969116
463	0.03514566959937414	0.9925333333651225	0.8665000000317892
464	0.036742033151785536	0.9918000000317891	0.8646
465	0.036447394532958664	0.9916833333333334	0.8661333333651224
466	0.03550781449278196	0.9919000000635783	0.8667666667302449
467	0.03661913052399953	0.9918166666984558	0.8634500000317892
468	0.03604814512530963	0.9922833333333333	0.8652166666984558
469	0.036069819108645124	0.9918833333333333	0.8619666667302449
470	0.035980515321095786	0.9918666667302449	0.8648833333333333
471	0.03644472929636637	0.9920833333969116	0.8624500000635783
472	0.036561097735166546	0.9922333333333333	0.8631166666666666
473	0.03617476982275645	0.9922833333651224	0.863316666730245
474	0.036295218125979106	0.99235	0.8625500000317892
475	0.036905507802963256	0.99185	0.8602000000635783
476	0.036806933357318244	0.9919166667302449	0.8598166667302449
477	0.036854854079087576	0.9915833333333334	0.8606833333969116
478	0.03735946196118991	0.9916833333969116	0.8608666666666667
479	0.03704625857671102	0.9916000000635783	0.8603666666984559
480	0.03725643255710602	0.9919666666666667	0.8580833333651224
481	0.03710049519737561	0.9917666666984558	0.859066666730245
482	0.03747030860384305	0.9921333333333333	0.856316666730245
483	0.03764764241377513	0.992	0.8572333333969117
484	0.03755440849165122	0.9918833333333333	0.8576833333651225
485	0.03784646135767301	0.9918666666666667	0.8557666666984558
486	0.03793038396835327	0.9919833333969116	0.85605
487	0.03821668595472972	0.9917833333333334	0.856216666730245
488	0.03829786864121755	0.9916333333333334	0.8565500000317892
489	0.037603904847304026	0.9919333333333333	0.8568500000317891
490	0.03845751066009204	0.9915833333333334	0.8542000000635783
491	0.038391715008020404	0.9913666666666666	0.8539166667302449
492	0.03858789808750153	0.9914	0.8542833333969116
493	0.03814310553073883	0.9917333333333334	0.8538500000635783
494	0.03802148624658585	0.9922000000635783	0.853516666730245
495	0.0387794068257014	0.9914666666666667	0.8515166666984558
496	0.038315426258246105	0.9920666666666667	0.8522833333333333
497	0.03829180425802867	0.991666666730245	0.8533333333333334
498	0.03860057600339254	0.9920666667302449	0.8511500000317891
499	0.03848869824608167	0.9916333333333334	0.85225
500	0.0389149919907252	0.9916166666984558	0.8522833333333333
501	0.0393265042245388	0.991716666730245	0.8478166666666667
502	0.038869502302010854	0.9916666666666667	0.8503000000635783
503	0.038496928972005844	0.99215	0.8499000000635782
504	0.03888349775870641	0.9919666666666667	0.8489833333333333
505	0.03877769044041634	0.9915833333333334	0.8494000000635783
506	0.03940362342596054	0.9916166666666667	0.8479166666984558
507	0.03968484537700812	0.9915333333333334	0.8474666666984558
508	0.03908014493385951	0.9914500000635783	0.8468333333333333
509	0.03947418545484543	0.991516666730245	0.8481500000317892
510	0.03988380955855052	0.9917333333651225	0.8456166666666667
511	0.0398340545018514	0.9915166666984558	0.8455166666666667
512	0.040082465068499246	0.9916000000635783	0.84425
513	0.039244844369093576	0.9917	0.8458833333333333
514	0.03988141425450643	0.9918500000635783	0.8441833333969117
515	0.03998284055193265	0.9919	0.8431166666984559
516	0.040030672045548756	0.9915333333651225	0.8425666666666667
517	0.03970327080686887	0.9915500000635783	0.84425
518	0.03960083457628886	0.9917666666666667	0.8436333333333333
519	0.04080523900588354	0.9914500000635783	0.8411000000635783
520	0.04041201039950053	0.991366666730245	0.8417833333969116
521	0.04027320661942164	0.9913333333969117	0.8432833333333334
522	0.040079542607069016	0.9912000000635783	0.8417
523	0.04066832265059153	0.9911166667302449	0.8404666666984558
524	0.04071502903898557	0.991316666730245	0.8416666666666667
525	0.04066429486274719	0.9914333333651225	0.8374833333969116
526	0.04089972225824992	0.9914333333969116	0.839366666730245
527	0.04129620619416237	0.9914333333333334	0.8391500000635783
528	0.04103561435341835	0.9915166666666667	0.8381833333651225
529	0.04120089125831922	0.9915833333333334	0.8400666666666666
530	0.04059055933952332	0.991516666730245	0.8391333333333333
531	0.04113715007305145	0.9914666666666667	0.8362666666984558
532	0.04061459975838661	0.9921833333651224	0.83615
533	0.04126160231630007	0.991716666730245	0.835466666730245
534	0.04186016061703364	0.9914333333333334	0.8373666666984558
535	0.04220435755848884	0.9905500000635783	0.8334333333333334
536	0.041038706759611764	0.9915833333333334	0.8343000000317892
537	0.04162936412493388	0.9908	0.8348833333651224
538	0.041112778623898824	0.9912	0.836266666730245
539	0.04170099211732547	0.9912	0.8335500000317891
540	0.04232015195290248	0.9910500000635782	0.8335
541	0.04130310054620107	0.9916500000635783	0.8335333333333333
542	0.04165282343228658	0.9909333333969116	0.8346000000317891
543	0.04152397598425547	0.9916	0.833166666730245
544	0.04173205027381579	0.9914	0.8319333333651224
545	0.04285122642119726	0.99085	0.8291833333333334
546	0.04240116951664289	0.9913833333969116	0.8305833333969116
547	0.04255113885005315	0.991266666730245	0.8300333333333333
548	0.04271180760463079	0.9915833333333334	0.829066666730245
549	0.042097456926107404	0.9912666666666666	0.8298000000317891
550	0.0428469200750192	0.9914500000635783	0.8282833333651225
551	0.04257149296998978	0.9912666666666666	0.8284833333333333
552	0.04292868835727374	0.9909166666666667	0.8282000000317892
553	0.042555677072207136	0.9916833333333334	0.8268333333969117
554	0.04247880967656771	0.9915000000635783	0.8285500000635783
555	0.043133383377393086	0.9913333333333333	0.8242500000635783
556	0.042813140970468525	0.991666666730245	0.8253666666984558
557	0.04289518361488978	0.991566666730245	0.8260000000635783
558	0.043065286946296695	0.9913833333651225	0.8233666666984558
559	0.04298669222990672	0.9914833333969116	0.8241500000635783
560	0.04373808192809423	0.9914333333969116	0.8240833333651225
561	0.04357513199249903	0.9913166666666666	0.8229333333651225
562	0.04382454669276873	0.9912166666666666	0.8237333333651224
563	0.042769501678148907	0.9912500000635783	0.826066666730245
564	0.043505308465162915	0.9914833333333334	0.8228833333333333
565	0.043710800794760384	0.9911000000317891	0.8217166666984558
566	0.043370583605766296	0.9913333333333333	0.8239000000317891
567	0.04303407923181852	0.9913333333969117	0.8222166666666667
568	0.043864020723104476	0.9911166666666666	0.8216833333333333
569	0.04398617732127508	0.99105	0.8208
570	0.04418458432753881	0.9913666666666666	0.8183333333969116
571	0.04396883349021276	0.9909833333651225	0.8197833333333333
572	0.044373784132798515	0.9911333333651224	0.8206000000317891
573	0.043550337042411166	0.9911333333333333	0.8205333333969116
574	0.04403525912364324	0.991416666730245	0.8184
575	0.04465127352078756	0.9907333333333334	0.816816666730245
576	0.04381405796209971	0.9908833333969116	0.8172833333651225
577	0.04520707883437475	0.9906333333969116	0.8145166666984558
578	0.04440054336388906	0.9913	0.81645
579	0.04408624839782715	0.99115	0.8177333333333333
580	0.04398157644271851	0.9910666666666667	0.81585
581	0.04540808592041334	0.9907833333969116	0.814016666730245
582	0.044481266343593596	0.9912500000635783	0.8149166666984559
583	0.04517222705682119	0.9909666666984558	0.8126000000635782
584	0.04479315313299497	0.9909666667302449	0.8145000000635783
585	0.044733651953935624	0.99135	0.8128666666984559
586	0.045169831041495	0.9912833333651225	0.8125666666984558
587	0.04535667069355647	0.991366666730245	0.8109166666666666
588	0.04538975778818131	0.9915166666984558	0.8113666666984558
589	0.045477237900098166	0.9905166666984558	0.8125833333651225
590	0.04463773512840271	0.9913333333333333	0.8128833333969117
591	0.04531762086749077	0.9911166666984558	0.8111833333333334
592	0.04537501258055369	0.9909166666666667	0.810216666730245
593	0.04622703145742416	0.9901333333333333	0.8071833333333334
594	0.04587754794359207	0.9911166666666666	0.8087833333333333
595	0.046073763871192934	0.9910166666666667	0.8066333333333333
596	0.04491301677624385	0.9915833333333334	0.8094500000158946
597	0.0462873883108298	0.9907833333969116	0.80695
598	0.045741784286499027	0.9907166666666667	0.8099166666984559
599	0.04619662908713023	0.9912333333969117	0.8070333333969116
600	0.04651347720821698	0.9905333333333334	0.8064666666984558
601	0.046047730525334674	0.9912500000317891	0.8044833333333333
602	0.04662736631631851	0.9906166666666667	0.8056833333333333
603	0.04627186757127444	0.9909333333969116	0.806216666730245
604	0.04646517530481021	0.9907000000635783	0.8059333333333333
605	0.04602668550014496	0.991216666730245	0.8027166666984558
606	0.04644852156639099	0.9913166666984559	0.8036166666984558
607	0.045914460011323294	0.9911333333333333	0.804866666730245
608	0.04618467270533244	0.9909333333969116	0.8044333333333333
609	0.04681048463185628	0.9906500000317892	0.803116666730245
610	0.046252563885847725	0.9910833333333333	0.8031166666984558
611	0.0471367835243543	0.9908666666666667	0.8001833333969116
612	0.046636651811997096	0.9911666666666666	0.8018333333333333
613	0.04671446848710378	0.9909500000635783	0.8025333333333333
614	0.04663227941989899	0.9911833333969117	0.7998833333333333
615	0.046980904078483585	0.9911833333333333	0.80155
616	0.04679249548514684	0.9905500000635783	0.8004166666666667
617	0.04761354666352272	0.9907	0.7981333333651225
618	0.04768670954505602	0.9905833333969116	0.7982500000635783
619	0.04827813362677892	0.9901166666666666	0.7963166666984558
620	0.04691106533606847	0.9913833333333333	0.7980333333333334
621	0.047210711922248204	0.9913000000635783	0.7978666666984559
622	0.04752062511841456	0.9907500000317891	0.7962666666666667
623	0.04728917283614476	0.9909833333651225	0.7949333333969116
624	0.048184963941574094	0.9903500000635783	0.7972166666984558
625	0.04780650078455607	0.9908500000635783	0.79655
626	0.047777352233727775	0.99075	0.7940166666984558
627	0.04710870169798533	0.9909500000317891	0.7970833333651225
628	0.04810861197312673	0.990516666730245	0.7942166666666667
629	0.04774624498685201	0.9908	0.7956833333333333
630	0.048179949080944064	0.9908333333969116	0.7942333333969116
631	0.04827081867059072	0.9906333333333334	0.7927666666666666
632	0.047648478976885476	0.991366666730245	0.7938166666666666
633	0.04837042174339294	0.9902833333969117	0.7925000000635782
634	0.04838438065052032	0.99085	0.7918833333333334
635	0.048849343353509905	0.9905666666666667	0.7930000000635783
636	0.047665895346800484	0.9908833333969116	0.7912833333333333
637	0.04877249038219452	0.9908500000635783	0.7920666666984558
638	0.04849015387694041	0.990466666730245	0.7896166666666666
639	0.04837780581712723	0.9908333333333333	0.7915166666825613
640	0.04831237582763036	0.9907166667302449	0.7902000000317891
641	0.0486878286242485	0.99085	0.7904000000635782
642	0.04825572089354197	0.9907500000635783	0.7883666666666667
643	0.048884360257784525	0.9910166667302449	0.7884833333333333
644	0.04864460969765981	0.9904666666984558	0.7871333333333334
645	0.04924701630274455	0.99075	0.7859166666666667
646	0.04987763247489929	0.990616666730245	0.7858
647	0.04900672763983409	0.99065	0.7846666666984559
648	0.04906535944541295	0.990666666730245	0.7837833333651225
649	0.04925049844185511	0.9910166666666667	0.7866500000317892
650	0.04966350806156794	0.9904000000317892	0.7841666666825612
651	0.049687608778476715	0.9909833333333333	0.7839333333333334
652	0.04928002773920695	0.9906833333969116	0.7845666666984558
653	0.0489438236951828	0.9907500000317891	0.7843166667302449
654	0.04945103716552258	0.99065	0.7832666666666667
655	0.049645554566383365	0.9905666666666667	0.7828000000158946
656	0.050117648118734356	0.9905666666666667	0.7813000000635782
657	0.04974510106245677	0.9903666666666666	0.7820333333651225
658	0.04944081472953161	0.9906833333333334	0.7831833333969116
659	0.05065761538346608	0.99035	0.7790666666984558
660	0.05034081610242526	0.9909	0.7784833333969117
661	0.049470801814397176	0.9905833333651225	0.7832833333651225
662	0.04996854002475738	0.9906333333333334	0.7797
663	0.05120071063836416	0.9905000000635783	0.7782333333651225
664	0.05023603567282359	0.9908833333651225	0.7790666666666667
665	0.05037498776912689	0.9906166666666667	0.7793166666984558
666	0.04984343214829763	0.9910833333969116	0.7784666666666666
667	0.05096075079639753	0.9904166666666666	0.774916666730245
668	0.05038960177501043	0.99035	0.7776833333333333
669	0.050472690800825754	0.9905000000635783	0.7787333333333334
670	0.05050050525665283	0.9908000000317891	0.7777666666825612
671	0.051475091449419655	0.9894833333651225	0.7738333333651225
672	0.050438146287202834	0.99075	0.7741500000635783
673	0.05099163051446279	0.9907500000635783	0.7728666666825612
674	0.050821260861555737	0.9901000000635782	0.7762166666825613
675	0.05070843722820282	0.9909	0.7755500000158946
676	0.050651971288522085	0.9906833333651225	0.7711666667302449
677	0.051566867105166114	0.9905666666984558	0.7737833333333334
678	0.050984611451625826	0.9905000000635783	0.7705666666825612
679	0.05071603522698084	0.9908833333333333	0.77495
680	0.05118997588952382	0.9900833333969116	0.7726333333492279
681	0.052129728388786316	0.9902000000635783	0.7698
682	0.051363369166851046	0.9910166667302449	0.7692666667302449
683	0.05178938771883647	0.9907500000317891	0.76945
684	0.051765640620390574	0.990116666730245	0.7695833333333333
685	0.051234536035855614	0.9912166666984558	0.7700166666666667
686	0.05124281263748805	0.9902333333969117	0.7689666666825612
687	0.051445785093307494	0.9909833333333333	0.7688500000317892
688	0.05124118965466817	0.9909333333333333	0.7688166666666667
689	0.05204614159266154	0.9904666666666667	0.768866666730245
690	0.05136223635276159	0.9904333333333334	0.7686833333651225
691	0.05146037896076838	0.9907	0.76935
692	0.0510205674568812	0.9909166666666667	0.7658166666984558
693	0.05155478015343348	0.9906333333333334	0.7678500000317892
694	0.05217419812679291	0.99075	0.7647000000158946
695	0.05257908137241999	0.9906833333333334	0.7650333333492279
696	0.05212414095799128	0.9906500000317892	0.7661833333333333
697	0.052415815246105196	0.9895166666666667	0.7664333333651224
698	0.05233244784077008	0.9908	0.7631000000317891
699	0.05198743004401525	0.9909	0.7638333333333334
700	0.05196979284286499	0.9906166666984558	0.7633666666984558
701	0.05251415820916494	0.99045	0.7614500000635783
702	0.052498143156369526	0.9897666666984558	0.7622666666984558
703	0.052045853489637375	0.9905166666984558	0.7677500000317892
704	0.05258371920982997	0.9904333333333334	0.7644166666984558
705	0.052412393589814504	0.990666666730245	0.7626666666984558
706	0.053121441451708475	0.9905000000317892	0.7583833333333333
707	0.05290177395343781	0.9900833333969116	0.7610500000158946
708	0.05221819436152776	0.9903500000635783	0.7606833333492279
709	0.05250526176293691	0.99055	0.7611500000317891
710	0.05305829685529073	0.9901833333651224	0.75965
711	0.05342500903606415	0.98975	0.7581833333651224
712	0.05269494186639786	0.9907833333651225	0.7581833333333333
713	0.0530764463186264	0.9905333333333334	0.7604500000317892
714	0.05293780647118886	0.9906333333333334	0.7566
715	0.05305496211846669	0.9901833333651224	0.7569166666666667
716	0.05250708046754201	0.9903500000635783	0.7588000000158945
717	0.05356119966506958	0.990466666730245	0.7570166666666667
718	0.05305624429782232	0.990266666730245	0.756983333349228
719	0.053207507602373756	0.99	0.7575833333492279
720	0.053584996219476065	0.9902500000635783	0.7537333333333334
721	0.053349245409170784	0.9901500000317891	0.7561666666666667
722	0.05318623072306315	0.990166666730245	0.7545500000317892
723	0.05366187459627787	0.99055	0.7540166666825613
724	0.054006787071625394	0.98995	0.75345
725	0.05287255342404048	0.9907666667302449	0.7520666666825613
726	0.053689059782028196	0.9902333333969117	0.7550833333651225
727	0.053607392477989194	0.9902833333969117	0.753766666730245
728	0.053956392844518024	0.9899333333333333	0.7516833333492279
729	0.05332200562556585	0.9904833333969116	0.75355
730	0.05395561192035675	0.9905333333333334	0.7515166666984558
731	0.05392424373626709	0.990316666730245	0.7503000000158946
732	0.05403268499771754	0.9907166666666667	0.7519166666666667
733	0.05388325008948644	0.9902000000635783	0.7528833333492279
734	0.05467103810707728	0.9901333333333333	0.7472833333333333
735	0.05419719418684642	0.9906500000317892	0.7489000000317891
736	0.054918200449148816	0.9901833333333333	0.7509333333333333
737	0.054040157373746234	0.9899333333333333	0.7529333333333333
738	0.054002954320112866	0.9905166666666667	0.7486333333969116
739	0.054134799075126645	0.99005	0.7496333333333334
740	0.0548447882215182	0.9902166666666666	0.7456166666984558
741	0.05500194391409556	0.9900166667302449	0.7464500000158946
742	0.054781708800792694	0.9907166666984558	0.7478166666666667
743	0.054951152978340786	0.9904666666984558	0.7433500000317892
744	0.054665324000517525	0.9901833333333333	0.7464333333333333
745	0.05462252240975698	0.9904166666666666	0.7466500000158945
746	0.05469377658367157	0.99075	0.7441500000317891
747	0.0556635240872701	0.9890000000635782	0.7458166666666667
748	0.055479654423395794	0.9900166666666667	0.7419333333333333
749	0.05484671740134557	0.9900000000635782	0.7442
750	0.05536791930993398	0.9894000000317892	0.7455000000317892
751	0.054985940750439964	0.9903833333333333	0.7413
752	0.054993896198272704	0.9901	0.7404000000317892
753	0.05538436853090922	0.9903333333969117	0.7433
754	0.05498940413395564	0.9899333333969116	0.7426833333651225
755	0.05589814712206523	0.9899333333333333	0.7401166666666666
756	0.05515279269218445	0.9901500000635783	0.7420166666825613
757	0.055034008407592774	0.9906500000635783	0.7410666666666667
758	0.055827996655305225	0.9898500000635783	0.7381500000158946
759	0.05563908919095993	0.9901666666984558	0.7403333333333333
760	0.05521680475870768	0.9902500000317891	0.7373666666825612
761	0.05666393982966741	0.9894833333333334	0.7350000000158946
762	0.05609179707765579	0.9894000000317892	0.7361333333333333
763	0.05532251871824265	0.9901833333333333	0.7380666666984558
764	0.054734561304251354	0.990566666730245	0.73815
765	0.05559229941368103	0.9903000000635783	0.7374
766	0.055422294211387634	0.9901500000635783	0.7396500000317892
767	0.05612864991029103	0.989666666730245	0.734933333349228
768	0.055445052115122476	0.9902000000635783	0.7359
769	0.055806744162241614	0.9899500000635783	0.7381833333651224
770	0.05636997413635254	0.9897833333651225	0.738816666674614
771	0.05630990794499715	0.990116666730245	0.7359333333651225
772	0.0560453196644783	0.9903166666666666	0.7332833333492279
773	0.055903820741176606	0.9903500000635783	0.7339166666666667
774	0.05589266735712687	0.9904666666666667	0.7337166666666667
775	0.0559217366417249	0.9903500000635783	0.73545
776	0.056122300759951275	0.9903166666984559	0.7307000000158945
777	0.056128593492507935	0.9907000000635783	0.7313666666825612
778	0.0562159188469251	0.9897166667302449	0.7343666666825612
779	0.05609843698342641	0.9899666666984558	0.7339000000158946
780	0.05631524064540863	0.9893833333333333	0.7325166666984558
781	0.0564137380917867	0.99005	0.7289166666666667
782	0.05709635007381439	0.9897166666666667	0.7283833333333334
783	0.057226868045330045	0.9899166667302449	0.7291500000158946
784	0.056422732587655386	0.9898833333969116	0.7319833333492279
785	0.05602816252311071	0.9900166666984558	0.7270500000158946
786	0.05681509795983632	0.989416666730245	0.7271833333492279
787	0.05723872498671214	0.9903833333333333	0.7281666666666666
788	0.05673745658795039	0.9903166666984559	0.7300833333651224
789	0.05704700771570206	0.9901833333651224	0.7269166666984558
790	0.05693085600535075	0.9898500000635783	0.728833333349228
791	0.05741304130554199	0.9896666666666667	0.7261
792	0.05705505528052648	0.9904166666666666	0.7275333333333334
793	0.0570358237028122	0.9903833333969116	0.725666666674614
794	0.05723562240600586	0.9901	0.7252666666825612
795	0.056690474410851795	0.9902166666666666	0.7264
796	0.05679209138552348	0.9902833333651225	0.7248166666825613
797	0.057333777443567914	0.9901333333333333	0.7239666666984558
798	0.057449100001653035	0.9902500000317891	0.7248833333333333
799	0.05678556011517843	0.9899500000635783	0.72535
800	0.057871932729085286	0.9897500000635783	0.7212833333492279
801	0.057751371773084	0.98985	0.7236333333412807
802	0.057540571550528205	0.99	0.7245833333492279
803	0.05684072858095169	0.9898000000635783	0.7264666666825612
804	0.057224647617340085	0.9902166666666666	0.7245333333412807
805	0.05738466525475184	0.9898333333969116	0.7251833333651225
806	0.05731301530599594	0.9903666666984559	0.719783333349228
807	0.058273537572224934	0.9902666666666666	0.7196833333333333
808	0.05732114981810252	0.98995	0.7248833333492279
809	0.05750150359471639	0.9901333333969117	0.7233500000317892
810	0.0575930594364802	0.9894500000635783	0.7215333333492279
811	0.05722814000447591	0.9898666666984558	0.719783333349228
812	0.05734160289764404	0.9900833333969116	0.7217666666666667
813	0.058372422953446704	0.98975	0.7227000000079473
814	0.05867549670537313	0.9896000000635783	0.7185500000158945
815	0.05833811175425847	0.9895	0.719683333349228
816	0.05747528880834579	0.9898333333969116	0.7213500000317892
817	0.05877548804283142	0.9896833333333334	0.7172333333333333
818	0.0581704585313797	0.9902833333333333	0.7167833333651225
819	0.05862894021670024	0.9899166667302449	0.7171500000158946
820	0.0589265625834465	0.9893500000635783	0.7159
821	0.05841934881607692	0.9897666667302449	0.7159000000158946
822	0.05851860640048981	0.9892666666984559	0.7141500000158946
823	0.05844800160725912	0.9904333333969116	0.7167833333333333
824	0.05846995277404785	0.9902833333969117	0.7173
825	0.05876943186918895	0.9896833333333334	0.7163333333333334
826	0.058537747041384376	0.9902833333969117	0.7158166666825613
827	0.05795839651028315	0.9900666666666667	0.71405
828	0.058489037346839905	0.9893166666666666	0.7148166666666667
829	0.05884871466557185	0.9899333333969116	0.7111500000158946
830	0.05820192770163218	0.9897833333333333	0.7163166666984558
831	0.058046274614334106	0.9900666667302449	0.7174
832	0.05946516842047374	0.9898500000317891	0.7116
833	0.058768329672018685	0.9899666666984558	0.7092500000158946
834	0.05938689986666044	0.9894	0.7102166666666667
835	0.05917013658682505	0.9898666666666667	0.7115833333333333
836	0.05953833788235982	0.9894166666984558	0.711916666674614
837	0.05867283813158671	0.9898000000317891	0.7106166666825613
838	0.059523927172025044	0.9900333333651224	0.7090333333651225
839	0.05900414901574453	0.9903500000317892	0.7079666666746139
840	0.05951081935564677	0.9891833333333333	0.708466666674614
841	0.0596444637298584	0.98975	0.7106333333412806
842	0.05928197817405065	0.9899500000635783	0.7045666666666667
843	0.05943074262142181	0.9894666666666667	0.70765
844	0.05895524087746938	0.9899666667302449	0.7053
845	0.05868135347763697	0.9902666666666666	0.7151333333651225
846	0.05972219431400299	0.9897833333333333	0.7088833333333333
847	0.059507925780614215	0.9894000000635783	0.7061166666666666
848	0.059681604735056556	0.989616666730245	0.7076666666825613
849	0.05967395981947581	0.9894333333651225	0.7106000000317891
850	0.05946883096297582	0.9897	0.7063166666825612
851	0.059407785447438556	0.9897333333333334	0.7053000000158945
852	0.05929569692611694	0.99	0.71155
853	0.05943505305449168	0.9899500000635783	0.7079166666666666
854	0.059970027136802675	0.9896833333333334	0.7060000000317892
855	0.05884064787228902	0.9900666667302449	0.7079833333492279
856	0.0593215043147405	0.9899500000317891	0.7058833333412806
857	0.06072102168401082	0.9899666666666667	0.6980500000317892
858	0.05992519193490346	0.9896666666984558	0.7063833333492279
859	0.05991453591187795	0.9901166666666666	0.7021666666825612
860	0.0602622387488683	0.9893500000635783	0.7019333333651224
861	0.05988663674195607	0.98995	0.7069000000079473
862	0.06011107855240504	0.9898666667302449	0.7012666666825612
863	0.06001935016314189	0.9895666666984558	0.7072333333333334
864	0.0601305332104365	0.9898000000317891	0.6972333333492279
865	0.06044797319571177	0.9897166667302449	0.7013166666746139
866	0.059665426309903465	0.9900166667302449	0.7019166666746139
867	0.060587118633588156	0.9897500000635783	0.6992833333492279
868	0.060143265116214754	0.9897000000317892	0.70425
869	0.05981557641029358	0.9897	0.7041666666825612
870	0.05968709602355957	0.9902333333333333	0.7000000000158946
871	0.06044944362640381	0.9895500000635783	0.6973500000079473
872	0.059844785638650255	0.9894833333651225	0.7000333333651225
873	0.05982421556313833	0.9897666667302449	0.6952500000158945
874	0.060682632823785145	0.9898666666666667	0.6981833333333334
875	0.061424404541651406	0.9893500000635783	0.6939666666666666
876	0.06039225339492162	0.9898833333969116	0.6974000000158945
877	0.0605528156042099	0.9897000000635783	0.6967500000158946
878	0.06039945184787114	0.9891833333969117	0.6972
879	0.060662377496560414	0.9892166666984558	0.69845
880	0.06067606272300084	0.9898833333969116	0.6973833333651225
881	0.0606065932114919	0.9889333333651225	0.69265
882	0.06087965163389842	0.989516666730245	0.6961833333412806
883	0.06100960036118825	0.9890666667302449	0.6960833333492279
884	0.06061241159439087	0.98995	0.6975333333333333
885	0.06067678722540538	0.9893166666666666	0.6997666666666666
886	0.06143360166549683	0.9895000000635783	0.6917833333492279
887	0.06071255132754644	0.9898166666666667	0.6982833333492279
888	0.060744160501162214	0.9893000000635783	0.6951500000317892
889	0.060988725690046944	0.9899666666666667	0.69685
890	0.06103862330118815	0.99005	0.6899500000158946
891	0.060912846239407854	0.9896333333651225	0.6937333333492279
892	0.060449150760968524	0.9896000000635783	0.6914833333412806
893	0.06049424681663513	0.9894	0.6961166666666667
894	0.06200180503129959	0.9890833333651224	0.6932500000317892
895	0.06143085097471873	0.9899666666666667	0.6888500000079473
896	0.06154756464958191	0.9898000000635783	0.6889666666746139
897	0.0614734338482221	0.9893833333651225	0.6918666666825612
898	0.061293287952740985	0.989666666730245	0.6891000000158946
899	0.061249550255139666	0.9893833333333333	0.6920333333333333
900	0.0613966343164444	0.9897833333969116	0.6891333333333334
901	0.0610365655263265	0.9899166666666667	0.6918833333651225
902	0.06192023233175278	0.9890000000635782	0.6900833333651225
903	0.06134159688949585	0.9894500000635783	0.6918000000019868
904	0.06198420989513397	0.9896333333651225	0.68525
905	0.06147951820691427	0.9894666666984558	0.6893333333651225
906	0.06135803790092468	0.98985	0.6942166666666667
907	0.06107975323994955	0.9900333333969116	0.6862666666666667
908	0.061185879131158194	0.9895166666666667	0.6863500000317891
909	0.06219746061960856	0.9895666666984558	0.6865833333651225
910	0.0619463707725207	0.9893833333969116	0.6861000000158946
911	0.06108032534122467	0.9896666666666667	0.6883166666666667
912	0.06153150645891825	0.989666666730245	0.6889833333333333
913	0.06185180962085724	0.9896	0.68655
914	0.06154334354400635	0.9901333333651224	0.687033333337307
915	0.06207728188832601	0.989516666730245	0.6790666666984558
916	0.06207679648399353	0.9896833333969116	0.6831666666666667
917	0.062446627302964526	0.9891333333333333	0.6857666666984558
918	0.062134170512358346	0.9895833333969116	0.6855500000158946
919	0.062272448444366454	0.9896000000317892	0.68645
920	0.061918850874900816	0.9894666666666667	0.6866666666825613
921	0.061610609912872316	0.9898000000317891	0.6906333333333333
922	0.06267932343482971	0.9892166666984558	0.6796
923	0.06285491431554159	0.9887000000635783	0.6850500000317892
924	0.06231511843601863	0.9891000000635782	0.6826833333412806
925	0.06236403244336446	0.9894000000635783	0.683666666674614
926	0.06177277493874232	0.9894166666984558	0.6803166666984558
927	0.06237802546421687	0.9894833333651225	0.6818333333492279
928	0.062423589062690736	0.98925	0.6798833333492279
929	0.06277230895360311	0.9888666666666667	0.6812333333333334
930	0.06283825380007425	0.9890833333333333	0.6810500000079472
931	0.06260447684923807	0.9896166666666667	0.6820166666666667
932	0.062018120507399244	0.9894666666666667	0.681433333349228
933	0.0625320183356603	0.9890000000635782	0.6849166666825612
934	0.0621072794119517	0.9894	0.6836333333333333
935	0.06257261500755947	0.98965	0.6822166666984558
936	0.06284520237445831	0.9896	0.6764166666825613
937	0.06309065890312195	0.9894500000317892	0.675216666674614
938	0.06319946692387263	0.9888833333969116	0.6787833333333333
939	0.06321086984078089	0.9899000000635783	0.6791833333651225
940	0.06385834165811538	0.9890833333333333	0.6706666666825613
941	0.06304778715372085	0.9894000000635783	0.6763333333333333
942	0.06306886645158132	0.9893333333969117	0.6777333333333333
943	0.06286093445618947	0.9897333333651225	0.675433333349228
944	0.06331606564124426	0.9893333333333333	0.6765833333333333
945	0.06245812259912491	0.9897666666666667	0.679166666674614
946	0.06303379484812419	0.989316666730245	0.6788666666746139
947	0.06294209234317144	0.989466666730245	0.6767666666666666
948	0.06294997788270315	0.9890666666984558	0.6775333333492279
949	0.06292265387376149	0.9893	0.6787333333492279
950	0.06375063242912292	0.9888166667302449	0.6723000000158945
951	0.06308283402125041	0.9895833333969116	0.6759666666666667
952	0.06327748353083928	0.9894000000635783	0.674383333349228
953	0.06313625388542811	0.9891666666984558	0.6743333333333333
954	0.06416034086545308	0.9894833333969116	0.6699166666706403
955	0.06351788620154063	0.989266666730245	0.6700166666666667
956	0.06314412112236023	0.9895833333651225	0.677533333337307
957	0.06312174633344014	0.9894	0.6742166666706403
958	0.06387130785783132	0.98945	0.6719500000039736
959	0.06407515912453333	0.9887833333969116	0.6718166666666666
960	0.0637764524936676	0.989566666730245	0.667316666674614
961	0.06349653445879619	0.9887166666984558	0.6705833333651224
962	0.0635194572687149	0.9890000000635782	0.6747000000158946
963	0.0640531115412712	0.9897833333333333	0.6712666666825612
964	0.06288361597061157	0.9895166666666667	0.6765833333333333
965	0.06360262936353683	0.9887000000635783	0.6707500000039737
966	0.06330376515388489	0.989166666730245	0.6690666666984558
967	0.06330366737047831	0.9892833333969117	0.6742166666984558
968	0.06333944957256317	0.98965	0.6755000000317891
969	0.06347308592796326	0.9890833333333333	0.6727333333492279
970	0.06329537334044774	0.9896	0.6699666666825612
971	0.06322042529582977	0.989216666730245	0.675383333349228
972	0.0638665538072586	0.9899333333969116	0.6578166666666667
973	0.06354609412352244	0.9897000000317892	0.6680333333492279
974	0.06352164436976115	0.9893333333333333	0.6739333333333334
975	0.064026318359375	0.9888333333651225	0.6741166666825612
976	0.06385138373772303	0.9889833333333333	0.6699833333492279
977	0.06433671780427297	0.9889166666984558	0.6675500000079473
978	0.06435030063788096	0.989216666730245	0.6599666666825612
979	0.06369690744479498	0.9893833333651225	0.6666666666825612
980	0.06395504446824392	0.9889500000635782	0.6684500000158946
981	0.06395794888337453	0.98905	0.6688833333333334
982	0.06446082745393117	0.9888500000317891	0.6596666666666666
983	0.063248708264033	0.9894333333333334	0.668
984	0.06378433870474498	0.9892500000635783	0.667116666674614
985	0.06373097797234853	0.989216666730245	0.6749666666825612
986	0.06414335408210754	0.9893500000317892	0.6683333333412806
987	0.06451718746821086	0.9890833333969116	0.6627000000039737
988	0.064817382756869	0.9887833333333333	0.6591333333492279
989	0.06402704687118531	0.9893333333651225	0.666616666674614
990	0.06453209482828776	0.9884666666984558	0.6690500000079472
991	0.063718306072553	0.9895000000317892	0.6671666666666667
992	0.06416841509342193	0.9894833333969116	0.663016666674614
993	0.06448156722784042	0.9890166666984558	0.6606333333412806
994	0.06414562332232793	0.9891333333969117	0.6675500000079473
995	0.06452755300601323	0.989516666730245	0.6616000000317891
996	0.06507946269512177	0.9883333333333333	0.665383333349228
997	0.0647072514931361	0.9887666666666667	0.6615
998	0.06396142954826355	0.9892333333969117	0.6641166666706403
999	0.06473787590265274	0.989116666730245	0.6595833333412806
1000	0.06397483949263891	0.9894666666666667	0.6645000000079473
1001	0.0641760371486346	0.9892666666666666	0.6670666666666667
1002	0.0641261949857076	0.9891666666984558	0.6627833333492279
1003	0.0638493371963501	0.9898333333333333	0.6653333333333333
1004	0.06507794020175933	0.9896166666984558	0.6568166666825612
1005	0.06543013638655344	0.98855	0.6618833333492279
1006	0.06490709320704142	0.9890833333969116	0.6620666666706403
1007	0.06455899746417999	0.9888666666666667	0.6650833333333334
1008	0.06433602104187011	0.9893333333333333	0.6666833333333333
1009	0.06487556382020314	0.9890833333333333	0.6529166666746139
1010	0.06356646300554275	0.9893000000635783	0.6671666666825612
1011	0.06425651805400849	0.989266666730245	0.6610333333333334
1012	0.06437943196296692	0.9893166666666666	0.6591166666706403
1013	0.06464137744903564	0.9888333333333333	0.6593333333412806
1014	0.06543529581228892	0.9890000000635782	0.6583500000158946
1015	0.06452442453304927	0.9896666666666667	0.6590833333492279
1016	0.06539472602208456	0.9888000000317891	0.657266666674614
1017	0.06490595382849375	0.9893833333969116	0.6586833333412806
1018	0.06443101434707642	0.9896	0.6605333333333333
1019	0.06641137799421946	0.9888333333651225	0.655016666674614
1020	0.06485264072020848	0.9888666666666667	0.6591833333492279
1021	0.0645570258140564	0.9893833333333333	0.6649833333492279
1022	0.06540040819644928	0.9891166666984558	0.6472333333412806
1023	0.06521618014971416	0.98925	0.6616166666666666
1024	0.0654506451845169	0.9889833333969116	0.6545333333412806
1025	0.06543105233510335	0.9891666666666666	0.6506000000079473
1026	0.06604338433742524	0.9887333333969116	0.6577833333333334
1027	0.06592688906590144	0.98795	0.6631833333333333
1028	0.06510955198605856	0.9892500000317891	0.6519000000079472
1029	0.06438608553409576	0.9891166666984558	0.6611666666825612
1030	0.06576250390211741	0.9893833333969116	0.6497500000158946
1031	0.06532568774223328	0.9893333333333333	0.6530166666825612
1032	0.06604931937853495	0.9886500000635783	0.6507666666746139
1033	0.06540805428822835	0.9893500000635783	0.6546833333333333
1034	0.06551802283922831	0.9889833333969116	0.6568166666825612
1035	0.06587659943898519	0.9890333333651224	0.6517666666825612
1036	0.06495686215559641	0.9889000000317891	0.6578833333333334
1037	0.06560838057994843	0.98925	0.6561833333333333
1038	0.06595834253629049	0.9887333333651225	0.6472833333333333
1039	0.06478448378245036	0.9894333333651225	0.6551333333412807
1040	0.0654686836719513	0.9888833333969116	0.6468666666825612
1041	0.06564049979050954	0.9891666666666666	0.6527333333412806
1042	0.06616161499818166	0.9889	0.6505500000079473
1043	0.06529701603253682	0.9886	0.655783333337307
1044	0.06490799422264099	0.9895166666666667	0.6488000000158946
1045	0.06533505880037943	0.9892000000635783	0.65185
1046	0.0651705017765363	0.9894000000635783	0.6525000000079473
1047	0.06523275585969289	0.98925	0.6565666666825613
1048	0.06558872321446736	0.9888333333969116	0.6572000000079473
1049	0.06506238222122192	0.98925	0.6580333333492279
1050	0.06571182037591934	0.9891666666666666	0.6506833333333333
1051	0.06673132541179656	0.9881333333333333	0.6416833333333334
1052	0.06566735615730286	0.9893666666666666	0.6489333333412807
1053	0.06573410166899363	0.9888666667302449	0.6479500000079473
1054	0.06642654616038005	0.9888333333651225	0.6484000000079473
1055	0.06594105546474457	0.9893666666666666	0.6455666666825612
1056	0.06575643780231476	0.9891666666984558	0.6488333333412806
1057	0.06643341033458709	0.9887833333969116	0.6487833333492279
1058	0.06555561419328054	0.9892333333969117	0.6513666666666666
1059	0.06600710643927256	0.9894	0.645933333337307
1060	0.06596465270519257	0.9891833333969117	0.650116666674614
1061	0.06641403220494588	0.9887500000635783	0.645
1062	0.0671663390080134	0.9889166666984558	0.6391666666666667
1063	0.06636347865263621	0.9887	0.6481166666666667
1064	0.06617830789089203	0.9892000000317891	0.6482833333333333
1065	0.06604143246014912	0.9887166667302449	0.6441500000039736
1066	0.06654281104405721	0.9884666666984558	0.6471666666666667
1067	0.0658637347539266	0.9890666666666666	0.6511000000039736
1068	0.06700762254397075	0.9889833333969116	0.6357
1069	0.06635560182332993	0.9889333333969116	0.647316666674614
1070	0.06607119325002035	0.9887000000317892	0.646416666674614
1071	0.06604183019002278	0.9891333333969117	0.6519333333333334
1072	0.06568976575533549	0.9895000000635783	0.6459500000158945
1073	0.06594526372353236	0.98925	0.645966666674614
1074	0.06580249802271525	0.9895833333969116	0.6512500000079473
1075	0.06634302234252294	0.9897666666666667	0.6369666666666667
1076	0.0663130093574524	0.9894500000635783	0.6418500000158945
1077	0.06626089601516724	0.9888833333969116	0.6512833333412806
1078	0.06708166761000951	0.9889833333969116	0.6399333333492279
1079	0.06667927443981171	0.989166666730245	0.6332833333333333
1080	0.06670222159226735	0.9889166666984558	0.6425000000079473
1081	0.0658035815556844	0.9891833333333333	0.6449500000158945
1082	0.06672564366658529	0.9891500000635783	0.6401166666706403
1083	0.06669244445164998	0.9891833333333333	0.6367166666666667
1084	0.0665315496524175	0.9891333333333333	0.6512000000158946
1085	0.06651044155756633	0.9885666666666667	0.64915
1086	0.06704933440287908	0.9887500000317891	0.6396500000079473
1087	0.06679305060704549	0.9890666666666666	0.6391833333412806
1088	0.06709538236459096	0.9888333333333333	0.64325
1089	0.06684121992588044	0.9891666666666666	0.636216666674614
1090	0.06666201463540396	0.9887333333969116	0.637833333337307
1091	0.0669572195370992	0.9889833333969116	0.6394166666825613
1092	0.06688112352689107	0.9886333333969116	0.6459666666666667
1093	0.06707141806284586	0.988116666730245	0.647883333337307
1094	0.06571104925473531	0.9889833333333333	0.6476000000079473
1095	0.06632799969514211	0.9887500000635783	0.6445666666746139
1096	0.06718954786459605	0.98905	0.6390333333412807
1097	0.06634064832528432	0.9891166666984558	0.6468333333333334
1098	0.06761096998850505	0.9886833333333334	0.6373166666825613
1099	0.06624162611166635	0.9890166666666667	0.6424000000019868
1100	0.06601030511856079	0.9896000000635783	0.6410500000039736
1101	0.06632859775225322	0.9898166667302449	0.6468000000079472
1102	0.06697982451121012	0.9887500000635783	0.6337666666825612
1103	0.06676877927382788	0.989	0.6411500000079473
1104	0.06655496455430984	0.9889166666666667	0.6464166666825613
1105	0.06670360759099324	0.9888833333333333	0.6349500000039736
1106	0.06647466028134028	0.9887666666666667	0.6460666666825612
1107	0.06785057017008464	0.9890333333651224	0.628016666674614
1108	0.06660613800684612	0.9889333333651225	0.6434500000039737
1109	0.06739997042814891	0.9883	0.6342333333412806
1110	0.06752816163698833	0.9890666666666666	0.6402333333412806
1111	0.06662708147764206	0.9888333333651225	0.6455333333412806
1112	0.06644828343391418	0.98895	0.6370333333412806
1113	0.067525869901975	0.9895166666984558	0.62885
1114	0.06684726099173229	0.98905	0.6296500000039736
1115	0.06671314202944438	0.9888500000317891	0.64005
1116	0.06691421295801799	0.9886833333651225	0.6400833333333333
1117	0.06689491260051728	0.9890666666666666	0.6406500000039737
1118	0.06712305482228598	0.9888166667302449	0.6353333333333333
1119	0.06815080867608388	0.9888666667302449	0.6316666666666667
1120	0.06668887696266175	0.9890500000635782	0.6404166666746139
1121	0.06823315739631652	0.98845	0.6279166666666667
1122	0.06759416242043177	0.9889333333333333	0.6293833333412806
1123	0.06691719958782195	0.9888333333333333	0.6363833333412806
1124	0.06695245931148529	0.9890666666984558	0.6389500000079473
1125	0.0670529193798701	0.9886333333651225	0.6443333333333333
1126	0.06723271315892537	0.9887666666666667	0.64185
1127	0.06754175264835358	0.9891333333333333	0.6312833333333333
1128	0.06706427133083344	0.9892333333333333	0.6432666666666667
1129	0.0669293195327123	0.9891166666984558	0.6347833333333334
1130	0.06648378217220306	0.9888666666666667	0.6429666666825612
1131	0.06744340048631033	0.9892166666666666	0.6316666666746139
1132	0.06694118149280548	0.9887	0.6446000000039737
1133	0.06646103241443634	0.9886500000635783	0.6410500000039736
1134	0.06805304630597432	0.9887333333969116	0.6151000000079473
1135	0.06755150532722473	0.9890333333333333	0.6391
1136	0.06740960408051809	0.9889500000635782	0.6365166666746139
1137	0.06845568431218466	0.9887000000635783	0.6288333333333334
1138	0.0676065767288208	0.9886166666984558	0.6303333333412806
1139	0.06680538864930471	0.9890333333651224	0.6357166666666667
1140	0.06756390039126078	0.9887166667302449	0.6279500000019869
1141	0.06714883657296498	0.988616666730245	0.63825
1142	0.067736008644104	0.9885	0.6292666666666666
1143	0.06742449707190196	0.9888666666984558	0.6333500000039737
1144	0.06705218773682912	0.989116666730245	0.6373333333412806
1145	0.06618558281262715	0.9886666666666667	0.64415
1146	0.06786991357803344	0.9888	0.6275500000039737
1147	0.06889141779740651	0.9886833333333334	0.6203500000079473
1148	0.06692852054437001	0.9891500000635783	0.6380833333373069
1149	0.06772932703495026	0.9883166666666666	0.6314000000039737
1150	0.067770934176445	0.989116666730245	0.6310166666706403
1151	0.06700368452469507	0.9889500000317891	0.6347666666666667
1152	0.06668882931868235	0.9893000000317892	0.6384833333412806
1153	0.06703902262846628	0.9884833333333334	0.6316666666746139
1154	0.06698661243915557	0.98955	0.6324166666706403
1155	0.06711121935049692	0.9889666667302449	0.6326666666706403
1156	0.06739431989987692	0.9890333333333333	0.6362
1157	0.06667996379534404	0.9890833333651224	0.6339166666666667
1158	0.0673207733074824	0.9888500000635783	0.6292333333333333
1159	0.0676313718398412	0.9895000000635783	0.6258833333412807
1160	0.06744513195355734	0.9882666666984559	0.6298666666706403
1161	0.06801505660216013	0.988166666730245	0.6298666666666667
1162	0.06779802680810293	0.9893500000635783	0.6237666666706403
1163	0.06759273957411448	0.9889666666666667	0.6372166666666667
1164	0.06840634094874064	0.9888833333969116	0.6243166666746139
1165	0.06732887028853099	0.9889333333969116	0.6325666666666667
1166	0.06779961766401926	0.9883500000635783	0.6366333333412806
1167	0.06742847000757853	0.9888166666666667	0.6337166666666667
1168	0.06754428753852844	0.9885666666666667	0.6348333333333334
1169	0.06773036678632101	0.989	0.6174
1170	0.06767115767002106	0.9892833333333333	0.63455
1171	0.06790205903848012	0.98925	0.6281333333412806
1172	0.0675805880943934	0.9888666666984558	0.6234666666825612
1173	0.06915115478038787	0.9880833333651224	0.61845
1174	0.06745971008141835	0.9889166667302449	0.6343166666666666
1175	0.06702539456685384	0.9889833333333333	0.631166666674614
1176	0.0680135388215383	0.9887	0.625133333337307
1177	0.06730274077653885	0.9881166666666666	0.6372500000079473
1178	0.06819641532103221	0.9887833333651225	0.6224500000039737
1179	0.06715718907515209	0.9891333333651224	0.6288166666666667
1180	0.0676881801446279	0.988266666730245	0.6340333333333333
1181	0.06767705626487731	0.9888833333333333	0.6291000000019868
1182	0.0667632187684377	0.9887666667302449	0.6417833333333334
1183	0.06843320217927297	0.9888000000635783	0.6240666666666667
1184	0.06790311879316965	0.9888833333333333	0.62905
1185	0.06848293848435084	0.9892333333333333	0.6201833333333333
1186	0.06824789014657338	0.9890500000635782	0.6259833333412806
1187	0.06739364991188049	0.9894666666984558	0.6199166666666667
1188	0.06826086695988973	0.9885	0.6257166666825612
1189	0.06804517815907796	0.9887166667302449	0.622766666674614
1190	0.06755377200841904	0.9887166666666667	0.6347833333412806
1191	0.06762966754436493	0.9889166666666667	0.6318166666666667
1192	0.0680324757417043	0.989316666730245	0.6273000000039737
1193	0.06802226331233978	0.9887	0.6279166666666667
1194	0.06811426739692689	0.9892000000635783	0.6226833333333334
1195	0.06800316456953684	0.9890000000635782	0.6222000000158946
1196	0.06717156846523285	0.98865	0.631883333337307
1197	0.06774640286763509	0.989116666730245	0.6256500000158945
1198	0.06769892131884893	0.9887166666666667	0.6318333333412807
1199	0.06733156205018362	0.9890166666984558	0.6363000000079473
1200	0.06801416518290837	0.9887	0.6212666666666666
1201	0.06789505155881245	0.9891000000635782	0.6256666666825612
1202	0.06875828046003978	0.9880166666666667	0.61625
1203	0.06783362160126369	0.9886666666666667	0.62875
1204	0.0683163533091545	0.9881166666666666	0.631683333337307
1205	0.06762277971903483	0.9887666666666667	0.6314833333333333
1206	0.06772410542964935	0.98835	0.6300500000079473
1207	0.0677802261352539	0.9886833333333334	0.6254166666686535
1208	0.06786331457297007	0.9892166666984558	0.6189833333373069
1209	0.06833299201329548	0.9884000000317892	0.6252666666666666
1210	0.06852396519978841	0.9885000000635783	0.6244166666666666
1211	0.06761184662977854	0.9887833333969116	0.6291333333333333
1212	0.06748429954051971	0.98945	0.6324166666686535
1213	0.06832718509833018	0.98895	0.6245666666706403
1214	0.067816570576032	0.9891333333333333	0.6222166666666666
1215	0.06824770073095958	0.9887	0.6239000000039736
1216	0.06759348510901134	0.9883000000635783	0.630316666674614
1217	0.0683348883152008	0.9882666666984559	0.6284500000039737
1218	0.06787492783069611	0.989	0.6229500000019869
1219	0.06834832120736441	0.9887500000317891	0.617183333337307
1220	0.06732717284361521	0.9890666667302449	0.6263166666686535
1221	0.06835368920167287	0.9889333333651225	0.6253000000079473
1222	0.06779599690437317	0.98845	0.6257500000019868
1223	0.06869123703638713	0.9888500000317891	0.6183500000019868
1224	0.06792337851524353	0.9886000000635783	0.6256500000079472
1225	0.06763324397404989	0.9890333333969116	0.6301000000158946
1226	0.06792301327387491	0.98935	0.6217500000009935
1227	0.0681910583893458	0.9890000000317891	0.6228000000079473
1228	0.06842877868016561	0.9888166666666667	0.6219166666686535
1229	0.06716505034764608	0.9893666666666666	0.62665
1230	0.0682897014816602	0.9883333333333333	0.6265166666746139
1231	0.06780926653544109	0.9889500000317891	0.624716666674614
1232	0.06729398488998413	0.9890333333969116	0.6306833333412806
1233	0.0677453378280004	0.9891833333333333	0.6155666666706403
1234	0.06917864742279052	0.9879833333969116	0.6097500000079473
1235	0.06748354806105296	0.9891666666984558	0.6261833333412806
1236	0.06852703149318695	0.9890166667302449	0.6160833333333333
1237	0.0671448137442271	0.9893500000317892	0.6354833333412806
1238	0.0681562738776207	0.9891333333969117	0.6164
1239	0.06863674540519714	0.989216666730245	0.6176166666666667
1240	0.06694497485955556	0.989416666730245	0.6334333333412806
1241	0.06834010812441509	0.9886666666666667	0.6171000000019868
1242	0.06832908999125163	0.9883333333333333	0.6246666666706403
1243	0.06993261081775029	0.9881666666666666	0.6180000000079473
1244	0.06858080418904622	0.9888666666666667	0.62318333333383
1245	0.06840796226263046	0.9885833333333334	0.6227000000079473
1246	0.06883134298324585	0.9887666666666667	0.6193833333333333
1247	0.06781917383670807	0.9890000000635782	0.6251666666706404
1248	0.06979496041138968	0.9875333333969116	0.6185666666666667
1249	0.06965848381519317	0.9884000000635783	0.6057000000019869
1250	0.0686339315255483	0.9885166666666667	0.6260500000009934
1251	0.06806089748541515	0.98865	0.6217666666686534
1252	0.06825417737166087	0.98905	0.615866666674614
1253	0.06863248512744903	0.9884333333969116	0.6223666666666666
1254	0.06875753693580627	0.9891833333969117	0.61856666666766
1255	0.067679385693868	0.9894333333651225	0.6245500000158946
1256	0.06856714235941569	0.9882333333651224	0.6171500000079473
1257	0.06800383986234665	0.9891833333333333	0.6344000000158946
1258	0.06896473906040192	0.9891000000635782	0.6037500000019869
1259	0.06791713318030039	0.9896	0.6230166666666667
1260	0.06867381021181743	0.9889333333651225	0.6121166666671634
1261	0.06801939472357432	0.989116666730245	0.6220500000079473
1262	0.06798127315839132	0.9893333333969117	0.6151666666706403
1263	0.06835476473172505	0.9886833333969116	0.6245000000039737
1264	0.06784118143717448	0.9890833333333333	0.616783333337307
1265	0.06871161977450053	0.9885500000635783	0.6226166666706403
1266	0.06812314921220143	0.9892166666666666	0.6166500000158945
1267	0.06842811792691549	0.988316666730245	0.6199833333333333
1268	0.06871730918089548	0.9892666666984559	0.6012166666706403
1269	0.0682592632373174	0.9892000000635783	0.6211000000039737
1270	0.06794556290308634	0.9889333333969116	0.6229166666666667
1271	0.06818271977901459	0.9888666666666667	0.6277
1272	0.0688365708510081	0.9884666666666667	0.6211666666666666
1273	0.06742448957761128	0.9894166666984558	0.6172666666666666
1274	0.06803004150390625	0.9887833333969116	0.6237500000039736
1275	0.06912154561678568	0.9885666666666667	0.6070333333333333
1276	0.0687817595243454	0.9887166667302449	0.6156166666706403
1277	0.06813474189440409	0.9883500000635783	0.6233500000079473
1278	0.0686145032008489	0.9888000000317891	0.6143666666746139
1279	0.06867889232635498	0.9886833333969116	0.6105000000079472
1280	0.0677418526093165	0.9887000000635783	0.6230333333373069
1281	0.06847713389396667	0.9889333333333333	0.6104833333412806
1282	0.06832101205190023	0.9891000000317891	0.6146666666706403
1283	0.069137859582901	0.9888166666666667	0.6156666666666667
1284	0.06803278177579244	0.9888000000317891	0.624766666674614
1285	0.06866224172910054	0.9887666667302449	0.6160166666706403
1286	0.06961909890174865	0.9882666666666666	0.6068000000079473
1287	0.06836026280721029	0.9887000000635783	0.6222166666666666
1288	0.0690285849014918	0.98895	0.608766666674614
1289	0.06926926771004994	0.988516666730245	0.6192666666676601
1290	0.06977279241879782	0.9881666666666666	0.6136166666706403
1291	0.06917315709590911	0.9880833333969116	0.6178000000019869
1292	0.06983921669324239	0.9883000000635783	0.6233500000039737
1293	0.06899202134609222	0.9883333333333333	0.6175333333353201
1294	0.07055113073190053	0.9879333333969116	0.607033333337307
1295	0.06981716078917186	0.9881166666984558	0.6173500000004967
1296	0.06763035635153453	0.9895666666666667	0.6111833333333333
1297	0.0683911795536677	0.9890166666984558	0.618816666674614
1298	0.0689746128877004	0.9880666667302449	0.61165
1299	0.06958832934697469	0.9885000000635783	0.6017666666666667
1300	0.06895432276725769	0.9887666666984558	0.6097000000039736
1301	0.0694587284564972	0.9881500000635783	0.612633333337307
1302	0.06899340365727742	0.9888666666666667	0.61575
1303	0.06849789076646169	0.989316666730245	0.6108
1304	0.07002917880217234	0.9883333333651225	0.6093833333333334
1305	0.06813357555071513	0.9891833333969117	0.618133333337307
1306	0.06807735610008239	0.9892166666984558	0.6183166666666666
1307	0.06856540646950404	0.98865	0.6241833333333333
1308	0.06865312804381053	0.9889666667302449	0.61775
1309	0.06871259205341339	0.9889666667302449	0.6118
1310	0.06777244417667388	0.9893333333969117	0.615116666674614
1311	0.06970268014272055	0.9875333333969116	0.6162333333333333
1312	0.06858294359048207	0.989166666730245	0.6207
1313	0.06906972150802612	0.98815	0.6181333333412806
1314	0.06914101241429647	0.9888333333651225	0.6113166666666666
1315	0.06863331096172333	0.9891500000317891	0.6088333333412806
1316	0.06847769420146942	0.9888833333969116	0.6204000000079473
1317	0.06830493066310883	0.9890166666666667	0.6099000000079473
1318	0.06897047155698141	0.9890833333651224	0.6030833333353202
1319	0.06807969138622284	0.9887666666984558	0.615583333337307
1320	0.06945467330614725	0.9880833333333333	0.608683333337307
1321	0.06807168397903442	0.9892333333969117	0.6226333333412806
1322	0.06849522045453389	0.9887833333651225	0.6184500000079473
1323	0.06911785939534505	0.9879333333651225	0.6138000000079473
1324	0.0693426687637965	0.9889500000635782	0.6046666666666667
1325	0.0691237655321757	0.9891166666984558	0.5975666666671634
1326	0.06865949834982554	0.9886833333333334	0.6281000000039736
1327	0.06902140397230784	0.9887333333333334	0.612816666674614
1328	0.06733375510772069	0.98905	0.6223500000079473
1329	0.06895229754447937	0.9884166666666667	0.612333333337307
1330	0.06916053899129232	0.9891333333333333	0.602766666674614
1331	0.06915348643461863	0.9888000000317891	0.619783333337307
1332	0.06960783667564392	0.9883500000635783	0.5966500000079473
1333	0.06861580324172974	0.9884500000635783	0.6105500000039736
1334	0.06912480467160542	0.988666666730245	0.59475
1335	0.06806721352736156	0.9890000000317891	0.620783333337307
1336	0.06892906699180602	0.9889500000635782	0.612533333337307
1337	0.06867325348854066	0.9891833333969117	0.6042666666666666
1338	0.06855051251252492	0.9890833333333333	0.612616666674614
1339	0.06861436285177866	0.9891833333333333	0.6033000000079473
1340	0.0689733333349228	0.9882833333969117	0.6080833333333333
1341	0.0688208746433258	0.9894000000635783	0.611333333337307
1342	0.0687259356101354	0.9890166667302449	0.6038333333412806
1343	0.06905946973959605	0.9889166666666667	0.6128166666706403
1344	0.06904495372772217	0.989	0.603183333337307
1345	0.06945865991910298	0.988416666730245	0.6072000000079473
1346	0.06838841099739075	0.9892333333333333	0.611033333337307
1347	0.06827612631320953	0.9889166666666667	0.6155833333412806
1348	0.06878412628173829	0.9887333333651225	0.6118833333373069
1349	0.06941498940785726	0.988616666730245	0.6163166666706403
1350	0.06801165239810944	0.9887500000635783	0.611166666674614
1351	0.06761289485295614	0.9889000000317891	0.6158500000079473
1352	0.06958088162740071	0.9882833333333333	0.6062333333333333
1353	0.0693332533121109	0.9883166666666666	0.6108166666676601
1354	0.07007910913626353	0.9887833333651225	0.6041333333343267
1355	0.06866496103604634	0.989166666730245	0.6096666666666667
1356	0.06792988295555115	0.9891333333969117	0.6163666666706403
1357	0.069011905169487	0.9888166666984558	0.6104333333353201
1358	0.06907970699469249	0.9889333333969116	0.6016500000009934
1359	0.06934252264499664	0.9888166667302449	0.6050333333412806
1360	0.06838891746203105	0.9892666666666666	0.609133333337307
1361	0.06888061459859213	0.9885666666666667	0.597333333337307
1362	0.06846359824339548	0.9889666666984558	0.6043000000039737
1363	0.06883233317534129	0.9885500000635783	0.610766666674614
1364	0.06972267855008443	0.9883000000635783	0.6056
1365	0.06894233941237132	0.9896166666666667	0.601
1366	0.06868719267050426	0.9886833333333334	0.6124500000009934
1367	0.06921078004042308	0.98915	0.60145
1368	0.06846068524519602	0.9887833333969116	0.6058833333373069
1369	0.06919324057102204	0.9889166666666667	0.5994833333412806
1370	0.06813152156670889	0.98905	0.6162000000039737
1371	0.07006995290915172	0.9886500000635783	0.5988833333412806
1372	0.06935348563989004	0.98945	0.6022333333333333
1373	0.0695234219789505	0.988516666730245	0.5953166666666667
1374	0.06896187249024709	0.989	0.6120166666666667
1375	0.06888956260681152	0.988616666730245	0.6017333333333333
1376	0.06854692834615707	0.9893666666666666	0.6094666666666667
1377	0.06881303927103678	0.9882833333969117	0.6164166666666666
1378	0.06906608830293019	0.9887	0.6057166666686535
1379	0.06874523990154266	0.9888500000317891	0.6103333333412806
1380	0.0689197724978129	0.9889166666666667	0.6044500000039736
1381	0.06924642205238342	0.9886333333333334	0.6059166666666667
1382	0.0689043422460556	0.9889166666984558	0.6046833333412807
1383	0.06916364236672719	0.9888500000317891	0.6037
1384	0.06943958684603373	0.9885000000317892	0.5961333333412806
1385	0.06910276847680409	0.9882500000635783	0.6083666666706403
1386	0.06976437668800355	0.9886000000635783	0.6024833333412806
1387	0.06909432601133983	0.9887500000635783	0.5972166666706403
1388	0.06916692831516266	0.9888666667302449	0.6013166666666667
1389	0.069767724665006	0.9885333333651225	0.59965
1390	0.0690720386505127	0.988316666730245	0.6125166666666667
1391	0.06938991780281067	0.9885833333651225	0.6034666666706403
1392	0.06891455272038778	0.9884166666984558	0.6155666666706403
1393	0.06917581710020701	0.9892833333333333	0.6085166666706403
1394	0.06998311323324839	0.9887000000317892	0.5998833333333333
1395	0.06815052084128062	0.9889500000635782	0.6116500000039736
1396	0.06947964026133219	0.9888166666984558	0.6040666666706404
1397	0.06855236365795135	0.9883833333333333	0.6180666666825613
1398	0.06868706312179565	0.9888666666984558	0.608283333337307
1399	0.06925274764696757	0.9891166666666666	0.6010333333353202
1400	0.06910786646207173	0.9890833333333333	0.59865
1401	0.06822585151195526	0.9892333333333333	0.6064500000158946
1402	0.06906593478520712	0.9892333333651224	0.5996500000019869
1403	0.06968212517897288	0.9887333333969116	0.6082833333353201
1404	0.06931363979975383	0.988316666730245	0.6013666666706403
1405	0.06910393679936727	0.9887	0.6104
1406	0.06964783751964569	0.988416666730245	0.6053833333412806
1407	0.06946455737749735	0.9882500000317891	0.6005500000019868
1408	0.07005881929397582	0.9880833333333333	0.60565
1409	0.07054152861436208	0.988316666730245	0.5936666666706403
1410	0.06977830632527669	0.9884666666984558	0.5995333333333334
1411	0.06933678075472514	0.9882500000635783	0.5984166666666667
1412	0.06962611712614696	0.98945	0.6026333333412807
1413	0.06908887579441071	0.9889333333969116	0.6081000000009934
1414	0.06947588245868683	0.9890500000635782	0.6050666666666666
1415	0.06949726541042328	0.9889	0.594016666674614
1416	0.06892099711894989	0.9885333333651225	0.6106500000039736
1417	0.06914063162008921	0.9891166666666666	0.6031666666686535
1418	0.06972602492173513	0.9886166666984558	0.5999166666686535
1419	0.06950719919204712	0.9886666666984558	0.595766666674614
1420	0.06947377177874248	0.98915	0.6102666666666666
1421	0.06933784335454304	0.989466666730245	0.6020000000039737
1422	0.06936395585536957	0.9889000000635783	0.5970666666746139
1423	0.06959130628108978	0.98815	0.6041666666746139
1424	0.06871053501764933	0.9889500000635782	0.6034166666666667
1425	0.06924304224650066	0.9886666666666667	0.60435
1426	0.06944502210617065	0.9877833333969116	0.6076000000039736
1427	0.07032917687892914	0.9875000000635783	0.5986000000039736
1428	0.069390942466259	0.9886833333651225	0.6044833333492279
1429	0.0692253847281138	0.988566666730245	0.6025333333412807
1430	0.06958192361195882	0.9882666666666666	0.5985333333492279
1431	0.06972042627334595	0.9885000000635783	0.5926500000019869
1432	0.06970263134638469	0.9886666666666667	0.5998833333412806
1433	0.06957676189740498	0.9884500000317892	0.6016166666676601
1434	0.06896024249394735	0.9889500000317891	0.6090333333333333
1435	0.07038031885623931	0.988166666730245	0.5911
1436	0.06996088703473409	0.9889833333651225	0.5895166666706403
1437	0.06950924264589946	0.9890333333333333	0.5896833333333333
1438	0.06934126918315887	0.9887333333969116	0.60728333333383
1439	0.07008958768049876	0.9884833333651225	0.5969833333353202
1440	0.06937634589672088	0.9884833333333334	0.6011833333353201
1441	0.06957817273139953	0.9885333333969116	0.6058833333412806
1442	0.0696146531422933	0.9887	0.6011500000019868
1443	0.06930528051058452	0.989116666730245	0.6012
1444	0.06927634526888529	0.9893333333969117	0.5967166666666667
1445	0.06929551947116852	0.9886333333333334	0.6012166666746139
1446	0.07030044838587443	0.9889000000635783	0.5853500000019868
1447	0.06928226631482443	0.9887333333651225	0.6035666666666667
1448	0.06955256472428639	0.98875	0.5929833333353202
1449	0.06936066972414652	0.9890833333969116	0.5956166666676601
1450	0.07197454816500345	0.9887833333333333	0.5352000000079473
1451	0.07144623787403107	0.9885833333969116	0.5552833333338301
1452	0.07191385955810548	0.9885666666984558	0.5430333333333334
1453	0.07238994649251303	0.9883000000635783	0.534783333337307
1454	0.07153822117646536	0.9886333333651225	0.5470000000039736
1455	0.07147223613262177	0.988416666730245	0.5479833333343267
1456	0.07147205206553141	0.9891666666984558	0.5451500000019868
1457	0.07279074484507243	0.9887833333333333	0.5398666666686535
1458	0.07092105400562286	0.9891	0.5472166666706403
1459	0.07141346128384272	0.9889666667302449	0.545933333337307
1460	0.07116380318800608	0.98885	0.5624333333353202
1461	0.07142784102757772	0.9880833333651224	0.555616666674614
1462	0.07181996923287709	0.9887666667302449	0.5463500000009934
1463	0.0719735322634379	0.9887333333969116	0.5424500000039737
1464	0.07128366594314575	0.9888666667302449	0.5575166666666667
1465	0.07124907743930817	0.9887666666984558	0.55305
1466	0.07122817029158274	0.9885166666984558	0.5581500000009935
1467	0.07168599809805552	0.98865	0.5626000000039736
1468	0.07173308600584666	0.9889500000635782	0.5534666666706403
1469	0.07131608293056488	0.9887166666666667	0.5525
1470	0.07085470358530681	0.9889666666984558	0.5421833333412807
1471	0.07224044383366902	0.98895	0.5343
1472	0.07141204657554627	0.9891833333333333	0.54815
1473	0.07109412239392598	0.9893166666666666	0.550116666674614
1474	0.07099947729110717	0.9887000000317892	0.5544666666706403
1475	0.0712837320725123	0.9890333333969116	0.5490666666706403
1476	0.07197638137340545	0.9891666666984558	0.5357333333333333
1477	0.07041352794965108	0.98875	0.565
1478	0.0718033346414566	0.989116666730245	0.5448833333353201
1479	0.07140590143203736	0.9889833333969116	0.5556500000039737
1480	0.07120558965206146	0.9890166667302449	0.5401833333333333
1481	0.07131813940207163	0.9884333333333334	0.5447333333333333
1482	0.0724899709701538	0.9879666667302449	0.5485666666686535
1483	0.07222552615801493	0.9882833333969117	0.54135
1484	0.07188670214811961	0.9890833333651224	0.5446500000004967
1485	0.07141289797623952	0.9889666666666667	0.547
1486	0.07109687524636586	0.988316666730245	0.5548833333333333
1487	0.07141127067406972	0.9893833333969116	0.5476166666676601
1488	0.07128231326738993	0.9886333333333334	0.5599833333412806
1489	0.07178401610851289	0.9889333333651225	0.5546500000039737
1490	0.07143958756128947	0.9886333333333334	0.5540333333353201
1491	0.07073053675492605	0.9891333333333333	0.5482000000079473
1492	0.0717902593533198	0.9885000000317892	0.5475666666706404
1493	0.07187034619649252	0.9882333333651224	0.5422166666666667
1494	0.07159320746262868	0.9878333333651225	0.5531500000079473
1495	0.07271987317403157	0.9881833333969117	0.547683333337307
1496	0.07218012518882752	0.9880166666666667	0.5506833333353202
1497	0.07179296841621399	0.9891833333333333	0.5470666666666667
1498	0.07127611744403839	0.9881500000635783	0.5462
1499	0.07212481331030528	0.9885833333969116	0.5482000000039736
