epoch	loss	acc	certified
0	6.768309593200684	0.003741117659956217	0.003741117659956217
1	6.2233381271362305	0.01958603411912918	0.01958603411912918
2	5.942846298217773	0.03401895612478256	0.034018173813819885
3	5.736908912658691	0.04797809571027756	0.04797731339931488
4	5.59150505065918	0.05928340554237366	0.05928340554237366
5	5.485179901123047	0.06803557276725769	0.06803557276725769
6	5.399369239807129	0.07570981979370117	0.07570591568946838
7	5.328559398651123	0.08245600759983063	0.08244898915290833
8	5.267533302307129	0.08832955360412598	0.0883147269487381
9	5.215548515319824	0.09360677003860474	0.09358491748571396
10	5.1704607009887695	0.09809096157550812	0.09806676208972931
11	5.125637054443359	0.10284599661827087	0.10278511792421341
12	5.090634346008301	0.10661521553993225	0.10652154684066772
13	5.056049346923828	0.11052024364471436	0.11043047904968262
14	5.028745651245117	0.11403266340494156	0.11389919370412827
15	5.002001762390137	0.11678405851125717	0.1165904849767685
16	4.980373382568359	0.11912254989147186	0.11886341124773026
17	4.958004951477051	0.12197931855916977	0.12162885814905167
18	4.936514854431152	0.12417106330394745	0.12375582754611969
19	4.919797897338867	0.1267843097448349	0.1262582242488861
20	4.9014387130737305	0.12884102761745453	0.1281728893518448
21	4.887242317199707	0.13079392910003662	0.12996655702590942
22	4.869563102722168	0.13294431567192078	0.13193897902965546
23	4.855682373046875	0.13469740748405457	0.1335078626871109
24	4.843830108642578	0.1358885020017624	0.13434459269046783
25	4.8306121826171875	0.13771262764930725	0.1358955204486847
26	4.8169450759887695	0.13937126100063324	0.13727006316184998
27	4.808224678039551	0.14035864174365997	0.13799595832824707
28	4.7933783531188965	0.1427205502986908	0.13981851935386658
29	4.7867302894592285	0.14344099164009094	0.14004173874855042
30	4.771762847900391	0.14549224078655243	0.1415739357471466
31	4.7708024978637695	0.14604952931404114	0.14156769216060638
32	4.7574992179870605	0.14748886227607727	0.14236149191856384
33	4.747820854187012	0.14911314845085144	0.1432957947254181
34	4.742520332336426	0.14962127804756165	0.14308661222457886
35	4.735703945159912	0.15055090188980103	0.14315296709537506
36	4.725680828094482	0.15196210145950317	0.14374616742134094
37	4.717043876647949	0.15344670414924622	0.1440310776233673
38	4.715291976928711	0.15341392159461975	0.14320915937423706
39	4.706427097320557	0.15513500571250916	0.14369387924671173
40	4.698390007019043	0.15605446696281433	0.14343005418777466
41	4.692286491394043	0.1569208800792694	0.142776757478714
42	4.687315940856934	0.1575312614440918	0.14220695197582245
43	4.683623313903809	0.15824857354164124	0.14151695370674133
44	4.678691387176514	0.15894325077533722	0.14062558114528656
45	4.670506477355957	0.16029512882232666	0.1399793028831482
46	4.668771743774414	0.1603919267654419	0.13855326175689697
47	4.66568660736084	0.16122710704803467	0.13750499486923218
48	4.663163185119629	0.16196003556251526	0.1365824043750763
49	4.660026550292969	0.16234952211380005	0.134958878159523
50	4.607684135437012	0.16384971141815186	0.13393715023994446
51	4.518749237060547	0.16444838047027588	0.13184063136577606
52	4.427216053009033	0.1660570651292801	0.13070183992385864
53	4.339762210845947	0.1674768626689911	0.1287231594324112
54	4.253161430358887	0.16799123585224152	0.1269669532775879
55	4.170229434967041	0.1695343554019928	0.12503981590270996
56	4.085597038269043	0.17086127400398254	0.12347561120986938
57	4.008284568786621	0.17155596613883972	0.12085612118244171
58	3.9311537742614746	0.17255036532878876	0.11829362064599991
59	3.856285810470581	0.1734674870967865	0.11618070304393768
60	3.782959461212158	0.17431828379631042	0.1140279769897461
61	3.712085247039795	0.17501530051231384	0.111195407807827
62	3.6387057304382324	0.17629459500312805	0.1094633936882019
63	3.573955535888672	0.17630396783351898	0.10657696425914764
64	3.504246234893799	0.1776386797428131	0.10459205508232117
65	3.44155216217041	0.17825843393802643	0.10203111171722412
66	3.3763961791992188	0.1790444254875183	0.09999234974384308
67	3.314891815185547	0.1799529790878296	0.09781855344772339
68	3.2549643516540527	0.18080532550811768	0.09564241766929626
69	3.195328712463379	0.1809520721435547	0.09369653463363647
70	3.1386702060699463	0.18169669806957245	0.09131979942321777
71	3.083052158355713	0.18161943554878235	0.08868548274040222
72	3.0276904106140137	0.1827465295791626	0.08737573772668839
73	2.9749555587768555	0.1826138198375702	0.08450569957494736
74	2.922165870666504	0.18340450525283813	0.0828423723578453
75	2.8715858459472656	0.18357233703136444	0.08128130435943604
76	2.823352098464966	0.18397587537765503	0.07870317995548248
77	2.773270606994629	0.1842115968465805	0.07695867866277695
78	2.7263872623443604	0.18454644083976746	0.07535545527935028
79	2.6806278228759766	0.18519116938114166	0.07389506697654724
80	2.634634494781494	0.18455111980438232	0.07229731231927872
81	2.589944362640381	0.18481338024139404	0.07105235755443573
82	2.54552960395813	0.18536368012428284	0.06953030824661255
83	2.5033822059631348	0.18494607508182526	0.06829627603292465
84	2.4598660469055176	0.18526531755924225	0.06774520874023438
85	2.419104814529419	0.18530434370040894	0.06654396653175354
86	2.3791356086730957	0.18525907397270203	0.06556829810142517
87	2.338348865509033	0.18446995317935944	0.06450286507606506
88	2.2991085052490234	0.18471503257751465	0.06392604112625122
89	2.260728597640991	0.18460029363632202	0.06301593780517578
90	2.224409818649292	0.18448477983474731	0.06226193532347679
91	2.1869993209838867	0.18417491018772125	0.061650775372982025
92	2.149674654006958	0.18454021215438843	0.06137992814183235
93	2.1142516136169434	0.18481650948524475	0.06133699789643288
94	2.0786211490631104	0.18401411175727844	0.06062046438455582
95	2.0427870750427246	0.18408983945846558	0.06058143824338913
96	2.0095715522766113	0.18459951877593994	0.06018492579460144
97	1.97707200050354	0.18353486061096191	0.05984851345419884
98	1.9432857036590576	0.18375888466835022	0.06014121323823929
99	1.9108130931854248	0.1835739016532898	0.059953104704618454
100	1.879098653793335	0.18306419253349304	0.059763435274362564
101	1.8479264974594116	0.1827605664730072	0.059342727065086365
102	1.816535234451294	0.18282301723957062	0.059787631034851074
103	1.786505937576294	0.1825186014175415	0.05930057540535927
104	1.7560114860534668	0.1819230616092682	0.0595308355987072
105	1.727379322052002	0.1819652020931244	0.05976187437772751
106	1.6983556747436523	0.18199720978736877	0.0598883181810379
107	1.6710312366485596	0.18159444630146027	0.059800900518894196
108	1.642469882965088	0.18221653997898102	0.060331664979457855
109	1.6161561012268066	0.18142898380756378	0.060141995549201965
110	1.5881978273391724	0.1805305778980255	0.059722065925598145
111	1.5634273290634155	0.1810113936662674	0.0604737251996994
112	1.5367802381515503	0.1803135871887207	0.060303568840026855
113	1.5113675594329834	0.18021290004253387	0.060717251151800156
114	1.486459493637085	0.18017464876174927	0.06095687672495842
115	1.4615976810455322	0.17964701354503632	0.06079374626278877
116	1.4379899501800537	0.1792239546775818	0.06101463735103607
117	1.414108395576477	0.17924579977989197	0.06173897534608841
118	1.3912774324417114	0.17847619950771332	0.061699166893959045
119	1.3680044412612915	0.1781928688287735	0.06179048866033554
120	1.3465077877044678	0.17821940779685974	0.06174677982926369
121	1.3243380784988403	0.1778595745563507	0.06211753934621811
122	1.3027186393737793	0.17836380004882812	0.0626998171210289
123	1.281193733215332	0.17712977528572083	0.06305808573961258
124	1.2601759433746338	0.17747633159160614	0.06338122487068176
125	1.2396159172058105	0.17750443518161774	0.0638003796339035
126	1.2193619012832642	0.17677775025367737	0.063863605260849
127	1.199601650238037	0.1760331094264984	0.0637972503900528
128	1.1811106204986572	0.1759246289730072	0.06383393704891205
129	1.1612999439239502	0.17553123831748962	0.06407669186592102
130	1.142889380455017	0.17562958598136902	0.06437017023563385
131	1.1242378950119019	0.17547659575939178	0.06486737728118896
132	1.1063319444656372	0.17532283067703247	0.06534037739038467
133	1.0882997512817383	0.17437447607517242	0.0653325766324997
134	1.0710551738739014	0.17458835244178772	0.06597261130809784
135	1.0552380084991455	0.17445018887519836	0.06546370685100555
136	1.0370999574661255	0.1742558479309082	0.06650025397539139
137	1.0208489894866943	0.1740700602531433	0.06664621829986572
138	1.0049192905426025	0.17344407737255096	0.06640970706939697
139	0.9889011383056641	0.17403806746006012	0.06709893047809601
140	0.9725034236907959	0.17302024364471436	0.06728235632181168
141	0.9581395983695984	0.1726018786430359	0.06725893914699554
142	0.9424386024475098	0.17217101156711578	0.06741426885128021
143	0.9277733564376831	0.1720438003540039	0.06767964363098145
144	0.9134743213653564	0.17186114192008972	0.06801137328147888
145	0.8994438648223877	0.17185021936893463	0.06826972961425781
146	0.8851719498634338	0.17136706411838531	0.06854760646820068
147	0.8708500266075134	0.17100177705287933	0.06877630203962326
148	0.8575279712677002	0.17094556987285614	0.06894802302122116
149	0.8447346687316895	0.1708245873451233	0.06924775242805481
150	0.8312873840332031	0.17056310176849365	0.06968484818935394
151	0.8183164596557617	0.1698606312274933	0.06959743052721024
152	0.8059543371200562	0.17024464905261993	0.0702928900718689
153	0.7932419776916504	0.16945239901542664	0.07040996849536896
154	0.7815574407577515	0.16934233903884888	0.07041230797767639
155	0.7699214816093445	0.16896769404411316	0.07036782056093216
156	0.7584362030029297	0.16904965043067932	0.07063320279121399
157	0.7467312216758728	0.16887325048446655	0.07123031467199326
158	0.7350631356239319	0.16860084235668182	0.07167834043502808
159	0.7243959903717041	0.1684579998254776	0.07161043584346771
160	0.7132971882820129	0.16781094670295715	0.0718563050031662
161	0.7022138833999634	0.16758692264556885	0.0722489207983017
162	0.6917561292648315	0.16738319396972656	0.07227779924869537
163	0.6824142336845398	0.16745813190937042	0.07228794693946838
164	0.6714564561843872	0.16697731614112854	0.07257284224033356
165	0.6618863344192505	0.16702961921691895	0.07280933856964111
166	0.652336835861206	0.16690239310264587	0.07310204207897186
167	0.6419904232025146	0.16639739274978638	0.07324644923210144
168	0.6325540542602539	0.16597354412078857	0.07345563173294067
169	0.6235464811325073	0.16627717018127441	0.07393878698348999
170	0.6147941946983337	0.16605862975120544	0.07394424080848694
171	0.6055795550346375	0.16525232791900635	0.07422836124897003
172	0.5969494581222534	0.16551145911216736	0.07442739605903625
173	0.5882654190063477	0.16519379615783691	0.07447969168424606
174	0.5800411105155945	0.16513758897781372	0.07467015087604523
175	0.5715267658233643	0.1643843650817871	0.07446720451116562
176	0.5630847811698914	0.16412600874900818	0.0747552216053009
177	0.5560816526412964	0.16455218195915222	0.07478410005569458
178	0.547629714012146	0.16362959146499634	0.07479347288608551
179	0.5394154787063599	0.16358666121959686	0.07532189786434174
180	0.5324620008468628	0.16349691152572632	0.0752672553062439
181	0.5249904990196228	0.1631792187690735	0.07534140348434448
182	0.5180257558822632	0.1632908433675766	0.07546862959861755
183	0.5104788541793823	0.16322526335716248	0.07595256716012955
184	0.5034665465354919	0.16296067833900452	0.07617735862731934
185	0.49653059244155884	0.16253605484962463	0.07616330683231354
186	0.4899212121963501	0.1626070886850357	0.07655670493841171
187	0.4834030270576477	0.16262659430503845	0.07657933980226517
188	0.4770604968070984	0.16289666295051575	0.07699458301067352
189	0.4707384705543518	0.16239947080612183	0.07685486972332001
190	0.46370840072631836	0.16158613562583923	0.07691653072834015
191	0.4582769274711609	0.16218715906143188	0.07725528627634048
192	0.45195069909095764	0.16194596886634827	0.07730992138385773
193	0.4461360573768616	0.16194987297058105	0.07742466032505035
194	0.43993276357650757	0.1613067090511322	0.07761745154857635
195	0.43419724702835083	0.16140583157539368	0.0777103453874588
196	0.4291801452636719	0.1618991494178772	0.07833632826805115
197	0.42386192083358765	0.16165639460086823	0.07793201506137848
198	0.4179036617279053	0.1609952747821808	0.07798352837562561
199	0.41231805086135864	0.16088443994522095	0.07831525802612305
200	0.40630799531936646	0.1603887975215912	0.07879606634378433
201	0.4016031324863434	0.16069164872169495	0.07883197069168091
202	0.3962665796279907	0.16102182865142822	0.07980062067508698
203	0.390445739030838	0.16065183281898499	0.08024006336927414
204	0.3861796259880066	0.16099216043949127	0.08040475845336914
205	0.3805384039878845	0.16044577956199646	0.0810198187828064
206	0.37559226155281067	0.1602342575788498	0.08114080131053925
207	0.3713328242301941	0.16075564920902252	0.0816403478384018
208	0.36637967824935913	0.16069945693016052	0.08205949515104294
209	0.361782968044281	0.16095390915870667	0.08270656317472458
210	0.35705602169036865	0.16063779592514038	0.08293213695287704
211	0.352533757686615	0.16051211953163147	0.08335362374782562
212	0.34812670946121216	0.16061905026435852	0.08401240408420563
213	0.3443961441516876	0.1612856388092041	0.08458219468593597
214	0.3397366404533386	0.1609070748090744	0.08492875099182129
215	0.33562564849853516	0.16101792454719543	0.08547590672969818
216	0.3317290246486664	0.16097497940063477	0.08560547977685928
217	0.32799357175827026	0.16141599416732788	0.08624786138534546
218	0.32411935925483704	0.16154322028160095	0.08682077378034592
219	0.3204744756221771	0.1617383509874344	0.0870736688375473
220	0.31727728247642517	0.1622394621372223	0.08755448460578918
221	0.3130742609500885	0.16211223602294922	0.08825618028640747
222	0.3094748854637146	0.16194987297058105	0.08837325870990753
223	0.30615681409835815	0.16230502724647522	0.08892822265625
224	0.3028256297111511	0.1623721420764923	0.08922561258077621
225	0.2992057204246521	0.16237527132034302	0.08951753377914429
226	0.2959914207458496	0.1626601666212082	0.09026919305324554
227	0.2924036979675293	0.16221760213375092	0.09024812281131744
228	0.2893381714820862	0.16277256608009338	0.09092718362808228
229	0.28625839948654175	0.16312068700790405	0.09162889420986176
230	0.28305238485336304	0.1628490537405014	0.09183885157108307
231	0.280786395072937	0.1633228361606598	0.0918341726064682
232	0.276807576417923	0.1626882553100586	0.09225800633430481
233	0.2747862637042999	0.16333845257759094	0.0924195796251297
234	0.2716924548149109	0.16360695660114288	0.09308068454265594
235	0.26897919178009033	0.1635749638080597	0.0934046134352684
236	0.26653265953063965	0.16409869492053986	0.0940251350402832
237	0.26304954290390015	0.1638551652431488	0.09462225437164307
238	0.2607824504375458	0.1639082431793213	0.09462381154298782
239	0.25839751958847046	0.16438046097755432	0.0953013151884079
240	0.2558674216270447	0.164626345038414	0.09576183557510376
241	0.25370869040489197	0.16466069221496582	0.09553469717502594
242	0.250859797000885	0.16442731022834778	0.09591248631477356
243	0.24798768758773804	0.16387391090393066	0.09602800011634827
244	0.24604615569114685	0.16454125940799713	0.09676404297351837
245	0.24368761479854584	0.16509388387203217	0.09748448431491852
246	0.24200917780399323	0.16569724678993225	0.0978427529335022
247	0.23947519063949585	0.16526637971401215	0.09771864116191864
248	0.23737569153308868	0.1654989868402481	0.09842737019062042
249	0.23554855585098267	0.16589471697807312	0.09862719476222992
250	0.23364391922950745	0.166421577334404	0.09932811558246613
251	0.2307831197977066	0.16562309861183167	0.0991150289773941
252	0.22904673218727112	0.16600319743156433	0.09960208088159561
253	0.22680316865444183	0.16606877744197845	0.10000874102115631
254	0.22561681270599365	0.16654959321022034	0.10021792352199554
255	0.2236783504486084	0.16665026545524597	0.10024524480104446
256	0.22124958038330078	0.1661054491996765	0.10060741007328033
257	0.21947899460792542	0.16618898510932922	0.1005488783121109
258	0.2181442677974701	0.16676735877990723	0.10117720812559128
259	0.21593807637691498	0.16661983728408813	0.1015760600566864
260	0.2144107222557068	0.16671662032604218	0.1015971377491951
261	0.2128065526485443	0.16723021864891052	0.10249397158622742
262	0.21149712800979614	0.167465940117836	0.10242997109889984
263	0.20993196964263916	0.167522132396698	0.10275936126708984
264	0.20851300656795502	0.1676899492740631	0.10278355330228806
265	0.20652540028095245	0.1672380268573761	0.10270784050226212
266	0.20529133081436157	0.1676977574825287	0.1032729521393776
267	0.20386087894439697	0.1679038107395172	0.1034969687461853
268	0.20235702395439148	0.16802792251110077	0.10376313328742981
269	0.20110392570495605	0.16834405064582825	0.10414949059486389
270	0.19912190735340118	0.16778361797332764	0.10396294295787811
271	0.19787946343421936	0.1683877557516098	0.10458113253116608
272	0.1972823143005371	0.16885608434677124	0.10478563606739044
273	0.19595783948898315	0.16856572031974792	0.1045522540807724
274	0.19390630722045898	0.16830813884735107	0.10505414009094238
275	0.19343014061450958	0.16899500787258148	0.10544440895318985
276	0.19160078465938568	0.16871479153633118	0.10543347895145416
277	0.1902402639389038	0.1686546951532364	0.10561144351959229
278	0.18934595584869385	0.16889744997024536	0.10574334859848022
279	0.1882021278142929	0.1690855473279953	0.10595566034317017
280	0.18726685643196106	0.16933375597000122	0.10629519820213318
281	0.18563318252563477	0.16890212893486023	0.10601341724395752
282	0.18447300791740417	0.16890057921409607	0.10638026893138885
283	0.18366846442222595	0.16904106736183167	0.10615703463554382
284	0.18279890716075897	0.1694149374961853	0.10641695559024811
285	0.182104229927063	0.16941337287425995	0.10626786947250366
286	0.18075978755950928	0.16919249296188354	0.10634983330965042
287	0.17955659329891205	0.16923463344573975	0.10638183355331421
288	0.1788369119167328	0.16941259801387787	0.10651920735836029
289	0.17761635780334473	0.16957026720046997	0.10699845850467682
290	0.17734962701797485	0.16951251029968262	0.10677210241556168
291	0.17736737430095673	0.169849693775177	0.10716471076011658
292	0.177198588848114	0.16926898062229156	0.10667687654495239
293	0.17765286564826965	0.17000658810138702	0.10713896155357361
294	0.17736877501010895	0.16947348415851593	0.10685016214847565
295	0.17764165997505188	0.1699511706829071	0.10728257894515991
296	0.17768174409866333	0.16993555426597595	0.10714441537857056
297	0.17736759781837463	0.16946333646774292	0.10694070160388947
298	0.17757119238376617	0.16967719793319702	0.10690712928771973
299	0.17746485769748688	0.16993165016174316	0.10733330249786377
